0: jobid: f22TQCV5
0: 0.144s: flux-shell[1]: mpibind: 
0: mpibind: task   0 nths  3 gpus 0 cpus 1-4
0: mpibind: task   1 nths  3 gpus 1 cpus 5-7,9
0: mpibind: task   2 nths  3 gpus 2 cpus 10-13
0: mpibind: task   3 nths  3 gpus 3 cpus 14-15,17
0: mpibind: task   4 nths  3 gpus 4 cpus 18-20
0: mpibind: task   5 nths  3 gpus 5 cpus 21-23
0: mpibind: task   6 nths  3 gpus 6 cpus 25-28
0: mpibind: task   7 nths  3 gpus 7 cpus 29-31,33
0: mpibind: task   8 nths  3 gpus 8 cpus 34-37
0: mpibind: task   9 nths  3 gpus 9 cpus 38-39,41
0: mpibind: task  10 nths  3 gpus 10 cpus 42-44
0: mpibind: task  11 nths  3 gpus 11 cpus 45-47
0: mpibind: task  12 nths  3 gpus 12 cpus 49-52
0: mpibind: task  13 nths  3 gpus 13 cpus 53-55,57
0: mpibind: task  14 nths  3 gpus 14 cpus 58-61
0: mpibind: task  15 nths  3 gpus 15 cpus 62-63,65
0: mpibind: task  16 nths  3 gpus 16 cpus 66-68
0: mpibind: task  17 nths  3 gpus 17 cpus 69-71
0: mpibind: task  18 nths  3 gpus 18 cpus 73-76
0: mpibind: task  19 nths  3 gpus 19 cpus 77-79,81
0: mpibind: task  20 nths  3 gpus 20 cpus 82-85
0: mpibind: task  21 nths  3 gpus 21 cpus 86-87,89
0: mpibind: task  22 nths  3 gpus 22 cpus 90-92
0: mpibind: task  23 nths  3 gpus 23 cpus 93-95
0: 0.134s: flux-shell[0]: mpibind: 
0: mpibind: task   0 nths  3 gpus 0 cpus 1-4
0: mpibind: task   1 nths  3 gpus 1 cpus 5-7,9
0: mpibind: task   2 nths  3 gpus 2 cpus 10-13
0: mpibind: task   3 nths  3 gpus 3 cpus 14-15,17
0: mpibind: task   4 nths  3 gpus 4 cpus 18-20
0: mpibind: task   5 nths  3 gpus 5 cpus 21-23
0: mpibind: task   6 nths  3 gpus 6 cpus 25-28
0: mpibind: task   7 nths  3 gpus 7 cpus 29-31,33
0: mpibind: task   8 nths  3 gpus 8 cpus 34-37
0: mpibind: task   9 nths  3 gpus 9 cpus 38-39,41
0: mpibind: task  10 nths  3 gpus 10 cpus 42-44
0: mpibind: task  11 nths  3 gpus 11 cpus 45-47
0: mpibind: task  12 nths  3 gpus 12 cpus 49-52
0: mpibind: task  13 nths  3 gpus 13 cpus 53-55,57
0: mpibind: task  14 nths  3 gpus 14 cpus 58-61
0: mpibind: task  15 nths  3 gpus 15 cpus 62-63,65
0: mpibind: task  16 nths  3 gpus 16 cpus 66-68
0: mpibind: task  17 nths  3 gpus 17 cpus 69-71
0: mpibind: task  18 nths  3 gpus 18 cpus 73-76
0: mpibind: task  19 nths  3 gpus 19 cpus 77-79,81
0: mpibind: task  20 nths  3 gpus 20 cpus 82-85
0: mpibind: task  21 nths  3 gpus 21 cpus 86-87,89
0: mpibind: task  22 nths  3 gpus 22 cpus 90-92
0: mpibind: task  23 nths  3 gpus 23 cpus 93-95
0: Nov 18 09:30:58.012413 PST 2025 broker.err[0]: rc2.0: /var/tmp/bienz1/jobtmp-0-f2Y3Ethy1cL7/script Alarm clock (rc=142) 1188.8s
0: 1188.486s: job.exception f22TQCV5 type=timeout severity=0 resource allocation expired
0: Nov 18 09:30:58.235722 PST 2025 kvs.err[1]: failing pending 'kvs.commit' request
0: 1188.669s: flux-shell[1]: FATAL: input.kvs: flux_job_event_watch_get: Function not implemented
0: 1188.670s: job.exception f22TQCV5 type=exec severity=0 flux_job_event_watch_get: Function not implemented
0: 1188.670s: flux-shell[1]: stderr: flux-shell: log failure: flux_job_event_watch_get: Function not implemented
0: Nov 18 09:30:58.357991 PST 2025 broker.err[0]: dead to Flux: tuolumne1221 (rank 1)
