0: Testing Size 1
0: PMPI Allreduce Time: 3.480636e-05
0: MPIL GPU-Aware Recursive Doubling Time: 3.434982e-05
0: MPIL GPU-Aware Node-Aware Dissemination Time: 1.534220e-03
0: MPIL GPU-Aware NUMA-Aware Dissemination Time: 1.848218e-03
0: CopyToCPU PMPI Allreduce Time: 3.474193e-05
0: MPIL CopyToCPU Recursive Doubling Time: 4.069736e-05
0: MPIL CopyToCPU Node-Aware Dissemination Time: 4.719519e-05
0: MPIL CopyToCPU NUMA-Aware Dissemination Time: 2.836095e-05
0: Testing Size 2
0: PMPI Allreduce Time: 3.436109e-05
0: MPIL GPU-Aware Recursive Doubling Time: 3.440389e-05
0: MPIL GPU-Aware Node-Aware Dissemination Time: 1.547675e-03
0: MPIL GPU-Aware NUMA-Aware Dissemination Time: 1.871952e-03
0: CopyToCPU PMPI Allreduce Time: 3.463385e-05
0: MPIL CopyToCPU Recursive Doubling Time: 3.940675e-05
0: MPIL CopyToCPU Node-Aware Dissemination Time: 4.559212e-05
0: MPIL CopyToCPU NUMA-Aware Dissemination Time: 2.804367e-05
0: Testing Size 4
0: PMPI Allreduce Time: 3.439873e-05
0: MPIL GPU-Aware Recursive Doubling Time: 3.439508e-05
0: MPIL GPU-Aware Node-Aware Dissemination Time: 1.544261e-03
0: MPIL GPU-Aware NUMA-Aware Dissemination Time: 1.884074e-03
0: CopyToCPU PMPI Allreduce Time: 3.456260e-05
0: MPIL CopyToCPU Recursive Doubling Time: 3.922674e-05
0: MPIL CopyToCPU Node-Aware Dissemination Time: 4.573858e-05
0: MPIL CopyToCPU NUMA-Aware Dissemination Time: 2.813206e-05
0: Testing Size 8
0: PMPI Allreduce Time: 3.777491e-05
0: MPIL GPU-Aware Recursive Doubling Time: 3.656348e-05
0: MPIL GPU-Aware Node-Aware Dissemination Time: 1.541890e-03
0: MPIL GPU-Aware NUMA-Aware Dissemination Time: 1.871538e-03
0: CopyToCPU PMPI Allreduce Time: 3.459213e-05
0: MPIL CopyToCPU Recursive Doubling Time: 4.132081e-05
0: MPIL CopyToCPU Node-Aware Dissemination Time: 4.809008e-05
0: MPIL CopyToCPU NUMA-Aware Dissemination Time: 3.495586e-05
0: Testing Size 16
0: PMPI Allreduce Time: 3.704857e-05
0: MPIL GPU-Aware Recursive Doubling Time: 3.722848e-05
0: MPIL GPU-Aware Node-Aware Dissemination Time: 1.566088e-03
0: MPIL GPU-Aware NUMA-Aware Dissemination Time: 1.877563e-03
0: CopyToCPU PMPI Allreduce Time: 3.691859e-05
0: MPIL CopyToCPU Recursive Doubling Time: 1.077958e-04
0: MPIL CopyToCPU Node-Aware Dissemination Time: 5.282759e-05
0: MPIL CopyToCPU NUMA-Aware Dissemination Time: 3.977245e-05
0: Testing Size 32
0: PMPI Allreduce Time: 1.405632e-04
0: MPIL GPU-Aware Recursive Doubling Time: 8.517423e-05
0: MPIL GPU-Aware Node-Aware Dissemination Time: 1.624627e-03
0: MPIL GPU-Aware NUMA-Aware Dissemination Time: 1.938613e-03
0: CopyToCPU PMPI Allreduce Time: 4.839575e-05
0: MPIL CopyToCPU Recursive Doubling Time: 1.043333e-04
0: MPIL CopyToCPU Node-Aware Dissemination Time: 6.029916e-05
0: MPIL CopyToCPU NUMA-Aware Dissemination Time: 5.025844e-05
0: Testing Size 64
0: PMPI Allreduce Time: 7.677684e-05
0: MPIL GPU-Aware Recursive Doubling Time: 6.243747e-05
0: MPIL GPU-Aware Node-Aware Dissemination Time: 1.627245e-03
0: MPIL GPU-Aware NUMA-Aware Dissemination Time: 1.936567e-03
0: CopyToCPU PMPI Allreduce Time: 6.118697e-05
0: MPIL CopyToCPU Recursive Doubling Time: 7.188619e-05
0: MPIL CopyToCPU Node-Aware Dissemination Time: 8.074652e-05
0: MPIL CopyToCPU NUMA-Aware Dissemination Time: 6.123418e-05
0: Testing Size 128
0: PMPI Allreduce Time: 7.627120e-05
0: MPIL GPU-Aware Recursive Doubling Time: 7.624551e-05
0: MPIL GPU-Aware Node-Aware Dissemination Time: 1.666905e-03
0: MPIL GPU-Aware NUMA-Aware Dissemination Time: 1.896038e-03
0: CopyToCPU PMPI Allreduce Time: 7.597022e-05
0: MPIL CopyToCPU Recursive Doubling Time: 8.166985e-05
0: MPIL CopyToCPU Node-Aware Dissemination Time: 1.400233e-04
0: MPIL CopyToCPU NUMA-Aware Dissemination Time: 8.782292e-05
0: Testing Size 256
0: PMPI Allreduce Time: 8.419196e-05
0: MPIL GPU-Aware Recursive Doubling Time: 8.411898e-05
0: MPIL GPU-Aware Node-Aware Dissemination Time: 1.683475e-03
0: MPIL GPU-Aware NUMA-Aware Dissemination Time: 1.898498e-03
0: CopyToCPU PMPI Allreduce Time: 9.660188e-05
0: MPIL CopyToCPU Recursive Doubling Time: 1.027273e-04
0: MPIL CopyToCPU Node-Aware Dissemination Time: 1.699323e-04
0: MPIL CopyToCPU NUMA-Aware Dissemination Time: 1.005556e-04
0: Testing Size 512
0: PMPI Allreduce Time: 9.919703e-05
0: MPIL GPU-Aware Recursive Doubling Time: 9.926672e-05
0: MPIL GPU-Aware Node-Aware Dissemination Time: 1.708176e-03
0: MPIL GPU-Aware NUMA-Aware Dissemination Time: 1.912746e-03
0: CopyToCPU PMPI Allreduce Time: 1.097642e-04
0: MPIL CopyToCPU Recursive Doubling Time: 1.133652e-04
0: MPIL CopyToCPU Node-Aware Dissemination Time: 2.223258e-04
0: MPIL CopyToCPU NUMA-Aware Dissemination Time: 1.290148e-04
0: Testing Size 1024
0: PMPI Allreduce Time: 6.545061e-04
0: MPIL GPU-Aware Recursive Doubling Time: 6.539113e-04
0: MPIL GPU-Aware Node-Aware Dissemination Time: 5.703734e-03
0: MPIL GPU-Aware NUMA-Aware Dissemination Time: 7.032734e-03
0: CopyToCPU PMPI Allreduce Time: 1.389495e-04
0: MPIL CopyToCPU Recursive Doubling Time: 1.434378e-04
0: MPIL CopyToCPU Node-Aware Dissemination Time: 2.965043e-04
0: MPIL CopyToCPU NUMA-Aware Dissemination Time: 1.601867e-04
0: Testing Size 2048
0: PMPI Allreduce Time: 3.223627e-04
0: MPIL GPU-Aware Recursive Doubling Time: 3.209448e-04
0: MPIL GPU-Aware Node-Aware Dissemination Time: 1.243170e-02
0: MPIL GPU-Aware NUMA-Aware Dissemination Time: 8.414391e-03
0: CopyToCPU PMPI Allreduce Time: 1.736436e-04
0: MPIL CopyToCPU Recursive Doubling Time: 2.020876e-04
0: MPIL CopyToCPU Node-Aware Dissemination Time: 3.487096e-04
0: MPIL CopyToCPU NUMA-Aware Dissemination Time: 2.285852e-04
0: Testing Size 4096
0: PMPI Allreduce Time: 3.373274e-04
0: MPIL GPU-Aware Recursive Doubling Time: 3.370465e-04
0: MPIL GPU-Aware Node-Aware Dissemination Time: 1.241140e-02
0: MPIL GPU-Aware NUMA-Aware Dissemination Time: 8.493828e-03
0: CopyToCPU PMPI Allreduce Time: 2.888680e-04
0: MPIL CopyToCPU Recursive Doubling Time: 3.525355e-04
0: MPIL CopyToCPU Node-Aware Dissemination Time: 5.600611e-04
0: MPIL CopyToCPU NUMA-Aware Dissemination Time: 3.706421e-04
0: Testing Size 8192
0: PMPI Allreduce Time: 3.482900e-04
0: MPIL GPU-Aware Recursive Doubling Time: 3.482853e-04
0: MPIL GPU-Aware Node-Aware Dissemination Time: 1.226495e-02
0: MPIL GPU-Aware NUMA-Aware Dissemination Time: 8.465443e-03
0: CopyToCPU PMPI Allreduce Time: 3.898919e-04
0: MPIL CopyToCPU Recursive Doubling Time: 5.959848e-04
0: MPIL CopyToCPU Node-Aware Dissemination Time: 9.198905e-04
0: MPIL CopyToCPU NUMA-Aware Dissemination Time: 6.132485e-04
0: Testing Size 16384
0: PMPI Allreduce Time: 3.597458e-04
0: MPIL GPU-Aware Recursive Doubling Time: 3.593488e-04
0: MPIL GPU-Aware Node-Aware Dissemination Time: 1.214615e-02
0: MPIL GPU-Aware NUMA-Aware Dissemination Time: 8.442260e-03
0: CopyToCPU PMPI Allreduce Time: 6.180224e-04
0: MPIL CopyToCPU Recursive Doubling Time: 1.096476e-03
0: MPIL CopyToCPU Node-Aware Dissemination Time: 1.551141e-03
0: MPIL CopyToCPU NUMA-Aware Dissemination Time: 1.106414e-03
0: Testing Size 32768
0: PMPI Allreduce Time: 3.791328e-04
0: MPIL GPU-Aware Recursive Doubling Time: 3.778665e-04
0: MPIL GPU-Aware Node-Aware Dissemination Time: 1.255681e-02
0: MPIL GPU-Aware NUMA-Aware Dissemination Time: 8.985221e-03
0: CopyToCPU PMPI Allreduce Time: 1.072518e-03
0: MPIL CopyToCPU Recursive Doubling Time: 2.105019e-03
0: MPIL CopyToCPU Node-Aware Dissemination Time: 2.838909e-03
0: MPIL CopyToCPU NUMA-Aware Dissemination Time: 2.062947e-03
0: Testing Size 65536
0: PMPI Allreduce Time: 4.116387e-04
0: MPIL GPU-Aware Recursive Doubling Time: 4.086899e-04
0: MPIL GPU-Aware Node-Aware Dissemination Time: 1.668031e-02
0: MPIL GPU-Aware NUMA-Aware Dissemination Time: 1.348909e-02
0: CopyToCPU PMPI Allreduce Time: 2.070547e-03
0: MPIL CopyToCPU Recursive Doubling Time: 4.065221e-03
0: MPIL CopyToCPU Node-Aware Dissemination Time: 5.146212e-03
0: MPIL CopyToCPU NUMA-Aware Dissemination Time: 3.895594e-03
0: Testing Size 131072
0: PMPI Allreduce Time: 4.756862e-04
0: MPIL GPU-Aware Recursive Doubling Time: 4.751934e-04
0: MPIL GPU-Aware Node-Aware Dissemination Time: 2.364437e-02
0: MPIL GPU-Aware NUMA-Aware Dissemination Time: 2.073300e-02
0: CopyToCPU PMPI Allreduce Time: 4.121800e-03
0: MPIL CopyToCPU Recursive Doubling Time: 7.924525e-03
0: MPIL CopyToCPU Node-Aware Dissemination Time: 1.030587e-02
0: MPIL CopyToCPU NUMA-Aware Dissemination Time: 7.791352e-03
0: Testing Size 262144
0: PMPI Allreduce Time: 6.029954e-04
0: MPIL GPU-Aware Recursive Doubling Time: 6.014205e-04
0: MPIL GPU-Aware Node-Aware Dissemination Time: 3.503398e-02
0: MPIL GPU-Aware NUMA-Aware Dissemination Time: 3.331624e-02
0: CopyToCPU PMPI Allreduce Time: 7.684637e-03
0: MPIL CopyToCPU Recursive Doubling Time: 1.590921e-02
0: MPIL CopyToCPU Node-Aware Dissemination Time: 2.035644e-02
0: MPIL CopyToCPU NUMA-Aware Dissemination Time: 1.530608e-02
0: Testing Size 524288
0: PMPI Allreduce Time: 8.841359e-04
0: MPIL GPU-Aware Recursive Doubling Time: 8.829256e-04
0: MPIL GPU-Aware Node-Aware Dissemination Time: 6.193638e-02
0: MPIL GPU-Aware NUMA-Aware Dissemination Time: 5.962716e-02
0: CopyToCPU PMPI Allreduce Time: 1.510305e-02
0: MPIL CopyToCPU Recursive Doubling Time: 3.100934e-02
0: MPIL CopyToCPU Node-Aware Dissemination Time: 4.157379e-02
0: MPIL CopyToCPU NUMA-Aware Dissemination Time: 3.199674e-02
