0: Testing Size 1
0: PMPI Allreduce Time: 2.140805e-05
0: MPIL GPU-Aware Recursive Doubling Time: 2.155877e-05
0: MPIL GPU-Aware Node-Aware Dissemination Time: 5.526623e-04
0: MPIL GPU-Aware NUMA-Aware Dissemination Time: 1.417676e-03
0: CopyToCPU PMPI Allreduce Time: 2.149317e-05
0: MPIL CopyToCPU Recursive Doubling Time: 2.632813e-05
0: MPIL CopyToCPU Node-Aware Dissemination Time: 2.420265e-05
0: MPIL CopyToCPU NUMA-Aware Dissemination Time: 2.092464e-05
0: Testing Size 2
0: PMPI Allreduce Time: 2.177796e-05
0: MPIL GPU-Aware Recursive Doubling Time: 2.180623e-05
0: MPIL GPU-Aware Node-Aware Dissemination Time: 5.590070e-04
0: MPIL GPU-Aware NUMA-Aware Dissemination Time: 1.426213e-03
0: CopyToCPU PMPI Allreduce Time: 2.158822e-05
0: MPIL CopyToCPU Recursive Doubling Time: 2.602944e-05
0: MPIL CopyToCPU Node-Aware Dissemination Time: 2.465853e-05
0: MPIL CopyToCPU NUMA-Aware Dissemination Time: 2.076417e-05
0: Testing Size 4
0: PMPI Allreduce Time: 2.149788e-05
0: MPIL GPU-Aware Recursive Doubling Time: 2.155681e-05
0: MPIL GPU-Aware Node-Aware Dissemination Time: 5.577758e-04
0: MPIL GPU-Aware NUMA-Aware Dissemination Time: 1.423828e-03
0: CopyToCPU PMPI Allreduce Time: 2.127776e-05
0: MPIL CopyToCPU Recursive Doubling Time: 2.598102e-05
0: MPIL CopyToCPU Node-Aware Dissemination Time: 2.382433e-05
0: MPIL CopyToCPU NUMA-Aware Dissemination Time: 2.087955e-05
0: Testing Size 8
0: PMPI Allreduce Time: 2.205718e-05
0: MPIL GPU-Aware Recursive Doubling Time: 2.229805e-05
0: MPIL GPU-Aware Node-Aware Dissemination Time: 5.577358e-04
0: MPIL GPU-Aware NUMA-Aware Dissemination Time: 1.428382e-03
0: CopyToCPU PMPI Allreduce Time: 2.183142e-05
0: MPIL CopyToCPU Recursive Doubling Time: 2.617953e-05
0: MPIL CopyToCPU Node-Aware Dissemination Time: 2.446794e-05
0: MPIL CopyToCPU NUMA-Aware Dissemination Time: 2.175169e-05
0: Testing Size 16
0: PMPI Allreduce Time: 2.291968e-05
0: MPIL GPU-Aware Recursive Doubling Time: 2.310266e-05
0: MPIL GPU-Aware Node-Aware Dissemination Time: 5.609311e-04
0: MPIL GPU-Aware NUMA-Aware Dissemination Time: 1.422264e-03
0: CopyToCPU PMPI Allreduce Time: 2.285025e-05
0: MPIL CopyToCPU Recursive Doubling Time: 3.645463e-05
0: MPIL CopyToCPU Node-Aware Dissemination Time: 2.559311e-05
0: MPIL CopyToCPU NUMA-Aware Dissemination Time: 2.424676e-05
0: Testing Size 32
0: PMPI Allreduce Time: 4.462775e-05
0: MPIL GPU-Aware Recursive Doubling Time: 4.121815e-05
0: MPIL GPU-Aware Node-Aware Dissemination Time: 5.827717e-04
0: MPIL GPU-Aware NUMA-Aware Dissemination Time: 1.466180e-03
0: CopyToCPU PMPI Allreduce Time: 2.853331e-05
0: MPIL CopyToCPU Recursive Doubling Time: 4.437527e-05
0: MPIL CopyToCPU Node-Aware Dissemination Time: 2.767485e-05
0: MPIL CopyToCPU NUMA-Aware Dissemination Time: 2.946837e-05
0: Testing Size 64
0: PMPI Allreduce Time: 4.337258e-05
0: MPIL GPU-Aware Recursive Doubling Time: 4.188822e-05
0: MPIL GPU-Aware Node-Aware Dissemination Time: 5.874604e-04
0: MPIL GPU-Aware NUMA-Aware Dissemination Time: 1.467139e-03
0: CopyToCPU PMPI Allreduce Time: 4.190100e-05
0: MPIL CopyToCPU Recursive Doubling Time: 4.609418e-05
0: MPIL CopyToCPU Node-Aware Dissemination Time: 4.784469e-05
0: MPIL CopyToCPU NUMA-Aware Dissemination Time: 4.600429e-05
0: Testing Size 128
0: PMPI Allreduce Time: 5.446462e-05
0: MPIL GPU-Aware Recursive Doubling Time: 5.537742e-05
0: MPIL GPU-Aware Node-Aware Dissemination Time: 6.208465e-04
0: MPIL GPU-Aware NUMA-Aware Dissemination Time: 1.448700e-03
0: CopyToCPU PMPI Allreduce Time: 5.354431e-05
0: MPIL CopyToCPU Recursive Doubling Time: 6.033905e-05
0: MPIL CopyToCPU Node-Aware Dissemination Time: 8.407788e-05
0: MPIL CopyToCPU NUMA-Aware Dissemination Time: 6.486235e-05
0: Testing Size 256
0: PMPI Allreduce Time: 6.204759e-05
0: MPIL GPU-Aware Recursive Doubling Time: 6.198677e-05
0: MPIL GPU-Aware Node-Aware Dissemination Time: 6.304960e-04
0: MPIL GPU-Aware NUMA-Aware Dissemination Time: 1.448876e-03
0: CopyToCPU PMPI Allreduce Time: 7.057699e-05
0: MPIL CopyToCPU Recursive Doubling Time: 7.702338e-05
0: MPIL CopyToCPU Node-Aware Dissemination Time: 1.094674e-04
0: MPIL CopyToCPU NUMA-Aware Dissemination Time: 7.668757e-05
0: Testing Size 512
0: PMPI Allreduce Time: 7.471108e-05
0: MPIL GPU-Aware Recursive Doubling Time: 7.463004e-05
0: MPIL GPU-Aware Node-Aware Dissemination Time: 6.496505e-04
0: MPIL GPU-Aware NUMA-Aware Dissemination Time: 1.444403e-03
0: CopyToCPU PMPI Allreduce Time: 8.890337e-05
0: MPIL CopyToCPU Recursive Doubling Time: 9.288932e-05
0: MPIL CopyToCPU Node-Aware Dissemination Time: 1.418197e-04
0: MPIL CopyToCPU NUMA-Aware Dissemination Time: 9.499844e-05
0: Testing Size 1024
0: PMPI Allreduce Time: 5.877814e-04
0: MPIL GPU-Aware Recursive Doubling Time: 5.893179e-04
0: MPIL GPU-Aware Node-Aware Dissemination Time: 2.448752e-03
0: MPIL GPU-Aware NUMA-Aware Dissemination Time: 5.210159e-03
0: CopyToCPU PMPI Allreduce Time: 1.109777e-04
0: MPIL CopyToCPU Recursive Doubling Time: 1.123333e-04
0: MPIL CopyToCPU Node-Aware Dissemination Time: 1.902242e-04
0: MPIL CopyToCPU NUMA-Aware Dissemination Time: 1.282961e-04
0: Testing Size 2048
0: PMPI Allreduce Time: 2.410487e-04
0: MPIL GPU-Aware Recursive Doubling Time: 2.411241e-04
0: MPIL GPU-Aware Node-Aware Dissemination Time: 1.015059e-02
0: MPIL GPU-Aware NUMA-Aware Dissemination Time: 7.082465e-03
0: CopyToCPU PMPI Allreduce Time: 1.426727e-04
0: MPIL CopyToCPU Recursive Doubling Time: 1.681077e-04
0: MPIL CopyToCPU Node-Aware Dissemination Time: 2.258664e-04
0: MPIL CopyToCPU NUMA-Aware Dissemination Time: 1.791231e-04
0: Testing Size 4096
0: PMPI Allreduce Time: 2.538501e-04
0: MPIL GPU-Aware Recursive Doubling Time: 2.541759e-04
0: MPIL GPU-Aware Node-Aware Dissemination Time: 1.020168e-02
0: MPIL GPU-Aware NUMA-Aware Dissemination Time: 7.108363e-03
0: CopyToCPU PMPI Allreduce Time: 2.153830e-04
0: MPIL CopyToCPU Recursive Doubling Time: 3.093549e-04
0: MPIL CopyToCPU Node-Aware Dissemination Time: 3.528658e-04
0: MPIL CopyToCPU NUMA-Aware Dissemination Time: 2.879328e-04
0: Testing Size 8192
0: PMPI Allreduce Time: 2.610490e-04
0: MPIL GPU-Aware Recursive Doubling Time: 2.613604e-04
0: MPIL GPU-Aware Node-Aware Dissemination Time: 1.003225e-02
0: MPIL GPU-Aware NUMA-Aware Dissemination Time: 7.138631e-03
0: CopyToCPU PMPI Allreduce Time: 3.324278e-04
0: MPIL CopyToCPU Recursive Doubling Time: 5.118150e-04
0: MPIL CopyToCPU Node-Aware Dissemination Time: 5.823281e-04
0: MPIL CopyToCPU NUMA-Aware Dissemination Time: 4.739582e-04
0: Testing Size 16384
0: PMPI Allreduce Time: 2.692712e-04
0: MPIL GPU-Aware Recursive Doubling Time: 2.691437e-04
0: MPIL GPU-Aware Node-Aware Dissemination Time: 9.968384e-03
0: MPIL GPU-Aware NUMA-Aware Dissemination Time: 7.032660e-03
0: CopyToCPU PMPI Allreduce Time: 5.766440e-04
0: MPIL CopyToCPU Recursive Doubling Time: 9.672618e-04
0: MPIL CopyToCPU Node-Aware Dissemination Time: 1.047873e-03
0: MPIL CopyToCPU NUMA-Aware Dissemination Time: 8.527115e-04
0: Testing Size 32768
0: PMPI Allreduce Time: 2.849472e-04
0: MPIL GPU-Aware Recursive Doubling Time: 2.833197e-04
0: MPIL GPU-Aware Node-Aware Dissemination Time: 1.033788e-02
0: MPIL GPU-Aware NUMA-Aware Dissemination Time: 7.626437e-03
0: CopyToCPU PMPI Allreduce Time: 1.018815e-03
0: MPIL CopyToCPU Recursive Doubling Time: 1.837829e-03
0: MPIL CopyToCPU Node-Aware Dissemination Time: 1.938289e-03
0: MPIL CopyToCPU NUMA-Aware Dissemination Time: 1.558683e-03
0: Testing Size 65536
0: PMPI Allreduce Time: 3.173328e-04
0: MPIL GPU-Aware Recursive Doubling Time: 3.139667e-04
0: MPIL GPU-Aware Node-Aware Dissemination Time: 1.130243e-02
0: MPIL GPU-Aware NUMA-Aware Dissemination Time: 1.101386e-02
0: CopyToCPU PMPI Allreduce Time: 1.808402e-03
0: MPIL CopyToCPU Recursive Doubling Time: 3.521551e-03
0: MPIL CopyToCPU Node-Aware Dissemination Time: 3.443527e-03
0: MPIL CopyToCPU NUMA-Aware Dissemination Time: 2.906089e-03
0: Testing Size 131072
0: PMPI Allreduce Time: 3.736742e-04
0: MPIL GPU-Aware Recursive Doubling Time: 3.714200e-04
0: MPIL GPU-Aware Node-Aware Dissemination Time: 1.403423e-02
0: MPIL GPU-Aware NUMA-Aware Dissemination Time: 1.597402e-02
0: CopyToCPU PMPI Allreduce Time: 3.563231e-03
0: MPIL CopyToCPU Recursive Doubling Time: 6.719447e-03
0: MPIL CopyToCPU Node-Aware Dissemination Time: 6.855280e-03
0: MPIL CopyToCPU NUMA-Aware Dissemination Time: 5.670476e-03
0: Testing Size 262144
0: PMPI Allreduce Time: 5.082717e-04
0: MPIL GPU-Aware Recursive Doubling Time: 5.077672e-04
0: MPIL GPU-Aware Node-Aware Dissemination Time: 1.852508e-02
0: MPIL GPU-Aware NUMA-Aware Dissemination Time: 2.305129e-02
0: CopyToCPU PMPI Allreduce Time: 7.040548e-03
0: MPIL CopyToCPU Recursive Doubling Time: 1.332657e-02
0: MPIL CopyToCPU Node-Aware Dissemination Time: 1.339897e-02
0: MPIL CopyToCPU NUMA-Aware Dissemination Time: 1.112634e-02
0: Testing Size 524288
0: PMPI Allreduce Time: 7.867483e-04
0: MPIL GPU-Aware Recursive Doubling Time: 7.865532e-04
0: MPIL GPU-Aware Node-Aware Dissemination Time: 2.840707e-02
0: MPIL GPU-Aware NUMA-Aware Dissemination Time: 3.990349e-02
0: CopyToCPU PMPI Allreduce Time: 1.453482e-02
0: MPIL CopyToCPU Recursive Doubling Time: 2.632548e-02
0: MPIL CopyToCPU Node-Aware Dissemination Time: 2.739626e-02
0: MPIL CopyToCPU NUMA-Aware Dissemination Time: 2.157290e-02
