0: Testing Size 1
0: PMPI Allreduce Time: 2.641760e-05
0: MPIL GPU-Aware Recursive Doubling Time: 2.626532e-05
0: MPIL GPU-Aware Node-Aware Dissemination Time: 5.752361e-04
0: MPIL GPU-Aware NUMA-Aware Dissemination Time: 1.433626e-03
0: CopyToCPU PMPI Allreduce Time: 2.664060e-05
0: MPIL CopyToCPU Recursive Doubling Time: 2.916005e-05
0: MPIL CopyToCPU Node-Aware Dissemination Time: 2.783668e-05
0: MPIL CopyToCPU NUMA-Aware Dissemination Time: 2.296121e-05
0: Testing Size 2
0: PMPI Allreduce Time: 2.664102e-05
0: MPIL GPU-Aware Recursive Doubling Time: 2.677927e-05
0: MPIL GPU-Aware Node-Aware Dissemination Time: 5.834855e-04
0: MPIL GPU-Aware NUMA-Aware Dissemination Time: 1.449990e-03
0: CopyToCPU PMPI Allreduce Time: 2.687783e-05
0: MPIL CopyToCPU Recursive Doubling Time: 2.886646e-05
0: MPIL CopyToCPU Node-Aware Dissemination Time: 2.721985e-05
0: MPIL CopyToCPU NUMA-Aware Dissemination Time: 2.261713e-05
0: Testing Size 4
0: PMPI Allreduce Time: 2.679240e-05
0: MPIL GPU-Aware Recursive Doubling Time: 2.677452e-05
0: MPIL GPU-Aware Node-Aware Dissemination Time: 5.818102e-04
0: MPIL GPU-Aware NUMA-Aware Dissemination Time: 1.453474e-03
0: CopyToCPU PMPI Allreduce Time: 2.672277e-05
0: MPIL CopyToCPU Recursive Doubling Time: 2.876478e-05
0: MPIL CopyToCPU Node-Aware Dissemination Time: 2.708048e-05
0: MPIL CopyToCPU NUMA-Aware Dissemination Time: 2.257612e-05
0: Testing Size 8
0: PMPI Allreduce Time: 2.703101e-05
0: MPIL GPU-Aware Recursive Doubling Time: 2.745093e-05
0: MPIL GPU-Aware Node-Aware Dissemination Time: 5.809580e-04
0: MPIL GPU-Aware NUMA-Aware Dissemination Time: 1.446714e-03
0: CopyToCPU PMPI Allreduce Time: 2.659426e-05
0: MPIL CopyToCPU Recursive Doubling Time: 2.926679e-05
0: MPIL CopyToCPU Node-Aware Dissemination Time: 2.765949e-05
0: MPIL CopyToCPU NUMA-Aware Dissemination Time: 2.596951e-05
0: Testing Size 16
0: PMPI Allreduce Time: 2.817129e-05
0: MPIL GPU-Aware Recursive Doubling Time: 2.815775e-05
0: MPIL GPU-Aware Node-Aware Dissemination Time: 5.834986e-04
0: MPIL GPU-Aware NUMA-Aware Dissemination Time: 1.459981e-03
0: CopyToCPU PMPI Allreduce Time: 2.807552e-05
0: MPIL CopyToCPU Recursive Doubling Time: 4.373248e-05
0: MPIL CopyToCPU Node-Aware Dissemination Time: 2.812553e-05
0: MPIL CopyToCPU NUMA-Aware Dissemination Time: 2.619750e-05
0: Testing Size 32
0: PMPI Allreduce Time: 5.653971e-05
0: MPIL GPU-Aware Recursive Doubling Time: 4.960091e-05
0: MPIL GPU-Aware Node-Aware Dissemination Time: 6.086698e-04
0: MPIL GPU-Aware NUMA-Aware Dissemination Time: 1.481803e-03
0: CopyToCPU PMPI Allreduce Time: 3.733597e-05
0: MPIL CopyToCPU Recursive Doubling Time: 4.870580e-05
0: MPIL CopyToCPU Node-Aware Dissemination Time: 3.291488e-05
0: MPIL CopyToCPU NUMA-Aware Dissemination Time: 3.119731e-05
0: Testing Size 64
0: PMPI Allreduce Time: 5.274879e-05
0: MPIL GPU-Aware Recursive Doubling Time: 4.837407e-05
0: MPIL GPU-Aware Node-Aware Dissemination Time: 6.169017e-04
0: MPIL GPU-Aware NUMA-Aware Dissemination Time: 1.490720e-03
0: CopyToCPU PMPI Allreduce Time: 4.715274e-05
0: MPIL CopyToCPU Recursive Doubling Time: 5.112461e-05
0: MPIL CopyToCPU Node-Aware Dissemination Time: 5.127243e-05
0: MPIL CopyToCPU NUMA-Aware Dissemination Time: 4.703278e-05
0: Testing Size 128
0: PMPI Allreduce Time: 6.147095e-05
0: MPIL GPU-Aware Recursive Doubling Time: 6.140632e-05
0: MPIL GPU-Aware Node-Aware Dissemination Time: 6.467925e-04
0: MPIL GPU-Aware NUMA-Aware Dissemination Time: 1.452077e-03
0: CopyToCPU PMPI Allreduce Time: 6.054566e-05
0: MPIL CopyToCPU Recursive Doubling Time: 6.537802e-05
0: MPIL CopyToCPU Node-Aware Dissemination Time: 8.367539e-05
0: MPIL CopyToCPU NUMA-Aware Dissemination Time: 6.534098e-05
0: Testing Size 256
0: PMPI Allreduce Time: 6.890489e-05
0: MPIL GPU-Aware Recursive Doubling Time: 6.895845e-05
0: MPIL GPU-Aware Node-Aware Dissemination Time: 6.576267e-04
0: MPIL GPU-Aware NUMA-Aware Dissemination Time: 1.454252e-03
0: CopyToCPU PMPI Allreduce Time: 7.202402e-05
0: MPIL CopyToCPU Recursive Doubling Time: 7.766949e-05
0: MPIL CopyToCPU Node-Aware Dissemination Time: 1.080088e-04
0: MPIL CopyToCPU NUMA-Aware Dissemination Time: 8.303090e-05
0: Testing Size 512
0: PMPI Allreduce Time: 8.363407e-05
0: MPIL GPU-Aware Recursive Doubling Time: 8.363381e-05
0: MPIL GPU-Aware Node-Aware Dissemination Time: 6.781287e-04
0: MPIL GPU-Aware NUMA-Aware Dissemination Time: 1.451769e-03
0: CopyToCPU PMPI Allreduce Time: 9.251704e-05
0: MPIL CopyToCPU Recursive Doubling Time: 9.759313e-05
0: MPIL CopyToCPU Node-Aware Dissemination Time: 1.381627e-04
0: MPIL CopyToCPU NUMA-Aware Dissemination Time: 9.576069e-05
0: Testing Size 1024
0: PMPI Allreduce Time: 6.131353e-04
0: MPIL GPU-Aware Recursive Doubling Time: 6.126274e-04
0: MPIL GPU-Aware Node-Aware Dissemination Time: 2.474593e-03
0: MPIL GPU-Aware NUMA-Aware Dissemination Time: 5.258842e-03
0: CopyToCPU PMPI Allreduce Time: 1.196316e-04
0: MPIL CopyToCPU Recursive Doubling Time: 1.242976e-04
0: MPIL CopyToCPU Node-Aware Dissemination Time: 1.937054e-04
0: MPIL CopyToCPU NUMA-Aware Dissemination Time: 1.254341e-04
0: Testing Size 2048
0: PMPI Allreduce Time: 2.728936e-04
0: MPIL GPU-Aware Recursive Doubling Time: 2.724352e-04
0: MPIL GPU-Aware Node-Aware Dissemination Time: 9.584949e-03
0: MPIL GPU-Aware NUMA-Aware Dissemination Time: 7.320439e-03
0: CopyToCPU PMPI Allreduce Time: 1.495512e-04
0: MPIL CopyToCPU Recursive Doubling Time: 1.762237e-04
0: MPIL CopyToCPU Node-Aware Dissemination Time: 2.250547e-04
0: MPIL CopyToCPU NUMA-Aware Dissemination Time: 1.817827e-04
0: Testing Size 4096
0: PMPI Allreduce Time: 2.898989e-04
0: MPIL GPU-Aware Recursive Doubling Time: 2.895496e-04
0: MPIL GPU-Aware Node-Aware Dissemination Time: 9.555400e-03
0: MPIL GPU-Aware NUMA-Aware Dissemination Time: 7.435445e-03
0: CopyToCPU PMPI Allreduce Time: 2.341127e-04
0: MPIL CopyToCPU Recursive Doubling Time: 3.102671e-04
0: MPIL CopyToCPU Node-Aware Dissemination Time: 3.467480e-04
0: MPIL CopyToCPU NUMA-Aware Dissemination Time: 2.969386e-04
0: Testing Size 8192
0: PMPI Allreduce Time: 2.991442e-04
0: MPIL GPU-Aware Recursive Doubling Time: 2.986348e-04
0: MPIL GPU-Aware Node-Aware Dissemination Time: 9.548106e-03
0: MPIL GPU-Aware NUMA-Aware Dissemination Time: 7.415297e-03
0: CopyToCPU PMPI Allreduce Time: 3.399616e-04
0: MPIL CopyToCPU Recursive Doubling Time: 5.364643e-04
0: MPIL CopyToCPU Node-Aware Dissemination Time: 5.598048e-04
0: MPIL CopyToCPU NUMA-Aware Dissemination Time: 4.893557e-04
0: Testing Size 16384
0: PMPI Allreduce Time: 3.050634e-04
0: MPIL GPU-Aware Recursive Doubling Time: 3.043402e-04
0: MPIL GPU-Aware Node-Aware Dissemination Time: 9.580004e-03
0: MPIL GPU-Aware NUMA-Aware Dissemination Time: 7.440397e-03
0: CopyToCPU PMPI Allreduce Time: 5.774895e-04
0: MPIL CopyToCPU Recursive Doubling Time: 9.994420e-04
0: MPIL CopyToCPU Node-Aware Dissemination Time: 9.866476e-04
0: MPIL CopyToCPU NUMA-Aware Dissemination Time: 8.860843e-04
0: Testing Size 32768
0: PMPI Allreduce Time: 3.197805e-04
0: MPIL GPU-Aware Recursive Doubling Time: 3.177969e-04
0: MPIL GPU-Aware Node-Aware Dissemination Time: 9.808384e-03
0: MPIL GPU-Aware NUMA-Aware Dissemination Time: 7.855480e-03
0: CopyToCPU PMPI Allreduce Time: 1.033177e-03
0: MPIL CopyToCPU Recursive Doubling Time: 1.935019e-03
0: MPIL CopyToCPU Node-Aware Dissemination Time: 1.701739e-03
0: MPIL CopyToCPU NUMA-Aware Dissemination Time: 1.598368e-03
0: Testing Size 65536
0: PMPI Allreduce Time: 3.535987e-04
0: MPIL GPU-Aware Recursive Doubling Time: 3.496869e-04
0: MPIL GPU-Aware Node-Aware Dissemination Time: 1.108923e-02
0: MPIL GPU-Aware NUMA-Aware Dissemination Time: 1.161381e-02
0: CopyToCPU PMPI Allreduce Time: 1.984209e-03
0: MPIL CopyToCPU Recursive Doubling Time: 3.721436e-03
0: MPIL CopyToCPU Node-Aware Dissemination Time: 3.279813e-03
0: MPIL CopyToCPU NUMA-Aware Dissemination Time: 2.990982e-03
0: Testing Size 131072
0: PMPI Allreduce Time: 4.205813e-04
0: MPIL GPU-Aware Recursive Doubling Time: 4.186570e-04
0: MPIL GPU-Aware Node-Aware Dissemination Time: 1.341423e-02
0: MPIL GPU-Aware NUMA-Aware Dissemination Time: 1.732336e-02
0: CopyToCPU PMPI Allreduce Time: 3.675884e-03
0: MPIL CopyToCPU Recursive Doubling Time: 7.194369e-03
0: MPIL CopyToCPU Node-Aware Dissemination Time: 6.741451e-03
0: MPIL CopyToCPU NUMA-Aware Dissemination Time: 6.030508e-03
0: Testing Size 262144
0: PMPI Allreduce Time: 5.508389e-04
0: MPIL GPU-Aware Recursive Doubling Time: 5.498207e-04
0: MPIL GPU-Aware Node-Aware Dissemination Time: 1.790039e-02
0: MPIL GPU-Aware NUMA-Aware Dissemination Time: 2.649793e-02
0: CopyToCPU PMPI Allreduce Time: 7.223489e-03
0: MPIL CopyToCPU Recursive Doubling Time: 1.434756e-02
0: MPIL CopyToCPU Node-Aware Dissemination Time: 1.349605e-02
0: MPIL CopyToCPU NUMA-Aware Dissemination Time: 1.194493e-02
0: Testing Size 524288
0: PMPI Allreduce Time: 8.304216e-04
0: MPIL GPU-Aware Recursive Doubling Time: 8.295829e-04
0: MPIL GPU-Aware Node-Aware Dissemination Time: 2.641387e-02
0: MPIL GPU-Aware NUMA-Aware Dissemination Time: 4.455981e-02
0: CopyToCPU PMPI Allreduce Time: 1.475494e-02
0: MPIL CopyToCPU Recursive Doubling Time: 2.766578e-02
0: MPIL CopyToCPU Node-Aware Dissemination Time: 2.740094e-02
0: MPIL CopyToCPU NUMA-Aware Dissemination Time: 2.498140e-02
