0: Testing Size 1
0: PMPI Allreduce Time: 3.076665e-05
0: MPIL GPU-Aware Recursive Doubling Time: 3.058531e-05
0: MPIL GPU-Aware Node-Aware Dissemination Time: 1.058644e-03
0: MPIL GPU-Aware NUMA-Aware Dissemination Time: 1.894238e-03
0: CopyToCPU PMPI Allreduce Time: 3.055131e-05
0: MPIL CopyToCPU Recursive Doubling Time: 3.591816e-05
0: MPIL CopyToCPU Node-Aware Dissemination Time: 3.447040e-05
0: MPIL CopyToCPU NUMA-Aware Dissemination Time: 2.763040e-05
0: Testing Size 2
0: PMPI Allreduce Time: 3.045220e-05
0: MPIL GPU-Aware Recursive Doubling Time: 3.050956e-05
0: MPIL GPU-Aware Node-Aware Dissemination Time: 1.062775e-03
0: MPIL GPU-Aware NUMA-Aware Dissemination Time: 1.913624e-03
0: CopyToCPU PMPI Allreduce Time: 3.080886e-05
0: MPIL CopyToCPU Recursive Doubling Time: 3.449471e-05
0: MPIL CopyToCPU Node-Aware Dissemination Time: 3.396060e-05
0: MPIL CopyToCPU NUMA-Aware Dissemination Time: 2.710506e-05
0: Testing Size 4
0: PMPI Allreduce Time: 3.070680e-05
0: MPIL GPU-Aware Recursive Doubling Time: 3.080993e-05
0: MPIL GPU-Aware Node-Aware Dissemination Time: 1.065186e-03
0: MPIL GPU-Aware NUMA-Aware Dissemination Time: 1.916965e-03
0: CopyToCPU PMPI Allreduce Time: 3.072593e-05
0: MPIL CopyToCPU Recursive Doubling Time: 3.429708e-05
0: MPIL CopyToCPU Node-Aware Dissemination Time: 3.406847e-05
0: MPIL CopyToCPU NUMA-Aware Dissemination Time: 2.720915e-05
0: Testing Size 8
0: PMPI Allreduce Time: 3.134013e-05
0: MPIL GPU-Aware Recursive Doubling Time: 3.197841e-05
0: MPIL GPU-Aware Node-Aware Dissemination Time: 1.061500e-03
0: MPIL GPU-Aware NUMA-Aware Dissemination Time: 1.919219e-03
0: CopyToCPU PMPI Allreduce Time: 3.107995e-05
0: MPIL CopyToCPU Recursive Doubling Time: 3.588394e-05
0: MPIL CopyToCPU Node-Aware Dissemination Time: 3.839890e-05
0: MPIL CopyToCPU NUMA-Aware Dissemination Time: 3.412275e-05
0: Testing Size 16
0: PMPI Allreduce Time: 3.284838e-05
0: MPIL GPU-Aware Recursive Doubling Time: 3.277265e-05
0: MPIL GPU-Aware Node-Aware Dissemination Time: 1.083513e-03
0: MPIL GPU-Aware NUMA-Aware Dissemination Time: 1.919910e-03
0: CopyToCPU PMPI Allreduce Time: 3.242547e-05
0: MPIL CopyToCPU Recursive Doubling Time: 5.687772e-05
0: MPIL CopyToCPU Node-Aware Dissemination Time: 3.964501e-05
0: MPIL CopyToCPU NUMA-Aware Dissemination Time: 3.400184e-05
0: Testing Size 32
0: PMPI Allreduce Time: 7.377612e-05
0: MPIL GPU-Aware Recursive Doubling Time: 6.218239e-05
0: MPIL GPU-Aware Node-Aware Dissemination Time: 1.097198e-03
0: MPIL GPU-Aware NUMA-Aware Dissemination Time: 1.969418e-03
0: CopyToCPU PMPI Allreduce Time: 4.375127e-05
0: MPIL CopyToCPU Recursive Doubling Time: 6.478414e-05
0: MPIL CopyToCPU Node-Aware Dissemination Time: 4.271151e-05
0: MPIL CopyToCPU NUMA-Aware Dissemination Time: 4.129167e-05
0: Testing Size 64
0: PMPI Allreduce Time: 8.123311e-05
0: MPIL GPU-Aware Recursive Doubling Time: 5.829895e-05
0: MPIL GPU-Aware Node-Aware Dissemination Time: 1.100007e-03
0: MPIL GPU-Aware NUMA-Aware Dissemination Time: 1.980669e-03
0: CopyToCPU PMPI Allreduce Time: 5.544585e-05
0: MPIL CopyToCPU Recursive Doubling Time: 6.212009e-05
0: MPIL CopyToCPU Node-Aware Dissemination Time: 5.972940e-05
0: MPIL CopyToCPU NUMA-Aware Dissemination Time: 5.892893e-05
0: Testing Size 128
0: PMPI Allreduce Time: 7.033680e-05
0: MPIL GPU-Aware Recursive Doubling Time: 7.031786e-05
0: MPIL GPU-Aware Node-Aware Dissemination Time: 1.124525e-03
0: MPIL GPU-Aware NUMA-Aware Dissemination Time: 1.926483e-03
0: CopyToCPU PMPI Allreduce Time: 6.916760e-05
0: MPIL CopyToCPU Recursive Doubling Time: 7.459002e-05
0: MPIL CopyToCPU Node-Aware Dissemination Time: 9.215641e-05
0: MPIL CopyToCPU NUMA-Aware Dissemination Time: 8.234020e-05
0: Testing Size 256
0: PMPI Allreduce Time: 7.797638e-05
0: MPIL GPU-Aware Recursive Doubling Time: 7.823783e-05
0: MPIL GPU-Aware Node-Aware Dissemination Time: 1.133600e-03
0: MPIL GPU-Aware NUMA-Aware Dissemination Time: 1.931710e-03
0: CopyToCPU PMPI Allreduce Time: 8.629065e-05
0: MPIL CopyToCPU Recursive Doubling Time: 9.145049e-05
0: MPIL CopyToCPU Node-Aware Dissemination Time: 1.157969e-04
0: MPIL CopyToCPU NUMA-Aware Dissemination Time: 1.044670e-04
0: Testing Size 512
0: PMPI Allreduce Time: 9.290956e-05
0: MPIL GPU-Aware Recursive Doubling Time: 9.289710e-05
0: MPIL GPU-Aware Node-Aware Dissemination Time: 1.153350e-03
0: MPIL GPU-Aware NUMA-Aware Dissemination Time: 1.943510e-03
0: CopyToCPU PMPI Allreduce Time: 9.905738e-05
0: MPIL CopyToCPU Recursive Doubling Time: 1.069323e-04
0: MPIL CopyToCPU Node-Aware Dissemination Time: 1.509153e-04
0: MPIL CopyToCPU NUMA-Aware Dissemination Time: 1.243434e-04
0: Testing Size 1024
0: PMPI Allreduce Time: 6.342846e-04
0: MPIL GPU-Aware Recursive Doubling Time: 6.340140e-04
0: MPIL GPU-Aware Node-Aware Dissemination Time: 3.787566e-03
0: MPIL GPU-Aware NUMA-Aware Dissemination Time: 7.090649e-03
0: CopyToCPU PMPI Allreduce Time: 1.291338e-04
0: MPIL CopyToCPU Recursive Doubling Time: 1.362191e-04
0: MPIL CopyToCPU Node-Aware Dissemination Time: 2.051466e-04
0: MPIL CopyToCPU NUMA-Aware Dissemination Time: 1.633667e-04
0: Testing Size 2048
0: PMPI Allreduce Time: 2.970265e-04
0: MPIL GPU-Aware Recursive Doubling Time: 2.967452e-04
0: MPIL GPU-Aware Node-Aware Dissemination Time: 1.077965e-02
0: MPIL GPU-Aware NUMA-Aware Dissemination Time: 8.690449e-03
0: CopyToCPU PMPI Allreduce Time: 1.653328e-04
0: MPIL CopyToCPU Recursive Doubling Time: 1.991875e-04
0: MPIL CopyToCPU Node-Aware Dissemination Time: 2.357800e-04
0: MPIL CopyToCPU NUMA-Aware Dissemination Time: 2.317423e-04
0: Testing Size 4096
0: PMPI Allreduce Time: 3.155325e-04
0: MPIL GPU-Aware Recursive Doubling Time: 3.152715e-04
0: MPIL GPU-Aware Node-Aware Dissemination Time: 1.084864e-02
0: MPIL GPU-Aware NUMA-Aware Dissemination Time: 8.741347e-03
0: CopyToCPU PMPI Allreduce Time: 2.376331e-04
0: MPIL CopyToCPU Recursive Doubling Time: 3.349365e-04
0: MPIL CopyToCPU Node-Aware Dissemination Time: 3.653658e-04
0: MPIL CopyToCPU NUMA-Aware Dissemination Time: 3.687942e-04
0: Testing Size 8192
0: PMPI Allreduce Time: 3.280390e-04
0: MPIL GPU-Aware Recursive Doubling Time: 3.275351e-04
0: MPIL GPU-Aware Node-Aware Dissemination Time: 1.080883e-02
0: MPIL GPU-Aware NUMA-Aware Dissemination Time: 8.768367e-03
0: CopyToCPU PMPI Allreduce Time: 3.584307e-04
0: MPIL CopyToCPU Recursive Doubling Time: 5.712242e-04
0: MPIL CopyToCPU Node-Aware Dissemination Time: 5.902621e-04
0: MPIL CopyToCPU NUMA-Aware Dissemination Time: 6.344293e-04
0: Testing Size 16384
0: PMPI Allreduce Time: 3.352613e-04
0: MPIL GPU-Aware Recursive Doubling Time: 3.345677e-04
0: MPIL GPU-Aware Node-Aware Dissemination Time: 1.056846e-02
0: MPIL GPU-Aware NUMA-Aware Dissemination Time: 8.735668e-03
0: CopyToCPU PMPI Allreduce Time: 6.102004e-04
0: MPIL CopyToCPU Recursive Doubling Time: 1.052265e-03
0: MPIL CopyToCPU Node-Aware Dissemination Time: 1.014752e-03
0: MPIL CopyToCPU NUMA-Aware Dissemination Time: 1.168826e-03
0: Testing Size 32768
0: PMPI Allreduce Time: 3.496760e-04
0: MPIL GPU-Aware Recursive Doubling Time: 3.478169e-04
0: MPIL GPU-Aware Node-Aware Dissemination Time: 1.081281e-02
0: MPIL GPU-Aware NUMA-Aware Dissemination Time: 9.527095e-03
0: CopyToCPU PMPI Allreduce Time: 1.058593e-03
0: MPIL CopyToCPU Recursive Doubling Time: 2.016079e-03
0: MPIL CopyToCPU Node-Aware Dissemination Time: 1.937945e-03
0: MPIL CopyToCPU NUMA-Aware Dissemination Time: 2.214682e-03
0: Testing Size 65536
0: PMPI Allreduce Time: 3.842682e-04
0: MPIL GPU-Aware Recursive Doubling Time: 3.797924e-04
0: MPIL GPU-Aware Node-Aware Dissemination Time: 1.292317e-02
0: MPIL GPU-Aware NUMA-Aware Dissemination Time: 1.440449e-02
0: CopyToCPU PMPI Allreduce Time: 2.040442e-03
0: MPIL CopyToCPU Recursive Doubling Time: 3.882359e-03
0: MPIL CopyToCPU Node-Aware Dissemination Time: 3.391022e-03
0: MPIL CopyToCPU NUMA-Aware Dissemination Time: 4.153993e-03
0: Testing Size 131072
0: PMPI Allreduce Time: 4.515485e-04
0: MPIL GPU-Aware Recursive Doubling Time: 4.503318e-04
0: MPIL GPU-Aware Node-Aware Dissemination Time: 1.673965e-02
0: MPIL GPU-Aware NUMA-Aware Dissemination Time: 2.240532e-02
0: CopyToCPU PMPI Allreduce Time: 4.004287e-03
0: MPIL CopyToCPU Recursive Doubling Time: 7.574932e-03
0: MPIL CopyToCPU Node-Aware Dissemination Time: 6.674497e-03
0: MPIL CopyToCPU NUMA-Aware Dissemination Time: 8.332176e-03
0: Testing Size 262144
0: PMPI Allreduce Time: 5.787621e-04
0: MPIL GPU-Aware Recursive Doubling Time: 5.784325e-04
0: MPIL GPU-Aware Node-Aware Dissemination Time: 2.262353e-02
0: MPIL GPU-Aware NUMA-Aware Dissemination Time: 3.499150e-02
0: CopyToCPU PMPI Allreduce Time: 7.535145e-03
0: MPIL CopyToCPU Recursive Doubling Time: 1.507014e-02
0: MPIL CopyToCPU Node-Aware Dissemination Time: 1.297653e-02
0: MPIL CopyToCPU NUMA-Aware Dissemination Time: 1.660058e-02
0: Testing Size 524288
0: PMPI Allreduce Time: 8.592904e-04
0: MPIL GPU-Aware Recursive Doubling Time: 8.588972e-04
0: MPIL GPU-Aware Node-Aware Dissemination Time: 3.293800e-02
0: MPIL GPU-Aware NUMA-Aware Dissemination Time: 5.579833e-02
0: CopyToCPU PMPI Allreduce Time: 1.501718e-02
0: MPIL CopyToCPU Recursive Doubling Time: 2.981694e-02
0: MPIL CopyToCPU Node-Aware Dissemination Time: 2.717809e-02
0: MPIL CopyToCPU NUMA-Aware Dissemination Time: 3.413791e-02
