0: Testing Size 1
0: PMPI Allreduce Time: 1.717584e-05
0: MPIL GPU-Aware Recursive Doubling Time: 1.723167e-05
0: MPIL GPU-Aware Node-Aware Dissemination Time: 5.139160e-04
0: MPIL GPU-Aware NUMA-Aware Dissemination Time: 1.084013e-03
0: CopyToCPU PMPI Allreduce Time: 1.704880e-05
0: MPIL CopyToCPU Recursive Doubling Time: 1.893976e-05
0: MPIL CopyToCPU Node-Aware Dissemination Time: 2.287172e-05
0: MPIL CopyToCPU NUMA-Aware Dissemination Time: 1.599285e-05
0: Testing Size 2
0: PMPI Allreduce Time: 1.739435e-05
0: MPIL GPU-Aware Recursive Doubling Time: 1.741602e-05
0: MPIL GPU-Aware Node-Aware Dissemination Time: 5.191366e-04
0: MPIL GPU-Aware NUMA-Aware Dissemination Time: 1.110796e-03
0: CopyToCPU PMPI Allreduce Time: 1.753618e-05
0: MPIL CopyToCPU Recursive Doubling Time: 1.964275e-05
0: MPIL CopyToCPU Node-Aware Dissemination Time: 2.349471e-05
0: MPIL CopyToCPU NUMA-Aware Dissemination Time: 1.598402e-05
0: Testing Size 4
0: PMPI Allreduce Time: 1.779388e-05
0: MPIL GPU-Aware Recursive Doubling Time: 1.757369e-05
0: MPIL GPU-Aware Node-Aware Dissemination Time: 5.196203e-04
0: MPIL GPU-Aware NUMA-Aware Dissemination Time: 1.106874e-03
0: CopyToCPU PMPI Allreduce Time: 1.736913e-05
0: MPIL CopyToCPU Recursive Doubling Time: 1.962634e-05
0: MPIL CopyToCPU Node-Aware Dissemination Time: 2.324616e-05
0: MPIL CopyToCPU NUMA-Aware Dissemination Time: 1.591125e-05
0: Testing Size 8
0: PMPI Allreduce Time: 1.748371e-05
0: MPIL GPU-Aware Recursive Doubling Time: 1.752556e-05
0: MPIL GPU-Aware Node-Aware Dissemination Time: 5.151752e-04
0: MPIL GPU-Aware NUMA-Aware Dissemination Time: 1.106075e-03
0: CopyToCPU PMPI Allreduce Time: 1.712519e-05
0: MPIL CopyToCPU Recursive Doubling Time: 1.973589e-05
0: MPIL CopyToCPU Node-Aware Dissemination Time: 2.329135e-05
0: MPIL CopyToCPU NUMA-Aware Dissemination Time: 1.615636e-05
0: Testing Size 16
0: PMPI Allreduce Time: 1.814510e-05
0: MPIL GPU-Aware Recursive Doubling Time: 1.825237e-05
0: MPIL GPU-Aware Node-Aware Dissemination Time: 5.190193e-04
0: MPIL GPU-Aware NUMA-Aware Dissemination Time: 1.115084e-03
0: CopyToCPU PMPI Allreduce Time: 1.778015e-05
0: MPIL CopyToCPU Recursive Doubling Time: 2.770596e-05
0: MPIL CopyToCPU Node-Aware Dissemination Time: 2.299846e-05
0: MPIL CopyToCPU NUMA-Aware Dissemination Time: 1.807852e-05
0: Testing Size 32
0: PMPI Allreduce Time: 3.000003e-05
0: MPIL GPU-Aware Recursive Doubling Time: 2.923070e-05
0: MPIL GPU-Aware Node-Aware Dissemination Time: 5.463209e-04
0: MPIL GPU-Aware NUMA-Aware Dissemination Time: 1.162463e-03
0: CopyToCPU PMPI Allreduce Time: 2.092019e-05
0: MPIL CopyToCPU Recursive Doubling Time: 3.152487e-05
0: MPIL CopyToCPU Node-Aware Dissemination Time: 2.418167e-05
0: MPIL CopyToCPU NUMA-Aware Dissemination Time: 2.259813e-05
0: Testing Size 64
0: PMPI Allreduce Time: 3.185406e-05
0: MPIL GPU-Aware Recursive Doubling Time: 3.177871e-05
0: MPIL GPU-Aware Node-Aware Dissemination Time: 5.529296e-04
0: MPIL GPU-Aware NUMA-Aware Dissemination Time: 1.157072e-03
0: CopyToCPU PMPI Allreduce Time: 3.102704e-05
0: MPIL CopyToCPU Recursive Doubling Time: 3.446140e-05
0: MPIL CopyToCPU Node-Aware Dissemination Time: 4.496848e-05
0: MPIL CopyToCPU NUMA-Aware Dissemination Time: 3.776123e-05
0: Testing Size 128
0: PMPI Allreduce Time: 4.572040e-05
0: MPIL GPU-Aware Recursive Doubling Time: 4.576314e-05
0: MPIL GPU-Aware Node-Aware Dissemination Time: 5.892019e-04
0: MPIL GPU-Aware NUMA-Aware Dissemination Time: 1.129983e-03
0: CopyToCPU PMPI Allreduce Time: 4.438609e-05
0: MPIL CopyToCPU Recursive Doubling Time: 5.075698e-05
0: MPIL CopyToCPU Node-Aware Dissemination Time: 7.521546e-05
0: MPIL CopyToCPU NUMA-Aware Dissemination Time: 5.780265e-05
0: Testing Size 256
0: PMPI Allreduce Time: 5.319429e-05
0: MPIL GPU-Aware Recursive Doubling Time: 5.321276e-05
0: MPIL GPU-Aware Node-Aware Dissemination Time: 5.916157e-04
0: MPIL GPU-Aware NUMA-Aware Dissemination Time: 1.115609e-03
0: CopyToCPU PMPI Allreduce Time: 5.609397e-05
0: MPIL CopyToCPU Recursive Doubling Time: 6.053128e-05
0: MPIL CopyToCPU Node-Aware Dissemination Time: 9.919849e-05
0: MPIL CopyToCPU NUMA-Aware Dissemination Time: 6.838889e-05
0: Testing Size 512
0: PMPI Allreduce Time: 6.809902e-05
0: MPIL GPU-Aware Recursive Doubling Time: 6.805440e-05
0: MPIL GPU-Aware Node-Aware Dissemination Time: 6.064174e-04
0: MPIL GPU-Aware NUMA-Aware Dissemination Time: 1.134446e-03
0: CopyToCPU PMPI Allreduce Time: 7.904719e-05
0: MPIL CopyToCPU Recursive Doubling Time: 7.932277e-05
0: MPIL CopyToCPU Node-Aware Dissemination Time: 1.362245e-04
0: MPIL CopyToCPU NUMA-Aware Dissemination Time: 9.242142e-05
0: Testing Size 1024
0: PMPI Allreduce Time: 5.512146e-04
0: MPIL GPU-Aware Recursive Doubling Time: 5.504588e-04
0: MPIL GPU-Aware Node-Aware Dissemination Time: 2.386556e-03
0: MPIL GPU-Aware NUMA-Aware Dissemination Time: 4.316395e-03
0: CopyToCPU PMPI Allreduce Time: 1.010695e-04
0: MPIL CopyToCPU Recursive Doubling Time: 1.029555e-04
0: MPIL CopyToCPU Node-Aware Dissemination Time: 1.720672e-04
0: MPIL CopyToCPU NUMA-Aware Dissemination Time: 1.165573e-04
0: Testing Size 2048
0: PMPI Allreduce Time: 1.986241e-04
0: MPIL GPU-Aware Recursive Doubling Time: 1.977778e-04
0: MPIL GPU-Aware Node-Aware Dissemination Time: 9.820605e-03
0: MPIL GPU-Aware NUMA-Aware Dissemination Time: 6.666460e-03
0: CopyToCPU PMPI Allreduce Time: 1.280697e-04
0: MPIL CopyToCPU Recursive Doubling Time: 1.685169e-04
0: MPIL CopyToCPU Node-Aware Dissemination Time: 2.231052e-04
0: MPIL CopyToCPU NUMA-Aware Dissemination Time: 1.693327e-04
0: Testing Size 4096
0: PMPI Allreduce Time: 2.101763e-04
0: MPIL GPU-Aware Recursive Doubling Time: 2.095058e-04
0: MPIL GPU-Aware Node-Aware Dissemination Time: 9.823627e-03
0: MPIL GPU-Aware NUMA-Aware Dissemination Time: 6.677178e-03
0: CopyToCPU PMPI Allreduce Time: 1.855910e-04
0: MPIL CopyToCPU Recursive Doubling Time: 2.773003e-04
0: MPIL CopyToCPU Node-Aware Dissemination Time: 3.451105e-04
0: MPIL CopyToCPU NUMA-Aware Dissemination Time: 2.662024e-04
0: Testing Size 8192
0: PMPI Allreduce Time: 2.197756e-04
0: MPIL GPU-Aware Recursive Doubling Time: 2.198591e-04
0: MPIL GPU-Aware Node-Aware Dissemination Time: 9.851946e-03
0: MPIL GPU-Aware NUMA-Aware Dissemination Time: 6.713338e-03
0: CopyToCPU PMPI Allreduce Time: 3.096744e-04
0: MPIL CopyToCPU Recursive Doubling Time: 4.924767e-04
0: MPIL CopyToCPU Node-Aware Dissemination Time: 5.756253e-04
0: MPIL CopyToCPU NUMA-Aware Dissemination Time: 4.449647e-04
0: Testing Size 16384
0: PMPI Allreduce Time: 2.276202e-04
0: MPIL GPU-Aware Recursive Doubling Time: 2.264328e-04
0: MPIL GPU-Aware Node-Aware Dissemination Time: 9.777442e-03
0: MPIL GPU-Aware NUMA-Aware Dissemination Time: 6.769984e-03
0: CopyToCPU PMPI Allreduce Time: 5.300042e-04
0: MPIL CopyToCPU Recursive Doubling Time: 9.310159e-04
0: MPIL CopyToCPU Node-Aware Dissemination Time: 1.020171e-03
0: MPIL CopyToCPU NUMA-Aware Dissemination Time: 8.301955e-04
0: Testing Size 32768
0: PMPI Allreduce Time: 2.436826e-04
0: MPIL GPU-Aware Recursive Doubling Time: 2.420097e-04
0: MPIL GPU-Aware Node-Aware Dissemination Time: 1.008249e-02
0: MPIL GPU-Aware NUMA-Aware Dissemination Time: 7.274978e-03
0: CopyToCPU PMPI Allreduce Time: 9.846296e-04
0: MPIL CopyToCPU Recursive Doubling Time: 1.800620e-03
0: MPIL CopyToCPU Node-Aware Dissemination Time: 1.905096e-03
0: MPIL CopyToCPU NUMA-Aware Dissemination Time: 1.498004e-03
0: Testing Size 65536
0: PMPI Allreduce Time: 2.764300e-04
0: MPIL GPU-Aware Recursive Doubling Time: 2.739018e-04
0: MPIL GPU-Aware Node-Aware Dissemination Time: 1.127826e-02
0: MPIL GPU-Aware NUMA-Aware Dissemination Time: 1.000339e-02
0: CopyToCPU PMPI Allreduce Time: 1.780943e-03
0: MPIL CopyToCPU Recursive Doubling Time: 3.465398e-03
0: MPIL CopyToCPU Node-Aware Dissemination Time: 3.403360e-03
0: MPIL CopyToCPU NUMA-Aware Dissemination Time: 2.802878e-03
0: Testing Size 131072
0: PMPI Allreduce Time: 3.335007e-04
0: MPIL GPU-Aware Recursive Doubling Time: 3.329491e-04
0: MPIL GPU-Aware Node-Aware Dissemination Time: 1.420833e-02
0: MPIL GPU-Aware NUMA-Aware Dissemination Time: 1.472442e-02
0: CopyToCPU PMPI Allreduce Time: 3.471563e-03
0: MPIL CopyToCPU Recursive Doubling Time: 6.594936e-03
0: MPIL CopyToCPU Node-Aware Dissemination Time: 6.763252e-03
0: MPIL CopyToCPU NUMA-Aware Dissemination Time: 5.480617e-03
0: Testing Size 262144
0: PMPI Allreduce Time: 4.666214e-04
0: MPIL GPU-Aware Recursive Doubling Time: 4.661706e-04
0: MPIL GPU-Aware Node-Aware Dissemination Time: 1.895257e-02
0: MPIL GPU-Aware NUMA-Aware Dissemination Time: 2.220725e-02
0: CopyToCPU PMPI Allreduce Time: 6.973691e-03
0: MPIL CopyToCPU Recursive Doubling Time: 1.305648e-02
0: MPIL CopyToCPU Node-Aware Dissemination Time: 1.333339e-02
0: MPIL CopyToCPU NUMA-Aware Dissemination Time: 1.087682e-02
0: Testing Size 524288
0: PMPI Allreduce Time: 7.380228e-04
0: MPIL GPU-Aware Recursive Doubling Time: 7.376041e-04
0: MPIL GPU-Aware Node-Aware Dissemination Time: 2.481827e-02
0: MPIL GPU-Aware NUMA-Aware Dissemination Time: 3.511816e-02
0: CopyToCPU PMPI Allreduce Time: 1.419040e-02
0: MPIL CopyToCPU Recursive Doubling Time: 2.640880e-02
0: MPIL CopyToCPU Node-Aware Dissemination Time: 2.736616e-02
0: MPIL CopyToCPU NUMA-Aware Dissemination Time: 2.208798e-02
