Test 1 Running Alltoall Benchmark on 16 nodes and 1600 tasks
Size 1
PMPI: 3.951049e-04
Pairwise: 9.095476e-03
NonBlocking: 8.182989e-02
Pairwise Hierarchical: 1.295555e-03
Pairwise Node Aware: 6.614268e-04
Nonblocking Hierarchical: 9.824945e-04
Nonblocking Node Aware: 2.434814e-04
Pairwise Multileader, 4 leaders: 6.881726e-04
Pairwise Locality Aware, 4 leaders: 6.288571e-04
Pairwise Multileader Locality, 4 leaders: 5.386971e-04
Nonblocking Multileader, 4 leaders: 3.019856e-04
Nonblocking Locality Aware, 4 leaders: 2.263584e-04
Nonblocking Multileader Locality, 4 leaders: 3.661818e-04
Pairwise Multileader, 10 leaders: 2.726664e-03
Pairwise Locality Aware, 10 leaders: 3.002324e-03
Pairwise Multileader Locality, 10 leaders: 3.986664e-04
Nonblocking Multileader, 10 leaders: 6.963677e-04
Nonblocking Locality Aware, 10 leaders: 2.366491e-02
Nonblocking Multileader Locality, 10 leaders: 1.863901e-04
Pairwise Multileader, 20 leaders: 2.970044e-03
Pairwise Locality Aware, 20 leaders: 2.903453e-03
Pairwise Multileader Locality, 20 leaders: 3.874753e-04
Nonblocking Multileader, 20 leaders: 1.048084e-02
Nonblocking Locality Aware, 20 leaders: 9.194405e-02
Nonblocking Multileader Locality, 20 leaders: 1.360560e-04
Size 2
PMPI: 4.586353e-04
Pairwise: 6.223047e-03
NonBlocking: 4.259344e-02
Pairwise Hierarchical: 2.736758e-03
Pairwise Node Aware: 5.658492e-04
Nonblocking Hierarchical: 2.155429e-03
Nonblocking Node Aware: 3.206031e-04
Pairwise Multileader, 4 leaders: 9.607021e-04
Pairwise Locality Aware, 4 leaders: 8.101216e-04
Pairwise Multileader Locality, 4 leaders: 8.278184e-04
Nonblocking Multileader, 4 leaders: 5.536916e-04
Nonblocking Locality Aware, 4 leaders: 4.314728e-04
Nonblocking Multileader Locality, 4 leaders: 6.342798e-04
Pairwise Multileader, 10 leaders: 1.201799e-03
Pairwise Locality Aware, 10 leaders: 1.508152e-03
Pairwise Multileader Locality, 10 leaders: 3.569228e-04
Nonblocking Multileader, 10 leaders: 1.709379e-03
Nonblocking Locality Aware, 10 leaders: 7.425704e-02
Nonblocking Multileader Locality, 10 leaders: 2.600751e-04
Pairwise Multileader, 20 leaders: 2.190349e-03
Pairwise Locality Aware, 20 leaders: 2.193894e-03
Pairwise Multileader Locality, 20 leaders: 3.451284e-04
Nonblocking Multileader, 20 leaders: 1.030378e-02
Nonblocking Locality Aware, 20 leaders: 7.232953e-02
Nonblocking Multileader Locality, 20 leaders: 1.798014e-04
Size 4
PMPI: 7.788875e-04
Pairwise: 9.822717e-03
NonBlocking: 1.171398e-01
Pairwise Hierarchical: 4.017139e-03
Pairwise Node Aware: 6.241035e-04
Nonblocking Hierarchical: 3.400718e-03
Nonblocking Node Aware: 5.245189e-04
Pairwise Multileader, 4 leaders: 1.412292e-03
Pairwise Locality Aware, 4 leaders: 6.435435e-04
Pairwise Multileader Locality, 4 leaders: 1.289161e-03
Nonblocking Multileader, 4 leaders: 9.108889e-04
Nonblocking Locality Aware, 4 leaders: 3.864291e-04
Nonblocking Multileader Locality, 4 leaders: 1.038032e-03
Pairwise Multileader, 10 leaders: 1.317525e-03
Pairwise Locality Aware, 10 leaders: 1.569034e-03
Pairwise Multileader Locality, 10 leaders: 5.763485e-04
Nonblocking Multileader, 10 leaders: 3.108323e-03
Nonblocking Locality Aware, 10 leaders: 7.435087e-02
Nonblocking Multileader Locality, 10 leaders: 4.733013e-04
Pairwise Multileader, 20 leaders: 1.842118e-03
Pairwise Locality Aware, 20 leaders: 1.961481e-03
Pairwise Multileader Locality, 20 leaders: 4.340486e-04
Nonblocking Multileader, 20 leaders: 1.275543e-02
Nonblocking Locality Aware, 20 leaders: 7.425556e-02
Nonblocking Multileader Locality, 20 leaders: 2.822154e-04
Size 8
PMPI: 1.305092e-03
Pairwise: 8.527333e-03
NonBlocking: 1.175179e-01
Pairwise Hierarchical: 9.666265e-03
Pairwise Node Aware: 9.001856e-04
Nonblocking Hierarchical: 8.163929e-03
Nonblocking Node Aware: 8.704215e-04
Pairwise Multileader, 4 leaders: 2.719600e-03
Pairwise Locality Aware, 4 leaders: 7.224571e-04
Pairwise Multileader Locality, 4 leaders: 3.315559e-03
Nonblocking Multileader, 4 leaders: 2.057315e-03
Nonblocking Locality Aware, 4 leaders: 6.006306e-04
Nonblocking Multileader Locality, 4 leaders: 2.572758e-03
Pairwise Multileader, 10 leaders: 2.321874e-03
Pairwise Locality Aware, 10 leaders: 1.261734e-03
Pairwise Multileader Locality, 10 leaders: 1.197442e-03
Nonblocking Multileader, 10 leaders: 1.153445e-03
Nonblocking Locality Aware, 10 leaders: 7.449711e-02
Nonblocking Multileader Locality, 10 leaders: 9.788363e-04
Pairwise Multileader, 20 leaders: 3.233499e-03
Pairwise Locality Aware, 20 leaders: 2.604508e-03
Pairwise Multileader Locality, 20 leaders: 7.985782e-04
Nonblocking Multileader, 20 leaders: 1.901957e-02
Nonblocking Locality Aware, 20 leaders: 1.116651e-01
Nonblocking Multileader Locality, 20 leaders: 6.741051e-04
Size 16
PMPI: 2.656313e-03
Pairwise: 1.239874e-02
NonBlocking: 1.172044e-01
Pairwise Hierarchical: 2.041276e-02
Pairwise Node Aware: 1.187916e-03
Nonblocking Hierarchical: 1.649066e-02
Nonblocking Node Aware: 1.032410e-03
Pairwise Multileader, 4 leaders: 4.757036e-03
Pairwise Locality Aware, 4 leaders: 1.232588e-03
Pairwise Multileader Locality, 4 leaders: 5.813412e-03
Nonblocking Multileader, 4 leaders: 3.674594e-03
Nonblocking Locality Aware, 4 leaders: 9.976517e-04
Nonblocking Multileader Locality, 4 leaders: 4.677804e-03
Pairwise Multileader, 10 leaders: 3.293521e-03
Pairwise Locality Aware, 10 leaders: 2.152274e-03
Pairwise Multileader Locality, 10 leaders: 2.222122e-03
Nonblocking Multileader, 10 leaders: 3.201425e-03
Nonblocking Locality Aware, 10 leaders: 8.729966e-02
Nonblocking Multileader Locality, 10 leaders: 1.725423e-03
Pairwise Multileader, 20 leaders: 3.445499e-03
Pairwise Locality Aware, 20 leaders: 3.480772e-03
Pairwise Multileader Locality, 20 leaders: 1.397844e-03
Nonblocking Multileader, 20 leaders: 3.703098e-02
Nonblocking Locality Aware, 20 leaders: 1.150818e-01
Nonblocking Multileader Locality, 20 leaders: 1.021381e-03
Size 32
PMPI: 4.104214e-03
Pairwise: 1.433682e-02
NonBlocking: 1.179032e-01
Pairwise Hierarchical: 4.233449e-02
Pairwise Node Aware: 2.248240e-03
Nonblocking Hierarchical: 3.351242e-02
Nonblocking Node Aware: 2.056195e-03
Pairwise Multileader, 4 leaders: 1.391551e-02
Pairwise Locality Aware, 4 leaders: 1.775898e-03
Pairwise Multileader Locality, 4 leaders: 1.102334e-02
Nonblocking Multileader, 4 leaders: 8.738717e-03
Nonblocking Locality Aware, 4 leaders: 1.455732e-03
Nonblocking Multileader Locality, 4 leaders: 8.728629e-03
Pairwise Multileader, 10 leaders: 6.243661e-03
Pairwise Locality Aware, 10 leaders: 2.327329e-03
Pairwise Multileader Locality, 10 leaders: 4.715381e-03
Nonblocking Multileader, 10 leaders: 3.848552e-03
Nonblocking Locality Aware, 10 leaders: 8.774136e-02
Nonblocking Multileader Locality, 10 leaders: 3.899478e-03
Pairwise Multileader, 20 leaders: 5.965572e-03
Pairwise Locality Aware, 20 leaders: 3.081376e-03
Pairwise Multileader Locality, 20 leaders: 2.726184e-03
Nonblocking Multileader, 20 leaders: 3.129587e-02
Nonblocking Locality Aware, 20 leaders: 1.161587e-01
Nonblocking Multileader Locality, 20 leaders: 2.257448e-03
Size 64
PMPI: 8.033282e-03
Pairwise: 1.595333e-02
NonBlocking: 1.188665e-01
Pairwise Hierarchical: 8.197623e-02
Pairwise Node Aware: 3.916964e-03
Nonblocking Hierarchical: 6.476970e-02
Nonblocking Node Aware: 3.141523e-03
Pairwise Multileader, 4 leaders: 2.625294e-02
Pairwise Locality Aware, 4 leaders: 4.410295e-03
Pairwise Multileader Locality, 4 leaders: 2.322919e-02
Nonblocking Multileader, 4 leaders: 1.708181e-02
Nonblocking Locality Aware, 4 leaders: 5.101248e-03
Nonblocking Multileader Locality, 4 leaders: 1.789756e-02
Pairwise Multileader, 10 leaders: 1.199349e-02
Pairwise Locality Aware, 10 leaders: 4.665805e-03
Pairwise Multileader Locality, 10 leaders: 1.029562e-02
Nonblocking Multileader, 10 leaders: 7.948061e-03
Nonblocking Locality Aware, 10 leaders: 7.655259e-02
Nonblocking Multileader Locality, 10 leaders: 8.709503e-03
Pairwise Multileader, 20 leaders: 9.764206e-03
Pairwise Locality Aware, 20 leaders: 5.804421e-03
Pairwise Multileader Locality, 20 leaders: 5.544197e-03
Nonblocking Multileader, 20 leaders: 5.854357e-03
Nonblocking Locality Aware, 20 leaders: 1.165235e-01
Nonblocking Multileader Locality, 20 leaders: 4.358551e-03
Size 128
PMPI: 1.409557e-02
Pairwise: 2.213366e-02
NonBlocking: 1.140479e-01
Pairwise Hierarchical: 1.570107e-01
Pairwise Node Aware: 9.202944e-03
Nonblocking Hierarchical: 1.234139e-01
Nonblocking Node Aware: 7.197472e-03
Pairwise Multileader, 4 leaders: 5.198888e-02
Pairwise Locality Aware, 4 leaders: 6.987082e-03
Pairwise Multileader Locality, 4 leaders: 5.511961e-02
Nonblocking Multileader, 4 leaders: 3.714114e-02
Nonblocking Locality Aware, 4 leaders: 7.739816e-03
Nonblocking Multileader Locality, 4 leaders: 4.208668e-02
Pairwise Multileader, 10 leaders: 2.283428e-02
Pairwise Locality Aware, 10 leaders: 8.328849e-03
Pairwise Multileader Locality, 10 leaders: 2.387542e-02
Nonblocking Multileader, 10 leaders: 1.744543e-02
Nonblocking Locality Aware, 10 leaders: 9.863438e-03
Nonblocking Multileader Locality, 10 leaders: 1.968092e-02
Pairwise Multileader, 20 leaders: 1.392461e-02
Pairwise Locality Aware, 20 leaders: 9.659618e-03
Pairwise Multileader Locality, 20 leaders: 1.217481e-02
Nonblocking Multileader, 20 leaders: 1.061585e-02
Nonblocking Locality Aware, 20 leaders: 8.382537e-02
Nonblocking Multileader Locality, 20 leaders: 9.630367e-03
Size 256
PMPI: 2.781417e-02
Pairwise: 2.407244e-02
NonBlocking: 1.193220e-01
Pairwise Hierarchical: 3.032682e-01
Pairwise Node Aware: 1.405296e-02
Nonblocking Hierarchical: 2.435504e-01
Nonblocking Node Aware: 1.346725e-02
Pairwise Multileader, 4 leaders: 9.407514e-02
Pairwise Locality Aware, 4 leaders: 1.359424e-02
Pairwise Multileader Locality, 4 leaders: 1.033094e-01
Nonblocking Multileader, 4 leaders: 6.876006e-02
Nonblocking Locality Aware, 4 leaders: 1.043125e-02
Nonblocking Multileader Locality, 4 leaders: 7.976840e-02
Pairwise Multileader, 10 leaders: 5.341832e-02
Pairwise Locality Aware, 10 leaders: 1.433401e-02
Pairwise Multileader Locality, 10 leaders: 5.150739e-02
Nonblocking Multileader, 10 leaders: 3.733702e-02
Nonblocking Locality Aware, 10 leaders: 1.909658e-02
Nonblocking Multileader Locality, 10 leaders: 4.242185e-02
Pairwise Multileader, 20 leaders: 2.954890e-02
Pairwise Locality Aware, 20 leaders: 1.549805e-02
Pairwise Multileader Locality, 20 leaders: 2.605435e-02
Nonblocking Multileader, 20 leaders: 1.702528e-02
Nonblocking Locality Aware, 20 leaders: 4.937324e-02
Nonblocking Multileader Locality, 20 leaders: 2.058464e-02
Size 512
PMPI: 3.777492e-02
Pairwise: 3.768837e-02
NonBlocking: 1.551146e-01
Pairwise Hierarchical: 6.045980e-01
Pairwise Node Aware: 3.145506e-02
Nonblocking Hierarchical: 5.361089e-01
Nonblocking Node Aware: 2.934673e-02
Pairwise Multileader, 4 leaders: 1.802948e-01
Pairwise Locality Aware, 4 leaders: 3.177396e-02
Pairwise Multileader Locality, 4 leaders: 2.032706e-01
Nonblocking Multileader, 4 leaders: 1.319907e-01
Nonblocking Locality Aware, 4 leaders: 2.280456e-02
Nonblocking Multileader Locality, 4 leaders: 1.567226e-01
Pairwise Multileader, 10 leaders: 1.033143e-01
Pairwise Locality Aware, 10 leaders: 3.287865e-02
Pairwise Multileader Locality, 10 leaders: 1.052541e-01
Nonblocking Multileader, 10 leaders: 7.297264e-02
Nonblocking Locality Aware, 10 leaders: 2.624621e-02
Nonblocking Multileader Locality, 10 leaders: 8.673108e-02
Pairwise Multileader, 20 leaders: 5.728719e-02
Pairwise Locality Aware, 20 leaders: 3.367393e-02
Pairwise Multileader Locality, 20 leaders: 5.331614e-02
Nonblocking Multileader, 20 leaders: 3.318000e-02
Nonblocking Locality Aware, 20 leaders: 3.830180e-02
Nonblocking Multileader Locality, 20 leaders: 4.333425e-02
Test 2 Running Alltoall Benchmark on 16 nodes and 1600 tasks
Size 1
PMPI: 4.466031e-04
Pairwise: 5.923330e-03
NonBlocking: 6.888096e-02
Pairwise Hierarchical: 1.092794e-03
Pairwise Node Aware: 4.066509e-04
Nonblocking Hierarchical: 9.490241e-04
Nonblocking Node Aware: 2.443223e-04
Pairwise Multileader, 4 leaders: 6.366004e-04
Pairwise Locality Aware, 4 leaders: 5.829602e-04
Pairwise Multileader Locality, 4 leaders: 4.641380e-04
Nonblocking Multileader, 4 leaders: 3.009659e-04
Nonblocking Locality Aware, 4 leaders: 2.618865e-04
Nonblocking Multileader Locality, 4 leaders: 3.547558e-04
Pairwise Multileader, 10 leaders: 1.041648e-03
Pairwise Locality Aware, 10 leaders: 1.168286e-03
Pairwise Multileader Locality, 10 leaders: 2.989563e-04
Nonblocking Multileader, 10 leaders: 4.468355e-04
Nonblocking Locality Aware, 10 leaders: 1.755713e-02
Nonblocking Multileader Locality, 10 leaders: 1.802882e-04
Pairwise Multileader, 20 leaders: 1.733928e-03
Pairwise Locality Aware, 20 leaders: 2.168019e-03
Pairwise Multileader Locality, 20 leaders: 2.690534e-04
Nonblocking Multileader, 20 leaders: 3.303316e-03
Nonblocking Locality Aware, 20 leaders: 8.666856e-02
Nonblocking Multileader Locality, 20 leaders: 1.405825e-04
Size 2
PMPI: 4.673293e-04
Pairwise: 5.012283e-03
NonBlocking: 4.269306e-02
Pairwise Hierarchical: 2.571566e-03
Pairwise Node Aware: 4.458577e-04
Nonblocking Hierarchical: 2.182860e-03
Nonblocking Node Aware: 3.491361e-04
Pairwise Multileader, 4 leaders: 9.747037e-04
Pairwise Locality Aware, 4 leaders: 6.842090e-04
Pairwise Multileader Locality, 4 leaders: 8.303007e-04
Nonblocking Multileader, 4 leaders: 5.519832e-04
Nonblocking Locality Aware, 4 leaders: 3.521240e-04
Nonblocking Multileader Locality, 4 leaders: 6.333597e-04
Pairwise Multileader, 10 leaders: 1.251125e-03
Pairwise Locality Aware, 10 leaders: 1.392978e-03
Pairwise Multileader Locality, 10 leaders: 3.369222e-04
Nonblocking Multileader, 10 leaders: 9.892159e-04
Nonblocking Locality Aware, 10 leaders: 8.664392e-02
Nonblocking Multileader Locality, 10 leaders: 2.563576e-04
Pairwise Multileader, 20 leaders: 1.926417e-03
Pairwise Locality Aware, 20 leaders: 2.716425e-03
Pairwise Multileader Locality, 20 leaders: 2.932854e-04
Nonblocking Multileader, 20 leaders: 8.051278e-03
Nonblocking Locality Aware, 20 leaders: 6.208077e-02
Nonblocking Multileader Locality, 20 leaders: 1.780635e-04
Size 4
PMPI: 7.965613e-04
Pairwise: 1.065355e-02
NonBlocking: 1.633314e-01
Pairwise Hierarchical: 4.103042e-03
Pairwise Node Aware: 6.144065e-04
Nonblocking Hierarchical: 3.516447e-03
Nonblocking Node Aware: 4.706322e-04
Pairwise Multileader, 4 leaders: 1.500050e-03
Pairwise Locality Aware, 4 leaders: 6.453033e-04
Pairwise Multileader Locality, 4 leaders: 1.411099e-03
Nonblocking Multileader, 4 leaders: 9.085494e-04
Nonblocking Locality Aware, 4 leaders: 3.232814e-04
Nonblocking Multileader Locality, 4 leaders: 1.157201e-03
Pairwise Multileader, 10 leaders: 1.411628e-03
Pairwise Locality Aware, 10 leaders: 1.563828e-03
Pairwise Multileader Locality, 10 leaders: 5.712308e-04
Nonblocking Multileader, 10 leaders: 1.620095e-03
Nonblocking Locality Aware, 10 leaders: 7.440046e-02
Nonblocking Multileader Locality, 10 leaders: 4.953237e-04
Pairwise Multileader, 20 leaders: 1.998654e-03
Pairwise Locality Aware, 20 leaders: 2.802080e-03
Pairwise Multileader Locality, 20 leaders: 4.557754e-04
Nonblocking Multileader, 20 leaders: 3.742312e-02
Nonblocking Locality Aware, 20 leaders: 1.113018e-01
Nonblocking Multileader Locality, 20 leaders: 3.575743e-04
Size 8
PMPI: 1.274262e-03
Pairwise: 1.193183e-02
NonBlocking: 1.179608e-01
Pairwise Hierarchical: 9.785565e-03
Pairwise Node Aware: 8.581460e-04
Nonblocking Hierarchical: 8.150782e-03
Nonblocking Node Aware: 7.538026e-04
Pairwise Multileader, 4 leaders: 3.379327e-03
Pairwise Locality Aware, 4 leaders: 7.105863e-04
Pairwise Multileader Locality, 4 leaders: 3.460207e-03
Nonblocking Multileader, 4 leaders: 2.294660e-03
Nonblocking Locality Aware, 4 leaders: 5.036949e-04
Nonblocking Multileader Locality, 4 leaders: 2.731080e-03
Pairwise Multileader, 10 leaders: 1.800010e-03
Pairwise Locality Aware, 10 leaders: 1.352432e-03
Pairwise Multileader Locality, 10 leaders: 1.202443e-03
Nonblocking Multileader, 10 leaders: 1.261784e-03
Nonblocking Locality Aware, 10 leaders: 7.438087e-02
Nonblocking Multileader Locality, 10 leaders: 9.814482e-04
Pairwise Multileader, 20 leaders: 2.762482e-03
Pairwise Locality Aware, 20 leaders: 2.102144e-03
Pairwise Multileader Locality, 20 leaders: 6.954222e-04
Nonblocking Multileader, 20 leaders: 2.771489e-02
Nonblocking Locality Aware, 20 leaders: 9.204371e-02
Nonblocking Multileader Locality, 20 leaders: 5.176575e-04
Size 16
PMPI: 2.757466e-03
Pairwise: 1.000883e-02
NonBlocking: 1.178396e-01
Pairwise Hierarchical: 2.057996e-02
Pairwise Node Aware: 1.253036e-03
Nonblocking Hierarchical: 1.657789e-02
Nonblocking Node Aware: 1.172125e-03
Pairwise Multileader, 4 leaders: 4.941626e-03
Pairwise Locality Aware, 4 leaders: 1.002348e-03
Pairwise Multileader Locality, 4 leaders: 6.095266e-03
Nonblocking Multileader, 4 leaders: 3.914194e-03
Nonblocking Locality Aware, 4 leaders: 7.283098e-04
Nonblocking Multileader Locality, 4 leaders: 4.779947e-03
Pairwise Multileader, 10 leaders: 2.947640e-03
Pairwise Locality Aware, 10 leaders: 1.629055e-03
Pairwise Multileader Locality, 10 leaders: 2.209164e-03
Nonblocking Multileader, 10 leaders: 1.631943e-03
Nonblocking Locality Aware, 10 leaders: 7.521692e-02
Nonblocking Multileader Locality, 10 leaders: 1.932853e-03
Pairwise Multileader, 20 leaders: 3.121723e-03
Pairwise Locality Aware, 20 leaders: 2.309889e-03
Pairwise Multileader Locality, 20 leaders: 1.450133e-03
Nonblocking Multileader, 20 leaders: 4.228023e-02
Nonblocking Locality Aware, 20 leaders: 9.922919e-02
Nonblocking Multileader Locality, 20 leaders: 9.255449e-04
Size 32
PMPI: 4.105559e-03
Pairwise: 9.870451e-03
NonBlocking: 1.403264e-01
Pairwise Hierarchical: 4.217345e-02
Pairwise Node Aware: 2.290347e-03
Nonblocking Hierarchical: 3.380198e-02
Nonblocking Node Aware: 2.228625e-03
Pairwise Multileader, 4 leaders: 1.356437e-02
Pairwise Locality Aware, 4 leaders: 2.037016e-03
Pairwise Multileader Locality, 4 leaders: 1.100815e-02
Nonblocking Multileader, 4 leaders: 8.662116e-03
Nonblocking Locality Aware, 4 leaders: 1.820641e-03
Nonblocking Multileader Locality, 4 leaders: 8.802822e-03
Pairwise Multileader, 10 leaders: 5.639395e-03
Pairwise Locality Aware, 10 leaders: 3.055196e-03
Pairwise Multileader Locality, 10 leaders: 4.738892e-03
Nonblocking Multileader, 10 leaders: 3.402673e-03
Nonblocking Locality Aware, 10 leaders: 1.159076e-01
Nonblocking Multileader Locality, 10 leaders: 3.848948e-03
Pairwise Multileader, 20 leaders: 4.287707e-03
Pairwise Locality Aware, 20 leaders: 3.540007e-03
Pairwise Multileader Locality, 20 leaders: 2.660027e-03
Nonblocking Multileader, 20 leaders: 4.386316e-02
Nonblocking Locality Aware, 20 leaders: 1.165603e-01
Nonblocking Multileader Locality, 20 leaders: 2.036354e-03
Size 64
PMPI: 8.294713e-03
Pairwise: 1.505410e-02
NonBlocking: 1.416257e-01
Pairwise Hierarchical: 8.184013e-02
Pairwise Node Aware: 4.010452e-03
Nonblocking Hierarchical: 6.457789e-02
Nonblocking Node Aware: 3.234079e-03
Pairwise Multileader, 4 leaders: 2.596765e-02
Pairwise Locality Aware, 4 leaders: 3.720595e-03
Pairwise Multileader Locality, 4 leaders: 2.214372e-02
Nonblocking Multileader, 4 leaders: 1.651275e-02
Nonblocking Locality Aware, 4 leaders: 4.405511e-03
Nonblocking Multileader Locality, 4 leaders: 1.763381e-02
Pairwise Multileader, 10 leaders: 1.166585e-02
Pairwise Locality Aware, 10 leaders: 4.211941e-03
Pairwise Multileader Locality, 10 leaders: 1.014136e-02
Nonblocking Multileader, 10 leaders: 7.808566e-03
Nonblocking Locality Aware, 10 leaders: 6.470576e-02
Nonblocking Multileader Locality, 10 leaders: 8.636737e-03
Pairwise Multileader, 20 leaders: 7.947822e-03
Pairwise Locality Aware, 20 leaders: 4.685134e-03
Pairwise Multileader Locality, 20 leaders: 5.415907e-03
Nonblocking Multileader, 20 leaders: 4.612588e-03
Nonblocking Locality Aware, 20 leaders: 1.178484e-01
Nonblocking Multileader Locality, 20 leaders: 4.305274e-03
Size 128
PMPI: 1.345296e-02
Pairwise: 1.326448e-02
NonBlocking: 1.378178e-01
Pairwise Hierarchical: 1.578630e-01
Pairwise Node Aware: 8.782189e-03
Nonblocking Hierarchical: 1.250113e-01
Nonblocking Node Aware: 6.951004e-03
Pairwise Multileader, 4 leaders: 5.166231e-02
Pairwise Locality Aware, 4 leaders: 7.558093e-03
Pairwise Multileader Locality, 4 leaders: 5.470897e-02
Nonblocking Multileader, 4 leaders: 3.690694e-02
Nonblocking Locality Aware, 4 leaders: 1.028406e-02
Nonblocking Multileader Locality, 4 leaders: 4.221187e-02
Pairwise Multileader, 10 leaders: 2.261543e-02
Pairwise Locality Aware, 10 leaders: 8.631065e-03
Pairwise Multileader Locality, 10 leaders: 2.391034e-02
Nonblocking Multileader, 10 leaders: 1.730456e-02
Nonblocking Locality Aware, 10 leaders: 1.039762e-02
Nonblocking Multileader Locality, 10 leaders: 1.951685e-02
Pairwise Multileader, 20 leaders: 1.457000e-02
Pairwise Locality Aware, 20 leaders: 8.421821e-03
Pairwise Multileader Locality, 20 leaders: 1.173429e-02
Nonblocking Multileader, 20 leaders: 9.437933e-03
Nonblocking Locality Aware, 20 leaders: 7.364106e-02
Nonblocking Multileader Locality, 20 leaders: 9.561000e-03
Size 256
PMPI: 2.762654e-02
Pairwise: 2.459198e-02
NonBlocking: 1.212397e-01
Pairwise Hierarchical: 3.071966e-01
Pairwise Node Aware: 1.367392e-02
Nonblocking Hierarchical: 2.452160e-01
Nonblocking Node Aware: 1.350095e-02
Pairwise Multileader, 4 leaders: 9.463377e-02
Pairwise Locality Aware, 4 leaders: 1.437593e-02
Pairwise Multileader Locality, 4 leaders: 1.047465e-01
Nonblocking Multileader, 4 leaders: 6.900361e-02
Nonblocking Locality Aware, 4 leaders: 1.267562e-02
Nonblocking Multileader Locality, 4 leaders: 7.968354e-02
Pairwise Multileader, 10 leaders: 5.427224e-02
Pairwise Locality Aware, 10 leaders: 1.719388e-02
Pairwise Multileader Locality, 10 leaders: 5.112861e-02
Nonblocking Multileader, 10 leaders: 3.702864e-02
Nonblocking Locality Aware, 10 leaders: 2.699075e-02
Nonblocking Multileader Locality, 10 leaders: 4.196661e-02
Pairwise Multileader, 20 leaders: 3.144581e-02
Pairwise Locality Aware, 20 leaders: 1.805647e-02
Pairwise Multileader Locality, 20 leaders: 2.593099e-02
Nonblocking Multileader, 20 leaders: 1.861973e-02
Nonblocking Locality Aware, 20 leaders: 6.827988e-02
Nonblocking Multileader Locality, 20 leaders: 2.079290e-02
Size 512
PMPI: 5.108115e-02
Pairwise: 3.932628e-02
NonBlocking: 1.804671e-01
Pairwise Hierarchical: 5.982152e-01
Pairwise Node Aware: 3.169344e-02
Nonblocking Hierarchical: 5.420444e-01
Nonblocking Node Aware: 2.970882e-02
Pairwise Multileader, 4 leaders: 1.763421e-01
Pairwise Locality Aware, 4 leaders: 3.371272e-02
Pairwise Multileader Locality, 4 leaders: 1.999064e-01
Nonblocking Multileader, 4 leaders: 1.305504e-01
Nonblocking Locality Aware, 4 leaders: 2.888802e-02
Nonblocking Multileader Locality, 4 leaders: 1.562373e-01
Pairwise Multileader, 10 leaders: 1.027622e-01
Pairwise Locality Aware, 10 leaders: 3.728287e-02
Pairwise Multileader Locality, 10 leaders: 1.051706e-01
Nonblocking Multileader, 10 leaders: 7.324588e-02
Nonblocking Locality Aware, 10 leaders: 3.073526e-02
Nonblocking Multileader Locality, 10 leaders: 8.675102e-02
Pairwise Multileader, 20 leaders: 5.745122e-02
Pairwise Locality Aware, 20 leaders: 3.422719e-02
Pairwise Multileader Locality, 20 leaders: 5.363702e-02
Nonblocking Multileader, 20 leaders: 3.440509e-02
Nonblocking Locality Aware, 20 leaders: 4.972070e-02
Nonblocking Multileader Locality, 20 leaders: 4.351223e-02
Test 3 Running Alltoall Benchmark on 16 nodes and 1600 tasks
Size 1
PMPI: 4.056194e-04
Pairwise: 5.620454e-03
NonBlocking: 8.160220e-02
Pairwise Hierarchical: 2.426619e-03
Pairwise Node Aware: 3.935712e-04
Nonblocking Hierarchical: 9.469995e-04
Nonblocking Node Aware: 2.444437e-04
Pairwise Multileader, 4 leaders: 8.000696e-04
Pairwise Locality Aware, 4 leaders: 5.782332e-04
Pairwise Multileader Locality, 4 leaders: 4.832044e-04
Nonblocking Multileader, 4 leaders: 3.049983e-04
Nonblocking Locality Aware, 4 leaders: 2.488800e-04
Nonblocking Multileader Locality, 4 leaders: 3.540779e-04
Pairwise Multileader, 10 leaders: 9.298051e-04
Pairwise Locality Aware, 10 leaders: 1.466546e-03
Pairwise Multileader Locality, 10 leaders: 2.661429e-04
Nonblocking Multileader, 10 leaders: 7.598156e-04
Nonblocking Locality Aware, 10 leaders: 2.420559e-02
Nonblocking Multileader Locality, 10 leaders: 1.740324e-04
Pairwise Multileader, 20 leaders: 2.290719e-03
Pairwise Locality Aware, 20 leaders: 2.010099e-03
Pairwise Multileader Locality, 20 leaders: 2.312329e-04
Nonblocking Multileader, 20 leaders: 4.564236e-03
Nonblocking Locality Aware, 20 leaders: 7.537643e-02
Nonblocking Multileader Locality, 20 leaders: 1.487332e-04
Size 2
PMPI: 4.492727e-04
Pairwise: 6.237778e-03
NonBlocking: 7.012331e-02
Pairwise Hierarchical: 2.505455e-03
Pairwise Node Aware: 4.448270e-04
Nonblocking Hierarchical: 2.150244e-03
Nonblocking Node Aware: 3.190208e-04
Pairwise Multileader, 4 leaders: 9.339997e-04
Pairwise Locality Aware, 4 leaders: 7.185598e-04
Pairwise Multileader Locality, 4 leaders: 8.266691e-04
Nonblocking Multileader, 4 leaders: 5.544250e-04
Nonblocking Locality Aware, 4 leaders: 4.009050e-04
Nonblocking Multileader Locality, 4 leaders: 6.382016e-04
Pairwise Multileader, 10 leaders: 9.763208e-04
Pairwise Locality Aware, 10 leaders: 1.380183e-03
Pairwise Multileader Locality, 10 leaders: 3.736775e-04
Nonblocking Multileader, 10 leaders: 3.157212e-04
Nonblocking Locality Aware, 10 leaders: 3.729574e-02
Nonblocking Multileader Locality, 10 leaders: 2.575503e-04
Pairwise Multileader, 20 leaders: 2.573619e-03
Pairwise Locality Aware, 20 leaders: 1.830637e-03
Pairwise Multileader Locality, 20 leaders: 2.918481e-04
Nonblocking Multileader, 20 leaders: 2.978462e-03
Nonblocking Locality Aware, 20 leaders: 4.915209e-02
Nonblocking Multileader Locality, 20 leaders: 2.054243e-04
Size 4
PMPI: 7.935999e-04
Pairwise: 9.845321e-03
NonBlocking: 1.236220e-01
Pairwise Hierarchical: 4.098530e-03
Pairwise Node Aware: 6.536774e-04
Nonblocking Hierarchical: 3.463738e-03
Nonblocking Node Aware: 5.249497e-04
Pairwise Multileader, 4 leaders: 1.459137e-03
Pairwise Locality Aware, 4 leaders: 6.249236e-04
Pairwise Multileader Locality, 4 leaders: 1.304609e-03
Nonblocking Multileader, 4 leaders: 9.204816e-04
Nonblocking Locality Aware, 4 leaders: 4.078424e-04
Nonblocking Multileader Locality, 4 leaders: 1.077838e-03
Pairwise Multileader, 10 leaders: 1.471342e-03
Pairwise Locality Aware, 10 leaders: 1.484384e-03
Pairwise Multileader Locality, 10 leaders: 5.639770e-04
Nonblocking Multileader, 10 leaders: 5.300194e-03
Nonblocking Locality Aware, 10 leaders: 7.429704e-02
Nonblocking Multileader Locality, 10 leaders: 4.433458e-04
Pairwise Multileader, 20 leaders: 2.601150e-03
Pairwise Locality Aware, 20 leaders: 2.667395e-03
Pairwise Multileader Locality, 20 leaders: 4.458030e-04
Nonblocking Multileader, 20 leaders: 9.036785e-03
Nonblocking Locality Aware, 20 leaders: 1.148907e-01
Nonblocking Multileader Locality, 20 leaders: 3.609798e-04
Size 8
PMPI: 1.223040e-03
Pairwise: 1.037076e-02
NonBlocking: 1.180412e-01
Pairwise Hierarchical: 9.747594e-03
Pairwise Node Aware: 9.376359e-04
Nonblocking Hierarchical: 8.148180e-03
Nonblocking Node Aware: 9.315388e-04
Pairwise Multileader, 4 leaders: 2.807399e-03
Pairwise Locality Aware, 4 leaders: 8.593878e-04
Pairwise Multileader Locality, 4 leaders: 3.306262e-03
Nonblocking Multileader, 4 leaders: 2.062807e-03
Nonblocking Locality Aware, 4 leaders: 7.325220e-04
Nonblocking Multileader Locality, 4 leaders: 2.637292e-03
Pairwise Multileader, 10 leaders: 1.674812e-03
Pairwise Locality Aware, 10 leaders: 1.585787e-03
Pairwise Multileader Locality, 10 leaders: 1.216776e-03
Nonblocking Multileader, 10 leaders: 2.545573e-03
Nonblocking Locality Aware, 10 leaders: 6.211607e-02
Nonblocking Multileader Locality, 10 leaders: 7.850484e-04
Pairwise Multileader, 20 leaders: 2.895088e-03
Pairwise Locality Aware, 20 leaders: 2.378786e-03
Pairwise Multileader Locality, 20 leaders: 7.264164e-04
Nonblocking Multileader, 20 leaders: 3.749767e-02
Nonblocking Locality Aware, 20 leaders: 7.446293e-02
Nonblocking Multileader Locality, 20 leaders: 5.886097e-04
Size 16
PMPI: 2.722176e-03
Pairwise: 8.486429e-03
NonBlocking: 2.085683e-01
Pairwise Hierarchical: 2.031100e-02
Pairwise Node Aware: 1.246274e-03
Nonblocking Hierarchical: 1.656281e-02
Nonblocking Node Aware: 1.161196e-03
Pairwise Multileader, 4 leaders: 4.728464e-03
Pairwise Locality Aware, 4 leaders: 1.061274e-03
Pairwise Multileader Locality, 4 leaders: 5.900487e-03
Nonblocking Multileader, 4 leaders: 3.747925e-03
Nonblocking Locality Aware, 4 leaders: 7.206111e-04
Nonblocking Multileader Locality, 4 leaders: 4.696564e-03
Pairwise Multileader, 10 leaders: 2.808903e-03
Pairwise Locality Aware, 10 leaders: 1.411947e-03
Pairwise Multileader Locality, 10 leaders: 2.230006e-03
Nonblocking Multileader, 10 leaders: 1.866768e-03
Nonblocking Locality Aware, 10 leaders: 8.709662e-02
Nonblocking Multileader Locality, 10 leaders: 1.943980e-03
Pairwise Multileader, 20 leaders: 3.172317e-03
Pairwise Locality Aware, 20 leaders: 2.742957e-03
Pairwise Multileader Locality, 20 leaders: 1.447614e-03
Nonblocking Multileader, 20 leaders: 3.386702e-02
Nonblocking Locality Aware, 20 leaders: 8.691813e-02
Nonblocking Multileader Locality, 20 leaders: 1.174326e-03
Size 32
PMPI: 4.332600e-03
Pairwise: 9.629696e-03
NonBlocking: 1.397581e-01
Pairwise Hierarchical: 4.271613e-02
Pairwise Node Aware: 2.409488e-03
Nonblocking Hierarchical: 3.374043e-02
Nonblocking Node Aware: 2.323854e-03
Pairwise Multileader, 4 leaders: 1.353206e-02
Pairwise Locality Aware, 4 leaders: 1.874698e-03
Pairwise Multileader Locality, 4 leaders: 1.113067e-02
Nonblocking Multileader, 4 leaders: 8.647183e-03
Nonblocking Locality Aware, 4 leaders: 1.449837e-03
Nonblocking Multileader Locality, 4 leaders: 8.827992e-03
Pairwise Multileader, 10 leaders: 5.232639e-03
Pairwise Locality Aware, 10 leaders: 2.477749e-03
Pairwise Multileader Locality, 10 leaders: 4.829182e-03
Nonblocking Multileader, 10 leaders: 3.392422e-03
Nonblocking Locality Aware, 10 leaders: 8.797499e-02
Nonblocking Multileader Locality, 10 leaders: 3.869471e-03
Pairwise Multileader, 20 leaders: 3.902940e-03
Pairwise Locality Aware, 20 leaders: 2.675184e-03
Pairwise Multileader Locality, 20 leaders: 2.628264e-03
Nonblocking Multileader, 20 leaders: 2.611468e-02
Nonblocking Locality Aware, 20 leaders: 1.155667e-01
Nonblocking Multileader Locality, 20 leaders: 2.257770e-03
Size 64
PMPI: 8.088600e-03
Pairwise: 9.669455e-03
NonBlocking: 1.406851e-01
Pairwise Hierarchical: 8.227013e-02
Pairwise Node Aware: 4.128537e-03
Nonblocking Hierarchical: 6.439827e-02
Nonblocking Node Aware: 3.203968e-03
Pairwise Multileader, 4 leaders: 2.591870e-02
Pairwise Locality Aware, 4 leaders: 3.700636e-03
Pairwise Multileader Locality, 4 leaders: 2.233706e-02
Nonblocking Multileader, 4 leaders: 1.643241e-02
Nonblocking Locality Aware, 4 leaders: 3.959992e-03
Nonblocking Multileader Locality, 4 leaders: 1.764935e-02
Pairwise Multileader, 10 leaders: 1.190045e-02
Pairwise Locality Aware, 10 leaders: 4.272802e-03
Pairwise Multileader Locality, 10 leaders: 1.006677e-02
Nonblocking Multileader, 10 leaders: 7.992551e-03
Nonblocking Locality Aware, 10 leaders: 7.713388e-02
Nonblocking Multileader Locality, 10 leaders: 8.565480e-03
Pairwise Multileader, 20 leaders: 7.256888e-03
Pairwise Locality Aware, 20 leaders: 5.425456e-03
Pairwise Multileader Locality, 20 leaders: 5.539714e-03
Nonblocking Multileader, 20 leaders: 4.009747e-03
Nonblocking Locality Aware, 20 leaders: 1.162965e-01
Nonblocking Multileader Locality, 20 leaders: 4.389476e-03
Size 128
PMPI: 1.373813e-02
Pairwise: 1.410625e-02
NonBlocking: 1.386339e-01
Pairwise Hierarchical: 1.570768e-01
Pairwise Node Aware: 8.783328e-03
Nonblocking Hierarchical: 1.246298e-01
Nonblocking Node Aware: 7.122048e-03
Pairwise Multileader, 4 leaders: 5.186588e-02
Pairwise Locality Aware, 4 leaders: 7.561386e-03
Pairwise Multileader Locality, 4 leaders: 5.483121e-02
Nonblocking Multileader, 4 leaders: 3.696069e-02
Nonblocking Locality Aware, 4 leaders: 9.158687e-03
Nonblocking Multileader Locality, 4 leaders: 4.162841e-02
Pairwise Multileader, 10 leaders: 2.233809e-02
Pairwise Locality Aware, 10 leaders: 8.700488e-03
Pairwise Multileader Locality, 10 leaders: 2.397820e-02
Nonblocking Multileader, 10 leaders: 1.724228e-02
Nonblocking Locality Aware, 10 leaders: 1.059502e-02
Nonblocking Multileader Locality, 10 leaders: 1.974844e-02
Pairwise Multileader, 20 leaders: 1.367326e-02
Pairwise Locality Aware, 20 leaders: 7.690287e-03
Pairwise Multileader Locality, 20 leaders: 1.176550e-02
Nonblocking Multileader, 20 leaders: 9.377652e-03
Nonblocking Locality Aware, 20 leaders: 8.421389e-02
Nonblocking Multileader Locality, 20 leaders: 9.607994e-03
Size 256
PMPI: 2.802163e-02
Pairwise: 2.364133e-02
NonBlocking: 1.437098e-01
Pairwise Hierarchical: 3.050258e-01
Pairwise Node Aware: 1.316456e-02
Nonblocking Hierarchical: 2.472468e-01
Nonblocking Node Aware: 1.358503e-02
Pairwise Multileader, 4 leaders: 9.536624e-02
Pairwise Locality Aware, 4 leaders: 1.350322e-02
Pairwise Multileader Locality, 4 leaders: 1.053605e-01
Nonblocking Multileader, 4 leaders: 6.885676e-02
Nonblocking Locality Aware, 4 leaders: 1.012003e-02
Nonblocking Multileader Locality, 4 leaders: 8.027354e-02
Pairwise Multileader, 10 leaders: 5.695907e-02
Pairwise Locality Aware, 10 leaders: 1.554696e-02
Pairwise Multileader Locality, 10 leaders: 5.116433e-02
Nonblocking Multileader, 10 leaders: 3.721726e-02
Nonblocking Locality Aware, 10 leaders: 2.259544e-02
Nonblocking Multileader Locality, 10 leaders: 4.217403e-02
Pairwise Multileader, 20 leaders: 3.159568e-02
Pairwise Locality Aware, 20 leaders: 1.714226e-02
Pairwise Multileader Locality, 20 leaders: 2.604765e-02
Nonblocking Multileader, 20 leaders: 1.854408e-02
Nonblocking Locality Aware, 20 leaders: 8.152541e-02
Nonblocking Multileader Locality, 20 leaders: 2.066877e-02
Size 512
PMPI: 6.078197e-02
Pairwise: 3.804570e-02
NonBlocking: 1.576209e-01
Pairwise Hierarchical: 6.268032e-01
Pairwise Node Aware: 2.959684e-02
Nonblocking Hierarchical: 5.415808e-01
Nonblocking Node Aware: 2.732935e-02
Pairwise Multileader, 4 leaders: 1.791945e-01
Pairwise Locality Aware, 4 leaders: 3.295622e-02
Pairwise Multileader Locality, 4 leaders: 1.992444e-01
Nonblocking Multileader, 4 leaders: 1.309408e-01
Nonblocking Locality Aware, 4 leaders: 2.853539e-02
Nonblocking Multileader Locality, 4 leaders: 1.558574e-01
Pairwise Multileader, 10 leaders: 1.042019e-01
Pairwise Locality Aware, 10 leaders: 3.230283e-02
Pairwise Multileader Locality, 10 leaders: 1.045483e-01
Nonblocking Multileader, 10 leaders: 7.314384e-02
Nonblocking Locality Aware, 10 leaders: 2.703545e-02
Nonblocking Multileader Locality, 10 leaders: 8.693618e-02
Pairwise Multileader, 20 leaders: 5.820574e-02
Pairwise Locality Aware, 20 leaders: 3.517655e-02
Pairwise Multileader Locality, 20 leaders: 5.383770e-02
Nonblocking Multileader, 20 leaders: 3.379631e-02
Nonblocking Locality Aware, 20 leaders: 3.945241e-02
Nonblocking Multileader Locality, 20 leaders: 4.352796e-02
