Test 1 Running Alltoall Benchmark on 16 nodes and 1600 tasks
Size 1
PMPI: 4.330241e-04
Pairwise: 5.950948e-03
NonBlocking: 4.418651e-02
Pairwise Hierarchical: 1.231506e-03
Pairwise Node Aware: 4.213355e-04
Nonblocking Hierarchical: 1.163910e-03
Nonblocking Node Aware: 3.396008e-04
Pairwise Multileader, 4 leaders: 6.823751e-04
Pairwise Locality Aware, 4 leaders: 5.584483e-04
Pairwise Multileader Locality, 4 leaders: 5.086404e-04
Nonblocking Multileader, 4 leaders: 3.027484e-04
Nonblocking Locality Aware, 4 leaders: 2.812514e-04
Nonblocking Multileader Locality, 4 leaders: 3.608931e-04
Pairwise Multileader, 10 leaders: 1.326520e-03
Pairwise Locality Aware, 10 leaders: 9.543917e-04
Pairwise Multileader Locality, 10 leaders: 2.778076e-04
Nonblocking Multileader, 10 leaders: 7.781402e-04
Nonblocking Locality Aware, 10 leaders: 1.262865e-02
Nonblocking Multileader Locality, 10 leaders: 1.859482e-04
Pairwise Multileader, 20 leaders: 2.424050e-03
Pairwise Locality Aware, 20 leaders: 2.391027e-03
Pairwise Multileader Locality, 20 leaders: 3.088969e-04
Nonblocking Multileader, 20 leaders: 7.990173e-04
Nonblocking Locality Aware, 20 leaders: 4.976892e-02
Nonblocking Multileader Locality, 20 leaders: 1.591567e-04
Size 2
PMPI: 5.978510e-04
Pairwise: 4.568059e-03
NonBlocking: 4.187781e-02
Pairwise Hierarchical: 3.042974e-03
Pairwise Node Aware: 4.450407e-04
Nonblocking Hierarchical: 2.402693e-03
Nonblocking Node Aware: 3.723002e-04
Pairwise Multileader, 4 leaders: 1.008550e-03
Pairwise Locality Aware, 4 leaders: 7.492315e-04
Pairwise Multileader Locality, 4 leaders: 1.245089e-03
Nonblocking Multileader, 4 leaders: 5.444290e-04
Nonblocking Locality Aware, 4 leaders: 3.572208e-04
Nonblocking Multileader Locality, 4 leaders: 8.786531e-04
Pairwise Multileader, 10 leaders: 1.103616e-03
Pairwise Locality Aware, 10 leaders: 1.341004e-03
Pairwise Multileader Locality, 10 leaders: 3.493382e-04
Nonblocking Multileader, 10 leaders: 9.601956e-04
Nonblocking Locality Aware, 10 leaders: 7.422236e-02
Nonblocking Multileader Locality, 10 leaders: 2.747619e-04
Pairwise Multileader, 20 leaders: 1.996505e-03
Pairwise Locality Aware, 20 leaders: 2.385028e-03
Pairwise Multileader Locality, 20 leaders: 3.188455e-04
Nonblocking Multileader, 20 leaders: 1.982868e-03
Nonblocking Locality Aware, 20 leaders: 6.192662e-02
Nonblocking Multileader Locality, 20 leaders: 2.366972e-04
Size 4
PMPI: 8.139450e-04
Pairwise: 9.111973e-03
NonBlocking: 1.626817e-01
Pairwise Hierarchical: 4.891617e-03
Pairwise Node Aware: 5.751103e-04
Nonblocking Hierarchical: 3.841045e-03
Nonblocking Node Aware: 5.048780e-04
Pairwise Multileader, 4 leaders: 1.436506e-03
Pairwise Locality Aware, 4 leaders: 6.993173e-04
Pairwise Multileader Locality, 4 leaders: 1.324855e-03
Nonblocking Multileader, 4 leaders: 8.961939e-04
Nonblocking Locality Aware, 4 leaders: 3.404878e-04
Nonblocking Multileader Locality, 4 leaders: 1.129216e-03
Pairwise Multileader, 10 leaders: 1.656599e-03
Pairwise Locality Aware, 10 leaders: 1.299851e-03
Pairwise Multileader Locality, 10 leaders: 5.777706e-04
Nonblocking Multileader, 10 leaders: 3.791962e-03
Nonblocking Locality Aware, 10 leaders: 8.670521e-02
Nonblocking Multileader Locality, 10 leaders: 4.640104e-04
Pairwise Multileader, 20 leaders: 2.556104e-03
Pairwise Locality Aware, 20 leaders: 2.283212e-03
Pairwise Multileader Locality, 20 leaders: 4.955640e-04
Nonblocking Multileader, 20 leaders: 3.979302e-03
Nonblocking Locality Aware, 20 leaders: 6.699171e-02
Nonblocking Multileader Locality, 20 leaders: 3.827473e-04
Size 8
PMPI: 1.609922e-03
Pairwise: 1.049803e-02
NonBlocking: 1.637957e-01
Pairwise Hierarchical: 1.273378e-02
Pairwise Node Aware: 1.010801e-03
Nonblocking Hierarchical: 8.355523e-03
Nonblocking Node Aware: 7.515149e-04
Pairwise Multileader, 4 leaders: 3.210506e-03
Pairwise Locality Aware, 4 leaders: 1.143823e-03
Pairwise Multileader Locality, 4 leaders: 3.507109e-03
Nonblocking Multileader, 4 leaders: 2.082108e-03
Nonblocking Locality Aware, 4 leaders: 5.088995e-04
Nonblocking Multileader Locality, 4 leaders: 2.511954e-03
Pairwise Multileader, 10 leaders: 2.340936e-03
Pairwise Locality Aware, 10 leaders: 1.323712e-03
Pairwise Multileader Locality, 10 leaders: 1.205298e-03
Nonblocking Multileader, 10 leaders: 3.088389e-03
Nonblocking Locality Aware, 10 leaders: 7.453733e-02
Nonblocking Multileader Locality, 10 leaders: 7.744383e-04
Pairwise Multileader, 20 leaders: 2.433188e-03
Pairwise Locality Aware, 20 leaders: 2.912048e-03
Pairwise Multileader Locality, 20 leaders: 8.064673e-04
Nonblocking Multileader, 20 leaders: 2.310288e-02
Nonblocking Locality Aware, 20 leaders: 8.675227e-02
Nonblocking Multileader Locality, 20 leaders: 5.204873e-04
Size 16
PMPI: 2.844742e-03
Pairwise: 1.307978e-02
NonBlocking: 1.184554e-01
Pairwise Hierarchical: 2.102447e-02
Pairwise Node Aware: 1.320471e-03
Nonblocking Hierarchical: 1.668942e-02
Nonblocking Node Aware: 1.175672e-03
Pairwise Multileader, 4 leaders: 4.692157e-03
Pairwise Locality Aware, 4 leaders: 1.235443e-03
Pairwise Multileader Locality, 4 leaders: 5.867382e-03
Nonblocking Multileader, 4 leaders: 3.686511e-03
Nonblocking Locality Aware, 4 leaders: 8.905253e-04
Nonblocking Multileader Locality, 4 leaders: 4.951118e-03
Pairwise Multileader, 10 leaders: 4.729464e-03
Pairwise Locality Aware, 10 leaders: 1.999899e-03
Pairwise Multileader Locality, 10 leaders: 2.211262e-03
Nonblocking Multileader, 10 leaders: 1.596786e-03
Nonblocking Locality Aware, 10 leaders: 8.725084e-02
Nonblocking Multileader Locality, 10 leaders: 1.925897e-03
Pairwise Multileader, 20 leaders: 2.690617e-03
Pairwise Locality Aware, 20 leaders: 2.595551e-03
Pairwise Multileader Locality, 20 leaders: 1.384101e-03
Nonblocking Multileader, 20 leaders: 7.701969e-03
Nonblocking Locality Aware, 20 leaders: 8.692606e-02
Nonblocking Multileader Locality, 20 leaders: 1.086531e-03
Size 32
PMPI: 4.399972e-03
Pairwise: 1.266790e-02
NonBlocking: 1.176694e-01
Pairwise Hierarchical: 4.236802e-02
Pairwise Node Aware: 2.304586e-03
Nonblocking Hierarchical: 3.376797e-02
Nonblocking Node Aware: 2.067517e-03
Pairwise Multileader, 4 leaders: 1.381995e-02
Pairwise Locality Aware, 4 leaders: 1.816843e-03
Pairwise Multileader Locality, 4 leaders: 1.101817e-02
Nonblocking Multileader, 4 leaders: 8.668375e-03
Nonblocking Locality Aware, 4 leaders: 1.459174e-03
Nonblocking Multileader Locality, 4 leaders: 8.857145e-03
Pairwise Multileader, 10 leaders: 5.335817e-03
Pairwise Locality Aware, 10 leaders: 2.823025e-03
Pairwise Multileader Locality, 10 leaders: 4.740068e-03
Nonblocking Multileader, 10 leaders: 3.349808e-03
Nonblocking Locality Aware, 10 leaders: 9.355382e-02
Nonblocking Multileader Locality, 10 leaders: 3.800382e-03
Pairwise Multileader, 20 leaders: 4.162088e-03
Pairwise Locality Aware, 20 leaders: 3.315167e-03
Pairwise Multileader Locality, 20 leaders: 2.562703e-03
Nonblocking Multileader, 20 leaders: 1.647736e-02
Nonblocking Locality Aware, 20 leaders: 9.347074e-02
Nonblocking Multileader Locality, 20 leaders: 1.992682e-03
Size 64
PMPI: 8.697242e-03
Pairwise: 1.214465e-02
NonBlocking: 1.185682e-01
Pairwise Hierarchical: 8.212852e-02
Pairwise Node Aware: 4.213681e-03
Nonblocking Hierarchical: 6.453548e-02
Nonblocking Node Aware: 3.513836e-03
Pairwise Multileader, 4 leaders: 2.539389e-02
Pairwise Locality Aware, 4 leaders: 3.505002e-03
Pairwise Multileader Locality, 4 leaders: 2.212202e-02
Nonblocking Multileader, 4 leaders: 1.633886e-02
Nonblocking Locality Aware, 4 leaders: 3.831837e-03
Nonblocking Multileader Locality, 4 leaders: 1.741961e-02
Pairwise Multileader, 10 leaders: 1.124783e-02
Pairwise Locality Aware, 10 leaders: 4.324005e-03
Pairwise Multileader Locality, 10 leaders: 1.006150e-02
Nonblocking Multileader, 10 leaders: 7.839897e-03
Nonblocking Locality Aware, 10 leaders: 8.856915e-02
Nonblocking Multileader Locality, 10 leaders: 8.473225e-03
Pairwise Multileader, 20 leaders: 7.872161e-03
Pairwise Locality Aware, 20 leaders: 4.152626e-03
Pairwise Multileader Locality, 20 leaders: 5.436173e-03
Nonblocking Multileader, 20 leaders: 6.187826e-03
Nonblocking Locality Aware, 20 leaders: 1.161806e-01
Nonblocking Multileader Locality, 20 leaders: 4.264051e-03
Size 128
PMPI: 1.642707e-02
Pairwise: 1.136302e-02
NonBlocking: 1.395690e-01
Pairwise Hierarchical: 1.565105e-01
Pairwise Node Aware: 8.927714e-03
Nonblocking Hierarchical: 1.234256e-01
Nonblocking Node Aware: 7.085583e-03
Pairwise Multileader, 4 leaders: 5.202922e-02
Pairwise Locality Aware, 4 leaders: 8.246419e-03
Pairwise Multileader Locality, 4 leaders: 5.490874e-02
Nonblocking Multileader, 4 leaders: 3.647775e-02
Nonblocking Locality Aware, 4 leaders: 8.119370e-03
Nonblocking Multileader Locality, 4 leaders: 4.122743e-02
Pairwise Multileader, 10 leaders: 2.487583e-02
Pairwise Locality Aware, 10 leaders: 1.000314e-02
Pairwise Multileader Locality, 10 leaders: 2.467004e-02
Nonblocking Multileader, 10 leaders: 1.760585e-02
Nonblocking Locality Aware, 10 leaders: 2.156532e-02
Nonblocking Multileader Locality, 10 leaders: 1.968722e-02
Pairwise Multileader, 20 leaders: 1.647741e-02
Pairwise Locality Aware, 20 leaders: 1.100659e-02
Pairwise Multileader Locality, 20 leaders: 1.264791e-02
Nonblocking Multileader, 20 leaders: 8.168976e-03
Nonblocking Locality Aware, 20 leaders: 9.524570e-02
Nonblocking Multileader Locality, 20 leaders: 9.726965e-03
Size 256
PMPI: 3.620148e-02
Pairwise: 2.166070e-02
NonBlocking: 1.959571e-01
Pairwise Hierarchical: 3.057154e-01
Pairwise Node Aware: 1.344906e-02
Nonblocking Hierarchical: 2.483800e-01
Nonblocking Node Aware: 1.387136e-02
Pairwise Multileader, 4 leaders: 9.456398e-02
Pairwise Locality Aware, 4 leaders: 1.281594e-02
Pairwise Multileader Locality, 4 leaders: 1.044530e-01
Nonblocking Multileader, 4 leaders: 6.899244e-02
Nonblocking Locality Aware, 4 leaders: 1.063059e-02
Nonblocking Multileader Locality, 4 leaders: 7.988911e-02
Pairwise Multileader, 10 leaders: 5.407502e-02
Pairwise Locality Aware, 10 leaders: 1.529740e-02
Pairwise Multileader Locality, 10 leaders: 5.091870e-02
Nonblocking Multileader, 10 leaders: 3.679745e-02
Nonblocking Locality Aware, 10 leaders: 2.304182e-02
Nonblocking Multileader Locality, 10 leaders: 4.157429e-02
Pairwise Multileader, 20 leaders: 2.792569e-02
Pairwise Locality Aware, 20 leaders: 1.419149e-02
Pairwise Multileader Locality, 20 leaders: 2.567481e-02
Nonblocking Multileader, 20 leaders: 1.718773e-02
Nonblocking Locality Aware, 20 leaders: 5.534666e-02
Nonblocking Multileader Locality, 20 leaders: 2.063240e-02
Size 512
PMPI: 4.811985e-02
Pairwise: 3.340172e-02
NonBlocking: 2.054434e-01
Pairwise Hierarchical: 5.915922e-01
Pairwise Node Aware: 2.827268e-02
Nonblocking Hierarchical: 5.317202e-01
Nonblocking Node Aware: 2.786209e-02
Pairwise Multileader, 4 leaders: 1.815433e-01
Pairwise Locality Aware, 4 leaders: 3.183968e-02
Pairwise Multileader Locality, 4 leaders: 2.015965e-01
Nonblocking Multileader, 4 leaders: 1.310914e-01
Nonblocking Locality Aware, 4 leaders: 2.594088e-02
Nonblocking Multileader Locality, 4 leaders: 1.564615e-01
Pairwise Multileader, 10 leaders: 1.031070e-01
Pairwise Locality Aware, 10 leaders: 3.425219e-02
Pairwise Multileader Locality, 10 leaders: 1.047621e-01
Nonblocking Multileader, 10 leaders: 7.283069e-02
Nonblocking Locality Aware, 10 leaders: 3.005283e-02
Nonblocking Multileader Locality, 10 leaders: 8.608782e-02
Pairwise Multileader, 20 leaders: 5.757395e-02
Pairwise Locality Aware, 20 leaders: 3.269456e-02
Pairwise Multileader Locality, 20 leaders: 5.477726e-02
Nonblocking Multileader, 20 leaders: 3.674796e-02
Nonblocking Locality Aware, 20 leaders: 5.508435e-02
Nonblocking Multileader Locality, 20 leaders: 4.340753e-02
Test 2 Running Alltoall Benchmark on 16 nodes and 1600 tasks
Size 1
PMPI: 4.538737e-04
Pairwise: 6.779058e-03
NonBlocking: 5.530908e-02
Pairwise Hierarchical: 2.487306e-03
Pairwise Node Aware: 4.137996e-04
Nonblocking Hierarchical: 9.475253e-04
Nonblocking Node Aware: 2.495660e-04
Pairwise Multileader, 4 leaders: 6.557347e-04
Pairwise Locality Aware, 4 leaders: 6.526911e-04
Pairwise Multileader Locality, 4 leaders: 4.849918e-04
Nonblocking Multileader, 4 leaders: 3.014200e-04
Nonblocking Locality Aware, 4 leaders: 2.336354e-04
Nonblocking Multileader Locality, 4 leaders: 3.570558e-04
Pairwise Multileader, 10 leaders: 9.615098e-04
Pairwise Locality Aware, 10 leaders: 1.006921e-03
Pairwise Multileader Locality, 10 leaders: 2.978437e-04
Nonblocking Multileader, 10 leaders: 3.721328e-04
Nonblocking Locality Aware, 10 leaders: 9.429862e-03
Nonblocking Multileader Locality, 10 leaders: 1.869862e-04
Pairwise Multileader, 20 leaders: 2.575303e-03
Pairwise Locality Aware, 20 leaders: 2.264168e-03
Pairwise Multileader Locality, 20 leaders: 2.273195e-04
Nonblocking Multileader, 20 leaders: 6.519834e-04
Nonblocking Locality Aware, 20 leaders: 7.434392e-02
Nonblocking Multileader Locality, 20 leaders: 1.473408e-04
Size 2
PMPI: 5.428446e-04
Pairwise: 6.024094e-03
NonBlocking: 6.991065e-02
Pairwise Hierarchical: 2.590141e-03
Pairwise Node Aware: 4.662685e-04
Nonblocking Hierarchical: 2.178634e-03
Nonblocking Node Aware: 3.293290e-04
Pairwise Multileader, 4 leaders: 1.128011e-03
Pairwise Locality Aware, 4 leaders: 5.839151e-04
Pairwise Multileader Locality, 4 leaders: 8.293025e-04
Nonblocking Multileader, 4 leaders: 5.495449e-04
Nonblocking Locality Aware, 4 leaders: 5.211003e-04
Nonblocking Multileader Locality, 4 leaders: 6.160794e-04
Pairwise Multileader, 10 leaders: 1.081497e-03
Pairwise Locality Aware, 10 leaders: 1.769915e-03
Pairwise Multileader Locality, 10 leaders: 3.548626e-04
Nonblocking Multileader, 10 leaders: 2.833696e-03
Nonblocking Locality Aware, 10 leaders: 6.191701e-02
Nonblocking Multileader Locality, 10 leaders: 2.654992e-04
Pairwise Multileader, 20 leaders: 3.294539e-03
Pairwise Locality Aware, 20 leaders: 2.033174e-03
Pairwise Multileader Locality, 20 leaders: 2.724131e-04
Nonblocking Multileader, 20 leaders: 2.159896e-03
Nonblocking Locality Aware, 20 leaders: 7.428232e-02
Nonblocking Multileader Locality, 20 leaders: 1.834168e-04
Size 4
PMPI: 8.307984e-04
Pairwise: 1.134325e-02
NonBlocking: 1.177569e-01
Pairwise Hierarchical: 4.133496e-03
Pairwise Node Aware: 5.654517e-04
Nonblocking Hierarchical: 3.427669e-03
Nonblocking Node Aware: 4.832495e-04
Pairwise Multileader, 4 leaders: 1.655393e-03
Pairwise Locality Aware, 4 leaders: 7.086357e-04
Pairwise Multileader Locality, 4 leaders: 1.323349e-03
Nonblocking Multileader, 4 leaders: 9.078416e-04
Nonblocking Locality Aware, 4 leaders: 3.390081e-04
Nonblocking Multileader Locality, 4 leaders: 1.058624e-03
Pairwise Multileader, 10 leaders: 1.727225e-03
Pairwise Locality Aware, 10 leaders: 1.270533e-03
Pairwise Multileader Locality, 10 leaders: 6.094714e-04
Nonblocking Multileader, 10 leaders: 3.179114e-03
Nonblocking Locality Aware, 10 leaders: 6.208688e-02
Nonblocking Multileader Locality, 10 leaders: 4.832017e-04
Pairwise Multileader, 20 leaders: 2.527178e-03
Pairwise Locality Aware, 20 leaders: 3.305921e-03
Pairwise Multileader Locality, 20 leaders: 4.762235e-04
Nonblocking Multileader, 20 leaders: 2.082450e-02
Nonblocking Locality Aware, 20 leaders: 1.148664e-01
Nonblocking Multileader Locality, 20 leaders: 3.834983e-04
Size 8
PMPI: 1.720482e-03
Pairwise: 1.263827e-02
NonBlocking: 9.592376e-02
Pairwise Hierarchical: 9.533451e-03
Pairwise Node Aware: 8.901492e-04
Nonblocking Hierarchical: 8.156724e-03
Nonblocking Node Aware: 7.963056e-04
Pairwise Multileader, 4 leaders: 2.987149e-03
Pairwise Locality Aware, 4 leaders: 9.361978e-04
Pairwise Multileader Locality, 4 leaders: 3.258034e-03
Nonblocking Multileader, 4 leaders: 1.972916e-03
Nonblocking Locality Aware, 4 leaders: 5.462651e-04
Nonblocking Multileader Locality, 4 leaders: 2.669150e-03
Pairwise Multileader, 10 leaders: 1.771314e-03
Pairwise Locality Aware, 10 leaders: 1.460461e-03
Pairwise Multileader Locality, 10 leaders: 1.353042e-03
Nonblocking Multileader, 10 leaders: 1.314972e-02
Nonblocking Locality Aware, 10 leaders: 4.991031e-02
Nonblocking Multileader Locality, 10 leaders: 9.558421e-04
Pairwise Multileader, 20 leaders: 2.742494e-03
Pairwise Locality Aware, 20 leaders: 3.101839e-03
Pairwise Multileader Locality, 20 leaders: 7.575544e-04
Nonblocking Multileader, 20 leaders: 1.299853e-02
Nonblocking Locality Aware, 20 leaders: 9.229251e-02
Nonblocking Multileader Locality, 20 leaders: 6.406771e-04
Size 16
PMPI: 2.846359e-03
Pairwise: 1.208225e-02
NonBlocking: 1.176420e-01
Pairwise Hierarchical: 2.335311e-02
Pairwise Node Aware: 1.811199e-03
Nonblocking Hierarchical: 1.654472e-02
Nonblocking Node Aware: 1.196417e-03
Pairwise Multileader, 4 leaders: 4.861932e-03
Pairwise Locality Aware, 4 leaders: 1.454529e-03
Pairwise Multileader Locality, 4 leaders: 5.954459e-03
Nonblocking Multileader, 4 leaders: 3.809139e-03
Nonblocking Locality Aware, 4 leaders: 1.323023e-03
Nonblocking Multileader Locality, 4 leaders: 4.966127e-03
Pairwise Multileader, 10 leaders: 3.442355e-03
Pairwise Locality Aware, 10 leaders: 1.870502e-03
Pairwise Multileader Locality, 10 leaders: 2.161774e-03
Nonblocking Multileader, 10 leaders: 2.125759e-03
Nonblocking Locality Aware, 10 leaders: 8.754209e-02
Nonblocking Multileader Locality, 10 leaders: 1.810189e-03
Pairwise Multileader, 20 leaders: 3.350448e-03
Pairwise Locality Aware, 20 leaders: 2.558074e-03
Pairwise Multileader Locality, 20 leaders: 1.411808e-03
Nonblocking Multileader, 20 leaders: 2.675647e-02
Nonblocking Locality Aware, 20 leaders: 9.236039e-02
Nonblocking Multileader Locality, 20 leaders: 1.096979e-03
Size 32
PMPI: 4.516153e-03
Pairwise: 1.345576e-02
NonBlocking: 1.184366e-01
Pairwise Hierarchical: 4.230387e-02
Pairwise Node Aware: 2.548682e-03
Nonblocking Hierarchical: 3.363275e-02
Nonblocking Node Aware: 2.443417e-03
Pairwise Multileader, 4 leaders: 1.417224e-02
Pairwise Locality Aware, 4 leaders: 2.068860e-03
Pairwise Multileader Locality, 4 leaders: 1.115622e-02
Nonblocking Multileader, 4 leaders: 8.583413e-03
Nonblocking Locality Aware, 4 leaders: 2.227289e-03
Nonblocking Multileader Locality, 4 leaders: 8.761234e-03
Pairwise Multileader, 10 leaders: 5.838895e-03
Pairwise Locality Aware, 10 leaders: 3.125341e-03
Pairwise Multileader Locality, 10 leaders: 6.229586e-03
Nonblocking Multileader, 10 leaders: 1.675236e-02
Nonblocking Locality Aware, 10 leaders: 1.164454e-01
Nonblocking Multileader Locality, 10 leaders: 3.882623e-03
Pairwise Multileader, 20 leaders: 4.189397e-03
Pairwise Locality Aware, 20 leaders: 4.845425e-03
Pairwise Multileader Locality, 20 leaders: 2.573718e-03
Nonblocking Multileader, 20 leaders: 1.808374e-02
Nonblocking Locality Aware, 20 leaders: 1.007409e-01
Nonblocking Multileader Locality, 20 leaders: 1.893118e-03
Size 64
PMPI: 9.130303e-03
Pairwise: 1.412137e-02
NonBlocking: 1.409043e-01
Pairwise Hierarchical: 8.180248e-02
Pairwise Node Aware: 4.258802e-03
Nonblocking Hierarchical: 6.399348e-02
Nonblocking Node Aware: 3.544707e-03
Pairwise Multileader, 4 leaders: 2.775328e-02
Pairwise Locality Aware, 4 leaders: 4.638232e-03
Pairwise Multileader Locality, 4 leaders: 2.290795e-02
Nonblocking Multileader, 4 leaders: 1.638994e-02
Nonblocking Locality Aware, 4 leaders: 4.770788e-03
Nonblocking Multileader Locality, 4 leaders: 1.776708e-02
Pairwise Multileader, 10 leaders: 1.373607e-02
Pairwise Locality Aware, 10 leaders: 5.696899e-03
Pairwise Multileader Locality, 10 leaders: 1.102084e-02
Nonblocking Multileader, 10 leaders: 8.086314e-03
Nonblocking Locality Aware, 10 leaders: 7.022337e-02
Nonblocking Multileader Locality, 10 leaders: 8.815089e-03
Pairwise Multileader, 20 leaders: 1.097840e-02
Pairwise Locality Aware, 20 leaders: 8.953714e-03
Pairwise Multileader Locality, 20 leaders: 6.549855e-03
Nonblocking Multileader, 20 leaders: 2.060046e-02
Nonblocking Locality Aware, 20 leaders: 1.371408e-01
Nonblocking Multileader Locality, 20 leaders: 4.155948e-03
Size 128
PMPI: 1.640004e-02
Pairwise: 1.764926e-02
NonBlocking: 1.388498e-01
Pairwise Hierarchical: 1.586475e-01
Pairwise Node Aware: 1.022733e-02
Nonblocking Hierarchical: 1.240141e-01
Nonblocking Node Aware: 7.628952e-03
Pairwise Multileader, 4 leaders: 5.165550e-02
Pairwise Locality Aware, 4 leaders: 7.682410e-03
Pairwise Multileader Locality, 4 leaders: 5.524139e-02
Nonblocking Multileader, 4 leaders: 3.711858e-02
Nonblocking Locality Aware, 4 leaders: 8.861306e-03
Nonblocking Multileader Locality, 4 leaders: 4.205706e-02
Pairwise Multileader, 10 leaders: 2.545453e-02
Pairwise Locality Aware, 10 leaders: 9.040259e-03
Pairwise Multileader Locality, 10 leaders: 2.467584e-02
Nonblocking Multileader, 10 leaders: 1.730027e-02
Nonblocking Locality Aware, 10 leaders: 1.470511e-02
Nonblocking Multileader Locality, 10 leaders: 1.957519e-02
Pairwise Multileader, 20 leaders: 1.412944e-02
Pairwise Locality Aware, 20 leaders: 9.531524e-03
Pairwise Multileader Locality, 20 leaders: 1.176668e-02
Nonblocking Multileader, 20 leaders: 9.761643e-03
Nonblocking Locality Aware, 20 leaders: 1.203249e-01
Nonblocking Multileader Locality, 20 leaders: 9.748842e-03
Size 256
PMPI: 3.338327e-02
Pairwise: 2.508443e-02
NonBlocking: 1.462978e-01
Pairwise Hierarchical: 3.073555e-01
Pairwise Node Aware: 1.581782e-02
Nonblocking Hierarchical: 2.471609e-01
Nonblocking Node Aware: 1.378703e-02
Pairwise Multileader, 4 leaders: 9.622253e-02
Pairwise Locality Aware, 4 leaders: 1.516738e-02
Pairwise Multileader Locality, 4 leaders: 1.045135e-01
Nonblocking Multileader, 4 leaders: 7.010880e-02
Nonblocking Locality Aware, 4 leaders: 1.520386e-02
Nonblocking Multileader Locality, 4 leaders: 7.955588e-02
Pairwise Multileader, 10 leaders: 6.184751e-02
Pairwise Locality Aware, 10 leaders: 1.665518e-02
Pairwise Multileader Locality, 10 leaders: 5.125067e-02
Nonblocking Multileader, 10 leaders: 3.682636e-02
Nonblocking Locality Aware, 10 leaders: 2.661753e-02
Nonblocking Multileader Locality, 10 leaders: 4.206558e-02
Pairwise Multileader, 20 leaders: 3.313171e-02
Pairwise Locality Aware, 20 leaders: 1.990310e-02
Pairwise Multileader Locality, 20 leaders: 2.588996e-02
Nonblocking Multileader, 20 leaders: 5.411791e-02
Nonblocking Locality Aware, 20 leaders: 7.486528e-02
Nonblocking Multileader Locality, 20 leaders: 2.084529e-02
Size 512
PMPI: 4.379466e-02
Pairwise: 3.462139e-02
NonBlocking: 2.247827e-01
Pairwise Hierarchical: 6.020665e-01
Pairwise Node Aware: 3.277118e-02
Nonblocking Hierarchical: 5.313575e-01
Nonblocking Node Aware: 3.057192e-02
Pairwise Multileader, 4 leaders: 1.840391e-01
Pairwise Locality Aware, 4 leaders: 3.320577e-02
Pairwise Multileader Locality, 4 leaders: 2.029076e-01
Nonblocking Multileader, 4 leaders: 1.314693e-01
Nonblocking Locality Aware, 4 leaders: 3.053571e-02
Nonblocking Multileader Locality, 4 leaders: 1.563394e-01
Pairwise Multileader, 10 leaders: 1.119233e-01
Pairwise Locality Aware, 10 leaders: 3.806544e-02
Pairwise Multileader Locality, 10 leaders: 1.046247e-01
Nonblocking Multileader, 10 leaders: 7.256326e-02
Nonblocking Locality Aware, 10 leaders: 3.153071e-02
Nonblocking Multileader Locality, 10 leaders: 8.638805e-02
Pairwise Multileader, 20 leaders: 5.705854e-02
Pairwise Locality Aware, 20 leaders: 3.400908e-02
Pairwise Multileader Locality, 20 leaders: 5.410885e-02
Nonblocking Multileader, 20 leaders: 3.479698e-02
Nonblocking Locality Aware, 20 leaders: 4.440748e-02
Nonblocking Multileader Locality, 20 leaders: 4.357589e-02
Test 3 Running Alltoall Benchmark on 16 nodes and 1600 tasks
Size 1
PMPI: 4.177195e-04
Pairwise: 5.199548e-03
NonBlocking: 1.100360e-01
Pairwise Hierarchical: 1.592366e-03
Pairwise Node Aware: 4.886602e-04
Nonblocking Hierarchical: 9.669632e-04
Nonblocking Node Aware: 2.490696e-04
Pairwise Multileader, 4 leaders: 7.300141e-04
Pairwise Locality Aware, 4 leaders: 5.723628e-04
Pairwise Multileader Locality, 4 leaders: 4.731126e-04
Nonblocking Multileader, 4 leaders: 3.042079e-04
Nonblocking Locality Aware, 4 leaders: 2.480673e-04
Nonblocking Multileader Locality, 4 leaders: 3.638312e-04
Pairwise Multileader, 10 leaders: 1.452423e-03
Pairwise Locality Aware, 10 leaders: 1.197064e-03
Pairwise Multileader Locality, 10 leaders: 2.889861e-04
Nonblocking Multileader, 10 leaders: 5.073503e-04
Nonblocking Locality Aware, 10 leaders: 6.193260e-02
Nonblocking Multileader Locality, 10 leaders: 1.851638e-04
Pairwise Multileader, 20 leaders: 2.123075e-03
Pairwise Locality Aware, 20 leaders: 2.422968e-03
Pairwise Multileader Locality, 20 leaders: 2.859249e-04
Nonblocking Multileader, 20 leaders: 4.725907e-04
Nonblocking Locality Aware, 20 leaders: 4.947900e-02
Nonblocking Multileader Locality, 20 leaders: 1.489342e-04
Size 2
PMPI: 4.858686e-04
Pairwise: 5.825031e-03
NonBlocking: 7.519179e-02
Pairwise Hierarchical: 2.718246e-03
Pairwise Node Aware: 5.424754e-04
Nonblocking Hierarchical: 2.149297e-03
Nonblocking Node Aware: 3.267189e-04
Pairwise Multileader, 4 leaders: 1.105247e-03
Pairwise Locality Aware, 4 leaders: 8.103267e-04
Pairwise Multileader Locality, 4 leaders: 8.643405e-04
Nonblocking Multileader, 4 leaders: 5.451563e-04
Nonblocking Locality Aware, 4 leaders: 4.253554e-04
Nonblocking Multileader Locality, 4 leaders: 6.393091e-04
Pairwise Multileader, 10 leaders: 1.063266e-03
Pairwise Locality Aware, 10 leaders: 1.200477e-03
Pairwise Multileader Locality, 10 leaders: 3.861480e-04
Nonblocking Multileader, 10 leaders: 4.707489e-04
Nonblocking Locality Aware, 10 leaders: 7.423120e-02
Nonblocking Multileader Locality, 10 leaders: 2.792720e-04
Pairwise Multileader, 20 leaders: 2.088824e-03
Pairwise Locality Aware, 20 leaders: 2.463743e-03
Pairwise Multileader Locality, 20 leaders: 3.333911e-04
Nonblocking Multileader, 20 leaders: 7.522634e-04
Nonblocking Locality Aware, 20 leaders: 7.428993e-02
Nonblocking Multileader Locality, 20 leaders: 2.276940e-04
Size 4
PMPI: 8.629913e-04
Pairwise: 1.424771e-02
NonBlocking: 1.182462e-01
Pairwise Hierarchical: 3.974227e-03
Pairwise Node Aware: 5.762763e-04
Nonblocking Hierarchical: 3.410554e-03
Nonblocking Node Aware: 5.096489e-04
Pairwise Multileader, 4 leaders: 1.463766e-03
Pairwise Locality Aware, 4 leaders: 7.147027e-04
Pairwise Multileader Locality, 4 leaders: 1.305748e-03
Nonblocking Multileader, 4 leaders: 8.919045e-04
Nonblocking Locality Aware, 4 leaders: 4.748210e-04
Nonblocking Multileader Locality, 4 leaders: 1.058784e-03
Pairwise Multileader, 10 leaders: 1.246617e-03
Pairwise Locality Aware, 10 leaders: 1.583577e-03
Pairwise Multileader Locality, 10 leaders: 5.766123e-04
Nonblocking Multileader, 10 leaders: 1.534544e-03
Nonblocking Locality Aware, 10 leaders: 8.664577e-02
Nonblocking Multileader Locality, 10 leaders: 4.750576e-04
Pairwise Multileader, 20 leaders: 2.747437e-03
Pairwise Locality Aware, 20 leaders: 3.011540e-03
Pairwise Multileader Locality, 20 leaders: 4.403552e-04
Nonblocking Multileader, 20 leaders: 6.527307e-03
Nonblocking Locality Aware, 20 leaders: 1.150737e-01
Nonblocking Multileader Locality, 20 leaders: 3.478768e-04
Size 8
PMPI: 1.383073e-03
Pairwise: 1.209230e-02
NonBlocking: 1.176391e-01
Pairwise Hierarchical: 9.703655e-03
Pairwise Node Aware: 1.097592e-03
Nonblocking Hierarchical: 8.185509e-03
Nonblocking Node Aware: 8.704872e-04
Pairwise Multileader, 4 leaders: 2.847978e-03
Pairwise Locality Aware, 4 leaders: 1.009959e-03
Pairwise Multileader Locality, 4 leaders: 3.320456e-03
Nonblocking Multileader, 4 leaders: 1.988465e-03
Nonblocking Locality Aware, 4 leaders: 7.998742e-04
Nonblocking Multileader Locality, 4 leaders: 2.559378e-03
Pairwise Multileader, 10 leaders: 3.145339e-03
Pairwise Locality Aware, 10 leaders: 1.381897e-03
Pairwise Multileader Locality, 10 leaders: 1.207761e-03
Nonblocking Multileader, 10 leaders: 1.123892e-03
Nonblocking Locality Aware, 10 leaders: 9.912500e-02
Nonblocking Multileader Locality, 10 leaders: 9.959667e-04
Pairwise Multileader, 20 leaders: 2.826962e-03
Pairwise Locality Aware, 20 leaders: 2.720941e-03
Pairwise Multileader Locality, 20 leaders: 7.736871e-04
Nonblocking Multileader, 20 leaders: 2.105274e-02
Nonblocking Locality Aware, 20 leaders: 1.150358e-01
Nonblocking Multileader Locality, 20 leaders: 5.912624e-04
Size 16
PMPI: 2.731414e-03
Pairwise: 1.378399e-02
NonBlocking: 1.172609e-01
Pairwise Hierarchical: 2.048913e-02
Pairwise Node Aware: 1.206200e-03
Nonblocking Hierarchical: 1.658036e-02
Nonblocking Node Aware: 1.104238e-03
Pairwise Multileader, 4 leaders: 5.139672e-03
Pairwise Locality Aware, 4 leaders: 1.130417e-03
Pairwise Multileader Locality, 4 leaders: 6.011454e-03
Nonblocking Multileader, 4 leaders: 3.903029e-03
Nonblocking Locality Aware, 4 leaders: 7.464127e-04
Nonblocking Multileader Locality, 4 leaders: 4.743969e-03
Pairwise Multileader, 10 leaders: 3.263687e-03
Pairwise Locality Aware, 10 leaders: 1.891159e-03
Pairwise Multileader Locality, 10 leaders: 2.184148e-03
Nonblocking Multileader, 10 leaders: 1.589269e-03
Nonblocking Locality Aware, 10 leaders: 9.249037e-02
Nonblocking Multileader Locality, 10 leaders: 1.905348e-03
Pairwise Multileader, 20 leaders: 3.358955e-03
Pairwise Locality Aware, 20 leaders: 3.148463e-03
Pairwise Multileader Locality, 20 leaders: 1.433196e-03
Nonblocking Multileader, 20 leaders: 7.462538e-02
Nonblocking Locality Aware, 20 leaders: 9.949609e-02
Nonblocking Multileader Locality, 20 leaders: 1.142453e-03
Size 32
PMPI: 5.021963e-03
Pairwise: 2.851689e-02
NonBlocking: 1.182844e-01
Pairwise Hierarchical: 4.353691e-02
Pairwise Node Aware: 2.658576e-03
Nonblocking Hierarchical: 3.378177e-02
Nonblocking Node Aware: 2.531294e-03
Pairwise Multileader, 4 leaders: 1.518369e-02
Pairwise Locality Aware, 4 leaders: 3.066144e-03
Pairwise Multileader Locality, 4 leaders: 1.237876e-02
Nonblocking Multileader, 4 leaders: 8.688037e-03
Nonblocking Locality Aware, 4 leaders: 2.563791e-03
Nonblocking Multileader Locality, 4 leaders: 8.898357e-03
Pairwise Multileader, 10 leaders: 6.895398e-03
Pairwise Locality Aware, 10 leaders: 5.503507e-03
Pairwise Multileader Locality, 10 leaders: 5.330689e-03
Nonblocking Multileader, 10 leaders: 6.055794e-03
Nonblocking Locality Aware, 10 leaders: 1.159301e-01
Nonblocking Multileader Locality, 10 leaders: 3.911642e-03
Pairwise Multileader, 20 leaders: 5.852261e-03
Pairwise Locality Aware, 20 leaders: 3.613342e-03
Pairwise Multileader Locality, 20 leaders: 2.711374e-03
Nonblocking Multileader, 20 leaders: 1.961653e-03
Nonblocking Locality Aware, 20 leaders: 9.349319e-02
Nonblocking Multileader Locality, 20 leaders: 2.241040e-03
Size 64
PMPI: 9.184661e-03
Pairwise: 1.449058e-02
NonBlocking: 1.197476e-01
Pairwise Hierarchical: 8.250996e-02
Pairwise Node Aware: 4.324422e-03
Nonblocking Hierarchical: 6.447028e-02
Nonblocking Node Aware: 3.479407e-03
Pairwise Multileader, 4 leaders: 2.607202e-02
Pairwise Locality Aware, 4 leaders: 3.800045e-03
Pairwise Multileader Locality, 4 leaders: 2.238377e-02
Nonblocking Multileader, 4 leaders: 1.654057e-02
Nonblocking Locality Aware, 4 leaders: 4.580665e-03
Nonblocking Multileader Locality, 4 leaders: 1.750441e-02
Pairwise Multileader, 10 leaders: 1.181180e-02
Pairwise Locality Aware, 10 leaders: 4.439063e-03
Pairwise Multileader Locality, 10 leaders: 1.121437e-02
Nonblocking Multileader, 10 leaders: 7.963704e-03
Nonblocking Locality Aware, 10 leaders: 7.687413e-02
Nonblocking Multileader Locality, 10 leaders: 8.593714e-03
Pairwise Multileader, 20 leaders: 7.840646e-03
Pairwise Locality Aware, 20 leaders: 8.533049e-03
Pairwise Multileader Locality, 20 leaders: 5.500784e-03
Nonblocking Multileader, 20 leaders: 7.197084e-03
Nonblocking Locality Aware, 20 leaders: 1.397069e-01
Nonblocking Multileader Locality, 20 leaders: 4.263296e-03
Size 128
PMPI: 1.614850e-02
Pairwise: 1.635382e-02
NonBlocking: 1.340253e-01
Pairwise Hierarchical: 1.586715e-01
Pairwise Node Aware: 9.629359e-03
Nonblocking Hierarchical: 1.240625e-01
Nonblocking Node Aware: 7.829033e-03
Pairwise Multileader, 4 leaders: 5.135338e-02
Pairwise Locality Aware, 4 leaders: 7.685689e-03
Pairwise Multileader Locality, 4 leaders: 5.476468e-02
Nonblocking Multileader, 4 leaders: 3.643061e-02
Nonblocking Locality Aware, 4 leaders: 9.075251e-03
Nonblocking Multileader Locality, 4 leaders: 4.147502e-02
Pairwise Multileader, 10 leaders: 2.310876e-02
Pairwise Locality Aware, 10 leaders: 9.426657e-03
Pairwise Multileader Locality, 10 leaders: 3.036257e-02
Nonblocking Multileader, 10 leaders: 1.760695e-02
Nonblocking Locality Aware, 10 leaders: 1.801661e-02
Nonblocking Multileader Locality, 10 leaders: 1.965770e-02
Pairwise Multileader, 20 leaders: 1.481874e-02
Pairwise Locality Aware, 20 leaders: 7.913439e-03
Pairwise Multileader Locality, 20 leaders: 1.160327e-02
Nonblocking Multileader, 20 leaders: 1.893859e-02
Nonblocking Locality Aware, 20 leaders: 1.187802e-01
Nonblocking Multileader Locality, 20 leaders: 9.523601e-03
Size 256
PMPI: 3.201250e-02
Pairwise: 2.644237e-02
NonBlocking: 1.461284e-01
Pairwise Hierarchical: 3.017678e-01
Pairwise Node Aware: 1.389047e-02
Nonblocking Hierarchical: 2.442938e-01
Nonblocking Node Aware: 1.371604e-02
Pairwise Multileader, 4 leaders: 9.465384e-02
Pairwise Locality Aware, 4 leaders: 1.454488e-02
Pairwise Multileader Locality, 4 leaders: 1.040869e-01
Nonblocking Multileader, 4 leaders: 6.817821e-02
Nonblocking Locality Aware, 4 leaders: 1.329863e-02
Nonblocking Multileader Locality, 4 leaders: 7.985973e-02
Pairwise Multileader, 10 leaders: 5.471322e-02
Pairwise Locality Aware, 10 leaders: 1.509602e-02
Pairwise Multileader Locality, 10 leaders: 5.113584e-02
Nonblocking Multileader, 10 leaders: 3.700539e-02
Nonblocking Locality Aware, 10 leaders: 2.316310e-02
Nonblocking Multileader Locality, 10 leaders: 4.196643e-02
Pairwise Multileader, 20 leaders: 3.172179e-02
Pairwise Locality Aware, 20 leaders: 1.889130e-02
Pairwise Multileader Locality, 20 leaders: 2.925860e-02
Nonblocking Multileader, 20 leaders: 1.882508e-02
Nonblocking Locality Aware, 20 leaders: 8.116269e-02
Nonblocking Multileader Locality, 20 leaders: 2.059346e-02
Size 512
PMPI: 5.841433e-02
Pairwise: 3.687600e-02
NonBlocking: 1.774727e-01
Pairwise Hierarchical: 6.047225e-01
Pairwise Node Aware: 2.838240e-02
Nonblocking Hierarchical: 5.361196e-01
Nonblocking Node Aware: 2.833062e-02
Pairwise Multileader, 4 leaders: 1.807650e-01
Pairwise Locality Aware, 4 leaders: 3.230774e-02
Pairwise Multileader Locality, 4 leaders: 2.029944e-01
Nonblocking Multileader, 4 leaders: 1.310674e-01
Nonblocking Locality Aware, 4 leaders: 3.094785e-02
Nonblocking Multileader Locality, 4 leaders: 1.552704e-01
Pairwise Multileader, 10 leaders: 1.031391e-01
Pairwise Locality Aware, 10 leaders: 3.206278e-02
Pairwise Multileader Locality, 10 leaders: 1.058076e-01
Nonblocking Multileader, 10 leaders: 7.424508e-02
Nonblocking Locality Aware, 10 leaders: 2.957752e-02
Nonblocking Multileader Locality, 10 leaders: 8.623403e-02
Pairwise Multileader, 20 leaders: 5.506940e-02
Pairwise Locality Aware, 20 leaders: 3.355879e-02
Pairwise Multileader Locality, 20 leaders: 5.349588e-02
Nonblocking Multileader, 20 leaders: 3.414221e-02
Nonblocking Locality Aware, 20 leaders: 3.949515e-02
Nonblocking Multileader Locality, 20 leaders: 4.340511e-02
