Test 1 Running Alltoall Benchmark on 32 nodes and 3200 tasks
Size 1
PMPI: 9.987141e-04
Pairwise: 1.477677e-02
NonBlocking: 4.872264e-01
Pairwise Hierarchical: 2.366412e-03
Pairwise Node Aware: 6.120289e-04
Nonblocking Hierarchical: 1.986900e-03
Nonblocking Node Aware: 4.663542e-04
Pairwise Multileader, 4 leaders: 1.812443e-03
Pairwise Locality Aware, 4 leaders: 1.227157e-03
Pairwise Multileader Locality, 4 leaders: 1.226778e-03
Nonblocking Multileader, 4 leaders: 1.018285e-03
Nonblocking Locality Aware, 4 leaders: 9.188083e-02
Nonblocking Multileader Locality, 4 leaders: 6.603081e-04
Pairwise Multileader, 10 leaders: 2.159945e-03
Pairwise Locality Aware, 10 leaders: 3.434986e-03
Pairwise Multileader Locality, 10 leaders: 4.965427e-04
Nonblocking Multileader, 10 leaders: 2.327243e-03
Nonblocking Locality Aware, 10 leaders: 9.902323e-02
Nonblocking Multileader Locality, 10 leaders: 3.426347e-04
Pairwise Multileader, 20 leaders: 6.759927e-03
Pairwise Locality Aware, 20 leaders: 8.119227e-03
Pairwise Multileader Locality, 20 leaders: 4.236292e-04
Nonblocking Multileader, 20 leaders: 6.064480e-03
Nonblocking Locality Aware, 20 leaders: 1.380658e-01
Nonblocking Multileader Locality, 20 leaders: 2.379395e-04
Size 2
PMPI: 1.142909e-03
Pairwise: 1.440055e-02
NonBlocking: 4.236275e-01
Pairwise Hierarchical: 5.259816e-03
Pairwise Node Aware: 6.421791e-04
Nonblocking Hierarchical: 4.314721e-03
Nonblocking Node Aware: 5.918300e-04
Pairwise Multileader, 4 leaders: 2.006367e-03
Pairwise Locality Aware, 4 leaders: 1.879777e-03
Pairwise Multileader Locality, 4 leaders: 2.654569e-03
Nonblocking Multileader, 4 leaders: 1.110144e-03
Nonblocking Locality Aware, 4 leaders: 7.438038e-02
Nonblocking Multileader Locality, 4 leaders: 1.305433e-03
Pairwise Multileader, 10 leaders: 3.948605e-03
Pairwise Locality Aware, 10 leaders: 2.690176e-03
Pairwise Multileader Locality, 10 leaders: 7.645219e-04
Nonblocking Multileader, 10 leaders: 2.801697e-03
Nonblocking Locality Aware, 10 leaders: 1.150562e-01
Nonblocking Multileader Locality, 10 leaders: 5.677414e-04
Pairwise Multileader, 20 leaders: 5.183516e-03
Pairwise Locality Aware, 20 leaders: 3.517382e-03
Pairwise Multileader Locality, 20 leaders: 5.639062e-04
Nonblocking Multileader, 20 leaders: 1.306901e-02
Nonblocking Locality Aware, 20 leaders: 9.690199e-02
Nonblocking Multileader Locality, 20 leaders: 3.576226e-04
Size 4
PMPI: 1.843498e-03
Pairwise: 2.230887e-02
NonBlocking: 4.466466e-01
Pairwise Hierarchical: 1.022003e-02
Pairwise Node Aware: 8.585643e-04
Nonblocking Hierarchical: 8.395864e-03
Nonblocking Node Aware: 7.863918e-04
Pairwise Multileader, 4 leaders: 4.075348e-03
Pairwise Locality Aware, 4 leaders: 1.640331e-03
Pairwise Multileader Locality, 4 leaders: 3.001545e-03
Nonblocking Multileader, 4 leaders: 2.146977e-03
Nonblocking Locality Aware, 4 leaders: 2.509201e-02
Nonblocking Multileader Locality, 4 leaders: 2.408625e-03
Pairwise Multileader, 10 leaders: 3.678591e-03
Pairwise Locality Aware, 10 leaders: 3.374105e-03
Pairwise Multileader Locality, 10 leaders: 1.449589e-03
Nonblocking Multileader, 10 leaders: 3.120023e-02
Nonblocking Locality Aware, 10 leaders: 1.116698e-01
Nonblocking Multileader Locality, 10 leaders: 9.215596e-04
Pairwise Multileader, 20 leaders: 7.159295e-03
Pairwise Locality Aware, 20 leaders: 7.178254e-03
Pairwise Multileader Locality, 20 leaders: 8.185905e-04
Nonblocking Multileader, 20 leaders: 1.098725e-03
Nonblocking Locality Aware, 20 leaders: 1.156656e-01
Nonblocking Multileader Locality, 20 leaders: 6.416609e-04
Size 8
PMPI: 3.566116e-03
Pairwise: 2.628536e-02
NonBlocking: 3.270516e-01
Pairwise Hierarchical: 2.183310e-02
Pairwise Node Aware: 1.368907e-03
Nonblocking Hierarchical: 1.767550e-02
Nonblocking Node Aware: 1.395921e-03
Pairwise Multileader, 4 leaders: 5.959153e-03
Pairwise Locality Aware, 4 leaders: 1.776112e-03
Pairwise Multileader Locality, 4 leaders: 6.641314e-03
Nonblocking Multileader, 4 leaders: 3.960893e-03
Nonblocking Locality Aware, 4 leaders: 9.274251e-02
Nonblocking Multileader Locality, 4 leaders: 5.050858e-03
Pairwise Multileader, 10 leaders: 3.758400e-03
Pairwise Locality Aware, 10 leaders: 3.872152e-03
Pairwise Multileader Locality, 10 leaders: 2.478667e-03
Nonblocking Multileader, 10 leaders: 5.279327e-03
Nonblocking Locality Aware, 10 leaders: 1.157435e-01
Nonblocking Multileader Locality, 10 leaders: 2.036285e-03
Pairwise Multileader, 20 leaders: 6.930623e-03
Pairwise Locality Aware, 20 leaders: 5.273743e-03
Pairwise Multileader Locality, 20 leaders: 1.512375e-03
Nonblocking Multileader, 20 leaders: 1.239836e-01
Nonblocking Locality Aware, 20 leaders: 1.158479e-01
Nonblocking Multileader Locality, 20 leaders: 1.390251e-03
Size 16
PMPI: 6.151751e-03
Pairwise: 3.246787e-02
NonBlocking: 3.282200e-01
Pairwise Hierarchical: 4.539837e-02
Pairwise Node Aware: 2.635764e-03
Nonblocking Hierarchical: 3.528764e-02
Nonblocking Node Aware: 2.551442e-03
Pairwise Multileader, 4 leaders: 8.768510e-03
Pairwise Locality Aware, 4 leaders: 2.878690e-03
Pairwise Multileader Locality, 4 leaders: 1.148276e-02
Nonblocking Multileader, 4 leaders: 6.838871e-03
Nonblocking Locality Aware, 4 leaders: 7.557662e-02
Nonblocking Multileader Locality, 4 leaders: 8.682683e-03
Pairwise Multileader, 10 leaders: 7.876830e-03
Pairwise Locality Aware, 10 leaders: 4.917157e-03
Pairwise Multileader Locality, 10 leaders: 4.764210e-03
Nonblocking Multileader, 10 leaders: 1.685303e-02
Nonblocking Locality Aware, 10 leaders: 1.391731e-01
Nonblocking Multileader Locality, 10 leaders: 3.718422e-03
Pairwise Multileader, 20 leaders: 1.037964e-02
Pairwise Locality Aware, 20 leaders: 1.058927e-02
Pairwise Multileader Locality, 20 leaders: 3.044430e-03
Nonblocking Multileader, 20 leaders: 8.039399e-02
Nonblocking Locality Aware, 20 leaders: 1.164363e-01
Nonblocking Multileader Locality, 20 leaders: 2.324643e-03
Size 32
PMPI: 1.277708e-02
Pairwise: 2.165330e-02
NonBlocking: 3.705901e-01
Pairwise Hierarchical: 8.635325e-02
Pairwise Node Aware: 4.299558e-03
Nonblocking Hierarchical: 6.595182e-02
Nonblocking Node Aware: 4.880632e-03
Pairwise Multileader, 4 leaders: 2.762798e-02
Pairwise Locality Aware, 4 leaders: 4.448120e-03
Pairwise Multileader Locality, 4 leaders: 2.371811e-02
Nonblocking Multileader, 4 leaders: 1.815706e-02
Nonblocking Locality Aware, 4 leaders: 1.630374e-02
Nonblocking Multileader Locality, 4 leaders: 1.813174e-02
Pairwise Multileader, 10 leaders: 1.289372e-02
Pairwise Locality Aware, 10 leaders: 5.688085e-03
Pairwise Multileader Locality, 10 leaders: 1.081982e-02
Nonblocking Multileader, 10 leaders: 1.172251e-02
Nonblocking Locality Aware, 10 leaders: 1.183645e-01
Nonblocking Multileader Locality, 10 leaders: 8.597408e-03
Pairwise Multileader, 20 leaders: 1.081426e-02
Pairwise Locality Aware, 20 leaders: 7.583293e-03
Pairwise Multileader Locality, 20 leaders: 5.593592e-03
Nonblocking Multileader, 20 leaders: 7.067172e-02
Nonblocking Locality Aware, 20 leaders: 1.229659e-01
Nonblocking Multileader Locality, 20 leaders: 4.898342e-03
Size 64
PMPI: 2.210544e-02
Pairwise: 3.003343e-02
NonBlocking: 2.248981e-01
Pairwise Hierarchical: 1.661955e-01
Pairwise Node Aware: 8.826996e-03
Nonblocking Hierarchical: 1.266732e-01
Nonblocking Node Aware: 7.519022e-03
Pairwise Multileader, 4 leaders: 5.292815e-02
Pairwise Locality Aware, 4 leaders: 8.288288e-03
Pairwise Multileader Locality, 4 leaders: 5.723548e-02
Nonblocking Multileader, 4 leaders: 3.784666e-02
Nonblocking Locality Aware, 4 leaders: 1.042274e-02
Nonblocking Multileader Locality, 4 leaders: 4.268004e-02
Pairwise Multileader, 10 leaders: 2.569062e-02
Pairwise Locality Aware, 10 leaders: 1.017345e-02
Pairwise Multileader Locality, 10 leaders: 2.515463e-02
Nonblocking Multileader, 10 leaders: 1.796538e-02
Nonblocking Locality Aware, 10 leaders: 1.197047e-01
Nonblocking Multileader Locality, 10 leaders: 1.992824e-02
Pairwise Multileader, 20 leaders: 1.780547e-02
Pairwise Locality Aware, 20 leaders: 1.183611e-02
Pairwise Multileader Locality, 20 leaders: 1.233130e-02
Nonblocking Multileader, 20 leaders: 8.814880e-03
Nonblocking Locality Aware, 20 leaders: 1.195875e-01
Nonblocking Multileader Locality, 20 leaders: 9.524260e-03
Size 128
PMPI: 4.301755e-02
Pairwise: 3.715509e-02
NonBlocking: 2.783748e-01
Pairwise Hierarchical: 3.226321e-01
Pairwise Node Aware: 1.995016e-02
Nonblocking Hierarchical: 2.507497e-01
Nonblocking Node Aware: 1.745272e-02
Pairwise Multileader, 4 leaders: 9.763577e-02
Pairwise Locality Aware, 4 leaders: 1.834186e-02
Pairwise Multileader Locality, 4 leaders: 1.082115e-01
Nonblocking Multileader, 4 leaders: 6.930908e-02
Nonblocking Locality Aware, 4 leaders: 2.133106e-02
Nonblocking Multileader Locality, 4 leaders: 7.962463e-02
Pairwise Multileader, 10 leaders: 5.317948e-02
Pairwise Locality Aware, 10 leaders: 2.045656e-02
Pairwise Multileader Locality, 10 leaders: 5.339877e-02
Nonblocking Multileader, 10 leaders: 7.722007e-02
Nonblocking Locality Aware, 10 leaders: 1.224798e-01
Nonblocking Multileader Locality, 10 leaders: 4.157351e-02
Pairwise Multileader, 20 leaders: 3.801920e-02
Pairwise Locality Aware, 20 leaders: 2.273059e-02
Pairwise Multileader Locality, 20 leaders: 2.755981e-02
Nonblocking Multileader, 20 leaders: 2.309638e-02
Nonblocking Locality Aware, 20 leaders: 1.484382e-01
Nonblocking Multileader Locality, 20 leaders: 2.085439e-02
Size 256
PMPI: 9.423167e-02
Pairwise: 6.499840e-02
NonBlocking: 2.879829e-01
Pairwise Hierarchical: 6.492646e-01
Pairwise Node Aware: 3.433067e-02
Nonblocking Hierarchical: 5.413325e-01
Nonblocking Node Aware: 3.043192e-02
Pairwise Multileader, 4 leaders: 1.852159e-01
Pairwise Locality Aware, 4 leaders: 4.147817e-02
Pairwise Multileader Locality, 4 leaders: 2.074987e-01
Nonblocking Multileader, 4 leaders: 1.319308e-01
Nonblocking Locality Aware, 4 leaders: 3.231109e-02
Nonblocking Multileader Locality, 4 leaders: 1.566307e-01
Pairwise Multileader, 10 leaders: 1.180939e-01
Pairwise Locality Aware, 10 leaders: 4.179147e-02
Pairwise Multileader Locality, 10 leaders: 1.093720e-01
Nonblocking Multileader, 10 leaders: 7.708731e-02
Nonblocking Locality Aware, 10 leaders: 6.721100e-02
Nonblocking Multileader Locality, 10 leaders: 8.884488e-02
Pairwise Multileader, 20 leaders: 7.676414e-02
Pairwise Locality Aware, 20 leaders: 4.603701e-02
Pairwise Multileader Locality, 20 leaders: 5.802523e-02
Nonblocking Multileader, 20 leaders: 4.011528e-02
Nonblocking Locality Aware, 20 leaders: 1.300712e-01
Nonblocking Multileader Locality, 20 leaders: 4.399672e-02
Size 512
PMPI: 4.108565e-01
Pairwise: 1.022325e-01
NonBlocking: 2.974673e-01
Pairwise Hierarchical: 1.270482e+00
Pairwise Node Aware: 7.036144e-02
Nonblocking Hierarchical: 1.153354e+00
Nonblocking Node Aware: 5.164266e-02
Pairwise Multileader, 4 leaders: 3.459961e-01
Pairwise Locality Aware, 4 leaders: 7.695385e-02
Pairwise Multileader Locality, 4 leaders: 4.029377e-01
Nonblocking Multileader, 4 leaders: 2.577038e-01
Nonblocking Locality Aware, 4 leaders: 6.362557e-02
Nonblocking Multileader Locality, 4 leaders: 3.068834e-01
Pairwise Multileader, 10 leaders: 2.143051e-01
Pairwise Locality Aware, 10 leaders: 8.907860e-02
Pairwise Multileader Locality, 10 leaders: 2.149401e-01
Nonblocking Multileader, 10 leaders: 1.468131e-01
Nonblocking Locality Aware, 10 leaders: 6.416818e-02
Nonblocking Multileader Locality, 10 leaders: 1.749836e-01
Pairwise Multileader, 20 leaders: 1.554995e-01
Pairwise Locality Aware, 20 leaders: 1.015760e-01
Pairwise Multileader Locality, 20 leaders: 1.285901e-01
Nonblocking Multileader, 20 leaders: 3.992841e-01
Nonblocking Locality Aware, 20 leaders: 1.539006e-01
Nonblocking Multileader Locality, 20 leaders: 1.078586e-01
Size 1024
PMPI: 1.814925e-01
Pairwise: 1.792387e-01
NonBlocking: 3.896955e-01
Pairwise Hierarchical: 2.544602e+00
Pairwise Node Aware: 1.486816e-01
Nonblocking Hierarchical: 2.231158e+00
Nonblocking Node Aware: 1.109409e-01
Pairwise Multileader, 4 leaders: 7.062261e-01
Pairwise Locality Aware, 4 leaders: 1.714898e-01
Pairwise Multileader Locality, 4 leaders: 7.913553e-01
Nonblocking Multileader, 4 leaders: 5.664537e-01
Nonblocking Locality Aware, 4 leaders: 1.022692e-01
Nonblocking Multileader Locality, 4 leaders: 6.572106e-01
Pairwise Multileader, 10 leaders: 4.297853e-01
Pairwise Locality Aware, 10 leaders: 1.817294e-01
Pairwise Multileader Locality, 10 leaders: 4.480381e-01
Nonblocking Multileader, 10 leaders: 2.894198e-01
Nonblocking Locality Aware, 10 leaders: 2.097811e-01
Nonblocking Multileader Locality, 10 leaders: 3.461892e-01
Pairwise Multileader, 20 leaders: 3.152582e-01
Pairwise Locality Aware, 20 leaders: 2.073156e-01
Pairwise Multileader Locality, 20 leaders: 2.510474e-01
Nonblocking Multileader, 20 leaders: 1.774195e-01
Nonblocking Locality Aware, 20 leaders: 1.676270e-01
Nonblocking Multileader Locality, 20 leaders: 2.134141e-01
Size 2048
PMPI: 3.884969e-01
Pairwise: 3.801809e-01
NonBlocking: 6.544173e-01
Test 2 Running Alltoall Benchmark on 32 nodes and 3200 tasks
Size 1
PMPI: 1.080722e-03
Pairwise: 1.035897e-02
NonBlocking: 1.695020e-01
Pairwise Hierarchical: 2.401990e-03
Pairwise Node Aware: 6.811216e-04
Nonblocking Hierarchical: 2.012671e-03
Nonblocking Node Aware: 4.092257e-04
Pairwise Multileader, 4 leaders: 2.197859e-03
Pairwise Locality Aware, 4 leaders: 1.296797e-03
Pairwise Multileader Locality, 4 leaders: 9.141573e-04
Nonblocking Multileader, 4 leaders: 7.031550e-04
Nonblocking Locality Aware, 4 leaders: 4.956952e-02
Nonblocking Multileader Locality, 4 leaders: 6.577428e-04
Pairwise Multileader, 10 leaders: 2.769332e-03
Pairwise Locality Aware, 10 leaders: 2.429917e-03
Pairwise Multileader Locality, 10 leaders: 5.182430e-04
Nonblocking Multileader, 10 leaders: 2.457708e-03
Nonblocking Locality Aware, 10 leaders: 1.150112e-01
Nonblocking Multileader Locality, 10 leaders: 3.450359e-04
Pairwise Multileader, 20 leaders: 3.798003e-03
Pairwise Locality Aware, 20 leaders: 6.247639e-03
Pairwise Multileader Locality, 20 leaders: 4.088278e-04
Nonblocking Multileader, 20 leaders: 1.097731e-02
Nonblocking Locality Aware, 20 leaders: 1.380943e-01
Nonblocking Multileader Locality, 20 leaders: 2.628751e-04
Size 2
PMPI: 1.132873e-03
Pairwise: 1.352897e-02
NonBlocking: 2.465791e-01
Pairwise Hierarchical: 5.353326e-03
Pairwise Node Aware: 6.162248e-04
Nonblocking Hierarchical: 4.416348e-03
Nonblocking Node Aware: 5.639969e-04
Pairwise Multileader, 4 leaders: 2.189947e-03
Pairwise Locality Aware, 4 leaders: 1.418689e-03
Pairwise Multileader Locality, 4 leaders: 1.681969e-03
Nonblocking Multileader, 4 leaders: 1.134756e-03
Nonblocking Locality Aware, 4 leaders: 8.671572e-02
Nonblocking Multileader Locality, 4 leaders: 1.321067e-03
Pairwise Multileader, 10 leaders: 2.571176e-03
Pairwise Locality Aware, 10 leaders: 3.037562e-03
Pairwise Multileader Locality, 10 leaders: 8.328870e-04
Nonblocking Multileader, 10 leaders: 8.228858e-03
Nonblocking Locality Aware, 10 leaders: 1.151668e-01
Nonblocking Multileader Locality, 10 leaders: 5.415159e-04
Pairwise Multileader, 20 leaders: 5.295303e-03
Pairwise Locality Aware, 20 leaders: 4.420235e-03
Pairwise Multileader Locality, 20 leaders: 6.596498e-04
Nonblocking Multileader, 20 leaders: 5.558625e-03
Nonblocking Locality Aware, 20 leaders: 1.837443e-01
Nonblocking Multileader Locality, 20 leaders: 4.244055e-04
Size 4
PMPI: 1.912373e-03
Pairwise: 3.381021e-02
NonBlocking: 3.529121e-01
Pairwise Hierarchical: 1.038070e-02
Pairwise Node Aware: 1.150020e-03
Nonblocking Hierarchical: 8.457626e-03
Nonblocking Node Aware: 8.183682e-04
Pairwise Multileader, 4 leaders: 3.280544e-03
Pairwise Locality Aware, 4 leaders: 1.429882e-03
Pairwise Multileader Locality, 4 leaders: 2.999509e-03
Nonblocking Multileader, 4 leaders: 2.192171e-03
Nonblocking Locality Aware, 4 leaders: 7.454925e-02
Nonblocking Multileader Locality, 4 leaders: 2.455257e-03
Pairwise Multileader, 10 leaders: 3.769150e-03
Pairwise Locality Aware, 10 leaders: 3.263934e-03
Pairwise Multileader Locality, 10 leaders: 1.432656e-03
Nonblocking Multileader, 10 leaders: 2.946536e-02
Nonblocking Locality Aware, 10 leaders: 9.246005e-02
Nonblocking Multileader Locality, 10 leaders: 9.815610e-04
Pairwise Multileader, 20 leaders: 5.478854e-03
Pairwise Locality Aware, 20 leaders: 6.926309e-03
Pairwise Multileader Locality, 20 leaders: 9.221665e-04
Nonblocking Multileader, 20 leaders: 3.729604e-02
Nonblocking Locality Aware, 20 leaders: 1.385583e-01
Nonblocking Multileader Locality, 20 leaders: 8.734253e-04
Size 8
PMPI: 3.654102e-03
Pairwise: 2.814045e-02
NonBlocking: 3.817931e-01
Pairwise Hierarchical: 2.250295e-02
Pairwise Node Aware: 1.312772e-03
Nonblocking Hierarchical: 1.721162e-02
Nonblocking Node Aware: 1.202117e-03
Pairwise Multileader, 4 leaders: 6.018849e-03
Pairwise Locality Aware, 4 leaders: 1.809473e-03
Pairwise Multileader Locality, 4 leaders: 6.775774e-03
Nonblocking Multileader, 4 leaders: 4.191610e-03
Nonblocking Locality Aware, 4 leaders: 8.737296e-02
Nonblocking Multileader Locality, 4 leaders: 5.117234e-03
Pairwise Multileader, 10 leaders: 4.665801e-03
Pairwise Locality Aware, 10 leaders: 3.564731e-03
Pairwise Multileader Locality, 10 leaders: 2.505127e-03
Nonblocking Multileader, 10 leaders: 6.622483e-03
Nonblocking Locality Aware, 10 leaders: 1.157244e-01
Nonblocking Multileader Locality, 10 leaders: 1.720281e-03
Pairwise Multileader, 20 leaders: 5.628076e-03
Pairwise Locality Aware, 20 leaders: 5.818781e-03
Pairwise Multileader Locality, 20 leaders: 1.462692e-03
Nonblocking Multileader, 20 leaders: 7.392028e-02
Nonblocking Locality Aware, 20 leaders: 1.841776e-01
Nonblocking Multileader Locality, 20 leaders: 1.047292e-03
Size 16
PMPI: 6.355871e-03
Pairwise: 2.111610e-02
NonBlocking: 4.862471e-01
Pairwise Hierarchical: 4.542690e-02
Pairwise Node Aware: 2.368325e-03
Nonblocking Hierarchical: 3.529765e-02
Nonblocking Node Aware: 2.546339e-03
Pairwise Multileader, 4 leaders: 8.780592e-03
Pairwise Locality Aware, 4 leaders: 2.533274e-03
Pairwise Multileader Locality, 4 leaders: 1.157554e-02
Nonblocking Multileader, 4 leaders: 6.785109e-03
Nonblocking Locality Aware, 4 leaders: 9.337684e-02
Nonblocking Multileader Locality, 4 leaders: 8.862506e-03
Pairwise Multileader, 10 leaders: 6.655283e-03
Pairwise Locality Aware, 10 leaders: 4.385906e-03
Pairwise Multileader Locality, 10 leaders: 4.558250e-03
Nonblocking Multileader, 10 leaders: 7.033857e-03
Nonblocking Locality Aware, 10 leaders: 9.394475e-02
Nonblocking Multileader Locality, 10 leaders: 3.744602e-03
Pairwise Multileader, 20 leaders: 6.999545e-03
Pairwise Locality Aware, 20 leaders: 5.964138e-03
Pairwise Multileader Locality, 20 leaders: 3.043711e-03
Nonblocking Multileader, 20 leaders: 8.779601e-02
Nonblocking Locality Aware, 20 leaders: 1.161365e-01
Nonblocking Multileader Locality, 20 leaders: 2.442798e-03
Size 32
PMPI: 1.257659e-02
Pairwise: 2.231139e-02
NonBlocking: 1.738363e-01
Pairwise Hierarchical: 8.617649e-02
Pairwise Node Aware: 4.367388e-03
Nonblocking Hierarchical: 6.615292e-02
Nonblocking Node Aware: 4.859708e-03
Pairwise Multileader, 4 leaders: 2.769089e-02
Pairwise Locality Aware, 4 leaders: 4.029427e-03
Pairwise Multileader Locality, 4 leaders: 2.549106e-02
Nonblocking Multileader, 4 leaders: 1.812481e-02
Nonblocking Locality Aware, 4 leaders: 5.269045e-03
Nonblocking Multileader Locality, 4 leaders: 1.825383e-02
Pairwise Multileader, 10 leaders: 1.260892e-02
Pairwise Locality Aware, 10 leaders: 5.661550e-03
Pairwise Multileader Locality, 10 leaders: 1.090529e-02
Nonblocking Multileader, 10 leaders: 8.005290e-03
Nonblocking Locality Aware, 10 leaders: 1.402026e-01
Nonblocking Multileader Locality, 10 leaders: 8.525167e-03
Pairwise Multileader, 20 leaders: 9.979454e-03
Pairwise Locality Aware, 20 leaders: 8.484492e-03
Pairwise Multileader Locality, 20 leaders: 5.573719e-03
Nonblocking Multileader, 20 leaders: 7.619720e-02
Nonblocking Locality Aware, 20 leaders: 9.857426e-02
Nonblocking Multileader Locality, 20 leaders: 4.990786e-03
Size 64
PMPI: 2.210315e-02
Pairwise: 3.166936e-02
NonBlocking: 1.759988e-01
Pairwise Hierarchical: 1.674501e-01
Pairwise Node Aware: 9.081208e-03
Nonblocking Hierarchical: 1.269834e-01
Nonblocking Node Aware: 7.341510e-03
Pairwise Multileader, 4 leaders: 5.350917e-02
Pairwise Locality Aware, 4 leaders: 8.193811e-03
Pairwise Multileader Locality, 4 leaders: 5.807481e-02
Nonblocking Multileader, 4 leaders: 3.798488e-02
Nonblocking Locality Aware, 4 leaders: 9.762339e-03
Nonblocking Multileader Locality, 4 leaders: 4.308408e-02
Pairwise Multileader, 10 leaders: 2.660709e-02
Pairwise Locality Aware, 10 leaders: 1.013870e-02
Pairwise Multileader Locality, 10 leaders: 2.554758e-02
Nonblocking Multileader, 10 leaders: 1.832670e-02
Nonblocking Locality Aware, 10 leaders: 1.194124e-01
Nonblocking Multileader Locality, 10 leaders: 1.994356e-02
Pairwise Multileader, 20 leaders: 1.872626e-02
Pairwise Locality Aware, 20 leaders: 1.091387e-02
Pairwise Multileader Locality, 20 leaders: 1.228601e-02
Nonblocking Multileader, 20 leaders: 1.169817e-02
Nonblocking Locality Aware, 20 leaders: 1.190617e-01
Nonblocking Multileader Locality, 20 leaders: 9.445211e-03
Size 128
PMPI: 4.206993e-02
Pairwise: 4.121440e-02
NonBlocking: 1.784690e-01
Pairwise Hierarchical: 3.252661e-01
Pairwise Node Aware: 1.925285e-02
Nonblocking Hierarchical: 2.502857e-01
Nonblocking Node Aware: 1.664309e-02
Pairwise Multileader, 4 leaders: 9.801644e-02
Pairwise Locality Aware, 4 leaders: 1.792165e-02
Pairwise Multileader Locality, 4 leaders: 1.079918e-01
Nonblocking Multileader, 4 leaders: 6.895253e-02
Nonblocking Locality Aware, 4 leaders: 2.096790e-02
Nonblocking Multileader Locality, 4 leaders: 7.997254e-02
Pairwise Multileader, 10 leaders: 5.304625e-02
Pairwise Locality Aware, 10 leaders: 1.773682e-02
Pairwise Multileader Locality, 10 leaders: 5.307624e-02
Nonblocking Multileader, 10 leaders: 3.634677e-02
Nonblocking Locality Aware, 10 leaders: 5.929693e-02
Nonblocking Multileader Locality, 10 leaders: 4.331923e-02
Pairwise Multileader, 20 leaders: 3.554074e-02
Pairwise Locality Aware, 20 leaders: 1.973995e-02
Pairwise Multileader Locality, 20 leaders: 2.785882e-02
Nonblocking Multileader, 20 leaders: 2.493249e-02
Nonblocking Locality Aware, 20 leaders: 1.189244e-01
Nonblocking Multileader Locality, 20 leaders: 2.118766e-02
Size 256
PMPI: 9.432507e-02
Pairwise: 5.485313e-02
NonBlocking: 3.469405e-01
Pairwise Hierarchical: 6.411762e-01
Pairwise Node Aware: 3.491076e-02
Nonblocking Hierarchical: 5.382146e-01
Nonblocking Node Aware: 2.998143e-02
Pairwise Multileader, 4 leaders: 1.823430e-01
Pairwise Locality Aware, 4 leaders: 3.836505e-02
Pairwise Multileader Locality, 4 leaders: 2.059860e-01
Nonblocking Multileader, 4 leaders: 1.318739e-01
Nonblocking Locality Aware, 4 leaders: 2.519668e-02
Nonblocking Multileader Locality, 4 leaders: 1.559385e-01
Pairwise Multileader, 10 leaders: 1.146460e-01
Pairwise Locality Aware, 10 leaders: 4.227466e-02
Pairwise Multileader Locality, 10 leaders: 1.087841e-01
Nonblocking Multileader, 10 leaders: 7.749574e-02
Nonblocking Locality Aware, 10 leaders: 7.561370e-02
Nonblocking Multileader Locality, 10 leaders: 8.915824e-02
Pairwise Multileader, 20 leaders: 7.467525e-02
Pairwise Locality Aware, 20 leaders: 4.419845e-02
Pairwise Multileader Locality, 20 leaders: 5.721761e-02
Nonblocking Multileader, 20 leaders: 4.221911e-02
Nonblocking Locality Aware, 20 leaders: 1.306581e-01
Nonblocking Multileader Locality, 20 leaders: 4.450555e-02
Size 512
PMPI: 2.514283e-01
Pairwise: 9.815725e-02
NonBlocking: 2.980273e-01
Pairwise Hierarchical: 1.278520e+00
Pairwise Node Aware: 6.930612e-02
Nonblocking Hierarchical: 1.149918e+00
Nonblocking Node Aware: 5.119667e-02
Pairwise Multileader, 4 leaders: 3.471684e-01
Pairwise Locality Aware, 4 leaders: 7.710276e-02
Pairwise Multileader Locality, 4 leaders: 3.998047e-01
Nonblocking Multileader, 4 leaders: 2.622265e-01
Nonblocking Locality Aware, 4 leaders: 6.409648e-02
Nonblocking Multileader Locality, 4 leaders: 3.066580e-01
Pairwise Multileader, 10 leaders: 2.161047e-01
Pairwise Locality Aware, 10 leaders: 8.533365e-02
Pairwise Multileader Locality, 10 leaders: 2.154076e-01
Nonblocking Multileader, 10 leaders: 1.460860e-01
Nonblocking Locality Aware, 10 leaders: 6.019352e-02
Nonblocking Multileader Locality, 10 leaders: 1.756188e-01
Pairwise Multileader, 20 leaders: 1.590525e-01
Pairwise Locality Aware, 20 leaders: 9.622019e-02
Pairwise Multileader Locality, 20 leaders: 1.294821e-01
Nonblocking Multileader, 20 leaders: 6.390400e-01
Nonblocking Locality Aware, 20 leaders: 1.396733e-01
Nonblocking Multileader Locality, 20 leaders: 1.088319e-01
Size 1024
PMPI: 1.760945e-01
Pairwise: 1.883008e-01
NonBlocking: 3.977451e-01
Pairwise Hierarchical: 2.522271e+00
Pairwise Node Aware: 1.459551e-01
Nonblocking Hierarchical: 2.216354e+00
Nonblocking Node Aware: 1.098529e-01
Pairwise Multileader, 4 leaders: 7.021618e-01
Pairwise Locality Aware, 4 leaders: 1.644194e-01
Pairwise Multileader Locality, 4 leaders: 7.742622e-01
Nonblocking Multileader, 4 leaders: 5.439149e-01
Nonblocking Locality Aware, 4 leaders: 1.009834e-01
Nonblocking Multileader Locality, 4 leaders: 6.533747e-01
Pairwise Multileader, 10 leaders: 4.294791e-01
Pairwise Locality Aware, 10 leaders: 1.761084e-01
Pairwise Multileader Locality, 10 leaders: 4.477596e-01
Nonblocking Multileader, 10 leaders: 2.865746e-01
Nonblocking Locality Aware, 10 leaders: 3.349199e-01
Nonblocking Multileader Locality, 10 leaders: 3.467518e-01
Pairwise Multileader, 20 leaders: 3.021685e-01
Pairwise Locality Aware, 20 leaders: 1.827665e-01
Pairwise Multileader Locality, 20 leaders: 2.537618e-01
Nonblocking Multileader, 20 leaders: 1.784817e-01
Nonblocking Locality Aware, 20 leaders: 9.916291e-02
Nonblocking Multileader Locality, 20 leaders: 2.136892e-01
Size 2048
PMPI: 3.727578e-01
Pairwise: 3.904754e-01
NonBlocking: 5.505518e-01
Test 3 Running Alltoall Benchmark on 32 nodes and 3200 tasks
Size 1
PMPI: 1.055472e-03
Pairwise: 1.237969e-02
NonBlocking: 2.893233e-01
Pairwise Hierarchical: 2.575624e-03
Pairwise Node Aware: 6.216009e-04
Nonblocking Hierarchical: 2.153207e-03
Nonblocking Node Aware: 4.341105e-04
Pairwise Multileader, 4 leaders: 1.454844e-03
Pairwise Locality Aware, 4 leaders: 1.109186e-03
Pairwise Multileader Locality, 4 leaders: 9.496204e-04
Nonblocking Multileader, 4 leaders: 7.053253e-04
Nonblocking Locality Aware, 4 leaders: 3.741290e-02
Nonblocking Multileader Locality, 4 leaders: 6.758262e-04
Pairwise Multileader, 10 leaders: 2.386179e-03
Pairwise Locality Aware, 10 leaders: 2.488437e-03
Pairwise Multileader Locality, 10 leaders: 5.492129e-04
Nonblocking Multileader, 10 leaders: 4.856770e-04
Nonblocking Locality Aware, 10 leaders: 9.205617e-02
Nonblocking Multileader Locality, 10 leaders: 3.571796e-04
Pairwise Multileader, 20 leaders: 5.290914e-03
Pairwise Locality Aware, 20 leaders: 4.599698e-03
Pairwise Multileader Locality, 20 leaders: 4.880779e-04
Nonblocking Multileader, 20 leaders: 1.311717e-02
Nonblocking Locality Aware, 20 leaders: 1.380594e-01
Nonblocking Multileader Locality, 20 leaders: 2.868982e-04
Size 2
PMPI: 1.125617e-03
Pairwise: 1.165567e-02
NonBlocking: 4.471604e-01
Pairwise Hierarchical: 5.383150e-03
Pairwise Node Aware: 5.841172e-04
Nonblocking Hierarchical: 4.505261e-03
Nonblocking Node Aware: 5.997715e-04
Pairwise Multileader, 4 leaders: 1.932968e-03
Pairwise Locality Aware, 4 leaders: 1.059101e-03
Pairwise Multileader Locality, 4 leaders: 1.724014e-03
Nonblocking Multileader, 4 leaders: 1.120125e-03
Nonblocking Locality Aware, 4 leaders: 6.912531e-02
Nonblocking Multileader Locality, 4 leaders: 1.393526e-03
Pairwise Multileader, 10 leaders: 2.526451e-03
Pairwise Locality Aware, 10 leaders: 2.667369e-03
Pairwise Multileader Locality, 10 leaders: 8.214162e-04
Nonblocking Multileader, 10 leaders: 3.020615e-03
Nonblocking Locality Aware, 10 leaders: 1.151520e-01
Nonblocking Multileader Locality, 10 leaders: 5.806591e-04
Pairwise Multileader, 20 leaders: 4.204395e-03
Pairwise Locality Aware, 20 leaders: 5.032892e-03
Pairwise Multileader Locality, 20 leaders: 5.525235e-04
Nonblocking Multileader, 20 leaders: 1.240074e-02
Nonblocking Locality Aware, 20 leaders: 1.610340e-01
Nonblocking Multileader Locality, 20 leaders: 3.856801e-04
Size 4
PMPI: 1.714340e-03
Pairwise: 2.280724e-02
NonBlocking: 2.489475e-01
Pairwise Hierarchical: 1.028087e-02
Pairwise Node Aware: 9.075155e-04
Nonblocking Hierarchical: 8.598595e-03
Nonblocking Node Aware: 7.996575e-04
Pairwise Multileader, 4 leaders: 3.235905e-03
Pairwise Locality Aware, 4 leaders: 1.305026e-03
Pairwise Multileader Locality, 4 leaders: 3.011501e-03
Nonblocking Multileader, 4 leaders: 2.130433e-03
Nonblocking Locality Aware, 4 leaders: 7.455441e-02
Nonblocking Multileader Locality, 4 leaders: 2.443477e-03
Pairwise Multileader, 10 leaders: 3.090014e-03
Pairwise Locality Aware, 10 leaders: 2.934411e-03
Pairwise Multileader Locality, 10 leaders: 1.403298e-03
Nonblocking Multileader, 10 leaders: 4.357552e-02
Nonblocking Locality Aware, 10 leaders: 9.934834e-02
Nonblocking Multileader Locality, 10 leaders: 9.612260e-04
Pairwise Multileader, 20 leaders: 5.871230e-03
Pairwise Locality Aware, 20 leaders: 4.746162e-03
Pairwise Multileader Locality, 20 leaders: 8.781857e-04
Nonblocking Multileader, 20 leaders: 2.547297e-02
Nonblocking Locality Aware, 20 leaders: 1.154987e-01
Nonblocking Multileader Locality, 20 leaders: 6.486847e-04
Size 8
PMPI: 3.532991e-03
Pairwise: 1.777645e-02
NonBlocking: 5.256354e-01
Pairwise Hierarchical: 2.243751e-02
Pairwise Node Aware: 1.372765e-03
Nonblocking Hierarchical: 1.731902e-02
Nonblocking Node Aware: 1.367463e-03
Pairwise Multileader, 4 leaders: 5.821601e-03
Pairwise Locality Aware, 4 leaders: 1.717641e-03
Pairwise Multileader Locality, 4 leaders: 6.636285e-03
Nonblocking Multileader, 4 leaders: 4.035533e-03
Nonblocking Locality Aware, 4 leaders: 8.738400e-02
Nonblocking Multileader Locality, 4 leaders: 5.087065e-03
Pairwise Multileader, 10 leaders: 4.086848e-03
Pairwise Locality Aware, 10 leaders: 3.291264e-03
Pairwise Multileader Locality, 10 leaders: 2.497118e-03
Nonblocking Multileader, 10 leaders: 3.570547e-03
Nonblocking Locality Aware, 10 leaders: 1.153059e-01
Nonblocking Multileader Locality, 10 leaders: 1.945834e-03
Pairwise Multileader, 20 leaders: 5.198665e-03
Pairwise Locality Aware, 20 leaders: 5.784963e-03
Pairwise Multileader Locality, 20 leaders: 1.553622e-03
Nonblocking Multileader, 20 leaders: 7.686344e-02
Nonblocking Locality Aware, 20 leaders: 1.487011e-01
Nonblocking Multileader Locality, 20 leaders: 1.385980e-03
Size 16
PMPI: 6.324950e-03
Pairwise: 2.737180e-02
NonBlocking: 2.525646e-01
Pairwise Hierarchical: 4.563905e-02
Pairwise Node Aware: 2.509425e-03
Nonblocking Hierarchical: 3.549740e-02
Nonblocking Node Aware: 2.610342e-03
Pairwise Multileader, 4 leaders: 8.631717e-03
Pairwise Locality Aware, 4 leaders: 2.592347e-03
Pairwise Multileader Locality, 4 leaders: 1.232501e-02
Nonblocking Multileader, 4 leaders: 7.009405e-03
Nonblocking Locality Aware, 4 leaders: 8.790948e-02
Nonblocking Multileader Locality, 4 leaders: 8.875843e-03
Pairwise Multileader, 10 leaders: 7.173871e-03
Pairwise Locality Aware, 10 leaders: 3.605849e-03
Pairwise Multileader Locality, 10 leaders: 4.535899e-03
Nonblocking Multileader, 10 leaders: 6.429073e-03
Nonblocking Locality Aware, 10 leaders: 1.160901e-01
Nonblocking Multileader Locality, 10 leaders: 3.400248e-03
Pairwise Multileader, 20 leaders: 6.558018e-03
Pairwise Locality Aware, 20 leaders: 5.330070e-03
Pairwise Multileader Locality, 20 leaders: 3.061517e-03
Nonblocking Multileader, 20 leaders: 7.926949e-02
Nonblocking Locality Aware, 20 leaders: 1.385879e-01
Nonblocking Multileader Locality, 20 leaders: 2.362466e-03
Size 32
PMPI: 1.245397e-02
Pairwise: 2.429081e-02
NonBlocking: 3.288145e-01
Pairwise Hierarchical: 8.665138e-02
Pairwise Node Aware: 4.835037e-03
Nonblocking Hierarchical: 6.652150e-02
Nonblocking Node Aware: 5.604263e-03
Pairwise Multileader, 4 leaders: 2.810149e-02
Pairwise Locality Aware, 4 leaders: 4.032951e-03
Pairwise Multileader Locality, 4 leaders: 2.379968e-02
Nonblocking Multileader, 4 leaders: 1.801465e-02
Nonblocking Locality Aware, 4 leaders: 4.203081e-03
Nonblocking Multileader Locality, 4 leaders: 1.811737e-02
Pairwise Multileader, 10 leaders: 1.238615e-02
Pairwise Locality Aware, 10 leaders: 5.493776e-03
Pairwise Multileader Locality, 10 leaders: 1.083376e-02
Nonblocking Multileader, 10 leaders: 1.047293e-02
Nonblocking Locality Aware, 10 leaders: 1.399615e-01
Nonblocking Multileader Locality, 10 leaders: 8.570907e-03
Pairwise Multileader, 20 leaders: 1.138497e-02
Pairwise Locality Aware, 20 leaders: 8.267462e-03
Pairwise Multileader Locality, 20 leaders: 5.733198e-03
Nonblocking Multileader, 20 leaders: 7.688359e-02
Nonblocking Locality Aware, 20 leaders: 1.175749e-01
Nonblocking Multileader Locality, 20 leaders: 5.080189e-03
Size 64
PMPI: 2.247962e-02
Pairwise: 2.473943e-02
NonBlocking: 1.755293e-01
Pairwise Hierarchical: 1.662957e-01
Pairwise Node Aware: 1.017774e-02
Nonblocking Hierarchical: 1.271985e-01
Nonblocking Node Aware: 8.079537e-03
Pairwise Multileader, 4 leaders: 5.522289e-02
Pairwise Locality Aware, 4 leaders: 1.055062e-02
Pairwise Multileader Locality, 4 leaders: 5.830359e-02
Nonblocking Multileader, 4 leaders: 3.812707e-02
Nonblocking Locality Aware, 4 leaders: 1.402367e-02
Nonblocking Multileader Locality, 4 leaders: 4.249056e-02
Pairwise Multileader, 10 leaders: 2.594869e-02
Pairwise Locality Aware, 10 leaders: 1.024322e-02
Pairwise Multileader Locality, 10 leaders: 2.526988e-02
Nonblocking Multileader, 10 leaders: 2.869198e-02
Nonblocking Locality Aware, 10 leaders: 1.210145e-01
Nonblocking Multileader Locality, 10 leaders: 1.990510e-02
Pairwise Multileader, 20 leaders: 1.743032e-02
Pairwise Locality Aware, 20 leaders: 1.211378e-02
Pairwise Multileader Locality, 20 leaders: 1.239042e-02
Nonblocking Multileader, 20 leaders: 1.036931e-02
Nonblocking Locality Aware, 20 leaders: 1.876516e-01
Nonblocking Multileader Locality, 20 leaders: 9.647049e-03
Size 128
PMPI: 4.334803e-02
Pairwise: 3.543226e-02
NonBlocking: 1.791083e-01
Pairwise Hierarchical: 3.234307e-01
Pairwise Node Aware: 1.954792e-02
Nonblocking Hierarchical: 2.501333e-01
Nonblocking Node Aware: 1.733284e-02
Pairwise Multileader, 4 leaders: 9.779508e-02
Pairwise Locality Aware, 4 leaders: 1.696750e-02
Pairwise Multileader Locality, 4 leaders: 1.073890e-01
Nonblocking Multileader, 4 leaders: 6.943296e-02
Nonblocking Locality Aware, 4 leaders: 2.553511e-02
Nonblocking Multileader Locality, 4 leaders: 8.000631e-02
Pairwise Multileader, 10 leaders: 5.227442e-02
Pairwise Locality Aware, 10 leaders: 2.023717e-02
Pairwise Multileader Locality, 10 leaders: 5.343180e-02
Nonblocking Multileader, 10 leaders: 3.697933e-02
Nonblocking Locality Aware, 10 leaders: 9.221216e-02
Nonblocking Multileader Locality, 10 leaders: 4.172816e-02
Pairwise Multileader, 20 leaders: 3.744261e-02
Pairwise Locality Aware, 20 leaders: 1.982802e-02
Pairwise Multileader Locality, 20 leaders: 2.778863e-02
Nonblocking Multileader, 20 leaders: 3.678086e-02
Nonblocking Locality Aware, 20 leaders: 1.177536e-01
Nonblocking Multileader Locality, 20 leaders: 2.093806e-02
Size 256
PMPI: 9.162426e-02
Pairwise: 6.332365e-02
NonBlocking: 2.920020e-01
Pairwise Hierarchical: 6.579750e-01
Pairwise Node Aware: 3.493470e-02
Nonblocking Hierarchical: 5.447489e-01
Nonblocking Node Aware: 3.007947e-02
Pairwise Multileader, 4 leaders: 1.873834e-01
Pairwise Locality Aware, 4 leaders: 3.899452e-02
Pairwise Multileader Locality, 4 leaders: 2.094650e-01
Nonblocking Multileader, 4 leaders: 1.319658e-01
Nonblocking Locality Aware, 4 leaders: 2.703367e-02
Nonblocking Multileader Locality, 4 leaders: 1.571266e-01
Pairwise Multileader, 10 leaders: 1.134088e-01
Pairwise Locality Aware, 10 leaders: 3.913154e-02
Pairwise Multileader Locality, 10 leaders: 1.089140e-01
Nonblocking Multileader, 10 leaders: 7.669130e-02
Nonblocking Locality Aware, 10 leaders: 6.516589e-02
Nonblocking Multileader Locality, 10 leaders: 8.879379e-02
Pairwise Multileader, 20 leaders: 7.208192e-02
Pairwise Locality Aware, 20 leaders: 4.253120e-02
Pairwise Multileader Locality, 20 leaders: 5.727737e-02
Nonblocking Multileader, 20 leaders: 2.450993e-01
Nonblocking Locality Aware, 20 leaders: 9.954989e-02
Nonblocking Multileader Locality, 20 leaders: 4.403405e-02
Size 512
PMPI: 3.577576e-01
Pairwise: 9.777383e-02
NonBlocking: 3.158882e-01
Pairwise Hierarchical: 1.298366e+00
Pairwise Node Aware: 6.999356e-02
Nonblocking Hierarchical: 1.147719e+00
Nonblocking Node Aware: 5.177397e-02
Pairwise Multileader, 4 leaders: 3.476993e-01
Pairwise Locality Aware, 4 leaders: 7.592425e-02
Pairwise Multileader Locality, 4 leaders: 4.005040e-01
Nonblocking Multileader, 4 leaders: 2.596986e-01
Nonblocking Locality Aware, 4 leaders: 1.167248e-01
Nonblocking Multileader Locality, 4 leaders: 3.088130e-01
Pairwise Multileader, 10 leaders: 2.151344e-01
Pairwise Locality Aware, 10 leaders: 8.495353e-02
Pairwise Multileader Locality, 10 leaders: 2.153634e-01
Nonblocking Multileader, 10 leaders: 1.462995e-01
Nonblocking Locality Aware, 10 leaders: 5.961992e-02
Nonblocking Multileader Locality, 10 leaders: 1.741985e-01
Pairwise Multileader, 20 leaders: 1.514422e-01
Pairwise Locality Aware, 20 leaders: 9.108556e-02
Pairwise Multileader Locality, 20 leaders: 1.285479e-01
Nonblocking Multileader, 20 leaders: 9.042251e-02
Nonblocking Locality Aware, 20 leaders: 1.164822e-01
Nonblocking Multileader Locality, 20 leaders: 1.092774e-01
Size 1024
PMPI: 1.858435e-01
Pairwise: 1.944137e-01
NonBlocking: 3.981591e-01
Pairwise Hierarchical: 2.552199e+00
Pairwise Node Aware: 1.462142e-01
Nonblocking Hierarchical: 2.343260e+00
Nonblocking Node Aware: 1.099826e-01
Pairwise Multileader, 4 leaders: 7.090888e-01
Pairwise Locality Aware, 4 leaders: 1.599827e-01
Pairwise Multileader Locality, 4 leaders: 8.167963e-01
Nonblocking Multileader, 4 leaders: 5.386469e-01
Nonblocking Locality Aware, 4 leaders: 1.036199e-01
Nonblocking Multileader Locality, 4 leaders: 6.575249e-01
Pairwise Multileader, 10 leaders: 4.290647e-01
Pairwise Locality Aware, 10 leaders: 1.817014e-01
Pairwise Multileader Locality, 10 leaders: 4.479465e-01
Nonblocking Multileader, 10 leaders: 2.897537e-01
Nonblocking Locality Aware, 10 leaders: 2.119727e-01
Nonblocking Multileader Locality, 10 leaders: 3.430072e-01
Pairwise Multileader, 20 leaders: 3.049606e-01
Pairwise Locality Aware, 20 leaders: 1.814067e-01
Pairwise Multileader Locality, 20 leaders: 2.502642e-01
Nonblocking Multileader, 20 leaders: 1.796115e-01
Nonblocking Locality Aware, 20 leaders: 9.772620e-02
Nonblocking Multileader Locality, 20 leaders: 2.138454e-01
Size 2048
PMPI: 3.816671e-01
Pairwise: 3.825434e-01
NonBlocking: 6.821265e-01
