Test 1 Running Alltoall Benchmark on 8 nodes and 800 tasks
Size 1
PMPI: 1.517782e-04
Pairwise: 2.137186e-03
NonBlocking: 7.395765e-04
Pairwise Hierarchical: 5.708942e-04
Pairwise Node Aware: 2.709878e-04
Nonblocking Hierarchical: 5.390697e-04
Nonblocking Node Aware: 2.554375e-04
Pairwise Multileader, 4 leaders: 2.766814e-04
Pairwise Locality Aware, 4 leaders: 2.084785e-04
Pairwise Multileader Locality, 4 leaders: 2.441464e-04
Nonblocking Multileader, 4 leaders: 1.551288e-04
Nonblocking Locality Aware, 4 leaders: 1.074139e-04
Nonblocking Multileader Locality, 4 leaders: 1.786668e-04
Pairwise Multileader, 10 leaders: 5.228220e-04
Pairwise Locality Aware, 10 leaders: 5.606086e-04
Pairwise Multileader Locality, 10 leaders: 1.365999e-04
Nonblocking Multileader, 10 leaders: 1.201614e-04
Nonblocking Locality Aware, 10 leaders: 2.737533e-04
Nonblocking Multileader Locality, 10 leaders: 1.036219e-04
Pairwise Multileader, 20 leaders: 7.844747e-04
Pairwise Locality Aware, 20 leaders: 1.180915e-03
Pairwise Multileader Locality, 20 leaders: 1.302687e-04
Nonblocking Multileader, 20 leaders: 1.772287e-04
Nonblocking Locality Aware, 20 leaders: 2.737783e-03
Nonblocking Multileader Locality, 20 leaders: 8.815256e-05
Size 2
PMPI: 1.878806e-04
Pairwise: 1.789750e-03
NonBlocking: 6.879266e-04
Pairwise Hierarchical: 1.280966e-03
Pairwise Node Aware: 2.769514e-04
Nonblocking Hierarchical: 1.081963e-03
Nonblocking Node Aware: 2.215042e-04
Pairwise Multileader, 4 leaders: 4.469561e-04
Pairwise Locality Aware, 4 leaders: 2.244392e-04
Pairwise Multileader Locality, 4 leaders: 4.019134e-04
Nonblocking Multileader, 4 leaders: 2.676917e-04
Nonblocking Locality Aware, 4 leaders: 1.446254e-04
Nonblocking Multileader Locality, 4 leaders: 3.092211e-04
Pairwise Multileader, 10 leaders: 4.981928e-04
Pairwise Locality Aware, 10 leaders: 5.395851e-04
Pairwise Multileader Locality, 10 leaders: 1.643634e-04
Nonblocking Multileader, 10 leaders: 1.424475e-04
Nonblocking Locality Aware, 10 leaders: 2.451453e-04
Nonblocking Multileader Locality, 10 leaders: 1.437787e-04
Pairwise Multileader, 20 leaders: 7.500208e-04
Pairwise Locality Aware, 20 leaders: 8.043663e-04
Pairwise Multileader Locality, 20 leaders: 1.800008e-04
Nonblocking Multileader, 20 leaders: 3.132351e-04
Nonblocking Locality Aware, 20 leaders: 1.949242e-03
Nonblocking Multileader Locality, 20 leaders: 1.224455e-04
Size 4
PMPI: 3.064267e-04
Pairwise: 4.768182e-03
NonBlocking: 9.276349e-02
Pairwise Hierarchical: 1.973075e-03
Pairwise Node Aware: 3.983981e-04
Nonblocking Hierarchical: 1.719525e-03
Nonblocking Node Aware: 2.734396e-04
Pairwise Multileader, 4 leaders: 6.706763e-04
Pairwise Locality Aware, 4 leaders: 2.978084e-04
Pairwise Multileader Locality, 4 leaders: 6.447913e-04
Nonblocking Multileader, 4 leaders: 4.253058e-04
Nonblocking Locality Aware, 4 leaders: 2.084475e-04
Nonblocking Multileader Locality, 4 leaders: 5.411294e-04
Pairwise Multileader, 10 leaders: 5.090484e-04
Pairwise Locality Aware, 10 leaders: 4.237076e-04
Pairwise Multileader Locality, 10 leaders: 2.987499e-04
Nonblocking Multileader, 10 leaders: 2.186606e-04
Nonblocking Locality Aware, 10 leaders: 3.375852e-04
Nonblocking Multileader Locality, 10 leaders: 2.273480e-04
Pairwise Multileader, 20 leaders: 1.339869e-03
Pairwise Locality Aware, 20 leaders: 1.120297e-03
Pairwise Multileader Locality, 20 leaders: 2.003109e-04
Nonblocking Multileader, 20 leaders: 2.786746e-04
Nonblocking Locality Aware, 20 leaders: 6.190841e-02
Nonblocking Multileader Locality, 20 leaders: 1.451147e-04
Size 8
PMPI: 5.360841e-04
Pairwise: 4.332961e-03
NonBlocking: 9.964440e-02
Pairwise Hierarchical: 4.505219e-03
Pairwise Node Aware: 5.092267e-04
Nonblocking Hierarchical: 3.382541e-03
Nonblocking Node Aware: 4.298664e-04
Pairwise Multileader, 4 leaders: 1.093637e-03
Pairwise Locality Aware, 4 leaders: 3.157554e-04
Pairwise Multileader Locality, 4 leaders: 1.526148e-03
Nonblocking Multileader, 4 leaders: 8.257963e-04
Nonblocking Locality Aware, 4 leaders: 3.183787e-04
Nonblocking Multileader Locality, 4 leaders: 1.161113e-03
Pairwise Multileader, 10 leaders: 8.862324e-04
Pairwise Locality Aware, 10 leaders: 8.089160e-04
Pairwise Multileader Locality, 10 leaders: 5.609296e-04
Nonblocking Multileader, 10 leaders: 3.768847e-04
Nonblocking Locality Aware, 10 leaders: 3.694790e-04
Nonblocking Multileader Locality, 10 leaders: 4.477128e-04
Pairwise Multileader, 20 leaders: 1.106451e-03
Pairwise Locality Aware, 20 leaders: 1.187135e-03
Pairwise Multileader Locality, 20 leaders: 3.917460e-04
Nonblocking Multileader, 20 leaders: 1.386556e-03
Nonblocking Locality Aware, 20 leaders: 7.430885e-02
Nonblocking Multileader Locality, 20 leaders: 3.286713e-04
Size 16
PMPI: 9.912791e-04
Pairwise: 3.809842e-03
NonBlocking: 1.155195e-01
Pairwise Hierarchical: 8.307472e-03
Pairwise Node Aware: 7.466496e-04
Nonblocking Hierarchical: 7.400386e-03
Nonblocking Node Aware: 5.245924e-04
Pairwise Multileader, 4 leaders: 2.348767e-03
Pairwise Locality Aware, 4 leaders: 5.702595e-04
Pairwise Multileader Locality, 4 leaders: 2.851684e-03
Nonblocking Multileader, 4 leaders: 1.904928e-03
Nonblocking Locality Aware, 4 leaders: 5.349897e-04
Nonblocking Multileader Locality, 4 leaders: 2.335752e-03
Pairwise Multileader, 10 leaders: 1.495465e-03
Pairwise Locality Aware, 10 leaders: 7.068559e-04
Pairwise Multileader Locality, 10 leaders: 1.063078e-03
Nonblocking Multileader, 10 leaders: 8.250263e-04
Nonblocking Locality Aware, 10 leaders: 3.615806e-03
Nonblocking Multileader Locality, 10 leaders: 9.345402e-04
Pairwise Multileader, 20 leaders: 2.698954e-03
Pairwise Locality Aware, 20 leaders: 1.194846e-03
Pairwise Multileader Locality, 20 leaders: 6.708973e-04
Nonblocking Multileader, 20 leaders: 1.258568e-03
Nonblocking Locality Aware, 20 leaders: 5.235979e-02
Nonblocking Multileader Locality, 20 leaders: 5.355069e-04
Size 32
PMPI: 2.054689e-03
Pairwise: 4.111730e-03
NonBlocking: 1.245064e-01
Pairwise Hierarchical: 1.866676e-02
Pairwise Node Aware: 1.109505e-03
Nonblocking Hierarchical: 1.584353e-02
Nonblocking Node Aware: 1.066202e-03
Pairwise Multileader, 4 leaders: 6.475520e-03
Pairwise Locality Aware, 4 leaders: 1.271625e-03
Pairwise Multileader Locality, 4 leaders: 5.622706e-03
Nonblocking Multileader, 4 leaders: 4.483615e-03
Nonblocking Locality Aware, 4 leaders: 8.665212e-04
Nonblocking Multileader Locality, 4 leaders: 4.586644e-03
Pairwise Multileader, 10 leaders: 2.492089e-03
Pairwise Locality Aware, 10 leaders: 1.045264e-03
Pairwise Multileader Locality, 10 leaders: 2.313743e-03
Nonblocking Multileader, 10 leaders: 1.531677e-03
Nonblocking Locality Aware, 10 leaders: 1.064783e-03
Nonblocking Multileader Locality, 10 leaders: 2.162910e-03
Pairwise Multileader, 20 leaders: 1.992061e-03
Pairwise Locality Aware, 20 leaders: 1.339261e-03
Pairwise Multileader Locality, 20 leaders: 1.310528e-03
Nonblocking Multileader, 20 leaders: 7.948659e-04
Nonblocking Locality Aware, 20 leaders: 8.674508e-02
Nonblocking Multileader Locality, 20 leaders: 1.010575e-03
Size 64
PMPI: 3.313163e-03
Pairwise: 6.329827e-03
NonBlocking: 1.250520e-01
Pairwise Hierarchical: 3.930357e-02
Pairwise Node Aware: 1.986875e-03
Nonblocking Hierarchical: 3.252374e-02
Nonblocking Node Aware: 1.402364e-03
Pairwise Multileader, 4 leaders: 1.263441e-02
Pairwise Locality Aware, 4 leaders: 1.831435e-03
Pairwise Multileader Locality, 4 leaders: 1.014681e-02
Nonblocking Multileader, 4 leaders: 7.813604e-03
Nonblocking Locality Aware, 4 leaders: 1.674057e-03
Nonblocking Multileader Locality, 4 leaders: 1.003686e-02
Pairwise Multileader, 10 leaders: 5.883706e-03
Pairwise Locality Aware, 10 leaders: 2.953156e-03
Pairwise Multileader Locality, 10 leaders: 4.641579e-03
Nonblocking Multileader, 10 leaders: 3.364776e-03
Nonblocking Locality Aware, 10 leaders: 1.965406e-03
Nonblocking Multileader Locality, 10 leaders: 3.810626e-03
Pairwise Multileader, 20 leaders: 3.274109e-03
Pairwise Locality Aware, 20 leaders: 2.013693e-03
Pairwise Multileader Locality, 20 leaders: 2.724827e-03
Nonblocking Multileader, 20 leaders: 1.549604e-03
Nonblocking Locality Aware, 20 leaders: 8.704006e-02
Nonblocking Multileader Locality, 20 leaders: 2.156191e-03
Size 128
PMPI: 6.538797e-03
Pairwise: 4.863436e-03
NonBlocking: 1.173612e-01
Pairwise Hierarchical: 7.690234e-02
Pairwise Node Aware: 4.423299e-03
Nonblocking Hierarchical: 6.309093e-02
Nonblocking Node Aware: 3.058238e-03
Pairwise Multileader, 4 leaders: 2.392804e-02
Pairwise Locality Aware, 4 leaders: 2.957542e-03
Pairwise Multileader Locality, 4 leaders: 2.243023e-02
Nonblocking Multileader, 4 leaders: 1.559045e-02
Nonblocking Locality Aware, 4 leaders: 2.960869e-03
Nonblocking Multileader Locality, 4 leaders: 1.725299e-02
Pairwise Multileader, 10 leaders: 1.096788e-02
Pairwise Locality Aware, 10 leaders: 3.654963e-03
Pairwise Multileader Locality, 10 leaders: 1.001199e-02
Nonblocking Multileader, 10 leaders: 7.700107e-03
Nonblocking Locality Aware, 10 leaders: 4.120882e-03
Nonblocking Multileader Locality, 10 leaders: 8.554072e-03
Pairwise Multileader, 20 leaders: 7.440492e-03
Pairwise Locality Aware, 20 leaders: 4.618556e-03
Pairwise Multileader Locality, 20 leaders: 5.593056e-03
Nonblocking Multileader, 20 leaders: 8.394695e-03
Nonblocking Locality Aware, 20 leaders: 6.349180e-02
Nonblocking Multileader Locality, 20 leaders: 4.537526e-03
Size 256
PMPI: 1.293471e-02
Pairwise: 1.535854e-02
NonBlocking: 1.384201e-01
Pairwise Hierarchical: 1.434198e-01
Pairwise Node Aware: 6.505959e-03
Nonblocking Hierarchical: 1.238470e-01
Nonblocking Node Aware: 5.964041e-03
Pairwise Multileader, 4 leaders: 4.951468e-02
Pairwise Locality Aware, 4 leaders: 6.587102e-03
Pairwise Multileader Locality, 4 leaders: 5.159656e-02
Nonblocking Multileader, 4 leaders: 3.560564e-02
Nonblocking Locality Aware, 4 leaders: 5.494068e-03
Nonblocking Multileader Locality, 4 leaders: 4.028127e-02
Pairwise Multileader, 10 leaders: 2.760452e-02
Pairwise Locality Aware, 10 leaders: 7.045363e-03
Pairwise Multileader Locality, 10 leaders: 2.301573e-02
Nonblocking Multileader, 10 leaders: 1.757306e-02
Nonblocking Locality Aware, 10 leaders: 8.444488e-03
Nonblocking Multileader Locality, 10 leaders: 1.928345e-02
Pairwise Multileader, 20 leaders: 1.278349e-02
Pairwise Locality Aware, 20 leaders: 9.856084e-03
Pairwise Multileader Locality, 20 leaders: 1.109212e-02
Nonblocking Multileader, 20 leaders: 8.069740e-03
Nonblocking Locality Aware, 20 leaders: 8.469688e-03
Nonblocking Multileader Locality, 20 leaders: 9.558965e-03
Size 512
PMPI: 1.541982e-02
Pairwise: 1.650264e-02
NonBlocking: 1.163382e-01
Pairwise Hierarchical: 2.734804e-01
Pairwise Node Aware: 1.177432e-02
Nonblocking Hierarchical: 2.466899e-01
Nonblocking Node Aware: 1.216376e-02
Pairwise Multileader, 4 leaders: 9.185078e-02
Pairwise Locality Aware, 4 leaders: 1.268377e-02
Pairwise Multileader Locality, 4 leaders: 1.001415e-01
Nonblocking Multileader, 4 leaders: 6.708674e-02
Nonblocking Locality Aware, 4 leaders: 1.151823e-02
Nonblocking Multileader Locality, 4 leaders: 7.942823e-02
Pairwise Multileader, 10 leaders: 4.988147e-02
Pairwise Locality Aware, 10 leaders: 1.316699e-02
Pairwise Multileader Locality, 10 leaders: 4.979936e-02
Nonblocking Multileader, 10 leaders: 3.528106e-02
Nonblocking Locality Aware, 10 leaders: 1.142995e-02
Nonblocking Multileader Locality, 10 leaders: 4.164120e-02
Pairwise Multileader, 20 leaders: 2.831608e-02
Pairwise Locality Aware, 20 leaders: 2.035886e-02
Pairwise Multileader Locality, 20 leaders: 2.430431e-02
Nonblocking Multileader, 20 leaders: 1.567085e-02
Nonblocking Locality Aware, 20 leaders: 1.447775e-02
Nonblocking Multileader Locality, 20 leaders: 2.014235e-02
Test 2 Running Alltoall Benchmark on 8 nodes and 800 tasks
Size 1
PMPI: 2.214887e-04
Pairwise: 2.838046e-03
NonBlocking: 1.032664e-03
Pairwise Hierarchical: 6.317858e-04
Pairwise Node Aware: 3.107386e-04
Nonblocking Hierarchical: 5.433757e-04
Nonblocking Node Aware: 2.330428e-04
Pairwise Multileader, 4 leaders: 2.964279e-04
Pairwise Locality Aware, 4 leaders: 2.703491e-04
Pairwise Multileader Locality, 4 leaders: 3.100239e-04
Nonblocking Multileader, 4 leaders: 1.807736e-04
Nonblocking Locality Aware, 4 leaders: 1.520649e-04
Nonblocking Multileader Locality, 4 leaders: 1.847236e-04
Pairwise Multileader, 10 leaders: 4.716922e-04
Pairwise Locality Aware, 10 leaders: 4.829287e-04
Pairwise Multileader Locality, 10 leaders: 1.358766e-04
Nonblocking Multileader, 10 leaders: 1.247667e-04
Nonblocking Locality Aware, 10 leaders: 3.667670e-04
Nonblocking Multileader Locality, 10 leaders: 1.093854e-04
Pairwise Multileader, 20 leaders: 1.421416e-03
Pairwise Locality Aware, 20 leaders: 1.492416e-03
Pairwise Multileader Locality, 20 leaders: 1.279418e-04
Nonblocking Multileader, 20 leaders: 1.758136e-04
Nonblocking Locality Aware, 20 leaders: 7.610119e-03
Nonblocking Multileader Locality, 20 leaders: 9.252772e-05
Size 2
PMPI: 2.125257e-04
Pairwise: 3.465993e-03
NonBlocking: 1.056662e-03
Pairwise Hierarchical: 1.324412e-03
Pairwise Node Aware: 2.863025e-04
Nonblocking Hierarchical: 1.073829e-03
Nonblocking Node Aware: 2.274392e-04
Pairwise Multileader, 4 leaders: 4.333410e-04
Pairwise Locality Aware, 4 leaders: 2.908006e-04
Pairwise Multileader Locality, 4 leaders: 4.099511e-04
Nonblocking Multileader, 4 leaders: 2.625284e-04
Nonblocking Locality Aware, 4 leaders: 1.625407e-04
Nonblocking Multileader Locality, 4 leaders: 3.074112e-04
Pairwise Multileader, 10 leaders: 3.925524e-04
Pairwise Locality Aware, 10 leaders: 5.098376e-04
Pairwise Multileader Locality, 10 leaders: 1.701492e-04
Nonblocking Multileader, 10 leaders: 1.526971e-04
Nonblocking Locality Aware, 10 leaders: 2.218259e-04
Nonblocking Multileader Locality, 10 leaders: 1.375521e-04
Pairwise Multileader, 20 leaders: 8.883113e-04
Pairwise Locality Aware, 20 leaders: 7.288491e-04
Pairwise Multileader Locality, 20 leaders: 1.499418e-04
Nonblocking Multileader, 20 leaders: 3.107042e-04
Nonblocking Locality Aware, 20 leaders: 8.628496e-04
Nonblocking Multileader Locality, 20 leaders: 1.041872e-04
Size 4
PMPI: 3.324858e-04
Pairwise: 5.151928e-03
NonBlocking: 9.253638e-02
Pairwise Hierarchical: 1.960660e-03
Pairwise Node Aware: 4.371022e-04
Nonblocking Hierarchical: 1.723078e-03
Nonblocking Node Aware: 2.804271e-04
Pairwise Multileader, 4 leaders: 6.927244e-04
Pairwise Locality Aware, 4 leaders: 2.544534e-04
Pairwise Multileader Locality, 4 leaders: 6.247123e-04
Nonblocking Multileader, 4 leaders: 4.328726e-04
Nonblocking Locality Aware, 4 leaders: 1.785666e-04
Nonblocking Multileader Locality, 4 leaders: 5.501494e-04
Pairwise Multileader, 10 leaders: 5.523226e-04
Pairwise Locality Aware, 10 leaders: 5.770920e-04
Pairwise Multileader Locality, 10 leaders: 2.837856e-04
Nonblocking Multileader, 10 leaders: 2.200546e-04
Nonblocking Locality Aware, 10 leaders: 5.024135e-03
Nonblocking Multileader Locality, 10 leaders: 2.350511e-04
Pairwise Multileader, 20 leaders: 8.866488e-04
Pairwise Locality Aware, 20 leaders: 8.564249e-04
Pairwise Multileader Locality, 20 leaders: 1.983151e-04
Nonblocking Multileader, 20 leaders: 3.145908e-03
Nonblocking Locality Aware, 20 leaders: 7.432079e-02
Nonblocking Multileader Locality, 20 leaders: 1.508795e-04
Size 8
PMPI: 5.977344e-04
Pairwise: 4.489872e-03
NonBlocking: 1.154815e-01
Pairwise Hierarchical: 3.775355e-03
Pairwise Node Aware: 5.960960e-04
Nonblocking Hierarchical: 3.357488e-03
Nonblocking Node Aware: 4.613724e-04
Pairwise Multileader, 4 leaders: 1.068441e-03
Pairwise Locality Aware, 4 leaders: 4.450174e-04
Pairwise Multileader Locality, 4 leaders: 1.472017e-03
Nonblocking Multileader, 4 leaders: 7.981042e-04
Nonblocking Locality Aware, 4 leaders: 4.151264e-04
Nonblocking Multileader Locality, 4 leaders: 1.159348e-03
Pairwise Multileader, 10 leaders: 7.777151e-04
Pairwise Locality Aware, 10 leaders: 5.696940e-04
Pairwise Multileader Locality, 10 leaders: 5.413907e-04
Nonblocking Multileader, 10 leaders: 4.023156e-04
Nonblocking Locality Aware, 10 leaders: 1.566918e-02
Nonblocking Multileader Locality, 10 leaders: 4.447015e-04
Pairwise Multileader, 20 leaders: 1.233923e-03
Pairwise Locality Aware, 20 leaders: 1.016545e-03
Pairwise Multileader Locality, 20 leaders: 4.398277e-04
Nonblocking Multileader, 20 leaders: 3.792676e-04
Nonblocking Locality Aware, 20 leaders: 1.644715e-02
Nonblocking Multileader Locality, 20 leaders: 2.280371e-04
Size 16
PMPI: 1.032109e-03
Pairwise: 5.196251e-03
NonBlocking: 9.257102e-02
Pairwise Hierarchical: 8.450597e-03
Pairwise Node Aware: 7.487372e-04
Nonblocking Hierarchical: 7.444101e-03
Nonblocking Node Aware: 5.544399e-04
Pairwise Multileader, 4 leaders: 2.352466e-03
Pairwise Locality Aware, 4 leaders: 4.408694e-04
Pairwise Multileader Locality, 4 leaders: 2.817163e-03
Nonblocking Multileader, 4 leaders: 1.842003e-03
Nonblocking Locality Aware, 4 leaders: 3.552463e-04
Nonblocking Multileader Locality, 4 leaders: 2.349206e-03
Pairwise Multileader, 10 leaders: 1.325761e-03
Pairwise Locality Aware, 10 leaders: 7.681876e-04
Pairwise Multileader Locality, 10 leaders: 1.068569e-03
Nonblocking Multileader, 10 leaders: 7.994286e-04
Nonblocking Locality Aware, 10 leaders: 4.757434e-02
Nonblocking Multileader Locality, 10 leaders: 9.365669e-04
Pairwise Multileader, 20 leaders: 1.293266e-03
Pairwise Locality Aware, 20 leaders: 1.132215e-03
Pairwise Multileader Locality, 20 leaders: 6.444818e-04
Nonblocking Multileader, 20 leaders: 1.835491e-02
Nonblocking Locality Aware, 20 leaders: 6.203237e-02
Nonblocking Multileader Locality, 20 leaders: 4.906506e-04
Size 32
PMPI: 2.075504e-03
Pairwise: 6.462065e-03
NonBlocking: 1.614877e-01
Pairwise Hierarchical: 1.878214e-02
Pairwise Node Aware: 1.192358e-03
Nonblocking Hierarchical: 1.591597e-02
Nonblocking Node Aware: 1.035629e-03
Pairwise Multileader, 4 leaders: 6.234181e-03
Pairwise Locality Aware, 4 leaders: 1.200711e-03
Pairwise Multileader Locality, 4 leaders: 5.529624e-03
Nonblocking Multileader, 4 leaders: 4.476874e-03
Nonblocking Locality Aware, 4 leaders: 9.155997e-04
Nonblocking Multileader Locality, 4 leaders: 4.654749e-03
Pairwise Multileader, 10 leaders: 2.643274e-03
Pairwise Locality Aware, 10 leaders: 1.302353e-03
Pairwise Multileader Locality, 10 leaders: 2.275202e-03
Nonblocking Multileader, 10 leaders: 1.733109e-03
Nonblocking Locality Aware, 10 leaders: 2.329814e-03
Nonblocking Multileader Locality, 10 leaders: 1.913171e-03
Pairwise Multileader, 20 leaders: 2.319193e-03
Pairwise Locality Aware, 20 leaders: 2.093493e-03
Pairwise Multileader Locality, 20 leaders: 1.191066e-03
Nonblocking Multileader, 20 leaders: 3.763940e-03
Nonblocking Locality Aware, 20 leaders: 8.724325e-02
Nonblocking Multileader Locality, 20 leaders: 1.019075e-03
Size 64
PMPI: 3.254374e-03
Pairwise: 5.828704e-03
NonBlocking: 1.162837e-01
Pairwise Hierarchical: 3.924001e-02
Pairwise Node Aware: 2.150646e-03
Nonblocking Hierarchical: 3.261757e-02
Nonblocking Node Aware: 1.597791e-03
Pairwise Multileader, 4 leaders: 1.278350e-02
Pairwise Locality Aware, 4 leaders: 2.057879e-03
Pairwise Multileader Locality, 4 leaders: 1.005311e-02
Nonblocking Multileader, 4 leaders: 7.839797e-03
Nonblocking Locality Aware, 4 leaders: 2.302442e-03
Nonblocking Multileader Locality, 4 leaders: 8.440588e-03
Pairwise Multileader, 10 leaders: 5.211329e-03
Pairwise Locality Aware, 10 leaders: 2.403905e-03
Pairwise Multileader Locality, 10 leaders: 5.636438e-03
Nonblocking Multileader, 10 leaders: 3.635851e-03
Nonblocking Locality Aware, 10 leaders: 2.080487e-03
Nonblocking Multileader Locality, 10 leaders: 4.036470e-03
Pairwise Multileader, 20 leaders: 3.440624e-03
Pairwise Locality Aware, 20 leaders: 1.972467e-03
Pairwise Multileader Locality, 20 leaders: 2.662819e-03
Nonblocking Multileader, 20 leaders: 1.628011e-03
Nonblocking Locality Aware, 20 leaders: 7.481692e-02
Nonblocking Multileader Locality, 20 leaders: 2.717164e-03
Size 128
PMPI: 6.411299e-03
Pairwise: 5.826150e-03
NonBlocking: 1.393852e-01
Pairwise Hierarchical: 7.709676e-02
Pairwise Node Aware: 3.897668e-03
Nonblocking Hierarchical: 6.373131e-02
Nonblocking Node Aware: 3.146822e-03
Pairwise Multileader, 4 leaders: 2.462343e-02
Pairwise Locality Aware, 4 leaders: 3.420981e-03
Pairwise Multileader Locality, 4 leaders: 2.205421e-02
Nonblocking Multileader, 4 leaders: 1.570378e-02
Nonblocking Locality Aware, 4 leaders: 3.845917e-03
Nonblocking Multileader Locality, 4 leaders: 1.729058e-02
Pairwise Multileader, 10 leaders: 1.025996e-02
Pairwise Locality Aware, 10 leaders: 3.419971e-03
Pairwise Multileader Locality, 10 leaders: 9.706953e-03
Nonblocking Multileader, 10 leaders: 7.414857e-03
Nonblocking Locality Aware, 10 leaders: 4.146005e-03
Nonblocking Multileader Locality, 10 leaders: 8.497596e-03
Pairwise Multileader, 20 leaders: 5.957041e-03
Pairwise Locality Aware, 20 leaders: 3.431499e-03
Pairwise Multileader Locality, 20 leaders: 5.086868e-03
Nonblocking Multileader, 20 leaders: 3.508181e-03
Nonblocking Locality Aware, 20 leaders: 6.409861e-02
Nonblocking Multileader Locality, 20 leaders: 4.689153e-03
Size 256
PMPI: 1.118628e-02
Pairwise: 9.613161e-03
NonBlocking: 1.207304e-01
Pairwise Hierarchical: 1.433605e-01
Pairwise Node Aware: 6.039558e-03
Nonblocking Hierarchical: 1.243666e-01
Nonblocking Node Aware: 5.685848e-03
Pairwise Multileader, 4 leaders: 4.940397e-02
Pairwise Locality Aware, 4 leaders: 6.733034e-03
Pairwise Multileader Locality, 4 leaders: 5.167162e-02
Nonblocking Multileader, 4 leaders: 3.557722e-02
Nonblocking Locality Aware, 4 leaders: 4.848158e-03
Nonblocking Multileader Locality, 4 leaders: 4.027998e-02
Pairwise Multileader, 10 leaders: 2.734588e-02
Pairwise Locality Aware, 10 leaders: 6.779358e-03
Pairwise Multileader Locality, 10 leaders: 2.378527e-02
Nonblocking Multileader, 10 leaders: 1.976987e-02
Nonblocking Locality Aware, 10 leaders: 8.457894e-03
Nonblocking Multileader Locality, 10 leaders: 1.945731e-02
Pairwise Multileader, 20 leaders: 1.249134e-02
Pairwise Locality Aware, 20 leaders: 6.326986e-03
Pairwise Multileader Locality, 20 leaders: 1.086468e-02
Nonblocking Multileader, 20 leaders: 7.618076e-03
Nonblocking Locality Aware, 20 leaders: 7.058857e-03
Nonblocking Multileader Locality, 20 leaders: 9.655613e-03
Size 512
PMPI: 1.576222e-02
Pairwise: 1.663537e-02
NonBlocking: 1.172828e-01
Pairwise Hierarchical: 2.738185e-01
Pairwise Node Aware: 1.387457e-02
Nonblocking Hierarchical: 2.461831e-01
Nonblocking Node Aware: 1.297257e-02
Pairwise Multileader, 4 leaders: 9.188481e-02
Pairwise Locality Aware, 4 leaders: 1.335440e-02
Pairwise Multileader Locality, 4 leaders: 9.936916e-02
Nonblocking Multileader, 4 leaders: 6.745814e-02
Nonblocking Locality Aware, 4 leaders: 1.258176e-02
Nonblocking Multileader Locality, 4 leaders: 7.984801e-02
Pairwise Multileader, 10 leaders: 4.975483e-02
Pairwise Locality Aware, 10 leaders: 1.463389e-02
Pairwise Multileader Locality, 10 leaders: 4.880029e-02
Nonblocking Multileader, 10 leaders: 3.539056e-02
Nonblocking Locality Aware, 10 leaders: 1.404236e-02
Nonblocking Multileader Locality, 10 leaders: 4.130556e-02
Pairwise Multileader, 20 leaders: 2.660438e-02
Pairwise Locality Aware, 20 leaders: 1.794670e-02
Pairwise Multileader Locality, 20 leaders: 2.420113e-02
Nonblocking Multileader, 20 leaders: 1.736299e-02
Nonblocking Locality Aware, 20 leaders: 1.965976e-02
Nonblocking Multileader Locality, 20 leaders: 2.033169e-02
Test 3 Running Alltoall Benchmark on 8 nodes and 800 tasks
Size 1
PMPI: 1.728427e-04
Pairwise: 2.098535e-03
NonBlocking: 7.596941e-04
Pairwise Hierarchical: 5.787336e-04
Pairwise Node Aware: 2.778316e-04
Nonblocking Hierarchical: 5.359879e-04
Nonblocking Node Aware: 2.275719e-04
Pairwise Multileader, 4 leaders: 2.988014e-04
Pairwise Locality Aware, 4 leaders: 2.703987e-04
Pairwise Multileader Locality, 4 leaders: 2.427323e-04
Nonblocking Multileader, 4 leaders: 1.595459e-04
Nonblocking Locality Aware, 4 leaders: 1.966755e-04
Nonblocking Multileader Locality, 4 leaders: 1.914431e-04
Pairwise Multileader, 10 leaders: 4.654750e-04
Pairwise Locality Aware, 10 leaders: 4.769053e-04
Pairwise Multileader Locality, 10 leaders: 1.479593e-04
Nonblocking Multileader, 10 leaders: 1.202069e-04
Nonblocking Locality Aware, 10 leaders: 4.660533e-04
Nonblocking Multileader Locality, 10 leaders: 1.043860e-04
Pairwise Multileader, 20 leaders: 8.890786e-04
Pairwise Locality Aware, 20 leaders: 1.069580e-03
Pairwise Multileader Locality, 20 leaders: 1.390102e-04
Nonblocking Multileader, 20 leaders: 7.030271e-04
Nonblocking Locality Aware, 20 leaders: 9.705513e-03
Nonblocking Multileader Locality, 20 leaders: 8.366061e-05
Size 2
PMPI: 1.940049e-04
Pairwise: 2.545955e-03
NonBlocking: 6.991589e-04
Pairwise Hierarchical: 1.236420e-03
Pairwise Node Aware: 2.796836e-04
Nonblocking Hierarchical: 1.099948e-03
Nonblocking Node Aware: 2.253291e-04
Pairwise Multileader, 4 leaders: 4.158071e-04
Pairwise Locality Aware, 4 leaders: 2.816719e-04
Pairwise Multileader Locality, 4 leaders: 4.057080e-04
Nonblocking Multileader, 4 leaders: 2.653927e-04
Nonblocking Locality Aware, 4 leaders: 1.720400e-04
Nonblocking Multileader Locality, 4 leaders: 3.072802e-04
Pairwise Multileader, 10 leaders: 4.324444e-04
Pairwise Locality Aware, 10 leaders: 5.150189e-04
Pairwise Multileader Locality, 10 leaders: 1.814841e-04
Nonblocking Multileader, 10 leaders: 1.489173e-04
Nonblocking Locality Aware, 10 leaders: 1.881007e-03
Nonblocking Multileader Locality, 10 leaders: 1.370856e-04
Pairwise Multileader, 20 leaders: 8.668556e-04
Pairwise Locality Aware, 20 leaders: 9.142523e-04
Pairwise Multileader Locality, 20 leaders: 1.611620e-04
Nonblocking Multileader, 20 leaders: 2.306013e-04
Nonblocking Locality Aware, 20 leaders: 8.804238e-04
Nonblocking Multileader Locality, 20 leaders: 1.049771e-04
Size 4
PMPI: 3.233471e-04
Pairwise: 4.072996e-03
NonBlocking: 9.213809e-02
Pairwise Hierarchical: 2.105269e-03
Pairwise Node Aware: 4.174135e-04
Nonblocking Hierarchical: 1.746279e-03
Nonblocking Node Aware: 2.633704e-04
Pairwise Multileader, 4 leaders: 7.296863e-04
Pairwise Locality Aware, 4 leaders: 2.437505e-04
Pairwise Multileader Locality, 4 leaders: 6.273263e-04
Nonblocking Multileader, 4 leaders: 4.253166e-04
Nonblocking Locality Aware, 4 leaders: 1.840610e-04
Nonblocking Multileader Locality, 4 leaders: 5.117744e-04
Pairwise Multileader, 10 leaders: 5.378483e-04
Pairwise Locality Aware, 10 leaders: 7.758066e-04
Pairwise Multileader Locality, 10 leaders: 2.879688e-04
Nonblocking Multileader, 10 leaders: 4.249038e-04
Nonblocking Locality Aware, 10 leaders: 7.675693e-03
Nonblocking Multileader Locality, 10 leaders: 2.709212e-04
Pairwise Multileader, 20 leaders: 1.239473e-03
Pairwise Locality Aware, 20 leaders: 8.774427e-04
Pairwise Multileader Locality, 20 leaders: 2.286514e-04
Nonblocking Multileader, 20 leaders: 7.501507e-04
Nonblocking Locality Aware, 20 leaders: 8.654075e-02
Nonblocking Multileader Locality, 20 leaders: 1.846036e-04
Size 8
PMPI: 5.465270e-04
Pairwise: 4.645316e-03
NonBlocking: 9.232668e-02
Pairwise Hierarchical: 3.751583e-03
Pairwise Node Aware: 5.332107e-04
Nonblocking Hierarchical: 3.321088e-03
Nonblocking Node Aware: 3.949184e-04
Pairwise Multileader, 4 leaders: 1.177097e-03
Pairwise Locality Aware, 4 leaders: 3.533494e-04
Pairwise Multileader Locality, 4 leaders: 1.407650e-03
Nonblocking Multileader, 4 leaders: 7.973804e-04
Nonblocking Locality Aware, 4 leaders: 3.057541e-04
Nonblocking Multileader Locality, 4 leaders: 1.144804e-03
Pairwise Multileader, 10 leaders: 8.399029e-04
Pairwise Locality Aware, 10 leaders: 6.669880e-04
Pairwise Multileader Locality, 10 leaders: 5.277113e-04
Nonblocking Multileader, 10 leaders: 3.914087e-04
Nonblocking Locality Aware, 10 leaders: 3.445879e-04
Nonblocking Multileader Locality, 10 leaders: 4.430902e-04
Pairwise Multileader, 20 leaders: 9.909089e-04
Pairwise Locality Aware, 20 leaders: 9.775583e-04
Pairwise Multileader Locality, 20 leaders: 3.583262e-04
Nonblocking Multileader, 20 leaders: 2.840332e-04
Nonblocking Locality Aware, 20 leaders: 1.457201e-02
Nonblocking Multileader Locality, 20 leaders: 2.395928e-04
Size 16
PMPI: 1.002388e-03
Pairwise: 3.630068e-03
NonBlocking: 9.262300e-02
Pairwise Hierarchical: 8.412258e-03
Pairwise Node Aware: 7.049661e-04
Nonblocking Hierarchical: 7.450379e-03
Nonblocking Node Aware: 5.021852e-04
Pairwise Multileader, 4 leaders: 2.252389e-03
Pairwise Locality Aware, 4 leaders: 5.474218e-04
Pairwise Multileader Locality, 4 leaders: 2.861095e-03
Nonblocking Multileader, 4 leaders: 1.845213e-03
Nonblocking Locality Aware, 4 leaders: 4.392547e-04
Nonblocking Multileader Locality, 4 leaders: 2.364634e-03
Pairwise Multileader, 10 leaders: 1.298737e-03
Pairwise Locality Aware, 10 leaders: 6.640917e-04
Pairwise Multileader Locality, 10 leaders: 1.077169e-03
Nonblocking Multileader, 10 leaders: 7.762106e-04
Nonblocking Locality Aware, 10 leaders: 5.168915e-04
Nonblocking Multileader Locality, 10 leaders: 9.400041e-04
Pairwise Multileader, 20 leaders: 1.465318e-03
Pairwise Locality Aware, 20 leaders: 9.904321e-04
Pairwise Multileader Locality, 20 leaders: 6.641315e-04
Nonblocking Multileader, 20 leaders: 3.266309e-03
Nonblocking Locality Aware, 20 leaders: 5.795880e-02
Nonblocking Multileader Locality, 20 leaders: 5.628781e-04
Size 32
PMPI: 2.135775e-03
Pairwise: 3.925199e-03
NonBlocking: 1.156990e-01
Pairwise Hierarchical: 1.891126e-02
Pairwise Node Aware: 1.097124e-03
Nonblocking Hierarchical: 1.593860e-02
Nonblocking Node Aware: 9.544356e-04
Pairwise Multileader, 4 leaders: 5.878700e-03
Pairwise Locality Aware, 4 leaders: 8.687681e-04
Pairwise Multileader Locality, 4 leaders: 5.580218e-03
Nonblocking Multileader, 4 leaders: 4.442671e-03
Nonblocking Locality Aware, 4 leaders: 8.690353e-04
Nonblocking Multileader Locality, 4 leaders: 4.627992e-03
Pairwise Multileader, 10 leaders: 2.444620e-03
Pairwise Locality Aware, 10 leaders: 1.007481e-03
Pairwise Multileader Locality, 10 leaders: 2.296988e-03
Nonblocking Multileader, 10 leaders: 1.509010e-03
Nonblocking Locality Aware, 10 leaders: 9.715649e-04
Nonblocking Multileader Locality, 10 leaders: 1.926075e-03
Pairwise Multileader, 20 leaders: 1.650414e-03
Pairwise Locality Aware, 20 leaders: 1.341060e-03
Pairwise Multileader Locality, 20 leaders: 1.197324e-03
Nonblocking Multileader, 20 leaders: 1.156617e-03
Nonblocking Locality Aware, 20 leaders: 8.678113e-02
Nonblocking Multileader Locality, 20 leaders: 1.017742e-03
Size 64
PMPI: 3.230561e-03
Pairwise: 5.288876e-03
NonBlocking: 1.160978e-01
Pairwise Hierarchical: 3.946867e-02
Pairwise Node Aware: 2.032772e-03
Nonblocking Hierarchical: 3.257106e-02
Nonblocking Node Aware: 1.409561e-03
Pairwise Multileader, 4 leaders: 1.222134e-02
Pairwise Locality Aware, 4 leaders: 1.414608e-03
Pairwise Multileader Locality, 4 leaders: 1.019949e-02
Nonblocking Multileader, 4 leaders: 7.879105e-03
Nonblocking Locality Aware, 4 leaders: 1.329934e-03
Nonblocking Multileader Locality, 4 leaders: 8.396393e-03
Pairwise Multileader, 10 leaders: 5.097948e-03
Pairwise Locality Aware, 10 leaders: 1.877025e-03
Pairwise Multileader Locality, 10 leaders: 4.388462e-03
Nonblocking Multileader, 10 leaders: 3.380323e-03
Nonblocking Locality Aware, 10 leaders: 2.192748e-03
Nonblocking Multileader Locality, 10 leaders: 3.720316e-03
Pairwise Multileader, 20 leaders: 3.431499e-03
Pairwise Locality Aware, 20 leaders: 2.011847e-03
Pairwise Multileader Locality, 20 leaders: 2.655069e-03
Nonblocking Multileader, 20 leaders: 1.678925e-03
Nonblocking Locality Aware, 20 leaders: 7.473661e-02
Nonblocking Multileader Locality, 20 leaders: 2.180670e-03
Size 128
PMPI: 6.423394e-03
Pairwise: 6.930314e-03
NonBlocking: 1.171411e-01
Pairwise Hierarchical: 7.673828e-02
Pairwise Node Aware: 4.127291e-03
Nonblocking Hierarchical: 6.370601e-02
Nonblocking Node Aware: 2.718854e-03
Pairwise Multileader, 4 leaders: 2.409791e-02
Pairwise Locality Aware, 4 leaders: 2.853744e-03
Pairwise Multileader Locality, 4 leaders: 2.236098e-02
Nonblocking Multileader, 4 leaders: 1.558577e-02
Nonblocking Locality Aware, 4 leaders: 3.210225e-03
Nonblocking Multileader Locality, 4 leaders: 1.739152e-02
Pairwise Multileader, 10 leaders: 1.042346e-02
Pairwise Locality Aware, 10 leaders: 3.228134e-03
Pairwise Multileader Locality, 10 leaders: 9.552376e-03
Nonblocking Multileader, 10 leaders: 7.575872e-03
Nonblocking Locality Aware, 10 leaders: 3.670628e-03
Nonblocking Multileader Locality, 10 leaders: 8.418292e-03
Pairwise Multileader, 20 leaders: 6.033748e-03
Pairwise Locality Aware, 20 leaders: 2.897773e-03
Pairwise Multileader Locality, 20 leaders: 5.062724e-03
Nonblocking Multileader, 20 leaders: 3.361508e-03
Nonblocking Locality Aware, 20 leaders: 7.377597e-03
Nonblocking Multileader Locality, 20 leaders: 4.379151e-03
Size 256
PMPI: 1.130428e-02
Pairwise: 8.013764e-03
NonBlocking: 1.190892e-01
Pairwise Hierarchical: 1.440216e-01
Pairwise Node Aware: 5.721219e-03
Nonblocking Hierarchical: 1.256300e-01
Nonblocking Node Aware: 5.585076e-03
Pairwise Multileader, 4 leaders: 4.976899e-02
Pairwise Locality Aware, 4 leaders: 6.300151e-03
Pairwise Multileader Locality, 4 leaders: 5.122715e-02
Nonblocking Multileader, 4 leaders: 3.542991e-02
Nonblocking Locality Aware, 4 leaders: 5.351200e-03
Nonblocking Multileader Locality, 4 leaders: 4.010479e-02
Pairwise Multileader, 10 leaders: 2.724702e-02
Pairwise Locality Aware, 10 leaders: 8.099885e-03
Pairwise Multileader Locality, 10 leaders: 2.288613e-02
Nonblocking Multileader, 10 leaders: 1.761345e-02
Nonblocking Locality Aware, 10 leaders: 9.320589e-03
Nonblocking Multileader Locality, 10 leaders: 1.939467e-02
Pairwise Multileader, 20 leaders: 1.185856e-02
Pairwise Locality Aware, 20 leaders: 6.118701e-03
Pairwise Multileader Locality, 20 leaders: 1.093665e-02
Nonblocking Multileader, 20 leaders: 7.682083e-03
Nonblocking Locality Aware, 20 leaders: 6.549160e-03
Nonblocking Multileader Locality, 20 leaders: 9.143374e-03
Size 512
PMPI: 1.548597e-02
Pairwise: 1.517967e-02
NonBlocking: 1.180874e-01
Pairwise Hierarchical: 2.726921e-01
Pairwise Node Aware: 1.281712e-02
Nonblocking Hierarchical: 2.440080e-01
Nonblocking Node Aware: 1.314455e-02
Pairwise Multileader, 4 leaders: 9.224580e-02
Pairwise Locality Aware, 4 leaders: 1.173213e-02
Pairwise Multileader Locality, 4 leaders: 1.008224e-01
Nonblocking Multileader, 4 leaders: 6.786326e-02
Nonblocking Locality Aware, 4 leaders: 1.045099e-02
Nonblocking Multileader Locality, 4 leaders: 8.002820e-02
Pairwise Multileader, 10 leaders: 4.973290e-02
Pairwise Locality Aware, 10 leaders: 1.504152e-02
Pairwise Multileader Locality, 10 leaders: 4.903637e-02
Nonblocking Multileader, 10 leaders: 3.536666e-02
Nonblocking Locality Aware, 10 leaders: 1.161280e-02
Nonblocking Multileader Locality, 10 leaders: 4.159847e-02
Pairwise Multileader, 20 leaders: 2.635140e-02
Pairwise Locality Aware, 20 leaders: 1.627109e-02
Pairwise Multileader Locality, 20 leaders: 2.427999e-02
Nonblocking Multileader, 20 leaders: 1.734174e-02
Nonblocking Locality Aware, 20 leaders: 2.222668e-02
Nonblocking Multileader Locality, 20 leaders: 2.013535e-02
