Test 1 Running Alltoall Benchmark on 4 nodes and 400 tasks
Size 1
PMPI: 9.530671e-05
Pairwise: 1.036941e-03
NonBlocking: 3.580185e-04
Pairwise Hierarchical: 3.265360e-04
Pairwise Node Aware: 2.008013e-04
Nonblocking Hierarchical: 3.078509e-04
Nonblocking Node Aware: 1.932906e-04
Pairwise Multileader, 4 leaders: 1.408247e-04
Pairwise Locality Aware, 4 leaders: 1.216760e-04
Pairwise Multileader Locality, 4 leaders: 1.263167e-04
Nonblocking Multileader, 4 leaders: 9.036503e-05
Nonblocking Locality Aware, 4 leaders: 6.953953e-05
Nonblocking Multileader Locality, 4 leaders: 1.065706e-04
Pairwise Multileader, 10 leaders: 3.080942e-04
Pairwise Locality Aware, 10 leaders: 2.339328e-04
Pairwise Multileader Locality, 10 leaders: 7.727052e-05
Nonblocking Multileader, 10 leaders: 6.956228e-05
Nonblocking Locality Aware, 10 leaders: 9.088037e-05
Nonblocking Multileader Locality, 10 leaders: 6.432754e-05
Pairwise Multileader, 20 leaders: 4.680366e-04
Pairwise Locality Aware, 20 leaders: 4.869956e-04
Pairwise Multileader Locality, 20 leaders: 8.837117e-05
Nonblocking Multileader, 20 leaders: 1.024840e-04
Nonblocking Locality Aware, 20 leaders: 1.694513e-04
Nonblocking Multileader Locality, 20 leaders: 5.810551e-05
Size 2
PMPI: 1.111421e-04
Pairwise: 1.156141e-03
NonBlocking: 2.822575e-04
Pairwise Hierarchical: 6.293579e-04
Pairwise Node Aware: 2.530616e-04
Nonblocking Hierarchical: 5.435577e-04
Nonblocking Node Aware: 2.036681e-04
Pairwise Multileader, 4 leaders: 1.923615e-04
Pairwise Locality Aware, 4 leaders: 1.675778e-04
Pairwise Multileader Locality, 4 leaders: 1.607532e-04
Nonblocking Multileader, 4 leaders: 1.175809e-04
Nonblocking Locality Aware, 4 leaders: 1.004217e-04
Nonblocking Multileader Locality, 4 leaders: 1.312322e-04
Pairwise Multileader, 10 leaders: 2.738444e-04
Pairwise Locality Aware, 10 leaders: 2.464173e-04
Pairwise Multileader Locality, 10 leaders: 9.920614e-05
Nonblocking Multileader, 10 leaders: 7.812308e-05
Nonblocking Locality Aware, 10 leaders: 1.120036e-04
Nonblocking Multileader Locality, 10 leaders: 8.385008e-05
Pairwise Multileader, 20 leaders: 4.426765e-04
Pairwise Locality Aware, 20 leaders: 4.391884e-04
Pairwise Multileader Locality, 20 leaders: 1.022261e-04
Nonblocking Multileader, 20 leaders: 1.086225e-04
Nonblocking Locality Aware, 20 leaders: 1.822219e-04
Nonblocking Multileader Locality, 20 leaders: 7.012302e-05
Size 4
PMPI: 1.613643e-04
Pairwise: 1.976453e-03
NonBlocking: 7.429680e-02
Pairwise Hierarchical: 9.563784e-04
Pairwise Node Aware: 2.926005e-04
Nonblocking Hierarchical: 8.598961e-04
Nonblocking Node Aware: 2.010901e-04
Pairwise Multileader, 4 leaders: 3.447069e-04
Pairwise Locality Aware, 4 leaders: 1.359642e-04
Pairwise Multileader Locality, 4 leaders: 3.169443e-04
Nonblocking Multileader, 4 leaders: 2.199755e-04
Nonblocking Locality Aware, 4 leaders: 1.117220e-04
Nonblocking Multileader Locality, 4 leaders: 2.668247e-04
Pairwise Multileader, 10 leaders: 2.791483e-04
Pairwise Locality Aware, 10 leaders: 3.086008e-04
Pairwise Multileader Locality, 10 leaders: 1.296998e-04
Nonblocking Multileader, 10 leaders: 1.133639e-04
Nonblocking Locality Aware, 10 leaders: 1.421083e-04
Nonblocking Multileader Locality, 10 leaders: 1.057701e-04
Pairwise Multileader, 20 leaders: 6.403244e-04
Pairwise Locality Aware, 20 leaders: 4.184158e-04
Pairwise Multileader Locality, 20 leaders: 1.283921e-04
Nonblocking Multileader, 20 leaders: 1.432893e-04
Nonblocking Locality Aware, 20 leaders: 2.374102e-04
Nonblocking Multileader Locality, 20 leaders: 9.201107e-05
Size 8
PMPI: 2.455442e-04
Pairwise: 2.464728e-03
NonBlocking: 3.745928e-02
Pairwise Hierarchical: 1.771444e-03
Pairwise Node Aware: 3.638219e-04
Nonblocking Hierarchical: 1.610456e-03
Nonblocking Node Aware: 2.162790e-04
Pairwise Multileader, 4 leaders: 5.122608e-04
Pairwise Locality Aware, 4 leaders: 2.232956e-04
Pairwise Multileader Locality, 4 leaders: 6.946717e-04
Nonblocking Multileader, 4 leaders: 3.851964e-04
Nonblocking Locality Aware, 4 leaders: 2.522452e-04
Nonblocking Multileader Locality, 4 leaders: 5.559032e-04
Pairwise Multileader, 10 leaders: 4.644014e-04
Pairwise Locality Aware, 10 leaders: 3.132514e-04
Pairwise Multileader Locality, 10 leaders: 2.503904e-04
Nonblocking Multileader, 10 leaders: 1.791694e-04
Nonblocking Locality Aware, 10 leaders: 1.738573e-04
Nonblocking Multileader Locality, 10 leaders: 2.060145e-04
Pairwise Multileader, 20 leaders: 6.014548e-04
Pairwise Locality Aware, 20 leaders: 4.474731e-04
Pairwise Multileader Locality, 20 leaders: 1.915130e-04
Nonblocking Multileader, 20 leaders: 1.655264e-04
Nonblocking Locality Aware, 20 leaders: 3.960757e-04
Nonblocking Multileader Locality, 20 leaders: 1.319349e-04
Size 16
PMPI: 3.940048e-04
Pairwise: 2.484164e-03
NonBlocking: 4.623079e-02
Pairwise Hierarchical: 3.417737e-03
Pairwise Node Aware: 4.566965e-04
Nonblocking Hierarchical: 3.170182e-03
Nonblocking Node Aware: 2.818113e-04
Pairwise Multileader, 4 leaders: 9.534163e-04
Pairwise Locality Aware, 4 leaders: 2.692475e-04
Pairwise Multileader Locality, 4 leaders: 1.231842e-03
Nonblocking Multileader, 4 leaders: 7.424179e-04
Nonblocking Locality Aware, 4 leaders: 2.159368e-04
Nonblocking Multileader Locality, 4 leaders: 1.032297e-03
Pairwise Multileader, 10 leaders: 6.083317e-04
Pairwise Locality Aware, 10 leaders: 4.667023e-04
Pairwise Multileader Locality, 10 leaders: 4.643257e-04
Nonblocking Multileader, 10 leaders: 3.343723e-04
Nonblocking Locality Aware, 10 leaders: 2.989606e-04
Nonblocking Multileader Locality, 10 leaders: 4.254855e-04
Pairwise Multileader, 20 leaders: 6.625026e-04
Pairwise Locality Aware, 20 leaders: 6.076075e-04
Pairwise Multileader Locality, 20 leaders: 3.049201e-04
Nonblocking Multileader, 20 leaders: 2.814058e-04
Nonblocking Locality Aware, 20 leaders: 3.027534e-04
Nonblocking Multileader Locality, 20 leaders: 2.170260e-04
Size 32
PMPI: 7.509087e-04
Pairwise: 2.532059e-03
NonBlocking: 7.441809e-02
Pairwise Hierarchical: 7.477144e-03
Pairwise Node Aware: 6.371873e-04
Nonblocking Hierarchical: 6.897994e-03
Nonblocking Node Aware: 4.347551e-04
Pairwise Multileader, 4 leaders: 2.920867e-03
Pairwise Locality Aware, 4 leaders: 5.563146e-04
Pairwise Multileader Locality, 4 leaders: 2.752103e-03
Nonblocking Multileader, 4 leaders: 2.252392e-03
Nonblocking Locality Aware, 4 leaders: 4.451927e-04
Nonblocking Multileader Locality, 4 leaders: 2.369837e-03
Pairwise Multileader, 10 leaders: 1.226157e-03
Pairwise Locality Aware, 10 leaders: 5.232697e-04
Pairwise Multileader Locality, 10 leaders: 1.121891e-03
Nonblocking Multileader, 10 leaders: 7.548021e-04
Nonblocking Locality Aware, 10 leaders: 4.786254e-04
Nonblocking Multileader Locality, 10 leaders: 9.634168e-04
Pairwise Multileader, 20 leaders: 9.631407e-04
Pairwise Locality Aware, 20 leaders: 7.001998e-04
Pairwise Multileader Locality, 20 leaders: 5.368448e-04
Nonblocking Multileader, 20 leaders: 4.697463e-04
Nonblocking Locality Aware, 20 leaders: 6.223257e-04
Nonblocking Multileader Locality, 20 leaders: 4.411260e-04
Size 64
PMPI: 1.661677e-03
Pairwise: 3.257263e-03
NonBlocking: 9.909287e-02
Pairwise Hierarchical: 1.708775e-02
Pairwise Node Aware: 1.035306e-03
Nonblocking Hierarchical: 1.501224e-02
Nonblocking Node Aware: 6.425266e-04
Pairwise Multileader, 4 leaders: 5.170338e-03
Pairwise Locality Aware, 4 leaders: 9.086818e-04
Pairwise Multileader Locality, 4 leaders: 5.148011e-03
Nonblocking Multileader, 4 leaders: 4.061661e-03
Nonblocking Locality Aware, 4 leaders: 7.963067e-04
Nonblocking Multileader Locality, 4 leaders: 4.468937e-03
Pairwise Multileader, 10 leaders: 2.202600e-03
Pairwise Locality Aware, 10 leaders: 8.321810e-04
Pairwise Multileader Locality, 10 leaders: 2.166939e-03
Nonblocking Multileader, 10 leaders: 1.556621e-03
Nonblocking Locality Aware, 10 leaders: 6.989559e-04
Nonblocking Multileader Locality, 10 leaders: 1.862046e-03
Pairwise Multileader, 20 leaders: 1.607486e-03
Pairwise Locality Aware, 20 leaders: 1.080328e-03
Pairwise Multileader Locality, 20 leaders: 1.242073e-03
Nonblocking Multileader, 20 leaders: 7.576196e-04
Nonblocking Locality Aware, 20 leaders: 5.854063e-04
Nonblocking Multileader Locality, 20 leaders: 1.046700e-03
Size 128
PMPI: 2.920120e-03
Pairwise: 2.557301e-03
NonBlocking: 9.966119e-02
Pairwise Hierarchical: 3.586190e-02
Pairwise Node Aware: 1.945333e-03
Nonblocking Hierarchical: 3.248923e-02
Nonblocking Node Aware: 1.230349e-03
Pairwise Multileader, 4 leaders: 9.759840e-03
Pairwise Locality Aware, 4 leaders: 1.539607e-03
Pairwise Multileader Locality, 4 leaders: 9.911000e-03
Nonblocking Multileader, 4 leaders: 7.138012e-03
Nonblocking Locality Aware, 4 leaders: 1.072761e-03
Nonblocking Multileader Locality, 4 leaders: 8.106537e-03
Pairwise Multileader, 10 leaders: 4.486377e-03
Pairwise Locality Aware, 10 leaders: 1.602996e-03
Pairwise Multileader Locality, 10 leaders: 4.184481e-03
Nonblocking Multileader, 10 leaders: 3.144544e-03
Nonblocking Locality Aware, 10 leaders: 1.404096e-03
Nonblocking Multileader Locality, 10 leaders: 3.676275e-03
Pairwise Multileader, 20 leaders: 2.718125e-03
Pairwise Locality Aware, 20 leaders: 1.827704e-03
Pairwise Multileader Locality, 20 leaders: 2.527880e-03
Nonblocking Multileader, 20 leaders: 1.664681e-03
Nonblocking Locality Aware, 20 leaders: 1.502625e-03
Nonblocking Multileader Locality, 20 leaders: 2.139845e-03
Size 256
PMPI: 6.171665e-03
Pairwise: 3.581984e-03
NonBlocking: 1.007113e-01
Pairwise Hierarchical: 6.690865e-02
Pairwise Node Aware: 2.958200e-03
Nonblocking Hierarchical: 6.338459e-02
Nonblocking Node Aware: 2.057269e-03
Pairwise Multileader, 4 leaders: 2.096588e-02
Pairwise Locality Aware, 4 leaders: 3.360438e-03
Pairwise Multileader Locality, 4 leaders: 1.975664e-02
Nonblocking Multileader, 4 leaders: 1.493872e-02
Nonblocking Locality Aware, 4 leaders: 2.637062e-03
Nonblocking Multileader Locality, 4 leaders: 1.691241e-02
Pairwise Multileader, 10 leaders: 1.209133e-02
Pairwise Locality Aware, 10 leaders: 3.042155e-03
Pairwise Multileader Locality, 10 leaders: 9.113374e-03
Nonblocking Multileader, 10 leaders: 7.653216e-03
Nonblocking Locality Aware, 10 leaders: 3.301074e-03
Nonblocking Multileader Locality, 10 leaders: 8.083522e-03
Pairwise Multileader, 20 leaders: 5.099060e-03
Pairwise Locality Aware, 20 leaders: 2.861406e-03
Pairwise Multileader Locality, 20 leaders: 4.795923e-03
Nonblocking Multileader, 20 leaders: 3.214822e-03
Nonblocking Locality Aware, 20 leaders: 2.331437e-03
Nonblocking Multileader Locality, 20 leaders: 4.013658e-03
Size 512
PMPI: 7.317590e-03
Pairwise: 6.544347e-03
NonBlocking: 8.354503e-02
Pairwise Hierarchical: 1.286043e-01
Pairwise Node Aware: 5.914260e-03
Nonblocking Hierarchical: 1.238736e-01
Nonblocking Node Aware: 3.562812e-03
Pairwise Multileader, 4 leaders: 4.655468e-02
Pairwise Locality Aware, 4 leaders: 6.191635e-03
Pairwise Multileader Locality, 4 leaders: 4.812716e-02
Nonblocking Multileader, 4 leaders: 3.486669e-02
Nonblocking Locality Aware, 4 leaders: 3.736659e-03
Nonblocking Multileader Locality, 4 leaders: 4.065157e-02
Pairwise Multileader, 10 leaders: 2.471404e-02
Pairwise Locality Aware, 10 leaders: 6.899867e-03
Pairwise Multileader Locality, 10 leaders: 2.163024e-02
Nonblocking Multileader, 10 leaders: 1.663649e-02
Nonblocking Locality Aware, 10 leaders: 5.446553e-03
Nonblocking Multileader Locality, 10 leaders: 1.889717e-02
Pairwise Multileader, 20 leaders: 1.174797e-02
Pairwise Locality Aware, 20 leaders: 6.419056e-03
Pairwise Multileader Locality, 20 leaders: 1.041273e-02
Nonblocking Multileader, 20 leaders: 7.530139e-03
Nonblocking Locality Aware, 20 leaders: 6.511661e-03
Nonblocking Multileader Locality, 20 leaders: 8.782219e-03
Size 1024
PMPI: 1.351585e-02
Pairwise: 1.114464e-02
NonBlocking: 2.700522e-02
Pairwise Hierarchical: 2.305630e-01
Pairwise Node Aware: 1.376700e-02
Nonblocking Hierarchical: 2.360868e-01
Nonblocking Node Aware: 8.628947e-03
Pairwise Multileader, 4 leaders: 8.483706e-02
Pairwise Locality Aware, 4 leaders: 1.157176e-02
Pairwise Multileader Locality, 4 leaders: 9.088932e-02
Nonblocking Multileader, 4 leaders: 6.521492e-02
Nonblocking Locality Aware, 4 leaders: 7.682098e-03
Nonblocking Multileader Locality, 4 leaders: 7.696260e-02
Pairwise Multileader, 10 leaders: 4.734861e-02
Pairwise Locality Aware, 10 leaders: 1.346662e-02
Pairwise Multileader Locality, 10 leaders: 4.724174e-02
Nonblocking Multileader, 10 leaders: 3.437814e-02
Nonblocking Locality Aware, 10 leaders: 9.977474e-03
Nonblocking Multileader Locality, 10 leaders: 4.092614e-02
Pairwise Multileader, 20 leaders: 2.998883e-02
Pairwise Locality Aware, 20 leaders: 1.498471e-02
Pairwise Multileader Locality, 20 leaders: 2.277271e-02
Nonblocking Multileader, 20 leaders: 1.753231e-02
Nonblocking Locality Aware, 20 leaders: 1.075345e-02
Nonblocking Multileader Locality, 20 leaders: 1.990797e-02
Size 2048
PMPI: 2.855197e-02
Pairwise: 2.442043e-02
NonBlocking: 4.403103e-02
Pairwise Hierarchical: 4.865541e-01
Pairwise Node Aware: 2.827899e-02
Nonblocking Hierarchical: 4.910747e-01
Nonblocking Node Aware: 2.107164e-02
Pairwise Multileader, 4 leaders: 1.560988e-01
Pairwise Locality Aware, 4 leaders: 2.685077e-02
Pairwise Multileader Locality, 4 leaders: 1.713678e-01
Nonblocking Multileader, 4 leaders: 1.264140e-01
Nonblocking Locality Aware, 4 leaders: 1.760178e-02
Nonblocking Multileader Locality, 4 leaders: 1.528312e-01
Pairwise Multileader, 10 leaders: 9.218105e-02
Pairwise Locality Aware, 10 leaders: 2.569885e-02
Pairwise Multileader Locality, 10 leaders: 9.697067e-02
Nonblocking Multileader, 10 leaders: 6.899536e-02
Nonblocking Locality Aware, 10 leaders: 1.739902e-02
Nonblocking Multileader Locality, 10 leaders: 8.501536e-02
Pairwise Multileader, 20 leaders: 5.468033e-02
Pairwise Locality Aware, 20 leaders: 2.865201e-02
Pairwise Multileader Locality, 20 leaders: 4.841904e-02
Nonblocking Multileader, 20 leaders: 3.552496e-02
Nonblocking Locality Aware, 20 leaders: 2.226663e-02
Nonblocking Multileader Locality, 20 leaders: 4.176542e-02
Size 4096
PMPI: 5.452059e-02
Pairwise: 4.681675e-02
NonBlocking: 7.854784e-02
Pairwise Hierarchical: 1.059395e+00
Pairwise Node Aware: 5.045677e-02
Nonblocking Hierarchical: 1.074835e+00
Nonblocking Node Aware: 3.956202e-02
Pairwise Multileader, 4 leaders: 2.957911e-01
Pairwise Locality Aware, 4 leaders: 5.242875e-02
Pairwise Multileader Locality, 4 leaders: 3.248867e-01
Nonblocking Multileader, 4 leaders: 2.397033e-01
Nonblocking Locality Aware, 4 leaders: 3.647875e-02
Nonblocking Multileader Locality, 4 leaders: 2.931212e-01
Pairwise Multileader, 10 leaders: 1.721049e-01
Pairwise Locality Aware, 10 leaders: 5.327645e-02
Pairwise Multileader Locality, 10 leaders: 1.847058e-01
Nonblocking Multileader, 10 leaders: 1.322328e-01
Nonblocking Locality Aware, 10 leaders: 3.659760e-02
Nonblocking Multileader Locality, 10 leaders: 1.676109e-01
Pairwise Multileader, 20 leaders: 1.119118e-01
Pairwise Locality Aware, 20 leaders: 5.274509e-02
Pairwise Multileader Locality, 20 leaders: 1.112258e-01
Nonblocking Multileader, 20 leaders: 7.841417e-02
Nonblocking Locality Aware, 20 leaders: 3.838966e-02
Nonblocking Multileader Locality, 20 leaders: 9.633188e-02
Size 8192
PMPI: 8.462412e-02
Pairwise: 9.915763e-02
NonBlocking: 7.635351e-02
Pairwise Hierarchical: 2.201142e+00
Pairwise Node Aware: 9.480702e-02
Nonblocking Hierarchical: 2.101992e+00
Nonblocking Node Aware: 8.005940e-02
Pairwise Multileader, 4 leaders: 5.754466e-01
Pairwise Locality Aware, 4 leaders: 1.046198e-01
Pairwise Multileader Locality, 4 leaders: 7.021391e-01
Nonblocking Multileader, 4 leaders: 5.398901e-01
Nonblocking Locality Aware, 4 leaders: 7.331527e-02
Nonblocking Multileader Locality, 4 leaders: 6.470958e-01
Pairwise Multileader, 10 leaders: 3.510066e-01
Pairwise Locality Aware, 10 leaders: 1.042407e-01
Pairwise Multileader Locality, 10 leaders: 4.044046e-01
Nonblocking Multileader, 10 leaders: 2.657943e-01
Nonblocking Locality Aware, 10 leaders: 7.713408e-02
Nonblocking Multileader Locality, 10 leaders: 3.331838e-01
Pairwise Multileader, 20 leaders: 1.972144e-01
Pairwise Locality Aware, 20 leaders: 1.110599e-01
Pairwise Multileader Locality, 20 leaders: 2.183719e-01
Nonblocking Multileader, 20 leaders: 1.493967e-01
Nonblocking Locality Aware, 20 leaders: 7.884174e-02
Nonblocking Multileader Locality, 20 leaders: 1.865343e-01
Size 16384
PMPI: 1.525945e-01
Pairwise: 1.626592e-01
NonBlocking: 1.179548e-01
Test 2 Running Alltoall Benchmark on 4 nodes and 400 tasks
Size 1
PMPI: 8.494959e-05
Pairwise: 1.128560e-03
NonBlocking: 3.977076e-04
Pairwise Hierarchical: 3.245683e-04
Pairwise Node Aware: 2.106898e-04
Nonblocking Hierarchical: 3.101973e-04
Nonblocking Node Aware: 1.936688e-04
Pairwise Multileader, 4 leaders: 1.786569e-04
Pairwise Locality Aware, 4 leaders: 1.223461e-04
Pairwise Multileader Locality, 4 leaders: 1.219653e-04
Nonblocking Multileader, 4 leaders: 9.155434e-05
Nonblocking Locality Aware, 4 leaders: 7.362585e-05
Nonblocking Multileader Locality, 4 leaders: 1.026035e-04
Pairwise Multileader, 10 leaders: 2.867547e-04
Pairwise Locality Aware, 10 leaders: 2.070061e-04
Pairwise Multileader Locality, 10 leaders: 8.096243e-05
Nonblocking Multileader, 10 leaders: 7.147993e-05
Nonblocking Locality Aware, 10 leaders: 9.962626e-05
Nonblocking Multileader Locality, 10 leaders: 6.588991e-05
Pairwise Multileader, 20 leaders: 5.052014e-04
Pairwise Locality Aware, 20 leaders: 4.511963e-04
Pairwise Multileader Locality, 20 leaders: 9.040032e-05
Nonblocking Multileader, 20 leaders: 1.111707e-04
Nonblocking Locality Aware, 20 leaders: 1.921770e-04
Nonblocking Multileader Locality, 20 leaders: 6.042988e-05
Size 2
PMPI: 1.052139e-04
Pairwise: 1.171324e-03
NonBlocking: 2.880394e-04
Pairwise Hierarchical: 6.243564e-04
Pairwise Node Aware: 2.531418e-04
Nonblocking Hierarchical: 5.532391e-04
Nonblocking Node Aware: 2.015524e-04
Pairwise Multileader, 4 leaders: 1.803420e-04
Pairwise Locality Aware, 4 leaders: 1.633583e-04
Pairwise Multileader Locality, 4 leaders: 1.621761e-04
Nonblocking Multileader, 4 leaders: 1.187008e-04
Nonblocking Locality Aware, 4 leaders: 1.051760e-04
Nonblocking Multileader Locality, 4 leaders: 1.342435e-04
Pairwise Multileader, 10 leaders: 2.836247e-04
Pairwise Locality Aware, 10 leaders: 2.723048e-04
Pairwise Multileader Locality, 10 leaders: 9.696898e-05
Nonblocking Multileader, 10 leaders: 8.268865e-05
Nonblocking Locality Aware, 10 leaders: 1.610235e-04
Nonblocking Multileader Locality, 10 leaders: 7.807517e-05
Pairwise Multileader, 20 leaders: 4.508000e-04
Pairwise Locality Aware, 20 leaders: 5.910001e-04
Pairwise Multileader Locality, 20 leaders: 1.034632e-04
Nonblocking Multileader, 20 leaders: 1.126363e-04
Nonblocking Locality Aware, 20 leaders: 1.469007e-04
Nonblocking Multileader Locality, 20 leaders: 7.603297e-05
Size 4
PMPI: 1.651407e-04
Pairwise: 2.208161e-03
NonBlocking: 3.748446e-02
Pairwise Hierarchical: 9.496039e-04
Pairwise Node Aware: 3.299698e-04
Nonblocking Hierarchical: 8.521514e-04
Nonblocking Node Aware: 2.007802e-04
Pairwise Multileader, 4 leaders: 3.666936e-04
Pairwise Locality Aware, 4 leaders: 1.520142e-04
Pairwise Multileader Locality, 4 leaders: 3.258725e-04
Nonblocking Multileader, 4 leaders: 2.215499e-04
Nonblocking Locality Aware, 4 leaders: 1.227576e-04
Nonblocking Multileader Locality, 4 leaders: 2.757953e-04
Pairwise Multileader, 10 leaders: 3.091668e-04
Pairwise Locality Aware, 10 leaders: 2.498949e-04
Pairwise Multileader Locality, 10 leaders: 1.421724e-04
Nonblocking Multileader, 10 leaders: 1.062570e-04
Nonblocking Locality Aware, 10 leaders: 1.627899e-04
Nonblocking Multileader Locality, 10 leaders: 1.100496e-04
Pairwise Multileader, 20 leaders: 5.451047e-04
Pairwise Locality Aware, 20 leaders: 4.500300e-04
Pairwise Multileader Locality, 20 leaders: 1.233019e-04
Nonblocking Multileader, 20 leaders: 1.420529e-04
Nonblocking Locality Aware, 20 leaders: 3.441150e-04
Nonblocking Multileader Locality, 20 leaders: 8.850616e-05
Size 8
PMPI: 2.612635e-04
Pairwise: 2.630672e-03
NonBlocking: 5.760757e-02
Pairwise Hierarchical: 1.810559e-03
Pairwise Node Aware: 3.703680e-04
Nonblocking Hierarchical: 1.638596e-03
Nonblocking Node Aware: 1.969021e-04
Pairwise Multileader, 4 leaders: 5.726102e-04
Pairwise Locality Aware, 4 leaders: 1.649821e-04
Pairwise Multileader Locality, 4 leaders: 7.103411e-04
Nonblocking Multileader, 4 leaders: 3.889815e-04
Nonblocking Locality Aware, 4 leaders: 1.873733e-04
Nonblocking Multileader Locality, 4 leaders: 5.565757e-04
Pairwise Multileader, 10 leaders: 4.364729e-04
Pairwise Locality Aware, 10 leaders: 2.792005e-04
Pairwise Multileader Locality, 10 leaders: 2.560847e-04
Nonblocking Multileader, 10 leaders: 1.824392e-04
Nonblocking Locality Aware, 10 leaders: 1.520472e-04
Nonblocking Multileader Locality, 10 leaders: 2.068628e-04
Pairwise Multileader, 20 leaders: 5.285936e-04
Pairwise Locality Aware, 20 leaders: 4.757390e-04
Pairwise Multileader Locality, 20 leaders: 1.880796e-04
Nonblocking Multileader, 20 leaders: 1.443087e-04
Nonblocking Locality Aware, 20 leaders: 2.487081e-04
Nonblocking Multileader Locality, 20 leaders: 1.289952e-04
Size 16
PMPI: 4.534827e-04
Pairwise: 2.711888e-03
NonBlocking: 6.675467e-02
Pairwise Hierarchical: 3.368437e-03
Pairwise Node Aware: 4.611964e-04
Nonblocking Hierarchical: 3.126461e-03
Nonblocking Node Aware: 2.770235e-04
Pairwise Multileader, 4 leaders: 9.860675e-04
Pairwise Locality Aware, 4 leaders: 2.618704e-04
Pairwise Multileader Locality, 4 leaders: 1.273162e-03
Nonblocking Multileader, 4 leaders: 7.652501e-04
Nonblocking Locality Aware, 4 leaders: 1.952867e-04
Nonblocking Multileader Locality, 4 leaders: 1.041204e-03
Pairwise Multileader, 10 leaders: 7.207294e-04
Pairwise Locality Aware, 10 leaders: 3.092657e-04
Pairwise Multileader Locality, 10 leaders: 4.658506e-04
Nonblocking Multileader, 10 leaders: 3.318291e-04
Nonblocking Locality Aware, 10 leaders: 2.227917e-04
Nonblocking Multileader Locality, 10 leaders: 4.118721e-04
Pairwise Multileader, 20 leaders: 7.338628e-04
Pairwise Locality Aware, 20 leaders: 4.960127e-04
Pairwise Multileader Locality, 20 leaders: 3.152158e-04
Nonblocking Multileader, 20 leaders: 2.432474e-04
Nonblocking Locality Aware, 20 leaders: 2.783601e-04
Nonblocking Multileader Locality, 20 leaders: 2.065706e-04
Size 32
PMPI: 8.985770e-04
Pairwise: 2.047255e-03
NonBlocking: 7.439932e-02
Pairwise Hierarchical: 7.579397e-03
Pairwise Node Aware: 6.505589e-04
Nonblocking Hierarchical: 6.967940e-03
Nonblocking Node Aware: 4.815199e-04
Pairwise Multileader, 4 leaders: 2.954913e-03
Pairwise Locality Aware, 4 leaders: 4.348642e-04
Pairwise Multileader Locality, 4 leaders: 2.653439e-03
Nonblocking Multileader, 4 leaders: 2.247870e-03
Nonblocking Locality Aware, 4 leaders: 2.869654e-04
Nonblocking Multileader Locality, 4 leaders: 2.372747e-03
Pairwise Multileader, 10 leaders: 1.216751e-03
Pairwise Locality Aware, 10 leaders: 4.435568e-04
Pairwise Multileader Locality, 10 leaders: 1.148724e-03
Nonblocking Multileader, 10 leaders: 7.300897e-04
Nonblocking Locality Aware, 10 leaders: 3.817165e-04
Nonblocking Multileader Locality, 10 leaders: 9.688149e-04
Pairwise Multileader, 20 leaders: 8.952556e-04
Pairwise Locality Aware, 20 leaders: 7.058055e-04
Pairwise Multileader Locality, 20 leaders: 5.516283e-04
Nonblocking Multileader, 20 leaders: 4.427494e-04
Nonblocking Locality Aware, 20 leaders: 4.688724e-04
Nonblocking Multileader Locality, 20 leaders: 4.482005e-04
Size 64
PMPI: 1.707512e-03
Pairwise: 2.139976e-03
NonBlocking: 6.938543e-02
Pairwise Hierarchical: 1.727902e-02
Pairwise Node Aware: 1.081874e-03
Nonblocking Hierarchical: 1.515325e-02
Nonblocking Node Aware: 6.559874e-04
Pairwise Multileader, 4 leaders: 5.206959e-03
Pairwise Locality Aware, 4 leaders: 8.224822e-04
Pairwise Multileader Locality, 4 leaders: 5.158664e-03
Nonblocking Multileader, 4 leaders: 4.050063e-03
Nonblocking Locality Aware, 4 leaders: 7.298621e-04
Nonblocking Multileader Locality, 4 leaders: 4.482338e-03
Pairwise Multileader, 10 leaders: 2.286937e-03
Pairwise Locality Aware, 10 leaders: 9.355198e-04
Pairwise Multileader Locality, 10 leaders: 2.168113e-03
Nonblocking Multileader, 10 leaders: 1.605587e-03
Nonblocking Locality Aware, 10 leaders: 7.529603e-04
Nonblocking Multileader Locality, 10 leaders: 1.889853e-03
Pairwise Multileader, 20 leaders: 1.630200e-03
Pairwise Locality Aware, 20 leaders: 1.029236e-03
Pairwise Multileader Locality, 20 leaders: 1.270743e-03
Nonblocking Multileader, 20 leaders: 7.741899e-04
Nonblocking Locality Aware, 20 leaders: 9.248722e-04
Nonblocking Multileader Locality, 20 leaders: 1.067735e-03
Size 128
PMPI: 2.974335e-03
Pairwise: 3.077578e-03
NonBlocking: 8.736033e-02
Pairwise Hierarchical: 3.629376e-02
Pairwise Node Aware: 2.036771e-03
Nonblocking Hierarchical: 3.295812e-02
Nonblocking Node Aware: 1.241153e-03
Pairwise Multileader, 4 leaders: 9.661497e-03
Pairwise Locality Aware, 4 leaders: 1.636289e-03
Pairwise Multileader Locality, 4 leaders: 9.809184e-03
Nonblocking Multileader, 4 leaders: 7.176396e-03
Nonblocking Locality Aware, 4 leaders: 1.601798e-03
Nonblocking Multileader Locality, 4 leaders: 8.141541e-03
Pairwise Multileader, 10 leaders: 4.486287e-03
Pairwise Locality Aware, 10 leaders: 1.652910e-03
Pairwise Multileader Locality, 10 leaders: 4.198032e-03
Nonblocking Multileader, 10 leaders: 3.218814e-03
Nonblocking Locality Aware, 10 leaders: 1.435122e-03
Nonblocking Multileader Locality, 10 leaders: 3.695000e-03
Pairwise Multileader, 20 leaders: 2.924202e-03
Pairwise Locality Aware, 20 leaders: 1.428040e-03
Pairwise Multileader Locality, 20 leaders: 2.576854e-03
Nonblocking Multileader, 20 leaders: 1.575731e-03
Nonblocking Locality Aware, 20 leaders: 1.133968e-03
Nonblocking Multileader Locality, 20 leaders: 2.147614e-03
Size 256
PMPI: 5.495343e-03
Pairwise: 4.533308e-03
NonBlocking: 9.374377e-02
Pairwise Hierarchical: 6.805219e-02
Pairwise Node Aware: 2.797055e-03
Nonblocking Hierarchical: 6.407635e-02
Nonblocking Node Aware: 1.860630e-03
Pairwise Multileader, 4 leaders: 2.142128e-02
Pairwise Locality Aware, 4 leaders: 2.689225e-03
Pairwise Multileader Locality, 4 leaders: 1.994915e-02
Nonblocking Multileader, 4 leaders: 1.478215e-02
Nonblocking Locality Aware, 4 leaders: 2.084324e-03
Nonblocking Multileader Locality, 4 leaders: 1.671944e-02
Pairwise Multileader, 10 leaders: 1.204381e-02
Pairwise Locality Aware, 10 leaders: 3.469127e-03
Pairwise Multileader Locality, 10 leaders: 8.998473e-03
Nonblocking Multileader, 10 leaders: 7.652632e-03
Nonblocking Locality Aware, 10 leaders: 3.309156e-03
Nonblocking Multileader Locality, 10 leaders: 7.950546e-03
Pairwise Multileader, 20 leaders: 5.474321e-03
Pairwise Locality Aware, 20 leaders: 2.641858e-03
Pairwise Multileader Locality, 20 leaders: 4.741220e-03
Nonblocking Multileader, 20 leaders: 3.229928e-03
Nonblocking Locality Aware, 20 leaders: 2.205841e-03
Nonblocking Multileader Locality, 20 leaders: 4.046504e-03
Size 512
PMPI: 6.903764e-03
Pairwise: 7.641342e-03
NonBlocking: 9.656501e-02
Pairwise Hierarchical: 1.270377e-01
Pairwise Node Aware: 6.069195e-03
Nonblocking Hierarchical: 1.271048e-01
Nonblocking Node Aware: 3.705993e-03
Pairwise Multileader, 4 leaders: 4.671617e-02
Pairwise Locality Aware, 4 leaders: 5.427060e-03
Pairwise Multileader Locality, 4 leaders: 4.849376e-02
Nonblocking Multileader, 4 leaders: 3.550035e-02
Nonblocking Locality Aware, 4 leaders: 3.948567e-03
Nonblocking Multileader Locality, 4 leaders: 4.056016e-02
Pairwise Multileader, 10 leaders: 2.462602e-02
Pairwise Locality Aware, 10 leaders: 6.059999e-03
Pairwise Multileader Locality, 10 leaders: 2.175794e-02
Nonblocking Multileader, 10 leaders: 1.668108e-02
Nonblocking Locality Aware, 10 leaders: 5.249593e-03
Nonblocking Multileader Locality, 10 leaders: 1.885449e-02
Pairwise Multileader, 20 leaders: 1.081160e-02
Pairwise Locality Aware, 20 leaders: 6.004783e-03
Pairwise Multileader Locality, 20 leaders: 1.026955e-02
Nonblocking Multileader, 20 leaders: 7.235294e-03
Nonblocking Locality Aware, 20 leaders: 4.636132e-03
Nonblocking Multileader Locality, 20 leaders: 8.734501e-03
Size 1024
PMPI: 1.451215e-02
Pairwise: 1.241389e-02
NonBlocking: 5.383004e-02
Pairwise Hierarchical: 2.376469e-01
Pairwise Node Aware: 1.425522e-02
Nonblocking Hierarchical: 2.379684e-01
Nonblocking Node Aware: 7.972149e-03
Pairwise Multileader, 4 leaders: 8.354147e-02
Pairwise Locality Aware, 4 leaders: 1.085985e-02
Pairwise Multileader Locality, 4 leaders: 8.948052e-02
Nonblocking Multileader, 4 leaders: 6.541488e-02
Nonblocking Locality Aware, 4 leaders: 7.998718e-03
Nonblocking Multileader Locality, 4 leaders: 7.860323e-02
Pairwise Multileader, 10 leaders: 4.775728e-02
Pairwise Locality Aware, 10 leaders: 1.250981e-02
Pairwise Multileader Locality, 10 leaders: 4.709947e-02
Nonblocking Multileader, 10 leaders: 3.409164e-02
Nonblocking Locality Aware, 10 leaders: 1.074096e-02
Nonblocking Multileader Locality, 10 leaders: 4.062646e-02
Pairwise Multileader, 20 leaders: 3.088177e-02
Pairwise Locality Aware, 20 leaders: 1.372168e-02
Pairwise Multileader Locality, 20 leaders: 2.270122e-02
Nonblocking Multileader, 20 leaders: 1.769057e-02
Nonblocking Locality Aware, 20 leaders: 1.019211e-02
Nonblocking Multileader Locality, 20 leaders: 2.004356e-02
Size 2048
PMPI: 2.406252e-02
Pairwise: 2.727157e-02
NonBlocking: 4.603093e-02
Pairwise Hierarchical: 4.802740e-01
Pairwise Node Aware: 2.778353e-02
Nonblocking Hierarchical: 4.978441e-01
Nonblocking Node Aware: 2.112542e-02
Pairwise Multileader, 4 leaders: 1.563108e-01
Pairwise Locality Aware, 4 leaders: 2.565887e-02
Pairwise Multileader Locality, 4 leaders: 1.701512e-01
Nonblocking Multileader, 4 leaders: 1.253726e-01
Nonblocking Locality Aware, 4 leaders: 1.793259e-02
Nonblocking Multileader Locality, 4 leaders: 1.546261e-01
Pairwise Multileader, 10 leaders: 9.200720e-02
Pairwise Locality Aware, 10 leaders: 2.648309e-02
Pairwise Multileader Locality, 10 leaders: 9.532460e-02
Nonblocking Multileader, 10 leaders: 6.902795e-02
Nonblocking Locality Aware, 10 leaders: 1.730110e-02
Nonblocking Multileader Locality, 10 leaders: 8.496577e-02
Pairwise Multileader, 20 leaders: 5.484598e-02
Pairwise Locality Aware, 20 leaders: 2.800515e-02
Pairwise Multileader Locality, 20 leaders: 4.854325e-02
Nonblocking Multileader, 20 leaders: 3.546573e-02
Nonblocking Locality Aware, 20 leaders: 2.101094e-02
Nonblocking Multileader Locality, 20 leaders: 4.255791e-02
Size 4096
PMPI: 5.380233e-02
Pairwise: 5.049260e-02
NonBlocking: 7.480955e-02
Pairwise Hierarchical: 1.057999e+00
Pairwise Node Aware: 4.997675e-02
Nonblocking Hierarchical: 1.039995e+00
Nonblocking Node Aware: 3.904464e-02
Pairwise Multileader, 4 leaders: 2.965709e-01
Pairwise Locality Aware, 4 leaders: 4.892519e-02
Pairwise Multileader Locality, 4 leaders: 3.268304e-01
Nonblocking Multileader, 4 leaders: 2.415008e-01
Nonblocking Locality Aware, 4 leaders: 3.758158e-02
Nonblocking Multileader Locality, 4 leaders: 2.941340e-01
Pairwise Multileader, 10 leaders: 1.723810e-01
Pairwise Locality Aware, 10 leaders: 5.305371e-02
Pairwise Multileader Locality, 10 leaders: 1.889240e-01
Nonblocking Multileader, 10 leaders: 1.319824e-01
Nonblocking Locality Aware, 10 leaders: 3.711622e-02
Nonblocking Multileader Locality, 10 leaders: 1.670446e-01
Pairwise Multileader, 20 leaders: 1.099744e-01
Pairwise Locality Aware, 20 leaders: 5.691983e-02
Pairwise Multileader Locality, 20 leaders: 1.096570e-01
Nonblocking Multileader, 20 leaders: 7.797964e-02
Nonblocking Locality Aware, 20 leaders: 3.746337e-02
Nonblocking Multileader Locality, 20 leaders: 9.751081e-02
Size 8192
PMPI: 9.898921e-02
Pairwise: 8.551134e-02
NonBlocking: 8.031036e-02
Pairwise Hierarchical: 2.211365e+00
Pairwise Node Aware: 9.724662e-02
Nonblocking Hierarchical: 2.231126e+00
Nonblocking Node Aware: 7.857937e-02
Pairwise Multileader, 4 leaders: 5.753694e-01
Pairwise Locality Aware, 4 leaders: 9.837456e-02
Pairwise Multileader Locality, 4 leaders: 7.005879e-01
Nonblocking Multileader, 4 leaders: 5.426732e-01
Nonblocking Locality Aware, 4 leaders: 7.797137e-02
Nonblocking Multileader Locality, 4 leaders: 6.601148e-01
Pairwise Multileader, 10 leaders: 3.490606e-01
Pairwise Locality Aware, 10 leaders: 1.068634e-01
Pairwise Multileader Locality, 10 leaders: 4.026395e-01
Nonblocking Multileader, 10 leaders: 2.646758e-01
Nonblocking Locality Aware, 10 leaders: 7.832779e-02
Nonblocking Multileader Locality, 10 leaders: 3.330566e-01
Pairwise Multileader, 20 leaders: 1.945484e-01
Pairwise Locality Aware, 20 leaders: 1.118592e-01
Pairwise Multileader Locality, 20 leaders: 2.169448e-01
Nonblocking Multileader, 20 leaders: 1.494363e-01
Nonblocking Locality Aware, 20 leaders: 7.747509e-02
Nonblocking Multileader Locality, 20 leaders: 1.861424e-01
Size 16384
PMPI: 1.539002e-01
Pairwise: 1.611086e-01
NonBlocking: 1.251470e-01
Test 3 Running Alltoall Benchmark on 4 nodes and 400 tasks
Size 1
PMPI: 9.003539e-05
Pairwise: 9.837995e-04
NonBlocking: 4.456171e-04
Pairwise Hierarchical: 3.236127e-04
Pairwise Node Aware: 2.092828e-04
Nonblocking Hierarchical: 3.084329e-04
Nonblocking Node Aware: 1.929396e-04
Pairwise Multileader, 4 leaders: 1.845151e-04
Pairwise Locality Aware, 4 leaders: 1.409551e-04
Pairwise Multileader Locality, 4 leaders: 1.268247e-04
Nonblocking Multileader, 4 leaders: 9.029125e-05
Nonblocking Locality Aware, 4 leaders: 7.376163e-05
Nonblocking Multileader Locality, 4 leaders: 1.060327e-04
Pairwise Multileader, 10 leaders: 2.653402e-04
Pairwise Locality Aware, 10 leaders: 2.248713e-04
Pairwise Multileader Locality, 10 leaders: 8.420000e-05
Nonblocking Multileader, 10 leaders: 6.826789e-05
Nonblocking Locality Aware, 10 leaders: 1.107833e-04
Nonblocking Multileader Locality, 10 leaders: 6.503703e-05
Pairwise Multileader, 20 leaders: 4.433502e-04
Pairwise Locality Aware, 20 leaders: 5.337679e-04
Pairwise Multileader Locality, 20 leaders: 8.773740e-05
Nonblocking Multileader, 20 leaders: 1.118888e-04
Nonblocking Locality Aware, 20 leaders: 1.344503e-04
Nonblocking Multileader Locality, 20 leaders: 6.358968e-05
Size 2
PMPI: 1.048430e-04
Pairwise: 1.103600e-03
NonBlocking: 3.505591e-04
Pairwise Hierarchical: 6.139773e-04
Pairwise Node Aware: 2.560210e-04
Nonblocking Hierarchical: 5.514643e-04
Nonblocking Node Aware: 2.182534e-04
Pairwise Multileader, 4 leaders: 2.182108e-04
Pairwise Locality Aware, 4 leaders: 1.679610e-04
Pairwise Multileader Locality, 4 leaders: 1.638677e-04
Nonblocking Multileader, 4 leaders: 1.133716e-04
Nonblocking Locality Aware, 4 leaders: 8.650351e-05
Nonblocking Multileader Locality, 4 leaders: 1.400513e-04
Pairwise Multileader, 10 leaders: 2.891274e-04
Pairwise Locality Aware, 10 leaders: 2.386779e-04
Pairwise Multileader Locality, 10 leaders: 9.891240e-05
Nonblocking Multileader, 10 leaders: 8.384544e-05
Nonblocking Locality Aware, 10 leaders: 1.093076e-04
Nonblocking Multileader Locality, 10 leaders: 8.452583e-05
Pairwise Multileader, 20 leaders: 4.547672e-04
Pairwise Locality Aware, 20 leaders: 5.353258e-04
Pairwise Multileader Locality, 20 leaders: 1.011395e-04
Nonblocking Multileader, 20 leaders: 1.203025e-04
Nonblocking Locality Aware, 20 leaders: 1.463760e-04
Nonblocking Multileader Locality, 20 leaders: 7.140667e-05
Size 4
PMPI: 1.605615e-04
Pairwise: 2.388687e-03
NonBlocking: 6.204730e-02
Pairwise Hierarchical: 9.782758e-04
Pairwise Node Aware: 3.315311e-04
Nonblocking Hierarchical: 8.515919e-04
Nonblocking Node Aware: 2.036703e-04
Pairwise Multileader, 4 leaders: 3.171425e-04
Pairwise Locality Aware, 4 leaders: 1.740732e-04
Pairwise Multileader Locality, 4 leaders: 3.265484e-04
Nonblocking Multileader, 4 leaders: 2.177254e-04
Nonblocking Locality Aware, 4 leaders: 1.083219e-04
Nonblocking Multileader Locality, 4 leaders: 2.692455e-04
Pairwise Multileader, 10 leaders: 3.348813e-04
Pairwise Locality Aware, 10 leaders: 2.358333e-04
Pairwise Multileader Locality, 10 leaders: 1.373320e-04
Nonblocking Multileader, 10 leaders: 1.160427e-04
Nonblocking Locality Aware, 10 leaders: 1.482963e-04
Nonblocking Multileader Locality, 10 leaders: 1.148415e-04
Pairwise Multileader, 20 leaders: 5.671857e-04
Pairwise Locality Aware, 20 leaders: 4.901539e-04
Pairwise Multileader Locality, 20 leaders: 1.420330e-04
Nonblocking Multileader, 20 leaders: 1.240113e-04
Nonblocking Locality Aware, 20 leaders: 4.005606e-04
Nonblocking Multileader Locality, 20 leaders: 1.026537e-04
Size 8
PMPI: 2.534318e-04
Pairwise: 2.339394e-03
NonBlocking: 8.676914e-02
Pairwise Hierarchical: 1.774107e-03
Pairwise Node Aware: 3.818504e-04
Nonblocking Hierarchical: 1.636045e-03
Nonblocking Node Aware: 2.173112e-04
Pairwise Multileader, 4 leaders: 5.801781e-04
Pairwise Locality Aware, 4 leaders: 1.728502e-04
Pairwise Multileader Locality, 4 leaders: 6.900248e-04
Nonblocking Multileader, 4 leaders: 3.929852e-04
Nonblocking Locality Aware, 4 leaders: 2.007319e-04
Nonblocking Multileader Locality, 4 leaders: 5.678120e-04
Pairwise Multileader, 10 leaders: 4.066646e-04
Pairwise Locality Aware, 10 leaders: 3.016014e-04
Pairwise Multileader Locality, 10 leaders: 2.588642e-04
Nonblocking Multileader, 10 leaders: 1.820031e-04
Nonblocking Locality Aware, 10 leaders: 1.869433e-04
Nonblocking Multileader Locality, 10 leaders: 2.119462e-04
Pairwise Multileader, 20 leaders: 6.546384e-04
Pairwise Locality Aware, 20 leaders: 4.342734e-04
Pairwise Multileader Locality, 20 leaders: 2.222865e-04
Nonblocking Multileader, 20 leaders: 1.612682e-04
Nonblocking Locality Aware, 20 leaders: 2.036629e-04
Nonblocking Multileader Locality, 20 leaders: 1.646817e-04
Size 16
PMPI: 4.092161e-04
Pairwise: 2.459241e-03
NonBlocking: 6.790504e-02
Pairwise Hierarchical: 3.460950e-03
Pairwise Node Aware: 4.487187e-04
Nonblocking Hierarchical: 3.133212e-03
Nonblocking Node Aware: 2.843565e-04
Pairwise Multileader, 4 leaders: 1.005908e-03
Pairwise Locality Aware, 4 leaders: 2.431309e-04
Pairwise Multileader Locality, 4 leaders: 1.264315e-03
Nonblocking Multileader, 4 leaders: 7.626428e-04
Nonblocking Locality Aware, 4 leaders: 1.943928e-04
Nonblocking Multileader Locality, 4 leaders: 1.052659e-03
Pairwise Multileader, 10 leaders: 6.290052e-04
Pairwise Locality Aware, 10 leaders: 3.966995e-04
Pairwise Multileader Locality, 10 leaders: 4.718753e-04
Nonblocking Multileader, 10 leaders: 3.369493e-04
Nonblocking Locality Aware, 10 leaders: 2.816035e-04
Nonblocking Multileader Locality, 10 leaders: 4.130463e-04
Pairwise Multileader, 20 leaders: 6.561726e-04
Pairwise Locality Aware, 20 leaders: 7.247824e-04
Pairwise Multileader Locality, 20 leaders: 2.990198e-04
Nonblocking Multileader, 20 leaders: 2.266919e-04
Nonblocking Locality Aware, 20 leaders: 3.535534e-04
Nonblocking Multileader Locality, 20 leaders: 2.056921e-04
Size 32
PMPI: 8.055351e-04
Pairwise: 2.745292e-03
NonBlocking: 8.548823e-02
Pairwise Hierarchical: 7.590386e-03
Pairwise Node Aware: 6.685266e-04
Nonblocking Hierarchical: 7.069178e-03
Nonblocking Node Aware: 4.665175e-04
Pairwise Multileader, 4 leaders: 2.928107e-03
Pairwise Locality Aware, 4 leaders: 4.433405e-04
Pairwise Multileader Locality, 4 leaders: 2.707608e-03
Nonblocking Multileader, 4 leaders: 2.267662e-03
Nonblocking Locality Aware, 4 leaders: 3.073322e-04
Nonblocking Multileader Locality, 4 leaders: 2.363972e-03
Pairwise Multileader, 10 leaders: 1.147677e-03
Pairwise Locality Aware, 10 leaders: 5.876902e-04
Pairwise Multileader Locality, 10 leaders: 1.131453e-03
Nonblocking Multileader, 10 leaders: 7.620383e-04
Nonblocking Locality Aware, 10 leaders: 4.719683e-04
Nonblocking Multileader Locality, 10 leaders: 9.756492e-04
Pairwise Multileader, 20 leaders: 1.056596e-03
Pairwise Locality Aware, 20 leaders: 6.207859e-04
Pairwise Multileader Locality, 20 leaders: 6.102264e-04
Nonblocking Multileader, 20 leaders: 4.024486e-04
Nonblocking Locality Aware, 20 leaders: 3.489562e-04
Nonblocking Multileader Locality, 20 leaders: 4.928846e-04
Size 64
PMPI: 1.680368e-03
Pairwise: 2.508637e-03
NonBlocking: 8.709414e-02
Pairwise Hierarchical: 1.751088e-02
Pairwise Node Aware: 9.822771e-04
Nonblocking Hierarchical: 1.520069e-02
Nonblocking Node Aware: 6.525371e-04
Pairwise Multileader, 4 leaders: 5.119916e-03
Pairwise Locality Aware, 4 leaders: 7.720803e-04
Pairwise Multileader Locality, 4 leaders: 5.136549e-03
Nonblocking Multileader, 4 leaders: 4.079787e-03
Nonblocking Locality Aware, 4 leaders: 5.599634e-04
Nonblocking Multileader Locality, 4 leaders: 4.460227e-03
Pairwise Multileader, 10 leaders: 2.306914e-03
Pairwise Locality Aware, 10 leaders: 9.286559e-04
Pairwise Multileader Locality, 10 leaders: 2.173259e-03
Nonblocking Multileader, 10 leaders: 1.657352e-03
Nonblocking Locality Aware, 10 leaders: 8.839543e-04
Nonblocking Multileader Locality, 10 leaders: 1.898617e-03
Pairwise Multileader, 20 leaders: 1.639723e-03
Pairwise Locality Aware, 20 leaders: 9.255357e-04
Pairwise Multileader Locality, 20 leaders: 1.273217e-03
Nonblocking Multileader, 20 leaders: 7.302745e-04
Nonblocking Locality Aware, 20 leaders: 6.814257e-04
Nonblocking Multileader Locality, 20 leaders: 1.071104e-03
Size 128
PMPI: 2.714578e-03
Pairwise: 3.312167e-03
NonBlocking: 8.756806e-02
Pairwise Hierarchical: 3.665088e-02
Pairwise Node Aware: 1.919495e-03
Nonblocking Hierarchical: 3.311402e-02
Nonblocking Node Aware: 1.253405e-03
Pairwise Multileader, 4 leaders: 9.628525e-03
Pairwise Locality Aware, 4 leaders: 1.446169e-03
Pairwise Multileader Locality, 4 leaders: 9.635515e-03
Nonblocking Multileader, 4 leaders: 7.242997e-03
Nonblocking Locality Aware, 4 leaders: 1.290109e-03
Nonblocking Multileader Locality, 4 leaders: 8.121060e-03
Pairwise Multileader, 10 leaders: 4.520864e-03
Pairwise Locality Aware, 10 leaders: 1.633897e-03
Pairwise Multileader Locality, 10 leaders: 4.218792e-03
Nonblocking Multileader, 10 leaders: 3.171843e-03
Nonblocking Locality Aware, 10 leaders: 1.405251e-03
Nonblocking Multileader Locality, 10 leaders: 3.697252e-03
Pairwise Multileader, 20 leaders: 3.002726e-03
Pairwise Locality Aware, 20 leaders: 1.405071e-03
Pairwise Multileader Locality, 20 leaders: 2.565910e-03
Nonblocking Multileader, 20 leaders: 1.569284e-03
Nonblocking Locality Aware, 20 leaders: 1.126488e-03
Nonblocking Multileader Locality, 20 leaders: 2.153053e-03
Size 256
PMPI: 4.824998e-03
Pairwise: 4.730930e-03
NonBlocking: 1.164421e-01
Pairwise Hierarchical: 6.810626e-02
Pairwise Node Aware: 2.828511e-03
Nonblocking Hierarchical: 6.352618e-02
Nonblocking Node Aware: 1.899004e-03
Pairwise Multileader, 4 leaders: 2.119029e-02
Pairwise Locality Aware, 4 leaders: 2.773169e-03
Pairwise Multileader Locality, 4 leaders: 1.948768e-02
Nonblocking Multileader, 4 leaders: 1.507328e-02
Nonblocking Locality Aware, 4 leaders: 2.024413e-03
Nonblocking Multileader Locality, 4 leaders: 1.676282e-02
Pairwise Multileader, 10 leaders: 1.197528e-02
Pairwise Locality Aware, 10 leaders: 3.638425e-03
Pairwise Multileader Locality, 10 leaders: 9.079099e-03
Nonblocking Multileader, 10 leaders: 7.683385e-03
Nonblocking Locality Aware, 10 leaders: 3.406741e-03
Nonblocking Multileader Locality, 10 leaders: 8.056723e-03
Pairwise Multileader, 20 leaders: 5.803189e-03
Pairwise Locality Aware, 20 leaders: 3.426751e-03
Pairwise Multileader Locality, 20 leaders: 4.781364e-03
Nonblocking Multileader, 20 leaders: 3.377333e-03
Nonblocking Locality Aware, 20 leaders: 3.097523e-03
Nonblocking Multileader Locality, 20 leaders: 4.043391e-03
Size 512
PMPI: 7.152963e-03
Pairwise: 8.043347e-03
NonBlocking: 7.106549e-02
Pairwise Hierarchical: 1.288605e-01
Pairwise Node Aware: 5.596140e-03
Nonblocking Hierarchical: 1.230825e-01
Nonblocking Node Aware: 3.550458e-03
Pairwise Multileader, 4 leaders: 4.676640e-02
Pairwise Locality Aware, 4 leaders: 5.724145e-03
Pairwise Multileader Locality, 4 leaders: 4.897406e-02
Nonblocking Multileader, 4 leaders: 3.500201e-02
Nonblocking Locality Aware, 4 leaders: 4.966170e-03
Nonblocking Multileader Locality, 4 leaders: 4.068434e-02
Pairwise Multileader, 10 leaders: 2.478362e-02
Pairwise Locality Aware, 10 leaders: 5.707233e-03
Pairwise Multileader Locality, 10 leaders: 2.163453e-02
Nonblocking Multileader, 10 leaders: 1.662676e-02
Nonblocking Locality Aware, 10 leaders: 5.181482e-03
Nonblocking Multileader Locality, 10 leaders: 1.901174e-02
Pairwise Multileader, 20 leaders: 1.093064e-02
Pairwise Locality Aware, 20 leaders: 6.266782e-03
Pairwise Multileader Locality, 20 leaders: 1.017050e-02
Nonblocking Multileader, 20 leaders: 7.218931e-03
Nonblocking Locality Aware, 20 leaders: 4.587966e-03
Nonblocking Multileader Locality, 20 leaders: 8.703127e-03
Size 1024
PMPI: 1.426345e-02
Pairwise: 1.205941e-02
NonBlocking: 6.951189e-02
Pairwise Hierarchical: 2.367250e-01
Pairwise Node Aware: 1.234505e-02
Nonblocking Hierarchical: 2.351009e-01
Nonblocking Node Aware: 8.640167e-03
Pairwise Multileader, 4 leaders: 8.442994e-02
Pairwise Locality Aware, 4 leaders: 1.124018e-02
Pairwise Multileader Locality, 4 leaders: 8.983660e-02
Nonblocking Multileader, 4 leaders: 6.459297e-02
Nonblocking Locality Aware, 4 leaders: 7.392463e-03
Nonblocking Multileader Locality, 4 leaders: 7.843213e-02
Pairwise Multileader, 10 leaders: 4.712573e-02
Pairwise Locality Aware, 10 leaders: 1.351582e-02
Pairwise Multileader Locality, 10 leaders: 4.676846e-02
Nonblocking Multileader, 10 leaders: 3.426283e-02
Nonblocking Locality Aware, 10 leaders: 1.010701e-02
Nonblocking Multileader Locality, 10 leaders: 4.061707e-02
Pairwise Multileader, 20 leaders: 3.087490e-02
Pairwise Locality Aware, 20 leaders: 1.323540e-02
Pairwise Multileader Locality, 20 leaders: 2.290712e-02
Nonblocking Multileader, 20 leaders: 1.743766e-02
Nonblocking Locality Aware, 20 leaders: 1.056490e-02
Nonblocking Multileader Locality, 20 leaders: 1.983034e-02
Size 2048
PMPI: 2.829695e-02
Pairwise: 2.453477e-02
NonBlocking: 3.882707e-02
Pairwise Hierarchical: 4.883312e-01
Pairwise Node Aware: 2.957765e-02
Nonblocking Hierarchical: 4.895530e-01
Nonblocking Node Aware: 2.126099e-02
Pairwise Multileader, 4 leaders: 1.587148e-01
Pairwise Locality Aware, 4 leaders: 2.716367e-02
Pairwise Multileader Locality, 4 leaders: 1.688766e-01
Nonblocking Multileader, 4 leaders: 1.243425e-01
Nonblocking Locality Aware, 4 leaders: 1.788663e-02
Nonblocking Multileader Locality, 4 leaders: 1.533369e-01
Pairwise Multileader, 10 leaders: 9.244563e-02
Pairwise Locality Aware, 10 leaders: 2.507082e-02
Pairwise Multileader Locality, 10 leaders: 9.687116e-02
Nonblocking Multileader, 10 leaders: 6.903464e-02
Nonblocking Locality Aware, 10 leaders: 1.806697e-02
Nonblocking Multileader Locality, 10 leaders: 8.395501e-02
Pairwise Multileader, 20 leaders: 5.601203e-02
Pairwise Locality Aware, 20 leaders: 2.619792e-02
Pairwise Multileader Locality, 20 leaders: 4.872543e-02
Nonblocking Multileader, 20 leaders: 3.553436e-02
Nonblocking Locality Aware, 20 leaders: 2.097358e-02
Nonblocking Multileader Locality, 20 leaders: 4.239577e-02
Size 4096
PMPI: 5.709436e-02
Pairwise: 5.096595e-02
NonBlocking: 7.066536e-02
Pairwise Hierarchical: 1.069341e+00
Pairwise Node Aware: 4.686441e-02
Nonblocking Hierarchical: 1.047922e+00
Nonblocking Node Aware: 4.041792e-02
Pairwise Multileader, 4 leaders: 2.983162e-01
Pairwise Locality Aware, 4 leaders: 4.887606e-02
Pairwise Multileader Locality, 4 leaders: 3.233656e-01
Nonblocking Multileader, 4 leaders: 2.409396e-01
Nonblocking Locality Aware, 4 leaders: 3.746551e-02
Nonblocking Multileader Locality, 4 leaders: 3.034269e-01
Pairwise Multileader, 10 leaders: 1.725978e-01
Pairwise Locality Aware, 10 leaders: 5.322238e-02
Pairwise Multileader Locality, 10 leaders: 1.882970e-01
Nonblocking Multileader, 10 leaders: 1.322218e-01
Nonblocking Locality Aware, 10 leaders: 3.740200e-02
Nonblocking Multileader Locality, 10 leaders: 1.657388e-01
Pairwise Multileader, 20 leaders: 1.118302e-01
Pairwise Locality Aware, 20 leaders: 5.293383e-02
Pairwise Multileader Locality, 20 leaders: 1.122136e-01
Nonblocking Multileader, 20 leaders: 7.836270e-02
Nonblocking Locality Aware, 20 leaders: 3.880985e-02
Nonblocking Multileader Locality, 20 leaders: 9.711870e-02
Size 8192
PMPI: 9.131465e-02
Pairwise: 9.313317e-02
NonBlocking: 7.835080e-02
Pairwise Hierarchical: 2.176738e+00
Pairwise Node Aware: 9.282294e-02
Nonblocking Hierarchical: 2.098595e+00
Nonblocking Node Aware: 7.908449e-02
Pairwise Multileader, 4 leaders: 5.803010e-01
Pairwise Locality Aware, 4 leaders: 1.014790e-01
Pairwise Multileader Locality, 4 leaders: 6.839794e-01
Nonblocking Multileader, 4 leaders: 5.364208e-01
Nonblocking Locality Aware, 4 leaders: 7.739482e-02
Nonblocking Multileader Locality, 4 leaders: 6.366745e-01
Pairwise Multileader, 10 leaders: 3.520704e-01
Pairwise Locality Aware, 10 leaders: 1.023712e-01
Pairwise Multileader Locality, 10 leaders: 3.935495e-01
Nonblocking Multileader, 10 leaders: 2.643492e-01
Nonblocking Locality Aware, 10 leaders: 8.249396e-02
Nonblocking Multileader Locality, 10 leaders: 3.337388e-01
Pairwise Multileader, 20 leaders: 2.039744e-01
Pairwise Locality Aware, 20 leaders: 1.021264e-01
Pairwise Multileader Locality, 20 leaders: 2.133511e-01
Nonblocking Multileader, 20 leaders: 1.536117e-01
Nonblocking Locality Aware, 20 leaders: 7.591939e-02
Nonblocking Multileader Locality, 20 leaders: 1.842417e-01
Size 16384
PMPI: 1.749012e-01
Pairwise: 1.665259e-01
NonBlocking: 1.153381e-01
