Test 1 Running Alltoall Benchmark on 8 nodes and 800 tasks
Size 1
PMPI: 1.595123e-04
Pairwise: 2.341043e-03
NonBlocking: 9.072834e-04
Pairwise Hierarchical: 5.827138e-04
Pairwise Node Aware: 2.787710e-04
Nonblocking Hierarchical: 5.418186e-04
Nonblocking Node Aware: 2.617694e-04
Pairwise Multileader, 4 leaders: 3.465308e-04
Pairwise Locality Aware, 4 leaders: 3.151610e-04
Pairwise Multileader Locality, 4 leaders: 2.339392e-04
Nonblocking Multileader, 4 leaders: 1.567388e-04
Nonblocking Locality Aware, 4 leaders: 1.105947e-04
Nonblocking Multileader Locality, 4 leaders: 1.810231e-04
Pairwise Multileader, 10 leaders: 4.904207e-04
Pairwise Locality Aware, 10 leaders: 5.085955e-04
Pairwise Multileader Locality, 10 leaders: 1.941590e-04
Nonblocking Multileader, 10 leaders: 1.384170e-04
Nonblocking Locality Aware, 10 leaders: 2.164713e-04
Nonblocking Multileader Locality, 10 leaders: 1.141591e-04
Pairwise Multileader, 20 leaders: 1.161009e-03
Pairwise Locality Aware, 20 leaders: 9.437381e-04
Pairwise Multileader Locality, 20 leaders: 1.358007e-04
Nonblocking Multileader, 20 leaders: 1.825186e-04
Nonblocking Locality Aware, 20 leaders: 7.806981e-03
Nonblocking Multileader Locality, 20 leaders: 8.711345e-05
Size 2
PMPI: 2.144424e-04
Pairwise: 2.160829e-03
NonBlocking: 8.762416e-04
Pairwise Hierarchical: 1.240536e-03
Pairwise Node Aware: 2.804588e-04
Nonblocking Hierarchical: 1.070432e-03
Nonblocking Node Aware: 2.203745e-04
Pairwise Multileader, 4 leaders: 4.310766e-04
Pairwise Locality Aware, 4 leaders: 3.142154e-04
Pairwise Multileader Locality, 4 leaders: 4.161415e-04
Nonblocking Multileader, 4 leaders: 2.601019e-04
Nonblocking Locality Aware, 4 leaders: 1.134024e-04
Nonblocking Multileader Locality, 4 leaders: 3.091440e-04
Pairwise Multileader, 10 leaders: 5.927883e-04
Pairwise Locality Aware, 10 leaders: 4.809025e-04
Pairwise Multileader Locality, 10 leaders: 1.816270e-04
Nonblocking Multileader, 10 leaders: 1.538082e-04
Nonblocking Locality Aware, 10 leaders: 1.715791e-03
Nonblocking Multileader Locality, 10 leaders: 1.331370e-04
Pairwise Multileader, 20 leaders: 1.181084e-03
Pairwise Locality Aware, 20 leaders: 8.590640e-04
Pairwise Multileader Locality, 20 leaders: 1.555346e-04
Nonblocking Multileader, 20 leaders: 2.483325e-04
Nonblocking Locality Aware, 20 leaders: 1.919231e-03
Nonblocking Multileader Locality, 20 leaders: 1.122262e-04
Size 4
PMPI: 3.527923e-04
Pairwise: 4.038038e-03
NonBlocking: 9.937362e-02
Pairwise Hierarchical: 1.975381e-03
Pairwise Node Aware: 4.014201e-04
Nonblocking Hierarchical: 1.719150e-03
Nonblocking Node Aware: 2.649465e-04
Pairwise Multileader, 4 leaders: 7.195569e-04
Pairwise Locality Aware, 4 leaders: 3.257071e-04
Pairwise Multileader Locality, 4 leaders: 6.282707e-04
Nonblocking Multileader, 4 leaders: 4.274583e-04
Nonblocking Locality Aware, 4 leaders: 1.688112e-04
Nonblocking Multileader Locality, 4 leaders: 5.114667e-04
Pairwise Multileader, 10 leaders: 6.354671e-04
Pairwise Locality Aware, 10 leaders: 5.483983e-04
Pairwise Multileader Locality, 10 leaders: 3.103632e-04
Nonblocking Multileader, 10 leaders: 9.310382e-04
Nonblocking Locality Aware, 10 leaders: 7.834153e-03
Nonblocking Multileader Locality, 10 leaders: 2.082314e-04
Pairwise Multileader, 20 leaders: 1.100955e-03
Pairwise Locality Aware, 20 leaders: 9.716267e-04
Pairwise Multileader Locality, 20 leaders: 2.620125e-04
Nonblocking Multileader, 20 leaders: 7.224559e-03
Nonblocking Locality Aware, 20 leaders: 4.955917e-02
Nonblocking Multileader Locality, 20 leaders: 1.834980e-04
Size 8
PMPI: 5.897987e-04
Pairwise: 4.575990e-03
NonBlocking: 1.363479e-01
Pairwise Hierarchical: 3.724544e-03
Pairwise Node Aware: 6.314809e-04
Nonblocking Hierarchical: 3.316031e-03
Nonblocking Node Aware: 4.760986e-04
Pairwise Multileader, 4 leaders: 1.108177e-03
Pairwise Locality Aware, 4 leaders: 4.919161e-04
Pairwise Multileader Locality, 4 leaders: 1.581892e-03
Nonblocking Multileader, 4 leaders: 8.632482e-04
Nonblocking Locality Aware, 4 leaders: 3.459550e-04
Nonblocking Multileader Locality, 4 leaders: 1.153314e-03
Pairwise Multileader, 10 leaders: 8.673672e-04
Pairwise Locality Aware, 10 leaders: 6.473084e-04
Pairwise Multileader Locality, 10 leaders: 5.474518e-04
Nonblocking Multileader, 10 leaders: 4.107296e-04
Nonblocking Locality Aware, 10 leaders: 5.843985e-04
Nonblocking Multileader Locality, 10 leaders: 4.244810e-04
Pairwise Multileader, 20 leaders: 1.311864e-03
Pairwise Locality Aware, 20 leaders: 1.100300e-03
Pairwise Multileader Locality, 20 leaders: 3.440636e-04
Nonblocking Multileader, 20 leaders: 3.602854e-03
Nonblocking Locality Aware, 20 leaders: 7.450905e-02
Nonblocking Multileader Locality, 20 leaders: 2.612727e-04
Size 16
PMPI: 1.003380e-03
Pairwise: 4.161445e-03
NonBlocking: 9.261387e-02
Pairwise Hierarchical: 8.491808e-03
Pairwise Node Aware: 7.326660e-04
Nonblocking Hierarchical: 7.422624e-03
Nonblocking Node Aware: 5.727044e-04
Pairwise Multileader, 4 leaders: 2.438722e-03
Pairwise Locality Aware, 4 leaders: 6.482240e-04
Pairwise Multileader Locality, 4 leaders: 2.868449e-03
Nonblocking Multileader, 4 leaders: 1.906322e-03
Nonblocking Locality Aware, 4 leaders: 4.891716e-04
Nonblocking Multileader Locality, 4 leaders: 2.402032e-03
Pairwise Multileader, 10 leaders: 1.674367e-03
Pairwise Locality Aware, 10 leaders: 1.170081e-03
Pairwise Multileader Locality, 10 leaders: 1.080898e-03
Nonblocking Multileader, 10 leaders: 8.945594e-04
Nonblocking Locality Aware, 10 leaders: 2.465011e-03
Nonblocking Multileader Locality, 10 leaders: 8.555762e-04
Pairwise Multileader, 20 leaders: 1.609830e-03
Pairwise Locality Aware, 20 leaders: 1.045984e-03
Pairwise Multileader Locality, 20 leaders: 6.768195e-04
Nonblocking Multileader, 20 leaders: 1.112307e-02
Nonblocking Locality Aware, 20 leaders: 1.289931e-02
Nonblocking Multileader Locality, 20 leaders: 5.787449e-04
Size 32
PMPI: 1.919315e-03
Pairwise: 5.650338e-03
NonBlocking: 1.289858e-01
Pairwise Hierarchical: 1.848602e-02
Pairwise Node Aware: 1.262376e-03
Nonblocking Hierarchical: 1.594402e-02
Nonblocking Node Aware: 1.265405e-03
Pairwise Multileader, 4 leaders: 5.937700e-03
Pairwise Locality Aware, 4 leaders: 1.102633e-03
Pairwise Multileader Locality, 4 leaders: 5.623249e-03
Nonblocking Multileader, 4 leaders: 4.440269e-03
Nonblocking Locality Aware, 4 leaders: 1.042891e-03
Nonblocking Multileader Locality, 4 leaders: 4.609465e-03
Pairwise Multileader, 10 leaders: 2.331134e-03
Pairwise Locality Aware, 10 leaders: 1.046553e-03
Pairwise Multileader Locality, 10 leaders: 2.323378e-03
Nonblocking Multileader, 10 leaders: 1.542141e-03
Nonblocking Locality Aware, 10 leaders: 1.091109e-03
Nonblocking Multileader Locality, 10 leaders: 1.957203e-03
Pairwise Multileader, 20 leaders: 2.078458e-03
Pairwise Locality Aware, 20 leaders: 1.228342e-03
Pairwise Multileader Locality, 20 leaders: 1.208061e-03
Nonblocking Multileader, 20 leaders: 1.820784e-03
Nonblocking Locality Aware, 20 leaders: 7.444143e-02
Nonblocking Multileader Locality, 20 leaders: 1.027273e-03
Size 64
PMPI: 3.750047e-03
Pairwise: 5.118999e-03
NonBlocking: 1.161016e-01
Pairwise Hierarchical: 3.878890e-02
Pairwise Node Aware: 2.090238e-03
Nonblocking Hierarchical: 3.252872e-02
Nonblocking Node Aware: 1.619737e-03
Pairwise Multileader, 4 leaders: 1.229359e-02
Pairwise Locality Aware, 4 leaders: 1.803904e-03
Pairwise Multileader Locality, 4 leaders: 1.015843e-02
Nonblocking Multileader, 4 leaders: 7.881136e-03
Nonblocking Locality Aware, 4 leaders: 2.101848e-03
Nonblocking Multileader Locality, 4 leaders: 8.332473e-03
Pairwise Multileader, 10 leaders: 4.969958e-03
Pairwise Locality Aware, 10 leaders: 1.919469e-03
Pairwise Multileader Locality, 10 leaders: 4.691044e-03
Nonblocking Multileader, 10 leaders: 3.453645e-03
Nonblocking Locality Aware, 10 leaders: 1.912200e-03
Nonblocking Multileader Locality, 10 leaders: 3.911973e-03
Pairwise Multileader, 20 leaders: 3.113076e-03
Pairwise Locality Aware, 20 leaders: 2.068159e-03
Pairwise Multileader Locality, 20 leaders: 2.827202e-03
Nonblocking Multileader, 20 leaders: 3.500831e-03
Nonblocking Locality Aware, 20 leaders: 8.753037e-02
Nonblocking Multileader Locality, 20 leaders: 1.961381e-03
Size 128
PMPI: 6.587353e-03
Pairwise: 6.773577e-03
NonBlocking: 1.393125e-01
Pairwise Hierarchical: 7.641970e-02
Pairwise Node Aware: 4.442634e-03
Nonblocking Hierarchical: 6.341454e-02
Nonblocking Node Aware: 2.858719e-03
Pairwise Multileader, 4 leaders: 2.373071e-02
Pairwise Locality Aware, 4 leaders: 3.093171e-03
Pairwise Multileader Locality, 4 leaders: 2.220952e-02
Nonblocking Multileader, 4 leaders: 1.548699e-02
Nonblocking Locality Aware, 4 leaders: 3.409764e-03
Nonblocking Multileader Locality, 4 leaders: 1.737689e-02
Pairwise Multileader, 10 leaders: 1.080205e-02
Pairwise Locality Aware, 10 leaders: 3.748436e-03
Pairwise Multileader Locality, 10 leaders: 9.654820e-03
Nonblocking Multileader, 10 leaders: 7.419077e-03
Nonblocking Locality Aware, 10 leaders: 3.901051e-03
Nonblocking Multileader Locality, 10 leaders: 8.352454e-03
Pairwise Multileader, 20 leaders: 5.827092e-03
Pairwise Locality Aware, 20 leaders: 4.301508e-03
Pairwise Multileader Locality, 20 leaders: 5.397424e-03
Nonblocking Multileader, 20 leaders: 3.559899e-03
Nonblocking Locality Aware, 20 leaders: 6.421153e-02
Nonblocking Multileader Locality, 20 leaders: 4.313694e-03
Size 256
PMPI: 1.189615e-02
Pairwise: 9.083619e-03
NonBlocking: 1.928049e-01
Pairwise Hierarchical: 1.410454e-01
Pairwise Node Aware: 6.055121e-03
Nonblocking Hierarchical: 1.231184e-01
Nonblocking Node Aware: 5.749962e-03
Pairwise Multileader, 4 leaders: 4.994464e-02
Pairwise Locality Aware, 4 leaders: 6.263804e-03
Pairwise Multileader Locality, 4 leaders: 5.095470e-02
Nonblocking Multileader, 4 leaders: 3.540888e-02
Nonblocking Locality Aware, 4 leaders: 5.330543e-03
Nonblocking Multileader Locality, 4 leaders: 4.018591e-02
Pairwise Multileader, 10 leaders: 2.744159e-02
Pairwise Locality Aware, 10 leaders: 6.930594e-03
Pairwise Multileader Locality, 10 leaders: 2.279642e-02
Nonblocking Multileader, 10 leaders: 1.774616e-02
Nonblocking Locality Aware, 10 leaders: 8.265881e-03
Nonblocking Multileader Locality, 10 leaders: 1.938714e-02
Pairwise Multileader, 20 leaders: 1.259719e-02
Pairwise Locality Aware, 20 leaders: 6.716046e-03
Pairwise Multileader Locality, 20 leaders: 1.099744e-02
Nonblocking Multileader, 20 leaders: 7.661636e-03
Nonblocking Locality Aware, 20 leaders: 6.543500e-03
Nonblocking Multileader Locality, 20 leaders: 9.295691e-03
Size 512
PMPI: 1.674484e-02
Pairwise: 1.970157e-02
NonBlocking: 1.695592e-01
Pairwise Hierarchical: 2.686149e-01
Pairwise Node Aware: 1.370127e-02
Nonblocking Hierarchical: 2.442580e-01
Nonblocking Node Aware: 1.592639e-02
Pairwise Multileader, 4 leaders: 9.104226e-02
Pairwise Locality Aware, 4 leaders: 1.498431e-02
Pairwise Multileader Locality, 4 leaders: 9.943848e-02
Nonblocking Multileader, 4 leaders: 6.710765e-02
Nonblocking Locality Aware, 4 leaders: 1.185401e-02
Nonblocking Multileader Locality, 4 leaders: 7.892737e-02
Pairwise Multileader, 10 leaders: 5.235864e-02
Pairwise Locality Aware, 10 leaders: 1.450518e-02
Pairwise Multileader Locality, 10 leaders: 4.948146e-02
Nonblocking Multileader, 10 leaders: 3.525036e-02
Nonblocking Locality Aware, 10 leaders: 1.323553e-02
Nonblocking Multileader Locality, 10 leaders: 4.118299e-02
Pairwise Multileader, 20 leaders: 2.655842e-02
Pairwise Locality Aware, 20 leaders: 1.375997e-02
Pairwise Multileader Locality, 20 leaders: 2.440478e-02
Nonblocking Multileader, 20 leaders: 1.755917e-02
Nonblocking Locality Aware, 20 leaders: 1.764187e-02
Nonblocking Multileader Locality, 20 leaders: 2.054681e-02
Test 2 Running Alltoall Benchmark on 8 nodes and 800 tasks
Size 1
PMPI: 1.429111e-04
Pairwise: 2.308493e-03
NonBlocking: 7.722480e-04
Pairwise Hierarchical: 6.518788e-04
Pairwise Node Aware: 3.393320e-04
Nonblocking Hierarchical: 5.452173e-04
Nonblocking Node Aware: 2.452274e-04
Pairwise Multileader, 4 leaders: 3.654759e-04
Pairwise Locality Aware, 4 leaders: 2.854496e-04
Pairwise Multileader Locality, 4 leaders: 2.492790e-04
Nonblocking Multileader, 4 leaders: 2.064791e-04
Nonblocking Locality Aware, 4 leaders: 1.398050e-04
Nonblocking Multileader Locality, 4 leaders: 1.830481e-04
Pairwise Multileader, 10 leaders: 8.076438e-04
Pairwise Locality Aware, 10 leaders: 7.078896e-04
Pairwise Multileader Locality, 10 leaders: 1.529084e-04
Nonblocking Multileader, 10 leaders: 1.230266e-04
Nonblocking Locality Aware, 10 leaders: 1.915785e-04
Nonblocking Multileader Locality, 10 leaders: 1.371008e-04
Pairwise Multileader, 20 leaders: 1.104598e-03
Pairwise Locality Aware, 20 leaders: 1.035587e-03
Pairwise Multileader Locality, 20 leaders: 1.326919e-04
Nonblocking Multileader, 20 leaders: 2.252414e-03
Nonblocking Locality Aware, 20 leaders: 2.489288e-02
Nonblocking Multileader Locality, 20 leaders: 1.019976e-04
Size 2
PMPI: 2.168055e-04
Pairwise: 3.679883e-03
NonBlocking: 8.573435e-04
Pairwise Hierarchical: 1.378207e-03
Pairwise Node Aware: 3.311516e-04
Nonblocking Hierarchical: 1.080359e-03
Nonblocking Node Aware: 2.217825e-04
Pairwise Multileader, 4 leaders: 4.446682e-04
Pairwise Locality Aware, 4 leaders: 3.845879e-04
Pairwise Multileader Locality, 4 leaders: 4.978875e-04
Nonblocking Multileader, 4 leaders: 2.642145e-04
Nonblocking Locality Aware, 4 leaders: 2.204905e-04
Nonblocking Multileader Locality, 4 leaders: 2.648535e-04
Pairwise Multileader, 10 leaders: 5.285043e-04
Pairwise Locality Aware, 10 leaders: 5.363477e-04
Pairwise Multileader Locality, 10 leaders: 1.735718e-04
Nonblocking Multileader, 10 leaders: 1.487145e-04
Nonblocking Locality Aware, 10 leaders: 1.402398e-03
Nonblocking Multileader Locality, 10 leaders: 1.405461e-04
Pairwise Multileader, 20 leaders: 8.640952e-04
Pairwise Locality Aware, 20 leaders: 1.500669e-03
Pairwise Multileader Locality, 20 leaders: 2.325759e-04
Nonblocking Multileader, 20 leaders: 7.265396e-04
Nonblocking Locality Aware, 20 leaders: 5.189747e-03
Nonblocking Multileader Locality, 20 leaders: 1.295447e-04
Size 4
PMPI: 3.381051e-04
Pairwise: 4.769072e-03
NonBlocking: 1.150705e-01
Pairwise Hierarchical: 2.117653e-03
Pairwise Node Aware: 5.244540e-04
Nonblocking Hierarchical: 1.862218e-03
Nonblocking Node Aware: 3.121394e-04
Pairwise Multileader, 4 leaders: 7.410874e-04
Pairwise Locality Aware, 4 leaders: 3.354440e-04
Pairwise Multileader Locality, 4 leaders: 6.388535e-04
Nonblocking Multileader, 4 leaders: 4.315492e-04
Nonblocking Locality Aware, 4 leaders: 3.915153e-04
Nonblocking Multileader Locality, 4 leaders: 5.492365e-04
Pairwise Multileader, 10 leaders: 7.735023e-04
Pairwise Locality Aware, 10 leaders: 6.733648e-04
Pairwise Multileader Locality, 10 leaders: 3.353074e-04
Nonblocking Multileader, 10 leaders: 2.311376e-04
Nonblocking Locality Aware, 10 leaders: 5.708717e-04
Nonblocking Multileader Locality, 10 leaders: 2.684654e-04
Pairwise Multileader, 20 leaders: 9.562198e-04
Pairwise Locality Aware, 20 leaders: 1.313067e-03
Pairwise Multileader Locality, 20 leaders: 2.461351e-04
Nonblocking Multileader, 20 leaders: 1.064104e-02
Nonblocking Locality Aware, 20 leaders: 8.656351e-02
Nonblocking Multileader Locality, 20 leaders: 1.768366e-04
Size 8
PMPI: 9.193466e-04
Pairwise: 8.948437e-03
NonBlocking: 1.117838e-01
Pairwise Hierarchical: 3.766014e-03
Pairwise Node Aware: 5.508820e-04
Nonblocking Hierarchical: 3.352782e-03
Nonblocking Node Aware: 4.195468e-04
Pairwise Multileader, 4 leaders: 1.226483e-03
Pairwise Locality Aware, 4 leaders: 5.208014e-04
Pairwise Multileader Locality, 4 leaders: 1.581078e-03
Nonblocking Multileader, 4 leaders: 8.101535e-04
Nonblocking Locality Aware, 4 leaders: 3.095849e-04
Nonblocking Multileader Locality, 4 leaders: 1.203623e-03
Pairwise Multileader, 10 leaders: 9.430170e-04
Pairwise Locality Aware, 10 leaders: 6.842242e-04
Pairwise Multileader Locality, 10 leaders: 6.489239e-04
Nonblocking Multileader, 10 leaders: 3.745785e-04
Nonblocking Locality Aware, 10 leaders: 4.951696e-04
Nonblocking Multileader Locality, 10 leaders: 4.566195e-04
Pairwise Multileader, 20 leaders: 1.502259e-03
Pairwise Locality Aware, 20 leaders: 1.320626e-03
Pairwise Multileader Locality, 20 leaders: 4.278910e-04
Nonblocking Multileader, 20 leaders: 7.634071e-03
Nonblocking Locality Aware, 20 leaders: 8.661323e-02
Nonblocking Multileader Locality, 20 leaders: 4.789551e-04
Size 16
PMPI: 1.058340e-03
Pairwise: 5.689095e-03
NonBlocking: 1.295530e-01
Pairwise Hierarchical: 8.673234e-03
Pairwise Node Aware: 7.347109e-04
Nonblocking Hierarchical: 7.549282e-03
Nonblocking Node Aware: 6.799793e-04
Pairwise Multileader, 4 leaders: 2.453245e-03
Pairwise Locality Aware, 4 leaders: 6.599994e-04
Pairwise Multileader Locality, 4 leaders: 2.994793e-03
Nonblocking Multileader, 4 leaders: 1.863740e-03
Nonblocking Locality Aware, 4 leaders: 5.870350e-04
Nonblocking Multileader Locality, 4 leaders: 2.385284e-03
Pairwise Multileader, 10 leaders: 1.386911e-03
Pairwise Locality Aware, 10 leaders: 9.178883e-04
Pairwise Multileader Locality, 10 leaders: 1.208358e-03
Nonblocking Multileader, 10 leaders: 7.991536e-04
Nonblocking Locality Aware, 10 leaders: 4.925123e-04
Nonblocking Multileader Locality, 10 leaders: 9.082663e-04
Pairwise Multileader, 20 leaders: 1.578474e-03
Pairwise Locality Aware, 20 leaders: 1.434544e-03
Pairwise Multileader Locality, 20 leaders: 6.563351e-04
Nonblocking Multileader, 20 leaders: 6.240110e-03
Nonblocking Locality Aware, 20 leaders: 4.975678e-02
Nonblocking Multileader Locality, 20 leaders: 5.277909e-04
Size 32
PMPI: 2.574799e-03
Pairwise: 5.764577e-03
NonBlocking: 1.157644e-01
Pairwise Hierarchical: 1.899271e-02
Pairwise Node Aware: 1.248642e-03
Nonblocking Hierarchical: 1.605422e-02
Nonblocking Node Aware: 1.113965e-03
Pairwise Multileader, 4 leaders: 6.319911e-03
Pairwise Locality Aware, 4 leaders: 1.248580e-03
Pairwise Multileader Locality, 4 leaders: 5.614826e-03
Nonblocking Multileader, 4 leaders: 4.512532e-03
Nonblocking Locality Aware, 4 leaders: 1.038778e-03
Nonblocking Multileader Locality, 4 leaders: 4.680767e-03
Pairwise Multileader, 10 leaders: 3.333351e-03
Pairwise Locality Aware, 10 leaders: 1.565920e-03
Pairwise Multileader Locality, 10 leaders: 2.359736e-03
Nonblocking Multileader, 10 leaders: 1.557338e-03
Nonblocking Locality Aware, 10 leaders: 4.842508e-03
Nonblocking Multileader Locality, 10 leaders: 1.930365e-03
Pairwise Multileader, 20 leaders: 1.861051e-03
Pairwise Locality Aware, 20 leaders: 2.258601e-03
Pairwise Multileader Locality, 20 leaders: 1.441766e-03
Nonblocking Multileader, 20 leaders: 4.113329e-03
Nonblocking Locality Aware, 20 leaders: 9.949464e-02
Nonblocking Multileader Locality, 20 leaders: 1.002939e-03
Size 64
PMPI: 3.666571e-03
Pairwise: 5.810937e-03
NonBlocking: 1.158625e-01
Pairwise Hierarchical: 3.951673e-02
Pairwise Node Aware: 1.907734e-03
Nonblocking Hierarchical: 3.261817e-02
Nonblocking Node Aware: 1.435080e-03
Pairwise Multileader, 4 leaders: 1.239531e-02
Pairwise Locality Aware, 4 leaders: 2.294337e-03
Pairwise Multileader Locality, 4 leaders: 1.005854e-02
Nonblocking Multileader, 4 leaders: 7.850422e-03
Nonblocking Locality Aware, 4 leaders: 2.054012e-03
Nonblocking Multileader Locality, 4 leaders: 8.386303e-03
Pairwise Multileader, 10 leaders: 4.845198e-03
Pairwise Locality Aware, 10 leaders: 1.901571e-03
Pairwise Multileader Locality, 10 leaders: 4.541169e-03
Nonblocking Multileader, 10 leaders: 3.455051e-03
Nonblocking Locality Aware, 10 leaders: 2.402031e-03
Nonblocking Multileader Locality, 10 leaders: 3.849539e-03
Pairwise Multileader, 20 leaders: 3.045419e-03
Pairwise Locality Aware, 20 leaders: 2.209296e-03
Pairwise Multileader Locality, 20 leaders: 2.666305e-03
Nonblocking Multileader, 20 leaders: 2.035213e-03
Nonblocking Locality Aware, 20 leaders: 8.772799e-02
Nonblocking Multileader Locality, 20 leaders: 2.131122e-03
Size 128
PMPI: 6.111844e-03
Pairwise: 8.289271e-03
NonBlocking: 1.170062e-01
Pairwise Hierarchical: 7.670202e-02
Pairwise Node Aware: 3.980388e-03
Nonblocking Hierarchical: 6.325288e-02
Nonblocking Node Aware: 2.893613e-03
Pairwise Multileader, 4 leaders: 2.405089e-02
Pairwise Locality Aware, 4 leaders: 3.556506e-03
Pairwise Multileader Locality, 4 leaders: 2.203973e-02
Nonblocking Multileader, 4 leaders: 1.545603e-02
Nonblocking Locality Aware, 4 leaders: 3.359062e-03
Nonblocking Multileader Locality, 4 leaders: 1.766468e-02
Pairwise Multileader, 10 leaders: 1.045460e-02
Pairwise Locality Aware, 10 leaders: 3.275617e-03
Pairwise Multileader Locality, 10 leaders: 9.661361e-03
Nonblocking Multileader, 10 leaders: 7.404882e-03
Nonblocking Locality Aware, 10 leaders: 3.919645e-03
Nonblocking Multileader Locality, 10 leaders: 8.421777e-03
Pairwise Multileader, 20 leaders: 5.824295e-03
Pairwise Locality Aware, 20 leaders: 3.198101e-03
Pairwise Multileader Locality, 20 leaders: 5.313497e-03
Nonblocking Multileader, 20 leaders: 4.131706e-03
Nonblocking Locality Aware, 20 leaders: 4.536316e-02
Nonblocking Multileader Locality, 20 leaders: 4.364291e-03
Size 256
PMPI: 1.144388e-02
Pairwise: 8.457740e-03
NonBlocking: 1.653794e-01
Pairwise Hierarchical: 1.421070e-01
Pairwise Node Aware: 6.999060e-03
Nonblocking Hierarchical: 1.232513e-01
Nonblocking Node Aware: 5.630478e-03
Pairwise Multileader, 4 leaders: 4.985034e-02
Pairwise Locality Aware, 4 leaders: 5.814196e-03
Pairwise Multileader Locality, 4 leaders: 5.212307e-02
Nonblocking Multileader, 4 leaders: 3.595077e-02
Nonblocking Locality Aware, 4 leaders: 5.343303e-03
Nonblocking Multileader Locality, 4 leaders: 4.051068e-02
Pairwise Multileader, 10 leaders: 2.681181e-02
Pairwise Locality Aware, 10 leaders: 6.637976e-03
Pairwise Multileader Locality, 10 leaders: 2.283716e-02
Nonblocking Multileader, 10 leaders: 1.747267e-02
Nonblocking Locality Aware, 10 leaders: 7.931501e-03
Nonblocking Multileader Locality, 10 leaders: 1.941258e-02
Pairwise Multileader, 20 leaders: 1.319834e-02
Pairwise Locality Aware, 20 leaders: 6.797983e-03
Pairwise Multileader Locality, 20 leaders: 1.097088e-02
Nonblocking Multileader, 20 leaders: 7.928387e-03
Nonblocking Locality Aware, 20 leaders: 1.079416e-02
Nonblocking Multileader Locality, 20 leaders: 9.170643e-03
Size 512
PMPI: 1.693984e-02
Pairwise: 1.770408e-02
NonBlocking: 1.437298e-01
Pairwise Hierarchical: 2.708869e-01
Pairwise Node Aware: 1.297114e-02
Nonblocking Hierarchical: 2.545112e-01
Nonblocking Node Aware: 1.339886e-02
Pairwise Multileader, 4 leaders: 9.185199e-02
Pairwise Locality Aware, 4 leaders: 1.295573e-02
Pairwise Multileader Locality, 4 leaders: 9.984586e-02
Nonblocking Multileader, 4 leaders: 6.727304e-02
Nonblocking Locality Aware, 4 leaders: 1.073322e-02
Nonblocking Multileader Locality, 4 leaders: 7.885319e-02
Pairwise Multileader, 10 leaders: 5.143323e-02
Pairwise Locality Aware, 10 leaders: 1.400603e-02
Pairwise Multileader Locality, 10 leaders: 4.925256e-02
Nonblocking Multileader, 10 leaders: 3.527406e-02
Nonblocking Locality Aware, 10 leaders: 1.254606e-02
Nonblocking Multileader Locality, 10 leaders: 4.127118e-02
Pairwise Multileader, 20 leaders: 2.534974e-02
Pairwise Locality Aware, 20 leaders: 1.393816e-02
Pairwise Multileader Locality, 20 leaders: 2.455653e-02
Nonblocking Multileader, 20 leaders: 1.591834e-02
Nonblocking Locality Aware, 20 leaders: 1.361992e-02
Nonblocking Multileader Locality, 20 leaders: 2.016470e-02
Test 3 Running Alltoall Benchmark on 8 nodes and 800 tasks
Size 1
PMPI: 1.465640e-04
Pairwise: 2.866196e-03
NonBlocking: 1.222988e-03
Pairwise Hierarchical: 1.326596e-03
Pairwise Node Aware: 3.074732e-04
Nonblocking Hierarchical: 5.317434e-04
Nonblocking Node Aware: 2.198674e-04
Pairwise Multileader, 4 leaders: 3.372710e-04
Pairwise Locality Aware, 4 leaders: 2.497725e-04
Pairwise Multileader Locality, 4 leaders: 2.291295e-04
Nonblocking Multileader, 4 leaders: 1.579540e-04
Nonblocking Locality Aware, 4 leaders: 1.992363e-04
Nonblocking Multileader Locality, 4 leaders: 1.900627e-04
Pairwise Multileader, 10 leaders: 5.596136e-04
Pairwise Locality Aware, 10 leaders: 1.061462e-03
Pairwise Multileader Locality, 10 leaders: 1.771929e-04
Nonblocking Multileader, 10 leaders: 1.209869e-04
Nonblocking Locality Aware, 10 leaders: 7.501420e-04
Nonblocking Multileader Locality, 10 leaders: 1.024834e-04
Pairwise Multileader, 20 leaders: 1.130605e-03
Pairwise Locality Aware, 20 leaders: 9.588503e-04
Pairwise Multileader Locality, 20 leaders: 1.566817e-04
Nonblocking Multileader, 20 leaders: 2.288140e-04
Nonblocking Locality Aware, 20 leaders: 4.263108e-03
Nonblocking Multileader Locality, 20 leaders: 8.544249e-05
Size 2
PMPI: 1.933441e-04
Pairwise: 3.080588e-03
NonBlocking: 8.526224e-04
Pairwise Hierarchical: 1.247862e-03
Pairwise Node Aware: 2.856481e-04
Nonblocking Hierarchical: 1.070930e-03
Nonblocking Node Aware: 2.178742e-04
Pairwise Multileader, 4 leaders: 4.520012e-04
Pairwise Locality Aware, 4 leaders: 3.127023e-04
Pairwise Multileader Locality, 4 leaders: 4.205709e-04
Nonblocking Multileader, 4 leaders: 2.671965e-04
Nonblocking Locality Aware, 4 leaders: 1.557475e-04
Nonblocking Multileader Locality, 4 leaders: 3.028257e-04
Pairwise Multileader, 10 leaders: 4.886260e-04
Pairwise Locality Aware, 10 leaders: 5.506270e-04
Pairwise Multileader Locality, 10 leaders: 1.769506e-04
Nonblocking Multileader, 10 leaders: 1.810555e-04
Nonblocking Locality Aware, 10 leaders: 1.664903e-03
Nonblocking Multileader Locality, 10 leaders: 1.428709e-04
Pairwise Multileader, 20 leaders: 1.146950e-03
Pairwise Locality Aware, 20 leaders: 9.376518e-04
Pairwise Multileader Locality, 20 leaders: 1.978218e-04
Nonblocking Multileader, 20 leaders: 8.881801e-04
Nonblocking Locality Aware, 20 leaders: 1.541093e-02
Nonblocking Multileader Locality, 20 leaders: 2.996887e-04
Size 4
PMPI: 3.873461e-04
Pairwise: 6.016657e-03
NonBlocking: 1.289525e-01
Pairwise Hierarchical: 1.997911e-03
Pairwise Node Aware: 5.690413e-04
Nonblocking Hierarchical: 1.719211e-03
Nonblocking Node Aware: 2.928791e-04
Pairwise Multileader, 4 leaders: 8.716375e-04
Pairwise Locality Aware, 4 leaders: 5.242195e-04
Pairwise Multileader Locality, 4 leaders: 6.955590e-04
Nonblocking Multileader, 4 leaders: 4.447693e-04
Nonblocking Locality Aware, 4 leaders: 2.165334e-04
Nonblocking Multileader Locality, 4 leaders: 5.492293e-04
Pairwise Multileader, 10 leaders: 8.399890e-04
Pairwise Locality Aware, 10 leaders: 8.726301e-04
Pairwise Multileader Locality, 10 leaders: 3.383088e-04
Nonblocking Multileader, 10 leaders: 3.411477e-04
Nonblocking Locality Aware, 10 leaders: 2.515806e-03
Nonblocking Multileader Locality, 10 leaders: 2.257545e-04
Pairwise Multileader, 20 leaders: 1.940932e-03
Pairwise Locality Aware, 20 leaders: 1.900148e-03
Pairwise Multileader Locality, 20 leaders: 2.689107e-04
Nonblocking Multileader, 20 leaders: 2.913317e-03
Nonblocking Locality Aware, 20 leaders: 3.720491e-02
Nonblocking Multileader Locality, 20 leaders: 2.074910e-04
Size 8
PMPI: 6.137353e-04
Pairwise: 5.070091e-03
NonBlocking: 1.839665e-01
Pairwise Hierarchical: 3.752774e-03
Pairwise Node Aware: 5.684407e-04
Nonblocking Hierarchical: 3.345927e-03
Nonblocking Node Aware: 4.276479e-04
Pairwise Multileader, 4 leaders: 1.208718e-03
Pairwise Locality Aware, 4 leaders: 5.108177e-04
Pairwise Multileader Locality, 4 leaders: 1.661063e-03
Nonblocking Multileader, 4 leaders: 8.429960e-04
Nonblocking Locality Aware, 4 leaders: 3.367832e-04
Nonblocking Multileader Locality, 4 leaders: 1.157349e-03
Pairwise Multileader, 10 leaders: 7.785164e-04
Pairwise Locality Aware, 10 leaders: 6.199939e-04
Pairwise Multileader Locality, 10 leaders: 5.892245e-04
Nonblocking Multileader, 10 leaders: 5.186738e-04
Nonblocking Locality Aware, 10 leaders: 8.882251e-04
Nonblocking Multileader Locality, 10 leaders: 4.387164e-04
Pairwise Multileader, 20 leaders: 1.475102e-03
Pairwise Locality Aware, 20 leaders: 1.266534e-03
Pairwise Multileader Locality, 20 leaders: 3.667232e-04
Nonblocking Multileader, 20 leaders: 2.547907e-03
Nonblocking Locality Aware, 20 leaders: 4.971875e-02
Nonblocking Multileader Locality, 20 leaders: 2.365357e-04
Size 16
PMPI: 1.000785e-03
Pairwise: 8.947341e-03
NonBlocking: 1.288819e-01
Pairwise Hierarchical: 8.540747e-03
Pairwise Node Aware: 7.262671e-04
Nonblocking Hierarchical: 7.468137e-03
Nonblocking Node Aware: 5.258089e-04
Pairwise Multileader, 4 leaders: 2.426584e-03
Pairwise Locality Aware, 4 leaders: 7.674931e-04
Pairwise Multileader Locality, 4 leaders: 3.338532e-03
Nonblocking Multileader, 4 leaders: 1.900875e-03
Nonblocking Locality Aware, 4 leaders: 4.201122e-04
Nonblocking Multileader Locality, 4 leaders: 2.360617e-03
Pairwise Multileader, 10 leaders: 1.451366e-03
Pairwise Locality Aware, 10 leaders: 8.428783e-04
Pairwise Multileader Locality, 10 leaders: 1.172928e-03
Nonblocking Multileader, 10 leaders: 8.669825e-04
Nonblocking Locality Aware, 10 leaders: 1.734674e-02
Nonblocking Multileader Locality, 10 leaders: 7.907921e-04
Pairwise Multileader, 20 leaders: 1.509814e-03
Pairwise Locality Aware, 20 leaders: 1.023258e-03
Pairwise Multileader Locality, 20 leaders: 6.851750e-04
Nonblocking Multileader, 20 leaders: 1.396942e-02
Nonblocking Locality Aware, 20 leaders: 4.979587e-02
Nonblocking Multileader Locality, 20 leaders: 5.669547e-04
Size 32
PMPI: 2.286985e-03
Pairwise: 4.939879e-03
NonBlocking: 1.155424e-01
Pairwise Hierarchical: 1.864579e-02
Pairwise Node Aware: 1.386699e-03
Nonblocking Hierarchical: 1.633879e-02
Nonblocking Node Aware: 9.665892e-04
Pairwise Multileader, 4 leaders: 6.046645e-03
Pairwise Locality Aware, 4 leaders: 1.039577e-03
Pairwise Multileader Locality, 4 leaders: 5.604095e-03
Nonblocking Multileader, 4 leaders: 4.512614e-03
Nonblocking Locality Aware, 4 leaders: 8.374186e-04
Nonblocking Multileader Locality, 4 leaders: 4.636167e-03
Pairwise Multileader, 10 leaders: 2.347115e-03
Pairwise Locality Aware, 10 leaders: 1.142538e-03
Pairwise Multileader Locality, 10 leaders: 2.371481e-03
Nonblocking Multileader, 10 leaders: 1.569612e-03
Nonblocking Locality Aware, 10 leaders: 9.831968e-04
Nonblocking Multileader Locality, 10 leaders: 1.941846e-03
Pairwise Multileader, 20 leaders: 1.823599e-03
Pairwise Locality Aware, 20 leaders: 1.328933e-03
Pairwise Multileader Locality, 20 leaders: 1.267098e-03
Nonblocking Multileader, 20 leaders: 1.028368e-03
Nonblocking Locality Aware, 20 leaders: 8.677435e-02
Nonblocking Multileader Locality, 20 leaders: 1.098692e-03
Size 64
PMPI: 3.067729e-03
Pairwise: 5.056266e-03
NonBlocking: 1.158491e-01
Pairwise Hierarchical: 3.935327e-02
Pairwise Node Aware: 1.962994e-03
Nonblocking Hierarchical: 3.260232e-02
Nonblocking Node Aware: 1.308569e-03
Pairwise Multileader, 4 leaders: 1.220249e-02
Pairwise Locality Aware, 4 leaders: 1.621145e-03
Pairwise Multileader Locality, 4 leaders: 1.028880e-02
Nonblocking Multileader, 4 leaders: 7.848507e-03
Nonblocking Locality Aware, 4 leaders: 1.605733e-03
Nonblocking Multileader Locality, 4 leaders: 8.433994e-03
Pairwise Multileader, 10 leaders: 5.196455e-03
Pairwise Locality Aware, 10 leaders: 1.970140e-03
Pairwise Multileader Locality, 10 leaders: 4.490546e-03
Nonblocking Multileader, 10 leaders: 3.399618e-03
Nonblocking Locality Aware, 10 leaders: 1.976832e-03
Nonblocking Multileader Locality, 10 leaders: 3.869483e-03
Pairwise Multileader, 20 leaders: 3.210603e-03
Pairwise Locality Aware, 20 leaders: 1.872318e-03
Pairwise Multileader Locality, 20 leaders: 2.826149e-03
Nonblocking Multileader, 20 leaders: 1.626689e-03
Nonblocking Locality Aware, 20 leaders: 6.260395e-02
Nonblocking Multileader Locality, 20 leaders: 2.189895e-03
Size 128
PMPI: 6.110418e-03
Pairwise: 5.809613e-03
NonBlocking: 9.448453e-02
Pairwise Hierarchical: 7.678809e-02
Pairwise Node Aware: 4.363079e-03
Nonblocking Hierarchical: 6.343342e-02
Nonblocking Node Aware: 2.819442e-03
Pairwise Multileader, 4 leaders: 2.368876e-02
Pairwise Locality Aware, 4 leaders: 3.107204e-03
Pairwise Multileader Locality, 4 leaders: 2.214862e-02
Nonblocking Multileader, 4 leaders: 1.559493e-02
Nonblocking Locality Aware, 4 leaders: 3.571549e-03
Nonblocking Multileader Locality, 4 leaders: 1.712899e-02
Pairwise Multileader, 10 leaders: 9.871400e-03
Pairwise Locality Aware, 10 leaders: 3.252498e-03
Pairwise Multileader Locality, 10 leaders: 9.686016e-03
Nonblocking Multileader, 10 leaders: 7.491011e-03
Nonblocking Locality Aware, 10 leaders: 4.150141e-03
Nonblocking Multileader Locality, 10 leaders: 8.469480e-03
Pairwise Multileader, 20 leaders: 6.408804e-03
Pairwise Locality Aware, 20 leaders: 3.712533e-03
Pairwise Multileader Locality, 20 leaders: 5.119054e-03
Nonblocking Multileader, 20 leaders: 3.369643e-03
Nonblocking Locality Aware, 20 leaders: 1.138212e-02
Nonblocking Multileader Locality, 20 leaders: 4.405544e-03
Size 256
PMPI: 1.343202e-02
Pairwise: 1.067590e-02
NonBlocking: 1.379329e-01
Pairwise Hierarchical: 1.450012e-01
Pairwise Node Aware: 5.896824e-03
Nonblocking Hierarchical: 1.241363e-01
Nonblocking Node Aware: 5.783089e-03
Pairwise Multileader, 4 leaders: 4.975577e-02
Pairwise Locality Aware, 4 leaders: 6.048134e-03
Pairwise Multileader Locality, 4 leaders: 5.170697e-02
Nonblocking Multileader, 4 leaders: 3.609163e-02
Nonblocking Locality Aware, 4 leaders: 4.894851e-03
Nonblocking Multileader Locality, 4 leaders: 4.026726e-02
Pairwise Multileader, 10 leaders: 2.727097e-02
Pairwise Locality Aware, 10 leaders: 8.000753e-03
Pairwise Multileader Locality, 10 leaders: 2.285505e-02
Nonblocking Multileader, 10 leaders: 1.753963e-02
Nonblocking Locality Aware, 10 leaders: 8.874683e-03
Nonblocking Multileader Locality, 10 leaders: 1.929085e-02
Pairwise Multileader, 20 leaders: 1.213358e-02
Pairwise Locality Aware, 20 leaders: 6.477408e-03
Pairwise Multileader Locality, 20 leaders: 1.109015e-02
Nonblocking Multileader, 20 leaders: 7.922589e-03
Nonblocking Locality Aware, 20 leaders: 1.013537e-02
Nonblocking Multileader Locality, 20 leaders: 9.204416e-03
Size 512
PMPI: 1.496280e-02
Pairwise: 1.475721e-02
NonBlocking: 1.173954e-01
Pairwise Hierarchical: 2.712194e-01
Pairwise Node Aware: 1.250387e-02
Nonblocking Hierarchical: 2.479471e-01
Nonblocking Node Aware: 1.131304e-02
Pairwise Multileader, 4 leaders: 9.154402e-02
Pairwise Locality Aware, 4 leaders: 1.254812e-02
Pairwise Multileader Locality, 4 leaders: 1.009226e-01
Nonblocking Multileader, 4 leaders: 6.776183e-02
Nonblocking Locality Aware, 4 leaders: 1.186089e-02
Nonblocking Multileader Locality, 4 leaders: 7.965174e-02
Pairwise Multileader, 10 leaders: 4.977620e-02
Pairwise Locality Aware, 10 leaders: 1.290842e-02
Pairwise Multileader Locality, 10 leaders: 4.938837e-02
Nonblocking Multileader, 10 leaders: 3.512841e-02
Nonblocking Locality Aware, 10 leaders: 1.175482e-02
Nonblocking Multileader Locality, 10 leaders: 4.105680e-02
Pairwise Multileader, 20 leaders: 2.584741e-02
Pairwise Locality Aware, 20 leaders: 1.251931e-02
Pairwise Multileader Locality, 20 leaders: 2.444525e-02
Nonblocking Multileader, 20 leaders: 1.564945e-02
Nonblocking Locality Aware, 20 leaders: 1.350681e-02
Nonblocking Multileader Locality, 20 leaders: 2.040874e-02
