Test 1 Running Alltoall Benchmark on 2 nodes and 200 tasks
Size 1
PMPI: 3.981033e-05
Pairwise: 3.552966e-04
NonBlocking: 1.935242e-04
Pairwise Hierarchical: 1.861620e-04
Pairwise Node Aware: 1.833722e-04
Nonblocking Hierarchical: 1.892647e-04
Nonblocking Node Aware: 1.844633e-04
Pairwise Multileader, 4 leaders: 6.194942e-05
Pairwise Locality Aware, 4 leaders: 7.336113e-05
Pairwise Multileader Locality, 4 leaders: 5.982052e-05
Nonblocking Multileader, 4 leaders: 4.839142e-05
Nonblocking Locality Aware, 4 leaders: 4.903204e-05
Nonblocking Multileader Locality, 4 leaders: 5.461679e-05
Pairwise Multileader, 10 leaders: 7.657156e-05
Pairwise Locality Aware, 10 leaders: 8.640277e-05
Pairwise Multileader Locality, 10 leaders: 3.994850e-05
Nonblocking Multileader, 10 leaders: 3.701267e-05
Nonblocking Locality Aware, 10 leaders: 4.120472e-05
Nonblocking Multileader Locality, 10 leaders: 3.935169e-05
Pairwise Multileader, 20 leaders: 1.515443e-04
Pairwise Locality Aware, 20 leaders: 1.524144e-04
Pairwise Multileader Locality, 20 leaders: 5.585190e-05
Nonblocking Multileader, 20 leaders: 5.587883e-05
Nonblocking Locality Aware, 20 leaders: 5.474362e-05
Nonblocking Multileader Locality, 20 leaders: 4.241650e-05
Size 2
PMPI: 4.453471e-05
Pairwise: 3.690559e-04
NonBlocking: 1.905978e-04
Pairwise Hierarchical: 2.260564e-04
Pairwise Node Aware: 1.857448e-04
Nonblocking Hierarchical: 2.371366e-04
Nonblocking Node Aware: 1.865870e-04
Pairwise Multileader, 4 leaders: 8.027393e-05
Pairwise Locality Aware, 4 leaders: 7.558285e-05
Pairwise Multileader Locality, 4 leaders: 8.315606e-05
Nonblocking Multileader, 4 leaders: 6.500051e-05
Nonblocking Locality Aware, 4 leaders: 5.184792e-05
Nonblocking Multileader Locality, 4 leaders: 7.999099e-05
Pairwise Multileader, 10 leaders: 9.352630e-05
Pairwise Locality Aware, 10 leaders: 9.220459e-05
Pairwise Multileader Locality, 10 leaders: 5.013580e-05
Nonblocking Multileader, 10 leaders: 4.398309e-05
Nonblocking Locality Aware, 10 leaders: 4.883250e-05
Nonblocking Multileader Locality, 10 leaders: 4.723347e-05
Pairwise Multileader, 20 leaders: 1.684905e-04
Pairwise Locality Aware, 20 leaders: 1.425443e-04
Pairwise Multileader Locality, 20 leaders: 6.324803e-05
Nonblocking Multileader, 20 leaders: 5.964532e-05
Nonblocking Locality Aware, 20 leaders: 6.024752e-05
Nonblocking Multileader Locality, 20 leaders: 4.643631e-05
Size 4
PMPI: 5.339139e-05
Pairwise: 6.975652e-04
NonBlocking: 3.317824e-03
Pairwise Hierarchical: 2.917024e-04
Pairwise Node Aware: 2.319442e-04
Nonblocking Hierarchical: 2.930318e-04
Nonblocking Node Aware: 1.885148e-04
Pairwise Multileader, 4 leaders: 1.129476e-04
Pairwise Locality Aware, 4 leaders: 8.696280e-05
Pairwise Multileader Locality, 4 leaders: 1.187685e-04
Nonblocking Multileader, 4 leaders: 9.219630e-05
Nonblocking Locality Aware, 4 leaders: 5.296733e-05
Nonblocking Multileader Locality, 4 leaders: 1.110842e-04
Pairwise Multileader, 10 leaders: 1.080886e-04
Pairwise Locality Aware, 10 leaders: 1.112641e-04
Pairwise Multileader Locality, 10 leaders: 6.909681e-05
Nonblocking Multileader, 10 leaders: 5.711941e-05
Nonblocking Locality Aware, 10 leaders: 5.231307e-05
Nonblocking Multileader Locality, 10 leaders: 6.089874e-05
Pairwise Multileader, 20 leaders: 1.671222e-04
Pairwise Locality Aware, 20 leaders: 1.813529e-04
Pairwise Multileader Locality, 20 leaders: 7.812968e-05
Nonblocking Multileader, 20 leaders: 6.943513e-05
Nonblocking Locality Aware, 20 leaders: 7.434138e-05
Nonblocking Multileader Locality, 20 leaders: 6.062134e-05
Size 8
PMPI: 8.781898e-05
Pairwise: 7.553066e-04
NonBlocking: 6.449358e-03
Pairwise Hierarchical: 8.180043e-04
Pairwise Node Aware: 2.471056e-04
Nonblocking Hierarchical: 7.792531e-04
Nonblocking Node Aware: 1.869744e-04
Pairwise Multileader, 4 leaders: 2.293004e-04
Pairwise Locality Aware, 4 leaders: 9.117579e-05
Pairwise Multileader Locality, 4 leaders: 2.947229e-04
Nonblocking Multileader, 4 leaders: 1.810202e-04
Nonblocking Locality Aware, 4 leaders: 6.234923e-05
Nonblocking Multileader Locality, 4 leaders: 2.598161e-04
Pairwise Multileader, 10 leaders: 1.293692e-04
Pairwise Locality Aware, 10 leaders: 9.533055e-05
Pairwise Multileader Locality, 10 leaders: 1.031675e-04
Nonblocking Multileader, 10 leaders: 7.213095e-05
Nonblocking Locality Aware, 10 leaders: 5.895659e-05
Nonblocking Multileader Locality, 10 leaders: 8.461359e-05
Pairwise Multileader, 20 leaders: 1.667340e-04
Pairwise Locality Aware, 20 leaders: 1.705330e-04
Pairwise Multileader Locality, 20 leaders: 1.092425e-04
Nonblocking Multileader, 20 leaders: 7.808238e-05
Nonblocking Locality Aware, 20 leaders: 8.011354e-05
Nonblocking Multileader Locality, 20 leaders: 8.361113e-05
Size 16
PMPI: 1.345446e-04
Pairwise: 7.206510e-04
NonBlocking: 5.608747e-03
Pairwise Hierarchical: 1.549619e-03
Pairwise Node Aware: 3.105670e-04
Nonblocking Hierarchical: 1.490158e-03
Nonblocking Node Aware: 1.838121e-04
Pairwise Multileader, 4 leaders: 4.564592e-04
Pairwise Locality Aware, 4 leaders: 1.347917e-04
Pairwise Multileader Locality, 4 leaders: 5.462404e-04
Nonblocking Multileader, 4 leaders: 3.597454e-04
Nonblocking Locality Aware, 4 leaders: 1.196709e-04
Nonblocking Multileader Locality, 4 leaders: 4.843273e-04
Pairwise Multileader, 10 leaders: 2.384435e-04
Pairwise Locality Aware, 10 leaders: 1.254049e-04
Pairwise Multileader Locality, 10 leaders: 2.022059e-04
Nonblocking Multileader, 10 leaders: 1.513696e-04
Nonblocking Locality Aware, 10 leaders: 8.039008e-05
Nonblocking Multileader Locality, 10 leaders: 1.756061e-04
Pairwise Multileader, 20 leaders: 2.137305e-04
Pairwise Locality Aware, 20 leaders: 1.648128e-04
Pairwise Multileader Locality, 20 leaders: 1.646745e-04
Nonblocking Multileader, 20 leaders: 1.161321e-04
Nonblocking Locality Aware, 20 leaders: 1.234945e-04
Nonblocking Multileader Locality, 20 leaders: 1.259931e-04
Size 32
PMPI: 2.585556e-04
Pairwise: 8.039697e-04
NonBlocking: 1.259010e-02
Pairwise Hierarchical: 3.045975e-03
Pairwise Node Aware: 4.418820e-04
Nonblocking Hierarchical: 2.946688e-03
Nonblocking Node Aware: 2.403964e-04
Pairwise Multileader, 4 leaders: 9.560401e-04
Pairwise Locality Aware, 4 leaders: 2.058313e-04
Pairwise Multileader Locality, 4 leaders: 9.703639e-04
Nonblocking Multileader, 4 leaders: 8.359352e-04
Nonblocking Locality Aware, 4 leaders: 1.666046e-04
Nonblocking Multileader Locality, 4 leaders: 9.130854e-04
Pairwise Multileader, 10 leaders: 5.134520e-04
Pairwise Locality Aware, 10 leaders: 1.932632e-04
Pairwise Multileader Locality, 10 leaders: 4.539675e-04
Nonblocking Multileader, 10 leaders: 3.156696e-04
Nonblocking Locality Aware, 10 leaders: 2.020848e-04
Nonblocking Multileader Locality, 10 leaders: 4.012335e-04
Pairwise Multileader, 20 leaders: 3.087479e-04
Pairwise Locality Aware, 20 leaders: 2.223731e-04
Pairwise Multileader Locality, 20 leaders: 2.564843e-04
Nonblocking Multileader, 20 leaders: 1.842016e-04
Nonblocking Locality Aware, 20 leaders: 2.167137e-04
Nonblocking Multileader Locality, 20 leaders: 2.185047e-04
Size 64
PMPI: 4.334599e-04
Pairwise: 7.637248e-04
NonBlocking: 8.642785e-02
Pairwise Hierarchical: 6.885252e-03
Pairwise Node Aware: 4.602937e-04
Nonblocking Hierarchical: 6.638690e-03
Nonblocking Node Aware: 2.933072e-04
Pairwise Multileader, 4 leaders: 2.401410e-03
Pairwise Locality Aware, 4 leaders: 3.400467e-04
Pairwise Multileader Locality, 4 leaders: 2.403223e-03
Nonblocking Multileader, 4 leaders: 1.948774e-03
Nonblocking Locality Aware, 4 leaders: 2.810889e-04
Nonblocking Multileader Locality, 4 leaders: 2.217174e-03
Pairwise Multileader, 10 leaders: 9.235117e-04
Pairwise Locality Aware, 10 leaders: 3.444697e-04
Pairwise Multileader Locality, 10 leaders: 9.887246e-04
Nonblocking Multileader, 10 leaders: 7.161008e-04
Nonblocking Locality Aware, 10 leaders: 2.365269e-04
Nonblocking Multileader Locality, 10 leaders: 8.807560e-04
Pairwise Multileader, 20 leaders: 5.541451e-04
Pairwise Locality Aware, 20 leaders: 3.152483e-04
Pairwise Multileader Locality, 20 leaders: 4.876734e-04
Nonblocking Multileader, 20 leaders: 3.341524e-04
Nonblocking Locality Aware, 20 leaders: 2.627466e-04
Nonblocking Multileader Locality, 20 leaders: 4.233459e-04
Size 128
PMPI: 8.114325e-04
Pairwise: 8.947251e-04
NonBlocking: 2.030868e-02
Pairwise Hierarchical: 1.341488e-02
Pairwise Node Aware: 7.473390e-04
Nonblocking Hierarchical: 1.323640e-02
Nonblocking Node Aware: 4.872642e-04
Pairwise Multileader, 4 leaders: 4.470851e-03
Pairwise Locality Aware, 4 leaders: 5.722129e-04
Pairwise Multileader Locality, 4 leaders: 4.664080e-03
Nonblocking Multileader, 4 leaders: 3.718953e-03
Nonblocking Locality Aware, 4 leaders: 4.796816e-04
Nonblocking Multileader Locality, 4 leaders: 4.287198e-03
Pairwise Multileader, 10 leaders: 1.807165e-03
Pairwise Locality Aware, 10 leaders: 5.617021e-04
Pairwise Multileader Locality, 10 leaders: 1.874884e-03
Nonblocking Multileader, 10 leaders: 1.466885e-03
Nonblocking Locality Aware, 10 leaders: 4.742798e-04
Nonblocking Multileader Locality, 10 leaders: 1.723258e-03
Pairwise Multileader, 20 leaders: 1.107226e-03
Pairwise Locality Aware, 20 leaders: 5.509118e-04
Pairwise Multileader Locality, 20 leaders: 1.053092e-03
Nonblocking Multileader, 20 leaders: 7.516261e-04
Nonblocking Locality Aware, 20 leaders: 4.380482e-04
Nonblocking Multileader Locality, 20 leaders: 9.989666e-04
Size 256
PMPI: 1.483166e-03
Pairwise: 1.262883e-03
NonBlocking: 2.554217e-02
Pairwise Hierarchical: 2.854503e-02
Pairwise Node Aware: 1.269194e-03
Nonblocking Hierarchical: 2.881218e-02
Nonblocking Node Aware: 8.941364e-04
Pairwise Multileader, 4 leaders: 8.045638e-03
Pairwise Locality Aware, 4 leaders: 1.070865e-03
Pairwise Multileader Locality, 4 leaders: 8.418356e-03
Nonblocking Multileader, 4 leaders: 6.591755e-03
Nonblocking Locality Aware, 4 leaders: 8.983449e-04
Nonblocking Multileader Locality, 4 leaders: 7.759697e-03
Pairwise Multileader, 10 leaders: 4.374100e-03
Pairwise Locality Aware, 10 leaders: 1.098943e-03
Pairwise Multileader Locality, 10 leaders: 3.748519e-03
Nonblocking Multileader, 10 leaders: 3.203749e-03
Nonblocking Locality Aware, 10 leaders: 9.884860e-04
Nonblocking Multileader Locality, 10 leaders: 3.536862e-03
Pairwise Multileader, 20 leaders: 2.184865e-03
Pairwise Locality Aware, 20 leaders: 1.022980e-03
Pairwise Multileader Locality, 20 leaders: 2.229082e-03
Nonblocking Multileader, 20 leaders: 1.591847e-03
Nonblocking Locality Aware, 20 leaders: 8.826187e-04
Nonblocking Multileader Locality, 20 leaders: 1.984345e-03
Size 512
PMPI: 2.134147e-03
Pairwise: 2.031809e-03
NonBlocking: 5.104460e-03
Pairwise Hierarchical: 5.746070e-02
Pairwise Node Aware: 2.193880e-03
Nonblocking Hierarchical: 5.954505e-02
Nonblocking Node Aware: 1.759310e-03
Pairwise Multileader, 4 leaders: 1.754344e-02
Pairwise Locality Aware, 4 leaders: 2.117047e-03
Pairwise Multileader Locality, 4 leaders: 1.765836e-02
Nonblocking Multileader, 4 leaders: 1.424319e-02
Nonblocking Locality Aware, 4 leaders: 1.930580e-03
Nonblocking Multileader Locality, 4 leaders: 1.576154e-02
Pairwise Multileader, 10 leaders: 9.232665e-03
Pairwise Locality Aware, 10 leaders: 2.097816e-03
Pairwise Multileader Locality, 10 leaders: 8.091770e-03
Nonblocking Multileader, 10 leaders: 6.969385e-03
Nonblocking Locality Aware, 10 leaders: 1.871905e-03
Nonblocking Multileader Locality, 10 leaders: 7.680688e-03
Pairwise Multileader, 20 leaders: 4.553077e-03
Pairwise Locality Aware, 20 leaders: 2.064717e-03
Pairwise Multileader Locality, 20 leaders: 4.369465e-03
Nonblocking Multileader, 20 leaders: 3.124243e-03
Nonblocking Locality Aware, 20 leaders: 1.836565e-03
Nonblocking Multileader Locality, 20 leaders: 3.860284e-03
Test 2 Running Alltoall Benchmark on 2 nodes and 200 tasks
Size 1
PMPI: 3.913165e-05
Pairwise: 3.550015e-04
NonBlocking: 1.821182e-04
Pairwise Hierarchical: 1.823975e-04
Pairwise Node Aware: 1.762372e-04
Nonblocking Hierarchical: 1.861578e-04
Nonblocking Node Aware: 1.854180e-04
Pairwise Multileader, 4 leaders: 6.764998e-05
Pairwise Locality Aware, 4 leaders: 7.474301e-05
Pairwise Multileader Locality, 4 leaders: 5.841543e-05
Nonblocking Multileader, 4 leaders: 4.702758e-05
Nonblocking Locality Aware, 4 leaders: 4.862604e-05
Nonblocking Multileader Locality, 4 leaders: 5.445931e-05
Pairwise Multileader, 10 leaders: 7.520202e-05
Pairwise Locality Aware, 10 leaders: 8.330789e-05
Pairwise Multileader Locality, 10 leaders: 3.908483e-05
Nonblocking Multileader, 10 leaders: 3.667671e-05
Nonblocking Locality Aware, 10 leaders: 3.907710e-05
Nonblocking Multileader Locality, 10 leaders: 3.543790e-05
Pairwise Multileader, 20 leaders: 1.781697e-04
Pairwise Locality Aware, 20 leaders: 1.838477e-04
Pairwise Multileader Locality, 20 leaders: 5.592940e-05
Nonblocking Multileader, 20 leaders: 5.525906e-05
Nonblocking Locality Aware, 20 leaders: 4.983389e-05
Nonblocking Multileader Locality, 20 leaders: 4.153436e-05
Size 2
PMPI: 4.344247e-05
Pairwise: 3.685157e-04
NonBlocking: 1.857913e-04
Pairwise Hierarchical: 2.193368e-04
Pairwise Node Aware: 1.789882e-04
Nonblocking Hierarchical: 2.179995e-04
Nonblocking Node Aware: 1.822192e-04
Pairwise Multileader, 4 leaders: 7.694189e-05
Pairwise Locality Aware, 4 leaders: 7.395558e-05
Pairwise Multileader Locality, 4 leaders: 7.907704e-05
Nonblocking Multileader, 4 leaders: 6.094471e-05
Nonblocking Locality Aware, 4 leaders: 5.029859e-05
Nonblocking Multileader Locality, 4 leaders: 7.675193e-05
Pairwise Multileader, 10 leaders: 8.308942e-05
Pairwise Locality Aware, 10 leaders: 8.674265e-05
Pairwise Multileader Locality, 10 leaders: 4.953072e-05
Nonblocking Multileader, 10 leaders: 4.272556e-05
Nonblocking Locality Aware, 10 leaders: 4.244699e-05
Nonblocking Multileader Locality, 10 leaders: 4.279131e-05
Pairwise Multileader, 20 leaders: 1.465989e-04
Pairwise Locality Aware, 20 leaders: 1.504018e-04
Pairwise Multileader Locality, 20 leaders: 6.354862e-05
Nonblocking Multileader, 20 leaders: 6.001333e-05
Nonblocking Locality Aware, 20 leaders: 5.600286e-05
Nonblocking Multileader Locality, 20 leaders: 4.702730e-05
Size 4
PMPI: 5.124183e-05
Pairwise: 6.697971e-04
NonBlocking: 2.775339e-03
Pairwise Hierarchical: 4.449262e-04
Pairwise Node Aware: 2.328125e-04
Nonblocking Hierarchical: 4.370894e-04
Nonblocking Node Aware: 1.868867e-04
Pairwise Multileader, 4 leaders: 1.123087e-04
Pairwise Locality Aware, 4 leaders: 8.251533e-05
Pairwise Multileader Locality, 4 leaders: 1.249539e-04
Nonblocking Multileader, 4 leaders: 9.160174e-05
Nonblocking Locality Aware, 4 leaders: 5.762939e-05
Nonblocking Multileader Locality, 4 leaders: 1.096412e-04
Pairwise Multileader, 10 leaders: 9.459541e-05
Pairwise Locality Aware, 10 leaders: 9.480085e-05
Pairwise Multileader Locality, 10 leaders: 6.908152e-05
Nonblocking Multileader, 10 leaders: 5.144657e-05
Nonblocking Locality Aware, 10 leaders: 5.757831e-05
Nonblocking Multileader Locality, 10 leaders: 6.891868e-05
Pairwise Multileader, 20 leaders: 1.576824e-04
Pairwise Locality Aware, 20 leaders: 1.560975e-04
Pairwise Multileader Locality, 20 leaders: 7.670574e-05
Nonblocking Multileader, 20 leaders: 6.475866e-05
Nonblocking Locality Aware, 20 leaders: 7.348242e-05
Nonblocking Multileader Locality, 20 leaders: 5.986548e-05
Size 8
PMPI: 8.078483e-05
Pairwise: 6.861884e-04
NonBlocking: 3.775518e-03
Pairwise Hierarchical: 7.963193e-04
Pairwise Node Aware: 2.638670e-04
Nonblocking Hierarchical: 7.592528e-04
Nonblocking Node Aware: 1.844916e-04
Pairwise Multileader, 4 leaders: 2.259881e-04
Pairwise Locality Aware, 4 leaders: 9.691857e-05
Pairwise Multileader Locality, 4 leaders: 2.962913e-04
Nonblocking Multileader, 4 leaders: 1.859053e-04
Nonblocking Locality Aware, 4 leaders: 1.383817e-04
Nonblocking Multileader Locality, 4 leaders: 2.657137e-04
Pairwise Multileader, 10 leaders: 1.172257e-04
Pairwise Locality Aware, 10 leaders: 9.988538e-05
Pairwise Multileader Locality, 10 leaders: 1.044660e-04
Nonblocking Multileader, 10 leaders: 7.460722e-05
Nonblocking Locality Aware, 10 leaders: 6.746281e-05
Nonblocking Multileader Locality, 10 leaders: 9.017375e-05
Pairwise Multileader, 20 leaders: 1.691401e-04
Pairwise Locality Aware, 20 leaders: 1.678271e-04
Pairwise Multileader Locality, 20 leaders: 1.086238e-04
Nonblocking Multileader, 20 leaders: 8.377316e-05
Nonblocking Locality Aware, 20 leaders: 1.121781e-04
Nonblocking Multileader Locality, 20 leaders: 8.513960e-05
Size 16
PMPI: 1.531588e-04
Pairwise: 7.438983e-04
NonBlocking: 1.407674e-02
Pairwise Hierarchical: 1.472987e-03
Pairwise Node Aware: 3.268372e-04
Nonblocking Hierarchical: 1.440120e-03
Nonblocking Node Aware: 1.850449e-04
Pairwise Multileader, 4 leaders: 4.466200e-04
Pairwise Locality Aware, 4 leaders: 1.354388e-04
Pairwise Multileader Locality, 4 leaders: 5.347065e-04
Nonblocking Multileader, 4 leaders: 3.677192e-04
Nonblocking Locality Aware, 4 leaders: 1.548563e-04
Nonblocking Multileader Locality, 4 leaders: 4.801780e-04
Pairwise Multileader, 10 leaders: 2.282985e-04
Pairwise Locality Aware, 10 leaders: 1.279583e-04
Pairwise Multileader Locality, 10 leaders: 2.043053e-04
Nonblocking Multileader, 10 leaders: 1.515307e-04
Nonblocking Locality Aware, 10 leaders: 1.019874e-04
Nonblocking Multileader Locality, 10 leaders: 1.677594e-04
Pairwise Multileader, 20 leaders: 2.075234e-04
Pairwise Locality Aware, 20 leaders: 1.779641e-04
Pairwise Multileader Locality, 20 leaders: 1.752713e-04
Nonblocking Multileader, 20 leaders: 1.180852e-04
Nonblocking Locality Aware, 20 leaders: 1.413047e-04
Nonblocking Multileader Locality, 20 leaders: 1.167861e-04
Size 32
PMPI: 2.523348e-04
Pairwise: 7.773013e-04
NonBlocking: 2.490179e-02
Pairwise Hierarchical: 3.071608e-03
Pairwise Node Aware: 4.893201e-04
Nonblocking Hierarchical: 2.958764e-03
Nonblocking Node Aware: 2.354149e-04
Pairwise Multileader, 4 leaders: 1.193141e-03
Pairwise Locality Aware, 4 leaders: 2.384262e-04
Pairwise Multileader Locality, 4 leaders: 1.061040e-03
Nonblocking Multileader, 4 leaders: 8.653025e-04
Nonblocking Locality Aware, 4 leaders: 1.849407e-04
Nonblocking Multileader Locality, 4 leaders: 9.271015e-04
Pairwise Multileader, 10 leaders: 4.390312e-04
Pairwise Locality Aware, 10 leaders: 2.073788e-04
Pairwise Multileader Locality, 10 leaders: 4.603597e-04
Nonblocking Multileader, 10 leaders: 3.204179e-04
Nonblocking Locality Aware, 10 leaders: 2.375579e-04
Nonblocking Multileader Locality, 10 leaders: 4.326424e-04
Pairwise Multileader, 20 leaders: 3.277807e-04
Pairwise Locality Aware, 20 leaders: 2.482664e-04
Pairwise Multileader Locality, 20 leaders: 2.846759e-04
Nonblocking Multileader, 20 leaders: 1.770144e-04
Nonblocking Locality Aware, 20 leaders: 3.424280e-04
Nonblocking Multileader Locality, 20 leaders: 2.076198e-04
Size 64
PMPI: 4.564021e-04
Pairwise: 7.631652e-04
NonBlocking: 4.952891e-02
Pairwise Hierarchical: 6.963114e-03
Pairwise Node Aware: 4.712598e-04
Nonblocking Hierarchical: 6.669673e-03
Nonblocking Node Aware: 3.151396e-04
Pairwise Multileader, 4 leaders: 2.383128e-03
Pairwise Locality Aware, 4 leaders: 3.322028e-04
Pairwise Multileader Locality, 4 leaders: 2.398872e-03
Nonblocking Multileader, 4 leaders: 1.963361e-03
Nonblocking Locality Aware, 4 leaders: 2.499774e-04
Nonblocking Multileader Locality, 4 leaders: 2.203038e-03
Pairwise Multileader, 10 leaders: 9.351773e-04
Pairwise Locality Aware, 10 leaders: 3.342109e-04
Pairwise Multileader Locality, 10 leaders: 9.520605e-04
Nonblocking Multileader, 10 leaders: 7.163405e-04
Nonblocking Locality Aware, 10 leaders: 2.872145e-04
Nonblocking Multileader Locality, 10 leaders: 8.553974e-04
Pairwise Multileader, 20 leaders: 6.067885e-04
Pairwise Locality Aware, 20 leaders: 3.236734e-04
Pairwise Multileader Locality, 20 leaders: 5.504123e-04
Nonblocking Multileader, 20 leaders: 3.899120e-04
Nonblocking Locality Aware, 20 leaders: 3.003014e-04
Nonblocking Multileader Locality, 20 leaders: 4.708105e-04
Size 128
PMPI: 8.427298e-04
Pairwise: 9.361251e-04
NonBlocking: 8.656836e-02
Pairwise Hierarchical: 1.395215e-02
Pairwise Node Aware: 7.865596e-04
Nonblocking Hierarchical: 1.336836e-02
Nonblocking Node Aware: 5.553072e-04
Pairwise Multileader, 4 leaders: 4.537025e-03
Pairwise Locality Aware, 4 leaders: 6.152105e-04
Pairwise Multileader Locality, 4 leaders: 4.775072e-03
Nonblocking Multileader, 4 leaders: 3.838842e-03
Nonblocking Locality Aware, 4 leaders: 5.469993e-04
Nonblocking Multileader Locality, 4 leaders: 4.330079e-03
Pairwise Multileader, 10 leaders: 1.860452e-03
Pairwise Locality Aware, 10 leaders: 6.255374e-04
Pairwise Multileader Locality, 10 leaders: 1.908798e-03
Nonblocking Multileader, 10 leaders: 1.488362e-03
Nonblocking Locality Aware, 10 leaders: 5.072121e-04
Nonblocking Multileader Locality, 10 leaders: 1.761995e-03
Pairwise Multileader, 20 leaders: 1.255541e-03
Pairwise Locality Aware, 20 leaders: 6.374983e-04
Pairwise Multileader Locality, 20 leaders: 1.097882e-03
Nonblocking Multileader, 20 leaders: 7.967489e-04
Nonblocking Locality Aware, 20 leaders: 5.583417e-04
Nonblocking Multileader Locality, 20 leaders: 1.062774e-03
Size 256
PMPI: 1.535419e-03
Pairwise: 1.366168e-03
NonBlocking: 6.223068e-02
Pairwise Hierarchical: 2.922300e-02
Pairwise Node Aware: 1.325662e-03
Nonblocking Hierarchical: 2.861292e-02
Nonblocking Node Aware: 1.028994e-03
Pairwise Multileader, 4 leaders: 7.530655e-03
Pairwise Locality Aware, 4 leaders: 1.130342e-03
Pairwise Multileader Locality, 4 leaders: 9.366535e-03
Nonblocking Multileader, 4 leaders: 6.621888e-03
Nonblocking Locality Aware, 4 leaders: 1.004499e-03
Nonblocking Multileader Locality, 4 leaders: 7.846777e-03
Pairwise Multileader, 10 leaders: 4.434044e-03
Pairwise Locality Aware, 10 leaders: 1.171174e-03
Pairwise Multileader Locality, 10 leaders: 3.799330e-03
Nonblocking Multileader, 10 leaders: 3.296978e-03
Nonblocking Locality Aware, 10 leaders: 1.027379e-03
Nonblocking Multileader Locality, 10 leaders: 3.669739e-03
Pairwise Multileader, 20 leaders: 2.402968e-03
Pairwise Locality Aware, 20 leaders: 1.179413e-03
Pairwise Multileader Locality, 20 leaders: 2.251600e-03
Nonblocking Multileader, 20 leaders: 1.660029e-03
Nonblocking Locality Aware, 20 leaders: 1.119503e-03
Nonblocking Multileader Locality, 20 leaders: 1.991291e-03
Size 512
PMPI: 2.258153e-03
Pairwise: 2.608918e-03
NonBlocking: 3.416884e-03
Pairwise Hierarchical: 5.686555e-02
Pairwise Node Aware: 2.268409e-03
Nonblocking Hierarchical: 5.902807e-02
Nonblocking Node Aware: 2.104612e-03
Pairwise Multileader, 4 leaders: 1.712161e-02
Pairwise Locality Aware, 4 leaders: 2.114295e-03
Pairwise Multileader Locality, 4 leaders: 1.707310e-02
Nonblocking Multileader, 4 leaders: 1.398240e-02
Nonblocking Locality Aware, 4 leaders: 1.819889e-03
Nonblocking Multileader Locality, 4 leaders: 1.570212e-02
Pairwise Multileader, 10 leaders: 9.293999e-03
Pairwise Locality Aware, 10 leaders: 2.103129e-03
Pairwise Multileader Locality, 10 leaders: 8.099314e-03
Nonblocking Multileader, 10 leaders: 7.184742e-03
Nonblocking Locality Aware, 10 leaders: 2.018192e-03
Nonblocking Multileader Locality, 10 leaders: 7.682547e-03
Pairwise Multileader, 20 leaders: 4.737007e-03
Pairwise Locality Aware, 20 leaders: 2.309032e-03
Pairwise Multileader Locality, 20 leaders: 4.523231e-03
Nonblocking Multileader, 20 leaders: 3.369475e-03
Nonblocking Locality Aware, 20 leaders: 1.982418e-03
Nonblocking Multileader Locality, 20 leaders: 3.924728e-03
Test 3 Running Alltoall Benchmark on 2 nodes and 200 tasks
Size 1
PMPI: 4.110724e-05
Pairwise: 3.892607e-04
NonBlocking: 2.004555e-04
Pairwise Hierarchical: 1.839619e-04
Pairwise Node Aware: 1.764327e-04
Nonblocking Hierarchical: 1.872055e-04
Nonblocking Node Aware: 1.823413e-04
Pairwise Multileader, 4 leaders: 6.265580e-05
Pairwise Locality Aware, 4 leaders: 7.442157e-05
Pairwise Multileader Locality, 4 leaders: 5.897831e-05
Nonblocking Multileader, 4 leaders: 4.758160e-05
Nonblocking Locality Aware, 4 leaders: 4.782725e-05
Nonblocking Multileader Locality, 4 leaders: 5.493733e-05
Pairwise Multileader, 10 leaders: 7.901974e-05
Pairwise Locality Aware, 10 leaders: 8.691754e-05
Pairwise Multileader Locality, 10 leaders: 3.993197e-05
Nonblocking Multileader, 10 leaders: 3.708191e-05
Nonblocking Locality Aware, 10 leaders: 4.079952e-05
Nonblocking Multileader Locality, 10 leaders: 3.691412e-05
Pairwise Multileader, 20 leaders: 1.514163e-04
Pairwise Locality Aware, 20 leaders: 1.485347e-04
Pairwise Multileader Locality, 20 leaders: 5.553511e-05
Nonblocking Multileader, 20 leaders: 5.477677e-05
Nonblocking Locality Aware, 20 leaders: 4.950356e-05
Nonblocking Multileader Locality, 20 leaders: 4.149386e-05
Size 2
PMPI: 4.274871e-05
Pairwise: 3.601825e-04
NonBlocking: 1.856997e-04
Pairwise Hierarchical: 3.072591e-04
Pairwise Node Aware: 1.779300e-04
Nonblocking Hierarchical: 2.981339e-04
Nonblocking Node Aware: 1.823336e-04
Pairwise Multileader, 4 leaders: 7.681969e-05
Pairwise Locality Aware, 4 leaders: 7.311377e-05
Pairwise Multileader Locality, 4 leaders: 8.156704e-05
Nonblocking Multileader, 4 leaders: 6.050142e-05
Nonblocking Locality Aware, 4 leaders: 4.967683e-05
Nonblocking Multileader Locality, 4 leaders: 7.694098e-05
Pairwise Multileader, 10 leaders: 8.308692e-05
Pairwise Locality Aware, 10 leaders: 8.847015e-05
Pairwise Multileader Locality, 10 leaders: 5.026085e-05
Nonblocking Multileader, 10 leaders: 4.180072e-05
Nonblocking Locality Aware, 10 leaders: 4.324832e-05
Nonblocking Multileader Locality, 10 leaders: 4.358151e-05
Pairwise Multileader, 20 leaders: 1.515906e-04
Pairwise Locality Aware, 20 leaders: 1.428102e-04
Pairwise Multileader Locality, 20 leaders: 6.355577e-05
Nonblocking Multileader, 20 leaders: 5.992443e-05
Nonblocking Locality Aware, 20 leaders: 5.767124e-05
Nonblocking Multileader Locality, 20 leaders: 4.638752e-05
Size 4
PMPI: 5.107420e-05
Pairwise: 6.943830e-04
NonBlocking: 4.185449e-03
Pairwise Hierarchical: 4.253495e-04
Pairwise Node Aware: 2.415826e-04
Nonblocking Hierarchical: 4.358923e-04
Nonblocking Node Aware: 1.854916e-04
Pairwise Multileader, 4 leaders: 1.122224e-04
Pairwise Locality Aware, 4 leaders: 8.139067e-05
Pairwise Multileader Locality, 4 leaders: 1.146938e-04
Nonblocking Multileader, 4 leaders: 9.136236e-05
Nonblocking Locality Aware, 4 leaders: 5.154192e-05
Nonblocking Multileader Locality, 4 leaders: 1.083203e-04
Pairwise Multileader, 10 leaders: 9.352217e-05
Pairwise Locality Aware, 10 leaders: 8.736797e-05
Pairwise Multileader Locality, 10 leaders: 6.764945e-05
Nonblocking Multileader, 10 leaders: 5.298289e-05
Nonblocking Locality Aware, 10 leaders: 4.775729e-05
Nonblocking Multileader Locality, 10 leaders: 5.989611e-05
Pairwise Multileader, 20 leaders: 1.528071e-04
Pairwise Locality Aware, 20 leaders: 1.535355e-04
Pairwise Multileader Locality, 20 leaders: 7.954048e-05
Nonblocking Multileader, 20 leaders: 6.466280e-05
Nonblocking Locality Aware, 20 leaders: 6.909758e-05
Nonblocking Multileader Locality, 20 leaders: 5.909710e-05
Size 8
PMPI: 7.292948e-05
Pairwise: 6.787691e-04
NonBlocking: 3.530354e-03
Pairwise Hierarchical: 8.268877e-04
Pairwise Node Aware: 2.594440e-04
Nonblocking Hierarchical: 7.815404e-04
Nonblocking Node Aware: 1.849810e-04
Pairwise Multileader, 4 leaders: 2.225414e-04
Pairwise Locality Aware, 4 leaders: 9.177321e-05
Pairwise Multileader Locality, 4 leaders: 2.936598e-04
Nonblocking Multileader, 4 leaders: 1.841194e-04
Nonblocking Locality Aware, 4 leaders: 1.081938e-04
Nonblocking Multileader Locality, 4 leaders: 2.511589e-04
Pairwise Multileader, 10 leaders: 1.148810e-04
Pairwise Locality Aware, 10 leaders: 9.577386e-05
Pairwise Multileader Locality, 10 leaders: 1.010740e-04
Nonblocking Multileader, 10 leaders: 6.972405e-05
Nonblocking Locality Aware, 10 leaders: 5.403793e-05
Nonblocking Multileader Locality, 10 leaders: 8.525934e-05
Pairwise Multileader, 20 leaders: 1.682010e-04
Pairwise Locality Aware, 20 leaders: 1.515692e-04
Pairwise Multileader Locality, 20 leaders: 1.033310e-04
Nonblocking Multileader, 20 leaders: 7.843541e-05
Nonblocking Locality Aware, 20 leaders: 6.942216e-05
Nonblocking Multileader Locality, 20 leaders: 7.840696e-05
Size 16
PMPI: 1.310534e-04
Pairwise: 6.997451e-04
NonBlocking: 2.358693e-04
Pairwise Hierarchical: 1.563213e-03
Pairwise Node Aware: 3.057717e-04
Nonblocking Hierarchical: 1.495929e-03
Nonblocking Node Aware: 1.884100e-04
Pairwise Multileader, 4 leaders: 4.509827e-04
Pairwise Locality Aware, 4 leaders: 1.201562e-04
Pairwise Multileader Locality, 4 leaders: 5.492909e-04
Nonblocking Multileader, 4 leaders: 3.627717e-04
Nonblocking Locality Aware, 4 leaders: 9.478866e-05
Nonblocking Multileader Locality, 4 leaders: 4.868481e-04
Pairwise Multileader, 10 leaders: 2.299922e-04
Pairwise Locality Aware, 10 leaders: 1.110729e-04
Pairwise Multileader Locality, 10 leaders: 1.932211e-04
Nonblocking Multileader, 10 leaders: 1.489134e-04
Nonblocking Locality Aware, 10 leaders: 8.902285e-05
Nonblocking Multileader Locality, 10 leaders: 1.651188e-04
Pairwise Multileader, 20 leaders: 1.904702e-04
Pairwise Locality Aware, 20 leaders: 1.668410e-04
Pairwise Multileader Locality, 20 leaders: 1.522033e-04
Nonblocking Multileader, 20 leaders: 1.009346e-04
Nonblocking Locality Aware, 20 leaders: 9.999539e-05
Nonblocking Multileader Locality, 20 leaders: 1.142666e-04
Size 32
PMPI: 2.361368e-04
Pairwise: 6.933844e-04
NonBlocking: 6.320318e-03
Pairwise Hierarchical: 3.084779e-03
Pairwise Node Aware: 4.461541e-04
Nonblocking Hierarchical: 2.953750e-03
Nonblocking Node Aware: 2.345150e-04
Pairwise Multileader, 4 leaders: 1.002698e-03
Pairwise Locality Aware, 4 leaders: 1.922997e-04
Pairwise Multileader Locality, 4 leaders: 1.049272e-03
Nonblocking Multileader, 4 leaders: 8.669549e-04
Nonblocking Locality Aware, 4 leaders: 1.713482e-04
Nonblocking Multileader Locality, 4 leaders: 9.285816e-04
Pairwise Multileader, 10 leaders: 4.257471e-04
Pairwise Locality Aware, 10 leaders: 1.714975e-04
Pairwise Multileader Locality, 10 leaders: 4.313325e-04
Nonblocking Multileader, 10 leaders: 3.114409e-04
Nonblocking Locality Aware, 10 leaders: 2.190280e-04
Nonblocking Multileader Locality, 10 leaders: 3.964712e-04
Pairwise Multileader, 20 leaders: 2.984280e-04
Pairwise Locality Aware, 20 leaders: 1.981535e-04
Pairwise Multileader Locality, 20 leaders: 2.503554e-04
Nonblocking Multileader, 20 leaders: 1.819311e-04
Nonblocking Locality Aware, 20 leaders: 3.186776e-04
Nonblocking Multileader Locality, 20 leaders: 1.982940e-04
Size 64
PMPI: 4.352041e-04
Pairwise: 7.203781e-04
NonBlocking: 3.129724e-02
Pairwise Hierarchical: 6.972025e-03
Pairwise Node Aware: 4.738751e-04
Nonblocking Hierarchical: 6.650955e-03
Nonblocking Node Aware: 2.852650e-04
Pairwise Multileader, 4 leaders: 2.407001e-03
Pairwise Locality Aware, 4 leaders: 3.141145e-04
Pairwise Multileader Locality, 4 leaders: 2.413632e-03
Nonblocking Multileader, 4 leaders: 1.957454e-03
Nonblocking Locality Aware, 4 leaders: 2.458097e-04
Nonblocking Multileader Locality, 4 leaders: 2.246852e-03
Pairwise Multileader, 10 leaders: 9.039887e-04
Pairwise Locality Aware, 10 leaders: 3.087322e-04
Pairwise Multileader Locality, 10 leaders: 9.404346e-04
Nonblocking Multileader, 10 leaders: 6.990307e-04
Nonblocking Locality Aware, 10 leaders: 2.717510e-04
Nonblocking Multileader Locality, 10 leaders: 8.511331e-04
Pairwise Multileader, 20 leaders: 5.553695e-04
Pairwise Locality Aware, 20 leaders: 3.336031e-04
Pairwise Multileader Locality, 20 leaders: 5.313058e-04
Nonblocking Multileader, 20 leaders: 3.476932e-04
Nonblocking Locality Aware, 20 leaders: 3.075257e-04
Nonblocking Multileader Locality, 20 leaders: 4.482298e-04
Size 128
PMPI: 8.197389e-04
Pairwise: 8.459391e-04
NonBlocking: 1.344997e-02
Pairwise Hierarchical: 1.378345e-02
Pairwise Node Aware: 7.774066e-04
Nonblocking Hierarchical: 1.330803e-02
Nonblocking Node Aware: 4.938063e-04
Pairwise Multileader, 4 leaders: 4.520775e-03
Pairwise Locality Aware, 4 leaders: 6.171380e-04
Pairwise Multileader Locality, 4 leaders: 4.804889e-03
Nonblocking Multileader, 4 leaders: 3.784302e-03
Nonblocking Locality Aware, 4 leaders: 5.693049e-04
Nonblocking Multileader Locality, 4 leaders: 4.359447e-03
Pairwise Multileader, 10 leaders: 1.811039e-03
Pairwise Locality Aware, 10 leaders: 6.367039e-04
Pairwise Multileader Locality, 10 leaders: 1.892462e-03
Nonblocking Multileader, 10 leaders: 1.446406e-03
Nonblocking Locality Aware, 10 leaders: 5.320059e-04
Nonblocking Multileader Locality, 10 leaders: 1.775142e-03
Pairwise Multileader, 20 leaders: 1.096644e-03
Pairwise Locality Aware, 20 leaders: 5.607782e-04
Pairwise Multileader Locality, 20 leaders: 1.121894e-03
Nonblocking Multileader, 20 leaders: 7.731085e-04
Nonblocking Locality Aware, 20 leaders: 4.593659e-04
Nonblocking Multileader Locality, 20 leaders: 1.058954e-03
Size 256
PMPI: 1.597249e-03
Pairwise: 1.207656e-03
NonBlocking: 5.005802e-02
Pairwise Hierarchical: 2.861269e-02
Pairwise Node Aware: 1.262832e-03
Nonblocking Hierarchical: 2.859794e-02
Nonblocking Node Aware: 9.369269e-04
Pairwise Multileader, 4 leaders: 7.967625e-03
Pairwise Locality Aware, 4 leaders: 1.023068e-03
Pairwise Multileader Locality, 4 leaders: 8.409800e-03
Nonblocking Multileader, 4 leaders: 6.720649e-03
Nonblocking Locality Aware, 4 leaders: 8.320064e-04
Nonblocking Multileader Locality, 4 leaders: 7.853326e-03
Pairwise Multileader, 10 leaders: 4.395178e-03
Pairwise Locality Aware, 10 leaders: 1.084980e-03
Pairwise Multileader Locality, 10 leaders: 3.731113e-03
Nonblocking Multileader, 10 leaders: 3.242608e-03
Nonblocking Locality Aware, 10 leaders: 1.069304e-03
Nonblocking Multileader Locality, 10 leaders: 3.549180e-03
Pairwise Multileader, 20 leaders: 2.276947e-03
Pairwise Locality Aware, 20 leaders: 1.205025e-03
Pairwise Multileader Locality, 20 leaders: 2.244881e-03
Nonblocking Multileader, 20 leaders: 1.621858e-03
Nonblocking Locality Aware, 20 leaders: 1.115687e-03
Nonblocking Multileader Locality, 20 leaders: 1.975512e-03
Size 512
PMPI: 1.998725e-03
Pairwise: 2.090363e-03
NonBlocking: 2.304175e-03
Pairwise Hierarchical: 5.754473e-02
Pairwise Node Aware: 2.305499e-03
Nonblocking Hierarchical: 5.947567e-02
Nonblocking Node Aware: 1.775080e-03
Pairwise Multileader, 4 leaders: 1.757918e-02
Pairwise Locality Aware, 4 leaders: 2.155444e-03
Pairwise Multileader Locality, 4 leaders: 1.703654e-02
Nonblocking Multileader, 4 leaders: 1.400620e-02
Nonblocking Locality Aware, 4 leaders: 1.951569e-03
Nonblocking Multileader Locality, 4 leaders: 1.568634e-02
Pairwise Multileader, 10 leaders: 9.349479e-03
Pairwise Locality Aware, 10 leaders: 2.135996e-03
Pairwise Multileader Locality, 10 leaders: 8.208732e-03
Nonblocking Multileader, 10 leaders: 7.005656e-03
Nonblocking Locality Aware, 10 leaders: 1.878527e-03
Nonblocking Multileader Locality, 10 leaders: 7.862028e-03
Pairwise Multileader, 20 leaders: 4.677348e-03
Pairwise Locality Aware, 20 leaders: 2.115716e-03
Pairwise Multileader Locality, 20 leaders: 4.393525e-03
Nonblocking Multileader, 20 leaders: 3.300636e-03
Nonblocking Locality Aware, 20 leaders: 1.847838e-03
Nonblocking Multileader Locality, 20 leaders: 3.912086e-03
