Test 1 Running Alltoall Benchmark on 32 nodes and 3200 tasks
Size 1
PMPI: 1.031179e-03
Pairwise: 1.423542e-02
NonBlocking: 4.853996e-01
Pairwise Hierarchical: 2.565957e-03
Pairwise Node Aware: 7.295385e-04
Nonblocking Hierarchical: 2.040944e-03
Nonblocking Node Aware: 4.419680e-04
Pairwise Multileader, 4 leaders: 2.097048e-03
Pairwise Locality Aware, 4 leaders: 1.370589e-03
Pairwise Multileader Locality, 4 leaders: 9.651171e-04
Nonblocking Multileader, 4 leaders: 1.132771e-03
Nonblocking Locality Aware, 4 leaders: 7.421906e-02
Nonblocking Multileader Locality, 4 leaders: 6.783219e-04
Pairwise Multileader, 10 leaders: 4.086917e-03
Pairwise Locality Aware, 10 leaders: 2.660960e-03
Pairwise Multileader Locality, 10 leaders: 5.499018e-04
Nonblocking Multileader, 10 leaders: 2.106273e-02
Nonblocking Locality Aware, 10 leaders: 1.114369e-01
Nonblocking Multileader Locality, 10 leaders: 3.509550e-04
Pairwise Multileader, 20 leaders: 7.329413e-03
Pairwise Locality Aware, 20 leaders: 8.060639e-03
Pairwise Multileader Locality, 20 leaders: 4.534260e-04
Nonblocking Multileader, 20 leaders: 7.451927e-02
Nonblocking Locality Aware, 20 leaders: 1.152374e-01
Nonblocking Multileader Locality, 20 leaders: 2.430965e-04
Size 2
PMPI: 1.214682e-03
Pairwise: 1.769957e-02
NonBlocking: 3.306004e-01
Pairwise Hierarchical: 5.522237e-03
Pairwise Node Aware: 7.964693e-04
Nonblocking Hierarchical: 4.374746e-03
Nonblocking Node Aware: 5.938556e-04
Pairwise Multileader, 4 leaders: 2.631934e-03
Pairwise Locality Aware, 4 leaders: 2.004768e-03
Pairwise Multileader Locality, 4 leaders: 1.702309e-03
Nonblocking Multileader, 4 leaders: 1.851213e-03
Nonblocking Locality Aware, 4 leaders: 9.903339e-02
Nonblocking Multileader Locality, 4 leaders: 1.272158e-03
Pairwise Multileader, 10 leaders: 4.590704e-03
Pairwise Locality Aware, 10 leaders: 2.775183e-03
Pairwise Multileader Locality, 10 leaders: 8.293301e-04
Nonblocking Multileader, 10 leaders: 2.062778e-02
Nonblocking Locality Aware, 10 leaders: 9.232804e-02
Nonblocking Multileader Locality, 10 leaders: 5.353255e-04
Pairwise Multileader, 20 leaders: 4.813585e-03
Pairwise Locality Aware, 20 leaders: 6.429438e-03
Pairwise Multileader Locality, 20 leaders: 6.493383e-04
Nonblocking Multileader, 20 leaders: 5.768163e-02
Nonblocking Locality Aware, 20 leaders: 1.151810e-01
Nonblocking Multileader Locality, 20 leaders: 3.854015e-04
Size 4
PMPI: 1.810865e-03
Pairwise: 2.245715e-02
NonBlocking: 3.295868e-01
Pairwise Hierarchical: 1.023727e-02
Pairwise Node Aware: 9.630813e-04
Nonblocking Hierarchical: 8.540200e-03
Nonblocking Node Aware: 7.966090e-04
Pairwise Multileader, 4 leaders: 3.327262e-03
Pairwise Locality Aware, 4 leaders: 3.232234e-03
Pairwise Multileader Locality, 4 leaders: 3.363403e-03
Nonblocking Multileader, 4 leaders: 1.294524e-02
Nonblocking Locality Aware, 4 leaders: 9.218546e-02
Nonblocking Multileader Locality, 4 leaders: 2.463384e-03
Pairwise Multileader, 10 leaders: 9.036964e-03
Pairwise Locality Aware, 10 leaders: 7.455059e-03
Pairwise Multileader Locality, 10 leaders: 2.029084e-03
Nonblocking Multileader, 10 leaders: 5.024965e-02
Nonblocking Locality Aware, 10 leaders: 1.152953e-01
Nonblocking Multileader Locality, 10 leaders: 1.178286e-03
Pairwise Multileader, 20 leaders: 2.085590e-02
Pairwise Locality Aware, 20 leaders: 1.218094e-02
Pairwise Multileader Locality, 20 leaders: 9.781195e-04
Nonblocking Multileader, 20 leaders: 5.017704e-02
Nonblocking Locality Aware, 20 leaders: 1.384876e-01
Nonblocking Multileader Locality, 20 leaders: 7.958990e-04
Size 8
PMPI: 3.477955e-03
Pairwise: 3.676530e-02
NonBlocking: 6.473124e-01
Pairwise Hierarchical: 2.221072e-02
Pairwise Node Aware: 1.317292e-03
Nonblocking Hierarchical: 1.723427e-02
Nonblocking Node Aware: 1.202292e-03
Pairwise Multileader, 4 leaders: 5.988585e-03
Pairwise Locality Aware, 4 leaders: 2.587360e-03
Pairwise Multileader Locality, 4 leaders: 7.159776e-03
Nonblocking Multileader, 4 leaders: 4.227809e-03
Nonblocking Locality Aware, 4 leaders: 8.731925e-02
Nonblocking Multileader Locality, 4 leaders: 5.270421e-03
Pairwise Multileader, 10 leaders: 4.519497e-03
Pairwise Locality Aware, 10 leaders: 4.705880e-03
Pairwise Multileader Locality, 10 leaders: 2.532113e-03
Nonblocking Multileader, 10 leaders: 1.167645e-02
Nonblocking Locality Aware, 10 leaders: 1.614462e-01
Nonblocking Multileader Locality, 10 leaders: 1.814193e-03
Pairwise Multileader, 20 leaders: 8.577405e-03
Pairwise Locality Aware, 20 leaders: 6.365649e-03
Pairwise Multileader Locality, 20 leaders: 1.543157e-03
Nonblocking Multileader, 20 leaders: 9.934121e-02
Nonblocking Locality Aware, 20 leaders: 1.615294e-01
Nonblocking Multileader Locality, 20 leaders: 1.114722e-03
Size 16
PMPI: 5.818204e-03
Pairwise: 3.258785e-02
NonBlocking: 3.683681e-01
Pairwise Hierarchical: 4.535231e-02
Pairwise Node Aware: 2.616817e-03
Nonblocking Hierarchical: 3.471196e-02
Nonblocking Node Aware: 2.486801e-03
Pairwise Multileader, 4 leaders: 9.045804e-03
Pairwise Locality Aware, 4 leaders: 2.946874e-03
Pairwise Multileader Locality, 4 leaders: 1.161735e-02
Nonblocking Multileader, 4 leaders: 6.848948e-03
Nonblocking Locality Aware, 4 leaders: 9.334343e-02
Nonblocking Multileader Locality, 4 leaders: 8.642267e-03
Pairwise Multileader, 10 leaders: 8.206034e-03
Pairwise Locality Aware, 10 leaders: 4.395331e-03
Pairwise Multileader Locality, 10 leaders: 4.602456e-03
Nonblocking Multileader, 10 leaders: 1.250884e-02
Nonblocking Locality Aware, 10 leaders: 1.623596e-01
Nonblocking Multileader Locality, 10 leaders: 3.740556e-03
Pairwise Multileader, 20 leaders: 7.989893e-03
Pairwise Locality Aware, 20 leaders: 1.129892e-02
Pairwise Multileader Locality, 20 leaders: 3.327143e-03
Nonblocking Multileader, 20 leaders: 8.419139e-02
Nonblocking Locality Aware, 20 leaders: 1.617583e-01
Nonblocking Multileader Locality, 20 leaders: 2.324365e-03
Size 32
PMPI: 1.400945e-02
Pairwise: 3.371854e-02
NonBlocking: 2.868213e-01
Pairwise Hierarchical: 8.642252e-02
Pairwise Node Aware: 5.290232e-03
Nonblocking Hierarchical: 6.636415e-02
Nonblocking Node Aware: 5.886425e-03
Pairwise Multileader, 4 leaders: 3.130896e-02
Pairwise Locality Aware, 4 leaders: 6.992557e-03
Pairwise Multileader Locality, 4 leaders: 2.516649e-02
Nonblocking Multileader, 4 leaders: 1.832050e-02
Nonblocking Locality Aware, 4 leaders: 5.198816e-03
Nonblocking Multileader Locality, 4 leaders: 1.835922e-02
Pairwise Multileader, 10 leaders: 1.924323e-02
Pairwise Locality Aware, 10 leaders: 1.129909e-02
Pairwise Multileader Locality, 10 leaders: 1.215672e-02
Nonblocking Multileader, 10 leaders: 4.308376e-02
Nonblocking Locality Aware, 10 leaders: 1.407119e-01
Nonblocking Multileader Locality, 10 leaders: 8.743635e-03
Pairwise Multileader, 20 leaders: 1.871104e-02
Pairwise Locality Aware, 20 leaders: 1.585640e-02
Pairwise Multileader Locality, 20 leaders: 5.513505e-03
Nonblocking Multileader, 20 leaders: 8.269964e-02
Nonblocking Locality Aware, 20 leaders: 1.166733e-01
Nonblocking Multileader Locality, 20 leaders: 5.120169e-03
Size 64
PMPI: 2.053362e-02
Pairwise: 3.219362e-02
NonBlocking: 2.900091e-01
Pairwise Hierarchical: 1.662770e-01
Pairwise Node Aware: 1.165699e-02
Nonblocking Hierarchical: 1.276117e-01
Nonblocking Node Aware: 7.563993e-03
Pairwise Multileader, 4 leaders: 5.385927e-02
Pairwise Locality Aware, 4 leaders: 7.916721e-03
Pairwise Multileader Locality, 4 leaders: 5.773935e-02
Nonblocking Multileader, 4 leaders: 3.789733e-02
Nonblocking Locality Aware, 4 leaders: 1.080300e-02
Nonblocking Multileader Locality, 4 leaders: 4.458656e-02
Pairwise Multileader, 10 leaders: 2.826310e-02
Pairwise Locality Aware, 10 leaders: 1.187044e-02
Pairwise Multileader Locality, 10 leaders: 2.552297e-02
Nonblocking Multileader, 10 leaders: 1.783311e-02
Nonblocking Locality Aware, 10 leaders: 1.129175e-01
Nonblocking Multileader Locality, 10 leaders: 2.022613e-02
Pairwise Multileader, 20 leaders: 2.010151e-02
Pairwise Locality Aware, 20 leaders: 1.579307e-02
Pairwise Multileader Locality, 20 leaders: 1.466221e-02
Nonblocking Multileader, 20 leaders: 6.007002e-02
Nonblocking Locality Aware, 20 leaders: 9.747781e-02
Nonblocking Multileader Locality, 20 leaders: 9.520191e-03
Size 128
PMPI: 4.008866e-02
Pairwise: 6.076275e-02
NonBlocking: 2.756504e-01
Pairwise Hierarchical: 3.238363e-01
Pairwise Node Aware: 1.980893e-02
Nonblocking Hierarchical: 2.507707e-01
Nonblocking Node Aware: 1.653713e-02
Pairwise Multileader, 4 leaders: 9.880668e-02
Pairwise Locality Aware, 4 leaders: 1.430701e-02
Pairwise Multileader Locality, 4 leaders: 1.070583e-01
Nonblocking Multileader, 4 leaders: 6.888531e-02
Nonblocking Locality Aware, 4 leaders: 2.082180e-02
Nonblocking Multileader Locality, 4 leaders: 7.952925e-02
Pairwise Multileader, 10 leaders: 5.302764e-02
Pairwise Locality Aware, 10 leaders: 1.993315e-02
Pairwise Multileader Locality, 10 leaders: 5.344031e-02
Nonblocking Multileader, 10 leaders: 7.677582e-02
Nonblocking Locality Aware, 10 leaders: 1.030023e-01
Nonblocking Multileader Locality, 10 leaders: 4.232221e-02
Pairwise Multileader, 20 leaders: 3.730537e-02
Pairwise Locality Aware, 20 leaders: 2.131940e-02
Pairwise Multileader Locality, 20 leaders: 2.850625e-02
Nonblocking Multileader, 20 leaders: 2.531274e-02
Nonblocking Locality Aware, 20 leaders: 1.182356e-01
Nonblocking Multileader Locality, 20 leaders: 2.119417e-02
Size 256
PMPI: 8.100046e-02
Pairwise: 6.027919e-02
NonBlocking: 1.977498e-01
Pairwise Hierarchical: 6.584268e-01
Pairwise Node Aware: 3.232816e-02
Nonblocking Hierarchical: 5.444180e-01
Nonblocking Node Aware: 2.981581e-02
Pairwise Multileader, 4 leaders: 1.891392e-01
Pairwise Locality Aware, 4 leaders: 4.715900e-02
Pairwise Multileader Locality, 4 leaders: 2.129697e-01
Nonblocking Multileader, 4 leaders: 1.334393e-01
Nonblocking Locality Aware, 4 leaders: 2.460819e-02
Nonblocking Multileader Locality, 4 leaders: 1.587284e-01
Pairwise Multileader, 10 leaders: 1.137216e-01
Pairwise Locality Aware, 10 leaders: 4.099574e-02
Pairwise Multileader Locality, 10 leaders: 1.095330e-01
Nonblocking Multileader, 10 leaders: 7.694013e-02
Nonblocking Locality Aware, 10 leaders: 9.972737e-02
Nonblocking Multileader Locality, 10 leaders: 8.869678e-02
Pairwise Multileader, 20 leaders: 6.739209e-02
Pairwise Locality Aware, 20 leaders: 3.710801e-02
Pairwise Multileader Locality, 20 leaders: 5.676389e-02
Nonblocking Multileader, 20 leaders: 2.459587e-01
Nonblocking Locality Aware, 20 leaders: 1.033823e-01
Nonblocking Multileader Locality, 20 leaders: 4.413029e-02
Size 512
PMPI: 2.976887e-01
Pairwise: 9.986945e-02
NonBlocking: 3.019195e-01
Pairwise Hierarchical: 1.271857e+00
Pairwise Node Aware: 6.259374e-02
Nonblocking Hierarchical: 1.118095e+00
Nonblocking Node Aware: 5.052967e-02
Pairwise Multileader, 4 leaders: 3.477271e-01
Pairwise Locality Aware, 4 leaders: 6.589456e-02
Pairwise Multileader Locality, 4 leaders: 3.997852e-01
Nonblocking Multileader, 4 leaders: 2.599242e-01
Nonblocking Locality Aware, 4 leaders: 5.146498e-02
Nonblocking Multileader Locality, 4 leaders: 3.116322e-01
Pairwise Multileader, 10 leaders: 2.095048e-01
Pairwise Locality Aware, 10 leaders: 7.462988e-02
Pairwise Multileader Locality, 10 leaders: 2.127715e-01
Nonblocking Multileader, 10 leaders: 1.444032e-01
Nonblocking Locality Aware, 10 leaders: 8.322448e-02
Nonblocking Multileader Locality, 10 leaders: 1.749450e-01
Pairwise Multileader, 20 leaders: 1.481314e-01
Pairwise Locality Aware, 20 leaders: 7.812836e-02
Pairwise Multileader Locality, 20 leaders: 1.257454e-01
Nonblocking Multileader, 20 leaders: 6.342911e-01
Nonblocking Locality Aware, 20 leaders: 1.247508e-01
Nonblocking Multileader Locality, 20 leaders: 1.076431e-01
Test 2 Running Alltoall Benchmark on 32 nodes and 3200 tasks
Size 1
PMPI: 1.049165e-03
Pairwise: 1.893153e-02
NonBlocking: 2.505836e-01
Pairwise Hierarchical: 2.595334e-03
Pairwise Node Aware: 8.785030e-04
Nonblocking Hierarchical: 2.031775e-03
Nonblocking Node Aware: 4.615402e-04
Pairwise Multileader, 4 leaders: 2.137600e-03
Pairwise Locality Aware, 4 leaders: 1.462041e-03
Pairwise Multileader Locality, 4 leaders: 9.812250e-04
Nonblocking Multileader, 4 leaders: 1.022504e-03
Nonblocking Locality Aware, 4 leaders: 6.215646e-02
Nonblocking Multileader Locality, 4 leaders: 6.764198e-04
Pairwise Multileader, 10 leaders: 4.261259e-03
Pairwise Locality Aware, 10 leaders: 2.881695e-03
Pairwise Multileader Locality, 10 leaders: 5.517741e-04
Nonblocking Multileader, 10 leaders: 2.388913e-02
Nonblocking Locality Aware, 10 leaders: 1.152419e-01
Nonblocking Multileader Locality, 10 leaders: 3.434266e-04
Pairwise Multileader, 20 leaders: 7.670838e-03
Pairwise Locality Aware, 20 leaders: 7.758321e-03
Pairwise Multileader Locality, 20 leaders: 5.645088e-04
Nonblocking Multileader, 20 leaders: 6.933876e-02
Nonblocking Locality Aware, 20 leaders: 1.608405e-01
Nonblocking Multileader Locality, 20 leaders: 2.465119e-04
Size 2
PMPI: 1.158570e-03
Pairwise: 1.905898e-02
NonBlocking: 5.668861e-01
Pairwise Hierarchical: 5.290643e-03
Pairwise Node Aware: 6.615631e-04
Nonblocking Hierarchical: 4.422067e-03
Nonblocking Node Aware: 6.342530e-04
Pairwise Multileader, 4 leaders: 2.406644e-03
Pairwise Locality Aware, 4 leaders: 1.979888e-03
Pairwise Multileader Locality, 4 leaders: 1.769323e-03
Nonblocking Multileader, 4 leaders: 1.321304e-03
Nonblocking Locality Aware, 4 leaders: 4.968025e-02
Nonblocking Multileader Locality, 4 leaders: 1.287164e-03
Pairwise Multileader, 10 leaders: 5.252419e-03
Pairwise Locality Aware, 10 leaders: 3.401223e-03
Pairwise Multileader Locality, 10 leaders: 1.017224e-03
Nonblocking Multileader, 10 leaders: 3.478817e-02
Nonblocking Locality Aware, 10 leaders: 1.158011e-01
Nonblocking Multileader Locality, 10 leaders: 6.181000e-04
Pairwise Multileader, 20 leaders: 8.900956e-03
Pairwise Locality Aware, 20 leaders: 8.826323e-03
Pairwise Multileader Locality, 20 leaders: 6.845286e-04
Nonblocking Multileader, 20 leaders: 6.394955e-02
Nonblocking Locality Aware, 20 leaders: 1.610781e-01
Nonblocking Multileader Locality, 20 leaders: 4.561003e-04
Size 4
PMPI: 1.747373e-03
Pairwise: 2.349866e-02
NonBlocking: 4.874302e-01
Pairwise Hierarchical: 1.088486e-02
Pairwise Node Aware: 1.131410e-03
Nonblocking Hierarchical: 8.517259e-03
Nonblocking Node Aware: 8.891821e-04
Pairwise Multileader, 4 leaders: 3.962849e-03
Pairwise Locality Aware, 4 leaders: 1.765618e-03
Pairwise Multileader Locality, 4 leaders: 3.144517e-03
Nonblocking Multileader, 4 leaders: 2.153199e-03
Nonblocking Locality Aware, 4 leaders: 8.712934e-02
Nonblocking Multileader Locality, 4 leaders: 2.457715e-03
Pairwise Multileader, 10 leaders: 3.673565e-03
Pairwise Locality Aware, 10 leaders: 2.812267e-03
Pairwise Multileader Locality, 10 leaders: 1.841628e-03
Nonblocking Multileader, 10 leaders: 3.788790e-02
Nonblocking Locality Aware, 10 leaders: 9.926862e-02
Nonblocking Multileader Locality, 10 leaders: 1.185955e-03
Pairwise Multileader, 20 leaders: 7.273728e-03
Pairwise Locality Aware, 20 leaders: 7.339609e-03
Pairwise Multileader Locality, 20 leaders: 1.105034e-03
Nonblocking Multileader, 20 leaders: 9.241482e-02
Nonblocking Locality Aware, 20 leaders: 2.067933e-01
Nonblocking Multileader Locality, 20 leaders: 8.073801e-04
Size 8
PMPI: 3.526548e-03
Pairwise: 3.772666e-02
NonBlocking: 4.062656e-01
Pairwise Hierarchical: 2.219684e-02
Pairwise Node Aware: 1.287523e-03
Nonblocking Hierarchical: 1.750292e-02
Nonblocking Node Aware: 1.198336e-03
Pairwise Multileader, 4 leaders: 6.228252e-03
Pairwise Locality Aware, 4 leaders: 1.986208e-03
Pairwise Multileader Locality, 4 leaders: 7.332732e-03
Nonblocking Multileader, 4 leaders: 4.065353e-03
Nonblocking Locality Aware, 4 leaders: 9.247933e-02
Nonblocking Multileader Locality, 4 leaders: 5.209509e-03
Pairwise Multileader, 10 leaders: 6.401189e-03
Pairwise Locality Aware, 10 leaders: 4.003121e-03
Pairwise Multileader Locality, 10 leaders: 2.789748e-03
Nonblocking Multileader, 10 leaders: 1.983187e-02
Nonblocking Locality Aware, 10 leaders: 1.157241e-01
Nonblocking Multileader Locality, 10 leaders: 1.653418e-03
Pairwise Multileader, 20 leaders: 9.551498e-03
Pairwise Locality Aware, 20 leaders: 8.031669e-03
Pairwise Multileader Locality, 20 leaders: 1.488022e-03
Nonblocking Multileader, 20 leaders: 8.766273e-02
Nonblocking Locality Aware, 20 leaders: 1.845661e-01
Nonblocking Multileader Locality, 20 leaders: 1.180110e-03
Size 16
PMPI: 6.013062e-03
Pairwise: 4.836879e-02
NonBlocking: 2.484916e-01
Pairwise Hierarchical: 4.689078e-02
Pairwise Node Aware: 2.572692e-03
Nonblocking Hierarchical: 3.515833e-02
Nonblocking Node Aware: 2.317384e-03
Pairwise Multileader, 4 leaders: 9.664851e-03
Pairwise Locality Aware, 4 leaders: 3.648219e-03
Pairwise Multileader Locality, 4 leaders: 1.161455e-02
Nonblocking Multileader, 4 leaders: 7.131716e-03
Nonblocking Locality Aware, 4 leaders: 1.161297e-01
Nonblocking Multileader Locality, 4 leaders: 8.709481e-03
Pairwise Multileader, 10 leaders: 7.667309e-03
Pairwise Locality Aware, 10 leaders: 6.520432e-03
Pairwise Multileader Locality, 10 leaders: 4.690345e-03
Nonblocking Multileader, 10 leaders: 1.871675e-02
Nonblocking Locality Aware, 10 leaders: 1.164972e-01
Nonblocking Multileader Locality, 10 leaders: 3.277996e-03
Pairwise Multileader, 20 leaders: 1.121472e-02
Pairwise Locality Aware, 20 leaders: 1.075462e-02
Pairwise Multileader Locality, 20 leaders: 3.760463e-03
Nonblocking Multileader, 20 leaders: 5.128591e-02
Nonblocking Locality Aware, 20 leaders: 1.493062e-01
Nonblocking Multileader Locality, 20 leaders: 2.709868e-03
Size 32
PMPI: 1.290961e-02
Pairwise: 4.757119e-02
NonBlocking: 3.286529e-01
Pairwise Hierarchical: 8.745726e-02
Pairwise Node Aware: 5.250831e-03
Nonblocking Hierarchical: 6.680626e-02
Nonblocking Node Aware: 5.632625e-03
Pairwise Multileader, 4 leaders: 2.946414e-02
Pairwise Locality Aware, 4 leaders: 3.966078e-03
Pairwise Multileader Locality, 4 leaders: 2.508791e-02
Nonblocking Multileader, 4 leaders: 1.843792e-02
Nonblocking Locality Aware, 4 leaders: 3.749773e-03
Nonblocking Multileader Locality, 4 leaders: 1.846234e-02
Pairwise Multileader, 10 leaders: 1.700076e-02
Pairwise Locality Aware, 10 leaders: 7.801574e-03
Pairwise Multileader Locality, 10 leaders: 1.135080e-02
Nonblocking Multileader, 10 leaders: 1.579543e-02
Nonblocking Locality Aware, 10 leaders: 1.178870e-01
Nonblocking Multileader Locality, 10 leaders: 8.666184e-03
Pairwise Multileader, 20 leaders: 1.618946e-02
Pairwise Locality Aware, 20 leaders: 1.515243e-02
Pairwise Multileader Locality, 20 leaders: 6.281992e-03
Nonblocking Multileader, 20 leaders: 7.880639e-02
Nonblocking Locality Aware, 20 leaders: 1.395578e-01
Nonblocking Multileader Locality, 20 leaders: 7.550708e-03
Size 64
PMPI: 2.009893e-02
Pairwise: 4.552261e-02
NonBlocking: 3.016669e-01
Pairwise Hierarchical: 1.667556e-01
Pairwise Node Aware: 8.482354e-03
Nonblocking Hierarchical: 1.268778e-01
Nonblocking Node Aware: 6.809643e-03
Pairwise Multileader, 4 leaders: 5.432159e-02
Pairwise Locality Aware, 4 leaders: 9.981379e-03
Pairwise Multileader Locality, 4 leaders: 5.787920e-02
Nonblocking Multileader, 4 leaders: 3.797591e-02
Nonblocking Locality Aware, 4 leaders: 1.200291e-02
Nonblocking Multileader Locality, 4 leaders: 4.311246e-02
Pairwise Multileader, 10 leaders: 2.734385e-02
Pairwise Locality Aware, 10 leaders: 1.015701e-02
Pairwise Multileader Locality, 10 leaders: 2.530236e-02
Nonblocking Multileader, 10 leaders: 1.763279e-02
Nonblocking Locality Aware, 10 leaders: 9.743493e-02
Nonblocking Multileader Locality, 10 leaders: 2.036648e-02
Pairwise Multileader, 20 leaders: 1.823634e-02
Pairwise Locality Aware, 20 leaders: 2.236348e-02
Pairwise Multileader Locality, 20 leaders: 1.414390e-02
Nonblocking Multileader, 20 leaders: 4.736704e-02
Nonblocking Locality Aware, 20 leaders: 1.426703e-01
Nonblocking Multileader Locality, 20 leaders: 9.752523e-03
Size 128
PMPI: 4.918493e-02
Pairwise: 8.669740e-02
NonBlocking: 3.320340e-01
Pairwise Hierarchical: 3.240131e-01
Pairwise Node Aware: 2.170768e-02
Nonblocking Hierarchical: 2.515006e-01
Nonblocking Node Aware: 1.775450e-02
Pairwise Multileader, 4 leaders: 1.022977e-01
Pairwise Locality Aware, 4 leaders: 1.993703e-02
Pairwise Multileader Locality, 4 leaders: 1.099895e-01
Nonblocking Multileader, 4 leaders: 6.904357e-02
Nonblocking Locality Aware, 4 leaders: 2.268432e-02
Nonblocking Multileader Locality, 4 leaders: 8.145424e-02
Pairwise Multileader, 10 leaders: 5.256818e-02
Pairwise Locality Aware, 10 leaders: 1.849552e-02
Pairwise Multileader Locality, 10 leaders: 5.343435e-02
Nonblocking Multileader, 10 leaders: 7.523044e-02
Nonblocking Locality Aware, 10 leaders: 9.637395e-02
Nonblocking Multileader Locality, 10 leaders: 4.251849e-02
Pairwise Multileader, 20 leaders: 3.852967e-02
Pairwise Locality Aware, 20 leaders: 2.257122e-02
Pairwise Multileader Locality, 20 leaders: 2.932644e-02
Nonblocking Multileader, 20 leaders: 2.664192e-02
Nonblocking Locality Aware, 20 leaders: 1.339025e-01
Nonblocking Multileader Locality, 20 leaders: 2.097250e-02
Size 256
PMPI: 8.156055e-02
Pairwise: 7.161872e-02
NonBlocking: 1.892910e-01
Pairwise Hierarchical: 6.518718e-01
Pairwise Node Aware: 3.194948e-02
Nonblocking Hierarchical: 5.367856e-01
Nonblocking Node Aware: 2.951621e-02
Pairwise Multileader, 4 leaders: 1.811177e-01
Pairwise Locality Aware, 4 leaders: 3.564978e-02
Pairwise Multileader Locality, 4 leaders: 2.061881e-01
Nonblocking Multileader, 4 leaders: 1.334899e-01
Nonblocking Locality Aware, 4 leaders: 3.208672e-02
Nonblocking Multileader Locality, 4 leaders: 1.566388e-01
Pairwise Multileader, 10 leaders: 1.294072e-01
Pairwise Locality Aware, 10 leaders: 4.319127e-02
Pairwise Multileader Locality, 10 leaders: 1.113321e-01
Nonblocking Multileader, 10 leaders: 7.828955e-02
Nonblocking Locality Aware, 10 leaders: 8.578420e-02
Nonblocking Multileader Locality, 10 leaders: 9.082677e-02
Pairwise Multileader, 20 leaders: 8.815206e-02
Pairwise Locality Aware, 20 leaders: 4.397288e-02
Pairwise Multileader Locality, 20 leaders: 5.811961e-02
Nonblocking Multileader, 20 leaders: 9.433450e-02
Nonblocking Locality Aware, 20 leaders: 1.772596e-01
Nonblocking Multileader Locality, 20 leaders: 4.455805e-02
Size 512
PMPI: 4.064902e-01
Pairwise: 1.061461e-01
NonBlocking: 3.062073e-01
Pairwise Hierarchical: 1.264005e+00
Pairwise Node Aware: 6.234793e-02
Nonblocking Hierarchical: 1.133451e+00
Nonblocking Node Aware: 4.948413e-02
Pairwise Multileader, 4 leaders: 3.480876e-01
Pairwise Locality Aware, 4 leaders: 7.052115e-02
Pairwise Multileader Locality, 4 leaders: 4.025704e-01
Nonblocking Multileader, 4 leaders: 2.616629e-01
Nonblocking Locality Aware, 4 leaders: 6.190129e-02
Nonblocking Multileader Locality, 4 leaders: 3.092601e-01
Pairwise Multileader, 10 leaders: 2.232602e-01
Pairwise Locality Aware, 10 leaders: 7.888198e-02
Pairwise Multileader Locality, 10 leaders: 2.151549e-01
Nonblocking Multileader, 10 leaders: 1.453607e-01
Nonblocking Locality Aware, 10 leaders: 6.836843e-02
Nonblocking Multileader Locality, 10 leaders: 1.740150e-01
Pairwise Multileader, 20 leaders: 1.455823e-01
Pairwise Locality Aware, 20 leaders: 7.737803e-02
Pairwise Multileader Locality, 20 leaders: 1.236385e-01
Nonblocking Multileader, 20 leaders: 6.299690e-01
Nonblocking Locality Aware, 20 leaders: 1.400798e-01
Nonblocking Multileader Locality, 20 leaders: 1.074760e-01
Test 3 Running Alltoall Benchmark on 32 nodes and 3200 tasks
Size 1
PMPI: 1.153102e-03
Pairwise: 1.645691e-02
NonBlocking: 3.650682e-01
Pairwise Hierarchical: 2.399660e-03
Pairwise Node Aware: 9.568754e-04
Nonblocking Hierarchical: 2.033980e-03
Nonblocking Node Aware: 4.657329e-04
Pairwise Multileader, 4 leaders: 2.020980e-03
Pairwise Locality Aware, 4 leaders: 1.796872e-03
Pairwise Multileader Locality, 4 leaders: 9.822603e-04
Nonblocking Multileader, 4 leaders: 1.766621e-03
Nonblocking Locality Aware, 4 leaders: 6.217876e-02
Nonblocking Multileader Locality, 4 leaders: 6.982474e-04
Pairwise Multileader, 10 leaders: 3.181760e-03
Pairwise Locality Aware, 10 leaders: 4.561280e-03
Pairwise Multileader Locality, 10 leaders: 7.427823e-04
Nonblocking Multileader, 10 leaders: 4.692995e-04
Nonblocking Locality Aware, 10 leaders: 1.149595e-01
Nonblocking Multileader Locality, 10 leaders: 3.706357e-04
Pairwise Multileader, 20 leaders: 8.417512e-03
Pairwise Locality Aware, 20 leaders: 5.106184e-03
Pairwise Multileader Locality, 20 leaders: 5.852401e-04
Nonblocking Multileader, 20 leaders: 4.998101e-02
Nonblocking Locality Aware, 20 leaders: 2.067842e-01
Nonblocking Multileader Locality, 20 leaders: 3.716180e-04
Size 2
PMPI: 1.162589e-03
Pairwise: 1.451732e-02
NonBlocking: 5.679700e-01
Pairwise Hierarchical: 5.238760e-03
Pairwise Node Aware: 9.124184e-04
Nonblocking Hierarchical: 4.354714e-03
Nonblocking Node Aware: 6.947624e-04
Pairwise Multileader, 4 leaders: 2.948307e-03
Pairwise Locality Aware, 4 leaders: 1.937208e-03
Pairwise Multileader Locality, 4 leaders: 1.738306e-03
Nonblocking Multileader, 4 leaders: 1.112924e-03
Nonblocking Locality Aware, 4 leaders: 6.199265e-02
Nonblocking Multileader Locality, 4 leaders: 1.356609e-03
Pairwise Multileader, 10 leaders: 3.813772e-03
Pairwise Locality Aware, 10 leaders: 3.832468e-03
Pairwise Multileader Locality, 10 leaders: 9.149528e-04
Nonblocking Multileader, 10 leaders: 3.209884e-02
Nonblocking Locality Aware, 10 leaders: 1.152767e-01
Nonblocking Multileader Locality, 10 leaders: 5.593005e-04
Pairwise Multileader, 20 leaders: 8.832791e-03
Pairwise Locality Aware, 20 leaders: 8.093547e-03
Pairwise Multileader Locality, 20 leaders: 6.118355e-04
Nonblocking Multileader, 20 leaders: 6.766060e-02
Nonblocking Locality Aware, 20 leaders: 1.158870e-01
Nonblocking Multileader Locality, 20 leaders: 4.429934e-04
Size 4
PMPI: 1.843169e-03
Pairwise: 3.978179e-02
NonBlocking: 3.272722e-01
Pairwise Hierarchical: 1.053564e-02
Pairwise Node Aware: 9.272528e-04
Nonblocking Hierarchical: 8.452367e-03
Nonblocking Node Aware: 8.289043e-04
Pairwise Multileader, 4 leaders: 4.717483e-03
Pairwise Locality Aware, 4 leaders: 2.109515e-03
Pairwise Multileader Locality, 4 leaders: 3.031328e-03
Nonblocking Multileader, 4 leaders: 2.801663e-03
Nonblocking Locality Aware, 4 leaders: 8.715718e-02
Nonblocking Multileader Locality, 4 leaders: 2.473998e-03
Pairwise Multileader, 10 leaders: 6.468529e-03
Pairwise Locality Aware, 10 leaders: 5.019534e-03
Pairwise Multileader Locality, 10 leaders: 1.653075e-03
Nonblocking Multileader, 10 leaders: 1.100283e-03
Nonblocking Locality Aware, 10 leaders: 1.155808e-01
Nonblocking Multileader Locality, 10 leaders: 1.140307e-03
Pairwise Multileader, 20 leaders: 6.894648e-03
Pairwise Locality Aware, 20 leaders: 7.243246e-03
Pairwise Multileader Locality, 20 leaders: 1.997451e-03
Nonblocking Multileader, 20 leaders: 7.479805e-02
Nonblocking Locality Aware, 20 leaders: 1.612030e-01
Nonblocking Multileader Locality, 20 leaders: 6.341260e-04
Size 8
PMPI: 3.585121e-03
Pairwise: 4.247834e-02
NonBlocking: 4.869949e-01
Pairwise Hierarchical: 2.243930e-02
Pairwise Node Aware: 1.377235e-03
Nonblocking Hierarchical: 1.731488e-02
Nonblocking Node Aware: 1.294482e-03
Pairwise Multileader, 4 leaders: 6.060954e-03
Pairwise Locality Aware, 4 leaders: 3.948291e-03
Pairwise Multileader Locality, 4 leaders: 7.164807e-03
Nonblocking Multileader, 4 leaders: 3.981207e-03
Nonblocking Locality Aware, 4 leaders: 8.722700e-02
Nonblocking Multileader Locality, 4 leaders: 5.159468e-03
Pairwise Multileader, 10 leaders: 5.185393e-03
Pairwise Locality Aware, 10 leaders: 6.360214e-03
Pairwise Multileader Locality, 10 leaders: 2.524228e-03
Nonblocking Multileader, 10 leaders: 5.080632e-02
Nonblocking Locality Aware, 10 leaders: 1.156809e-01
Nonblocking Multileader Locality, 10 leaders: 1.978451e-03
Pairwise Multileader, 20 leaders: 7.299667e-03
Pairwise Locality Aware, 20 leaders: 1.020082e-02
Pairwise Multileader Locality, 20 leaders: 1.651231e-03
Nonblocking Multileader, 20 leaders: 8.814887e-02
Nonblocking Locality Aware, 20 leaders: 1.383348e-01
Nonblocking Multileader Locality, 20 leaders: 1.317109e-03
Size 16
PMPI: 5.670200e-03
Pairwise: 4.206332e-02
NonBlocking: 6.490302e-01
Pairwise Hierarchical: 4.641430e-02
Pairwise Node Aware: 2.731243e-03
Nonblocking Hierarchical: 3.540907e-02
Nonblocking Node Aware: 2.523578e-03
Pairwise Multileader, 4 leaders: 1.081330e-02
Pairwise Locality Aware, 4 leaders: 3.330836e-03
Pairwise Multileader Locality, 4 leaders: 1.200160e-02
Nonblocking Multileader, 4 leaders: 7.034771e-03
Nonblocking Locality Aware, 4 leaders: 8.811459e-02
Nonblocking Multileader Locality, 4 leaders: 8.781751e-03
Pairwise Multileader, 10 leaders: 7.991684e-03
Pairwise Locality Aware, 10 leaders: 6.769278e-03
Pairwise Multileader Locality, 10 leaders: 4.672006e-03
Nonblocking Multileader, 10 leaders: 8.250355e-03
Nonblocking Locality Aware, 10 leaders: 1.163396e-01
Nonblocking Multileader Locality, 10 leaders: 3.707720e-03
Pairwise Multileader, 20 leaders: 9.463451e-03
Pairwise Locality Aware, 20 leaders: 7.757104e-03
Pairwise Multileader Locality, 20 leaders: 3.703609e-03
Nonblocking Multileader, 20 leaders: 1.620527e-01
Nonblocking Locality Aware, 20 leaders: 2.259137e-01
Nonblocking Multileader Locality, 20 leaders: 2.742714e-03
Size 32
PMPI: 1.250957e-02
Pairwise: 6.035694e-02
NonBlocking: 4.489648e-01
Pairwise Hierarchical: 8.906476e-02
Pairwise Node Aware: 6.012539e-03
Nonblocking Hierarchical: 6.699935e-02
Nonblocking Node Aware: 5.324680e-03
Pairwise Multileader, 4 leaders: 3.204303e-02
Pairwise Locality Aware, 4 leaders: 1.087375e-02
Pairwise Multileader Locality, 4 leaders: 2.570629e-02
Nonblocking Multileader, 4 leaders: 1.835915e-02
Nonblocking Locality Aware, 4 leaders: 6.837308e-03
Nonblocking Multileader Locality, 4 leaders: 1.860886e-02
Pairwise Multileader, 10 leaders: 1.707518e-02
Pairwise Locality Aware, 10 leaders: 8.161715e-03
Pairwise Multileader Locality, 10 leaders: 1.114836e-02
Nonblocking Multileader, 10 leaders: 3.002664e-02
Nonblocking Locality Aware, 10 leaders: 1.175895e-01
Nonblocking Multileader Locality, 10 leaders: 8.655756e-03
Pairwise Multileader, 20 leaders: 1.802239e-02
Pairwise Locality Aware, 20 leaders: 1.213999e-02
Pairwise Multileader Locality, 20 leaders: 5.191142e-03
Nonblocking Multileader, 20 leaders: 7.645570e-02
Nonblocking Locality Aware, 20 leaders: 1.629707e-01
Nonblocking Multileader Locality, 20 leaders: 4.367272e-03
Size 64
PMPI: 1.952806e-02
Pairwise: 4.658972e-02
NonBlocking: 1.760848e-01
Pairwise Hierarchical: 1.668194e-01
Pairwise Node Aware: 9.679241e-03
Nonblocking Hierarchical: 1.268328e-01
Nonblocking Node Aware: 9.132335e-03
Pairwise Multileader, 4 leaders: 5.452334e-02
Pairwise Locality Aware, 4 leaders: 7.949159e-03
Pairwise Multileader Locality, 4 leaders: 5.861443e-02
Nonblocking Multileader, 4 leaders: 3.818540e-02
Nonblocking Locality Aware, 4 leaders: 9.986015e-03
Nonblocking Multileader Locality, 4 leaders: 4.318972e-02
Pairwise Multileader, 10 leaders: 2.878274e-02
Pairwise Locality Aware, 10 leaders: 1.446852e-02
Pairwise Multileader Locality, 10 leaders: 2.770647e-02
Nonblocking Multileader, 10 leaders: 1.817879e-02
Nonblocking Locality Aware, 10 leaders: 1.194246e-01
Nonblocking Multileader Locality, 10 leaders: 2.044934e-02
Pairwise Multileader, 20 leaders: 2.051309e-02
Pairwise Locality Aware, 20 leaders: 1.420075e-02
Pairwise Multileader Locality, 20 leaders: 1.335590e-02
Nonblocking Multileader, 20 leaders: 2.188253e-02
Nonblocking Locality Aware, 20 leaders: 1.190928e-01
Nonblocking Multileader Locality, 20 leaders: 2.579410e-02
Size 128
PMPI: 3.807801e-02
Pairwise: 4.985721e-02
NonBlocking: 2.797709e-01
Pairwise Hierarchical: 3.245343e-01
Pairwise Node Aware: 2.332413e-02
Nonblocking Hierarchical: 2.468252e-01
Nonblocking Node Aware: 1.924482e-02
Pairwise Multileader, 4 leaders: 1.011921e-01
Pairwise Locality Aware, 4 leaders: 1.685410e-02
Pairwise Multileader Locality, 4 leaders: 1.074658e-01
Nonblocking Multileader, 4 leaders: 6.909208e-02
Nonblocking Locality Aware, 4 leaders: 2.375324e-02
Nonblocking Multileader Locality, 4 leaders: 7.994144e-02
Pairwise Multileader, 10 leaders: 5.064129e-02
Pairwise Locality Aware, 10 leaders: 1.792886e-02
Pairwise Multileader Locality, 10 leaders: 5.485290e-02
Nonblocking Multileader, 10 leaders: 1.141865e-01
Nonblocking Locality Aware, 10 leaders: 9.180464e-02
Nonblocking Multileader Locality, 10 leaders: 4.246610e-02
Pairwise Multileader, 20 leaders: 3.643639e-02
Pairwise Locality Aware, 20 leaders: 2.857249e-02
Pairwise Multileader Locality, 20 leaders: 2.842914e-02
Nonblocking Multileader, 20 leaders: 4.620897e-02
Nonblocking Locality Aware, 20 leaders: 1.175251e-01
Nonblocking Multileader Locality, 20 leaders: 2.132773e-02
Size 256
PMPI: 8.312406e-02
Pairwise: 8.300047e-02
NonBlocking: 1.881992e-01
Pairwise Hierarchical: 6.539959e-01
Pairwise Node Aware: 4.023167e-02
Nonblocking Hierarchical: 5.401099e-01
Nonblocking Node Aware: 2.955713e-02
Pairwise Multileader, 4 leaders: 1.895316e-01
Pairwise Locality Aware, 4 leaders: 3.270753e-02
Pairwise Multileader Locality, 4 leaders: 2.114129e-01
Nonblocking Multileader, 4 leaders: 1.323768e-01
Nonblocking Locality Aware, 4 leaders: 2.828389e-02
Nonblocking Multileader Locality, 4 leaders: 1.561958e-01
Pairwise Multileader, 10 leaders: 1.141202e-01
Pairwise Locality Aware, 10 leaders: 3.813505e-02
Pairwise Multileader Locality, 10 leaders: 1.090717e-01
Nonblocking Multileader, 10 leaders: 7.817584e-02
Nonblocking Locality Aware, 10 leaders: 6.686205e-02
Nonblocking Multileader Locality, 10 leaders: 8.884180e-02
Pairwise Multileader, 20 leaders: 7.058469e-02
Pairwise Locality Aware, 20 leaders: 3.839629e-02
Pairwise Multileader Locality, 20 leaders: 5.664490e-02
Nonblocking Multileader, 20 leaders: 2.367542e-01
Nonblocking Locality Aware, 20 leaders: 1.085656e-01
Nonblocking Multileader Locality, 20 leaders: 4.417694e-02
Size 512
PMPI: 4.080657e-01
Pairwise: 9.806752e-02
NonBlocking: 3.029515e-01
Pairwise Hierarchical: 1.289940e+00
Pairwise Node Aware: 7.515630e-02
Nonblocking Hierarchical: 1.154515e+00
Nonblocking Node Aware: 4.987889e-02
Pairwise Multileader, 4 leaders: 3.434039e-01
Pairwise Locality Aware, 4 leaders: 7.035477e-02
Pairwise Multileader Locality, 4 leaders: 4.044040e-01
Nonblocking Multileader, 4 leaders: 2.585987e-01
Nonblocking Locality Aware, 4 leaders: 5.735452e-02
Nonblocking Multileader Locality, 4 leaders: 3.084415e-01
Pairwise Multileader, 10 leaders: 2.070506e-01
Pairwise Locality Aware, 10 leaders: 8.463742e-02
Pairwise Multileader Locality, 10 leaders: 2.143442e-01
Nonblocking Multileader, 10 leaders: 1.449636e-01
Nonblocking Locality Aware, 10 leaders: 6.701689e-02
Nonblocking Multileader Locality, 10 leaders: 1.737169e-01
Pairwise Multileader, 20 leaders: 1.537770e-01
Pairwise Locality Aware, 20 leaders: 8.470722e-02
Pairwise Multileader Locality, 20 leaders: 1.245460e-01
Nonblocking Multileader, 20 leaders: 2.024949e-01
Nonblocking Locality Aware, 20 leaders: 1.328236e-01
Nonblocking Multileader Locality, 20 leaders: 1.068925e-01
