Test 1 Running Alltoall Benchmark on 64 nodes and 6400 tasks
Size 1
PMPI: 1.853250e-03
Pairwise: 5.229431e-02
NonBlocking: 4.909642e-01
Pairwise Hierarchical: 5.511840e-03
Pairwise Node Aware: 1.343061e-03
Nonblocking Hierarchical: 4.374256e-03
Nonblocking Node Aware: 6.913206e-04
Pairwise Multileader, 4 leaders: 4.413421e-03
Pairwise Locality Aware, 4 leaders: 4.052943e-03
Pairwise Multileader Locality, 4 leaders: 2.208484e-03
Nonblocking Multileader, 4 leaders: 1.438868e-03
Nonblocking Locality Aware, 4 leaders: 1.156946e-01
Nonblocking Multileader Locality, 4 leaders: 1.334195e-03
Pairwise Multileader, 10 leaders: 8.212322e-03
Pairwise Locality Aware, 10 leaders: 8.841473e-03
Pairwise Multileader Locality, 10 leaders: 1.428593e-03
Nonblocking Multileader, 10 leaders: 3.698618e-02
Nonblocking Locality Aware, 10 leaders: 1.383892e-01
Nonblocking Multileader Locality, 10 leaders: 7.457503e-04
Pairwise Multileader, 20 leaders: 1.503757e-02
Pairwise Locality Aware, 20 leaders: 1.674775e-02
Pairwise Multileader Locality, 20 leaders: 1.141586e-03
Nonblocking Multileader, 20 leaders: 5.062844e-02
Nonblocking Locality Aware, 20 leaders: 2.262428e-01
Nonblocking Multileader Locality, 20 leaders: 4.954338e-04
Size 2
PMPI: 2.325307e-03
Pairwise: 5.490045e-02
NonBlocking: 6.485142e-01
Pairwise Hierarchical: 1.340694e-02
Pairwise Node Aware: 1.447033e-03
Nonblocking Hierarchical: 1.048308e-02
Nonblocking Node Aware: 9.073084e-04
Pairwise Multileader, 4 leaders: 5.220621e-03
Pairwise Locality Aware, 4 leaders: 3.770378e-03
Pairwise Multileader Locality, 4 leaders: 4.010033e-03
Nonblocking Multileader, 4 leaders: 2.731769e-03
Nonblocking Locality Aware, 4 leaders: 1.116058e-01
Nonblocking Multileader Locality, 4 leaders: 2.842595e-03
Pairwise Multileader, 10 leaders: 8.478415e-03
Pairwise Locality Aware, 10 leaders: 8.881337e-03
Pairwise Multileader Locality, 10 leaders: 1.730275e-03
Nonblocking Multileader, 10 leaders: 6.609934e-02
Nonblocking Locality Aware, 10 leaders: 1.382320e-01
Nonblocking Multileader Locality, 10 leaders: 1.082976e-03
Pairwise Multileader, 20 leaders: 1.639842e-02
Pairwise Locality Aware, 20 leaders: 1.743608e-02
Pairwise Multileader Locality, 20 leaders: 1.346984e-03
Nonblocking Multileader, 20 leaders: 7.007585e-02
Nonblocking Locality Aware, 20 leaders: 1.396507e-01
Nonblocking Multileader Locality, 20 leaders: 7.041593e-04
Size 4
PMPI: 4.711732e-03
Pairwise: 8.118875e-02
NonBlocking: 4.904277e-01
Pairwise Hierarchical: 2.423709e-02
Pairwise Node Aware: 1.801560e-03
Nonblocking Hierarchical: 1.882779e-02
Nonblocking Node Aware: 1.467578e-03
Pairwise Multileader, 4 leaders: 7.734259e-03
Pairwise Locality Aware, 4 leaders: 4.298208e-03
Pairwise Multileader Locality, 4 leaders: 6.403251e-03
Nonblocking Multileader, 4 leaders: 5.248053e-03
Nonblocking Locality Aware, 4 leaders: 1.156411e-01
Nonblocking Multileader Locality, 4 leaders: 5.017547e-03
Pairwise Multileader, 10 leaders: 9.898564e-03
Pairwise Locality Aware, 10 leaders: 9.300625e-03
Pairwise Multileader Locality, 10 leaders: 3.224400e-03
Nonblocking Multileader, 10 leaders: 5.661166e-02
Nonblocking Locality Aware, 10 leaders: 1.388172e-01
Nonblocking Multileader Locality, 10 leaders: 2.116326e-03
Pairwise Multileader, 20 leaders: 1.726780e-02
Pairwise Locality Aware, 20 leaders: 1.699958e-02
Pairwise Multileader Locality, 20 leaders: 1.822374e-03
Nonblocking Multileader, 20 leaders: 1.000439e-01
Nonblocking Locality Aware, 20 leaders: 1.934487e-01
Nonblocking Multileader Locality, 20 leaders: 4.196455e-02
Size 8
PMPI: 7.181479e-03
Pairwise: 8.077737e-02
NonBlocking: 8.094280e-01
Pairwise Hierarchical: 4.917601e-02
Pairwise Node Aware: 2.711936e-03
Nonblocking Hierarchical: 3.717256e-02
Nonblocking Node Aware: 2.830719e-03
Pairwise Multileader, 4 leaders: 1.203050e-02
Pairwise Locality Aware, 4 leaders: 4.841770e-03
Pairwise Multileader Locality, 4 leaders: 1.359750e-02
Nonblocking Multileader, 4 leaders: 7.581782e-03
Nonblocking Locality Aware, 4 leaders: 1.384433e-01
Nonblocking Multileader Locality, 4 leaders: 9.782755e-03
Pairwise Multileader, 10 leaders: 1.207797e-02
Pairwise Locality Aware, 10 leaders: 9.807894e-03
Pairwise Multileader Locality, 10 leaders: 2.235879e-02
Nonblocking Multileader, 10 leaders: 5.638882e-02
Nonblocking Locality Aware, 10 leaders: 1.385773e-01
Nonblocking Multileader Locality, 10 leaders: 3.837043e-03
Pairwise Multileader, 20 leaders: 1.787261e-02
Pairwise Locality Aware, 20 leaders: 1.760922e-02
Pairwise Multileader Locality, 20 leaders: 3.540040e-03
Nonblocking Multileader, 20 leaders: 6.672029e-02
Nonblocking Locality Aware, 20 leaders: 2.266052e-01
Nonblocking Multileader Locality, 20 leaders: 2.745862e-03
Size 16
PMPI: 1.375799e-02
Pairwise: 8.244090e-02
NonBlocking: 5.462968e-01
Pairwise Hierarchical: 9.242773e-02
Pairwise Node Aware: 5.145794e-03
Nonblocking Hierarchical: 7.010829e-02
Nonblocking Node Aware: 5.970805e-03
Pairwise Multileader, 4 leaders: 2.016040e-02
Pairwise Locality Aware, 4 leaders: 6.076860e-03
Pairwise Multileader Locality, 4 leaders: 2.705350e-02
Nonblocking Multileader, 4 leaders: 1.417426e-02
Nonblocking Locality Aware, 4 leaders: 1.170033e-01
Nonblocking Multileader Locality, 4 leaders: 1.827618e-02
Pairwise Multileader, 10 leaders: 1.861255e-02
Pairwise Locality Aware, 10 leaders: 1.187412e-02
Pairwise Multileader Locality, 10 leaders: 1.072981e-02
Nonblocking Multileader, 10 leaders: 9.340128e-03
Nonblocking Locality Aware, 10 leaders: 1.406266e-01
Nonblocking Multileader Locality, 10 leaders: 8.487434e-03
Pairwise Multileader, 20 leaders: 2.146021e-02
Pairwise Locality Aware, 20 leaders: 1.960645e-02
Pairwise Multileader Locality, 20 leaders: 6.017942e-03
Nonblocking Multileader, 20 leaders: 9.801890e-02
Nonblocking Locality Aware, 20 leaders: 1.633452e-01
Nonblocking Multileader Locality, 20 leaders: 4.114777e-03
Size 32
PMPI: 2.361477e-02
Pairwise: 8.166834e-02
NonBlocking: 5.966452e-01
Pairwise Hierarchical: 1.742164e-01
Pairwise Node Aware: 9.779019e-03
Nonblocking Hierarchical: 1.332237e-01
Nonblocking Node Aware: 1.325962e-02
Pairwise Multileader, 4 leaders: 5.935182e-02
Pairwise Locality Aware, 4 leaders: 9.657279e-03
Pairwise Multileader Locality, 4 leaders: 6.099573e-02
Nonblocking Multileader, 4 leaders: 4.079961e-02
Nonblocking Locality Aware, 4 leaders: 8.669811e-02
Nonblocking Multileader Locality, 4 leaders: 4.336562e-02
Pairwise Multileader, 10 leaders: 3.205107e-02
Pairwise Locality Aware, 10 leaders: 1.535298e-02
Pairwise Multileader Locality, 10 leaders: 2.737857e-02
Nonblocking Multileader, 10 leaders: 8.121552e-02
Nonblocking Locality Aware, 10 leaders: 1.411113e-01
Nonblocking Multileader Locality, 10 leaders: 2.062384e-02
Pairwise Multileader, 20 leaders: 2.846993e-02
Pairwise Locality Aware, 20 leaders: 2.312786e-02
Pairwise Multileader Locality, 20 leaders: 1.187825e-02
Nonblocking Multileader, 20 leaders: 8.788931e-02
Nonblocking Locality Aware, 20 leaders: 1.639900e-01
Nonblocking Multileader Locality, 20 leaders: 1.000725e-02
Size 64
PMPI: 4.906214e-02
Pairwise: 8.952443e-02
NonBlocking: 3.391413e-01
Pairwise Hierarchical: 3.495456e-01
Pairwise Node Aware: 3.366488e-02
Nonblocking Hierarchical: 1.613672e+00
Nonblocking Node Aware: 1.818482e-02
Pairwise Multileader, 4 leaders: 1.070577e-01
Pairwise Locality Aware, 4 leaders: 1.690163e-02
Pairwise Multileader Locality, 4 leaders: 1.142580e-01
Nonblocking Multileader, 4 leaders: 7.644849e-02
Nonblocking Locality Aware, 4 leaders: 2.841776e-02
Nonblocking Multileader Locality, 4 leaders: 8.414960e-02
Pairwise Multileader, 10 leaders: 6.107207e-02
Pairwise Locality Aware, 10 leaders: 2.420799e-02
Pairwise Multileader Locality, 10 leaders: 5.745309e-02
Nonblocking Multileader, 10 leaders: 4.611117e-01
Nonblocking Locality Aware, 10 leaders: 1.464202e-01
Nonblocking Multileader Locality, 10 leaders: 4.458645e-02
Pairwise Multileader, 20 leaders: 4.358550e-02
Pairwise Locality Aware, 20 leaders: 3.064012e-02
Pairwise Multileader Locality, 20 leaders: 3.011418e-02
Nonblocking Multileader, 20 leaders: 4.829025e-02
Nonblocking Locality Aware, 20 leaders: 1.709314e-01
Nonblocking Multileader Locality, 20 leaders: 2.197115e-02
Size 128
PMPI: 9.911509e-02
Pairwise: 1.059748e-01
NonBlocking: 5.040859e-01
Pairwise Hierarchical: 7.124823e-01
Pairwise Node Aware: 4.104285e-02
Nonblocking Hierarchical: 5.522180e-01
Nonblocking Node Aware: 3.997490e-02
Pairwise Multileader, 4 leaders: 1.983019e-01
Pairwise Locality Aware, 4 leaders: 3.707885e-02
Pairwise Multileader Locality, 4 leaders: 2.223157e-01
Nonblocking Multileader, 4 leaders: 1.364530e-01
Nonblocking Locality Aware, 4 leaders: 7.077471e-02
Nonblocking Multileader Locality, 4 leaders: 1.655670e-01
Pairwise Multileader, 10 leaders: 1.171447e-01
Pairwise Locality Aware, 10 leaders: 4.468636e-02
Pairwise Multileader Locality, 10 leaders: 1.135550e-01
Nonblocking Multileader, 10 leaders: 3.336201e-01
Nonblocking Locality Aware, 10 leaders: 1.336622e-01
Nonblocking Multileader Locality, 10 leaders: 9.065121e-02
Pairwise Multileader, 20 leaders: 8.412252e-02
Pairwise Locality Aware, 20 leaders: 5.031126e-02
Pairwise Multileader Locality, 20 leaders: 6.098787e-02
Nonblocking Multileader, 20 leaders: 2.467695e-01
Nonblocking Locality Aware, 20 leaders: 2.307257e-01
Nonblocking Multileader Locality, 20 leaders: 4.453689e-02
Size 256
PMPI: 2.083709e-01
Pairwise: 1.492603e-01
NonBlocking: 3.113666e-01
Pairwise Hierarchical: 1.408455e+00
Pairwise Node Aware: 7.001621e-02
Nonblocking Hierarchical: 1.152403e+00
Nonblocking Node Aware: 5.590255e-02
Pairwise Multileader, 4 leaders: 3.691181e-01
Pairwise Locality Aware, 4 leaders: 7.842702e-02
Pairwise Multileader Locality, 4 leaders: 4.133302e-01
Nonblocking Multileader, 4 leaders: 2.671303e-01
Nonblocking Locality Aware, 4 leaders: 1.013537e-01
Nonblocking Multileader Locality, 4 leaders: 3.132961e-01
Pairwise Multileader, 10 leaders: 2.414708e-01
Pairwise Locality Aware, 10 leaders: 8.262851e-02
Pairwise Multileader Locality, 10 leaders: 2.331951e-01
Nonblocking Multileader, 10 leaders: 1.530092e-01
Nonblocking Locality Aware, 10 leaders: 1.312466e-01
Nonblocking Multileader Locality, 10 leaders: 1.822544e-01
Pairwise Multileader, 20 leaders: 1.685198e-01
Pairwise Locality Aware, 20 leaders: 8.780537e-02
Pairwise Multileader Locality, 20 leaders: 1.357095e-01
Nonblocking Multileader, 20 leaders: 4.202409e-01
Nonblocking Locality Aware, 20 leaders: 1.914014e-01
Nonblocking Multileader Locality, 20 leaders: 1.132714e-01
Size 512
PMPI: 6.989250e-01
Pairwise: 2.283056e-01
NonBlocking: 6.752088e-01
Pairwise Hierarchical: 2.763771e+00
Pairwise Node Aware: 1.383046e-01
Nonblocking Hierarchical: 2.354167e+00
Nonblocking Node Aware: 1.088581e-01
Pairwise Multileader, 4 leaders: 7.792310e-01
Pairwise Locality Aware, 4 leaders: 1.617648e-01
Pairwise Multileader Locality, 4 leaders: 8.710527e-01
Nonblocking Multileader, 4 leaders: 6.100203e-01
Nonblocking Locality Aware, 4 leaders: 1.378207e-01
Nonblocking Multileader Locality, 4 leaders: 7.379856e-01
Pairwise Multileader, 10 leaders: 4.623550e-01
Pairwise Locality Aware, 10 leaders: 1.844608e-01
Pairwise Multileader Locality, 10 leaders: 4.659889e-01
Nonblocking Multileader, 10 leaders: 3.088946e-01
Nonblocking Locality Aware, 10 leaders: 1.751933e-01
Nonblocking Multileader Locality, 10 leaders: 3.700855e-01
Pairwise Multileader, 20 leaders: 3.415160e-01
Pairwise Locality Aware, 20 leaders: 2.051929e-01
Pairwise Multileader Locality, 20 leaders: 2.657863e-01
Nonblocking Multileader, 20 leaders: 1.276064e+00
Nonblocking Locality Aware, 20 leaders: 2.911612e-01
Nonblocking Multileader Locality, 20 leaders: 2.251196e-01
Test 2 Running Alltoall Benchmark on 64 nodes and 6400 tasks
Size 1
PMPI: 1.851493e-03
Pairwise: 5.235001e-02
NonBlocking: 8.059248e-01
Pairwise Hierarchical: 5.464492e-03
Pairwise Node Aware: 1.306297e-03
Nonblocking Hierarchical: 4.096370e-03
Nonblocking Node Aware: 7.577382e-04
Pairwise Multileader, 4 leaders: 4.306581e-03
Pairwise Locality Aware, 4 leaders: 3.814747e-03
Pairwise Multileader Locality, 4 leaders: 2.189717e-03
Nonblocking Multileader, 4 leaders: 1.630621e-03
Nonblocking Locality Aware, 4 leaders: 9.218737e-02
Nonblocking Multileader Locality, 4 leaders: 1.329712e-03
Pairwise Multileader, 10 leaders: 8.248220e-03
Pairwise Locality Aware, 10 leaders: 8.760938e-03
Pairwise Multileader Locality, 10 leaders: 1.316474e-03
Nonblocking Multileader, 10 leaders: 3.869900e-02
Nonblocking Locality Aware, 10 leaders: 1.384080e-01
Nonblocking Multileader Locality, 10 leaders: 6.936062e-04
Pairwise Multileader, 20 leaders: 1.563730e-02
Pairwise Locality Aware, 20 leaders: 1.710000e-02
Pairwise Multileader Locality, 20 leaders: 1.122645e-03
Nonblocking Multileader, 20 leaders: 3.836690e-02
Nonblocking Locality Aware, 20 leaders: 2.074161e-01
Nonblocking Multileader Locality, 20 leaders: 4.681823e-04
Size 2
PMPI: 2.333698e-03
Pairwise: 5.610690e-02
NonBlocking: 8.078728e-01
Pairwise Hierarchical: 1.345484e-02
Pairwise Node Aware: 1.425581e-03
Nonblocking Hierarchical: 1.056588e-02
Nonblocking Node Aware: 8.749962e-04
Pairwise Multileader, 4 leaders: 5.359840e-03
Pairwise Locality Aware, 4 leaders: 3.674636e-03
Pairwise Multileader Locality, 4 leaders: 3.986806e-03
Nonblocking Multileader, 4 leaders: 2.397645e-03
Nonblocking Locality Aware, 4 leaders: 9.230954e-02
Nonblocking Multileader Locality, 4 leaders: 2.876615e-03
Pairwise Multileader, 10 leaders: 8.597154e-03
Pairwise Locality Aware, 10 leaders: 9.240350e-03
Pairwise Multileader Locality, 10 leaders: 1.685798e-03
Nonblocking Multileader, 10 leaders: 6.258763e-02
Nonblocking Locality Aware, 10 leaders: 1.384699e-01
Nonblocking Multileader Locality, 10 leaders: 1.040905e-03
Pairwise Multileader, 20 leaders: 1.638757e-02
Pairwise Locality Aware, 20 leaders: 1.760887e-02
Pairwise Multileader Locality, 20 leaders: 1.379739e-03
Nonblocking Multileader, 20 leaders: 8.732994e-02
Nonblocking Locality Aware, 20 leaders: 2.258162e-01
Nonblocking Multileader Locality, 20 leaders: 7.830618e-04
Size 4
PMPI: 4.778748e-03
Pairwise: 8.423844e-02
NonBlocking: 4.906235e-01
Pairwise Hierarchical: 2.399708e-02
Pairwise Node Aware: 1.755534e-03
Nonblocking Hierarchical: 1.797242e-02
Nonblocking Node Aware: 1.427412e-03
Pairwise Multileader, 4 leaders: 7.776812e-03
Pairwise Locality Aware, 4 leaders: 4.052832e-03
Pairwise Multileader Locality, 4 leaders: 6.477391e-03
Nonblocking Multileader, 4 leaders: 4.410559e-03
Nonblocking Locality Aware, 4 leaders: 1.154515e-01
Nonblocking Multileader Locality, 4 leaders: 5.077670e-03
Pairwise Multileader, 10 leaders: 9.612206e-03
Pairwise Locality Aware, 10 leaders: 9.535034e-03
Pairwise Multileader Locality, 10 leaders: 3.143633e-03
Nonblocking Multileader, 10 leaders: 2.159962e-03
Nonblocking Locality Aware, 10 leaders: 1.386187e-01
Nonblocking Multileader Locality, 10 leaders: 2.302316e-03
Pairwise Multileader, 20 leaders: 1.644004e-02
Pairwise Locality Aware, 20 leaders: 1.749672e-02
Pairwise Multileader Locality, 20 leaders: 1.992714e-03
Nonblocking Multileader, 20 leaders: 9.977381e-02
Nonblocking Locality Aware, 20 leaders: 1.623647e-01
Nonblocking Multileader Locality, 20 leaders: 1.579994e-03
Size 8
PMPI: 7.055813e-03
Pairwise: 8.112340e-02
NonBlocking: 4.923280e-01
Pairwise Hierarchical: 4.816998e-02
Pairwise Node Aware: 2.601390e-03
Nonblocking Hierarchical: 3.769166e-02
Nonblocking Node Aware: 3.205902e-03
Pairwise Multileader, 4 leaders: 1.232744e-02
Pairwise Locality Aware, 4 leaders: 5.318039e-03
Pairwise Multileader Locality, 4 leaders: 1.435621e-02
Nonblocking Multileader, 4 leaders: 7.645211e-03
Nonblocking Locality Aware, 4 leaders: 1.163106e-01
Nonblocking Multileader Locality, 4 leaders: 9.840109e-03
Pairwise Multileader, 10 leaders: 1.170880e-02
Pairwise Locality Aware, 10 leaders: 1.035963e-02
Pairwise Multileader Locality, 10 leaders: 5.308143e-03
Nonblocking Multileader, 10 leaders: 5.970279e-02
Nonblocking Locality Aware, 10 leaders: 1.617378e-01
Nonblocking Multileader Locality, 10 leaders: 3.459384e-03
Pairwise Multileader, 20 leaders: 1.949540e-02
Pairwise Locality Aware, 20 leaders: 1.886419e-02
Pairwise Multileader Locality, 20 leaders: 3.576414e-03
Nonblocking Multileader, 20 leaders: 8.830839e-02
Nonblocking Locality Aware, 20 leaders: 1.402847e-01
Nonblocking Multileader Locality, 20 leaders: 2.790663e-03
Size 16
PMPI: 1.385707e-02
Pairwise: 8.456514e-02
NonBlocking: 4.908888e-01
Pairwise Hierarchical: 9.433122e-02
Pairwise Node Aware: 5.132059e-03
Nonblocking Hierarchical: 7.053766e-02
Nonblocking Node Aware: 6.077073e-03
Pairwise Multileader, 4 leaders: 2.040216e-02
Pairwise Locality Aware, 4 leaders: 7.100864e-03
Pairwise Multileader Locality, 4 leaders: 2.555985e-02
Nonblocking Multileader, 4 leaders: 1.452660e-02
Nonblocking Locality Aware, 4 leaders: 1.413063e-01
Nonblocking Multileader Locality, 4 leaders: 1.844244e-02
Pairwise Multileader, 10 leaders: 1.941217e-02
Pairwise Locality Aware, 10 leaders: 1.180592e-02
Pairwise Multileader Locality, 10 leaders: 1.080711e-02
Nonblocking Multileader, 10 leaders: 1.736097e-02
Nonblocking Locality Aware, 10 leaders: 1.403167e-01
Nonblocking Multileader Locality, 10 leaders: 8.331841e-03
Pairwise Multileader, 20 leaders: 2.107302e-02
Pairwise Locality Aware, 20 leaders: 1.873744e-02
Pairwise Multileader Locality, 20 leaders: 6.348731e-03
Nonblocking Multileader, 20 leaders: 8.423873e-02
Nonblocking Locality Aware, 20 leaders: 1.405912e-01
Nonblocking Multileader Locality, 20 leaders: 4.457675e-03
Size 32
PMPI: 2.416094e-02
Pairwise: 8.695843e-02
NonBlocking: 4.910589e-01
Pairwise Hierarchical: 1.742421e-01
Pairwise Node Aware: 9.859046e-03
Nonblocking Hierarchical: 1.313992e-01
Nonblocking Node Aware: 1.484489e-02
Pairwise Multileader, 4 leaders: 5.862632e-02
Pairwise Locality Aware, 4 leaders: 9.747648e-03
Pairwise Multileader Locality, 4 leaders: 5.890930e-02
Nonblocking Multileader, 4 leaders: 4.070113e-02
Nonblocking Locality Aware, 4 leaders: 8.700265e-02
Nonblocking Multileader Locality, 4 leaders: 4.298428e-02
Pairwise Multileader, 10 leaders: 3.200947e-02
Pairwise Locality Aware, 10 leaders: 1.592597e-02
Pairwise Multileader Locality, 10 leaders: 2.712268e-02
Nonblocking Multileader, 10 leaders: 1.008472e-01
Nonblocking Locality Aware, 10 leaders: 1.668443e-01
Nonblocking Multileader Locality, 10 leaders: 2.003482e-02
Pairwise Multileader, 20 leaders: 2.960717e-02
Pairwise Locality Aware, 20 leaders: 2.606234e-02
Pairwise Multileader Locality, 20 leaders: 1.200014e-02
Nonblocking Multileader, 20 leaders: 1.031404e-01
Nonblocking Locality Aware, 20 leaders: 1.644022e-01
Nonblocking Multileader Locality, 20 leaders: 1.051269e-02
Size 64
PMPI: 4.820498e-02
Pairwise: 8.695722e-02
NonBlocking: 5.496594e-01
Pairwise Hierarchical: 3.403228e-01
Pairwise Node Aware: 2.039348e-02
Nonblocking Hierarchical: 2.629425e-01
Nonblocking Node Aware: 1.836962e-02
Pairwise Multileader, 4 leaders: 1.075032e-01
Pairwise Locality Aware, 4 leaders: 1.812896e-02
Pairwise Multileader Locality, 4 leaders: 1.163284e-01
Nonblocking Multileader, 4 leaders: 7.571621e-02
Nonblocking Locality Aware, 4 leaders: 3.314715e-02
Nonblocking Multileader Locality, 4 leaders: 8.313390e-02
Pairwise Multileader, 10 leaders: 6.304936e-02
Pairwise Locality Aware, 10 leaders: 2.395870e-02
Pairwise Multileader Locality, 10 leaders: 5.784860e-02
Nonblocking Multileader, 10 leaders: 4.586987e-01
Nonblocking Locality Aware, 10 leaders: 1.724876e-01
Nonblocking Multileader Locality, 10 leaders: 4.404113e-02
Pairwise Multileader, 20 leaders: 4.711148e-02
Pairwise Locality Aware, 20 leaders: 3.189150e-02
Pairwise Multileader Locality, 20 leaders: 2.959738e-02
Nonblocking Multileader, 20 leaders: 8.958739e-02
Nonblocking Locality Aware, 20 leaders: 1.770389e-01
Nonblocking Multileader Locality, 20 leaders: 2.188624e-02
Size 128
PMPI: 1.006937e-01
Pairwise: 1.032609e-01
NonBlocking: 3.504852e-01
Pairwise Hierarchical: 7.145275e-01
Pairwise Node Aware: 4.099076e-02
Nonblocking Hierarchical: 5.471699e-01
Nonblocking Node Aware: 3.936699e-02
Pairwise Multileader, 4 leaders: 1.997150e-01
Pairwise Locality Aware, 4 leaders: 4.390645e-02
Pairwise Multileader Locality, 4 leaders: 2.184377e-01
Nonblocking Multileader, 4 leaders: 1.370781e-01
Nonblocking Locality Aware, 4 leaders: 8.699820e-02
Nonblocking Multileader Locality, 4 leaders: 1.634784e-01
Pairwise Multileader, 10 leaders: 1.210056e-01
Pairwise Locality Aware, 10 leaders: 4.695643e-02
Pairwise Multileader Locality, 10 leaders: 1.143306e-01
Nonblocking Multileader, 10 leaders: 4.417529e-01
Nonblocking Locality Aware, 10 leaders: 1.553291e-01
Nonblocking Multileader Locality, 10 leaders: 9.026833e-02
Pairwise Multileader, 20 leaders: 8.225757e-02
Pairwise Locality Aware, 20 leaders: 5.487302e-02
Pairwise Multileader Locality, 20 leaders: 6.112441e-02
Nonblocking Multileader, 20 leaders: 3.464533e-01
Nonblocking Locality Aware, 20 leaders: 1.837456e-01
Nonblocking Multileader Locality, 20 leaders: 4.512907e-02
Size 256
PMPI: 2.091428e-01
Pairwise: 1.535031e-01
NonBlocking: 3.001920e-01
Pairwise Hierarchical: 1.442236e+00
Pairwise Node Aware: 6.892858e-02
Nonblocking Hierarchical: 1.151875e+00
Nonblocking Node Aware: 5.520062e-02
Pairwise Multileader, 4 leaders: 3.605513e-01
Pairwise Locality Aware, 4 leaders: 8.025547e-02
Pairwise Multileader Locality, 4 leaders: 4.120270e-01
Nonblocking Multileader, 4 leaders: 2.709090e-01
Nonblocking Locality Aware, 4 leaders: 6.709414e-02
Nonblocking Multileader Locality, 4 leaders: 3.121524e-01
Pairwise Multileader, 10 leaders: 2.553795e-01
Pairwise Locality Aware, 10 leaders: 9.048265e-02
Pairwise Multileader Locality, 10 leaders: 2.235234e-01
Nonblocking Multileader, 10 leaders: 1.528169e-01
Nonblocking Locality Aware, 10 leaders: 1.341493e-01
Nonblocking Multileader Locality, 10 leaders: 1.815736e-01
Pairwise Multileader, 20 leaders: 1.671037e-01
Pairwise Locality Aware, 20 leaders: 8.383914e-02
Pairwise Multileader Locality, 20 leaders: 1.358214e-01
Nonblocking Multileader, 20 leaders: 5.072989e-01
Nonblocking Locality Aware, 20 leaders: 1.997863e-01
Nonblocking Multileader Locality, 20 leaders: 1.116469e-01
Size 512
PMPI: 1.019008e+00
Pairwise: 2.334424e-01
NonBlocking: 6.757430e-01
Pairwise Hierarchical: 2.782784e+00
Pairwise Node Aware: 1.343192e-01
Nonblocking Hierarchical: 2.413392e+00
Nonblocking Node Aware: 1.083205e-01
Pairwise Multileader, 4 leaders: 7.568302e-01
Pairwise Locality Aware, 4 leaders: 1.526351e-01
Pairwise Multileader Locality, 4 leaders: 8.829581e-01
Nonblocking Multileader, 4 leaders: 5.960709e-01
Nonblocking Locality Aware, 4 leaders: 2.253518e-01
Nonblocking Multileader Locality, 4 leaders: 7.044989e-01
Pairwise Multileader, 10 leaders: 5.856366e-01
Pairwise Locality Aware, 10 leaders: 1.893934e-01
Pairwise Multileader Locality, 10 leaders: 4.660838e-01
Nonblocking Multileader, 10 leaders: 3.043075e-01
Nonblocking Locality Aware, 10 leaders: 1.774393e-01
Nonblocking Multileader Locality, 10 leaders: 3.590061e-01
Pairwise Multileader, 20 leaders: 3.354487e-01
Pairwise Locality Aware, 20 leaders: 2.042969e-01
Pairwise Multileader Locality, 20 leaders: 2.665898e-01
Nonblocking Multileader, 20 leaders: 5.088857e+00
Nonblocking Locality Aware, 20 leaders: 2.485815e-01
Nonblocking Multileader Locality, 20 leaders: 2.263458e-01
Test 3 Running Alltoall Benchmark on 64 nodes and 6400 tasks
Size 1
PMPI: 1.945550e-03
Pairwise: 4.997327e-02
NonBlocking: 4.973290e-01
Pairwise Hierarchical: 5.430144e-03
Pairwise Node Aware: 1.296892e-03
Nonblocking Hierarchical: 4.164505e-03
Nonblocking Node Aware: 7.234483e-04
Pairwise Multileader, 4 leaders: 4.043859e-03
Pairwise Locality Aware, 4 leaders: 3.515898e-03
Pairwise Multileader Locality, 4 leaders: 2.204173e-03
Nonblocking Multileader, 4 leaders: 1.444198e-03
Nonblocking Locality Aware, 4 leaders: 1.379902e-01
Nonblocking Multileader Locality, 4 leaders: 1.365564e-03
Pairwise Multileader, 10 leaders: 6.985980e-03
Pairwise Locality Aware, 10 leaders: 7.717306e-03
Pairwise Multileader Locality, 10 leaders: 1.414671e-03
Nonblocking Multileader, 10 leaders: 3.506082e-02
Nonblocking Locality Aware, 10 leaders: 1.610931e-01
Nonblocking Multileader Locality, 10 leaders: 7.423362e-04
Pairwise Multileader, 20 leaders: 1.451761e-02
Pairwise Locality Aware, 20 leaders: 1.493902e-02
Pairwise Multileader Locality, 20 leaders: 1.106878e-03
Nonblocking Multileader, 20 leaders: 1.149622e-01
Nonblocking Locality Aware, 20 leaders: 1.947503e-01
Nonblocking Multileader Locality, 20 leaders: 4.660729e-04
Size 2
PMPI: 2.305974e-03
Pairwise: 5.444261e-02
NonBlocking: 4.919423e-01
Pairwise Hierarchical: 1.290034e-02
Pairwise Node Aware: 1.384150e-03
Nonblocking Hierarchical: 1.017617e-02
Nonblocking Node Aware: 8.812535e-04
Pairwise Multileader, 4 leaders: 5.180372e-03
Pairwise Locality Aware, 4 leaders: 3.586536e-03
Pairwise Multileader Locality, 4 leaders: 3.965031e-03
Nonblocking Multileader, 4 leaders: 2.428396e-03
Nonblocking Locality Aware, 4 leaders: 1.154279e-01
Nonblocking Multileader Locality, 4 leaders: 2.844730e-03
Pairwise Multileader, 10 leaders: 7.101842e-03
Pairwise Locality Aware, 10 leaders: 7.975008e-03
Pairwise Multileader Locality, 10 leaders: 1.652316e-03
Nonblocking Multileader, 10 leaders: 6.429055e-02
Nonblocking Locality Aware, 10 leaders: 1.612976e-01
Nonblocking Multileader Locality, 10 leaders: 1.038493e-03
Pairwise Multileader, 20 leaders: 1.548748e-02
Pairwise Locality Aware, 20 leaders: 1.610808e-02
Pairwise Multileader Locality, 20 leaders: 1.343248e-03
Nonblocking Multileader, 20 leaders: 9.958401e-02
Nonblocking Locality Aware, 20 leaders: 1.396049e-01
Nonblocking Multileader Locality, 20 leaders: 7.838157e-04
Size 4
PMPI: 4.682045e-03
Pairwise: 7.659069e-02
NonBlocking: 5.959645e-01
Pairwise Hierarchical: 2.379709e-02
Pairwise Node Aware: 1.843328e-03
Nonblocking Hierarchical: 1.833028e-02
Nonblocking Node Aware: 1.539966e-03
Pairwise Multileader, 4 leaders: 7.844073e-03
Pairwise Locality Aware, 4 leaders: 4.382967e-03
Pairwise Multileader Locality, 4 leaders: 6.523069e-03
Nonblocking Multileader, 4 leaders: 4.486832e-03
Nonblocking Locality Aware, 4 leaders: 1.158649e-01
Nonblocking Multileader Locality, 4 leaders: 5.093438e-03
Pairwise Multileader, 10 leaders: 9.318136e-03
Pairwise Locality Aware, 10 leaders: 8.243985e-03
Pairwise Multileader Locality, 10 leaders: 3.185649e-03
Nonblocking Multileader, 10 leaders: 3.148905e-02
Nonblocking Locality Aware, 10 leaders: 1.387344e-01
Nonblocking Multileader Locality, 10 leaders: 2.208979e-03
Pairwise Multileader, 20 leaders: 1.496956e-02
Pairwise Locality Aware, 20 leaders: 1.507340e-02
Pairwise Multileader Locality, 20 leaders: 1.849747e-03
Nonblocking Multileader, 20 leaders: 7.549196e-02
Nonblocking Locality Aware, 20 leaders: 1.849220e-01
Nonblocking Multileader Locality, 20 leaders: 1.596550e-03
Size 8
PMPI: 7.171621e-03
Pairwise: 7.241140e-02
NonBlocking: 4.913266e-01
Pairwise Hierarchical: 4.904272e-02
Pairwise Node Aware: 2.610268e-03
Nonblocking Hierarchical: 3.765025e-02
Nonblocking Node Aware: 2.837165e-03
Pairwise Multileader, 4 leaders: 1.188056e-02
Pairwise Locality Aware, 4 leaders: 4.686218e-03
Pairwise Multileader Locality, 4 leaders: 1.391581e-02
Nonblocking Multileader, 4 leaders: 7.678408e-03
Nonblocking Locality Aware, 4 leaders: 1.162603e-01
Nonblocking Multileader Locality, 4 leaders: 9.977388e-03
Pairwise Multileader, 10 leaders: 1.133667e-02
Pairwise Locality Aware, 10 leaders: 9.387209e-03
Pairwise Multileader Locality, 10 leaders: 5.256150e-03
Nonblocking Multileader, 10 leaders: 1.463507e-02
Nonblocking Locality Aware, 10 leaders: 1.390789e-01
Nonblocking Multileader Locality, 10 leaders: 3.893841e-03
Pairwise Multileader, 20 leaders: 1.608041e-02
Pairwise Locality Aware, 20 leaders: 1.654744e-02
Pairwise Multileader Locality, 20 leaders: 3.526749e-03
Nonblocking Multileader, 20 leaders: 8.826061e-02
Nonblocking Locality Aware, 20 leaders: 2.312276e-01
Nonblocking Multileader Locality, 20 leaders: 2.729033e-03
Size 16
PMPI: 1.417419e-02
Pairwise: 7.260379e-02
NonBlocking: 7.575936e-01
Pairwise Hierarchical: 9.477401e-02
Pairwise Node Aware: 4.598519e-03
Nonblocking Hierarchical: 7.256111e-02
Nonblocking Node Aware: 5.409148e-03
Pairwise Multileader, 4 leaders: 2.123695e-02
Pairwise Locality Aware, 4 leaders: 6.153875e-03
Pairwise Multileader Locality, 4 leaders: 2.827206e-02
Nonblocking Multileader, 4 leaders: 2.575593e-02
Nonblocking Locality Aware, 4 leaders: 1.396366e-01
Nonblocking Multileader Locality, 4 leaders: 1.888556e-02
Pairwise Multileader, 10 leaders: 1.847545e-02
Pairwise Locality Aware, 10 leaders: 1.160467e-02
Pairwise Multileader Locality, 10 leaders: 1.083157e-02
Nonblocking Multileader, 10 leaders: 9.034277e-03
Nonblocking Locality Aware, 10 leaders: 1.402808e-01
Nonblocking Multileader Locality, 10 leaders: 8.472300e-03
Pairwise Multileader, 20 leaders: 1.954047e-02
Pairwise Locality Aware, 20 leaders: 1.869110e-02
Pairwise Multileader Locality, 20 leaders: 6.343623e-03
Nonblocking Multileader, 20 leaders: 9.686023e-02
Nonblocking Locality Aware, 20 leaders: 1.412437e-01
Nonblocking Multileader Locality, 20 leaders: 5.510085e-03
Size 32
PMPI: 2.371763e-02
Pairwise: 7.536685e-02
NonBlocking: 4.901570e-01
Pairwise Hierarchical: 1.784644e-01
Pairwise Node Aware: 9.090927e-03
Nonblocking Hierarchical: 1.338316e-01
Nonblocking Node Aware: 1.292610e-02
Pairwise Multileader, 4 leaders: 5.905250e-02
Pairwise Locality Aware, 4 leaders: 1.081753e-02
Pairwise Multileader Locality, 4 leaders: 6.059819e-02
Nonblocking Multileader, 4 leaders: 4.116467e-02
Nonblocking Locality Aware, 4 leaders: 1.160397e-01
Nonblocking Multileader Locality, 4 leaders: 4.402191e-02
Pairwise Multileader, 10 leaders: 3.092860e-02
Pairwise Locality Aware, 10 leaders: 1.551345e-02
Pairwise Multileader Locality, 10 leaders: 2.722979e-02
Nonblocking Multileader, 10 leaders: 7.470007e-02
Nonblocking Locality Aware, 10 leaders: 1.669354e-01
Nonblocking Multileader Locality, 10 leaders: 2.024469e-02
Pairwise Multileader, 20 leaders: 2.737507e-02
Pairwise Locality Aware, 20 leaders: 2.185684e-02
Pairwise Multileader Locality, 20 leaders: 1.220335e-02
Nonblocking Multileader, 20 leaders: 1.002862e-01
Nonblocking Locality Aware, 20 leaders: 1.385452e-01
Nonblocking Multileader Locality, 20 leaders: 1.036667e-02
Size 64
PMPI: 4.738778e-02
Pairwise: 8.178790e-02
NonBlocking: 4.375780e-01
Pairwise Hierarchical: 3.447070e-01
Pairwise Node Aware: 2.062729e-02
Nonblocking Hierarchical: 2.592447e-01
Nonblocking Node Aware: 1.841435e-02
Pairwise Multileader, 4 leaders: 1.083001e-01
Pairwise Locality Aware, 4 leaders: 1.936219e-02
Pairwise Multileader Locality, 4 leaders: 1.148065e-01
Nonblocking Multileader, 4 leaders: 7.411383e-02
Nonblocking Locality Aware, 4 leaders: 6.551931e-02
Nonblocking Multileader Locality, 4 leaders: 8.297422e-02
Pairwise Multileader, 10 leaders: 6.835252e-02
Pairwise Locality Aware, 10 leaders: 2.201268e-02
Pairwise Multileader Locality, 10 leaders: 5.710974e-02
Nonblocking Multileader, 10 leaders: 4.562224e-01
Nonblocking Locality Aware, 10 leaders: 1.723455e-01
Nonblocking Multileader Locality, 10 leaders: 4.422683e-02
Pairwise Multileader, 20 leaders: 4.387995e-02
Pairwise Locality Aware, 20 leaders: 2.960016e-02
Pairwise Multileader Locality, 20 leaders: 2.960397e-02
Nonblocking Multileader, 20 leaders: 8.059836e-02
Nonblocking Locality Aware, 20 leaders: 1.676726e-01
Nonblocking Multileader Locality, 20 leaders: 2.132419e-02
Size 128
PMPI: 9.999311e-02
Pairwise: 1.034839e-01
NonBlocking: 3.452280e-01
Pairwise Hierarchical: 7.211232e-01
Pairwise Node Aware: 4.050688e-02
Nonblocking Hierarchical: 5.539440e-01
Nonblocking Node Aware: 3.955863e-02
Pairwise Multileader, 4 leaders: 1.969136e-01
Pairwise Locality Aware, 4 leaders: 3.693361e-02
Pairwise Multileader Locality, 4 leaders: 2.185528e-01
Nonblocking Multileader, 4 leaders: 1.381336e-01
Nonblocking Locality Aware, 4 leaders: 7.169265e-02
Nonblocking Multileader Locality, 4 leaders: 1.631716e-01
Pairwise Multileader, 10 leaders: 1.240790e-01
Pairwise Locality Aware, 10 leaders: 4.230511e-02
Pairwise Multileader Locality, 10 leaders: 1.186585e-01
Nonblocking Multileader, 10 leaders: 4.212922e-01
Nonblocking Locality Aware, 10 leaders: 1.344109e-01
Nonblocking Multileader Locality, 10 leaders: 9.028968e-02
Pairwise Multileader, 20 leaders: 8.018011e-02
Pairwise Locality Aware, 20 leaders: 4.841465e-02
Pairwise Multileader Locality, 20 leaders: 6.221241e-02
Nonblocking Multileader, 20 leaders: 3.452729e-01
Nonblocking Locality Aware, 20 leaders: 1.873276e-01
Nonblocking Multileader Locality, 20 leaders: 4.497656e-02
Size 256
PMPI: 2.085427e-01
Pairwise: 1.379193e-01
NonBlocking: 3.079389e-01
Pairwise Hierarchical: 1.533736e+00
Pairwise Node Aware: 6.994584e-02
Nonblocking Hierarchical: 1.160665e+00
Nonblocking Node Aware: 5.560811e-02
Pairwise Multileader, 4 leaders: 3.649057e-01
Pairwise Locality Aware, 4 leaders: 8.639721e-02
Pairwise Multileader Locality, 4 leaders: 4.135800e-01
Nonblocking Multileader, 4 leaders: 2.655818e-01
Nonblocking Locality Aware, 4 leaders: 7.151663e-02
Nonblocking Multileader Locality, 4 leaders: 3.130119e-01
Pairwise Multileader, 10 leaders: 3.370647e-01
Pairwise Locality Aware, 10 leaders: 8.597140e-02
Pairwise Multileader Locality, 10 leaders: 2.342322e-01
Nonblocking Multileader, 10 leaders: 1.530385e-01
Nonblocking Locality Aware, 10 leaders: 1.552603e-01
Nonblocking Multileader Locality, 10 leaders: 1.803842e-01
Pairwise Multileader, 20 leaders: 1.906485e-01
Pairwise Locality Aware, 20 leaders: 9.818753e-02
Pairwise Multileader Locality, 20 leaders: 1.353524e-01
Nonblocking Multileader, 20 leaders: 5.065689e-01
Nonblocking Locality Aware, 20 leaders: 1.649271e-01
Nonblocking Multileader Locality, 20 leaders: 1.131708e-01
Size 512
PMPI: 1.455325e+00
