Test 1 Running Alltoall Benchmark on 2 nodes and 200 tasks
Size 1
PMPI: 4.276349e-05
Pairwise: 3.804963e-04
NonBlocking: 1.771278e-04
Pairwise Hierarchical: 1.787788e-04
Pairwise Node Aware: 1.731286e-04
Nonblocking Hierarchical: 1.827358e-04
Nonblocking Node Aware: 1.726738e-04
Pairwise Multileader, 4 leaders: 6.400250e-05
Pairwise Locality Aware, 4 leaders: 7.739849e-05
Pairwise Multileader Locality, 4 leaders: 5.884273e-05
Nonblocking Multileader, 4 leaders: 4.691155e-05
Nonblocking Locality Aware, 4 leaders: 4.647622e-05
Nonblocking Multileader Locality, 4 leaders: 5.454090e-05
Pairwise Multileader, 10 leaders: 8.423686e-05
Pairwise Locality Aware, 10 leaders: 9.158761e-05
Pairwise Multileader Locality, 10 leaders: 3.869771e-05
Nonblocking Multileader, 10 leaders: 3.588255e-05
Nonblocking Locality Aware, 10 leaders: 3.709910e-05
Nonblocking Multileader Locality, 10 leaders: 3.518294e-05
Pairwise Multileader, 20 leaders: 1.612980e-04
Pairwise Locality Aware, 20 leaders: 1.604323e-04
Pairwise Multileader Locality, 20 leaders: 5.530878e-05
Nonblocking Multileader, 20 leaders: 5.460870e-05
Nonblocking Locality Aware, 20 leaders: 5.178353e-05
Nonblocking Multileader Locality, 20 leaders: 4.106240e-05
Size 2
PMPI: 4.525024e-05
Pairwise: 3.720246e-04
NonBlocking: 1.777919e-04
Pairwise Hierarchical: 2.154721e-04
Pairwise Node Aware: 1.750282e-04
Nonblocking Hierarchical: 2.174970e-04
Nonblocking Node Aware: 1.725047e-04
Pairwise Multileader, 4 leaders: 7.670095e-05
Pairwise Locality Aware, 4 leaders: 7.097202e-05
Pairwise Multileader Locality, 4 leaders: 7.874429e-05
Nonblocking Multileader, 4 leaders: 6.247562e-05
Nonblocking Locality Aware, 4 leaders: 4.667021e-05
Nonblocking Multileader Locality, 4 leaders: 7.464616e-05
Pairwise Multileader, 10 leaders: 9.085244e-05
Pairwise Locality Aware, 10 leaders: 9.423087e-05
Pairwise Multileader Locality, 10 leaders: 4.956413e-05
Nonblocking Multileader, 10 leaders: 4.106905e-05
Nonblocking Locality Aware, 10 leaders: 4.218519e-05
Nonblocking Multileader Locality, 10 leaders: 4.342822e-05
Pairwise Multileader, 20 leaders: 1.630426e-04
Pairwise Locality Aware, 20 leaders: 1.577652e-04
Pairwise Multileader Locality, 20 leaders: 6.350078e-05
Nonblocking Multileader, 20 leaders: 5.893382e-05
Nonblocking Locality Aware, 20 leaders: 5.197226e-05
Nonblocking Multileader Locality, 20 leaders: 4.626331e-05
Size 4
PMPI: 5.484136e-05
Pairwise: 7.680734e-04
NonBlocking: 1.099978e-03
Pairwise Hierarchical: 2.852817e-04
Pairwise Node Aware: 2.254772e-04
Nonblocking Hierarchical: 2.859958e-04
Nonblocking Node Aware: 1.753895e-04
Pairwise Multileader, 4 leaders: 1.139590e-04
Pairwise Locality Aware, 4 leaders: 7.988815e-05
Pairwise Multileader Locality, 4 leaders: 1.111357e-04
Nonblocking Multileader, 4 leaders: 8.927199e-05
Nonblocking Locality Aware, 4 leaders: 4.910677e-05
Nonblocking Multileader Locality, 4 leaders: 1.052969e-04
Pairwise Multileader, 10 leaders: 9.915848e-05
Pairwise Locality Aware, 10 leaders: 9.661583e-05
Pairwise Multileader Locality, 10 leaders: 6.503150e-05
Nonblocking Multileader, 10 leaders: 4.989059e-05
Nonblocking Locality Aware, 10 leaders: 4.888176e-05
Nonblocking Multileader Locality, 10 leaders: 5.781580e-05
Pairwise Multileader, 20 leaders: 1.675604e-04
Pairwise Locality Aware, 20 leaders: 1.628446e-04
Pairwise Multileader Locality, 20 leaders: 7.650700e-05
Nonblocking Multileader, 20 leaders: 6.410682e-05
Nonblocking Locality Aware, 20 leaders: 5.889263e-05
Nonblocking Multileader Locality, 20 leaders: 5.733998e-05
Size 8
PMPI: 7.643733e-05
Pairwise: 7.744308e-04
NonBlocking: 1.681068e-03
Pairwise Hierarchical: 8.010506e-04
Pairwise Node Aware: 2.544808e-04
Nonblocking Hierarchical: 7.535050e-04
Nonblocking Node Aware: 1.746973e-04
Pairwise Multileader, 4 leaders: 2.207715e-04
Pairwise Locality Aware, 4 leaders: 8.646980e-05
Pairwise Multileader Locality, 4 leaders: 3.006085e-04
Nonblocking Multileader, 4 leaders: 1.802621e-04
Nonblocking Locality Aware, 4 leaders: 5.506709e-05
Nonblocking Multileader Locality, 4 leaders: 2.568797e-04
Pairwise Multileader, 10 leaders: 1.206486e-04
Pairwise Locality Aware, 10 leaders: 9.564758e-05
Pairwise Multileader Locality, 10 leaders: 1.012042e-04
Nonblocking Multileader, 10 leaders: 7.062911e-05
Nonblocking Locality Aware, 10 leaders: 5.439631e-05
Nonblocking Multileader Locality, 10 leaders: 8.605099e-05
Pairwise Multileader, 20 leaders: 1.791274e-04
Pairwise Locality Aware, 20 leaders: 1.684123e-04
Pairwise Multileader Locality, 20 leaders: 1.019636e-04
Nonblocking Multileader, 20 leaders: 7.643154e-05
Nonblocking Locality Aware, 20 leaders: 7.147014e-05
Nonblocking Multileader Locality, 20 leaders: 7.756910e-05
Size 16
PMPI: 1.307773e-04
Pairwise: 7.679676e-04
NonBlocking: 1.185098e-03
Pairwise Hierarchical: 1.508212e-03
Pairwise Node Aware: 3.233793e-04
Nonblocking Hierarchical: 1.459372e-03
Nonblocking Node Aware: 1.724886e-04
Pairwise Multileader, 4 leaders: 4.500991e-04
Pairwise Locality Aware, 4 leaders: 1.175080e-04
Pairwise Multileader Locality, 4 leaders: 5.495852e-04
Nonblocking Multileader, 4 leaders: 3.572319e-04
Nonblocking Locality Aware, 4 leaders: 9.337894e-05
Nonblocking Multileader Locality, 4 leaders: 4.810580e-04
Pairwise Multileader, 10 leaders: 2.278123e-04
Pairwise Locality Aware, 10 leaders: 1.177544e-04
Pairwise Multileader Locality, 10 leaders: 1.902097e-04
Nonblocking Multileader, 10 leaders: 1.451204e-04
Nonblocking Locality Aware, 10 leaders: 9.134156e-05
Nonblocking Multileader Locality, 10 leaders: 1.630891e-04
Pairwise Multileader, 20 leaders: 2.080655e-04
Pairwise Locality Aware, 20 leaders: 1.752735e-04
Pairwise Multileader Locality, 20 leaders: 1.490144e-04
Nonblocking Multileader, 20 leaders: 1.055672e-04
Nonblocking Locality Aware, 20 leaders: 1.006916e-04
Nonblocking Multileader Locality, 20 leaders: 1.107149e-04
Size 32
PMPI: 2.440813e-04
Pairwise: 7.825655e-04
NonBlocking: 5.043882e-03
Pairwise Hierarchical: 2.982320e-03
Pairwise Node Aware: 4.232561e-04
Nonblocking Hierarchical: 2.870363e-03
Nonblocking Node Aware: 2.121147e-04
Pairwise Multileader, 4 leaders: 9.737544e-04
Pairwise Locality Aware, 4 leaders: 1.818662e-04
Pairwise Multileader Locality, 4 leaders: 1.006368e-03
Nonblocking Multileader, 4 leaders: 8.531574e-04
Nonblocking Locality Aware, 4 leaders: 1.320830e-04
Nonblocking Multileader Locality, 4 leaders: 9.270593e-04
Pairwise Multileader, 10 leaders: 4.237135e-04
Pairwise Locality Aware, 10 leaders: 1.648441e-04
Pairwise Multileader Locality, 10 leaders: 4.219458e-04
Nonblocking Multileader, 10 leaders: 3.038230e-04
Nonblocking Locality Aware, 10 leaders: 1.534668e-04
Nonblocking Multileader Locality, 10 leaders: 3.897982e-04
Pairwise Multileader, 20 leaders: 3.121691e-04
Pairwise Locality Aware, 20 leaders: 2.080408e-04
Pairwise Multileader Locality, 20 leaders: 2.476494e-04
Nonblocking Multileader, 20 leaders: 1.664851e-04
Nonblocking Locality Aware, 20 leaders: 1.837931e-04
Nonblocking Multileader Locality, 20 leaders: 1.958421e-04
Size 64
PMPI: 4.518336e-04
Pairwise: 7.994225e-04
NonBlocking: 3.728190e-02
Pairwise Hierarchical: 6.815730e-03
Pairwise Node Aware: 4.576201e-04
Nonblocking Hierarchical: 6.514656e-03
Nonblocking Node Aware: 2.867176e-04
Pairwise Multileader, 4 leaders: 2.335237e-03
Pairwise Locality Aware, 4 leaders: 3.105077e-04
Pairwise Multileader Locality, 4 leaders: 2.340314e-03
Nonblocking Multileader, 4 leaders: 1.913363e-03
Nonblocking Locality Aware, 4 leaders: 2.373497e-04
Nonblocking Multileader Locality, 4 leaders: 2.155638e-03
Pairwise Multileader, 10 leaders: 9.126144e-04
Pairwise Locality Aware, 10 leaders: 2.890645e-04
Pairwise Multileader Locality, 10 leaders: 9.679811e-04
Nonblocking Multileader, 10 leaders: 7.030415e-04
Nonblocking Locality Aware, 10 leaders: 2.345774e-04
Nonblocking Multileader Locality, 10 leaders: 8.723431e-04
Pairwise Multileader, 20 leaders: 5.865545e-04
Pairwise Locality Aware, 20 leaders: 3.217168e-04
Pairwise Multileader Locality, 20 leaders: 5.011440e-04
Nonblocking Multileader, 20 leaders: 3.524271e-04
Nonblocking Locality Aware, 20 leaders: 3.148117e-04
Nonblocking Multileader Locality, 20 leaders: 4.406405e-04
Size 128
PMPI: 7.907437e-04
Pairwise: 9.180271e-04
NonBlocking: 1.215337e-02
Pairwise Hierarchical: 1.347752e-02
Pairwise Node Aware: 7.608166e-04
Nonblocking Hierarchical: 1.293922e-02
Nonblocking Node Aware: 4.958427e-04
Pairwise Multileader, 4 leaders: 4.375546e-03
Pairwise Locality Aware, 4 leaders: 5.662524e-04
Pairwise Multileader Locality, 4 leaders: 4.560509e-03
Nonblocking Multileader, 4 leaders: 3.695193e-03
Nonblocking Locality Aware, 4 leaders: 4.590393e-04
Nonblocking Multileader Locality, 4 leaders: 4.213373e-03
Pairwise Multileader, 10 leaders: 1.785995e-03
Pairwise Locality Aware, 10 leaders: 5.548217e-04
Pairwise Multileader Locality, 10 leaders: 1.848488e-03
Nonblocking Multileader, 10 leaders: 1.440675e-03
Nonblocking Locality Aware, 10 leaders: 4.885241e-04
Nonblocking Multileader Locality, 10 leaders: 1.722277e-03
Pairwise Multileader, 20 leaders: 1.043241e-03
Pairwise Locality Aware, 20 leaders: 5.571958e-04
Pairwise Multileader Locality, 20 leaders: 1.084621e-03
Nonblocking Multileader, 20 leaders: 7.291687e-04
Nonblocking Locality Aware, 20 leaders: 4.707961e-04
Nonblocking Multileader Locality, 20 leaders: 9.941945e-04
Size 256
PMPI: 1.508566e-03
Pairwise: 1.259965e-03
NonBlocking: 3.779595e-02
Pairwise Hierarchical: 2.856783e-02
Pairwise Node Aware: 1.231135e-03
Nonblocking Hierarchical: 2.835080e-02
Nonblocking Node Aware: 8.945426e-04
Pairwise Multileader, 4 leaders: 7.750728e-03
Pairwise Locality Aware, 4 leaders: 1.045405e-03
Pairwise Multileader Locality, 4 leaders: 8.340628e-03
Nonblocking Multileader, 4 leaders: 6.608941e-03
Nonblocking Locality Aware, 4 leaders: 8.920820e-04
Nonblocking Multileader Locality, 4 leaders: 7.638827e-03
Pairwise Multileader, 10 leaders: 4.335449e-03
Pairwise Locality Aware, 10 leaders: 1.041713e-03
Pairwise Multileader Locality, 10 leaders: 3.680945e-03
Nonblocking Multileader, 10 leaders: 3.184170e-03
Nonblocking Locality Aware, 10 leaders: 9.044426e-04
Nonblocking Multileader Locality, 10 leaders: 3.527486e-03
Pairwise Multileader, 20 leaders: 2.192158e-03
Pairwise Locality Aware, 20 leaders: 1.024986e-03
Pairwise Multileader Locality, 20 leaders: 2.221766e-03
Nonblocking Multileader, 20 leaders: 1.575399e-03
Nonblocking Locality Aware, 20 leaders: 8.753789e-04
Nonblocking Multileader Locality, 20 leaders: 1.984794e-03
Size 512
PMPI: 2.037748e-03
Pairwise: 2.036793e-03
NonBlocking: 3.913240e-03
Pairwise Hierarchical: 5.735577e-02
Pairwise Node Aware: 2.185600e-03
Nonblocking Hierarchical: 5.878112e-02
Nonblocking Node Aware: 1.739857e-03
Pairwise Multileader, 4 leaders: 1.702688e-02
Pairwise Locality Aware, 4 leaders: 2.022183e-03
Pairwise Multileader Locality, 4 leaders: 1.673075e-02
Nonblocking Multileader, 4 leaders: 1.389047e-02
Nonblocking Locality Aware, 4 leaders: 1.660096e-03
Nonblocking Multileader Locality, 4 leaders: 1.544870e-02
Pairwise Multileader, 10 leaders: 9.105158e-03
Pairwise Locality Aware, 10 leaders: 2.008375e-03
Pairwise Multileader Locality, 10 leaders: 8.080256e-03
Nonblocking Multileader, 10 leaders: 6.805010e-03
Nonblocking Locality Aware, 10 leaders: 1.719251e-03
Nonblocking Multileader Locality, 10 leaders: 7.604666e-03
Pairwise Multileader, 20 leaders: 4.406236e-03
Pairwise Locality Aware, 20 leaders: 2.156721e-03
Pairwise Multileader Locality, 20 leaders: 4.174549e-03
Nonblocking Multileader, 20 leaders: 3.098402e-03
Nonblocking Locality Aware, 20 leaders: 2.156028e-03
Nonblocking Multileader Locality, 20 leaders: 3.722081e-03
Size 1024
PMPI: 4.146456e-03
Pairwise: 3.945222e-03
NonBlocking: 5.533278e-03
Pairwise Hierarchical: 1.067379e-01
Pairwise Node Aware: 4.403534e-03
Nonblocking Hierarchical: 1.101147e-01
Nonblocking Node Aware: 3.558316e-03
Pairwise Multileader, 4 leaders: 3.872780e-02
Pairwise Locality Aware, 4 leaders: 4.151841e-03
Pairwise Multileader Locality, 4 leaders: 3.931550e-02
Nonblocking Multileader, 4 leaders: 3.244212e-02
Nonblocking Locality Aware, 4 leaders: 3.546098e-03
Nonblocking Multileader Locality, 4 leaders: 3.726974e-02
Pairwise Multileader, 10 leaders: 2.009482e-02
Pairwise Locality Aware, 10 leaders: 4.006854e-03
Pairwise Multileader Locality, 10 leaders: 1.905339e-02
Nonblocking Multileader, 10 leaders: 1.534308e-02
Nonblocking Locality Aware, 10 leaders: 3.564363e-03
Nonblocking Multileader Locality, 10 leaders: 1.777963e-02
Pairwise Multileader, 20 leaders: 1.142777e-02
Pairwise Locality Aware, 20 leaders: 4.247808e-03
Pairwise Multileader Locality, 20 leaders: 8.979520e-03
Nonblocking Multileader, 20 leaders: 7.737806e-03
Nonblocking Locality Aware, 20 leaders: 3.371158e-03
Nonblocking Multileader Locality, 20 leaders: 8.210762e-03
Size 2048
PMPI: 8.018127e-03
Pairwise: 8.287621e-03
NonBlocking: 1.161191e-02
Pairwise Hierarchical: 2.102681e-01
Pairwise Node Aware: 9.666443e-03
Nonblocking Hierarchical: 2.142556e-01
Nonblocking Node Aware: 8.236685e-03
Pairwise Multileader, 4 leaders: 7.442760e-02
Pairwise Locality Aware, 4 leaders: 7.923967e-03
Pairwise Multileader Locality, 4 leaders: 7.857282e-02
Nonblocking Multileader, 4 leaders: 6.256120e-02
Nonblocking Locality Aware, 4 leaders: 7.360620e-03
Nonblocking Multileader Locality, 4 leaders: 7.346496e-02
Pairwise Multileader, 10 leaders: 4.047580e-02
Pairwise Locality Aware, 10 leaders: 8.165665e-03
Pairwise Multileader Locality, 10 leaders: 4.082532e-02
Nonblocking Multileader, 10 leaders: 3.239103e-02
Nonblocking Locality Aware, 10 leaders: 6.878389e-03
Nonblocking Multileader Locality, 10 leaders: 3.863433e-02
Pairwise Multileader, 20 leaders: 2.390650e-02
Pairwise Locality Aware, 20 leaders: 9.104579e-03
Pairwise Multileader Locality, 20 leaders: 2.069807e-02
Nonblocking Multileader, 20 leaders: 1.671440e-02
Nonblocking Locality Aware, 20 leaders: 6.908327e-03
Nonblocking Multileader Locality, 20 leaders: 1.897347e-02
Size 4096
PMPI: 1.622161e-02
Pairwise: 1.463829e-02
NonBlocking: 1.948034e-02
Pairwise Hierarchical: 4.406074e-01
Pairwise Node Aware: 2.098103e-02
Nonblocking Hierarchical: 4.424690e-01
Nonblocking Node Aware: 1.828022e-02
Pairwise Multileader, 4 leaders: 1.358785e-01
Pairwise Locality Aware, 4 leaders: 1.854422e-02
Pairwise Multileader Locality, 4 leaders: 1.512690e-01
Nonblocking Multileader, 4 leaders: 1.208092e-01
Nonblocking Locality Aware, 4 leaders: 1.644484e-02
Nonblocking Multileader Locality, 4 leaders: 1.395908e-01
Pairwise Multileader, 10 leaders: 8.192596e-02
Pairwise Locality Aware, 10 leaders: 1.908328e-02
Pairwise Multileader Locality, 10 leaders: 8.546867e-02
Nonblocking Multileader, 10 leaders: 6.596704e-02
Nonblocking Locality Aware, 10 leaders: 1.572424e-02
Nonblocking Multileader Locality, 10 leaders: 8.234881e-02
Pairwise Multileader, 20 leaders: 4.652342e-02
Pairwise Locality Aware, 20 leaders: 1.943976e-02
Pairwise Multileader Locality, 20 leaders: 4.374146e-02
Nonblocking Multileader, 20 leaders: 3.354452e-02
Nonblocking Locality Aware, 20 leaders: 1.572550e-02
Nonblocking Multileader Locality, 20 leaders: 4.077548e-02
Size 8192
PMPI: 2.925450e-02
Pairwise: 2.868695e-02
NonBlocking: 3.047572e-02
Pairwise Hierarchical: 9.234946e-01
Pairwise Node Aware: 3.957082e-02
Nonblocking Hierarchical: 9.269619e-01
Nonblocking Node Aware: 3.667192e-02
Pairwise Multileader, 4 leaders: 2.617182e-01
Pairwise Locality Aware, 4 leaders: 3.865418e-02
Pairwise Multileader Locality, 4 leaders: 2.915946e-01
Nonblocking Multileader, 4 leaders: 2.287511e-01
Nonblocking Locality Aware, 4 leaders: 3.516459e-02
Nonblocking Multileader Locality, 4 leaders: 2.706028e-01
Pairwise Multileader, 10 leaders: 1.552317e-01
Pairwise Locality Aware, 10 leaders: 3.955198e-02
Pairwise Multileader Locality, 10 leaders: 1.654255e-01
Nonblocking Multileader, 10 leaders: 1.296292e-01
Nonblocking Locality Aware, 10 leaders: 3.481738e-02
Nonblocking Multileader Locality, 10 leaders: 1.579266e-01
Pairwise Multileader, 20 leaders: 9.456175e-02
Pairwise Locality Aware, 20 leaders: 4.036840e-02
Pairwise Multileader Locality, 20 leaders: 9.968922e-02
Nonblocking Multileader, 20 leaders: 7.543045e-02
Nonblocking Locality Aware, 20 leaders: 3.446077e-02
Nonblocking Multileader Locality, 20 leaders: 9.080911e-02
Size 16384
PMPI: 5.424783e-02
Pairwise: 5.424902e-02
NonBlocking: 5.353987e-02
Pairwise Hierarchical: 1.904804e+00
Pairwise Node Aware: 7.917527e-02
Nonblocking Hierarchical: 1.944009e+00
Nonblocking Node Aware: 7.314226e-02
Pairwise Multileader, 4 leaders: 5.439906e-01
Pairwise Locality Aware, 4 leaders: 7.835511e-02
Pairwise Multileader Locality, 4 leaders: 6.268772e-01
Nonblocking Multileader, 4 leaders: 5.030936e-01
Nonblocking Locality Aware, 4 leaders: 7.145958e-02
Nonblocking Multileader Locality, 4 leaders: 5.755191e-01
Pairwise Multileader, 10 leaders: 3.262181e-01
Pairwise Locality Aware, 10 leaders: 8.066027e-02
Pairwise Multileader Locality, 10 leaders: 3.710022e-01
Nonblocking Multileader, 10 leaders: 2.576226e-01
Nonblocking Locality Aware, 10 leaders: 7.236344e-02
Nonblocking Multileader Locality, 10 leaders: 3.126534e-01
Pairwise Multileader, 20 leaders: 1.735489e-01
Pairwise Locality Aware, 20 leaders: 8.181963e-02
Pairwise Multileader Locality, 20 leaders: 1.919578e-01
Nonblocking Multileader, 20 leaders: 1.479712e-01
Nonblocking Locality Aware, 20 leaders: 7.477232e-02
Nonblocking Multileader Locality, 20 leaders: 1.752366e-01
Test 2 Running Alltoall Benchmark on 2 nodes and 200 tasks
Size 1
PMPI: 4.255111e-05
Pairwise: 4.234065e-04
NonBlocking: 1.911344e-04
Pairwise Hierarchical: 1.808474e-04
Pairwise Node Aware: 1.739545e-04
Nonblocking Hierarchical: 1.844626e-04
Nonblocking Node Aware: 1.682724e-04
Pairwise Multileader, 4 leaders: 6.377748e-05
Pairwise Locality Aware, 4 leaders: 7.261984e-05
Pairwise Multileader Locality, 4 leaders: 5.914736e-05
Nonblocking Multileader, 4 leaders: 4.745406e-05
Nonblocking Locality Aware, 4 leaders: 4.673290e-05
Nonblocking Multileader Locality, 4 leaders: 5.513354e-05
Pairwise Multileader, 10 leaders: 8.435598e-05
Pairwise Locality Aware, 10 leaders: 9.171713e-05
Pairwise Multileader Locality, 10 leaders: 3.959500e-05
Nonblocking Multileader, 10 leaders: 3.602806e-05
Nonblocking Locality Aware, 10 leaders: 3.823860e-05
Nonblocking Multileader Locality, 10 leaders: 3.570811e-05
Pairwise Multileader, 20 leaders: 1.620547e-04
Pairwise Locality Aware, 20 leaders: 1.625197e-04
Pairwise Multileader Locality, 20 leaders: 5.531955e-05
Nonblocking Multileader, 20 leaders: 5.471164e-05
Nonblocking Locality Aware, 20 leaders: 5.290098e-05
Nonblocking Multileader Locality, 20 leaders: 4.134016e-05
Size 2
PMPI: 4.441198e-05
Pairwise: 3.757704e-04
NonBlocking: 1.716168e-04
Pairwise Hierarchical: 2.929555e-04
Pairwise Node Aware: 1.772972e-04
Nonblocking Hierarchical: 2.900124e-04
Nonblocking Node Aware: 1.683370e-04
Pairwise Multileader, 4 leaders: 7.775903e-05
Pairwise Locality Aware, 4 leaders: 7.538747e-05
Pairwise Multileader Locality, 4 leaders: 7.953024e-05
Nonblocking Multileader, 4 leaders: 6.297378e-05
Nonblocking Locality Aware, 4 leaders: 4.697469e-05
Nonblocking Multileader Locality, 4 leaders: 7.538303e-05
Pairwise Multileader, 10 leaders: 9.052675e-05
Pairwise Locality Aware, 10 leaders: 9.405362e-05
Pairwise Multileader Locality, 10 leaders: 5.072834e-05
Nonblocking Multileader, 10 leaders: 4.152809e-05
Nonblocking Locality Aware, 10 leaders: 3.959889e-05
Nonblocking Multileader Locality, 10 leaders: 4.428283e-05
Pairwise Multileader, 20 leaders: 1.643712e-04
Pairwise Locality Aware, 20 leaders: 1.581463e-04
Pairwise Multileader Locality, 20 leaders: 6.338198e-05
Nonblocking Multileader, 20 leaders: 5.930749e-05
Nonblocking Locality Aware, 20 leaders: 5.329107e-05
Nonblocking Multileader Locality, 20 leaders: 4.634383e-05
Size 4
PMPI: 5.470896e-05
Pairwise: 7.638409e-04
NonBlocking: 1.080898e-03
Pairwise Hierarchical: 4.320302e-04
Pairwise Node Aware: 2.399370e-04
Nonblocking Hierarchical: 4.358597e-04
Nonblocking Node Aware: 1.737883e-04
Pairwise Multileader, 4 leaders: 1.145047e-04
Pairwise Locality Aware, 4 leaders: 8.195359e-05
Pairwise Multileader Locality, 4 leaders: 1.117310e-04
Nonblocking Multileader, 4 leaders: 9.028631e-05
Nonblocking Locality Aware, 4 leaders: 4.922424e-05
Nonblocking Multileader Locality, 4 leaders: 1.052105e-04
Pairwise Multileader, 10 leaders: 1.004771e-04
Pairwise Locality Aware, 10 leaders: 9.562576e-05
Pairwise Multileader Locality, 10 leaders: 6.638800e-05
Nonblocking Multileader, 10 leaders: 5.066249e-05
Nonblocking Locality Aware, 10 leaders: 4.536030e-05
Nonblocking Multileader Locality, 10 leaders: 5.829216e-05
Pairwise Multileader, 20 leaders: 1.687841e-04
Pairwise Locality Aware, 20 leaders: 1.645051e-04
Pairwise Multileader Locality, 20 leaders: 7.842249e-05
Nonblocking Multileader, 20 leaders: 6.461848e-05
Nonblocking Locality Aware, 20 leaders: 5.992921e-05
Nonblocking Multileader Locality, 20 leaders: 5.808418e-05
Size 8
PMPI: 7.316961e-05
Pairwise: 7.800603e-04
NonBlocking: 1.206558e-03
Pairwise Hierarchical: 8.062975e-04
Pairwise Node Aware: 2.452300e-04
Nonblocking Hierarchical: 7.602136e-04
Nonblocking Node Aware: 1.733395e-04
Pairwise Multileader, 4 leaders: 2.223280e-04
Pairwise Locality Aware, 4 leaders: 8.895697e-05
Pairwise Multileader Locality, 4 leaders: 3.038804e-04
Nonblocking Multileader, 4 leaders: 1.857730e-04
Nonblocking Locality Aware, 4 leaders: 6.809908e-05
Nonblocking Multileader Locality, 4 leaders: 2.560687e-04
Pairwise Multileader, 10 leaders: 1.226759e-04
Pairwise Locality Aware, 10 leaders: 9.674734e-05
Pairwise Multileader Locality, 10 leaders: 1.008003e-04
Nonblocking Multileader, 10 leaders: 7.141565e-05
Nonblocking Locality Aware, 10 leaders: 5.345153e-05
Nonblocking Multileader Locality, 10 leaders: 8.547502e-05
Pairwise Multileader, 20 leaders: 1.800979e-04
Pairwise Locality Aware, 20 leaders: 1.676302e-04
Pairwise Multileader Locality, 20 leaders: 1.027182e-04
Nonblocking Multileader, 20 leaders: 7.705192e-05
Nonblocking Locality Aware, 20 leaders: 7.065298e-05
Nonblocking Multileader Locality, 20 leaders: 7.814166e-05
Size 16
PMPI: 1.300794e-04
Pairwise: 7.812849e-04
NonBlocking: 1.374338e-03
Pairwise Hierarchical: 1.459622e-03
Pairwise Node Aware: 3.203580e-04
Nonblocking Hierarchical: 1.456013e-03
Nonblocking Node Aware: 1.759660e-04
Pairwise Multileader, 4 leaders: 4.431549e-04
Pairwise Locality Aware, 4 leaders: 1.168051e-04
Pairwise Multileader Locality, 4 leaders: 5.374180e-04
Nonblocking Multileader, 4 leaders: 3.579947e-04
Nonblocking Locality Aware, 4 leaders: 7.994640e-05
Nonblocking Multileader Locality, 4 leaders: 4.691730e-04
Pairwise Multileader, 10 leaders: 2.271420e-04
Pairwise Locality Aware, 10 leaders: 1.156489e-04
Pairwise Multileader Locality, 10 leaders: 1.930498e-04
Nonblocking Multileader, 10 leaders: 1.435451e-04
Nonblocking Locality Aware, 10 leaders: 8.592250e-05
Nonblocking Multileader Locality, 10 leaders: 1.665628e-04
Pairwise Multileader, 20 leaders: 2.073328e-04
Pairwise Locality Aware, 20 leaders: 1.739235e-04
Pairwise Multileader Locality, 20 leaders: 1.503638e-04
Nonblocking Multileader, 20 leaders: 1.034667e-04
Nonblocking Locality Aware, 20 leaders: 9.271360e-05
Nonblocking Multileader Locality, 20 leaders: 1.115109e-04
Size 32
PMPI: 2.328450e-04
Pairwise: 7.926904e-04
NonBlocking: 2.919676e-03
Pairwise Hierarchical: 3.053194e-03
Pairwise Node Aware: 3.880791e-04
Nonblocking Hierarchical: 2.909772e-03
Nonblocking Node Aware: 2.025346e-04
Pairwise Multileader, 4 leaders: 1.014269e-03
Pairwise Locality Aware, 4 leaders: 1.842157e-04
Pairwise Multileader Locality, 4 leaders: 1.033953e-03
Nonblocking Multileader, 4 leaders: 8.661054e-04
Nonblocking Locality Aware, 4 leaders: 1.470749e-04
Nonblocking Multileader Locality, 4 leaders: 9.497854e-04
Pairwise Multileader, 10 leaders: 4.299607e-04
Pairwise Locality Aware, 10 leaders: 1.696772e-04
Pairwise Multileader Locality, 10 leaders: 4.354284e-04
Nonblocking Multileader, 10 leaders: 3.085284e-04
Nonblocking Locality Aware, 10 leaders: 1.475307e-04
Nonblocking Multileader Locality, 10 leaders: 3.966379e-04
Pairwise Multileader, 20 leaders: 3.084721e-04
Pairwise Locality Aware, 20 leaders: 2.041774e-04
Pairwise Multileader Locality, 20 leaders: 2.522490e-04
Nonblocking Multileader, 20 leaders: 1.695719e-04
Nonblocking Locality Aware, 20 leaders: 1.556063e-04
Nonblocking Multileader Locality, 20 leaders: 2.019446e-04
Size 64
PMPI: 4.228530e-04
Pairwise: 8.055664e-04
NonBlocking: 5.101863e-02
Pairwise Hierarchical: 6.933246e-03
Pairwise Node Aware: 4.761551e-04
Nonblocking Hierarchical: 6.627770e-03
Nonblocking Node Aware: 3.014471e-04
Pairwise Multileader, 4 leaders: 2.273784e-03
Pairwise Locality Aware, 4 leaders: 3.115649e-04
Pairwise Multileader Locality, 4 leaders: 2.328181e-03
Nonblocking Multileader, 4 leaders: 1.912207e-03
Nonblocking Locality Aware, 4 leaders: 2.390942e-04
Nonblocking Multileader Locality, 4 leaders: 2.145424e-03
Pairwise Multileader, 10 leaders: 8.968378e-04
Pairwise Locality Aware, 10 leaders: 2.924344e-04
Pairwise Multileader Locality, 10 leaders: 9.272910e-04
Nonblocking Multileader, 10 leaders: 6.919353e-04
Nonblocking Locality Aware, 10 leaders: 2.534704e-04
Nonblocking Multileader Locality, 10 leaders: 8.280063e-04
Pairwise Multileader, 20 leaders: 5.621545e-04
Pairwise Locality Aware, 20 leaders: 3.231325e-04
Pairwise Multileader Locality, 20 leaders: 5.413051e-04
Nonblocking Multileader, 20 leaders: 3.425704e-04
Nonblocking Locality Aware, 20 leaders: 2.772412e-04
Nonblocking Multileader Locality, 20 leaders: 4.575999e-04
Size 128
PMPI: 8.030301e-04
Pairwise: 8.974581e-04
NonBlocking: 1.300850e-02
Pairwise Hierarchical: 1.414901e-02
Pairwise Node Aware: 7.456847e-04
Nonblocking Hierarchical: 1.350797e-02
Nonblocking Node Aware: 5.018478e-04
Pairwise Multileader, 4 leaders: 4.462630e-03
Pairwise Locality Aware, 4 leaders: 5.727159e-04
Pairwise Multileader Locality, 4 leaders: 4.656898e-03
Nonblocking Multileader, 4 leaders: 3.728655e-03
Nonblocking Locality Aware, 4 leaders: 4.717669e-04
Nonblocking Multileader Locality, 4 leaders: 4.300708e-03
Pairwise Multileader, 10 leaders: 1.805425e-03
Pairwise Locality Aware, 10 leaders: 5.959337e-04
Pairwise Multileader Locality, 10 leaders: 1.855575e-03
Nonblocking Multileader, 10 leaders: 1.448535e-03
Nonblocking Locality Aware, 10 leaders: 5.267209e-04
Nonblocking Multileader Locality, 10 leaders: 1.705327e-03
Pairwise Multileader, 20 leaders: 1.078913e-03
Pairwise Locality Aware, 20 leaders: 5.624681e-04
Pairwise Multileader Locality, 20 leaders: 1.079717e-03
Nonblocking Multileader, 20 leaders: 7.235507e-04
Nonblocking Locality Aware, 20 leaders: 5.256266e-04
Nonblocking Multileader Locality, 20 leaders: 9.903382e-04
Size 256
PMPI: 1.487206e-03
Pairwise: 1.300976e-03
NonBlocking: 3.774357e-02
Pairwise Hierarchical: 2.949788e-02
Pairwise Node Aware: 1.233061e-03
Nonblocking Hierarchical: 2.896790e-02
Nonblocking Node Aware: 8.942960e-04
Pairwise Multileader, 4 leaders: 7.848192e-03
Pairwise Locality Aware, 4 leaders: 1.012174e-03
Pairwise Multileader Locality, 4 leaders: 8.471324e-03
Nonblocking Multileader, 4 leaders: 6.609230e-03
Nonblocking Locality Aware, 4 leaders: 8.501723e-04
Nonblocking Multileader Locality, 4 leaders: 7.757860e-03
Pairwise Multileader, 10 leaders: 4.447008e-03
Pairwise Locality Aware, 10 leaders: 1.115610e-03
Pairwise Multileader Locality, 10 leaders: 3.758941e-03
Nonblocking Multileader, 10 leaders: 3.235638e-03
Nonblocking Locality Aware, 10 leaders: 1.056593e-03
Nonblocking Multileader Locality, 10 leaders: 3.575443e-03
Pairwise Multileader, 20 leaders: 2.243774e-03
Pairwise Locality Aware, 20 leaders: 1.150534e-03
Pairwise Multileader Locality, 20 leaders: 2.231136e-03
Nonblocking Multileader, 20 leaders: 1.604883e-03
Nonblocking Locality Aware, 20 leaders: 1.071816e-03
Nonblocking Multileader Locality, 20 leaders: 1.969908e-03
Size 512
PMPI: 2.264534e-03
Pairwise: 2.216952e-03
NonBlocking: 1.528832e-02
Pairwise Hierarchical: 5.813032e-02
Pairwise Node Aware: 2.186754e-03
Nonblocking Hierarchical: 5.991067e-02
Nonblocking Node Aware: 1.734670e-03
Pairwise Multileader, 4 leaders: 1.738860e-02
Pairwise Locality Aware, 4 leaders: 2.047361e-03
Pairwise Multileader Locality, 4 leaders: 1.681100e-02
Nonblocking Multileader, 4 leaders: 1.391154e-02
Nonblocking Locality Aware, 4 leaders: 1.728037e-03
Nonblocking Multileader Locality, 4 leaders: 1.560315e-02
Pairwise Multileader, 10 leaders: 9.252328e-03
Pairwise Locality Aware, 10 leaders: 1.978303e-03
Pairwise Multileader Locality, 10 leaders: 8.108784e-03
Nonblocking Multileader, 10 leaders: 6.963815e-03
Nonblocking Locality Aware, 10 leaders: 1.742665e-03
Nonblocking Multileader Locality, 10 leaders: 7.654109e-03
Pairwise Multileader, 20 leaders: 4.350441e-03
Pairwise Locality Aware, 20 leaders: 1.973299e-03
Pairwise Multileader Locality, 20 leaders: 4.372817e-03
Nonblocking Multileader, 20 leaders: 3.061244e-03
Nonblocking Locality Aware, 20 leaders: 1.700247e-03
Nonblocking Multileader Locality, 20 leaders: 3.880790e-03
Size 1024
PMPI: 3.789376e-03
Pairwise: 3.804029e-03
NonBlocking: 6.560312e-03
Pairwise Hierarchical: 1.058461e-01
Pairwise Node Aware: 4.397617e-03
Nonblocking Hierarchical: 1.096287e-01
Nonblocking Node Aware: 3.553075e-03
Pairwise Multileader, 4 leaders: 3.936367e-02
Pairwise Locality Aware, 4 leaders: 4.052297e-03
Pairwise Multileader Locality, 4 leaders: 3.977173e-02
Nonblocking Multileader, 4 leaders: 3.244798e-02
Nonblocking Locality Aware, 4 leaders: 3.524699e-03
Nonblocking Multileader Locality, 4 leaders: 3.700596e-02
Pairwise Multileader, 10 leaders: 2.016380e-02
Pairwise Locality Aware, 10 leaders: 3.919060e-03
Pairwise Multileader Locality, 10 leaders: 1.907383e-02
Nonblocking Multileader, 10 leaders: 1.545449e-02
Nonblocking Locality Aware, 10 leaders: 3.339616e-03
Nonblocking Multileader Locality, 10 leaders: 1.770663e-02
Pairwise Multileader, 20 leaders: 1.140017e-02
Pairwise Locality Aware, 20 leaders: 4.021979e-03
Pairwise Multileader Locality, 20 leaders: 9.155321e-03
Nonblocking Multileader, 20 leaders: 7.733105e-03
Nonblocking Locality Aware, 20 leaders: 3.425317e-03
Nonblocking Multileader Locality, 20 leaders: 8.285092e-03
Size 2048
PMPI: 7.685208e-03
Pairwise: 7.702628e-03
NonBlocking: 9.313329e-03
Pairwise Hierarchical: 2.113335e-01
Pairwise Node Aware: 9.689595e-03
Nonblocking Hierarchical: 2.146973e-01
Nonblocking Node Aware: 8.311781e-03
Pairwise Multileader, 4 leaders: 7.387711e-02
Pairwise Locality Aware, 4 leaders: 8.103065e-03
Pairwise Multileader Locality, 4 leaders: 7.915618e-02
Nonblocking Multileader, 4 leaders: 6.301880e-02
Nonblocking Locality Aware, 4 leaders: 7.388705e-03
Nonblocking Multileader Locality, 4 leaders: 7.338040e-02
Pairwise Multileader, 10 leaders: 4.050558e-02
Pairwise Locality Aware, 10 leaders: 8.117175e-03
Pairwise Multileader Locality, 10 leaders: 4.075472e-02
Nonblocking Multileader, 10 leaders: 3.233335e-02
Nonblocking Locality Aware, 10 leaders: 6.959906e-03
Nonblocking Multileader Locality, 10 leaders: 3.851834e-02
Pairwise Multileader, 20 leaders: 2.479261e-02
Pairwise Locality Aware, 20 leaders: 8.727084e-03
Pairwise Multileader Locality, 20 leaders: 2.078805e-02
Nonblocking Multileader, 20 leaders: 1.685542e-02
Nonblocking Locality Aware, 20 leaders: 6.832996e-03
Nonblocking Multileader Locality, 20 leaders: 1.902408e-02
Size 4096
PMPI: 1.752042e-02
Pairwise: 1.495629e-02
NonBlocking: 1.960407e-02
Pairwise Hierarchical: 4.407202e-01
Pairwise Node Aware: 2.109128e-02
Nonblocking Hierarchical: 4.411558e-01
Nonblocking Node Aware: 1.821729e-02
Pairwise Multileader, 4 leaders: 1.372872e-01
Pairwise Locality Aware, 4 leaders: 1.877788e-02
Pairwise Multileader Locality, 4 leaders: 1.520663e-01
Nonblocking Multileader, 4 leaders: 1.213949e-01
Nonblocking Locality Aware, 4 leaders: 1.658897e-02
Nonblocking Multileader Locality, 4 leaders: 1.397489e-01
Pairwise Multileader, 10 leaders: 8.192348e-02
Pairwise Locality Aware, 10 leaders: 1.895413e-02
Pairwise Multileader Locality, 10 leaders: 8.610491e-02
Nonblocking Multileader, 10 leaders: 6.609441e-02
Nonblocking Locality Aware, 10 leaders: 1.535226e-02
Nonblocking Multileader Locality, 10 leaders: 8.300462e-02
Pairwise Multileader, 20 leaders: 4.729319e-02
Pairwise Locality Aware, 20 leaders: 1.942917e-02
Pairwise Multileader Locality, 20 leaders: 4.418105e-02
Nonblocking Multileader, 20 leaders: 3.401980e-02
Nonblocking Locality Aware, 20 leaders: 1.569018e-02
Nonblocking Multileader Locality, 20 leaders: 4.072068e-02
Size 8192
PMPI: 2.877526e-02
Pairwise: 3.021941e-02
NonBlocking: 2.850281e-02
Pairwise Hierarchical: 9.339098e-01
Pairwise Node Aware: 3.975509e-02
Nonblocking Hierarchical: 9.429677e-01
Nonblocking Node Aware: 3.665777e-02
Pairwise Multileader, 4 leaders: 2.622502e-01
Pairwise Locality Aware, 4 leaders: 3.900364e-02
Pairwise Multileader Locality, 4 leaders: 2.919406e-01
Nonblocking Multileader, 4 leaders: 2.284499e-01
Nonblocking Locality Aware, 4 leaders: 3.537097e-02
Nonblocking Multileader Locality, 4 leaders: 2.692904e-01
Pairwise Multileader, 10 leaders: 1.557446e-01
Pairwise Locality Aware, 10 leaders: 3.969080e-02
Pairwise Multileader Locality, 10 leaders: 1.659877e-01
Nonblocking Multileader, 10 leaders: 1.296425e-01
Nonblocking Locality Aware, 10 leaders: 3.531601e-02
Nonblocking Multileader Locality, 10 leaders: 1.574660e-01
Pairwise Multileader, 20 leaders: 9.492367e-02
Pairwise Locality Aware, 20 leaders: 4.046664e-02
Pairwise Multileader Locality, 20 leaders: 9.976270e-02
Nonblocking Multileader, 20 leaders: 7.561201e-02
Nonblocking Locality Aware, 20 leaders: 3.419757e-02
Nonblocking Multileader Locality, 20 leaders: 9.051698e-02
Size 16384
PMPI: 5.464322e-02
Pairwise: 5.430092e-02
NonBlocking: 5.353704e-02
Pairwise Hierarchical: 1.910568e+00
Pairwise Node Aware: 7.987998e-02
Nonblocking Hierarchical: 1.928501e+00
Nonblocking Node Aware: 7.357054e-02
Pairwise Multileader, 4 leaders: 5.449728e-01
Pairwise Locality Aware, 4 leaders: 7.891235e-02
Pairwise Multileader Locality, 4 leaders: 6.203524e-01
Nonblocking Multileader, 4 leaders: 4.990047e-01
Nonblocking Locality Aware, 4 leaders: 7.158271e-02
Nonblocking Multileader Locality, 4 leaders: 5.782865e-01
Pairwise Multileader, 10 leaders: 3.241943e-01
Pairwise Locality Aware, 10 leaders: 8.041701e-02
Pairwise Multileader Locality, 10 leaders: 3.695862e-01
Nonblocking Multileader, 10 leaders: 2.585933e-01
Nonblocking Locality Aware, 10 leaders: 7.262065e-02
Nonblocking Multileader Locality, 10 leaders: 3.129381e-01
Pairwise Multileader, 20 leaders: 1.740910e-01
Pairwise Locality Aware, 20 leaders: 8.178097e-02
Pairwise Multileader Locality, 20 leaders: 1.922119e-01
Nonblocking Multileader, 20 leaders: 1.479732e-01
Nonblocking Locality Aware, 20 leaders: 7.458692e-02
Nonblocking Multileader Locality, 20 leaders: 1.758090e-01
Test 3 Running Alltoall Benchmark on 2 nodes and 200 tasks
Size 1
PMPI: 4.271415e-05
Pairwise: 3.888763e-04
NonBlocking: 1.840483e-04
Pairwise Hierarchical: 1.824120e-04
Pairwise Node Aware: 1.749983e-04
Nonblocking Hierarchical: 1.869690e-04
Nonblocking Node Aware: 1.726731e-04
Pairwise Multileader, 4 leaders: 6.465291e-05
Pairwise Locality Aware, 4 leaders: 7.460645e-05
Pairwise Multileader Locality, 4 leaders: 5.897754e-05
Nonblocking Multileader, 4 leaders: 4.766020e-05
Nonblocking Locality Aware, 4 leaders: 4.854677e-05
Nonblocking Multileader Locality, 4 leaders: 5.504315e-05
Pairwise Multileader, 10 leaders: 8.725538e-05
Pairwise Locality Aware, 10 leaders: 9.195267e-05
Pairwise Multileader Locality, 10 leaders: 3.936767e-05
Nonblocking Multileader, 10 leaders: 3.672049e-05
Nonblocking Locality Aware, 10 leaders: 4.211281e-05
Nonblocking Multileader Locality, 10 leaders: 3.606460e-05
Pairwise Multileader, 20 leaders: 1.620191e-04
Pairwise Locality Aware, 20 leaders: 1.616722e-04
Pairwise Multileader Locality, 20 leaders: 5.532008e-05
Nonblocking Multileader, 20 leaders: 5.558901e-05
Nonblocking Locality Aware, 20 leaders: 4.911871e-05
Nonblocking Multileader Locality, 20 leaders: 4.169885e-05
Size 2
PMPI: 4.482203e-05
Pairwise: 3.811335e-04
NonBlocking: 1.776434e-04
Pairwise Hierarchical: 3.096523e-04
Pairwise Node Aware: 1.772840e-04
Nonblocking Hierarchical: 2.954394e-04
Nonblocking Node Aware: 1.739282e-04
Pairwise Multileader, 4 leaders: 7.924504e-05
Pairwise Locality Aware, 4 leaders: 7.358101e-05
Pairwise Multileader Locality, 4 leaders: 8.003704e-05
Nonblocking Multileader, 4 leaders: 6.279560e-05
Nonblocking Locality Aware, 4 leaders: 4.712176e-05
Nonblocking Multileader Locality, 4 leaders: 7.530611e-05
Pairwise Multileader, 10 leaders: 1.785988e-04
Pairwise Locality Aware, 10 leaders: 9.481921e-05
Pairwise Multileader Locality, 10 leaders: 5.056067e-05
Nonblocking Multileader, 10 leaders: 4.190633e-05
Nonblocking Locality Aware, 10 leaders: 4.208529e-05
Nonblocking Multileader Locality, 10 leaders: 4.412300e-05
Pairwise Multileader, 20 leaders: 1.632665e-04
Pairwise Locality Aware, 20 leaders: 1.593334e-04
Pairwise Multileader Locality, 20 leaders: 6.397261e-05
Nonblocking Multileader, 20 leaders: 5.951390e-05
Nonblocking Locality Aware, 20 leaders: 5.472171e-05
Nonblocking Multileader Locality, 20 leaders: 4.649619e-05
Size 4
PMPI: 5.375966e-05
Pairwise: 7.791951e-04
NonBlocking: 8.903343e-04
Pairwise Hierarchical: 4.330530e-04
Pairwise Node Aware: 2.346815e-04
Nonblocking Hierarchical: 4.400307e-04
Nonblocking Node Aware: 1.753431e-04
Pairwise Multileader, 4 leaders: 1.155813e-04
Pairwise Locality Aware, 4 leaders: 8.201044e-05
Pairwise Multileader Locality, 4 leaders: 1.135702e-04
Nonblocking Multileader, 4 leaders: 8.895081e-05
Nonblocking Locality Aware, 4 leaders: 5.002451e-05
Nonblocking Multileader Locality, 4 leaders: 1.090213e-04
Pairwise Multileader, 10 leaders: 1.007571e-04
Pairwise Locality Aware, 10 leaders: 9.669059e-05
Pairwise Multileader Locality, 10 leaders: 6.598431e-05
Nonblocking Multileader, 10 leaders: 5.199886e-05
Nonblocking Locality Aware, 10 leaders: 4.990227e-05
Nonblocking Multileader Locality, 10 leaders: 5.787587e-05
Pairwise Multileader, 20 leaders: 1.679286e-04
Pairwise Locality Aware, 20 leaders: 1.637606e-04
Pairwise Multileader Locality, 20 leaders: 7.665324e-05
Nonblocking Multileader, 20 leaders: 6.428935e-05
Nonblocking Locality Aware, 20 leaders: 8.321750e-05
Nonblocking Multileader Locality, 20 leaders: 5.751624e-05
Size 8
PMPI: 7.423834e-05
Pairwise: 7.758020e-04
NonBlocking: 1.183215e-03
Pairwise Hierarchical: 8.313926e-04
Pairwise Node Aware: 2.559281e-04
Nonblocking Hierarchical: 7.836657e-04
Nonblocking Node Aware: 1.755232e-04
Pairwise Multileader, 4 leaders: 2.203794e-04
Pairwise Locality Aware, 4 leaders: 8.786082e-05
Pairwise Multileader Locality, 4 leaders: 2.836280e-04
Nonblocking Multileader, 4 leaders: 1.796759e-04
Nonblocking Locality Aware, 4 leaders: 5.575410e-05
Nonblocking Multileader Locality, 4 leaders: 2.419518e-04
Pairwise Multileader, 10 leaders: 1.217628e-04
Pairwise Locality Aware, 10 leaders: 9.763557e-05
Pairwise Multileader Locality, 10 leaders: 1.036164e-04
Nonblocking Multileader, 10 leaders: 6.980213e-05
Nonblocking Locality Aware, 10 leaders: 5.818596e-05
Nonblocking Multileader Locality, 10 leaders: 8.808895e-05
Pairwise Multileader, 20 leaders: 1.783110e-04
Pairwise Locality Aware, 20 leaders: 1.698581e-04
Pairwise Multileader Locality, 20 leaders: 1.092226e-04
Nonblocking Multileader, 20 leaders: 7.711299e-05
Nonblocking Locality Aware, 20 leaders: 6.918873e-05
Nonblocking Multileader Locality, 20 leaders: 8.431219e-05
Size 16
PMPI: 1.316618e-04
Pairwise: 7.628627e-04
NonBlocking: 1.455986e-03
Pairwise Hierarchical: 1.536989e-03
Pairwise Node Aware: 3.132443e-04
Nonblocking Hierarchical: 1.504785e-03
Nonblocking Node Aware: 1.778469e-04
Pairwise Multileader, 4 leaders: 4.153849e-04
Pairwise Locality Aware, 4 leaders: 1.152535e-04
Pairwise Multileader Locality, 4 leaders: 5.007685e-04
Nonblocking Multileader, 4 leaders: 3.467696e-04
Nonblocking Locality Aware, 4 leaders: 9.177291e-05
Nonblocking Multileader Locality, 4 leaders: 4.473201e-04
Pairwise Multileader, 10 leaders: 2.330024e-04
Pairwise Locality Aware, 10 leaders: 1.166347e-04
Pairwise Multileader Locality, 10 leaders: 1.956561e-04
Nonblocking Multileader, 10 leaders: 1.453622e-04
Nonblocking Locality Aware, 10 leaders: 9.300099e-05
Nonblocking Multileader Locality, 10 leaders: 1.694650e-04
Pairwise Multileader, 20 leaders: 2.100338e-04
Pairwise Locality Aware, 20 leaders: 1.739104e-04
Pairwise Multileader Locality, 20 leaders: 1.590533e-04
Nonblocking Multileader, 20 leaders: 1.059742e-04
Nonblocking Locality Aware, 20 leaders: 1.217085e-04
Nonblocking Multileader Locality, 20 leaders: 1.234898e-04
Size 32
PMPI: 2.389571e-04
Pairwise: 7.835799e-04
NonBlocking: 7.714076e-03
Pairwise Hierarchical: 3.180821e-03
Pairwise Node Aware: 4.053690e-04
Nonblocking Hierarchical: 3.053709e-03
Nonblocking Node Aware: 2.142571e-04
Pairwise Multileader, 4 leaders: 1.041049e-03
Pairwise Locality Aware, 4 leaders: 1.899597e-04
Pairwise Multileader Locality, 4 leaders: 1.033956e-03
Nonblocking Multileader, 4 leaders: 8.682046e-04
Nonblocking Locality Aware, 4 leaders: 1.702520e-04
Nonblocking Multileader Locality, 4 leaders: 9.589566e-04
Pairwise Multileader, 10 leaders: 4.317192e-04
Pairwise Locality Aware, 10 leaders: 1.668790e-04
Pairwise Multileader Locality, 10 leaders: 4.324186e-04
Nonblocking Multileader, 10 leaders: 3.146054e-04
Nonblocking Locality Aware, 10 leaders: 1.745527e-04
Nonblocking Multileader Locality, 10 leaders: 3.997450e-04
Pairwise Multileader, 20 leaders: 3.129561e-04
Pairwise Locality Aware, 20 leaders: 2.255525e-04
Pairwise Multileader Locality, 20 leaders: 2.519941e-04
Nonblocking Multileader, 20 leaders: 1.924468e-04
Nonblocking Locality Aware, 20 leaders: 2.250840e-04
Nonblocking Multileader Locality, 20 leaders: 1.947585e-04
Size 64
PMPI: 4.196225e-04
Pairwise: 8.268893e-04
NonBlocking: 1.271499e-02
Pairwise Hierarchical: 6.949928e-03
Pairwise Node Aware: 4.723637e-04
Nonblocking Hierarchical: 6.588557e-03
Nonblocking Node Aware: 2.923793e-04
Pairwise Multileader, 4 leaders: 2.409341e-03
Pairwise Locality Aware, 4 leaders: 3.217723e-04
Pairwise Multileader Locality, 4 leaders: 2.377182e-03
Nonblocking Multileader, 4 leaders: 1.955673e-03
Nonblocking Locality Aware, 4 leaders: 2.721728e-04
Nonblocking Multileader Locality, 4 leaders: 2.115025e-03
Pairwise Multileader, 10 leaders: 9.131127e-04
Pairwise Locality Aware, 10 leaders: 2.904223e-04
Pairwise Multileader Locality, 10 leaders: 9.855993e-04
Nonblocking Multileader, 10 leaders: 7.196785e-04
Nonblocking Locality Aware, 10 leaders: 2.387610e-04
Nonblocking Multileader Locality, 10 leaders: 8.930600e-04
Pairwise Multileader, 20 leaders: 5.645960e-04
Pairwise Locality Aware, 20 leaders: 3.145669e-04
Pairwise Multileader Locality, 20 leaders: 5.379406e-04
Nonblocking Multileader, 20 leaders: 3.341625e-04
Nonblocking Locality Aware, 20 leaders: 2.295456e-04
Nonblocking Multileader Locality, 20 leaders: 4.768406e-04
Size 128
PMPI: 8.171471e-04
Pairwise: 9.130493e-04
NonBlocking: 3.743351e-02
Pairwise Hierarchical: 1.378144e-02
Pairwise Node Aware: 7.378876e-04
Nonblocking Hierarchical: 1.335415e-02
Nonblocking Node Aware: 5.061008e-04
Pairwise Multileader, 4 leaders: 4.460086e-03
Pairwise Locality Aware, 4 leaders: 5.343196e-04
Pairwise Multileader Locality, 4 leaders: 4.628741e-03
Nonblocking Multileader, 4 leaders: 3.748392e-03
Nonblocking Locality Aware, 4 leaders: 4.309822e-04
Nonblocking Multileader Locality, 4 leaders: 4.104609e-03
Pairwise Multileader, 10 leaders: 1.796918e-03
Pairwise Locality Aware, 10 leaders: 5.542331e-04
Pairwise Multileader Locality, 10 leaders: 1.866091e-03
Nonblocking Multileader, 10 leaders: 1.443645e-03
Nonblocking Locality Aware, 10 leaders: 4.822583e-04
Nonblocking Multileader Locality, 10 leaders: 1.703077e-03
Pairwise Multileader, 20 leaders: 1.048374e-03
Pairwise Locality Aware, 20 leaders: 5.534862e-04
Pairwise Multileader Locality, 20 leaders: 1.079835e-03
Nonblocking Multileader, 20 leaders: 7.069519e-04
Nonblocking Locality Aware, 20 leaders: 4.421477e-04
Nonblocking Multileader Locality, 20 leaders: 9.940309e-04
Size 256
PMPI: 1.474948e-03
Pairwise: 1.254017e-03
NonBlocking: 6.222586e-02
Pairwise Hierarchical: 2.925636e-02
Pairwise Node Aware: 1.235779e-03
Nonblocking Hierarchical: 2.906072e-02
Nonblocking Node Aware: 8.964901e-04
Pairwise Multileader, 4 leaders: 7.986583e-03
Pairwise Locality Aware, 4 leaders: 1.042978e-03
Pairwise Multileader Locality, 4 leaders: 8.496414e-03
Nonblocking Multileader, 4 leaders: 6.700646e-03
Nonblocking Locality Aware, 4 leaders: 8.422929e-04
Nonblocking Multileader Locality, 4 leaders: 7.723262e-03
Pairwise Multileader, 10 leaders: 4.465296e-03
Pairwise Locality Aware, 10 leaders: 1.078634e-03
Pairwise Multileader Locality, 10 leaders: 3.788177e-03
Nonblocking Multileader, 10 leaders: 3.263413e-03
Nonblocking Locality Aware, 10 leaders: 1.053959e-03
Nonblocking Multileader Locality, 10 leaders: 3.625294e-03
Pairwise Multileader, 20 leaders: 2.201813e-03
Pairwise Locality Aware, 20 leaders: 1.124138e-03
Pairwise Multileader Locality, 20 leaders: 2.228626e-03
Nonblocking Multileader, 20 leaders: 1.606380e-03
Nonblocking Locality Aware, 20 leaders: 9.346787e-04
Nonblocking Multileader Locality, 20 leaders: 1.953970e-03
Size 512
PMPI: 1.943460e-03
Pairwise: 2.029497e-03
NonBlocking: 2.191578e-03
Pairwise Hierarchical: 5.809980e-02
Pairwise Node Aware: 2.188545e-03
Nonblocking Hierarchical: 5.992529e-02
Nonblocking Node Aware: 1.744845e-03
Pairwise Multileader, 4 leaders: 1.743139e-02
Pairwise Locality Aware, 4 leaders: 2.048429e-03
Pairwise Multileader Locality, 4 leaders: 1.696177e-02
Nonblocking Multileader, 4 leaders: 1.408482e-02
Nonblocking Locality Aware, 4 leaders: 1.786727e-03
Nonblocking Multileader Locality, 4 leaders: 1.557694e-02
Pairwise Multileader, 10 leaders: 9.390735e-03
Pairwise Locality Aware, 10 leaders: 2.010267e-03
Pairwise Multileader Locality, 10 leaders: 8.255992e-03
Nonblocking Multileader, 10 leaders: 6.973125e-03
Nonblocking Locality Aware, 10 leaders: 1.750786e-03
Nonblocking Multileader Locality, 10 leaders: 7.881588e-03
Pairwise Multileader, 20 leaders: 4.463843e-03
Pairwise Locality Aware, 20 leaders: 2.074169e-03
Pairwise Multileader Locality, 20 leaders: 4.249574e-03
Nonblocking Multileader, 20 leaders: 3.150088e-03
Nonblocking Locality Aware, 20 leaders: 1.927653e-03
Nonblocking Multileader Locality, 20 leaders: 3.776249e-03
Size 1024
PMPI: 3.668662e-03
Pairwise: 3.802929e-03
NonBlocking: 4.564117e-03
Pairwise Hierarchical: 1.067989e-01
Pairwise Node Aware: 4.389351e-03
Nonblocking Hierarchical: 1.102716e-01
Nonblocking Node Aware: 3.560419e-03
Pairwise Multileader, 4 leaders: 3.836695e-02
Pairwise Locality Aware, 4 leaders: 4.163588e-03
Pairwise Multileader Locality, 4 leaders: 4.057503e-02
Nonblocking Multileader, 4 leaders: 3.224245e-02
Nonblocking Locality Aware, 4 leaders: 3.511591e-03
Nonblocking Multileader Locality, 4 leaders: 3.763316e-02
Pairwise Multileader, 10 leaders: 2.025866e-02
Pairwise Locality Aware, 10 leaders: 3.981647e-03
Pairwise Multileader Locality, 10 leaders: 1.913275e-02
Nonblocking Multileader, 10 leaders: 1.537773e-02
Nonblocking Locality Aware, 10 leaders: 3.380735e-03
Nonblocking Multileader Locality, 10 leaders: 1.815166e-02
Pairwise Multileader, 20 leaders: 1.141410e-02
Pairwise Locality Aware, 20 leaders: 4.187129e-03
Pairwise Multileader Locality, 20 leaders: 9.046827e-03
Nonblocking Multileader, 20 leaders: 7.795500e-03
Nonblocking Locality Aware, 20 leaders: 3.332447e-03
Nonblocking Multileader Locality, 20 leaders: 8.320235e-03
Size 2048
PMPI: 7.998169e-03
Pairwise: 7.967624e-03
NonBlocking: 9.807858e-03
Pairwise Hierarchical: 2.142541e-01
Pairwise Node Aware: 9.667322e-03
Nonblocking Hierarchical: 2.155490e-01
Nonblocking Node Aware: 8.349661e-03
Pairwise Multileader, 4 leaders: 7.520076e-02
Pairwise Locality Aware, 4 leaders: 8.002927e-03
Pairwise Multileader Locality, 4 leaders: 7.996722e-02
Nonblocking Multileader, 4 leaders: 6.376137e-02
Nonblocking Locality Aware, 4 leaders: 7.371484e-03
Nonblocking Multileader Locality, 4 leaders: 7.427376e-02
Pairwise Multileader, 10 leaders: 4.053948e-02
Pairwise Locality Aware, 10 leaders: 8.146614e-03
Pairwise Multileader Locality, 10 leaders: 4.083770e-02
Nonblocking Multileader, 10 leaders: 3.258868e-02
Nonblocking Locality Aware, 10 leaders: 6.909862e-03
Nonblocking Multileader Locality, 10 leaders: 3.885545e-02
Pairwise Multileader, 20 leaders: 2.428059e-02
Pairwise Locality Aware, 20 leaders: 9.176143e-03
Pairwise Multileader Locality, 20 leaders: 2.078348e-02
Nonblocking Multileader, 20 leaders: 1.677638e-02
Nonblocking Locality Aware, 20 leaders: 6.804043e-03
Nonblocking Multileader Locality, 20 leaders: 1.873685e-02
Size 4096
PMPI: 1.815443e-02
Pairwise: 1.561796e-02
NonBlocking: 2.000210e-02
Pairwise Hierarchical: 4.416428e-01
Pairwise Node Aware: 2.090606e-02
Nonblocking Hierarchical: 4.467328e-01
Nonblocking Node Aware: 1.770531e-02
Pairwise Multileader, 4 leaders: 1.386185e-01
Pairwise Locality Aware, 4 leaders: 1.860378e-02
Pairwise Multileader Locality, 4 leaders: 1.525002e-01
Nonblocking Multileader, 4 leaders: 1.231205e-01
Nonblocking Locality Aware, 4 leaders: 1.624805e-02
Nonblocking Multileader Locality, 4 leaders: 1.408746e-01
Pairwise Multileader, 10 leaders: 8.136557e-02
Pairwise Locality Aware, 10 leaders: 1.911957e-02
Pairwise Multileader Locality, 10 leaders: 8.621838e-02
Nonblocking Multileader, 10 leaders: 6.679014e-02
Nonblocking Locality Aware, 10 leaders: 1.550696e-02
Nonblocking Multileader Locality, 10 leaders: 8.338412e-02
Pairwise Multileader, 20 leaders: 4.709092e-02
Pairwise Locality Aware, 20 leaders: 1.931646e-02
Pairwise Multileader Locality, 20 leaders: 4.421881e-02
Nonblocking Multileader, 20 leaders: 3.353616e-02
Nonblocking Locality Aware, 20 leaders: 1.625040e-02
Nonblocking Multileader Locality, 20 leaders: 4.062333e-02
Size 8192
PMPI: 2.904078e-02
Pairwise: 2.994288e-02
NonBlocking: 3.085145e-02
Pairwise Hierarchical: 9.426488e-01
Pairwise Node Aware: 3.956366e-02
Nonblocking Hierarchical: 9.349017e-01
Nonblocking Node Aware: 3.648615e-02
Pairwise Multileader, 4 leaders: 2.629360e-01
Pairwise Locality Aware, 4 leaders: 3.878819e-02
Pairwise Multileader Locality, 4 leaders: 2.942339e-01
Nonblocking Multileader, 4 leaders: 2.323300e-01
Nonblocking Locality Aware, 4 leaders: 3.492060e-02
Nonblocking Multileader Locality, 4 leaders: 2.727742e-01
Pairwise Multileader, 10 leaders: 1.555050e-01
Pairwise Locality Aware, 10 leaders: 3.953403e-02
Pairwise Multileader Locality, 10 leaders: 1.663358e-01
Nonblocking Multileader, 10 leaders: 1.300659e-01
Nonblocking Locality Aware, 10 leaders: 3.491998e-02
Nonblocking Multileader Locality, 10 leaders: 1.590302e-01
Pairwise Multileader, 20 leaders: 9.450945e-02
Pairwise Locality Aware, 20 leaders: 4.035865e-02
Pairwise Multileader Locality, 20 leaders: 1.008085e-01
Nonblocking Multileader, 20 leaders: 7.568862e-02
Nonblocking Locality Aware, 20 leaders: 3.472184e-02
Nonblocking Multileader Locality, 20 leaders: 9.115551e-02
Size 16384
PMPI: 5.428765e-02
Pairwise: 5.505079e-02
NonBlocking: 5.353709e-02
Pairwise Hierarchical: 1.936985e+00
Pairwise Node Aware: 7.926660e-02
Nonblocking Hierarchical: 1.941863e+00
Nonblocking Node Aware: 7.376959e-02
Pairwise Multileader, 4 leaders: 5.439072e-01
Pairwise Locality Aware, 4 leaders: 7.885137e-02
Pairwise Multileader Locality, 4 leaders: 6.302060e-01
Nonblocking Multileader, 4 leaders: 5.064648e-01
Nonblocking Locality Aware, 4 leaders: 7.220578e-02
Nonblocking Multileader Locality, 4 leaders: 5.747963e-01
Pairwise Multileader, 10 leaders: 3.272681e-01
Pairwise Locality Aware, 10 leaders: 8.053983e-02
Pairwise Multileader Locality, 10 leaders: 3.696251e-01
Nonblocking Multileader, 10 leaders: 2.602230e-01
Nonblocking Locality Aware, 10 leaders: 7.244876e-02
Nonblocking Multileader Locality, 10 leaders: 3.144646e-01
Pairwise Multileader, 20 leaders: 1.750125e-01
Pairwise Locality Aware, 20 leaders: 8.180384e-02
Pairwise Multileader Locality, 20 leaders: 1.936508e-01
Nonblocking Multileader, 20 leaders: 1.491231e-01
Nonblocking Locality Aware, 20 leaders: 7.491783e-02
Nonblocking Multileader Locality, 20 leaders: 1.758763e-01
