Running Alltoall Benchmark on 32 nodes and 3200 tasks
Size 1
PMPI: 1.157201e-03
Pairwise: 2.038441e-02
NonBlocking: 1.796203e-02
Hierarchical: 1.683883e-02
Multileader: 1.894754e-02
Node Aware: 2.100123e-02
Locality Aware: 2.120233e-02
Multileader Locality: 2.248687e-02
Size 2
PMPI: 1.303007e-03
Pairwise: 2.244392e-02
NonBlocking: 2.632298e-02
Hierarchical: 3.594556e-02
Multileader: 1.822220e-02
Node Aware: 2.111917e-02
Locality Aware: 1.860297e-02
Multileader Locality: 1.721135e-02
Size 4
PMPI: 2.787666e-03
Pairwise: 2.705035e-02
NonBlocking: 4.215761e-02
Hierarchical: 3.324128e-02
Multileader: 4.017289e-02
Node Aware: 3.159043e-02
Locality Aware: 3.727193e-02
Multileader Locality: 4.038978e-02
Size 8
PMPI: 3.678150e-03
Pairwise: 3.299228e-02
NonBlocking: 4.206826e-02
Hierarchical: 3.748593e-02
Multileader: 5.478355e-02
Node Aware: 5.267694e-02
Locality Aware: 3.954081e-02
Multileader Locality: 4.265765e-02
Size 16
PMPI: 5.852959e-03
Pairwise: 5.161680e-02
NonBlocking: 4.066218e-02
Hierarchical: 3.884295e-02
Multileader: 3.834179e-02
Node Aware: 2.766884e-02
Locality Aware: 4.749155e-02
Multileader Locality: 3.847687e-02
Size 32
PMPI: 1.178111e-02
Pairwise: 4.635694e-02
NonBlocking: 4.536293e-02
Hierarchical: 3.257549e-02
Multileader: 5.652991e-02
Node Aware: 5.454569e-02
Locality Aware: 5.401024e-02
Multileader Locality: 4.547362e-02
Size 64
PMPI: 1.999311e-02
Pairwise: 2.890957e-02
NonBlocking: 5.805634e-02
Hierarchical: 4.602905e-02
Multileader: 5.803488e-02
Node Aware: 5.805628e-02
Locality Aware: 4.666267e-02
Multileader Locality: 4.207176e-02
Size 128
PMPI: 4.255309e-02
Pairwise: 4.518741e-02
NonBlocking: 7.249236e-02
Hierarchical: 5.434673e-02
Multileader: 5.521096e-02
Node Aware: 6.822446e-02
Locality Aware: 5.173537e-02
Multileader Locality: 6.439214e-02
Size 256
PMPI: 8.796651e-02
Pairwise: 7.320004e-02
NonBlocking: 6.985680e-02
Hierarchical: 8.035205e-02
Multileader: 7.563470e-02
Node Aware: 7.806557e-02
Locality Aware: 7.600677e-02
Multileader Locality: 8.276267e-02
Size 512
PMPI: 5.763552e-01
Pairwise: 1.169719e-01
NonBlocking: 1.189793e-01
Hierarchical: 1.127202e-01
Multileader: 1.117703e-01
Node Aware: 1.176601e-01
Locality Aware: 1.138135e-01
Multileader Locality: 1.071235e-01
Size 1024
PMPI: 2.065748e-01
Pairwise: 2.149295e-01
NonBlocking: 2.041914e-01
Hierarchical: 2.159154e-01
Multileader: 2.237137e-01
Node Aware: 2.126513e-01
Locality Aware: 2.148806e-01
Multileader Locality: 2.130593e-01
Size 2048
PMPI: 4.196702e-01
Pairwise: 4.021378e-01
NonBlocking: 4.266402e-01
