Running Alltoall Benchmark on 16 nodes and 1600 tasks
Size 1
PMPI: 3.734732e-04
Pairwise: 6.118291e-03
NonBlocking: 6.082917e-03
Hierarchical: 6.635214e-03
Multileader: 5.845607e-03
Node Aware: 6.786968e-03
Locality Aware: 7.324603e-03
Multileader Locality: 7.763149e-03
Size 2
PMPI: 5.996531e-04
Pairwise: 7.529903e-03
NonBlocking: 7.533126e-03
Hierarchical: 8.045581e-03
Multileader: 6.833652e-03
Node Aware: 8.757691e-03
Locality Aware: 8.450123e-03
Multileader Locality: 7.144501e-03
Size 4
PMPI: 1.023707e-03
Pairwise: 1.191586e-02
NonBlocking: 2.119890e-02
Hierarchical: 1.730058e-02
Multileader: 1.315150e-02
Node Aware: 1.623848e-02
Locality Aware: 1.948328e-02
Multileader Locality: 1.460327e-02
Size 8
PMPI: 1.411905e-03
Pairwise: 2.392270e-02
NonBlocking: 1.678213e-02
Hierarchical: 1.779783e-02
Multileader: 2.017602e-02
Node Aware: 1.604240e-02
Locality Aware: 1.295149e-02
Multileader Locality: 1.589995e-02
Size 16
PMPI: 2.886692e-03
Pairwise: 1.059647e-02
NonBlocking: 1.948100e-02
Hierarchical: 1.222075e-02
Multileader: 1.251756e-02
Node Aware: 2.394458e-02
Locality Aware: 1.796435e-02
Multileader Locality: 2.132234e-02
Size 32
PMPI: 4.901202e-03
Pairwise: 1.912159e-02
NonBlocking: 1.783776e-02
Hierarchical: 1.548058e-02
Multileader: 1.409386e-02
Node Aware: 1.799427e-02
Locality Aware: 1.097884e-02
Multileader Locality: 1.447512e-02
Size 64
PMPI: 9.248981e-03
Pairwise: 1.576393e-02
NonBlocking: 1.421738e-02
Hierarchical: 2.300418e-02
Multileader: 1.626093e-02
Node Aware: 1.753612e-02
Locality Aware: 1.751501e-02
Multileader Locality: 1.356827e-02
Size 128
PMPI: 1.729898e-02
Pairwise: 2.013089e-02
NonBlocking: 1.545002e-02
Hierarchical: 2.212922e-02
Multileader: 1.953587e-02
Node Aware: 1.499573e-02
Locality Aware: 2.546476e-02
Multileader Locality: 1.716283e-02
Size 256
PMPI: 3.391043e-02
Pairwise: 3.010999e-02
NonBlocking: 2.719172e-02
Hierarchical: 3.592644e-02
Multileader: 3.091590e-02
Node Aware: 2.681609e-02
Locality Aware: 3.271652e-02
Multileader Locality: 2.652162e-02
Size 512
PMPI: 1.409862e-01
Pairwise: 4.624185e-02
NonBlocking: 4.344486e-02
Hierarchical: 4.787130e-02
Multileader: 4.893120e-02
Node Aware: 4.439047e-02
Locality Aware: 4.674737e-02
Multileader Locality: 4.425728e-02
Size 1024
PMPI: 8.272304e-02
Pairwise: 8.806283e-02
NonBlocking: 8.267868e-02
Hierarchical: 7.932440e-02
Multileader: 7.619979e-02
Node Aware: 8.924131e-02
Locality Aware: 7.627727e-02
Multileader Locality: 8.224404e-02
Size 2048
PMPI: 1.657872e-01
Pairwise: 1.537526e-01
NonBlocking: 1.527351e-01
Hierarchical: 1.573128e-01
Multileader: 1.483606e-01
Node Aware: 1.675702e-01
Locality Aware: 1.501141e-01
Multileader Locality: 1.478692e-01
Size 4096
PMPI: 3.250341e-01
Pairwise: 3.051531e-01
NonBlocking: 3.142614e-01
