Running Alltoall Benchmark on 8 nodes and 800 tasks
Size 1
PMPI: 1.501666e-04
Pairwise: 2.839238e-03
NonBlocking: 3.838484e-03
Hierarchical: 3.595755e-03
Multileader: 2.381209e-03
Node Aware: 2.123354e-03
Locality Aware: 2.150113e-03
Multileader Locality: 2.148841e-03
Size 2
PMPI: 2.131163e-04
Pairwise: 2.373369e-03
NonBlocking: 1.950898e-03
Hierarchical: 2.411751e-03
Multileader: 2.286992e-03
Node Aware: 2.290889e-03
Locality Aware: 2.082549e-03
Multileader Locality: 2.378933e-03
Size 4
PMPI: 5.243588e-04
Pairwise: 4.202990e-03
NonBlocking: 4.632266e-03
Hierarchical: 4.546598e-03
Multileader: 5.422034e-03
Node Aware: 4.789573e-03
Locality Aware: 5.141107e-03
Multileader Locality: 4.076108e-03
Size 8
PMPI: 5.846544e-04
Pairwise: 4.633468e-03
NonBlocking: 4.953250e-03
Hierarchical: 4.250875e-03
Multileader: 4.754030e-03
Node Aware: 4.359182e-03
Locality Aware: 4.494841e-03
Multileader Locality: 4.284282e-03
Size 16
PMPI: 1.026319e-03
Pairwise: 4.956252e-03
NonBlocking: 4.130527e-03
Hierarchical: 5.047275e-03
Multileader: 4.567426e-03
Node Aware: 4.568547e-03
Locality Aware: 4.621714e-03
Multileader Locality: 4.700105e-03
Size 32
PMPI: 2.075948e-03
Pairwise: 5.243561e-03
NonBlocking: 4.991259e-03
Hierarchical: 4.698519e-03
Multileader: 4.916353e-03
Node Aware: 4.287631e-03
Locality Aware: 5.588674e-03
Multileader Locality: 4.191971e-03
Size 64
PMPI: 3.320248e-03
Pairwise: 5.216261e-03
NonBlocking: 5.159091e-03
Hierarchical: 5.578737e-03
Multileader: 4.987034e-03
Node Aware: 5.476590e-03
Locality Aware: 4.918118e-03
Multileader Locality: 6.100232e-03
Size 128
PMPI: 6.658934e-03
Pairwise: 7.334975e-03
NonBlocking: 6.529542e-03
Hierarchical: 7.466486e-03
Multileader: 7.032817e-03
Node Aware: 7.433340e-03
Locality Aware: 6.495320e-03
Multileader Locality: 7.562520e-03
Size 256
PMPI: 1.195027e-02
Pairwise: 9.551239e-03
NonBlocking: 1.067986e-02
Hierarchical: 9.826371e-03
Multileader: 1.143595e-02
Node Aware: 1.002337e-02
Locality Aware: 1.117640e-02
Multileader Locality: 1.012191e-02
Size 512
PMPI: 2.761179e-02
Pairwise: 1.754302e-02
NonBlocking: 1.818211e-02
Hierarchical: 1.786007e-02
Multileader: 1.888388e-02
Node Aware: 1.859146e-02
Locality Aware: 1.800308e-02
Multileader Locality: 1.856626e-02
Size 1024
PMPI: 3.470505e-02
Pairwise: 3.384656e-02
NonBlocking: 3.219511e-02
Hierarchical: 3.477765e-02
Multileader: 3.311291e-02
Node Aware: 3.349933e-02
Locality Aware: 3.368150e-02
Multileader Locality: 3.436934e-02
Size 2048
PMPI: 6.827196e-02
Pairwise: 6.585034e-02
NonBlocking: 6.711745e-02
Hierarchical: 6.768358e-02
Multileader: 6.635954e-02
Node Aware: 6.561488e-02
Locality Aware: 6.789139e-02
Multileader Locality: 6.873107e-02
Size 4096
PMPI: 1.394610e-01
Pairwise: 1.280506e-01
NonBlocking: 1.359771e-01
Hierarchical: 1.343962e-01
Multileader: 1.311742e-01
Node Aware: 1.310061e-01
Locality Aware: 1.344967e-01
Multileader Locality: 1.286257e-01
Size 8192
PMPI: 2.642176e-01
Pairwise: 2.625627e-01
NonBlocking: 2.504849e-01
