Fatal error in PMPI_Gather: Invalid buffer pointer, error stack:
PMPI_Gather(929): MPI_Gather(sbuf=0x155509dec010, scount=6553600, MPI_FLOAT, rbuf=(nil), rcount=6553600, MPI_FLOAT, root=0, comm=0xc4000000) failed
PMPI_Gather(851): Null buffer pointer
[cli_0]: aborting job:
Fatal error in PMPI_Gather: Invalid buffer pointer, error stack:
PMPI_Gather(929): MPI_Gather(sbuf=0x155509dec010, scount=6553600, MPI_FLOAT, rbuf=(nil), rcount=6553600, MPI_FLOAT, root=0, comm=0xc4000000) failed
PMPI_Gather(851): Null buffer pointer
Fatal error in PMPI_Gather: Invalid buffer pointer, error stack:
PMPI_Gather(929): MPI_Gather(sbuf=0x155505d09010, scount=6553600, MPI_FLOAT, rbuf=(nil), rcount=6553600, MPI_FLOAT, root=0, comm=0xc4000000) failed
PMPI_Gather(851): Null buffer pointer
[cli_300]: aborting job:
Fatal error in PMPI_Gather: Invalid buffer pointer, error stack:
PMPI_Gather(929): MPI_Gather(sbuf=0x155505d09010, scount=6553600, MPI_FLOAT, rbuf=(nil), rcount=6553600, MPI_FLOAT, root=0, comm=0xc4000000) failed
PMPI_Gather(851): Null buffer pointer
Fatal error in PMPI_Gather: Invalid buffer pointer, error stack:
PMPI_Gather(929): MPI_Gather(sbuf=0x155509dec010, scount=6553600, MPI_FLOAT, rbuf=(nil), rcount=6553600, MPI_FLOAT, root=0, comm=0xc4000000) failed
PMPI_Gather(851): Null buffer pointer
[cli_100]: aborting job:
Fatal error in PMPI_Gather: Invalid buffer pointer, error stack:
PMPI_Gather(929): MPI_Gather(sbuf=0x155509dec010, scount=6553600, MPI_FLOAT, rbuf=(nil), rcount=6553600, MPI_FLOAT, root=0, comm=0xc4000000) failed
PMPI_Gather(851): Null buffer pointer
Fatal error in PMPI_Gather: Invalid buffer pointer, error stack:
PMPI_Gather(929): MPI_Gather(sbuf=0x155509dec010, scount=6553600, MPI_FLOAT, rbuf=(nil), rcount=6553600, MPI_FLOAT, root=0, comm=0xc4000000) failed
PMPI_Gather(851): Null buffer pointer
[cli_200]: aborting job:
Fatal error in PMPI_Gather: Invalid buffer pointer, error stack:
PMPI_Gather(929): MPI_Gather(sbuf=0x155509dec010, scount=6553600, MPI_FLOAT, rbuf=(nil), rcount=6553600, MPI_FLOAT, root=0, comm=0xc4000000) failed
PMPI_Gather(851): Null buffer pointer
slurmstepd: error: *** STEP 2357789.0 ON dane122 CANCELLED AT 2025-04-28T12:12:34 ***
srun: Job step aborted: Waiting up to 62 seconds for job step to finish.
srun: error: dane664: tasks 200-299: Killed
srun: error: dane757: tasks 300-399: Killed
srun: error: dane517: tasks 100-199: Killed
srun: error: dane122: tasks 0-99: Killed
