Running Alltoall Benchmark on 4 nodes and 400 tasks
Size 1
PMPI: 7.637312e-05
Pairwise: 1.030168e-03
NonBlocking: 1.119813e-03
Hierarchical: 1.065954e-03
Multileader: 1.167425e-03
Node Aware: 1.223545e-03
Locality Aware: 9.990675e-04
Multileader Locality: 9.171154e-04
Size 2
PMPI: 9.303350e-05
Pairwise: 9.398168e-04
NonBlocking: 9.347979e-04
Hierarchical: 9.893752e-04
Multileader: 9.217796e-04
Node Aware: 9.348522e-04
Locality Aware: 9.329333e-04
Multileader Locality: 9.098401e-04
Size 4
PMPI: 1.292009e-04
Pairwise: 1.863215e-03
NonBlocking: 1.888913e-03
Hierarchical: 2.024815e-03
Multileader: 1.807185e-03
Node Aware: 2.364389e-03
Locality Aware: 1.745879e-03
Multileader Locality: 2.000924e-03
Size 8
PMPI: 2.189727e-04
Pairwise: 1.809592e-03
NonBlocking: 2.193350e-03
Hierarchical: 1.808194e-03
Multileader: 2.011686e-03
Node Aware: 1.868832e-03
Locality Aware: 1.800504e-03
Multileader Locality: 1.818466e-03
Size 16
PMPI: 3.958992e-04
Pairwise: 1.868932e-03
NonBlocking: 1.769379e-03
Hierarchical: 2.386258e-03
Multileader: 1.930680e-03
Node Aware: 2.622674e-03
Locality Aware: 1.871438e-03
Multileader Locality: 1.953758e-03
Size 32
PMPI: 7.238274e-04
Pairwise: 1.869246e-03
NonBlocking: 2.072701e-03
Hierarchical: 2.064780e-03
Multileader: 2.244054e-03
Node Aware: 2.454485e-03
Locality Aware: 2.102019e-03
Multileader Locality: 2.161827e-03
Size 64
PMPI: 1.508343e-03
Pairwise: 1.862283e-03
NonBlocking: 2.370456e-03
Hierarchical: 1.898151e-03
Multileader: 2.260275e-03
Node Aware: 2.014454e-03
Locality Aware: 2.020186e-03
Multileader Locality: 2.331808e-03
Size 128
PMPI: 2.408398e-03
Pairwise: 2.810119e-03
NonBlocking: 2.629042e-03
Hierarchical: 2.573138e-03
Multileader: 2.687838e-03
Node Aware: 2.722993e-03
Locality Aware: 3.548513e-03
Multileader Locality: 2.904855e-03
Size 256
PMPI: 4.621797e-03
Pairwise: 3.885299e-03
NonBlocking: 5.147405e-03
Hierarchical: 4.031954e-03
Multileader: 4.897934e-03
Node Aware: 3.868801e-03
Locality Aware: 4.306192e-03
Multileader Locality: 4.326771e-03
Size 512
PMPI: 7.183584e-03
Pairwise: 7.182783e-03
NonBlocking: 7.525357e-03
Hierarchical: 7.314503e-03
Multileader: 7.923790e-03
Node Aware: 6.755616e-03
Locality Aware: 7.474373e-03
Multileader Locality: 6.973765e-03
Size 1024
PMPI: 1.478606e-02
Pairwise: 1.318950e-02
NonBlocking: 1.484534e-02
Hierarchical: 1.383023e-02
Multileader: 1.403273e-02
Node Aware: 1.411955e-02
Locality Aware: 1.310839e-02
Multileader Locality: 1.403163e-02
Size 2048
PMPI: 2.480222e-02
Pairwise: 2.654534e-02
NonBlocking: 2.609041e-02
Hierarchical: 2.723755e-02
Multileader: 2.774500e-02
Node Aware: 2.607511e-02
Locality Aware: 2.763127e-02
Multileader Locality: 2.549072e-02
Size 4096
PMPI: 6.031676e-02
Pairwise: 5.245245e-02
NonBlocking: 5.514836e-02
Hierarchical: 5.514430e-02
Multileader: 5.165940e-02
Node Aware: 5.568199e-02
Locality Aware: 5.134157e-02
Multileader Locality: 5.615225e-02
Size 8192
PMPI: 9.613669e-02
Pairwise: 1.090212e-01
NonBlocking: 9.801875e-02
Hierarchical: 1.022173e-01
Multileader: 9.298925e-02
Node Aware: 1.035150e-01
Locality Aware: 1.010575e-01
Multileader Locality: 1.025529e-01
Size 16384
PMPI: 1.867457e-01
Pairwise: 1.656915e-01
NonBlocking: 1.488461e-01
