Running Alltoall Benchmark on 2 nodes and 200 tasks
Size 1
PMPI: 4.355267e-05
Pairwise: 4.197910e-04
NonBlocking: 3.843548e-04
Hierarchical: 3.722437e-04
Multileader: 3.775375e-04
Node Aware: 3.826830e-04
Locality Aware: 3.723335e-04
Multileader Locality: 3.736743e-04
Size 2
PMPI: 4.755026e-05
Pairwise: 3.800425e-04
NonBlocking: 3.782890e-04
Hierarchical: 3.887225e-04
Multileader: 3.832761e-04
Node Aware: 3.752927e-04
Locality Aware: 3.787618e-04
Multileader Locality: 3.898802e-04
Size 4
PMPI: 5.641340e-05
Pairwise: 7.797026e-04
NonBlocking: 8.123352e-04
Hierarchical: 7.932194e-04
Multileader: 8.175682e-04
Node Aware: 8.044608e-04
Locality Aware: 7.911799e-04
Multileader Locality: 7.797765e-04
Size 8
PMPI: 7.942569e-05
Pairwise: 8.212948e-04
NonBlocking: 7.913009e-04
Hierarchical: 7.881071e-04
Multileader: 8.170724e-04
Node Aware: 8.222846e-04
Locality Aware: 8.068349e-04
Multileader Locality: 8.225799e-04
Size 16
PMPI: 1.334695e-04
Pairwise: 7.838361e-04
NonBlocking: 8.238470e-04
Hierarchical: 7.840044e-04
Multileader: 7.835606e-04
Node Aware: 8.261581e-04
Locality Aware: 8.291649e-04
Multileader Locality: 8.044197e-04
Size 32
PMPI: 2.621142e-04
Pairwise: 8.159941e-04
NonBlocking: 8.076026e-04
Hierarchical: 8.467135e-04
Multileader: 8.034245e-04
Node Aware: 8.066115e-04
Locality Aware: 8.346858e-04
Multileader Locality: 8.094232e-04
Size 64
PMPI: 4.357225e-04
Pairwise: 8.829906e-04
NonBlocking: 8.369698e-04
Hierarchical: 8.390744e-04
Multileader: 8.808576e-04
Node Aware: 8.362627e-04
Locality Aware: 8.541259e-04
Multileader Locality: 8.919005e-04
Size 128
PMPI: 8.411458e-04
Pairwise: 9.813681e-04
NonBlocking: 1.014320e-03
Hierarchical: 9.845995e-04
Multileader: 1.011071e-03
Node Aware: 1.012293e-03
Locality Aware: 9.724600e-04
Multileader Locality: 9.655051e-04
Size 256
PMPI: 1.646762e-03
Pairwise: 1.356325e-03
NonBlocking: 1.369368e-03
Hierarchical: 1.488945e-03
Multileader: 1.335838e-03
Node Aware: 1.355067e-03
Locality Aware: 1.484623e-03
Multileader Locality: 1.343428e-03
Size 512
PMPI: 2.226258e-03
Pairwise: 2.471087e-03
NonBlocking: 2.245607e-03
Hierarchical: 2.395905e-03
Multileader: 2.543720e-03
Node Aware: 2.262197e-03
Locality Aware: 2.330460e-03
Multileader Locality: 2.416036e-03
Size 1024
PMPI: 4.363031e-03
Pairwise: 4.268765e-03
NonBlocking: 4.380784e-03
Hierarchical: 4.319295e-03
Multileader: 4.186983e-03
Node Aware: 4.211646e-03
Locality Aware: 4.447992e-03
Multileader Locality: 4.207322e-03
Size 2048
PMPI: 8.312140e-03
Pairwise: 9.189936e-03
NonBlocking: 8.234386e-03
Hierarchical: 8.463344e-03
Multileader: 9.030145e-03
Node Aware: 8.233315e-03
Locality Aware: 8.564847e-03
Multileader Locality: 8.871296e-03
Size 4096
PMPI: 1.802506e-02
Pairwise: 1.630284e-02
NonBlocking: 1.713112e-02
Hierarchical: 1.631869e-02
Multileader: 1.720022e-02
Node Aware: 1.658163e-02
Locality Aware: 1.607202e-02
Multileader Locality: 1.778685e-02
Size 8192
PMPI: 3.057343e-02
Pairwise: 3.114333e-02
NonBlocking: 3.262174e-02
Hierarchical: 3.250889e-02
Multileader: 3.081412e-02
Node Aware: 3.116112e-02
Locality Aware: 3.273941e-02
Multileader Locality: 3.256629e-02
Size 16384
PMPI: 5.900251e-02
Pairwise: 5.769987e-02
NonBlocking: 5.806596e-02
Hierarchical: 5.601344e-02
Multileader: 6.081367e-02
Node Aware: 5.763630e-02
Locality Aware: 5.945440e-02
Multileader Locality: 5.844511e-02
