0: Testing Size 1
0: PMPI_Allreduce Time 1.319723e-05
0: MPIL Recursive Doubling Allreduce Time 1.417263e-05
0: MPIL Node-Aware Dissemination Allreduce Time 1.863290e-05
0: MPIL NUMA-Aware Dissemination Allreduce Time 1.215564e-05
0: Testing Size 2
0: PMPI_Allreduce Time 1.325307e-05
0: MPIL Recursive Doubling Allreduce Time 1.586980e-05
0: MPIL Node-Aware Dissemination Allreduce Time 1.976789e-05
0: MPIL NUMA-Aware Dissemination Allreduce Time 1.256947e-05
0: Testing Size 4
0: PMPI_Allreduce Time 1.335073e-05
0: MPIL Recursive Doubling Allreduce Time 1.580750e-05
0: MPIL Node-Aware Dissemination Allreduce Time 2.064268e-05
0: MPIL NUMA-Aware Dissemination Allreduce Time 1.218373e-05
0: Testing Size 8
0: PMPI_Allreduce Time 1.363201e-05
0: MPIL Recursive Doubling Allreduce Time 1.549850e-05
0: MPIL Node-Aware Dissemination Allreduce Time 2.033159e-05
0: MPIL NUMA-Aware Dissemination Allreduce Time 1.211046e-05
0: Testing Size 16
0: PMPI_Allreduce Time 1.412940e-05
0: MPIL Recursive Doubling Allreduce Time 2.288426e-05
0: MPIL Node-Aware Dissemination Allreduce Time 2.034648e-05
0: MPIL NUMA-Aware Dissemination Allreduce Time 1.308576e-05
0: Testing Size 32
0: PMPI_Allreduce Time 1.571208e-05
0: MPIL Recursive Doubling Allreduce Time 2.419158e-05
0: MPIL Node-Aware Dissemination Allreduce Time 2.241853e-05
0: MPIL NUMA-Aware Dissemination Allreduce Time 1.633367e-05
0: Testing Size 64
0: PMPI_Allreduce Time 2.585348e-05
0: MPIL Recursive Doubling Allreduce Time 2.714549e-05
0: MPIL Node-Aware Dissemination Allreduce Time 4.215897e-05
0: MPIL NUMA-Aware Dissemination Allreduce Time 2.592592e-05
0: Testing Size 128
0: PMPI_Allreduce Time 3.994326e-05
0: MPIL Recursive Doubling Allreduce Time 5.022980e-05
0: MPIL Node-Aware Dissemination Allreduce Time 7.318674e-05
0: MPIL NUMA-Aware Dissemination Allreduce Time 3.740262e-05
0: Testing Size 256
0: PMPI_Allreduce Time 5.308236e-05
0: MPIL Recursive Doubling Allreduce Time 5.912555e-05
0: MPIL Node-Aware Dissemination Allreduce Time 9.602715e-05
0: MPIL NUMA-Aware Dissemination Allreduce Time 4.931216e-05
0: Testing Size 512
0: PMPI_Allreduce Time 6.685497e-05
0: MPIL Recursive Doubling Allreduce Time 7.363351e-05
0: MPIL Node-Aware Dissemination Allreduce Time 1.237678e-04
0: MPIL NUMA-Aware Dissemination Allreduce Time 5.975400e-05
0: Testing Size 1024
0: PMPI_Allreduce Time 9.357568e-05
0: MPIL Recursive Doubling Allreduce Time 9.647186e-05
0: MPIL Node-Aware Dissemination Allreduce Time 1.684578e-04
0: MPIL NUMA-Aware Dissemination Allreduce Time 8.655444e-05
0: Testing Size 2048
0: PMPI_Allreduce Time 1.201248e-04
0: MPIL Recursive Doubling Allreduce Time 1.468478e-04
0: MPIL Node-Aware Dissemination Allreduce Time 2.270021e-04
0: MPIL NUMA-Aware Dissemination Allreduce Time 1.240773e-04
0: Testing Size 4096
0: PMPI_Allreduce Time 1.804929e-04
0: MPIL Recursive Doubling Allreduce Time 2.563007e-04
0: MPIL Node-Aware Dissemination Allreduce Time 3.472110e-04
0: MPIL NUMA-Aware Dissemination Allreduce Time 1.984079e-04
0: Testing Size 8192
0: PMPI_Allreduce Time 2.942262e-04
0: MPIL Recursive Doubling Allreduce Time 4.675613e-04
0: MPIL Node-Aware Dissemination Allreduce Time 5.659585e-04
0: MPIL NUMA-Aware Dissemination Allreduce Time 3.519464e-04
0: Testing Size 16384
0: PMPI_Allreduce Time 5.656999e-04
0: MPIL Recursive Doubling Allreduce Time 8.929383e-04
0: MPIL Node-Aware Dissemination Allreduce Time 1.078583e-03
0: MPIL NUMA-Aware Dissemination Allreduce Time 6.566921e-04
0: Testing Size 32768
0: PMPI_Allreduce Time 1.021894e-03
0: MPIL Recursive Doubling Allreduce Time 1.746710e-03
0: MPIL Node-Aware Dissemination Allreduce Time 1.817889e-03
0: MPIL NUMA-Aware Dissemination Allreduce Time 1.193100e-03
0: Testing Size 65536
0: PMPI_Allreduce Time 2.009916e-03
0: MPIL Recursive Doubling Allreduce Time 3.348487e-03
0: MPIL Node-Aware Dissemination Allreduce Time 3.544795e-03
0: MPIL NUMA-Aware Dissemination Allreduce Time 2.340260e-03
0: Testing Size 131072
0: PMPI_Allreduce Time 4.612375e-03
0: MPIL Recursive Doubling Allreduce Time 6.414539e-03
0: MPIL Node-Aware Dissemination Allreduce Time 7.526416e-03
0: MPIL NUMA-Aware Dissemination Allreduce Time 4.806651e-03
0: Testing Size 262144
0: PMPI_Allreduce Time 9.268688e-03
0: MPIL Recursive Doubling Allreduce Time 1.275079e-02
0: MPIL Node-Aware Dissemination Allreduce Time 1.511988e-02
0: MPIL NUMA-Aware Dissemination Allreduce Time 9.400497e-03
0: Testing Size 524288
0: PMPI_Allreduce Time 1.795237e-02
0: MPIL Recursive Doubling Allreduce Time 2.537770e-02
0: MPIL Node-Aware Dissemination Allreduce Time 2.982637e-02
0: MPIL NUMA-Aware Dissemination Allreduce Time 1.901923e-02
