0: Testing Size 1
0: PMPI Allreduce Time: 1.304953e-05
0: MPIL GPU-Aware Recursive Doubling Time: 1.332540e-05
0: MPIL GPU-Aware Node-Aware Dissemination Time: 4.835009e-04
0: MPIL GPU-Aware NUMA-Aware Dissemination Time: 5.202424e-04
0: Testing Size 2
0: PMPI Allreduce Time: 1.336093e-05
0: MPIL GPU-Aware Recursive Doubling Time: 1.309645e-05
0: MPIL GPU-Aware Node-Aware Dissemination Time: 4.836193e-04
0: MPIL GPU-Aware NUMA-Aware Dissemination Time: 5.265405e-04
0: Testing Size 4
0: PMPI Allreduce Time: 1.323081e-05
0: MPIL GPU-Aware Recursive Doubling Time: 1.298583e-05
0: MPIL GPU-Aware Node-Aware Dissemination Time: 4.832916e-04
0: MPIL GPU-Aware NUMA-Aware Dissemination Time: 5.286263e-04
0: Testing Size 8
0: PMPI Allreduce Time: 1.290840e-05
0: MPIL GPU-Aware Recursive Doubling Time: 1.284464e-05
0: MPIL GPU-Aware Node-Aware Dissemination Time: 4.840010e-04
0: MPIL GPU-Aware NUMA-Aware Dissemination Time: 5.266921e-04
0: Testing Size 16
0: PMPI Allreduce Time: 1.412558e-05
0: MPIL GPU-Aware Recursive Doubling Time: 1.413130e-05
0: MPIL GPU-Aware Node-Aware Dissemination Time: 4.825048e-04
0: MPIL GPU-Aware NUMA-Aware Dissemination Time: 5.271085e-04
0: Testing Size 32
0: PMPI Allreduce Time: 2.414125e-05
0: MPIL GPU-Aware Recursive Doubling Time: 2.462069e-05
0: MPIL GPU-Aware Node-Aware Dissemination Time: 5.218237e-04
0: MPIL GPU-Aware NUMA-Aware Dissemination Time: 5.635342e-04
0: Testing Size 64
0: PMPI Allreduce Time: 2.675013e-05
0: MPIL GPU-Aware Recursive Doubling Time: 2.681321e-05
0: MPIL GPU-Aware Node-Aware Dissemination Time: 5.301313e-04
0: MPIL GPU-Aware NUMA-Aware Dissemination Time: 5.611856e-04
0: Testing Size 128
0: PMPI Allreduce Time: 4.068734e-05
0: MPIL GPU-Aware Recursive Doubling Time: 4.070981e-05
0: MPIL GPU-Aware Node-Aware Dissemination Time: 5.490315e-04
0: MPIL GPU-Aware NUMA-Aware Dissemination Time: 5.571824e-04
0: Testing Size 256
0: PMPI Allreduce Time: 4.730934e-05
0: MPIL GPU-Aware Recursive Doubling Time: 4.735542e-05
0: MPIL GPU-Aware Node-Aware Dissemination Time: 5.567033e-04
0: MPIL GPU-Aware NUMA-Aware Dissemination Time: 5.586821e-04
0: Testing Size 512
0: PMPI Allreduce Time: 6.095998e-05
0: MPIL GPU-Aware Recursive Doubling Time: 6.066573e-05
0: MPIL GPU-Aware Node-Aware Dissemination Time: 5.786337e-04
0: MPIL GPU-Aware NUMA-Aware Dissemination Time: 5.725665e-04
0: Testing Size 1024
0: PMPI Allreduce Time: 5.143789e-04
0: MPIL GPU-Aware Recursive Doubling Time: 5.144424e-04
0: MPIL GPU-Aware Node-Aware Dissemination Time: 2.374638e-03
0: MPIL GPU-Aware NUMA-Aware Dissemination Time: 2.524630e-03
0: Testing Size 2048
0: PMPI Allreduce Time: 1.820702e-04
0: MPIL GPU-Aware Recursive Doubling Time: 1.815211e-04
0: MPIL GPU-Aware Node-Aware Dissemination Time: 9.808142e-03
0: MPIL GPU-Aware NUMA-Aware Dissemination Time: 5.279310e-03
0: Testing Size 4096
0: PMPI Allreduce Time: 1.879565e-04
0: MPIL GPU-Aware Recursive Doubling Time: 1.870222e-04
0: MPIL GPU-Aware Node-Aware Dissemination Time: 9.972621e-03
0: MPIL GPU-Aware NUMA-Aware Dissemination Time: 5.542205e-03
0: Testing Size 8192
0: PMPI Allreduce Time: 1.959219e-04
0: MPIL GPU-Aware Recursive Doubling Time: 1.958964e-04
0: MPIL GPU-Aware Node-Aware Dissemination Time: 1.012037e-02
0: MPIL GPU-Aware NUMA-Aware Dissemination Time: 5.297841e-03
0: Testing Size 16384
0: PMPI Allreduce Time: 2.043013e-04
0: MPIL GPU-Aware Recursive Doubling Time: 2.051586e-04
0: MPIL GPU-Aware Node-Aware Dissemination Time: 1.010915e-02
0: MPIL GPU-Aware NUMA-Aware Dissemination Time: 5.222086e-03
0: Testing Size 32768
0: PMPI Allreduce Time: 2.312350e-04
0: MPIL GPU-Aware Recursive Doubling Time: 2.313394e-04
0: MPIL GPU-Aware Node-Aware Dissemination Time: 1.016762e-02
0: MPIL GPU-Aware NUMA-Aware Dissemination Time: 5.576870e-03
0: Testing Size 65536
0: PMPI Allreduce Time: 2.636508e-04
0: MPIL GPU-Aware Recursive Doubling Time: 2.649945e-04
0: MPIL GPU-Aware Node-Aware Dissemination Time: 1.132517e-02
0: MPIL GPU-Aware NUMA-Aware Dissemination Time: 6.668674e-03
0: Testing Size 131072
0: PMPI Allreduce Time: 3.148173e-04
0: MPIL GPU-Aware Recursive Doubling Time: 3.133111e-04
0: MPIL GPU-Aware Node-Aware Dissemination Time: 1.412484e-02
0: MPIL GPU-Aware NUMA-Aware Dissemination Time: 8.847006e-03
0: Testing Size 262144
0: PMPI Allreduce Time: 4.464902e-04
0: MPIL GPU-Aware Recursive Doubling Time: 4.436588e-04
0: MPIL GPU-Aware Node-Aware Dissemination Time: 1.928453e-02
0: MPIL GPU-Aware NUMA-Aware Dissemination Time: 1.408608e-02
0: Testing Size 524288
0: PMPI Allreduce Time: 7.153418e-04
0: MPIL GPU-Aware Recursive Doubling Time: 7.122860e-04
0: MPIL GPU-Aware Node-Aware Dissemination Time: 2.416618e-02
0: MPIL GPU-Aware NUMA-Aware Dissemination Time: 1.710322e-02
