0: Testing Size 1
0: PMPI Allreduce Time: 1.690009e-05
0: MPIL GPU-Aware Recursive Doubling Time: 1.680731e-05
0: MPIL GPU-Aware Node-Aware Dissemination Time: 6.003769e-05
0: MPIL GPU-Aware NUMA-Aware Dissemination Time: 1.204819e-04
0: CopyToCPU PMPI Allreduce Time: 1.705867e-05
0: MPIL CopyToCPU Recursive Doubling Time: 1.784804e-05
0: MPIL CopyToCPU Node-Aware Dissemination Time: 2.106591e-05
0: MPIL CopyToCPU NUMA-Aware Dissemination Time: 1.816304e-05
0: Testing Size 2
0: PMPI Allreduce Time: 1.703965e-05
0: MPIL GPU-Aware Recursive Doubling Time: 1.703761e-05
0: MPIL GPU-Aware Node-Aware Dissemination Time: 6.816428e-05
0: MPIL GPU-Aware NUMA-Aware Dissemination Time: 1.208546e-04
0: CopyToCPU PMPI Allreduce Time: 1.692260e-05
0: MPIL CopyToCPU Recursive Doubling Time: 1.924089e-05
0: MPIL CopyToCPU Node-Aware Dissemination Time: 2.092005e-05
0: MPIL CopyToCPU NUMA-Aware Dissemination Time: 1.891265e-05
0: Testing Size 4
0: PMPI Allreduce Time: 1.690549e-05
0: MPIL GPU-Aware Recursive Doubling Time: 1.688435e-05
0: MPIL GPU-Aware Node-Aware Dissemination Time: 6.018514e-05
0: MPIL GPU-Aware NUMA-Aware Dissemination Time: 1.192506e-04
0: CopyToCPU PMPI Allreduce Time: 1.713370e-05
0: MPIL CopyToCPU Recursive Doubling Time: 1.927027e-05
0: MPIL CopyToCPU Node-Aware Dissemination Time: 2.098773e-05
0: MPIL CopyToCPU NUMA-Aware Dissemination Time: 1.889112e-05
0: Testing Size 8
0: PMPI Allreduce Time: 1.713300e-05
0: MPIL GPU-Aware Recursive Doubling Time: 1.715922e-05
0: MPIL GPU-Aware Node-Aware Dissemination Time: 6.081130e-05
0: MPIL GPU-Aware NUMA-Aware Dissemination Time: 1.197802e-04
0: CopyToCPU PMPI Allreduce Time: 1.702534e-05
0: MPIL CopyToCPU Recursive Doubling Time: 1.955645e-05
0: MPIL CopyToCPU Node-Aware Dissemination Time: 2.123011e-05
0: MPIL CopyToCPU NUMA-Aware Dissemination Time: 1.905044e-05
0: Testing Size 16
0: PMPI Allreduce Time: 1.823317e-05
0: MPIL GPU-Aware Recursive Doubling Time: 1.813731e-05
0: MPIL GPU-Aware Node-Aware Dissemination Time: 6.146398e-05
0: MPIL GPU-Aware NUMA-Aware Dissemination Time: 1.222258e-04
0: CopyToCPU PMPI Allreduce Time: 1.802984e-05
0: MPIL CopyToCPU Recursive Doubling Time: 2.534791e-05
0: MPIL CopyToCPU Node-Aware Dissemination Time: 2.262795e-05
0: MPIL CopyToCPU NUMA-Aware Dissemination Time: 2.248434e-05
0: Testing Size 32
0: PMPI Allreduce Time: 2.929929e-05
0: MPIL GPU-Aware Recursive Doubling Time: 2.895188e-05
0: MPIL GPU-Aware Node-Aware Dissemination Time: 8.158777e-05
0: MPIL GPU-Aware NUMA-Aware Dissemination Time: 1.327801e-04
0: CopyToCPU PMPI Allreduce Time: 2.453415e-05
0: MPIL CopyToCPU Recursive Doubling Time: 3.118795e-05
0: MPIL CopyToCPU Node-Aware Dissemination Time: 2.687929e-05
0: MPIL CopyToCPU NUMA-Aware Dissemination Time: 3.265671e-05
0: Testing Size 64
0: PMPI Allreduce Time: 3.082019e-05
0: MPIL GPU-Aware Recursive Doubling Time: 3.084219e-05
0: MPIL GPU-Aware Node-Aware Dissemination Time: 8.456507e-05
0: MPIL GPU-Aware NUMA-Aware Dissemination Time: 1.374373e-04
0: CopyToCPU PMPI Allreduce Time: 3.054645e-05
0: MPIL CopyToCPU Recursive Doubling Time: 3.324969e-05
0: MPIL CopyToCPU Node-Aware Dissemination Time: 3.817256e-05
0: MPIL CopyToCPU NUMA-Aware Dissemination Time: 3.338758e-05
0: Testing Size 128
0: PMPI Allreduce Time: 3.507615e-05
0: MPIL GPU-Aware Recursive Doubling Time: 3.508233e-05
0: MPIL GPU-Aware Node-Aware Dissemination Time: 9.717270e-05
0: MPIL GPU-Aware NUMA-Aware Dissemination Time: 1.400113e-04
0: CopyToCPU PMPI Allreduce Time: 3.572735e-05
0: MPIL CopyToCPU Recursive Doubling Time: 4.039669e-05
0: MPIL CopyToCPU Node-Aware Dissemination Time: 4.951735e-05
0: MPIL CopyToCPU NUMA-Aware Dissemination Time: 3.590079e-05
0: Testing Size 256
0: PMPI Allreduce Time: 3.945352e-05
0: MPIL GPU-Aware Recursive Doubling Time: 3.947330e-05
0: MPIL GPU-Aware Node-Aware Dissemination Time: 1.061099e-04
0: MPIL GPU-Aware NUMA-Aware Dissemination Time: 1.464619e-04
0: CopyToCPU PMPI Allreduce Time: 4.431105e-05
0: MPIL CopyToCPU Recursive Doubling Time: 4.860225e-05
0: MPIL CopyToCPU Node-Aware Dissemination Time: 6.330643e-05
0: MPIL CopyToCPU NUMA-Aware Dissemination Time: 4.211773e-05
0: Testing Size 512
0: PMPI Allreduce Time: 4.754348e-05
0: MPIL GPU-Aware Recursive Doubling Time: 4.763622e-05
0: MPIL GPU-Aware Node-Aware Dissemination Time: 1.171112e-04
0: MPIL GPU-Aware NUMA-Aware Dissemination Time: 1.531326e-04
0: CopyToCPU PMPI Allreduce Time: 5.322547e-05
0: MPIL CopyToCPU Recursive Doubling Time: 5.810891e-05
0: MPIL CopyToCPU Node-Aware Dissemination Time: 7.530811e-05
0: MPIL CopyToCPU NUMA-Aware Dissemination Time: 5.239621e-05
0: Testing Size 1024
0: PMPI Allreduce Time: 9.126478e-05
0: MPIL GPU-Aware Recursive Doubling Time: 9.121440e-05
0: MPIL GPU-Aware Node-Aware Dissemination Time: 2.025175e-03
0: MPIL GPU-Aware NUMA-Aware Dissemination Time: 4.785786e-03
0: CopyToCPU PMPI Allreduce Time: 6.586672e-05
0: MPIL CopyToCPU Recursive Doubling Time: 7.211757e-05
0: MPIL CopyToCPU Node-Aware Dissemination Time: 1.031144e-04
0: MPIL CopyToCPU NUMA-Aware Dissemination Time: 7.101630e-05
0: Testing Size 2048
0: PMPI Allreduce Time: 1.636286e-04
0: MPIL GPU-Aware Recursive Doubling Time: 1.627074e-04
0: MPIL GPU-Aware Node-Aware Dissemination Time: 3.722812e-03
0: MPIL GPU-Aware NUMA-Aware Dissemination Time: 4.927817e-03
0: CopyToCPU PMPI Allreduce Time: 1.199621e-04
0: MPIL CopyToCPU Recursive Doubling Time: 1.080056e-04
0: MPIL CopyToCPU Node-Aware Dissemination Time: 1.630848e-04
0: MPIL CopyToCPU NUMA-Aware Dissemination Time: 1.071787e-04
0: Testing Size 4096
0: PMPI Allreduce Time: 1.596539e-04
0: MPIL GPU-Aware Recursive Doubling Time: 1.583628e-04
0: MPIL GPU-Aware Node-Aware Dissemination Time: 5.089247e-03
0: MPIL GPU-Aware NUMA-Aware Dissemination Time: 8.468167e-03
0: CopyToCPU PMPI Allreduce Time: 1.744659e-04
0: MPIL CopyToCPU Recursive Doubling Time: 1.830883e-04
0: MPIL CopyToCPU Node-Aware Dissemination Time: 2.521105e-04
0: MPIL CopyToCPU NUMA-Aware Dissemination Time: 1.858370e-04
0: Testing Size 8192
0: PMPI Allreduce Time: 1.609610e-04
0: MPIL GPU-Aware Recursive Doubling Time: 1.610553e-04
0: MPIL GPU-Aware Node-Aware Dissemination Time: 6.472087e-03
0: MPIL GPU-Aware NUMA-Aware Dissemination Time: 1.179899e-02
0: CopyToCPU PMPI Allreduce Time: 2.836381e-04
0: MPIL CopyToCPU Recursive Doubling Time: 3.049648e-04
0: MPIL CopyToCPU Node-Aware Dissemination Time: 4.071788e-04
0: MPIL CopyToCPU NUMA-Aware Dissemination Time: 3.157225e-04
0: Testing Size 16384
0: PMPI Allreduce Time: 1.676683e-04
0: MPIL GPU-Aware Recursive Doubling Time: 1.670393e-04
0: MPIL GPU-Aware Node-Aware Dissemination Time: 7.512696e-03
0: MPIL GPU-Aware NUMA-Aware Dissemination Time: 1.445338e-02
0: CopyToCPU PMPI Allreduce Time: 4.729902e-04
0: MPIL CopyToCPU Recursive Doubling Time: 5.468758e-04
0: MPIL CopyToCPU Node-Aware Dissemination Time: 7.066290e-04
0: MPIL CopyToCPU NUMA-Aware Dissemination Time: 5.695351e-04
0: Testing Size 32768
0: PMPI Allreduce Time: 1.879039e-04
0: MPIL GPU-Aware Recursive Doubling Time: 1.880192e-04
0: MPIL GPU-Aware Node-Aware Dissemination Time: 8.692241e-03
0: MPIL GPU-Aware NUMA-Aware Dissemination Time: 1.732726e-02
0: CopyToCPU PMPI Allreduce Time: 8.689385e-04
0: MPIL CopyToCPU Recursive Doubling Time: 1.012367e-03
0: MPIL CopyToCPU Node-Aware Dissemination Time: 1.306247e-03
0: MPIL CopyToCPU NUMA-Aware Dissemination Time: 1.068578e-03
0: Testing Size 65536
0: PMPI Allreduce Time: 2.218252e-04
0: MPIL GPU-Aware Recursive Doubling Time: 2.215630e-04
0: MPIL GPU-Aware Node-Aware Dissemination Time: 1.102690e-02
0: MPIL GPU-Aware NUMA-Aware Dissemination Time: 2.317789e-02
0: CopyToCPU PMPI Allreduce Time: 1.649630e-03
0: MPIL CopyToCPU Recursive Doubling Time: 1.908168e-03
0: MPIL CopyToCPU Node-Aware Dissemination Time: 2.470173e-03
0: MPIL CopyToCPU NUMA-Aware Dissemination Time: 2.018095e-03
0: Testing Size 131072
0: PMPI Allreduce Time: 2.596087e-04
0: MPIL GPU-Aware Recursive Doubling Time: 2.600825e-04
0: MPIL GPU-Aware Node-Aware Dissemination Time: 1.580705e-02
0: MPIL GPU-Aware NUMA-Aware Dissemination Time: 3.527383e-02
0: CopyToCPU PMPI Allreduce Time: 3.291297e-03
0: MPIL CopyToCPU Recursive Doubling Time: 3.399351e-03
0: MPIL CopyToCPU Node-Aware Dissemination Time: 4.907500e-03
0: MPIL CopyToCPU NUMA-Aware Dissemination Time: 3.885008e-03
0: Testing Size 262144
0: PMPI Allreduce Time: 3.089634e-04
0: MPIL GPU-Aware Recursive Doubling Time: 3.086593e-04
0: MPIL GPU-Aware Node-Aware Dissemination Time: 2.473837e-02
0: MPIL GPU-Aware NUMA-Aware Dissemination Time: 5.712155e-02
0: CopyToCPU PMPI Allreduce Time: 6.851639e-03
0: MPIL CopyToCPU Recursive Doubling Time: 6.765039e-03
0: MPIL CopyToCPU Node-Aware Dissemination Time: 9.508317e-03
0: MPIL CopyToCPU NUMA-Aware Dissemination Time: 7.356621e-03
0: Testing Size 524288
0: PMPI Allreduce Time: 4.113599e-04
0: MPIL GPU-Aware Recursive Doubling Time: 4.116230e-04
0: MPIL GPU-Aware Node-Aware Dissemination Time: 4.301766e-02
0: MPIL GPU-Aware NUMA-Aware Dissemination Time: 1.008948e-01
0: CopyToCPU PMPI Allreduce Time: 1.367492e-02
0: MPIL CopyToCPU Recursive Doubling Time: 1.349220e-02
0: MPIL CopyToCPU Node-Aware Dissemination Time: 1.825266e-02
0: MPIL CopyToCPU NUMA-Aware Dissemination Time: 1.446266e-02
