0: Testing Size 1
0: PMPI Allreduce Time: 1.301407e-05
0: MPIL GPU-Aware Recursive Doubling Time: 1.295882e-05
0: MPIL GPU-Aware Node-Aware Dissemination Time: 4.427097e-05
0: MPIL GPU-Aware NUMA-Aware Dissemination Time: 1.000684e-04
0: CopyToCPU PMPI Allreduce Time: 1.314647e-05
0: MPIL CopyToCPU Recursive Doubling Time: 1.370587e-05
0: MPIL CopyToCPU Node-Aware Dissemination Time: 1.483871e-05
0: MPIL CopyToCPU NUMA-Aware Dissemination Time: 1.475973e-05
0: Testing Size 2
0: PMPI Allreduce Time: 1.308797e-05
0: MPIL GPU-Aware Recursive Doubling Time: 1.308675e-05
0: MPIL GPU-Aware Node-Aware Dissemination Time: 4.444289e-05
0: MPIL GPU-Aware NUMA-Aware Dissemination Time: 9.836559e-05
0: CopyToCPU PMPI Allreduce Time: 1.316920e-05
0: MPIL CopyToCPU Recursive Doubling Time: 1.518539e-05
0: MPIL CopyToCPU Node-Aware Dissemination Time: 1.459035e-05
0: MPIL CopyToCPU NUMA-Aware Dissemination Time: 1.550469e-05
0: Testing Size 4
0: PMPI Allreduce Time: 1.308209e-05
0: MPIL GPU-Aware Recursive Doubling Time: 1.308893e-05
0: MPIL GPU-Aware Node-Aware Dissemination Time: 4.343888e-05
0: MPIL GPU-Aware NUMA-Aware Dissemination Time: 9.814694e-05
0: CopyToCPU PMPI Allreduce Time: 1.315723e-05
0: MPIL CopyToCPU Recursive Doubling Time: 1.517403e-05
0: MPIL CopyToCPU Node-Aware Dissemination Time: 1.480025e-05
0: MPIL CopyToCPU NUMA-Aware Dissemination Time: 1.552271e-05
0: Testing Size 8
0: PMPI Allreduce Time: 1.311554e-05
0: MPIL GPU-Aware Recursive Doubling Time: 1.312807e-05
0: MPIL GPU-Aware Node-Aware Dissemination Time: 4.301343e-05
0: MPIL GPU-Aware NUMA-Aware Dissemination Time: 9.822358e-05
0: CopyToCPU PMPI Allreduce Time: 1.308942e-05
0: MPIL CopyToCPU Recursive Doubling Time: 1.530826e-05
0: MPIL CopyToCPU Node-Aware Dissemination Time: 1.497813e-05
0: MPIL CopyToCPU NUMA-Aware Dissemination Time: 1.552643e-05
0: Testing Size 16
0: PMPI Allreduce Time: 1.417697e-05
0: MPIL GPU-Aware Recursive Doubling Time: 1.424930e-05
0: MPIL GPU-Aware Node-Aware Dissemination Time: 4.378921e-05
0: MPIL GPU-Aware NUMA-Aware Dissemination Time: 9.996554e-05
0: CopyToCPU PMPI Allreduce Time: 1.372302e-05
0: MPIL CopyToCPU Recursive Doubling Time: 2.076655e-05
0: MPIL CopyToCPU Node-Aware Dissemination Time: 1.576014e-05
0: MPIL CopyToCPU NUMA-Aware Dissemination Time: 1.858984e-05
0: Testing Size 32
0: PMPI Allreduce Time: 2.279553e-05
0: MPIL GPU-Aware Recursive Doubling Time: 2.258496e-05
0: MPIL GPU-Aware Node-Aware Dissemination Time: 5.626654e-05
0: MPIL GPU-Aware NUMA-Aware Dissemination Time: 1.037129e-04
0: CopyToCPU PMPI Allreduce Time: 1.848339e-05
0: MPIL CopyToCPU Recursive Doubling Time: 2.497685e-05
0: MPIL CopyToCPU Node-Aware Dissemination Time: 1.801314e-05
0: MPIL CopyToCPU NUMA-Aware Dissemination Time: 2.620399e-05
0: Testing Size 64
0: PMPI Allreduce Time: 2.425010e-05
0: MPIL GPU-Aware Recursive Doubling Time: 2.427222e-05
0: MPIL GPU-Aware Node-Aware Dissemination Time: 5.939740e-05
0: MPIL GPU-Aware NUMA-Aware Dissemination Time: 1.046960e-04
0: CopyToCPU PMPI Allreduce Time: 2.397323e-05
0: MPIL CopyToCPU Recursive Doubling Time: 2.681961e-05
0: MPIL CopyToCPU Node-Aware Dissemination Time: 2.929944e-05
0: MPIL CopyToCPU NUMA-Aware Dissemination Time: 2.689949e-05
0: Testing Size 128
0: PMPI Allreduce Time: 2.802669e-05
0: MPIL GPU-Aware Recursive Doubling Time: 2.796694e-05
0: MPIL GPU-Aware Node-Aware Dissemination Time: 6.910429e-05
0: MPIL GPU-Aware NUMA-Aware Dissemination Time: 1.158470e-04
0: CopyToCPU PMPI Allreduce Time: 2.795672e-05
0: MPIL CopyToCPU Recursive Doubling Time: 3.258822e-05
0: MPIL CopyToCPU Node-Aware Dissemination Time: 3.660220e-05
0: MPIL CopyToCPU NUMA-Aware Dissemination Time: 2.935479e-05
0: Testing Size 256
0: PMPI Allreduce Time: 3.214688e-05
0: MPIL GPU-Aware Recursive Doubling Time: 3.216103e-05
0: MPIL GPU-Aware Node-Aware Dissemination Time: 7.683469e-05
0: MPIL GPU-Aware NUMA-Aware Dissemination Time: 1.227709e-04
0: CopyToCPU PMPI Allreduce Time: 3.625303e-05
0: MPIL CopyToCPU Recursive Doubling Time: 4.165194e-05
0: MPIL CopyToCPU Node-Aware Dissemination Time: 5.037757e-05
0: MPIL CopyToCPU NUMA-Aware Dissemination Time: 3.586317e-05
0: Testing Size 512
0: PMPI Allreduce Time: 3.879317e-05
0: MPIL GPU-Aware Recursive Doubling Time: 3.878654e-05
0: MPIL GPU-Aware Node-Aware Dissemination Time: 9.024628e-05
0: MPIL GPU-Aware NUMA-Aware Dissemination Time: 1.312639e-04
0: CopyToCPU PMPI Allreduce Time: 4.301639e-05
0: MPIL CopyToCPU Recursive Doubling Time: 4.953392e-05
0: MPIL CopyToCPU Node-Aware Dissemination Time: 6.420551e-05
0: MPIL CopyToCPU NUMA-Aware Dissemination Time: 4.576686e-05
0: Testing Size 1024
0: PMPI Allreduce Time: 8.215665e-05
0: MPIL GPU-Aware Recursive Doubling Time: 8.218461e-05
0: MPIL GPU-Aware Node-Aware Dissemination Time: 9.857473e-04
0: MPIL GPU-Aware NUMA-Aware Dissemination Time: 3.324754e-03
0: CopyToCPU PMPI Allreduce Time: 5.658159e-05
0: MPIL CopyToCPU Recursive Doubling Time: 6.300171e-05
0: MPIL CopyToCPU Node-Aware Dissemination Time: 8.978716e-05
0: MPIL CopyToCPU NUMA-Aware Dissemination Time: 6.311111e-05
0: Testing Size 2048
0: PMPI Allreduce Time: 1.372597e-04
0: MPIL GPU-Aware Recursive Doubling Time: 1.364665e-04
0: MPIL GPU-Aware Node-Aware Dissemination Time: 2.615753e-03
0: MPIL GPU-Aware NUMA-Aware Dissemination Time: 2.957182e-03
0: CopyToCPU PMPI Allreduce Time: 1.056301e-04
0: MPIL CopyToCPU Recursive Doubling Time: 9.807159e-05
0: MPIL CopyToCPU Node-Aware Dissemination Time: 1.479515e-04
0: MPIL CopyToCPU NUMA-Aware Dissemination Time: 9.772912e-05
0: Testing Size 4096
0: PMPI Allreduce Time: 1.325641e-04
0: MPIL GPU-Aware Recursive Doubling Time: 1.323592e-04
0: MPIL GPU-Aware Node-Aware Dissemination Time: 3.130520e-03
0: MPIL GPU-Aware NUMA-Aware Dissemination Time: 6.411563e-03
0: CopyToCPU PMPI Allreduce Time: 1.618678e-04
0: MPIL CopyToCPU Recursive Doubling Time: 1.677849e-04
0: MPIL CopyToCPU Node-Aware Dissemination Time: 2.288433e-04
0: MPIL CopyToCPU NUMA-Aware Dissemination Time: 1.674613e-04
0: Testing Size 8192
0: PMPI Allreduce Time: 1.343254e-04
0: MPIL GPU-Aware Recursive Doubling Time: 1.342066e-04
0: MPIL GPU-Aware Node-Aware Dissemination Time: 3.658925e-03
0: MPIL GPU-Aware NUMA-Aware Dissemination Time: 8.371219e-03
0: CopyToCPU PMPI Allreduce Time: 2.768857e-04
0: MPIL CopyToCPU Recursive Doubling Time: 2.842902e-04
0: MPIL CopyToCPU Node-Aware Dissemination Time: 4.007485e-04
0: MPIL CopyToCPU NUMA-Aware Dissemination Time: 2.943989e-04
0: Testing Size 16384
0: PMPI Allreduce Time: 1.397389e-04
0: MPIL GPU-Aware Recursive Doubling Time: 1.393467e-04
0: MPIL GPU-Aware Node-Aware Dissemination Time: 4.363998e-03
0: MPIL GPU-Aware NUMA-Aware Dissemination Time: 1.146385e-02
0: CopyToCPU PMPI Allreduce Time: 4.582854e-04
0: MPIL CopyToCPU Recursive Doubling Time: 5.185559e-04
0: MPIL CopyToCPU Node-Aware Dissemination Time: 7.162083e-04
0: MPIL CopyToCPU NUMA-Aware Dissemination Time: 5.450834e-04
0: Testing Size 32768
0: PMPI Allreduce Time: 1.597497e-04
0: MPIL GPU-Aware Recursive Doubling Time: 1.594612e-04
0: MPIL GPU-Aware Node-Aware Dissemination Time: 5.200100e-03
0: MPIL GPU-Aware NUMA-Aware Dissemination Time: 1.494496e-02
0: CopyToCPU PMPI Allreduce Time: 8.498822e-04
0: MPIL CopyToCPU Recursive Doubling Time: 9.761840e-04
0: MPIL CopyToCPU Node-Aware Dissemination Time: 1.371708e-03
0: MPIL CopyToCPU NUMA-Aware Dissemination Time: 1.012468e-03
0: Testing Size 65536
0: PMPI Allreduce Time: 1.864125e-04
0: MPIL GPU-Aware Recursive Doubling Time: 1.863021e-04
0: MPIL GPU-Aware Node-Aware Dissemination Time: 6.376237e-03
0: MPIL GPU-Aware NUMA-Aware Dissemination Time: 1.864703e-02
0: CopyToCPU PMPI Allreduce Time: 1.632955e-03
0: MPIL CopyToCPU Recursive Doubling Time: 1.845344e-03
0: MPIL CopyToCPU Node-Aware Dissemination Time: 2.666789e-03
0: MPIL CopyToCPU NUMA-Aware Dissemination Time: 1.938719e-03
0: Testing Size 131072
0: PMPI Allreduce Time: 2.132386e-04
0: MPIL GPU-Aware Recursive Doubling Time: 2.132093e-04
0: MPIL GPU-Aware Node-Aware Dissemination Time: 8.248858e-03
0: MPIL GPU-Aware NUMA-Aware Dissemination Time: 2.534181e-02
0: CopyToCPU PMPI Allreduce Time: 3.240639e-03
0: MPIL CopyToCPU Recursive Doubling Time: 3.294119e-03
0: MPIL CopyToCPU Node-Aware Dissemination Time: 5.045700e-03
0: MPIL CopyToCPU NUMA-Aware Dissemination Time: 3.730220e-03
0: Testing Size 262144
0: PMPI Allreduce Time: 2.633302e-04
0: MPIL GPU-Aware Recursive Doubling Time: 2.634067e-04
0: MPIL GPU-Aware Node-Aware Dissemination Time: 1.351219e-02
0: MPIL GPU-Aware NUMA-Aware Dissemination Time: 4.462153e-02
0: CopyToCPU PMPI Allreduce Time: 6.411519e-03
0: MPIL CopyToCPU Recursive Doubling Time: 6.584333e-03
0: MPIL CopyToCPU Node-Aware Dissemination Time: 9.818420e-03
0: MPIL CopyToCPU NUMA-Aware Dissemination Time: 7.081064e-03
0: Testing Size 524288
0: PMPI Allreduce Time: 3.613461e-04
0: MPIL GPU-Aware Recursive Doubling Time: 3.613476e-04
0: MPIL GPU-Aware Node-Aware Dissemination Time: 2.205176e-02
0: MPIL GPU-Aware NUMA-Aware Dissemination Time: 7.575030e-02
0: CopyToCPU PMPI Allreduce Time: 1.260532e-02
0: MPIL CopyToCPU Recursive Doubling Time: 1.313706e-02
0: MPIL CopyToCPU Node-Aware Dissemination Time: 1.981058e-02
0: MPIL CopyToCPU NUMA-Aware Dissemination Time: 1.392265e-02
