0: Testing Size 1
0: PMPI Allreduce Time: 8.717413e-06
0: MPIL GPU-Aware Recursive Doubling Time: 8.654505e-06
0: MPIL GPU-Aware Node-Aware Dissemination Time: 3.910372e-05
0: MPIL GPU-Aware NUMA-Aware Dissemination Time: 7.651411e-05
0: CopyToCPU PMPI Allreduce Time: 8.735318e-06
0: MPIL CopyToCPU Recursive Doubling Time: 9.227693e-06
0: MPIL CopyToCPU Node-Aware Dissemination Time: 1.138259e-05
0: MPIL CopyToCPU NUMA-Aware Dissemination Time: 1.053412e-05
0: Testing Size 2
0: PMPI Allreduce Time: 8.928720e-06
0: MPIL GPU-Aware Recursive Doubling Time: 8.950929e-06
0: MPIL GPU-Aware Node-Aware Dissemination Time: 3.950288e-05
0: MPIL GPU-Aware NUMA-Aware Dissemination Time: 7.657367e-05
0: CopyToCPU PMPI Allreduce Time: 8.751058e-06
0: MPIL CopyToCPU Recursive Doubling Time: 1.077385e-05
0: MPIL CopyToCPU Node-Aware Dissemination Time: 1.159271e-05
0: MPIL CopyToCPU NUMA-Aware Dissemination Time: 1.115851e-05
0: Testing Size 4
0: PMPI Allreduce Time: 8.881218e-06
0: MPIL GPU-Aware Recursive Doubling Time: 8.879675e-06
0: MPIL GPU-Aware Node-Aware Dissemination Time: 3.991481e-05
0: MPIL GPU-Aware NUMA-Aware Dissemination Time: 7.643083e-05
0: CopyToCPU PMPI Allreduce Time: 8.815325e-06
0: MPIL CopyToCPU Recursive Doubling Time: 1.075950e-05
0: MPIL CopyToCPU Node-Aware Dissemination Time: 1.133644e-05
0: MPIL CopyToCPU NUMA-Aware Dissemination Time: 1.116327e-05
0: Testing Size 8
0: PMPI Allreduce Time: 8.890267e-06
0: MPIL GPU-Aware Recursive Doubling Time: 8.870715e-06
0: MPIL GPU-Aware Node-Aware Dissemination Time: 3.962239e-05
0: MPIL GPU-Aware NUMA-Aware Dissemination Time: 7.664905e-05
0: CopyToCPU PMPI Allreduce Time: 8.776011e-06
0: MPIL CopyToCPU Recursive Doubling Time: 1.081174e-05
0: MPIL CopyToCPU Node-Aware Dissemination Time: 1.155751e-05
0: MPIL CopyToCPU NUMA-Aware Dissemination Time: 1.125412e-05
0: Testing Size 16
0: PMPI Allreduce Time: 9.153978e-06
0: MPIL GPU-Aware Recursive Doubling Time: 9.314882e-06
0: MPIL GPU-Aware Node-Aware Dissemination Time: 4.012103e-05
0: MPIL GPU-Aware NUMA-Aware Dissemination Time: 7.833329e-05
0: CopyToCPU PMPI Allreduce Time: 9.225513e-06
0: MPIL CopyToCPU Recursive Doubling Time: 1.629098e-05
0: MPIL CopyToCPU Node-Aware Dissemination Time: 1.209376e-05
0: MPIL CopyToCPU NUMA-Aware Dissemination Time: 1.388909e-05
0: Testing Size 32
0: PMPI Allreduce Time: 1.601856e-05
0: MPIL GPU-Aware Recursive Doubling Time: 1.596440e-05
0: MPIL GPU-Aware Node-Aware Dissemination Time: 5.366635e-05
0: MPIL GPU-Aware NUMA-Aware Dissemination Time: 8.136745e-05
0: CopyToCPU PMPI Allreduce Time: 1.205952e-05
0: MPIL CopyToCPU Recursive Doubling Time: 1.836591e-05
0: MPIL CopyToCPU Node-Aware Dissemination Time: 1.586622e-05
0: MPIL CopyToCPU NUMA-Aware Dissemination Time: 1.961746e-05
0: Testing Size 64
0: PMPI Allreduce Time: 1.737349e-05
0: MPIL GPU-Aware Recursive Doubling Time: 1.724978e-05
0: MPIL GPU-Aware Node-Aware Dissemination Time: 5.609041e-05
0: MPIL GPU-Aware NUMA-Aware Dissemination Time: 8.199082e-05
0: CopyToCPU PMPI Allreduce Time: 1.696804e-05
0: MPIL CopyToCPU Recursive Doubling Time: 2.003850e-05
0: MPIL CopyToCPU Node-Aware Dissemination Time: 2.718065e-05
0: MPIL CopyToCPU NUMA-Aware Dissemination Time: 2.067518e-05
0: Testing Size 128
0: PMPI Allreduce Time: 2.082455e-05
0: MPIL GPU-Aware Recursive Doubling Time: 2.088034e-05
0: MPIL GPU-Aware Node-Aware Dissemination Time: 6.874695e-05
0: MPIL GPU-Aware NUMA-Aware Dissemination Time: 9.581231e-05
0: CopyToCPU PMPI Allreduce Time: 2.038660e-05
0: MPIL CopyToCPU Recursive Doubling Time: 2.495883e-05
0: MPIL CopyToCPU Node-Aware Dissemination Time: 3.795300e-05
0: MPIL CopyToCPU NUMA-Aware Dissemination Time: 2.247656e-05
0: Testing Size 256
0: PMPI Allreduce Time: 2.470303e-05
0: MPIL GPU-Aware Recursive Doubling Time: 2.472061e-05
0: MPIL GPU-Aware Node-Aware Dissemination Time: 7.716148e-05
0: MPIL GPU-Aware NUMA-Aware Dissemination Time: 1.020450e-04
0: CopyToCPU PMPI Allreduce Time: 2.917144e-05
0: MPIL CopyToCPU Recursive Doubling Time: 3.333568e-05
0: MPIL CopyToCPU Node-Aware Dissemination Time: 4.978124e-05
0: MPIL CopyToCPU NUMA-Aware Dissemination Time: 2.884702e-05
0: Testing Size 512
0: PMPI Allreduce Time: 3.122524e-05
0: MPIL GPU-Aware Recursive Doubling Time: 3.122835e-05
0: MPIL GPU-Aware Node-Aware Dissemination Time: 9.056694e-05
0: MPIL GPU-Aware NUMA-Aware Dissemination Time: 1.092287e-04
0: CopyToCPU PMPI Allreduce Time: 3.421840e-05
0: MPIL CopyToCPU Recursive Doubling Time: 3.910770e-05
0: MPIL CopyToCPU Node-Aware Dissemination Time: 6.622330e-05
0: MPIL CopyToCPU NUMA-Aware Dissemination Time: 3.601986e-05
0: Testing Size 1024
0: PMPI Allreduce Time: 7.408726e-05
0: MPIL GPU-Aware Recursive Doubling Time: 7.413354e-05
0: MPIL GPU-Aware Node-Aware Dissemination Time: 1.117993e-03
0: MPIL GPU-Aware NUMA-Aware Dissemination Time: 2.933057e-03
0: CopyToCPU PMPI Allreduce Time: 4.822114e-05
0: MPIL CopyToCPU Recursive Doubling Time: 5.426711e-05
0: MPIL CopyToCPU Node-Aware Dissemination Time: 8.765840e-05
0: MPIL CopyToCPU NUMA-Aware Dissemination Time: 5.295455e-05
0: Testing Size 2048
0: PMPI Allreduce Time: 1.051555e-04
0: MPIL GPU-Aware Recursive Doubling Time: 1.051539e-04
0: MPIL GPU-Aware Node-Aware Dissemination Time: 2.524565e-03
0: MPIL GPU-Aware NUMA-Aware Dissemination Time: 2.232065e-03
0: CopyToCPU PMPI Allreduce Time: 8.992137e-05
0: MPIL CopyToCPU Recursive Doubling Time: 8.690342e-05
0: MPIL CopyToCPU Node-Aware Dissemination Time: 1.402367e-04
0: MPIL CopyToCPU NUMA-Aware Dissemination Time: 8.866052e-05
0: Testing Size 4096
0: PMPI Allreduce Time: 1.042070e-04
0: MPIL GPU-Aware Recursive Doubling Time: 1.041518e-04
0: MPIL GPU-Aware Node-Aware Dissemination Time: 3.060230e-03
0: MPIL GPU-Aware NUMA-Aware Dissemination Time: 4.585832e-03
0: CopyToCPU PMPI Allreduce Time: 1.424525e-04
0: MPIL CopyToCPU Recursive Doubling Time: 1.486872e-04
0: MPIL CopyToCPU Node-Aware Dissemination Time: 2.272327e-04
0: MPIL CopyToCPU NUMA-Aware Dissemination Time: 1.524976e-04
0: Testing Size 8192
0: PMPI Allreduce Time: 1.069444e-04
0: MPIL GPU-Aware Recursive Doubling Time: 1.069226e-04
0: MPIL GPU-Aware Node-Aware Dissemination Time: 3.513129e-03
0: MPIL GPU-Aware NUMA-Aware Dissemination Time: 6.011188e-03
0: CopyToCPU PMPI Allreduce Time: 2.466877e-04
0: MPIL CopyToCPU Recursive Doubling Time: 2.608149e-04
0: MPIL CopyToCPU Node-Aware Dissemination Time: 3.898444e-04
0: MPIL CopyToCPU NUMA-Aware Dissemination Time: 2.722283e-04
0: Testing Size 16384
0: PMPI Allreduce Time: 1.078724e-04
0: MPIL GPU-Aware Recursive Doubling Time: 1.078984e-04
0: MPIL GPU-Aware Node-Aware Dissemination Time: 4.116192e-03
0: MPIL GPU-Aware NUMA-Aware Dissemination Time: 7.886113e-03
0: CopyToCPU PMPI Allreduce Time: 4.418323e-04
0: MPIL CopyToCPU Recursive Doubling Time: 4.847791e-04
0: MPIL CopyToCPU Node-Aware Dissemination Time: 7.037767e-04
0: MPIL CopyToCPU NUMA-Aware Dissemination Time: 5.100246e-04
0: Testing Size 32768
0: PMPI Allreduce Time: 1.312675e-04
0: MPIL GPU-Aware Recursive Doubling Time: 1.314175e-04
0: MPIL GPU-Aware Node-Aware Dissemination Time: 4.940497e-03
0: MPIL GPU-Aware NUMA-Aware Dissemination Time: 1.077230e-02
0: CopyToCPU PMPI Allreduce Time: 8.294620e-04
0: MPIL CopyToCPU Recursive Doubling Time: 9.187233e-04
0: MPIL CopyToCPU Node-Aware Dissemination Time: 1.346556e-03
0: MPIL CopyToCPU NUMA-Aware Dissemination Time: 9.781050e-04
0: Testing Size 65536
0: PMPI Allreduce Time: 1.473935e-04
0: MPIL GPU-Aware Recursive Doubling Time: 1.471718e-04
0: MPIL GPU-Aware Node-Aware Dissemination Time: 6.263441e-03
0: MPIL GPU-Aware NUMA-Aware Dissemination Time: 1.370914e-02
0: CopyToCPU PMPI Allreduce Time: 1.599022e-03
0: MPIL CopyToCPU Recursive Doubling Time: 1.771490e-03
0: MPIL CopyToCPU Node-Aware Dissemination Time: 2.630682e-03
0: MPIL CopyToCPU NUMA-Aware Dissemination Time: 1.880873e-03
0: Testing Size 131072
0: PMPI Allreduce Time: 1.696378e-04
0: MPIL GPU-Aware Recursive Doubling Time: 1.690084e-04
0: MPIL GPU-Aware Node-Aware Dissemination Time: 9.295073e-03
0: MPIL GPU-Aware NUMA-Aware Dissemination Time: 2.223052e-02
0: CopyToCPU PMPI Allreduce Time: 3.169184e-03
0: MPIL CopyToCPU Recursive Doubling Time: 3.172120e-03
0: MPIL CopyToCPU Node-Aware Dissemination Time: 5.034285e-03
0: MPIL CopyToCPU NUMA-Aware Dissemination Time: 3.653156e-03
0: Testing Size 262144
0: PMPI Allreduce Time: 2.049113e-04
0: MPIL GPU-Aware Recursive Doubling Time: 2.051530e-04
0: MPIL GPU-Aware Node-Aware Dissemination Time: 1.610546e-02
0: MPIL GPU-Aware NUMA-Aware Dissemination Time: 4.040879e-02
0: CopyToCPU PMPI Allreduce Time: 6.278960e-03
0: MPIL CopyToCPU Recursive Doubling Time: 6.351868e-03
0: MPIL CopyToCPU Node-Aware Dissemination Time: 9.843062e-03
0: MPIL CopyToCPU NUMA-Aware Dissemination Time: 6.922632e-03
0: Testing Size 524288
0: PMPI Allreduce Time: 3.008537e-04
0: MPIL GPU-Aware Recursive Doubling Time: 3.009219e-04
0: MPIL GPU-Aware Node-Aware Dissemination Time: 2.471448e-02
0: MPIL GPU-Aware NUMA-Aware Dissemination Time: 6.292114e-02
0: CopyToCPU PMPI Allreduce Time: 1.177942e-02
0: MPIL CopyToCPU Recursive Doubling Time: 1.267971e-02
0: MPIL CopyToCPU Node-Aware Dissemination Time: 1.984697e-02
0: MPIL CopyToCPU NUMA-Aware Dissemination Time: 1.351635e-02
