Test 1 Running Alltoall Benchmark on 32 nodes and 3200 tasks
Size 1
PMPI: 1.014898e-03
Pairwise: 3.340758e-02
NonBlocking: 3.299628e-01
Pairwise Hierarchical: 2.770020e-03
Pairwise Multileader: 2.900331e-03
Pairwise Node Aware: 8.350737e-04
Pairwise Locality Aware: 2.280125e-03
Pairwise Multileader Locality: 1.192307e-03
Nonblocking Hierarchical: 1.981842e-03
Nonblocking Multileader: 1.471624e-03
Nonblocking Node Aware: 4.591923e-04
Nonblocking Locality Aware: 7.461130e-02
Nonblocking Multileader Locality: 7.626361e-04
Size 2
PMPI: 1.351944e-03
Pairwise: 2.618433e-02
NonBlocking: 8.869265e-01
Pairwise Hierarchical: 6.125918e-03
Pairwise Multileader: 2.911378e-03
Pairwise Node Aware: 1.032212e-03
Pairwise Locality Aware: 2.630895e-03
Pairwise Multileader Locality: 1.984334e-03
Nonblocking Hierarchical: 4.345143e-03
Nonblocking Multileader: 1.702081e-03
Nonblocking Node Aware: 6.542305e-04
Nonblocking Locality Aware: 9.199483e-02
Nonblocking Multileader Locality: 1.320340e-03
Size 4
PMPI: 1.972671e-03
Pairwise: 7.225908e-02
NonBlocking: 3.816728e-01
Pairwise Hierarchical: 1.079977e-02
Pairwise Multileader: 4.520655e-03
Pairwise Node Aware: 1.072834e-03
Pairwise Locality Aware: 3.913021e-03
Pairwise Multileader Locality: 3.397813e-03
Nonblocking Hierarchical: 8.472152e-03
Nonblocking Multileader: 3.042084e-03
Nonblocking Node Aware: 9.186373e-04
Nonblocking Locality Aware: 8.684877e-02
Nonblocking Multileader Locality: 2.489963e-03
Size 8
PMPI: 4.255068e-03
Pairwise: 8.775783e-02
NonBlocking: 3.800824e-01
Pairwise Hierarchical: 2.282690e-02
Pairwise Multileader: 7.103742e-03
Pairwise Node Aware: 1.629330e-03
Pairwise Locality Aware: 2.911419e-03
Pairwise Multileader Locality: 7.246280e-03
Nonblocking Hierarchical: 1.704662e-02
Nonblocking Multileader: 4.166096e-03
Nonblocking Node Aware: 1.762901e-03
Nonblocking Locality Aware: 9.287116e-02
Nonblocking Multileader Locality: 5.062707e-03
Size 16
PMPI: 6.188659e-03
Pairwise: 7.763675e-02
NonBlocking: 4.869879e-01
Pairwise Hierarchical: 4.468176e-02
Pairwise Multileader: 1.042341e-02
Pairwise Node Aware: 3.651320e-03
Pairwise Locality Aware: 3.825096e-03
Pairwise Multileader Locality: 1.215554e-02
Nonblocking Hierarchical: 3.422755e-02
Nonblocking Multileader: 6.924135e-03
Nonblocking Node Aware: 2.722990e-03
Nonblocking Locality Aware: 9.384741e-02
Nonblocking Multileader Locality: 8.811011e-03
Size 32
PMPI: 1.239060e-02
Pairwise: 5.758671e-02
NonBlocking: 3.291629e-01
Pairwise Hierarchical: 8.653925e-02
Pairwise Multileader: 3.172599e-02
Pairwise Node Aware: 5.393320e-03
Pairwise Locality Aware: 5.114733e-03
Pairwise Multileader Locality: 2.451248e-02
Nonblocking Hierarchical: 6.584741e-02
Nonblocking Multileader: 1.801410e-02
Nonblocking Node Aware: 5.628440e-03
Nonblocking Locality Aware: 6.171557e-02
Nonblocking Multileader Locality: 1.786712e-02
Size 64
PMPI: 2.707086e-02
Pairwise: 4.268186e-02
NonBlocking: 3.029344e-01
Pairwise Hierarchical: 1.651751e-01
Pairwise Multileader: 5.574032e-02
Pairwise Node Aware: 9.859881e-03
Pairwise Locality Aware: 8.914552e-03
Pairwise Multileader Locality: 5.933412e-02
Nonblocking Hierarchical: 1.322555e-01
Nonblocking Multileader: 3.772285e-02
Nonblocking Node Aware: 8.259329e-03
Nonblocking Locality Aware: 1.595069e-02
Nonblocking Multileader Locality: 4.178532e-02
Size 128
PMPI: 4.616448e-02
Pairwise: 6.134620e-02
NonBlocking: 1.809642e-01
Pairwise Hierarchical: 3.225215e-01
Pairwise Multileader: 9.862890e-02
Pairwise Node Aware: 2.090857e-02
Pairwise Locality Aware: 2.028265e-02
Pairwise Multileader Locality: 1.070962e-01
Nonblocking Hierarchical: 2.476191e-01
Nonblocking Multileader: 6.821710e-02
Nonblocking Node Aware: 1.829781e-02
Nonblocking Locality Aware: 2.551901e-02
Nonblocking Multileader Locality: 7.842761e-02
Size 256
PMPI: 8.931041e-02
Pairwise: 1.132730e-01
NonBlocking: 3.524548e-01
Pairwise Hierarchical: 6.305858e-01
Pairwise Multileader: 1.866556e-01
Pairwise Node Aware: 3.606053e-02
Pairwise Locality Aware: 5.489557e-02
Pairwise Multileader Locality: 2.099447e-01
Nonblocking Hierarchical: 5.280741e-01
Nonblocking Multileader: 1.313165e-01
Nonblocking Node Aware: 3.030379e-02
Nonblocking Locality Aware: 3.234349e-02
Nonblocking Multileader Locality: 1.519146e-01
Size 512
PMPI: 5.753912e-01
Pairwise: 1.122833e-01
NonBlocking: 2.701518e-01
Pairwise Hierarchical: 1.261569e+00
Pairwise Multileader: 3.475921e-01
Pairwise Node Aware: 6.496565e-02
Pairwise Locality Aware: 7.817704e-02
Pairwise Multileader Locality: 3.905106e-01
Nonblocking Hierarchical: 1.112162e+00
Nonblocking Multileader: 2.539786e-01
Nonblocking Node Aware: 5.236427e-02
Nonblocking Locality Aware: 7.066968e-02
Nonblocking Multileader Locality: 3.073299e-01
Size 1024
PMPI: 2.460819e-01
Pairwise: 2.255405e-01
NonBlocking: 3.536874e-01
Pairwise Hierarchical: 2.511642e+00
Pairwise Multileader: 7.002035e-01
Pairwise Node Aware: 1.351465e-01
Pairwise Locality Aware: 1.595642e-01
Pairwise Multileader Locality: 7.816454e-01
Nonblocking Hierarchical: 2.218307e+00
Nonblocking Multileader: 5.773213e-01
Nonblocking Node Aware: 1.288831e-01
Nonblocking Locality Aware: 3.191902e-01
Nonblocking Multileader Locality: 6.569860e-01
Size 2048
PMPI: 3.856768e-01
Pairwise: 4.133719e-01
NonBlocking: 5.949811e-01
Test 2 Running Alltoall Benchmark on 32 nodes and 3200 tasks
Size 1
PMPI: 1.035023e-03
Pairwise: 3.255329e-02
NonBlocking: 5.676726e-01
Pairwise Hierarchical: 3.059244e-03
Pairwise Multileader: 3.477507e-03
Pairwise Node Aware: 1.000777e-03
Pairwise Locality Aware: 3.269248e-03
Pairwise Multileader Locality: 1.302183e-03
Nonblocking Hierarchical: 2.220685e-03
Nonblocking Multileader: 1.653506e-03
Nonblocking Node Aware: 4.769877e-04
Nonblocking Locality Aware: 6.905859e-02
Nonblocking Multileader Locality: 7.364629e-04
Size 2
PMPI: 1.323488e-03
Pairwise: 4.217145e-02
NonBlocking: 3.276366e-01
Pairwise Hierarchical: 6.451162e-03
Pairwise Multileader: 4.030157e-03
Pairwise Node Aware: 9.676042e-04
Pairwise Locality Aware: 2.521016e-03
Pairwise Multileader Locality: 2.521164e-03
Nonblocking Hierarchical: 4.497177e-03
Nonblocking Multileader: 1.132076e-03
Nonblocking Node Aware: 6.707941e-04
Nonblocking Locality Aware: 8.692026e-02
Nonblocking Multileader Locality: 1.341005e-03
Size 4
PMPI: 1.877885e-03
Pairwise: 7.545708e-02
NonBlocking: 4.070895e-01
Pairwise Hierarchical: 1.117572e-02
Pairwise Multileader: 4.334639e-03
Pairwise Node Aware: 1.165938e-03
Pairwise Locality Aware: 2.987292e-03
Pairwise Multileader Locality: 3.348545e-03
Nonblocking Hierarchical: 8.578873e-03
Nonblocking Multileader: 5.117665e-03
Nonblocking Node Aware: 9.002204e-04
Nonblocking Locality Aware: 1.116024e-01
Nonblocking Multileader Locality: 2.607112e-03
Size 8
PMPI: 4.311823e-03
Pairwise: 5.974037e-02
NonBlocking: 3.305677e-01
Pairwise Hierarchical: 2.283720e-02
Pairwise Multileader: 6.828145e-03
Pairwise Node Aware: 1.671704e-03
Pairwise Locality Aware: 3.503331e-03
Pairwise Multileader Locality: 7.489662e-03
Nonblocking Hierarchical: 1.737117e-02
Nonblocking Multileader: 4.145885e-03
Nonblocking Node Aware: 1.526902e-03
Nonblocking Locality Aware: 9.989045e-02
Nonblocking Multileader Locality: 5.075000e-03
Size 16
PMPI: 6.156821e-03
Pairwise: 6.931892e-02
NonBlocking: 7.558758e-01
Pairwise Hierarchical: 4.655800e-02
Pairwise Multileader: 1.082309e-02
Pairwise Node Aware: 2.937795e-03
Pairwise Locality Aware: 4.115196e-03
Pairwise Multileader Locality: 1.267103e-02
Nonblocking Hierarchical: 3.494393e-02
Nonblocking Multileader: 7.507766e-03
Nonblocking Node Aware: 3.279038e-03
Nonblocking Locality Aware: 9.355937e-02
Nonblocking Multileader Locality: 9.054149e-03
Size 32
PMPI: 1.233434e-02
Pairwise: 5.082144e-02
NonBlocking: 3.680333e-01
Pairwise Hierarchical: 8.586566e-02
Pairwise Multileader: 3.037076e-02
Pairwise Node Aware: 5.128899e-03
Pairwise Locality Aware: 5.934489e-03
Pairwise Multileader Locality: 2.385536e-02
Nonblocking Hierarchical: 6.566493e-02
Nonblocking Multileader: 1.812493e-02
Nonblocking Node Aware: 5.609655e-03
Nonblocking Locality Aware: 5.767067e-02
Nonblocking Multileader Locality: 1.773368e-02
Size 64
PMPI: 2.499932e-02
Pairwise: 6.647933e-02
NonBlocking: 3.022979e-01
Pairwise Hierarchical: 1.648930e-01
Pairwise Multileader: 5.566855e-02
Pairwise Node Aware: 1.070705e-02
Pairwise Locality Aware: 9.393946e-03
Pairwise Multileader Locality: 5.788196e-02
Nonblocking Hierarchical: 1.329705e-01
Nonblocking Multileader: 3.809795e-02
Nonblocking Node Aware: 8.281275e-03
Nonblocking Locality Aware: 1.132146e-02
Nonblocking Multileader Locality: 4.135900e-02
Size 128
PMPI: 4.736169e-02
Pairwise: 1.040839e-01
NonBlocking: 2.783586e-01
Pairwise Hierarchical: 3.179962e-01
Pairwise Multileader: 9.819016e-02
Pairwise Node Aware: 2.184452e-02
Pairwise Locality Aware: 1.753943e-02
Pairwise Multileader Locality: 1.065552e-01
Nonblocking Hierarchical: 2.502576e-01
Nonblocking Multileader: 6.943223e-02
Nonblocking Node Aware: 2.070366e-02
Nonblocking Locality Aware: 3.531672e-02
Nonblocking Multileader Locality: 7.759573e-02
Size 256
PMPI: 1.030862e-01
Pairwise: 9.174182e-02
NonBlocking: 2.191997e-01
Pairwise Hierarchical: 6.347703e-01
Pairwise Multileader: 1.861660e-01
Pairwise Node Aware: 3.281840e-02
Pairwise Locality Aware: 4.489094e-02
Pairwise Multileader Locality: 2.076850e-01
Nonblocking Hierarchical: 5.248573e-01
Nonblocking Multileader: 1.318034e-01
Nonblocking Node Aware: 3.024649e-02
Nonblocking Locality Aware: 3.302538e-02
Nonblocking Multileader Locality: 1.525190e-01
Size 512
PMPI: 4.167106e-01
Pairwise: 1.164126e-01
NonBlocking: 2.992314e-01
Pairwise Hierarchical: 1.247197e+00
Pairwise Multileader: 3.496741e-01
Pairwise Node Aware: 6.796889e-02
Pairwise Locality Aware: 8.128931e-02
Pairwise Multileader Locality: 3.917810e-01
Nonblocking Hierarchical: 1.100791e+00
Nonblocking Multileader: 2.568681e-01
Nonblocking Node Aware: 5.176769e-02
Nonblocking Locality Aware: 1.421001e-01
Nonblocking Multileader Locality: 3.063814e-01
Size 1024
PMPI: 1.953199e-01
Pairwise: 2.571676e-01
NonBlocking: 3.609706e-01
Pairwise Hierarchical: 2.489897e+00
Pairwise Multileader: 6.920121e-01
Pairwise Node Aware: 1.346028e-01
Pairwise Locality Aware: 1.584037e-01
Pairwise Multileader Locality: 7.799824e-01
Nonblocking Hierarchical: 2.220986e+00
Nonblocking Multileader: 5.528150e-01
Nonblocking Node Aware: 1.072914e-01
Nonblocking Locality Aware: 9.932518e-02
Nonblocking Multileader Locality: 6.512338e-01
Size 2048
PMPI: 4.313742e-01
Pairwise: 4.411821e-01
NonBlocking: 5.935214e-01
Test 3 Running Alltoall Benchmark on 32 nodes and 3200 tasks
Size 1
PMPI: 1.281412e-03
Pairwise: 4.266976e-02
NonBlocking: 5.710624e-01
Pairwise Hierarchical: 2.646303e-03
Pairwise Multileader: 3.038507e-03
Pairwise Node Aware: 1.021727e-03
Pairwise Locality Aware: 2.292878e-03
Pairwise Multileader Locality: 1.457219e-03
Nonblocking Hierarchical: 2.057232e-03
Nonblocking Multileader: 3.661524e-03
Nonblocking Node Aware: 4.940809e-04
Nonblocking Locality Aware: 9.217950e-02
Nonblocking Multileader Locality: 7.373768e-04
Size 2
PMPI: 1.321544e-03
Pairwise: 4.234253e-02
NonBlocking: 5.643810e-01
Pairwise Hierarchical: 5.816752e-03
Pairwise Multileader: 3.728168e-03
Pairwise Node Aware: 1.383628e-03
Pairwise Locality Aware: 3.954841e-03
Pairwise Multileader Locality: 1.902228e-03
Nonblocking Hierarchical: 4.352479e-03
Nonblocking Multileader: 1.652212e-03
Nonblocking Node Aware: 7.044811e-04
Nonblocking Locality Aware: 7.440976e-02
Nonblocking Multileader Locality: 1.276226e-03
Size 4
PMPI: 1.847043e-03
Pairwise: 6.446829e-02
NonBlocking: 4.071907e-01
Pairwise Hierarchical: 1.103184e-02
Pairwise Multileader: 4.561465e-03
Pairwise Node Aware: 1.103227e-03
Pairwise Locality Aware: 2.906566e-03
Pairwise Multileader Locality: 3.138301e-03
Nonblocking Hierarchical: 8.506514e-03
Nonblocking Multileader: 6.154125e-03
Nonblocking Node Aware: 1.073298e-03
Nonblocking Locality Aware: 8.689730e-02
Nonblocking Multileader Locality: 2.514476e-03
Size 8
PMPI: 3.970088e-03
Pairwise: 7.088517e-02
NonBlocking: 3.677404e-01
Pairwise Hierarchical: 2.281281e-02
Pairwise Multileader: 7.346312e-03
Pairwise Node Aware: 1.606836e-03
Pairwise Locality Aware: 3.449907e-03
Pairwise Multileader Locality: 7.507901e-03
Nonblocking Hierarchical: 1.739799e-02
Nonblocking Multileader: 6.164667e-03
Nonblocking Node Aware: 1.507892e-03
Nonblocking Locality Aware: 8.770908e-02
Nonblocking Multileader Locality: 5.091920e-03
Size 16
PMPI: 6.463974e-03
Pairwise: 7.424084e-02
NonBlocking: 4.856864e-01
Pairwise Hierarchical: 4.661708e-02
Pairwise Multileader: 1.156584e-02
Pairwise Node Aware: 2.768755e-03
Pairwise Locality Aware: 4.485044e-03
Pairwise Multileader Locality: 1.213215e-02
Nonblocking Hierarchical: 3.501153e-02
Nonblocking Multileader: 6.832835e-03
Nonblocking Node Aware: 2.710757e-03
Nonblocking Locality Aware: 1.161670e-01
Nonblocking Multileader Locality: 8.747153e-03
Size 32
PMPI: 1.273366e-02
Pairwise: 6.003952e-02
NonBlocking: 3.806013e-01
Pairwise Hierarchical: 8.609326e-02
Pairwise Multileader: 2.962245e-02
Pairwise Node Aware: 5.292795e-03
Pairwise Locality Aware: 5.136965e-03
Pairwise Multileader Locality: 2.431439e-02
Nonblocking Hierarchical: 6.626391e-02
Nonblocking Multileader: 1.828165e-02
Nonblocking Node Aware: 5.688729e-03
Nonblocking Locality Aware: 5.768146e-02
Nonblocking Multileader Locality: 1.815067e-02
Size 64
PMPI: 2.288813e-02
Pairwise: 6.470576e-02
NonBlocking: 2.913712e-01
Pairwise Hierarchical: 1.680191e-01
Pairwise Multileader: 5.545921e-02
Pairwise Node Aware: 1.029625e-02
Pairwise Locality Aware: 1.116909e-02
Pairwise Multileader Locality: 5.844188e-02
Nonblocking Hierarchical: 1.323954e-01
Nonblocking Multileader: 3.823379e-02
Nonblocking Node Aware: 8.320408e-03
Nonblocking Locality Aware: 1.616150e-02
Nonblocking Multileader Locality: 4.145783e-02
Size 128
PMPI: 4.712772e-02
Pairwise: 9.052742e-02
NonBlocking: 1.817579e-01
Pairwise Hierarchical: 3.214564e-01
Pairwise Multileader: 1.003371e-01
Pairwise Node Aware: 2.169729e-02
Pairwise Locality Aware: 2.014893e-02
Pairwise Multileader Locality: 1.070954e-01
Nonblocking Hierarchical: 2.490628e-01
Nonblocking Multileader: 6.855919e-02
Nonblocking Node Aware: 1.840594e-02
Nonblocking Locality Aware: 2.582768e-02
Nonblocking Multileader Locality: 7.860562e-02
Size 256
PMPI: 9.531996e-02
Pairwise: 8.559559e-02
NonBlocking: 2.840158e-01
Pairwise Hierarchical: 6.349636e-01
Pairwise Multileader: 1.878796e-01
Pairwise Node Aware: 3.315127e-02
Pairwise Locality Aware: 3.876604e-02
Pairwise Multileader Locality: 2.083807e-01
Nonblocking Hierarchical: 5.358187e-01
Nonblocking Multileader: 1.321519e-01
Nonblocking Node Aware: 7.061994e-02
Nonblocking Locality Aware: 3.565950e-02
Nonblocking Multileader Locality: 1.539542e-01
Size 512
PMPI: 4.144106e-01
Pairwise: 1.156832e-01
NonBlocking: 2.617514e-01
Pairwise Hierarchical: 1.256519e+00
Pairwise Multileader: 3.528705e-01
Pairwise Node Aware: 6.507482e-02
Pairwise Locality Aware: 8.215088e-02
Pairwise Multileader Locality: 3.939100e-01
Nonblocking Hierarchical: 1.172324e+00
Nonblocking Multileader: 2.579284e-01
Nonblocking Node Aware: 5.163019e-02
Nonblocking Locality Aware: 7.110167e-02
Nonblocking Multileader Locality: 3.057447e-01
Size 1024
PMPI: 2.332165e-01
Pairwise: 2.019416e-01
NonBlocking: 3.528168e-01
Pairwise Hierarchical: 2.517509e+00
Pairwise Multileader: 7.000039e-01
Pairwise Node Aware: 1.295801e-01
Pairwise Locality Aware: 1.533119e-01
Pairwise Multileader Locality: 7.745869e-01
Nonblocking Hierarchical: 2.155590e+00
Nonblocking Multileader: 5.445448e-01
Nonblocking Node Aware: 1.106746e-01
Nonblocking Locality Aware: 9.819913e-02
Nonblocking Multileader Locality: 6.363497e-01
Size 2048
PMPI: 4.125044e-01
Pairwise: 4.040583e-01
NonBlocking: 6.363201e-01
