Fatal error in PMPI_Gather: Invalid buffer pointer, error stack:
PMPI_Gather(929): MPI_Gather(sbuf=0x1554fa866010, scount=6553600, MPI_FLOAT, rbuf=(nil), rcount=6553600, MPI_FLOAT, root=0, comm=0x84000004) failed
PMPI_Gather(851): Null buffer pointer
[cli_0]: aborting job:
Fatal error in PMPI_Gather: Invalid buffer pointer, error stack:
PMPI_Gather(929): MPI_Gather(sbuf=0x1554fa866010, scount=6553600, MPI_FLOAT, rbuf=(nil), rcount=6553600, MPI_FLOAT, root=0, comm=0x84000004) failed
PMPI_Gather(851): Null buffer pointer
Fatal error in PMPI_Gather: Invalid buffer pointer, error stack:
PMPI_Gather(929): MPI_Gather(sbuf=0x1554fa866010, scount=6553600, MPI_FLOAT, rbuf=(nil), rcount=6553600, MPI_FLOAT, root=0, comm=0x84000004) failed
PMPI_Gather(851): Null buffer pointer
[cli_100]: aborting job:
Fatal error in PMPI_Gather: Invalid buffer pointer, error stack:
PMPI_Gather(929): MPI_Gather(sbuf=0x1554fa866010, scount=6553600, MPI_FLOAT, rbuf=(nil), rcount=6553600, MPI_FLOAT, root=0, comm=0x84000004) failed
PMPI_Gather(851): Null buffer pointer
Fatal error in PMPI_Gather: Invalid buffer pointer, error stack:
PMPI_Gather(929): MPI_Gather(sbuf=0x1554fa866010, scount=6553600, MPI_FLOAT, rbuf=(nil), rcount=6553600, MPI_FLOAT, root=0, comm=0x84000004) failed
PMPI_Gather(851): Null buffer pointer
[cli_200]: aborting job:
Fatal error in PMPI_Gather: Invalid buffer pointer, error stack:
PMPI_Gather(929): MPI_Gather(sbuf=0x1554fa866010, scount=6553600, MPI_FLOAT, rbuf=(nil), rcount=6553600, MPI_FLOAT, root=0, comm=0x84000004) failed
PMPI_Gather(851): Null buffer pointer
Fatal error in PMPI_Gather: Invalid buffer pointer, error stack:
PMPI_Gather(929): MPI_Gather(sbuf=0x1554fa866010, scount=6553600, MPI_FLOAT, rbuf=(nil), rcount=6553600, MPI_FLOAT, root=0, comm=0x84000004) failed
PMPI_Gather(851): Null buffer pointer
[cli_300]: aborting job:
Fatal error in PMPI_Gather: Invalid buffer pointer, error stack:
PMPI_Gather(929): MPI_Gather(sbuf=0x1554fa866010, scount=6553600, MPI_FLOAT, rbuf=(nil), rcount=6553600, MPI_FLOAT, root=0, comm=0x84000004) failed
PMPI_Gather(851): Null buffer pointer
Fatal error in PMPI_Gather: Invalid buffer pointer, error stack:
PMPI_Gather(929): MPI_Gather(sbuf=0x1554fa866010, scount=6553600, MPI_FLOAT, rbuf=(nil), rcount=6553600, MPI_FLOAT, root=0, comm=0x84000004) failed
PMPI_Gather(851): Null buffer pointer
[cli_500]: aborting job:
Fatal error in PMPI_Gather: Invalid buffer pointer, error stack:
PMPI_Gather(929): MPI_Gather(sbuf=0x1554fa866010, scount=6553600, MPI_FLOAT, rbuf=(nil), rcount=6553600, MPI_FLOAT, root=0, comm=0x84000004) failed
PMPI_Gather(851): Null buffer pointer
Fatal error in PMPI_Gather: Invalid buffer pointer, error stack:
PMPI_Gather(929): MPI_Gather(sbuf=0x1554fa866010, scount=6553600, MPI_FLOAT, rbuf=(nil), rcount=6553600, MPI_FLOAT, root=0, comm=0x84000004) failed
PMPI_Gather(851): Null buffer pointer
[cli_1900]: aborting job:
Fatal error in PMPI_Gather: Invalid buffer pointer, error stack:
PMPI_Gather(929): MPI_Gather(sbuf=0x1554fa866010, scount=6553600, MPI_FLOAT, rbuf=(nil), rcount=6553600, MPI_FLOAT, root=0, comm=0x84000004) failed
PMPI_Gather(851): Null buffer pointer
Fatal error in PMPI_Gather: Invalid buffer pointer, error stack:
PMPI_Gather(929): MPI_Gather(sbuf=0x1554fa866010, scount=6553600, MPI_FLOAT, rbuf=(nil), rcount=6553600, MPI_FLOAT, root=0, comm=0x84000004) failed
PMPI_Gather(851): Null buffer pointer
[cli_1200]: aborting job:
Fatal error in PMPI_Gather: Invalid buffer pointer, error stack:
PMPI_Gather(929): MPI_Gather(sbuf=0x1554fa866010, scount=6553600, MPI_FLOAT, rbuf=(nil), rcount=6553600, MPI_FLOAT, root=0, comm=0x84000004) failed
PMPI_Gather(851): Null buffer pointer
Fatal error in PMPI_Gather: Invalid buffer pointer, error stack:
PMPI_Gather(929): MPI_Gather(sbuf=0x1554fa866010, scount=6553600, MPI_FLOAT, rbuf=(nil), rcount=6553600, MPI_FLOAT, root=0, comm=0x84000004) failed
PMPI_Gather(851): Null buffer pointer
[cli_2300]: aborting job:
Fatal error in PMPI_Gather: Invalid buffer pointer, error stack:
PMPI_Gather(929): MPI_Gather(sbuf=0x1554fa866010, scount=6553600, MPI_FLOAT, rbuf=(nil), rcount=6553600, MPI_FLOAT, root=0, comm=0x84000004) failed
PMPI_Gather(851): Null buffer pointer
Fatal error in PMPI_Gather: Invalid buffer pointer, error stack:
PMPI_Gather(929): MPI_Gather(sbuf=0x1554fa866010, scount=6553600, MPI_FLOAT, rbuf=(nil), rcount=6553600, MPI_FLOAT, root=0, comm=0x84000004) failed
PMPI_Gather(851): Null buffer pointer
[cli_1800]: aborting job:
Fatal error in PMPI_Gather: Invalid buffer pointer, error stack:
PMPI_Gather(929): MPI_Gather(sbuf=0x1554fa866010, scount=6553600, MPI_FLOAT, rbuf=(nil), rcount=6553600, MPI_FLOAT, root=0, comm=0x84000004) failed
PMPI_Gather(851): Null buffer pointer
Fatal error in PMPI_Gather: Invalid buffer pointer, error stack:
PMPI_Gather(929): MPI_Gather(sbuf=0x1554fa866010, scount=6553600, MPI_FLOAT, rbuf=(nil), rcount=6553600, MPI_FLOAT, root=0, comm=0x84000004) failed
PMPI_Gather(851): Null buffer pointer
[cli_1400]: aborting job:
Fatal error in PMPI_Gather: Invalid buffer pointer, error stack:
PMPI_Gather(929): MPI_Gather(sbuf=0x1554fa866010, scount=6553600, MPI_FLOAT, rbuf=(nil), rcount=6553600, MPI_FLOAT, root=0, comm=0x84000004) failed
PMPI_Gather(851): Null buffer pointer
Fatal error in PMPI_Gather: Invalid buffer pointer, error stack:
PMPI_Gather(929): MPI_Gather(sbuf=0x1554fa866010, scount=6553600, MPI_FLOAT, rbuf=(nil), rcount=6553600, MPI_FLOAT, root=0, comm=0x84000004) failed
PMPI_Gather(851): Null buffer pointer
[cli_1600]: aborting job:
Fatal error in PMPI_Gather: Invalid buffer pointer, error stack:
PMPI_Gather(929): MPI_Gather(sbuf=0x1554fa866010, scount=6553600, MPI_FLOAT, rbuf=(nil), rcount=6553600, MPI_FLOAT, root=0, comm=0x84000004) failed
PMPI_Gather(851): Null buffer pointer
Fatal error in PMPI_Gather: Invalid buffer pointer, error stack:
PMPI_Gather(929): MPI_Gather(sbuf=0x1554fa866010, scount=6553600, MPI_FLOAT, rbuf=(nil), rcount=6553600, MPI_FLOAT, root=0, comm=0x84000004) failed
PMPI_Gather(851): Null buffer pointer
[cli_2700]: aborting job:
Fatal error in PMPI_Gather: Invalid buffer pointer, error stack:
PMPI_Gather(929): MPI_Gather(sbuf=0x1554fa866010, scount=6553600, MPI_FLOAT, rbuf=(nil), rcount=6553600, MPI_FLOAT, root=0, comm=0x84000004) failed
PMPI_Gather(851): Null buffer pointer
Fatal error in PMPI_Gather: Invalid buffer pointer, error stack:
PMPI_Gather(929): MPI_Gather(sbuf=0x1554fa866010, scount=6553600, MPI_FLOAT, rbuf=(nil), rcount=6553600, MPI_FLOAT, root=0, comm=0x84000004) failed
PMPI_Gather(851): Null buffer pointer
[cli_700]: aborting job:
Fatal error in PMPI_Gather: Invalid buffer pointer, error stack:
PMPI_Gather(929): MPI_Gather(sbuf=0x1554fa866010, scount=6553600, MPI_FLOAT, rbuf=(nil), rcount=6553600, MPI_FLOAT, root=0, comm=0x84000004) failed
PMPI_Gather(851): Null buffer pointer
Fatal error in PMPI_Gather: Invalid buffer pointer, error stack:
PMPI_Gather(929): MPI_Gather(sbuf=0x1554fa866010, scount=6553600, MPI_FLOAT, rbuf=(nil), rcount=6553600, MPI_FLOAT, root=0, comm=0x84000004) failed
PMPI_Gather(851): Null buffer pointer
[cli_800]: aborting job:
Fatal error in PMPI_Gather: Invalid buffer pointer, error stack:
PMPI_Gather(929): MPI_Gather(sbuf=0x1554fa866010, scount=6553600, MPI_FLOAT, rbuf=(nil), rcount=6553600, MPI_FLOAT, root=0, comm=0x84000004) failed
PMPI_Gather(851): Null buffer pointer
Fatal error in PMPI_Gather: Invalid buffer pointer, error stack:
PMPI_Gather(929): MPI_Gather(sbuf=0x1554fa866010, scount=6553600, MPI_FLOAT, rbuf=(nil), rcount=6553600, MPI_FLOAT, root=0, comm=0x84000004) failed
PMPI_Gather(851): Null buffer pointer
[cli_2800]: aborting job:
Fatal error in PMPI_Gather: Invalid buffer pointer, error stack:
PMPI_Gather(929): MPI_Gather(sbuf=0x1554fa866010, scount=6553600, MPI_FLOAT, rbuf=(nil), rcount=6553600, MPI_FLOAT, root=0, comm=0x84000004) failed
PMPI_Gather(851): Null buffer pointer
Fatal error in PMPI_Gather: Invalid buffer pointer, error stack:
PMPI_Gather(929): MPI_Gather(sbuf=0x1554fa866010, scount=6553600, MPI_FLOAT, rbuf=(nil), rcount=6553600, MPI_FLOAT, root=0, comm=0x84000004) failed
PMPI_Gather(851): Null buffer pointer
[cli_2600]: aborting job:
Fatal error in PMPI_Gather: Invalid buffer pointer, error stack:
PMPI_Gather(929): MPI_Gather(sbuf=0x1554fa866010, scount=6553600, MPI_FLOAT, rbuf=(nil), rcount=6553600, MPI_FLOAT, root=0, comm=0x84000004) failed
PMPI_Gather(851): Null buffer pointer
Fatal error in PMPI_Gather: Invalid buffer pointer, error stack:
PMPI_Gather(929): MPI_Gather(sbuf=0x1554fa866010, scount=6553600, MPI_FLOAT, rbuf=(nil), rcount=6553600, MPI_FLOAT, root=0, comm=0x84000004) failed
PMPI_Gather(851): Null buffer pointer
[cli_2900]: aborting job:
Fatal error in PMPI_Gather: Invalid buffer pointer, error stack:
PMPI_Gather(929): MPI_Gather(sbuf=0x1554fa866010, scount=6553600, MPI_FLOAT, rbuf=(nil), rcount=6553600, MPI_FLOAT, root=0, comm=0x84000004) failed
PMPI_Gather(851): Null buffer pointer
Fatal error in PMPI_Gather: Invalid buffer pointer, error stack:
PMPI_Gather(929): MPI_Gather(sbuf=0x1554fa866010, scount=6553600, MPI_FLOAT, rbuf=(nil), rcount=6553600, MPI_FLOAT, root=0, comm=0x84000004) failed
PMPI_Gather(851): Null buffer pointer
[cli_3000]: aborting job:
Fatal error in PMPI_Gather: Invalid buffer pointer, error stack:
PMPI_Gather(929): MPI_Gather(sbuf=0x1554fa866010, scount=6553600, MPI_FLOAT, rbuf=(nil), rcount=6553600, MPI_FLOAT, root=0, comm=0x84000004) failed
PMPI_Gather(851): Null buffer pointer
Fatal error in PMPI_Gather: Invalid buffer pointer, error stack:
PMPI_Gather(929): MPI_Gather(sbuf=0x1554fa866010, scount=6553600, MPI_FLOAT, rbuf=(nil), rcount=6553600, MPI_FLOAT, root=0, comm=0x84000004) failed
PMPI_Gather(851): Null buffer pointer
[cli_1300]: aborting job:
Fatal error in PMPI_Gather: Invalid buffer pointer, error stack:
PMPI_Gather(929): MPI_Gather(sbuf=0x1554fa866010, scount=6553600, MPI_FLOAT, rbuf=(nil), rcount=6553600, MPI_FLOAT, root=0, comm=0x84000004) failed
PMPI_Gather(851): Null buffer pointer
Fatal error in PMPI_Gather: Invalid buffer pointer, error stack:
PMPI_Gather(929): MPI_Gather(sbuf=0x1554fa866010, scount=6553600, MPI_FLOAT, rbuf=(nil), rcount=6553600, MPI_FLOAT, root=0, comm=0x84000004) failed
PMPI_Gather(851): Null buffer pointer
[cli_2100]: aborting job:
Fatal error in PMPI_Gather: Invalid buffer pointer, error stack:
PMPI_Gather(929): MPI_Gather(sbuf=0x1554fa866010, scount=6553600, MPI_FLOAT, rbuf=(nil), rcount=6553600, MPI_FLOAT, root=0, comm=0x84000004) failed
PMPI_Gather(851): Null buffer pointer
Fatal error in PMPI_Gather: Invalid buffer pointer, error stack:
PMPI_Gather(929): MPI_Gather(sbuf=0x1554fa866010, scount=6553600, MPI_FLOAT, rbuf=(nil), rcount=6553600, MPI_FLOAT, root=0, comm=0x84000004) failed
PMPI_Gather(851): Null buffer pointer
[cli_1700]: aborting job:
Fatal error in PMPI_Gather: Invalid buffer pointer, error stack:
PMPI_Gather(929): MPI_Gather(sbuf=0x1554fa866010, scount=6553600, MPI_FLOAT, rbuf=(nil), rcount=6553600, MPI_FLOAT, root=0, comm=0x84000004) failed
PMPI_Gather(851): Null buffer pointer
Fatal error in PMPI_Gather: Invalid buffer pointer, error stack:
PMPI_Gather(929): MPI_Gather(sbuf=0x1554fa866010, scount=6553600, MPI_FLOAT, rbuf=(nil), rcount=6553600, MPI_FLOAT, root=0, comm=0x84000004) failed
PMPI_Gather(851): Null buffer pointer
[cli_1100]: aborting job:
Fatal error in PMPI_Gather: Invalid buffer pointer, error stack:
PMPI_Gather(929): MPI_Gather(sbuf=0x1554fa866010, scount=6553600, MPI_FLOAT, rbuf=(nil), rcount=6553600, MPI_FLOAT, root=0, comm=0x84000004) failed
PMPI_Gather(851): Null buffer pointer
Fatal error in PMPI_Gather: Invalid buffer pointer, error stack:
PMPI_Gather(929): MPI_Gather(sbuf=0x1554fa866010, scount=6553600, MPI_FLOAT, rbuf=(nil), rcount=6553600, MPI_FLOAT, root=0, comm=0x84000004) failed
PMPI_Gather(851): Null buffer pointer
[cli_600]: aborting job:
Fatal error in PMPI_Gather: Invalid buffer pointer, error stack:
PMPI_Gather(929): MPI_Gather(sbuf=0x1554fa866010, scount=6553600, MPI_FLOAT, rbuf=(nil), rcount=6553600, MPI_FLOAT, root=0, comm=0x84000004) failed
PMPI_Gather(851): Null buffer pointer
Fatal error in PMPI_Gather: Invalid buffer pointer, error stack:
PMPI_Gather(929): MPI_Gather(sbuf=0x1554fa866010, scount=6553600, MPI_FLOAT, rbuf=(nil), rcount=6553600, MPI_FLOAT, root=0, comm=0x84000004) failed
PMPI_Gather(851): Null buffer pointer
[cli_1500]: aborting job:
Fatal error in PMPI_Gather: Invalid buffer pointer, error stack:
PMPI_Gather(929): MPI_Gather(sbuf=0x1554fa866010, scount=6553600, MPI_FLOAT, rbuf=(nil), rcount=6553600, MPI_FLOAT, root=0, comm=0x84000004) failed
PMPI_Gather(851): Null buffer pointer
Fatal error in PMPI_Gather: Invalid buffer pointer, error stack:
PMPI_Gather(929): MPI_Gather(sbuf=0x1554fa866010, scount=6553600, MPI_FLOAT, rbuf=(nil), rcount=6553600, MPI_FLOAT, root=0, comm=0x84000004) failed
PMPI_Gather(851): Null buffer pointer
[cli_2400]: aborting job:
Fatal error in PMPI_Gather: Invalid buffer pointer, error stack:
PMPI_Gather(929): MPI_Gather(sbuf=0x1554fa866010, scount=6553600, MPI_FLOAT, rbuf=(nil), rcount=6553600, MPI_FLOAT, root=0, comm=0x84000004) failed
PMPI_Gather(851): Null buffer pointer
Fatal error in PMPI_Gather: Invalid buffer pointer, error stack:
PMPI_Gather(929): MPI_Gather(sbuf=0x1554fa866010, scount=6553600, MPI_FLOAT, rbuf=(nil), rcount=6553600, MPI_FLOAT, root=0, comm=0x84000004) failed
PMPI_Gather(851): Null buffer pointer
[cli_1000]: aborting job:
Fatal error in PMPI_Gather: Invalid buffer pointer, error stack:
PMPI_Gather(929): MPI_Gather(sbuf=0x1554fa866010, scount=6553600, MPI_FLOAT, rbuf=(nil), rcount=6553600, MPI_FLOAT, root=0, comm=0x84000004) failed
PMPI_Gather(851): Null buffer pointer
Fatal error in PMPI_Gather: Invalid buffer pointer, error stack:
PMPI_Gather(929): MPI_Gather(sbuf=0x1554fa866010, scount=6553600, MPI_FLOAT, rbuf=(nil), rcount=6553600, MPI_FLOAT, root=0, comm=0x84000004) failed
PMPI_Gather(851): Null buffer pointer
[cli_2000]: aborting job:
Fatal error in PMPI_Gather: Invalid buffer pointer, error stack:
PMPI_Gather(929): MPI_Gather(sbuf=0x1554fa866010, scount=6553600, MPI_FLOAT, rbuf=(nil), rcount=6553600, MPI_FLOAT, root=0, comm=0x84000004) failed
PMPI_Gather(851): Null buffer pointer
Fatal error in PMPI_Gather: Invalid buffer pointer, error stack:
PMPI_Gather(929): MPI_Gather(sbuf=0x1554fa866010, scount=6553600, MPI_FLOAT, rbuf=(nil), rcount=6553600, MPI_FLOAT, root=0, comm=0x84000004) failed
PMPI_Gather(851): Null buffer pointer
[cli_400]: aborting job:
Fatal error in PMPI_Gather: Invalid buffer pointer, error stack:
PMPI_Gather(929): MPI_Gather(sbuf=0x1554fa866010, scount=6553600, MPI_FLOAT, rbuf=(nil), rcount=6553600, MPI_FLOAT, root=0, comm=0x84000004) failed
PMPI_Gather(851): Null buffer pointer
Fatal error in PMPI_Gather: Invalid buffer pointer, error stack:
PMPI_Gather(929): MPI_Gather(sbuf=0x1554fa866010, scount=6553600, MPI_FLOAT, rbuf=(nil), rcount=6553600, MPI_FLOAT, root=0, comm=0x84000004) failed
PMPI_Gather(851): Null buffer pointer
[cli_3100]: aborting job:
Fatal error in PMPI_Gather: Invalid buffer pointer, error stack:
PMPI_Gather(929): MPI_Gather(sbuf=0x1554fa866010, scount=6553600, MPI_FLOAT, rbuf=(nil), rcount=6553600, MPI_FLOAT, root=0, comm=0x84000004) failed
PMPI_Gather(851): Null buffer pointer
Fatal error in PMPI_Gather: Invalid buffer pointer, error stack:
PMPI_Gather(929): MPI_Gather(sbuf=0x1554fa866010, scount=6553600, MPI_FLOAT, rbuf=(nil), rcount=6553600, MPI_FLOAT, root=0, comm=0x84000004) failed
PMPI_Gather(851): Null buffer pointer
[cli_2200]: aborting job:
Fatal error in PMPI_Gather: Invalid buffer pointer, error stack:
PMPI_Gather(929): MPI_Gather(sbuf=0x1554fa866010, scount=6553600, MPI_FLOAT, rbuf=(nil), rcount=6553600, MPI_FLOAT, root=0, comm=0x84000004) failed
PMPI_Gather(851): Null buffer pointer
Fatal error in PMPI_Gather: Invalid buffer pointer, error stack:
PMPI_Gather(929): MPI_Gather(sbuf=0x1554fa866010, scount=6553600, MPI_FLOAT, rbuf=(nil), rcount=6553600, MPI_FLOAT, root=0, comm=0x84000004) failed
PMPI_Gather(851): Null buffer pointer
[cli_2500]: aborting job:
Fatal error in PMPI_Gather: Invalid buffer pointer, error stack:
PMPI_Gather(929): MPI_Gather(sbuf=0x1554fa866010, scount=6553600, MPI_FLOAT, rbuf=(nil), rcount=6553600, MPI_FLOAT, root=0, comm=0x84000004) failed
PMPI_Gather(851): Null buffer pointer
Fatal error in PMPI_Gather: Invalid buffer pointer, error stack:
PMPI_Gather(929): MPI_Gather(sbuf=0x1554fa866010, scount=6553600, MPI_FLOAT, rbuf=(nil), rcount=6553600, MPI_FLOAT, root=0, comm=0x84000004) failed
PMPI_Gather(851): Null buffer pointer
[cli_900]: aborting job:
Fatal error in PMPI_Gather: Invalid buffer pointer, error stack:
PMPI_Gather(929): MPI_Gather(sbuf=0x1554fa866010, scount=6553600, MPI_FLOAT, rbuf=(nil), rcount=6553600, MPI_FLOAT, root=0, comm=0x84000004) failed
PMPI_Gather(851): Null buffer pointer
slurmstepd: error: *** STEP 2361058.0 ON dane99 CANCELLED AT 2025-04-28T16:03:34 ***
srun: Job step aborted: Waiting up to 62 seconds for job step to finish.
srun: error: dane1483: task 2605: Killed
srun: error: dane860: tasks 1605,1609: Killed
srun: error: dane366: task 605: Killed
srun: error: dane705: tasks 1403,1405: Killed
srun: error: dane679: tasks 1305,1309,1315: Killed
srun: error: dane756: tasks 1505,1509,1513: Killed
srun: error: dane860: tasks 1600-1604,1606-1608,1610-1699: Killed
srun: error: dane1539: tasks 3100-3199: Killed
srun: error: dane1347: tasks 2300-2399: Killed
srun: error: dane1483: tasks 2600-2604,2606-2699: Killed
srun: error: dane1127: tasks 2000-2099: Killed
srun: error: dane1276: tasks 2100-2199: Killed
srun: error: dane1021: tasks 1800-1899: Killed
srun: error: dane705: tasks 1400-1402,1404,1406-1499: Killed
srun: error: dane679: tasks 1300-1304,1306-1308,1310-1314,1316-1399: Killed
srun: error: dane1446: tasks 2400-2499: Killed
srun: error: dane481: tasks 1000-1099: Killed
srun: error: dane1517: tasks 2900-2999: Killed
srun: error: dane1520: tasks 3000-3099: Killed
srun: error: dane1044: tasks 1900-1999: Killed
srun: error: dane1451: tasks 2500-2599: Killed
srun: error: dane366: tasks 600-604,606-699: Killed
srun: error: dane377: tasks 700-799: Killed
srun: error: dane756: tasks 1500-1504,1506-1508,1510-1512,1514-1599: Killed
srun: error: dane1014: tasks 1700-1799: Killed
srun: error: dane409: tasks 900-999: Killed
srun: error: dane220: tasks 400-499: Killed
srun: error: dane574: tasks 1200-1299: Killed
srun: error: dane528: tasks 1100-1199: Killed
srun: error: dane1493: tasks 2800-2899: Killed
srun: error: dane392: tasks 800-899: Killed
srun: error: dane250: tasks 500-599: Killed
srun: error: dane99: tasks 0-99: Killed
srun: error: dane137: tasks 100-199: Killed
srun: error: dane181: tasks 200-299: Killed
srun: error: dane185: tasks 300-399: Killed
srun: error: dane1318: tasks 2200-2299: Killed
srun: error: dane1492: tasks 2700-2799: Killed
Fatal error in PMPI_Gather: Invalid buffer pointer, error stack:
PMPI_Gather(929): MPI_Gather(sbuf=0x1554fa866010, scount=6553600, MPI_FLOAT, rbuf=(nil), rcount=6553600, MPI_FLOAT, root=0, comm=0x84000004) failed
PMPI_Gather(851): Null buffer pointer
[cli_2900]: aborting job:
Fatal error in PMPI_Gather: Invalid buffer pointer, error stack:
PMPI_Gather(929): MPI_Gather(sbuf=0x1554fa866010, scount=6553600, MPI_FLOAT, rbuf=(nil), rcount=6553600, MPI_FLOAT, root=0, comm=0x84000004) failed
PMPI_Gather(851): Null buffer pointer
Fatal error in PMPI_Gather: Invalid buffer pointer, error stack:
PMPI_Gather(929): MPI_Gather(sbuf=0x1554fa866010, scount=6553600, MPI_FLOAT, rbuf=(nil), rcount=6553600, MPI_FLOAT, root=0, comm=0x84000004) failed
PMPI_Gather(851): Null buffer pointer
[cli_1800]: aborting job:
Fatal error in PMPI_Gather: Invalid buffer pointer, error stack:
PMPI_Gather(929): MPI_Gather(sbuf=0x1554fa866010, scount=6553600, MPI_FLOAT, rbuf=(nil), rcount=6553600, MPI_FLOAT, root=0, comm=0x84000004) failed
PMPI_Gather(851): Null buffer pointer
Fatal error in PMPI_Gather: Invalid buffer pointer, error stack:
PMPI_Gather(929): MPI_Gather(sbuf=0x1554fa866010, scount=6553600, MPI_FLOAT, rbuf=(nil), rcount=6553600, MPI_FLOAT, root=0, comm=0x84000004) failed
PMPI_Gather(851): Null buffer pointer
[cli_900]: aborting job:
Fatal error in PMPI_Gather: Invalid buffer pointer, error stack:
PMPI_Gather(929): MPI_Gather(sbuf=0x1554fa866010, scount=6553600, MPI_FLOAT, rbuf=(nil), rcount=6553600, MPI_FLOAT, root=0, comm=0x84000004) failed
PMPI_Gather(851): Null buffer pointer
Fatal error in PMPI_Gather: Invalid buffer pointer, error stack:
PMPI_Gather(929): MPI_Gather(sbuf=0x1554fa866010, scount=6553600, MPI_FLOAT, rbuf=(nil), rcount=6553600, MPI_FLOAT, root=0, comm=0x84000004) failed
PMPI_Gather(851): Null buffer pointer
[cli_1000]: aborting job:
Fatal error in PMPI_Gather: Invalid buffer pointer, error stack:
PMPI_Gather(929): MPI_Gather(sbuf=0x1554fa866010, scount=6553600, MPI_FLOAT, rbuf=(nil), rcount=6553600, MPI_FLOAT, root=0, comm=0x84000004) failed
PMPI_Gather(851): Null buffer pointer
Fatal error in PMPI_Gather: Invalid buffer pointer, error stack:
PMPI_Gather(929): MPI_Gather(sbuf=0x1554fa866010, scount=6553600, MPI_FLOAT, rbuf=(nil), rcount=6553600, MPI_FLOAT, root=0, comm=0x84000004) failed
PMPI_Gather(851): Null buffer pointer
[cli_1500]: aborting job:
Fatal error in PMPI_Gather: Invalid buffer pointer, error stack:
PMPI_Gather(929): MPI_Gather(sbuf=0x1554fa866010, scount=6553600, MPI_FLOAT, rbuf=(nil), rcount=6553600, MPI_FLOAT, root=0, comm=0x84000004) failed
PMPI_Gather(851): Null buffer pointer
Fatal error in PMPI_Gather: Invalid buffer pointer, error stack:
PMPI_Gather(929): MPI_Gather(sbuf=0x1554fa866010, scount=6553600, MPI_FLOAT, rbuf=(nil), rcount=6553600, MPI_FLOAT, root=0, comm=0x84000004) failed
PMPI_Gather(851): Null buffer pointer
[cli_2100]: aborting job:
Fatal error in PMPI_Gather: Invalid buffer pointer, error stack:
PMPI_Gather(929): MPI_Gather(sbuf=0x1554fa866010, scount=6553600, MPI_FLOAT, rbuf=(nil), rcount=6553600, MPI_FLOAT, root=0, comm=0x84000004) failed
PMPI_Gather(851): Null buffer pointer
Fatal error in PMPI_Gather: Invalid buffer pointer, error stack:
PMPI_Gather(929): MPI_Gather(sbuf=0x1554fa866010, scount=6553600, MPI_FLOAT, rbuf=(nil), rcount=6553600, MPI_FLOAT, root=0, comm=0x84000004) failed
PMPI_Gather(851): Null buffer pointer
[cli_1900]: aborting job:
Fatal error in PMPI_Gather: Invalid buffer pointer, error stack:
PMPI_Gather(929): MPI_Gather(sbuf=0x1554fa866010, scount=6553600, MPI_FLOAT, rbuf=(nil), rcount=6553600, MPI_FLOAT, root=0, comm=0x84000004) failed
PMPI_Gather(851): Null buffer pointer
Fatal error in PMPI_Gather: Invalid buffer pointer, error stack:
PMPI_Gather(929): MPI_Gather(sbuf=0x1554fa866010, scount=6553600, MPI_FLOAT, rbuf=(nil), rcount=6553600, MPI_FLOAT, root=0, comm=0x84000004) failed
PMPI_Gather(851): Null buffer pointer
[cli_400]: aborting job:
Fatal error in PMPI_Gather: Invalid buffer pointer, error stack:
PMPI_Gather(929): MPI_Gather(sbuf=0x1554fa866010, scount=6553600, MPI_FLOAT, rbuf=(nil), rcount=6553600, MPI_FLOAT, root=0, comm=0x84000004) failed
PMPI_Gather(851): Null buffer pointer
Fatal error in PMPI_Gather: Invalid buffer pointer, error stack:
PMPI_Gather(929): MPI_Gather(sbuf=0x1554fa866010, scount=6553600, MPI_FLOAT, rbuf=(nil), rcount=6553600, MPI_FLOAT, root=0, comm=0x84000004) failed
PMPI_Gather(851): Null buffer pointer
[cli_3000]: aborting job:
Fatal error in PMPI_Gather: Invalid buffer pointer, error stack:
PMPI_Gather(929): MPI_Gather(sbuf=0x1554fa866010, scount=6553600, MPI_FLOAT, rbuf=(nil), rcount=6553600, MPI_FLOAT, root=0, comm=0x84000004) failed
PMPI_Gather(851): Null buffer pointer
Fatal error in PMPI_Gather: Invalid buffer pointer, error stack:
PMPI_Gather(929): MPI_Gather(sbuf=0x1554fa866010, scount=6553600, MPI_FLOAT, rbuf=(nil), rcount=6553600, MPI_FLOAT, root=0, comm=0x84000004) failed
PMPI_Gather(851): Null buffer pointer
[cli_500]: aborting job:
Fatal error in PMPI_Gather: Invalid buffer pointer, error stack:
PMPI_Gather(929): MPI_Gather(sbuf=0x1554fa866010, scount=6553600, MPI_FLOAT, rbuf=(nil), rcount=6553600, MPI_FLOAT, root=0, comm=0x84000004) failed
PMPI_Gather(851): Null buffer pointer
Fatal error in PMPI_Gather: Invalid buffer pointer, error stack:
PMPI_Gather(929): MPI_Gather(sbuf=0x1554fa866010, scount=6553600, MPI_FLOAT, rbuf=(nil), rcount=6553600, MPI_FLOAT, root=0, comm=0x84000004) failed
PMPI_Gather(851): Null buffer pointer
[cli_100]: aborting job:
Fatal error in PMPI_Gather: Invalid buffer pointer, error stack:
PMPI_Gather(929): MPI_Gather(sbuf=0x1554fa866010, scount=6553600, MPI_FLOAT, rbuf=(nil), rcount=6553600, MPI_FLOAT, root=0, comm=0x84000004) failed
PMPI_Gather(851): Null buffer pointer
Fatal error in PMPI_Gather: Invalid buffer pointer, error stack:
PMPI_Gather(929): MPI_Gather(sbuf=0x1554fa866010, scount=6553600, MPI_FLOAT, rbuf=(nil), rcount=6553600, MPI_FLOAT, root=0, comm=0x84000004) failed
PMPI_Gather(851): Null buffer pointer
[cli_2600]: aborting job:
Fatal error in PMPI_Gather: Invalid buffer pointer, error stack:
PMPI_Gather(929): MPI_Gather(sbuf=0x1554fa866010, scount=6553600, MPI_FLOAT, rbuf=(nil), rcount=6553600, MPI_FLOAT, root=0, comm=0x84000004) failed
PMPI_Gather(851): Null buffer pointer
Fatal error in PMPI_Gather: Invalid buffer pointer, error stack:
PMPI_Gather(929): MPI_Gather(sbuf=0x1554fa866010, scount=6553600, MPI_FLOAT, rbuf=(nil), rcount=6553600, MPI_FLOAT, root=0, comm=0x84000004) failed
PMPI_Gather(851): Null buffer pointer
[cli_1700]: aborting job:
Fatal error in PMPI_Gather: Invalid buffer pointer, error stack:
PMPI_Gather(929): MPI_Gather(sbuf=0x1554fa866010, scount=6553600, MPI_FLOAT, rbuf=(nil), rcount=6553600, MPI_FLOAT, root=0, comm=0x84000004) failed
PMPI_Gather(851): Null buffer pointer
Fatal error in PMPI_Gather: Invalid buffer pointer, error stack:
PMPI_Gather(929): MPI_Gather(sbuf=0x1554fa866010, scount=6553600, MPI_FLOAT, rbuf=(nil), rcount=6553600, MPI_FLOAT, root=0, comm=0x84000004) failed
PMPI_Gather(851): Null buffer pointer
[cli_3100]: aborting job:
Fatal error in PMPI_Gather: Invalid buffer pointer, error stack:
PMPI_Gather(929): MPI_Gather(sbuf=0x1554fa866010, scount=6553600, MPI_FLOAT, rbuf=(nil), rcount=6553600, MPI_FLOAT, root=0, comm=0x84000004) failed
PMPI_Gather(851): Null buffer pointer
Fatal error in PMPI_Gather: Invalid buffer pointer, error stack:
PMPI_Gather(929): MPI_Gather(sbuf=0x1554fa866010, scount=6553600, MPI_FLOAT, rbuf=(nil), rcount=6553600, MPI_FLOAT, root=0, comm=0x84000004) failed
PMPI_Gather(851): Null buffer pointer
[cli_2700]: aborting job:
Fatal error in PMPI_Gather: Invalid buffer pointer, error stack:
PMPI_Gather(929): MPI_Gather(sbuf=0x1554fa866010, scount=6553600, MPI_FLOAT, rbuf=(nil), rcount=6553600, MPI_FLOAT, root=0, comm=0x84000004) failed
PMPI_Gather(851): Null buffer pointer
Fatal error in PMPI_Gather: Invalid buffer pointer, error stack:
PMPI_Gather(929): MPI_Gather(sbuf=0x1554fa866010, scount=6553600, MPI_FLOAT, rbuf=(nil), rcount=6553600, MPI_FLOAT, root=0, comm=0x84000004) failed
PMPI_Gather(851): Null buffer pointer
[cli_2800]: aborting job:
Fatal error in PMPI_Gather: Invalid buffer pointer, error stack:
PMPI_Gather(929): MPI_Gather(sbuf=0x1554fa866010, scount=6553600, MPI_FLOAT, rbuf=(nil), rcount=6553600, MPI_FLOAT, root=0, comm=0x84000004) failed
PMPI_Gather(851): Null buffer pointer
Fatal error in PMPI_Gather: Invalid buffer pointer, error stack:
PMPI_Gather(929): MPI_Gather(sbuf=0x1554fa866010, scount=6553600, MPI_FLOAT, rbuf=(nil), rcount=6553600, MPI_FLOAT, root=0, comm=0x84000004) failed
PMPI_Gather(851): Null buffer pointer
[cli_1400]: aborting job:
Fatal error in PMPI_Gather: Invalid buffer pointer, error stack:
PMPI_Gather(929): MPI_Gather(sbuf=0x1554fa866010, scount=6553600, MPI_FLOAT, rbuf=(nil), rcount=6553600, MPI_FLOAT, root=0, comm=0x84000004) failed
PMPI_Gather(851): Null buffer pointer
Fatal error in PMPI_Gather: Invalid buffer pointer, error stack:
PMPI_Gather(929): MPI_Gather(sbuf=0x1554fa866010, scount=6553600, MPI_FLOAT, rbuf=(nil), rcount=6553600, MPI_FLOAT, root=0, comm=0x84000004) failed
PMPI_Gather(851): Null buffer pointer
[cli_300]: aborting job:
Fatal error in PMPI_Gather: Invalid buffer pointer, error stack:
PMPI_Gather(929): MPI_Gather(sbuf=0x1554fa866010, scount=6553600, MPI_FLOAT, rbuf=(nil), rcount=6553600, MPI_FLOAT, root=0, comm=0x84000004) failed
PMPI_Gather(851): Null buffer pointer
Fatal error in PMPI_Gather: Invalid buffer pointer, error stack:
PMPI_Gather(929): MPI_Gather(sbuf=0x1554fa866010, scount=6553600, MPI_FLOAT, rbuf=(nil), rcount=6553600, MPI_FLOAT, root=0, comm=0x84000004) failed
PMPI_Gather(851): Null buffer pointer
[cli_700]: aborting job:
Fatal error in PMPI_Gather: Invalid buffer pointer, error stack:
PMPI_Gather(929): MPI_Gather(sbuf=0x1554fa866010, scount=6553600, MPI_FLOAT, rbuf=(nil), rcount=6553600, MPI_FLOAT, root=0, comm=0x84000004) failed
PMPI_Gather(851): Null buffer pointer
Fatal error in PMPI_Gather: Invalid buffer pointer, error stack:
PMPI_Gather(929): MPI_Gather(sbuf=0x1554fa866010, scount=6553600, MPI_FLOAT, rbuf=(nil), rcount=6553600, MPI_FLOAT, root=0, comm=0x84000004) failed
PMPI_Gather(851): Null buffer pointer
[cli_2000]: aborting job:
Fatal error in PMPI_Gather: Invalid buffer pointer, error stack:
PMPI_Gather(929): MPI_Gather(sbuf=0x1554fa866010, scount=6553600, MPI_FLOAT, rbuf=(nil), rcount=6553600, MPI_FLOAT, root=0, comm=0x84000004) failed
PMPI_Gather(851): Null buffer pointer
Fatal error in PMPI_Gather: Invalid buffer pointer, error stack:
PMPI_Gather(929): MPI_Gather(sbuf=0x1554fa866010, scount=6553600, MPI_FLOAT, rbuf=(nil), rcount=6553600, MPI_FLOAT, root=0, comm=0x84000004) failed
PMPI_Gather(851): Null buffer pointer
[cli_600]: aborting job:
Fatal error in PMPI_Gather: Invalid buffer pointer, error stack:
PMPI_Gather(929): MPI_Gather(sbuf=0x1554fa866010, scount=6553600, MPI_FLOAT, rbuf=(nil), rcount=6553600, MPI_FLOAT, root=0, comm=0x84000004) failed
PMPI_Gather(851): Null buffer pointer
Fatal error in PMPI_Gather: Invalid buffer pointer, error stack:
PMPI_Gather(929): MPI_Gather(sbuf=0x1554fa866010, scount=6553600, MPI_FLOAT, rbuf=(nil), rcount=6553600, MPI_FLOAT, root=0, comm=0x84000004) failed
PMPI_Gather(851): Null buffer pointer
[cli_1100]: aborting job:
Fatal error in PMPI_Gather: Invalid buffer pointer, error stack:
PMPI_Gather(929): MPI_Gather(sbuf=0x1554fa866010, scount=6553600, MPI_FLOAT, rbuf=(nil), rcount=6553600, MPI_FLOAT, root=0, comm=0x84000004) failed
PMPI_Gather(851): Null buffer pointer
Fatal error in PMPI_Gather: Invalid buffer pointer, error stack:
PMPI_Gather(929): MPI_Gather(sbuf=0x1554fa866010, scount=6553600, MPI_FLOAT, rbuf=(nil), rcount=6553600, MPI_FLOAT, root=0, comm=0x84000004) failed
PMPI_Gather(851): Null buffer pointer
[cli_1600]: aborting job:
Fatal error in PMPI_Gather: Invalid buffer pointer, error stack:
PMPI_Gather(929): MPI_Gather(sbuf=0x1554fa866010, scount=6553600, MPI_FLOAT, rbuf=(nil), rcount=6553600, MPI_FLOAT, root=0, comm=0x84000004) failed
PMPI_Gather(851): Null buffer pointer
Fatal error in PMPI_Gather: Invalid buffer pointer, error stack:
PMPI_Gather(929): MPI_Gather(sbuf=0x1554fa866010, scount=6553600, MPI_FLOAT, rbuf=(nil), rcount=6553600, MPI_FLOAT, root=0, comm=0x84000004) failed
PMPI_Gather(851): Null buffer pointer
[cli_200]: aborting job:
Fatal error in PMPI_Gather: Invalid buffer pointer, error stack:
PMPI_Gather(929): MPI_Gather(sbuf=0x1554fa866010, scount=6553600, MPI_FLOAT, rbuf=(nil), rcount=6553600, MPI_FLOAT, root=0, comm=0x84000004) failed
PMPI_Gather(851): Null buffer pointer
Fatal error in PMPI_Gather: Invalid buffer pointer, error stack:
PMPI_Gather(929): MPI_Gather(sbuf=0x1554fa866010, scount=6553600, MPI_FLOAT, rbuf=(nil), rcount=6553600, MPI_FLOAT, root=0, comm=0x84000004) failed
PMPI_Gather(851): Null buffer pointer
[cli_2200]: aborting job:
Fatal error in PMPI_Gather: Invalid buffer pointer, error stack:
PMPI_Gather(929): MPI_Gather(sbuf=0x1554fa866010, scount=6553600, MPI_FLOAT, rbuf=(nil), rcount=6553600, MPI_FLOAT, root=0, comm=0x84000004) failed
PMPI_Gather(851): Null buffer pointer
Fatal error in PMPI_Gather: Invalid buffer pointer, error stack:
PMPI_Gather(929): MPI_Gather(sbuf=0x1554fa866010, scount=6553600, MPI_FLOAT, rbuf=(nil), rcount=6553600, MPI_FLOAT, root=0, comm=0x84000004) failed
PMPI_Gather(851): Null buffer pointer
[cli_800]: aborting job:
Fatal error in PMPI_Gather: Invalid buffer pointer, error stack:
PMPI_Gather(929): MPI_Gather(sbuf=0x1554fa866010, scount=6553600, MPI_FLOAT, rbuf=(nil), rcount=6553600, MPI_FLOAT, root=0, comm=0x84000004) failed
PMPI_Gather(851): Null buffer pointer
Fatal error in PMPI_Gather: Invalid buffer pointer, error stack:
PMPI_Gather(929): MPI_Gather(sbuf=0x1554fa866010, scount=6553600, MPI_FLOAT, rbuf=(nil), rcount=6553600, MPI_FLOAT, root=0, comm=0x84000004) failed
PMPI_Gather(851): Null buffer pointer
[cli_2300]: aborting job:
Fatal error in PMPI_Gather: Invalid buffer pointer, error stack:
PMPI_Gather(929): MPI_Gather(sbuf=0x1554fa866010, scount=6553600, MPI_FLOAT, rbuf=(nil), rcount=6553600, MPI_FLOAT, root=0, comm=0x84000004) failed
PMPI_Gather(851): Null buffer pointer
Fatal error in PMPI_Gather: Invalid buffer pointer, error stack:
PMPI_Gather(929): MPI_Gather(sbuf=0x1554fa866010, scount=6553600, MPI_FLOAT, rbuf=(nil), rcount=6553600, MPI_FLOAT, root=0, comm=0x84000004) failed
PMPI_Gather(851): Null buffer pointer
[cli_2500]: aborting job:
Fatal error in PMPI_Gather: Invalid buffer pointer, error stack:
PMPI_Gather(929): MPI_Gather(sbuf=0x1554fa866010, scount=6553600, MPI_FLOAT, rbuf=(nil), rcount=6553600, MPI_FLOAT, root=0, comm=0x84000004) failed
PMPI_Gather(851): Null buffer pointer
Fatal error in PMPI_Gather: Invalid buffer pointer, error stack:
PMPI_Gather(929): MPI_Gather(sbuf=0x1554fa866010, scount=6553600, MPI_FLOAT, rbuf=(nil), rcount=6553600, MPI_FLOAT, root=0, comm=0x84000004) failed
PMPI_Gather(851): Null buffer pointer
[cli_1200]: aborting job:
Fatal error in PMPI_Gather: Invalid buffer pointer, error stack:
PMPI_Gather(929): MPI_Gather(sbuf=0x1554fa866010, scount=6553600, MPI_FLOAT, rbuf=(nil), rcount=6553600, MPI_FLOAT, root=0, comm=0x84000004) failed
PMPI_Gather(851): Null buffer pointer
Fatal error in PMPI_Gather: Invalid buffer pointer, error stack:
PMPI_Gather(929): MPI_Gather(sbuf=0x1554fa866010, scount=6553600, MPI_FLOAT, rbuf=(nil), rcount=6553600, MPI_FLOAT, root=0, comm=0x84000004) failed
PMPI_Gather(851): Null buffer pointer
[cli_1300]: aborting job:
Fatal error in PMPI_Gather: Invalid buffer pointer, error stack:
PMPI_Gather(929): MPI_Gather(sbuf=0x1554fa866010, scount=6553600, MPI_FLOAT, rbuf=(nil), rcount=6553600, MPI_FLOAT, root=0, comm=0x84000004) failed
PMPI_Gather(851): Null buffer pointer
Fatal error in PMPI_Gather: Invalid buffer pointer, error stack:
PMPI_Gather(929): MPI_Gather(sbuf=0x1554fa866010, scount=6553600, MPI_FLOAT, rbuf=(nil), rcount=6553600, MPI_FLOAT, root=0, comm=0x84000004) failed
PMPI_Gather(851): Null buffer pointer
[cli_0]: aborting job:
Fatal error in PMPI_Gather: Invalid buffer pointer, error stack:
PMPI_Gather(929): MPI_Gather(sbuf=0x1554fa866010, scount=6553600, MPI_FLOAT, rbuf=(nil), rcount=6553600, MPI_FLOAT, root=0, comm=0x84000004) failed
PMPI_Gather(851): Null buffer pointer
Fatal error in PMPI_Gather: Invalid buffer pointer, error stack:
PMPI_Gather(929): MPI_Gather(sbuf=0x1554fa866010, scount=6553600, MPI_FLOAT, rbuf=(nil), rcount=6553600, MPI_FLOAT, root=0, comm=0x84000004) failed
PMPI_Gather(851): Null buffer pointer
[cli_2400]: aborting job:
Fatal error in PMPI_Gather: Invalid buffer pointer, error stack:
PMPI_Gather(929): MPI_Gather(sbuf=0x1554fa866010, scount=6553600, MPI_FLOAT, rbuf=(nil), rcount=6553600, MPI_FLOAT, root=0, comm=0x84000004) failed
PMPI_Gather(851): Null buffer pointer
slurmstepd: error: *** STEP 2361058.1 ON dane99 CANCELLED AT 2025-04-28T16:08:07 ***
srun: Job step aborted: Waiting up to 62 seconds for job step to finish.
srun: error: dane1492: task 2703: Killed
srun: error: dane1517: task 2915: Killed
srun: error: dane1347: task 2305: Killed
srun: error: dane1483: tasks 2607,2615: Killed
srun: error: dane679: tasks 1305,1309,1313: Killed
srun: error: dane860: tasks 1600-1699: Killed
srun: error: dane1539: tasks 3100-3199: Killed
srun: error: dane1347: tasks 2300-2304,2306-2399: Killed
srun: error: dane1483: tasks 2600-2606,2608-2614,2616-2699: Killed
srun: error: dane1127: tasks 2000-2099: Killed
srun: error: dane1276: tasks 2100-2199: Killed
srun: error: dane1021: tasks 1800-1899: Killed
srun: error: dane705: tasks 1400-1499: Killed
srun: error: dane1446: tasks 2400-2499: Killed
srun: error: dane1517: tasks 2900-2914,2916-2999: Killed
srun: error: dane679: tasks 1300-1304,1306-1308,1310-1312,1314-1399: Killed
srun: error: dane481: tasks 1000-1099: Killed
srun: error: dane1520: tasks 3000-3099: Killed
srun: error: dane1044: tasks 1900-1999: Killed
srun: error: dane1451: tasks 2500-2599: Killed
srun: error: dane366: tasks 600-699: Killed
srun: error: dane1014: tasks 1700-1799: Killed
srun: error: dane756: tasks 1500-1599: Killed
srun: error: dane377: tasks 700-799: Killed
srun: error: dane409: tasks 900-999: Killed
srun: error: dane220: tasks 400-499: Killed
srun: error: dane574: tasks 1200-1299: Killed
srun: error: dane528: tasks 1100-1199: Killed
srun: error: dane1493: tasks 2800-2899: Killed
srun: error: dane99: tasks 0-99: Killed
srun: error: dane392: tasks 800-899: Killed
srun: error: dane250: tasks 500-599: Killed
srun: error: dane1318: tasks 2200-2299: Killed
srun: error: dane1492: tasks 2700-2702,2704-2799: Killed
srun: error: dane185: tasks 300-399: Killed
srun: error: dane181: tasks 200-299: Killed
srun: error: dane137: tasks 100-199: Killed
Fatal error in PMPI_Gather: Invalid buffer pointer, error stack:
PMPI_Gather(929): MPI_Gather(sbuf=0x1554fa866010, scount=6553600, MPI_FLOAT, rbuf=(nil), rcount=6553600, MPI_FLOAT, root=0, comm=0x84000004) failed
PMPI_Gather(851): Null buffer pointer
[cli_600]: aborting job:
Fatal error in PMPI_Gather: Invalid buffer pointer, error stack:
PMPI_Gather(929): MPI_Gather(sbuf=0x1554fa866010, scount=6553600, MPI_FLOAT, rbuf=(nil), rcount=6553600, MPI_FLOAT, root=0, comm=0x84000004) failed
PMPI_Gather(851): Null buffer pointer
Fatal error in PMPI_Gather: Invalid buffer pointer, error stack:
PMPI_Gather(929): MPI_Gather(sbuf=0x1554fa866010, scount=6553600, MPI_FLOAT, rbuf=(nil), rcount=6553600, MPI_FLOAT, root=0, comm=0x84000004) failed
PMPI_Gather(851): Null buffer pointer
[cli_700]: aborting job:
Fatal error in PMPI_Gather: Invalid buffer pointer, error stack:
PMPI_Gather(929): MPI_Gather(sbuf=0x1554fa866010, scount=6553600, MPI_FLOAT, rbuf=(nil), rcount=6553600, MPI_FLOAT, root=0, comm=0x84000004) failed
PMPI_Gather(851): Null buffer pointer
Fatal error in PMPI_Gather: Invalid buffer pointer, error stack:
PMPI_Gather(929): MPI_Gather(sbuf=0x1554fa866010, scount=6553600, MPI_FLOAT, rbuf=(nil), rcount=6553600, MPI_FLOAT, root=0, comm=0x84000004) failed
PMPI_Gather(851): Null buffer pointer
[cli_2300]: aborting job:
Fatal error in PMPI_Gather: Invalid buffer pointer, error stack:
PMPI_Gather(929): MPI_Gather(sbuf=0x1554fa866010, scount=6553600, MPI_FLOAT, rbuf=(nil), rcount=6553600, MPI_FLOAT, root=0, comm=0x84000004) failed
PMPI_Gather(851): Null buffer pointer
Fatal error in PMPI_Gather: Invalid buffer pointer, error stack:
PMPI_Gather(929): MPI_Gather(sbuf=0x1554fa866010, scount=6553600, MPI_FLOAT, rbuf=(nil), rcount=6553600, MPI_FLOAT, root=0, comm=0x84000004) failed
PMPI_Gather(851): Null buffer pointer
[cli_900]: aborting job:
Fatal error in PMPI_Gather: Invalid buffer pointer, error stack:
PMPI_Gather(929): MPI_Gather(sbuf=0x1554fa866010, scount=6553600, MPI_FLOAT, rbuf=(nil), rcount=6553600, MPI_FLOAT, root=0, comm=0x84000004) failed
PMPI_Gather(851): Null buffer pointer
Fatal error in PMPI_Gather: Invalid buffer pointer, error stack:
PMPI_Gather(929): MPI_Gather(sbuf=0x1554fa866010, scount=6553600, MPI_FLOAT, rbuf=(nil), rcount=6553600, MPI_FLOAT, root=0, comm=0x84000004) failed
PMPI_Gather(851): Null buffer pointer
[cli_2600]: aborting job:
Fatal error in PMPI_Gather: Invalid buffer pointer, error stack:
PMPI_Gather(929): MPI_Gather(sbuf=0x1554fa866010, scount=6553600, MPI_FLOAT, rbuf=(nil), rcount=6553600, MPI_FLOAT, root=0, comm=0x84000004) failed
PMPI_Gather(851): Null buffer pointer
Fatal error in PMPI_Gather: Invalid buffer pointer, error stack:
PMPI_Gather(929): MPI_Gather(sbuf=0x1554fa866010, scount=6553600, MPI_FLOAT, rbuf=(nil), rcount=6553600, MPI_FLOAT, root=0, comm=0x84000004) failed
PMPI_Gather(851): Null buffer pointer
[cli_1400]: aborting job:
Fatal error in PMPI_Gather: Invalid buffer pointer, error stack:
PMPI_Gather(929): MPI_Gather(sbuf=0x1554fa866010, scount=6553600, MPI_FLOAT, rbuf=(nil), rcount=6553600, MPI_FLOAT, root=0, comm=0x84000004) failed
PMPI_Gather(851): Null buffer pointer
Fatal error in PMPI_Gather: Invalid buffer pointer, error stack:
PMPI_Gather(929): MPI_Gather(sbuf=0x1554fa866010, scount=6553600, MPI_FLOAT, rbuf=(nil), rcount=6553600, MPI_FLOAT, root=0, comm=0x84000004) failed
PMPI_Gather(851): Null buffer pointer
[cli_1800]: aborting job:
Fatal error in PMPI_Gather: Invalid buffer pointer, error stack:
PMPI_Gather(929): MPI_Gather(sbuf=0x1554fa866010, scount=6553600, MPI_FLOAT, rbuf=(nil), rcount=6553600, MPI_FLOAT, root=0, comm=0x84000004) failed
PMPI_Gather(851): Null buffer pointer
Fatal error in PMPI_Gather: Invalid buffer pointer, error stack:
PMPI_Gather(929): MPI_Gather(sbuf=0x1554fa866010, scount=6553600, MPI_FLOAT, rbuf=(nil), rcount=6553600, MPI_FLOAT, root=0, comm=0x84000004) failed
PMPI_Gather(851): Null buffer pointer
[cli_800]: aborting job:
Fatal error in PMPI_Gather: Invalid buffer pointer, error stack:
PMPI_Gather(929): MPI_Gather(sbuf=0x1554fa866010, scount=6553600, MPI_FLOAT, rbuf=(nil), rcount=6553600, MPI_FLOAT, root=0, comm=0x84000004) failed
PMPI_Gather(851): Null buffer pointer
Fatal error in PMPI_Gather: Invalid buffer pointer, error stack:
PMPI_Gather(929): MPI_Gather(sbuf=0x1554fa866010, scount=6553600, MPI_FLOAT, rbuf=(nil), rcount=6553600, MPI_FLOAT, root=0, comm=0x84000004) failed
PMPI_Gather(851): Null buffer pointer
[cli_2500]: aborting job:
Fatal error in PMPI_Gather: Invalid buffer pointer, error stack:
PMPI_Gather(929): MPI_Gather(sbuf=0x1554fa866010, scount=6553600, MPI_FLOAT, rbuf=(nil), rcount=6553600, MPI_FLOAT, root=0, comm=0x84000004) failed
PMPI_Gather(851): Null buffer pointer
Fatal error in PMPI_Gather: Invalid buffer pointer, error stack:
PMPI_Gather(929): MPI_Gather(sbuf=0x1554fa866010, scount=6553600, MPI_FLOAT, rbuf=(nil), rcount=6553600, MPI_FLOAT, root=0, comm=0x84000004) failed
PMPI_Gather(851): Null buffer pointer
[cli_400]: aborting job:
Fatal error in PMPI_Gather: Invalid buffer pointer, error stack:
PMPI_Gather(929): MPI_Gather(sbuf=0x1554fa866010, scount=6553600, MPI_FLOAT, rbuf=(nil), rcount=6553600, MPI_FLOAT, root=0, comm=0x84000004) failed
PMPI_Gather(851): Null buffer pointer
Fatal error in PMPI_Gather: Invalid buffer pointer, error stack:
PMPI_Gather(929): MPI_Gather(sbuf=0x1554fa866010, scount=6553600, MPI_FLOAT, rbuf=(nil), rcount=6553600, MPI_FLOAT, root=0, comm=0x84000004) failed
PMPI_Gather(851): Null buffer pointer
[cli_1600]: aborting job:
Fatal error in PMPI_Gather: Invalid buffer pointer, error stack:
PMPI_Gather(929): MPI_Gather(sbuf=0x1554fa866010, scount=6553600, MPI_FLOAT, rbuf=(nil), rcount=6553600, MPI_FLOAT, root=0, comm=0x84000004) failed
PMPI_Gather(851): Null buffer pointer
Fatal error in PMPI_Gather: Invalid buffer pointer, error stack:
PMPI_Gather(929): MPI_Gather(sbuf=0x1554fa866010, scount=6553600, MPI_FLOAT, rbuf=(nil), rcount=6553600, MPI_FLOAT, root=0, comm=0x84000004) failed
PMPI_Gather(851): Null buffer pointer
[cli_1100]: aborting job:
Fatal error in PMPI_Gather: Invalid buffer pointer, error stack:
PMPI_Gather(929): MPI_Gather(sbuf=0x1554fa866010, scount=6553600, MPI_FLOAT, rbuf=(nil), rcount=6553600, MPI_FLOAT, root=0, comm=0x84000004) failed
PMPI_Gather(851): Null buffer pointer
Fatal error in PMPI_Gather: Invalid buffer pointer, error stack:
PMPI_Gather(929): MPI_Gather(sbuf=0x1554fa866010, scount=6553600, MPI_FLOAT, rbuf=(nil), rcount=6553600, MPI_FLOAT, root=0, comm=0x84000004) failed
PMPI_Gather(851): Null buffer pointer
[cli_100]: aborting job:
Fatal error in PMPI_Gather: Invalid buffer pointer, error stack:
PMPI_Gather(929): MPI_Gather(sbuf=0x1554fa866010, scount=6553600, MPI_FLOAT, rbuf=(nil), rcount=6553600, MPI_FLOAT, root=0, comm=0x84000004) failed
PMPI_Gather(851): Null buffer pointer
Fatal error in PMPI_Gather: Invalid buffer pointer, error stack:
PMPI_Gather(929): MPI_Gather(sbuf=0x1554fa866010, scount=6553600, MPI_FLOAT, rbuf=(nil), rcount=6553600, MPI_FLOAT, root=0, comm=0x84000004) failed
PMPI_Gather(851): Null buffer pointer
[cli_2200]: aborting job:
Fatal error in PMPI_Gather: Invalid buffer pointer, error stack:
PMPI_Gather(929): MPI_Gather(sbuf=0x1554fa866010, scount=6553600, MPI_FLOAT, rbuf=(nil), rcount=6553600, MPI_FLOAT, root=0, comm=0x84000004) failed
PMPI_Gather(851): Null buffer pointer
Fatal error in PMPI_Gather: Invalid buffer pointer, error stack:
PMPI_Gather(929): MPI_Gather(sbuf=0x1554fa866010, scount=6553600, MPI_FLOAT, rbuf=(nil), rcount=6553600, MPI_FLOAT, root=0, comm=0x84000004) failed
PMPI_Gather(851): Null buffer pointer
[cli_500]: aborting job:
Fatal error in PMPI_Gather: Invalid buffer pointer, error stack:
PMPI_Gather(929): MPI_Gather(sbuf=0x1554fa866010, scount=6553600, MPI_FLOAT, rbuf=(nil), rcount=6553600, MPI_FLOAT, root=0, comm=0x84000004) failed
PMPI_Gather(851): Null buffer pointer
Fatal error in PMPI_Gather: Invalid buffer pointer, error stack:
PMPI_Gather(929): MPI_Gather(sbuf=0x1554fa866010, scount=6553600, MPI_FLOAT, rbuf=(nil), rcount=6553600, MPI_FLOAT, root=0, comm=0x84000004) failed
PMPI_Gather(851): Null buffer pointer
[cli_3000]: aborting job:
Fatal error in PMPI_Gather: Invalid buffer pointer, error stack:
PMPI_Gather(929): MPI_Gather(sbuf=0x1554fa866010, scount=6553600, MPI_FLOAT, rbuf=(nil), rcount=6553600, MPI_FLOAT, root=0, comm=0x84000004) failed
PMPI_Gather(851): Null buffer pointer
Fatal error in PMPI_Gather: Invalid buffer pointer, error stack:
PMPI_Gather(929): MPI_Gather(sbuf=0x1554fa866010, scount=6553600, MPI_FLOAT, rbuf=(nil), rcount=6553600, MPI_FLOAT, root=0, comm=0x84000004) failed
PMPI_Gather(851): Null buffer pointer
[cli_1700]: aborting job:
Fatal error in PMPI_Gather: Invalid buffer pointer, error stack:
PMPI_Gather(929): MPI_Gather(sbuf=0x1554fa866010, scount=6553600, MPI_FLOAT, rbuf=(nil), rcount=6553600, MPI_FLOAT, root=0, comm=0x84000004) failed
PMPI_Gather(851): Null buffer pointer
Fatal error in PMPI_Gather: Invalid buffer pointer, error stack:
PMPI_Gather(929): MPI_Gather(sbuf=0x1554fa866010, scount=6553600, MPI_FLOAT, rbuf=(nil), rcount=6553600, MPI_FLOAT, root=0, comm=0x84000004) failed
PMPI_Gather(851): Null buffer pointer
[cli_300]: aborting job:
Fatal error in PMPI_Gather: Invalid buffer pointer, error stack:
PMPI_Gather(929): MPI_Gather(sbuf=0x1554fa866010, scount=6553600, MPI_FLOAT, rbuf=(nil), rcount=6553600, MPI_FLOAT, root=0, comm=0x84000004) failed
PMPI_Gather(851): Null buffer pointer
Fatal error in PMPI_Gather: Invalid buffer pointer, error stack:
PMPI_Gather(929): MPI_Gather(sbuf=0x1554fa866010, scount=6553600, MPI_FLOAT, rbuf=(nil), rcount=6553600, MPI_FLOAT, root=0, comm=0x84000004) failed
PMPI_Gather(851): Null buffer pointer
[cli_2100]: aborting job:
Fatal error in PMPI_Gather: Invalid buffer pointer, error stack:
PMPI_Gather(929): MPI_Gather(sbuf=0x1554fa866010, scount=6553600, MPI_FLOAT, rbuf=(nil), rcount=6553600, MPI_FLOAT, root=0, comm=0x84000004) failed
PMPI_Gather(851): Null buffer pointer
Fatal error in PMPI_Gather: Invalid buffer pointer, error stack:
PMPI_Gather(929): MPI_Gather(sbuf=0x1554fa866010, scount=6553600, MPI_FLOAT, rbuf=(nil), rcount=6553600, MPI_FLOAT, root=0, comm=0x84000004) failed
PMPI_Gather(851): Null buffer pointer
[cli_2900]: aborting job:
Fatal error in PMPI_Gather: Invalid buffer pointer, error stack:
PMPI_Gather(929): MPI_Gather(sbuf=0x1554fa866010, scount=6553600, MPI_FLOAT, rbuf=(nil), rcount=6553600, MPI_FLOAT, root=0, comm=0x84000004) failed
PMPI_Gather(851): Null buffer pointer
Fatal error in PMPI_Gather: Invalid buffer pointer, error stack:
PMPI_Gather(929): MPI_Gather(sbuf=0x1554fa866010, scount=6553600, MPI_FLOAT, rbuf=(nil), rcount=6553600, MPI_FLOAT, root=0, comm=0x84000004) failed
PMPI_Gather(851): Null buffer pointer
[cli_1200]: aborting job:
Fatal error in PMPI_Gather: Invalid buffer pointer, error stack:
PMPI_Gather(929): MPI_Gather(sbuf=0x1554fa866010, scount=6553600, MPI_FLOAT, rbuf=(nil), rcount=6553600, MPI_FLOAT, root=0, comm=0x84000004) failed
PMPI_Gather(851): Null buffer pointer
Fatal error in PMPI_Gather: Invalid buffer pointer, error stack:
PMPI_Gather(929): MPI_Gather(sbuf=0x1554fa866010, scount=6553600, MPI_FLOAT, rbuf=(nil), rcount=6553600, MPI_FLOAT, root=0, comm=0x84000004) failed
PMPI_Gather(851): Null buffer pointer
[cli_2800]: aborting job:
Fatal error in PMPI_Gather: Invalid buffer pointer, error stack:
PMPI_Gather(929): MPI_Gather(sbuf=0x1554fa866010, scount=6553600, MPI_FLOAT, rbuf=(nil), rcount=6553600, MPI_FLOAT, root=0, comm=0x84000004) failed
PMPI_Gather(851): Null buffer pointer
Fatal error in PMPI_Gather: Invalid buffer pointer, error stack:
PMPI_Gather(929): MPI_Gather(sbuf=0x1554fa866010, scount=6553600, MPI_FLOAT, rbuf=(nil), rcount=6553600, MPI_FLOAT, root=0, comm=0x84000004) failed
PMPI_Gather(851): Null buffer pointer
[cli_2400]: aborting job:
Fatal error in PMPI_Gather: Invalid buffer pointer, error stack:
PMPI_Gather(929): MPI_Gather(sbuf=0x1554fa866010, scount=6553600, MPI_FLOAT, rbuf=(nil), rcount=6553600, MPI_FLOAT, root=0, comm=0x84000004) failed
PMPI_Gather(851): Null buffer pointer
Fatal error in PMPI_Gather: Invalid buffer pointer, error stack:
PMPI_Gather(929): MPI_Gather(sbuf=0x1554fa866010, scount=6553600, MPI_FLOAT, rbuf=(nil), rcount=6553600, MPI_FLOAT, root=0, comm=0x84000004) failed
PMPI_Gather(851): Null buffer pointer
[cli_1300]: aborting job:
Fatal error in PMPI_Gather: Invalid buffer pointer, error stack:
PMPI_Gather(929): MPI_Gather(sbuf=0x1554fa866010, scount=6553600, MPI_FLOAT, rbuf=(nil), rcount=6553600, MPI_FLOAT, root=0, comm=0x84000004) failed
PMPI_Gather(851): Null buffer pointer
Fatal error in PMPI_Gather: Invalid buffer pointer, error stack:
PMPI_Gather(929): MPI_Gather(sbuf=0x1554fa866010, scount=6553600, MPI_FLOAT, rbuf=(nil), rcount=6553600, MPI_FLOAT, root=0, comm=0x84000004) failed
PMPI_Gather(851): Null buffer pointer
[cli_1000]: aborting job:
Fatal error in PMPI_Gather: Invalid buffer pointer, error stack:
PMPI_Gather(929): MPI_Gather(sbuf=0x1554fa866010, scount=6553600, MPI_FLOAT, rbuf=(nil), rcount=6553600, MPI_FLOAT, root=0, comm=0x84000004) failed
PMPI_Gather(851): Null buffer pointer
Fatal error in PMPI_Gather: Invalid buffer pointer, error stack:
PMPI_Gather(929): MPI_Gather(sbuf=0x1554fa866010, scount=6553600, MPI_FLOAT, rbuf=(nil), rcount=6553600, MPI_FLOAT, root=0, comm=0x84000004) failed
PMPI_Gather(851): Null buffer pointer
[cli_2700]: aborting job:
Fatal error in PMPI_Gather: Invalid buffer pointer, error stack:
PMPI_Gather(929): MPI_Gather(sbuf=0x1554fa866010, scount=6553600, MPI_FLOAT, rbuf=(nil), rcount=6553600, MPI_FLOAT, root=0, comm=0x84000004) failed
PMPI_Gather(851): Null buffer pointer
Fatal error in PMPI_Gather: Invalid buffer pointer, error stack:
PMPI_Gather(929): MPI_Gather(sbuf=0x1554fa866010, scount=6553600, MPI_FLOAT, rbuf=(nil), rcount=6553600, MPI_FLOAT, root=0, comm=0x84000004) failed
PMPI_Gather(851): Null buffer pointer
[cli_200]: aborting job:
Fatal error in PMPI_Gather: Invalid buffer pointer, error stack:
PMPI_Gather(929): MPI_Gather(sbuf=0x1554fa866010, scount=6553600, MPI_FLOAT, rbuf=(nil), rcount=6553600, MPI_FLOAT, root=0, comm=0x84000004) failed
PMPI_Gather(851): Null buffer pointer
Fatal error in PMPI_Gather: Invalid buffer pointer, error stack:
PMPI_Gather(929): MPI_Gather(sbuf=0x1554fa866010, scount=6553600, MPI_FLOAT, rbuf=(nil), rcount=6553600, MPI_FLOAT, root=0, comm=0x84000004) failed
PMPI_Gather(851): Null buffer pointer
[cli_3100]: aborting job:
Fatal error in PMPI_Gather: Invalid buffer pointer, error stack:
PMPI_Gather(929): MPI_Gather(sbuf=0x1554fa866010, scount=6553600, MPI_FLOAT, rbuf=(nil), rcount=6553600, MPI_FLOAT, root=0, comm=0x84000004) failed
PMPI_Gather(851): Null buffer pointer
Fatal error in PMPI_Gather: Invalid buffer pointer, error stack:
PMPI_Gather(929): MPI_Gather(sbuf=0x1554fa866010, scount=6553600, MPI_FLOAT, rbuf=(nil), rcount=6553600, MPI_FLOAT, root=0, comm=0x84000004) failed
PMPI_Gather(851): Null buffer pointer
[cli_1900]: aborting job:
Fatal error in PMPI_Gather: Invalid buffer pointer, error stack:
PMPI_Gather(929): MPI_Gather(sbuf=0x1554fa866010, scount=6553600, MPI_FLOAT, rbuf=(nil), rcount=6553600, MPI_FLOAT, root=0, comm=0x84000004) failed
PMPI_Gather(851): Null buffer pointer
Fatal error in PMPI_Gather: Invalid buffer pointer, error stack:
PMPI_Gather(929): MPI_Gather(sbuf=0x1554fa866010, scount=6553600, MPI_FLOAT, rbuf=(nil), rcount=6553600, MPI_FLOAT, root=0, comm=0x84000004) failed
PMPI_Gather(851): Null buffer pointer
[cli_1500]: aborting job:
Fatal error in PMPI_Gather: Invalid buffer pointer, error stack:
PMPI_Gather(929): MPI_Gather(sbuf=0x1554fa866010, scount=6553600, MPI_FLOAT, rbuf=(nil), rcount=6553600, MPI_FLOAT, root=0, comm=0x84000004) failed
PMPI_Gather(851): Null buffer pointer
Fatal error in PMPI_Gather: Invalid buffer pointer, error stack:
PMPI_Gather(929): MPI_Gather(sbuf=0x1554fa866010, scount=6553600, MPI_FLOAT, rbuf=(nil), rcount=6553600, MPI_FLOAT, root=0, comm=0x84000004) failed
PMPI_Gather(851): Null buffer pointer
[cli_2000]: aborting job:
Fatal error in PMPI_Gather: Invalid buffer pointer, error stack:
PMPI_Gather(929): MPI_Gather(sbuf=0x1554fa866010, scount=6553600, MPI_FLOAT, rbuf=(nil), rcount=6553600, MPI_FLOAT, root=0, comm=0x84000004) failed
PMPI_Gather(851): Null buffer pointer
Fatal error in PMPI_Gather: Invalid buffer pointer, error stack:
PMPI_Gather(929): MPI_Gather(sbuf=0x1554fa866010, scount=6553600, MPI_FLOAT, rbuf=(nil), rcount=6553600, MPI_FLOAT, root=0, comm=0x84000004) failed
PMPI_Gather(851): Null buffer pointer
[cli_0]: aborting job:
Fatal error in PMPI_Gather: Invalid buffer pointer, error stack:
PMPI_Gather(929): MPI_Gather(sbuf=0x1554fa866010, scount=6553600, MPI_FLOAT, rbuf=(nil), rcount=6553600, MPI_FLOAT, root=0, comm=0x84000004) failed
PMPI_Gather(851): Null buffer pointer
slurmstepd: error: *** STEP 2361058.2 ON dane99 CANCELLED AT 2025-04-28T16:12:42 ***
srun: Job step aborted: Waiting up to 62 seconds for job step to finish.
srun: error: dane1044: task 1905: Killed
srun: error: dane679: task 1305: Killed
srun: error: dane756: task 1505: Killed
srun: error: dane392: task 805: Killed
srun: error: dane1483: tasks 2603,2613,2617,2621,2623: Killed
srun: error: dane1493: tasks 2811,2819: Killed
srun: error: dane99: tasks 3,19: Killed
srun: error: dane860: tasks 1600-1699: Killed
srun: error: dane1539: tasks 3100-3199: Killed
srun: error: dane1347: tasks 2300-2399: Killed
srun: error: dane1483: tasks 2600-2602,2604-2612,2614-2616,2618-2620,2622,2624-2699: Killed
srun: error: dane1127: tasks 2000-2099: Killed
srun: error: dane1276: tasks 2100-2199: Killed
srun: error: dane1021: tasks 1800-1899: Killed
srun: error: dane705: tasks 1400-1499: Killed
srun: error: dane1446: tasks 2400-2499: Killed
srun: error: dane1517: tasks 2900-2999: Killed
srun: error: dane679: tasks 1300-1304,1306-1399: Killed
srun: error: dane481: tasks 1000-1099: Killed
srun: error: dane1520: tasks 3000-3099: Killed
srun: error: dane1044: tasks 1900-1904,1906-1999: Killed
srun: error: dane1451: tasks 2500-2599: Killed
srun: error: dane366: tasks 600-699: Killed
srun: error: dane1014: tasks 1700-1799: Killed
srun: error: dane377: tasks 700-799: Killed
srun: error: dane756: tasks 1500-1504,1506-1599: Killed
srun: error: dane409: tasks 900-999: Killed
srun: error: dane220: tasks 400-499: Killed
srun: error: dane574: tasks 1200-1299: Killed
srun: error: dane528: tasks 1100-1199: Killed
srun: error: dane1493: tasks 2800-2810,2812-2818,2820-2899: Killed
srun: error: dane1318: tasks 2200-2299: Killed
srun: error: dane1492: tasks 2700-2799: Killed
srun: error: dane392: tasks 800-804,806-899: Killed
srun: error: dane99: tasks 0-2,4-18,20-99: Killed
srun: error: dane250: tasks 500-599: Killed
srun: error: dane137: tasks 100-199: Killed
srun: error: dane185: tasks 300-399: Killed
srun: error: dane181: tasks 200-299: Killed
