Test 1 Running Alltoall Benchmark on 16 nodes and 1600 tasks
Size 1
PMPI: 3.904470e-04
Pairwise: 1.015757e-02
NonBlocking: 9.989815e-02
Pairwise Hierarchical: 1.204318e-03
Pairwise Multileader: 1.080417e-03
Pairwise Node Aware: 4.439701e-04
Pairwise Locality Aware: 7.614780e-04
Pairwise Multileader Locality: 5.735216e-04
Nonblocking Hierarchical: 9.488916e-04
Nonblocking Multileader: 3.280074e-04
Nonblocking Node Aware: 2.782877e-04
Nonblocking Locality Aware: 3.479868e-04
Nonblocking Multileader Locality: 4.180302e-04
Size 2
PMPI: 5.355768e-04
Pairwise: 8.180266e-03
NonBlocking: 9.741700e-02
Pairwise Hierarchical: 2.816547e-03
Pairwise Multileader: 1.189534e-03
Pairwise Node Aware: 5.484794e-04
Pairwise Locality Aware: 8.380343e-04
Pairwise Multileader Locality: 9.368978e-04
Nonblocking Hierarchical: 2.215741e-03
Nonblocking Multileader: 5.684860e-04
Nonblocking Node Aware: 3.647819e-04
Nonblocking Locality Aware: 5.362290e-04
Nonblocking Multileader Locality: 6.938924e-04
Size 4
PMPI: 9.181966e-04
Pairwise: 1.551127e-02
NonBlocking: 1.635261e-01
Pairwise Hierarchical: 4.448523e-03
Pairwise Multileader: 1.778576e-03
Pairwise Node Aware: 6.873928e-04
Pairwise Locality Aware: 1.087874e-03
Pairwise Multileader Locality: 1.429416e-03
Nonblocking Hierarchical: 3.472883e-03
Nonblocking Multileader: 9.404494e-04
Nonblocking Node Aware: 5.917454e-04
Nonblocking Locality Aware: 4.750888e-04
Nonblocking Multileader Locality: 1.083314e-03
Size 8
PMPI: 1.580968e-03
Pairwise: 2.551227e-02
NonBlocking: 2.275557e-01
Pairwise Hierarchical: 9.718899e-03
Pairwise Multileader: 3.134214e-03
Pairwise Node Aware: 9.379527e-04
Pairwise Locality Aware: 1.623475e-03
Pairwise Multileader Locality: 3.517527e-03
Nonblocking Hierarchical: 8.256516e-03
Nonblocking Multileader: 2.075083e-03
Nonblocking Node Aware: 1.001777e-03
Nonblocking Locality Aware: 7.014891e-04
Nonblocking Multileader Locality: 2.655792e-03
Size 16
PMPI: 3.061137e-03
Pairwise: 2.197802e-02
NonBlocking: 1.401895e-01
Pairwise Hierarchical: 2.019523e-02
Pairwise Multileader: 5.174253e-03
Pairwise Node Aware: 1.734849e-03
Pairwise Locality Aware: 1.694275e-03
Pairwise Multileader Locality: 6.266972e-03
Nonblocking Hierarchical: 1.636769e-02
Nonblocking Multileader: 3.983880e-03
Nonblocking Node Aware: 1.234513e-03
Nonblocking Locality Aware: 1.332869e-03
Nonblocking Multileader Locality: 4.785077e-03
Size 32
PMPI: 4.747770e-03
Pairwise: 2.909341e-02
NonBlocking: 1.400999e-01
Pairwise Hierarchical: 4.143412e-02
Pairwise Multileader: 1.475912e-02
Pairwise Node Aware: 2.754932e-03
Pairwise Locality Aware: 2.509821e-03
Pairwise Multileader Locality: 1.119474e-02
Nonblocking Hierarchical: 3.306597e-02
Nonblocking Multileader: 8.682827e-03
Nonblocking Node Aware: 2.377207e-03
Nonblocking Locality Aware: 2.547594e-03
Nonblocking Multileader Locality: 8.838162e-03
Size 64
PMPI: 8.942962e-03
Pairwise: 2.391537e-02
NonBlocking: 1.407550e-01
Pairwise Hierarchical: 8.252718e-02
Pairwise Multileader: 2.610517e-02
Pairwise Node Aware: 4.897786e-03
Pairwise Locality Aware: 4.525842e-03
Pairwise Multileader Locality: 2.232009e-02
Nonblocking Hierarchical: 6.373445e-02
Nonblocking Multileader: 1.647486e-02
Nonblocking Node Aware: 4.123372e-03
Nonblocking Locality Aware: 5.979264e-03
Nonblocking Multileader Locality: 1.716870e-02
Size 128
PMPI: 1.620160e-02
Pairwise: 2.727110e-02
NonBlocking: 1.398663e-01
Pairwise Hierarchical: 1.562663e-01
Pairwise Multileader: 5.158359e-02
Pairwise Node Aware: 1.054778e-02
Pairwise Locality Aware: 9.998199e-03
Pairwise Multileader Locality: 1.974956e-01
Nonblocking Hierarchical: 1.302888e-01
Nonblocking Multileader: 3.664195e-02
Nonblocking Node Aware: 8.607103e-03
Nonblocking Locality Aware: 1.061724e-02
Nonblocking Multileader Locality: 4.012623e-02
Size 256
PMPI: 3.020167e-02
Pairwise: 3.601652e-02
NonBlocking: 1.451508e-01
Pairwise Hierarchical: 2.966210e-01
Pairwise Multileader: 9.496537e-02
Pairwise Node Aware: 3.121089e-02
Pairwise Locality Aware: 1.614516e-02
Pairwise Multileader Locality: 1.031166e-01
Nonblocking Hierarchical: 2.455383e-01
Nonblocking Multileader: 6.815936e-02
Nonblocking Node Aware: 2.704126e-02
Nonblocking Locality Aware: 1.389283e-02
Nonblocking Multileader Locality: 8.125949e-02
Size 512
PMPI: 8.919328e-02
Pairwise: 4.792274e-02
NonBlocking: 2.103336e-01
Pairwise Hierarchical: 5.807283e-01
Pairwise Multileader: 1.809058e-01
Pairwise Node Aware: 6.043961e-02
Pairwise Locality Aware: 3.517041e-02
Pairwise Multileader Locality: 1.980674e-01
Nonblocking Hierarchical: 5.374810e-01
Nonblocking Multileader: 1.298174e-01
Nonblocking Node Aware: 2.787925e-02
Nonblocking Locality Aware: 3.239136e-02
Nonblocking Multileader Locality: 1.533290e-01
Size 1024
PMPI: 1.234171e-01
Pairwise: 1.001119e-01
NonBlocking: 1.664863e-01
Pairwise Hierarchical: 1.192228e+00
Pairwise Multileader: 3.231694e-01
Pairwise Node Aware: 5.647645e-02
Pairwise Locality Aware: 6.286526e-02
Pairwise Multileader Locality: 3.709937e-01
Nonblocking Hierarchical: 1.088141e+00
Nonblocking Multileader: 2.447068e-01
Nonblocking Node Aware: 5.089854e-02
Nonblocking Locality Aware: 4.637694e-02
Nonblocking Multileader Locality: 2.951201e-01
Size 2048
PMPI: 1.610121e-01
Pairwise: 1.570130e-01
NonBlocking: 2.344915e-01
Pairwise Hierarchical: 2.421365e+00
Pairwise Multileader: 6.599351e-01
Pairwise Node Aware: 1.148635e-01
Pairwise Locality Aware: 1.225454e-01
Pairwise Multileader Locality: 7.404191e-01
Nonblocking Hierarchical: 2.125905e+00
Nonblocking Multileader: 5.358387e-01
Nonblocking Node Aware: 9.748197e-02
Nonblocking Locality Aware: 9.024167e-02
Nonblocking Multileader Locality: 6.424130e-01
Size 4096
PMPI: 3.363515e-01
Pairwise: 3.291363e-01
NonBlocking: 5.886965e-01
Test 2 Running Alltoall Benchmark on 16 nodes and 1600 tasks
Size 1
PMPI: 4.474513e-04
Pairwise: 9.873309e-03
NonBlocking: 9.696428e-02
Pairwise Hierarchical: 1.378321e-03
Pairwise Multileader: 1.651359e-03
Pairwise Node Aware: 5.558236e-04
Pairwise Locality Aware: 9.348718e-04
Pairwise Multileader Locality: 5.899990e-04
Nonblocking Hierarchical: 9.282500e-04
Nonblocking Multileader: 3.146761e-04
Nonblocking Node Aware: 2.849175e-04
Nonblocking Locality Aware: 3.638990e-04
Nonblocking Multileader Locality: 3.873515e-04
Size 2
PMPI: 5.288371e-04
Pairwise: 9.990707e-03
NonBlocking: 1.238522e-01
Pairwise Hierarchical: 2.824927e-03
Pairwise Multileader: 1.650065e-03
Pairwise Node Aware: 6.505040e-04
Pairwise Locality Aware: 1.050187e-03
Pairwise Multileader Locality: 9.550015e-04
Nonblocking Hierarchical: 2.143294e-03
Nonblocking Multileader: 5.671355e-04
Nonblocking Node Aware: 3.821007e-04
Nonblocking Locality Aware: 4.341386e-04
Nonblocking Multileader Locality: 6.647732e-04
Size 4
PMPI: 8.748781e-04
Pairwise: 3.906911e-02
NonBlocking: 1.242233e-01
Pairwise Hierarchical: 4.277773e-03
Pairwise Multileader: 2.143263e-03
Pairwise Node Aware: 7.483007e-04
Pairwise Locality Aware: 1.385879e-03
Pairwise Multileader Locality: 1.437874e-03
Nonblocking Hierarchical: 3.515345e-03
Nonblocking Multileader: 1.089848e-03
Nonblocking Node Aware: 6.998692e-04
Nonblocking Locality Aware: 5.227505e-04
Nonblocking Multileader Locality: 1.115044e-03
Size 8
PMPI: 1.451169e-03
Pairwise: 1.928191e-02
NonBlocking: 1.901250e-01
Pairwise Hierarchical: 1.031663e-02
Pairwise Multileader: 4.298527e-03
Pairwise Node Aware: 1.121907e-03
Pairwise Locality Aware: 1.471797e-03
Pairwise Multileader Locality: 3.487219e-03
Nonblocking Hierarchical: 8.121106e-03
Nonblocking Multileader: 2.084389e-03
Nonblocking Node Aware: 7.963580e-04
Nonblocking Locality Aware: 8.521543e-04
Nonblocking Multileader Locality: 2.592262e-03
Size 16
PMPI: 3.024831e-03
Pairwise: 2.759490e-02
NonBlocking: 2.163359e-01
Pairwise Hierarchical: 2.114886e-02
Pairwise Multileader: 6.050336e-03
Pairwise Node Aware: 1.506147e-03
Pairwise Locality Aware: 1.572597e-03
Pairwise Multileader Locality: 6.186781e-03
Nonblocking Hierarchical: 1.657076e-02
Nonblocking Multileader: 3.710732e-03
Nonblocking Node Aware: 1.233514e-03
Nonblocking Locality Aware: 1.350326e-03
Nonblocking Multileader Locality: 4.720827e-03
Size 32
PMPI: 4.785070e-03
Pairwise: 1.804744e-02
NonBlocking: 1.405765e-01
Pairwise Hierarchical: 5.029883e-02
Pairwise Multileader: 2.530176e-02
Pairwise Node Aware: 7.848940e-03
Pairwise Locality Aware: 6.599260e-03
Pairwise Multileader Locality: 1.659107e-02
Nonblocking Hierarchical: 3.493807e-02
Nonblocking Multileader: 1.621595e-02
Nonblocking Node Aware: 1.052916e-02
Nonblocking Locality Aware: 3.508531e-03
Nonblocking Multileader Locality: 9.615082e-03
Size 64
PMPI: 9.063035e-03
Pairwise: 2.628343e-02
NonBlocking: 1.415124e-01
Pairwise Hierarchical: 8.304449e-02
Pairwise Multileader: 2.642586e-02
Pairwise Node Aware: 5.770148e-03
Pairwise Locality Aware: 9.239199e-03
Pairwise Multileader Locality: 2.509935e-02
Nonblocking Hierarchical: 6.363078e-02
Nonblocking Multileader: 1.659730e-02
Nonblocking Node Aware: 3.986120e-03
Nonblocking Locality Aware: 5.544172e-03
Nonblocking Multileader Locality: 1.734231e-02
Size 128
PMPI: 1.641043e-02
Pairwise: 2.718779e-02
NonBlocking: 1.399058e-01
Pairwise Hierarchical: 1.580483e-01
Pairwise Multileader: 5.474688e-02
Pairwise Node Aware: 1.220296e-02
Pairwise Locality Aware: 9.920610e-03
Pairwise Multileader Locality: 5.543730e-02
Nonblocking Hierarchical: 1.298192e-01
Nonblocking Multileader: 3.707331e-02
Nonblocking Node Aware: 8.163369e-03
Nonblocking Locality Aware: 1.406145e-02
Nonblocking Multileader Locality: 4.075956e-02
Size 256
PMPI: 3.102591e-02
Pairwise: 3.357834e-02
NonBlocking: 1.443820e-01
Pairwise Hierarchical: 2.963840e-01
Pairwise Multileader: 9.502753e-02
Pairwise Node Aware: 1.419007e-02
Pairwise Locality Aware: 1.727370e-02
Pairwise Multileader Locality: 1.047367e-01
Nonblocking Hierarchical: 2.475986e-01
Nonblocking Multileader: 6.803528e-02
Nonblocking Node Aware: 1.434952e-02
Nonblocking Locality Aware: 1.445371e-02
Nonblocking Multileader Locality: 7.842438e-02
Size 512
PMPI: 8.411810e-02
Pairwise: 5.373306e-02
NonBlocking: 1.557251e-01
Pairwise Hierarchical: 5.939739e-01
Pairwise Multileader: 1.804935e-01
Pairwise Node Aware: 2.769468e-02
Pairwise Locality Aware: 3.580747e-02
Pairwise Multileader Locality: 1.999405e-01
Nonblocking Hierarchical: 5.179011e-01
Nonblocking Multileader: 1.311917e-01
Nonblocking Node Aware: 2.753933e-02
Nonblocking Locality Aware: 3.147426e-02
Nonblocking Multileader Locality: 1.530371e-01
Size 1024
PMPI: 8.335926e-02
Pairwise: 8.851125e-02
NonBlocking: 1.682647e-01
Pairwise Hierarchical: 1.207520e+00
Pairwise Multileader: 3.371188e-01
Pairwise Node Aware: 5.641617e-02
Pairwise Locality Aware: 6.477774e-02
Pairwise Multileader Locality: 3.769550e-01
Nonblocking Hierarchical: 1.105918e+00
Nonblocking Multileader: 2.462719e-01
Nonblocking Node Aware: 4.989127e-02
Nonblocking Locality Aware: 4.531039e-02
Nonblocking Multileader Locality: 2.972360e-01
Size 2048
PMPI: 1.592613e-01
Pairwise: 1.579304e-01
NonBlocking: 2.664679e-01
Pairwise Hierarchical: 2.409357e+00
Pairwise Multileader: 6.663831e-01
Pairwise Node Aware: 1.110786e-01
Pairwise Locality Aware: 1.215727e-01
Pairwise Multileader Locality: 7.412632e-01
Nonblocking Hierarchical: 2.117233e+00
Nonblocking Multileader: 5.318824e-01
Nonblocking Node Aware: 9.762955e-02
Nonblocking Locality Aware: 9.044396e-02
Nonblocking Multileader Locality: 6.312989e-01
Size 4096
PMPI: 3.288203e-01
Pairwise: 3.290161e-01
NonBlocking: 5.355945e-01
Test 3 Running Alltoall Benchmark on 16 nodes and 1600 tasks
Size 1
PMPI: 3.918832e-04
Pairwise: 8.061284e-03
NonBlocking: 8.086323e-02
Pairwise Hierarchical: 1.218690e-03
Pairwise Multileader: 1.049310e-03
Pairwise Node Aware: 4.430708e-04
Pairwise Locality Aware: 8.841077e-04
Pairwise Multileader Locality: 5.685668e-04
Nonblocking Hierarchical: 1.725492e-03
Nonblocking Multileader: 3.694942e-04
Nonblocking Node Aware: 2.906499e-04
Nonblocking Locality Aware: 4.475603e-04
Nonblocking Multileader Locality: 4.010789e-04
Size 2
PMPI: 5.644817e-04
Pairwise: 1.388749e-02
NonBlocking: 9.549697e-02
Pairwise Hierarchical: 2.944074e-03
Pairwise Multileader: 1.509350e-03
Pairwise Node Aware: 5.135218e-04
Pairwise Locality Aware: 1.058768e-03
Pairwise Multileader Locality: 1.052597e-03
Nonblocking Hierarchical: 2.268230e-03
Nonblocking Multileader: 5.748317e-04
Nonblocking Node Aware: 4.069474e-04
Nonblocking Locality Aware: 4.167586e-04
Nonblocking Multileader Locality: 7.328814e-04
Size 4
PMPI: 1.012272e-03
Pairwise: 2.555053e-02
NonBlocking: 1.643512e-01
Pairwise Hierarchical: 4.331877e-03
Pairwise Multileader: 2.222204e-03
Pairwise Node Aware: 9.797071e-04
Pairwise Locality Aware: 1.306422e-03
Pairwise Multileader Locality: 1.562330e-03
Nonblocking Hierarchical: 3.469400e-03
Nonblocking Multileader: 9.649211e-04
Nonblocking Node Aware: 5.834012e-04
Nonblocking Locality Aware: 8.658117e-04
Nonblocking Multileader Locality: 1.118411e-03
Size 8
PMPI: 1.503797e-03
Pairwise: 1.882147e-02
NonBlocking: 1.864566e-01
Pairwise Hierarchical: 1.008415e-02
Pairwise Multileader: 3.596610e-03
Pairwise Node Aware: 1.259257e-03
Pairwise Locality Aware: 1.408532e-03
Pairwise Multileader Locality: 3.724486e-03
Nonblocking Hierarchical: 8.423218e-03
Nonblocking Multileader: 2.359355e-03
Nonblocking Node Aware: 9.588440e-04
Nonblocking Locality Aware: 1.176968e-03
Nonblocking Multileader Locality: 2.807076e-03
Size 16
PMPI: 3.079999e-03
Pairwise: 2.310991e-02
NonBlocking: 1.858813e-01
Pairwise Hierarchical: 2.140077e-02
Pairwise Multileader: 5.779051e-03
Pairwise Node Aware: 1.491097e-03
Pairwise Locality Aware: 1.774887e-03
Pairwise Multileader Locality: 6.725857e-03
Nonblocking Hierarchical: 1.679583e-02
Nonblocking Multileader: 4.366458e-03
Nonblocking Node Aware: 1.725710e-03
Nonblocking Locality Aware: 1.682314e-03
Nonblocking Multileader Locality: 4.720573e-03
Size 32
PMPI: 4.601547e-03
Pairwise: 1.917841e-02
NonBlocking: 1.407452e-01
Pairwise Hierarchical: 4.221455e-02
Pairwise Multileader: 1.419570e-02
Pairwise Node Aware: 2.670870e-03
Pairwise Locality Aware: 3.395138e-03
Pairwise Multileader Locality: 1.129007e-02
Nonblocking Hierarchical: 3.355986e-02
Nonblocking Multileader: 8.609600e-03
Nonblocking Node Aware: 2.391144e-03
Nonblocking Locality Aware: 2.791184e-03
Nonblocking Multileader Locality: 8.681803e-03
Size 64
PMPI: 9.376339e-03
Pairwise: 2.727059e-02
NonBlocking: 1.413501e-01
Pairwise Hierarchical: 8.250081e-02
Pairwise Multileader: 2.731430e-02
Pairwise Node Aware: 5.071020e-03
Pairwise Locality Aware: 4.084812e-03
Pairwise Multileader Locality: 2.318903e-02
Nonblocking Hierarchical: 6.412840e-02
Nonblocking Multileader: 1.653894e-02
Nonblocking Node Aware: 4.045530e-03
Nonblocking Locality Aware: 4.434825e-03
Nonblocking Multileader Locality: 1.746746e-02
Size 128
PMPI: 1.740819e-02
Pairwise: 2.658580e-02
NonBlocking: 1.398717e-01
Pairwise Hierarchical: 1.567479e-01
Pairwise Multileader: 5.239586e-02
Pairwise Node Aware: 1.067602e-02
Pairwise Locality Aware: 9.979320e-03
Pairwise Multileader Locality: 5.538442e-02
Nonblocking Hierarchical: 1.314141e-01
Nonblocking Multileader: 3.718273e-02
Nonblocking Node Aware: 8.080450e-03
Nonblocking Locality Aware: 1.008805e-02
Nonblocking Multileader Locality: 4.086261e-02
Size 256
PMPI: 3.472897e-02
Pairwise: 3.358536e-02
NonBlocking: 1.459414e-01
Pairwise Hierarchical: 2.967721e-01
Pairwise Multileader: 9.623978e-02
Pairwise Node Aware: 4.874312e-02
Pairwise Locality Aware: 1.674983e-02
Pairwise Multileader Locality: 1.049443e-01
Nonblocking Hierarchical: 2.476474e-01
Nonblocking Multileader: 6.796220e-02
Nonblocking Node Aware: 1.432048e-02
Nonblocking Locality Aware: 1.425371e-02
Nonblocking Multileader Locality: 7.811796e-02
Size 512
PMPI: 1.052678e-01
Pairwise: 4.682587e-02
NonBlocking: 1.812305e-01
Pairwise Hierarchical: 5.961809e-01
Pairwise Multileader: 1.800852e-01
Pairwise Node Aware: 2.874808e-02
Pairwise Locality Aware: 3.490520e-02
Pairwise Multileader Locality: 2.013135e-01
Nonblocking Hierarchical: 5.261334e-01
Nonblocking Multileader: 1.310490e-01
Nonblocking Node Aware: 2.745115e-02
Nonblocking Locality Aware: 3.168883e-02
Nonblocking Multileader Locality: 1.529888e-01
Size 1024
PMPI: 9.880165e-02
Pairwise: 7.951258e-02
NonBlocking: 1.694415e-01
Pairwise Hierarchical: 1.190531e+00
Pairwise Multileader: 3.270255e-01
Pairwise Node Aware: 5.846385e-02
Pairwise Locality Aware: 6.144319e-02
Pairwise Multileader Locality: 3.712357e-01
Nonblocking Hierarchical: 1.118953e+00
Nonblocking Multileader: 2.509718e-01
Nonblocking Node Aware: 5.081590e-02
Nonblocking Locality Aware: 4.614368e-02
Nonblocking Multileader Locality: 2.944906e-01
Size 2048
PMPI: 1.584758e-01
Pairwise: 1.632405e-01
NonBlocking: 2.519457e-01
Pairwise Hierarchical: 2.467747e+00
Pairwise Multileader: 6.673177e-01
Pairwise Node Aware: 1.102928e-01
Pairwise Locality Aware: 1.234748e-01
Pairwise Multileader Locality: 7.424467e-01
Nonblocking Hierarchical: 2.245363e+00
Nonblocking Multileader: 5.315671e-01
Nonblocking Node Aware: 9.724532e-02
Nonblocking Locality Aware: 8.957767e-02
Nonblocking Multileader Locality: 6.382273e-01
Size 4096
PMPI: 3.243954e-01
Pairwise: 3.350969e-01
NonBlocking: 5.050783e-01
