0: Testing Size 1
0: PMPI Allreduce Time: 2.134762e-05
0: MPIL GPU-Aware Recursive Doubling Time: 2.117054e-05
0: MPIL GPU-Aware Node-Aware Dissemination Time: 7.157670e-05
0: MPIL GPU-Aware NUMA-Aware Dissemination Time: 1.196654e-04
0: CopyToCPU PMPI Allreduce Time: 2.146504e-05
0: MPIL CopyToCPU Recursive Doubling Time: 2.239704e-05
0: MPIL CopyToCPU Node-Aware Dissemination Time: 3.025148e-05
0: MPIL CopyToCPU NUMA-Aware Dissemination Time: 2.277247e-05
0: Testing Size 2
0: PMPI Allreduce Time: 2.119687e-05
0: MPIL GPU-Aware Recursive Doubling Time: 2.122725e-05
0: MPIL GPU-Aware Node-Aware Dissemination Time: 7.171054e-05
0: MPIL GPU-Aware NUMA-Aware Dissemination Time: 1.195021e-04
0: CopyToCPU PMPI Allreduce Time: 2.153432e-05
0: MPIL CopyToCPU Recursive Doubling Time: 2.398189e-05
0: MPIL CopyToCPU Node-Aware Dissemination Time: 2.982684e-05
0: MPIL CopyToCPU NUMA-Aware Dissemination Time: 2.349528e-05
0: Testing Size 4
0: PMPI Allreduce Time: 2.159202e-05
0: MPIL GPU-Aware Recursive Doubling Time: 2.164661e-05
0: MPIL GPU-Aware Node-Aware Dissemination Time: 7.220286e-05
0: MPIL GPU-Aware NUMA-Aware Dissemination Time: 1.202606e-04
0: CopyToCPU PMPI Allreduce Time: 2.185063e-05
0: MPIL CopyToCPU Recursive Doubling Time: 2.431110e-05
0: MPIL CopyToCPU Node-Aware Dissemination Time: 3.035436e-05
0: MPIL CopyToCPU NUMA-Aware Dissemination Time: 2.377566e-05
0: Testing Size 8
0: PMPI Allreduce Time: 2.182722e-05
0: MPIL GPU-Aware Recursive Doubling Time: 2.168882e-05
0: MPIL GPU-Aware Node-Aware Dissemination Time: 7.240042e-05
0: MPIL GPU-Aware NUMA-Aware Dissemination Time: 1.232784e-04
0: CopyToCPU PMPI Allreduce Time: 2.141580e-05
0: MPIL CopyToCPU Recursive Doubling Time: 2.665011e-05
0: MPIL CopyToCPU Node-Aware Dissemination Time: 3.122986e-05
0: MPIL CopyToCPU NUMA-Aware Dissemination Time: 2.457792e-05
0: Testing Size 16
0: PMPI Allreduce Time: 2.308588e-05
0: MPIL GPU-Aware Recursive Doubling Time: 2.312755e-05
0: MPIL GPU-Aware Node-Aware Dissemination Time: 7.384090e-05
0: MPIL GPU-Aware NUMA-Aware Dissemination Time: 1.256625e-04
0: CopyToCPU PMPI Allreduce Time: 2.314172e-05
0: MPIL CopyToCPU Recursive Doubling Time: 3.197161e-05
0: MPIL CopyToCPU Node-Aware Dissemination Time: 3.253491e-05
0: MPIL CopyToCPU NUMA-Aware Dissemination Time: 2.783264e-05
0: Testing Size 32
0: PMPI Allreduce Time: 3.864035e-05
0: MPIL GPU-Aware Recursive Doubling Time: 3.865189e-05
0: MPIL GPU-Aware Node-Aware Dissemination Time: 9.774491e-05
0: MPIL GPU-Aware NUMA-Aware Dissemination Time: 1.329323e-04
0: CopyToCPU PMPI Allreduce Time: 3.369703e-05
0: MPIL CopyToCPU Recursive Doubling Time: 4.122536e-05
0: MPIL CopyToCPU Node-Aware Dissemination Time: 3.768966e-05
0: MPIL CopyToCPU NUMA-Aware Dissemination Time: 4.446724e-05
0: Testing Size 64
0: PMPI Allreduce Time: 4.082298e-05
0: MPIL GPU-Aware Recursive Doubling Time: 4.088330e-05
0: MPIL GPU-Aware Node-Aware Dissemination Time: 1.018628e-04
0: MPIL GPU-Aware NUMA-Aware Dissemination Time: 1.371585e-04
0: CopyToCPU PMPI Allreduce Time: 4.005254e-05
0: MPIL CopyToCPU Recursive Doubling Time: 4.254440e-05
0: MPIL CopyToCPU Node-Aware Dissemination Time: 5.468923e-05
0: MPIL CopyToCPU NUMA-Aware Dissemination Time: 4.576200e-05
0: Testing Size 128
0: PMPI Allreduce Time: 4.642147e-05
0: MPIL GPU-Aware Recursive Doubling Time: 4.619544e-05
0: MPIL GPU-Aware Node-Aware Dissemination Time: 1.214846e-04
0: MPIL GPU-Aware NUMA-Aware Dissemination Time: 1.539260e-04
0: CopyToCPU PMPI Allreduce Time: 4.621732e-05
0: MPIL CopyToCPU Recursive Doubling Time: 5.057082e-05
0: MPIL CopyToCPU Node-Aware Dissemination Time: 7.083535e-05
0: MPIL CopyToCPU NUMA-Aware Dissemination Time: 4.933382e-05
0: Testing Size 256
0: PMPI Allreduce Time: 5.084711e-05
0: MPIL GPU-Aware Recursive Doubling Time: 5.083263e-05
0: MPIL GPU-Aware Node-Aware Dissemination Time: 1.349591e-04
0: MPIL GPU-Aware NUMA-Aware Dissemination Time: 1.604137e-04
0: CopyToCPU PMPI Allreduce Time: 5.406532e-05
0: MPIL CopyToCPU Recursive Doubling Time: 5.819693e-05
0: MPIL CopyToCPU Node-Aware Dissemination Time: 9.610703e-05
0: MPIL CopyToCPU NUMA-Aware Dissemination Time: 5.437894e-05
0: Testing Size 512
0: PMPI Allreduce Time: 5.814111e-05
0: MPIL GPU-Aware Recursive Doubling Time: 5.815039e-05
0: MPIL GPU-Aware Node-Aware Dissemination Time: 1.531020e-04
0: MPIL GPU-Aware NUMA-Aware Dissemination Time: 1.709544e-04
0: CopyToCPU PMPI Allreduce Time: 6.250355e-05
0: MPIL CopyToCPU Recursive Doubling Time: 6.767027e-05
0: MPIL CopyToCPU Node-Aware Dissemination Time: 1.178393e-04
0: MPIL CopyToCPU NUMA-Aware Dissemination Time: 6.519585e-05
0: Testing Size 1024
0: PMPI Allreduce Time: 9.908450e-05
0: MPIL GPU-Aware Recursive Doubling Time: 9.894325e-05
0: MPIL GPU-Aware Node-Aware Dissemination Time: 2.796878e-03
0: MPIL GPU-Aware NUMA-Aware Dissemination Time: 6.025067e-03
0: CopyToCPU PMPI Allreduce Time: 7.989729e-05
0: MPIL CopyToCPU Recursive Doubling Time: 8.611772e-05
0: MPIL CopyToCPU Node-Aware Dissemination Time: 1.553558e-04
0: MPIL CopyToCPU NUMA-Aware Dissemination Time: 8.582909e-05
0: Testing Size 2048
0: PMPI Allreduce Time: 2.223002e-04
0: MPIL GPU-Aware Recursive Doubling Time: 2.197683e-04
0: MPIL GPU-Aware Node-Aware Dissemination Time: 4.395407e-03
0: MPIL GPU-Aware NUMA-Aware Dissemination Time: 6.033546e-03
0: CopyToCPU PMPI Allreduce Time: 1.374616e-04
0: MPIL CopyToCPU Recursive Doubling Time: 1.234328e-04
0: MPIL CopyToCPU Node-Aware Dissemination Time: 2.419384e-04
0: MPIL CopyToCPU NUMA-Aware Dissemination Time: 1.256297e-04
0: Testing Size 4096
0: PMPI Allreduce Time: 2.165544e-04
0: MPIL GPU-Aware Recursive Doubling Time: 2.139760e-04
0: MPIL GPU-Aware Node-Aware Dissemination Time: 6.467130e-03
0: MPIL GPU-Aware NUMA-Aware Dissemination Time: 1.079631e-02
0: CopyToCPU PMPI Allreduce Time: 1.992141e-04
0: MPIL CopyToCPU Recursive Doubling Time: 2.112577e-04
0: MPIL CopyToCPU Node-Aware Dissemination Time: 3.730860e-04
0: MPIL CopyToCPU NUMA-Aware Dissemination Time: 2.200065e-04
0: Testing Size 8192
0: PMPI Allreduce Time: 2.174333e-04
0: MPIL GPU-Aware Recursive Doubling Time: 2.158185e-04
0: MPIL GPU-Aware Node-Aware Dissemination Time: 8.442138e-03
0: MPIL GPU-Aware NUMA-Aware Dissemination Time: 1.540439e-02
0: CopyToCPU PMPI Allreduce Time: 2.942920e-04
0: MPIL CopyToCPU Recursive Doubling Time: 3.385528e-04
0: MPIL CopyToCPU Node-Aware Dissemination Time: 6.157958e-04
0: MPIL CopyToCPU NUMA-Aware Dissemination Time: 3.596762e-04
0: Testing Size 16384
0: PMPI Allreduce Time: 2.244696e-04
0: MPIL GPU-Aware Recursive Doubling Time: 2.237105e-04
0: MPIL GPU-Aware Node-Aware Dissemination Time: 9.308584e-03
0: MPIL GPU-Aware NUMA-Aware Dissemination Time: 1.757570e-02
0: CopyToCPU PMPI Allreduce Time: 4.921506e-04
0: MPIL CopyToCPU Recursive Doubling Time: 5.988656e-04
0: MPIL CopyToCPU Node-Aware Dissemination Time: 1.082214e-03
0: MPIL CopyToCPU NUMA-Aware Dissemination Time: 6.322894e-04
0: Testing Size 32768
0: PMPI Allreduce Time: 2.435617e-04
0: MPIL GPU-Aware Recursive Doubling Time: 2.421996e-04
0: MPIL GPU-Aware Node-Aware Dissemination Time: 1.056021e-02
0: MPIL GPU-Aware NUMA-Aware Dissemination Time: 2.032857e-02
0: CopyToCPU PMPI Allreduce Time: 9.891782e-04
0: MPIL CopyToCPU Recursive Doubling Time: 1.097926e-03
0: MPIL CopyToCPU Node-Aware Dissemination Time: 2.004344e-03
0: MPIL CopyToCPU NUMA-Aware Dissemination Time: 1.170624e-03
0: Testing Size 65536
0: PMPI Allreduce Time: 2.763341e-04
0: MPIL GPU-Aware Recursive Doubling Time: 2.760097e-04
0: MPIL GPU-Aware Node-Aware Dissemination Time: 1.195098e-02
0: MPIL GPU-Aware NUMA-Aware Dissemination Time: 2.451573e-02
0: CopyToCPU PMPI Allreduce Time: 1.656512e-03
0: MPIL CopyToCPU Recursive Doubling Time: 2.050530e-03
0: MPIL CopyToCPU Node-Aware Dissemination Time: 3.937154e-03
0: MPIL CopyToCPU NUMA-Aware Dissemination Time: 2.175699e-03
0: Testing Size 131072
0: PMPI Allreduce Time: 3.317935e-04
0: MPIL GPU-Aware Recursive Doubling Time: 3.298086e-04
0: MPIL GPU-Aware Node-Aware Dissemination Time: 1.397643e-02
0: MPIL GPU-Aware NUMA-Aware Dissemination Time: 2.906005e-02
0: CopyToCPU PMPI Allreduce Time: 3.318789e-03
0: MPIL CopyToCPU Recursive Doubling Time: 3.607195e-03
0: MPIL CopyToCPU Node-Aware Dissemination Time: 7.256331e-03
0: MPIL CopyToCPU NUMA-Aware Dissemination Time: 4.095465e-03
0: Testing Size 262144
0: PMPI Allreduce Time: 3.850486e-04
0: MPIL GPU-Aware Recursive Doubling Time: 3.856046e-04
0: MPIL GPU-Aware Node-Aware Dissemination Time: 1.789524e-02
0: MPIL GPU-Aware NUMA-Aware Dissemination Time: 3.761487e-02
0: CopyToCPU PMPI Allreduce Time: 7.000733e-03
0: MPIL CopyToCPU Recursive Doubling Time: 7.181560e-03
0: MPIL CopyToCPU Node-Aware Dissemination Time: 1.381926e-02
0: MPIL CopyToCPU NUMA-Aware Dissemination Time: 7.768459e-03
0: Testing Size 524288
0: PMPI Allreduce Time: 4.973655e-04
0: MPIL GPU-Aware Recursive Doubling Time: 4.973773e-04
0: MPIL GPU-Aware Node-Aware Dissemination Time: 2.464465e-02
0: MPIL GPU-Aware NUMA-Aware Dissemination Time: 5.307198e-02
0: CopyToCPU PMPI Allreduce Time: 1.351099e-02
0: MPIL CopyToCPU Recursive Doubling Time: 1.428147e-02
0: MPIL CopyToCPU Node-Aware Dissemination Time: 2.782395e-02
0: MPIL CopyToCPU NUMA-Aware Dissemination Time: 1.538991e-02
