0: Testing Size 1
0: PMPI Allreduce Time: 8.698975e-06
0: MPIL GPU-Aware Recursive Doubling Time: 8.611723e-06
0: MPIL GPU-Aware Node-Aware Dissemination Time: 3.402190e-05
0: MPIL GPU-Aware NUMA-Aware Dissemination Time: 6.014804e-05
0: CopyToCPU PMPI Allreduce Time: 8.827699e-06
0: MPIL CopyToCPU Recursive Doubling Time: 9.267802e-06
0: MPIL CopyToCPU Node-Aware Dissemination Time: 1.127449e-05
0: MPIL CopyToCPU NUMA-Aware Dissemination Time: 1.051333e-05
0: Testing Size 2
0: PMPI Allreduce Time: 8.970217e-06
0: MPIL GPU-Aware Recursive Doubling Time: 8.982781e-06
0: MPIL GPU-Aware Node-Aware Dissemination Time: 3.441143e-05
0: MPIL GPU-Aware NUMA-Aware Dissemination Time: 6.077070e-05
0: CopyToCPU PMPI Allreduce Time: 8.855140e-06
0: MPIL CopyToCPU Recursive Doubling Time: 1.104792e-05
0: MPIL CopyToCPU Node-Aware Dissemination Time: 1.136340e-05
0: MPIL CopyToCPU NUMA-Aware Dissemination Time: 1.134334e-05
0: Testing Size 4
0: PMPI Allreduce Time: 8.790800e-06
0: MPIL GPU-Aware Recursive Doubling Time: 8.870155e-06
0: MPIL GPU-Aware Node-Aware Dissemination Time: 3.417352e-05
0: MPIL GPU-Aware NUMA-Aware Dissemination Time: 6.073841e-05
0: CopyToCPU PMPI Allreduce Time: 8.932636e-06
0: MPIL CopyToCPU Recursive Doubling Time: 1.107146e-05
0: MPIL CopyToCPU Node-Aware Dissemination Time: 1.143378e-05
0: MPIL CopyToCPU NUMA-Aware Dissemination Time: 1.135049e-05
0: Testing Size 8
0: PMPI Allreduce Time: 8.814079e-06
0: MPIL GPU-Aware Recursive Doubling Time: 8.814040e-06
0: MPIL GPU-Aware Node-Aware Dissemination Time: 3.446452e-05
0: MPIL GPU-Aware NUMA-Aware Dissemination Time: 6.111736e-05
0: CopyToCPU PMPI Allreduce Time: 8.769659e-06
0: MPIL CopyToCPU Recursive Doubling Time: 1.118863e-05
0: MPIL CopyToCPU Node-Aware Dissemination Time: 1.128686e-05
0: MPIL CopyToCPU NUMA-Aware Dissemination Time: 1.141667e-05
0: Testing Size 16
0: PMPI Allreduce Time: 9.505071e-06
0: MPIL GPU-Aware Recursive Doubling Time: 9.485205e-06
0: MPIL GPU-Aware Node-Aware Dissemination Time: 3.538796e-05
0: MPIL GPU-Aware NUMA-Aware Dissemination Time: 6.272631e-05
0: CopyToCPU PMPI Allreduce Time: 9.422028e-06
0: MPIL CopyToCPU Recursive Doubling Time: 1.612134e-05
0: MPIL CopyToCPU Node-Aware Dissemination Time: 1.251508e-05
0: MPIL CopyToCPU NUMA-Aware Dissemination Time: 1.398540e-05
0: Testing Size 32
0: PMPI Allreduce Time: 1.593612e-05
0: MPIL GPU-Aware Recursive Doubling Time: 1.592999e-05
0: MPIL GPU-Aware Node-Aware Dissemination Time: 4.817121e-05
0: MPIL GPU-Aware NUMA-Aware Dissemination Time: 6.566834e-05
0: CopyToCPU PMPI Allreduce Time: 1.185498e-05
0: MPIL CopyToCPU Recursive Doubling Time: 1.823933e-05
0: MPIL CopyToCPU Node-Aware Dissemination Time: 1.573862e-05
0: MPIL CopyToCPU NUMA-Aware Dissemination Time: 1.970111e-05
0: Testing Size 64
0: PMPI Allreduce Time: 1.752834e-05
0: MPIL GPU-Aware Recursive Doubling Time: 1.745339e-05
0: MPIL GPU-Aware Node-Aware Dissemination Time: 5.118147e-05
0: MPIL GPU-Aware NUMA-Aware Dissemination Time: 6.630844e-05
0: CopyToCPU PMPI Allreduce Time: 1.718173e-05
0: MPIL CopyToCPU Recursive Doubling Time: 2.003354e-05
0: MPIL CopyToCPU Node-Aware Dissemination Time: 2.704697e-05
0: MPIL CopyToCPU NUMA-Aware Dissemination Time: 2.052080e-05
0: Testing Size 128
0: PMPI Allreduce Time: 2.089950e-05
0: MPIL GPU-Aware Recursive Doubling Time: 2.089447e-05
0: MPIL GPU-Aware Node-Aware Dissemination Time: 6.330222e-05
0: MPIL GPU-Aware NUMA-Aware Dissemination Time: 7.700785e-05
0: CopyToCPU PMPI Allreduce Time: 2.038714e-05
0: MPIL CopyToCPU Recursive Doubling Time: 2.483346e-05
0: MPIL CopyToCPU Node-Aware Dissemination Time: 3.783974e-05
0: MPIL CopyToCPU NUMA-Aware Dissemination Time: 2.240357e-05
0: Testing Size 256
0: PMPI Allreduce Time: 2.494873e-05
0: MPIL GPU-Aware Recursive Doubling Time: 2.497022e-05
0: MPIL GPU-Aware Node-Aware Dissemination Time: 7.193435e-05
0: MPIL GPU-Aware NUMA-Aware Dissemination Time: 8.234501e-05
0: CopyToCPU PMPI Allreduce Time: 2.797483e-05
0: MPIL CopyToCPU Recursive Doubling Time: 3.208831e-05
0: MPIL CopyToCPU Node-Aware Dissemination Time: 5.247735e-05
0: MPIL CopyToCPU NUMA-Aware Dissemination Time: 2.753911e-05
0: Testing Size 512
0: PMPI Allreduce Time: 3.125131e-05
0: MPIL GPU-Aware Recursive Doubling Time: 3.127747e-05
0: MPIL GPU-Aware Node-Aware Dissemination Time: 8.503924e-05
0: MPIL GPU-Aware NUMA-Aware Dissemination Time: 9.107196e-05
0: CopyToCPU PMPI Allreduce Time: 3.486512e-05
0: MPIL CopyToCPU Recursive Doubling Time: 4.025950e-05
0: MPIL CopyToCPU Node-Aware Dissemination Time: 6.709020e-05
0: MPIL CopyToCPU NUMA-Aware Dissemination Time: 3.604422e-05
0: Testing Size 1024
0: PMPI Allreduce Time: 6.940879e-05
0: MPIL GPU-Aware Recursive Doubling Time: 6.940484e-05
0: MPIL GPU-Aware Node-Aware Dissemination Time: 9.955433e-04
0: MPIL GPU-Aware NUMA-Aware Dissemination Time: 2.545901e-03
0: CopyToCPU PMPI Allreduce Time: 4.730661e-05
0: MPIL CopyToCPU Recursive Doubling Time: 5.327972e-05
0: MPIL CopyToCPU Node-Aware Dissemination Time: 8.891401e-05
0: MPIL CopyToCPU NUMA-Aware Dissemination Time: 5.401987e-05
0: Testing Size 2048
0: PMPI Allreduce Time: 1.119584e-04
0: MPIL GPU-Aware Recursive Doubling Time: 1.124787e-04
0: MPIL GPU-Aware Node-Aware Dissemination Time: 2.299689e-03
0: MPIL GPU-Aware NUMA-Aware Dissemination Time: 2.571995e-03
0: CopyToCPU PMPI Allreduce Time: 9.270874e-05
0: MPIL CopyToCPU Recursive Doubling Time: 8.677935e-05
0: MPIL CopyToCPU Node-Aware Dissemination Time: 1.430197e-04
0: MPIL CopyToCPU NUMA-Aware Dissemination Time: 8.700291e-05
0: Testing Size 4096
0: PMPI Allreduce Time: 1.081101e-04
0: MPIL GPU-Aware Recursive Doubling Time: 1.081109e-04
0: MPIL GPU-Aware Node-Aware Dissemination Time: 2.874634e-03
0: MPIL GPU-Aware NUMA-Aware Dissemination Time: 4.130142e-03
0: CopyToCPU PMPI Allreduce Time: 1.463085e-04
0: MPIL CopyToCPU Recursive Doubling Time: 1.464355e-04
0: MPIL CopyToCPU Node-Aware Dissemination Time: 2.248223e-04
0: MPIL CopyToCPU NUMA-Aware Dissemination Time: 1.525581e-04
0: Testing Size 8192
0: PMPI Allreduce Time: 1.112752e-04
0: MPIL GPU-Aware Recursive Doubling Time: 1.112540e-04
0: MPIL GPU-Aware Node-Aware Dissemination Time: 3.141445e-03
0: MPIL GPU-Aware NUMA-Aware Dissemination Time: 5.005131e-03
0: CopyToCPU PMPI Allreduce Time: 2.544332e-04
0: MPIL CopyToCPU Recursive Doubling Time: 2.633193e-04
0: MPIL CopyToCPU Node-Aware Dissemination Time: 4.044010e-04
0: MPIL CopyToCPU NUMA-Aware Dissemination Time: 2.737269e-04
0: Testing Size 16384
0: PMPI Allreduce Time: 1.164635e-04
0: MPIL GPU-Aware Recursive Doubling Time: 1.163461e-04
0: MPIL GPU-Aware Node-Aware Dissemination Time: 3.586732e-03
0: MPIL GPU-Aware NUMA-Aware Dissemination Time: 6.023726e-03
0: CopyToCPU PMPI Allreduce Time: 4.387156e-04
0: MPIL CopyToCPU Recursive Doubling Time: 4.851826e-04
0: MPIL CopyToCPU Node-Aware Dissemination Time: 7.132401e-04
0: MPIL CopyToCPU NUMA-Aware Dissemination Time: 5.034611e-04
0: Testing Size 32768
0: PMPI Allreduce Time: 1.324602e-04
0: MPIL GPU-Aware Recursive Doubling Time: 1.325186e-04
0: MPIL GPU-Aware Node-Aware Dissemination Time: 3.947832e-03
0: MPIL GPU-Aware NUMA-Aware Dissemination Time: 7.069253e-03
0: CopyToCPU PMPI Allreduce Time: 8.382364e-04
0: MPIL CopyToCPU Recursive Doubling Time: 9.262904e-04
0: MPIL CopyToCPU Node-Aware Dissemination Time: 1.357894e-03
0: MPIL CopyToCPU NUMA-Aware Dissemination Time: 9.560671e-04
0: Testing Size 65536
0: PMPI Allreduce Time: 1.482762e-04
0: MPIL GPU-Aware Recursive Doubling Time: 1.483738e-04
0: MPIL GPU-Aware Node-Aware Dissemination Time: 4.476030e-03
0: MPIL GPU-Aware NUMA-Aware Dissemination Time: 9.281079e-03
0: CopyToCPU PMPI Allreduce Time: 1.604729e-03
0: MPIL CopyToCPU Recursive Doubling Time: 1.752777e-03
0: MPIL CopyToCPU Node-Aware Dissemination Time: 2.692261e-03
0: MPIL CopyToCPU NUMA-Aware Dissemination Time: 1.851754e-03
0: Testing Size 131072
0: PMPI Allreduce Time: 1.841409e-04
0: MPIL GPU-Aware Recursive Doubling Time: 1.823560e-04
0: MPIL GPU-Aware Node-Aware Dissemination Time: 6.114430e-03
0: MPIL GPU-Aware NUMA-Aware Dissemination Time: 1.199049e-02
0: CopyToCPU PMPI Allreduce Time: 3.180318e-03
0: MPIL CopyToCPU Recursive Doubling Time: 3.166794e-03
0: MPIL CopyToCPU Node-Aware Dissemination Time: 5.174116e-03
0: MPIL CopyToCPU NUMA-Aware Dissemination Time: 3.611519e-03
0: Testing Size 262144
0: PMPI Allreduce Time: 2.168457e-04
0: MPIL GPU-Aware Recursive Doubling Time: 2.171891e-04
0: MPIL GPU-Aware Node-Aware Dissemination Time: 8.281158e-03
0: MPIL GPU-Aware NUMA-Aware Dissemination Time: 1.609934e-02
0: CopyToCPU PMPI Allreduce Time: 6.305644e-03
0: MPIL CopyToCPU Recursive Doubling Time: 6.359652e-03
0: MPIL CopyToCPU Node-Aware Dissemination Time: 9.833109e-03
0: MPIL CopyToCPU NUMA-Aware Dissemination Time: 6.768949e-03
0: Testing Size 524288
0: PMPI Allreduce Time: 3.068870e-04
0: MPIL GPU-Aware Recursive Doubling Time: 3.069773e-04
0: MPIL GPU-Aware Node-Aware Dissemination Time: 1.102271e-02
0: MPIL GPU-Aware NUMA-Aware Dissemination Time: 2.075433e-02
0: CopyToCPU PMPI Allreduce Time: 1.173923e-02
0: MPIL CopyToCPU Recursive Doubling Time: 1.271123e-02
0: MPIL CopyToCPU Node-Aware Dissemination Time: 2.002767e-02
0: MPIL CopyToCPU NUMA-Aware Dissemination Time: 1.302000e-02
