0: Testing Size 1
0: PMPI Allreduce Time: 1.177393e-05
0: MPIL GPU-Aware Recursive Doubling Time: 1.159132e-05
0: MPIL GPU-Aware Node-Aware Dissemination Time: 3.788609e-05
0: MPIL GPU-Aware NUMA-Aware Dissemination Time: 7.538701e-05
0: CopyToCPU PMPI Allreduce Time: 1.171933e-05
0: MPIL CopyToCPU Recursive Doubling Time: 1.274808e-05
0: MPIL CopyToCPU Node-Aware Dissemination Time: 1.395648e-05
0: MPIL CopyToCPU NUMA-Aware Dissemination Time: 1.376608e-05
0: Testing Size 2
0: PMPI Allreduce Time: 1.196995e-05
0: MPIL GPU-Aware Recursive Doubling Time: 1.194914e-05
0: MPIL GPU-Aware Node-Aware Dissemination Time: 3.784686e-05
0: MPIL GPU-Aware NUMA-Aware Dissemination Time: 7.569389e-05
0: CopyToCPU PMPI Allreduce Time: 1.200201e-05
0: MPIL CopyToCPU Recursive Doubling Time: 1.408929e-05
0: MPIL CopyToCPU Node-Aware Dissemination Time: 1.382354e-05
0: MPIL CopyToCPU NUMA-Aware Dissemination Time: 1.429931e-05
0: Testing Size 4
0: PMPI Allreduce Time: 1.190569e-05
0: MPIL GPU-Aware Recursive Doubling Time: 1.188983e-05
0: MPIL GPU-Aware Node-Aware Dissemination Time: 3.784302e-05
0: MPIL GPU-Aware NUMA-Aware Dissemination Time: 7.579693e-05
0: CopyToCPU PMPI Allreduce Time: 1.210378e-05
0: MPIL CopyToCPU Recursive Doubling Time: 1.411893e-05
0: MPIL CopyToCPU Node-Aware Dissemination Time: 1.391554e-05
0: MPIL CopyToCPU NUMA-Aware Dissemination Time: 1.438114e-05
0: Testing Size 8
0: PMPI Allreduce Time: 1.190414e-05
0: MPIL GPU-Aware Recursive Doubling Time: 1.193202e-05
0: MPIL GPU-Aware Node-Aware Dissemination Time: 3.787310e-05
0: MPIL GPU-Aware NUMA-Aware Dissemination Time: 7.594513e-05
0: CopyToCPU PMPI Allreduce Time: 1.197169e-05
0: MPIL CopyToCPU Recursive Doubling Time: 1.423600e-05
0: MPIL CopyToCPU Node-Aware Dissemination Time: 1.413310e-05
0: MPIL CopyToCPU NUMA-Aware Dissemination Time: 1.443445e-05
0: Testing Size 16
0: PMPI Allreduce Time: 1.283132e-05
0: MPIL GPU-Aware Recursive Doubling Time: 1.270580e-05
0: MPIL GPU-Aware Node-Aware Dissemination Time: 3.884882e-05
0: MPIL GPU-Aware NUMA-Aware Dissemination Time: 7.870756e-05
0: CopyToCPU PMPI Allreduce Time: 1.237412e-05
0: MPIL CopyToCPU Recursive Doubling Time: 2.014340e-05
0: MPIL CopyToCPU Node-Aware Dissemination Time: 1.485095e-05
0: MPIL CopyToCPU NUMA-Aware Dissemination Time: 1.759673e-05
0: Testing Size 32
0: PMPI Allreduce Time: 2.053719e-05
0: MPIL GPU-Aware Recursive Doubling Time: 2.038765e-05
0: MPIL GPU-Aware Node-Aware Dissemination Time: 5.197222e-05
0: MPIL GPU-Aware NUMA-Aware Dissemination Time: 8.199233e-05
0: CopyToCPU PMPI Allreduce Time: 1.598117e-05
0: MPIL CopyToCPU Recursive Doubling Time: 2.287944e-05
0: MPIL CopyToCPU Node-Aware Dissemination Time: 1.783185e-05
0: MPIL CopyToCPU NUMA-Aware Dissemination Time: 2.572839e-05
0: Testing Size 64
0: PMPI Allreduce Time: 2.202251e-05
0: MPIL GPU-Aware Recursive Doubling Time: 2.201481e-05
0: MPIL GPU-Aware Node-Aware Dissemination Time: 5.488396e-05
0: MPIL GPU-Aware NUMA-Aware Dissemination Time: 8.314073e-05
0: CopyToCPU PMPI Allreduce Time: 2.183156e-05
0: MPIL CopyToCPU Recursive Doubling Time: 2.491985e-05
0: MPIL CopyToCPU Node-Aware Dissemination Time: 2.922517e-05
0: MPIL CopyToCPU NUMA-Aware Dissemination Time: 2.580420e-05
0: Testing Size 128
0: PMPI Allreduce Time: 2.539192e-05
0: MPIL GPU-Aware Recursive Doubling Time: 2.542915e-05
0: MPIL GPU-Aware Node-Aware Dissemination Time: 6.294820e-05
0: MPIL GPU-Aware NUMA-Aware Dissemination Time: 9.856919e-05
0: CopyToCPU PMPI Allreduce Time: 2.536959e-05
0: MPIL CopyToCPU Recursive Doubling Time: 3.082008e-05
0: MPIL CopyToCPU Node-Aware Dissemination Time: 3.790486e-05
0: MPIL CopyToCPU NUMA-Aware Dissemination Time: 2.865730e-05
0: Testing Size 256
0: PMPI Allreduce Time: 2.980718e-05
0: MPIL GPU-Aware Recursive Doubling Time: 2.983124e-05
0: MPIL GPU-Aware Node-Aware Dissemination Time: 7.144913e-05
0: MPIL GPU-Aware NUMA-Aware Dissemination Time: 1.046439e-04
0: CopyToCPU PMPI Allreduce Time: 3.509063e-05
0: MPIL CopyToCPU Recursive Doubling Time: 4.113539e-05
0: MPIL CopyToCPU Node-Aware Dissemination Time: 5.287698e-05
0: MPIL CopyToCPU NUMA-Aware Dissemination Time: 3.638700e-05
0: Testing Size 512
0: PMPI Allreduce Time: 3.647564e-05
0: MPIL GPU-Aware Recursive Doubling Time: 3.646746e-05
0: MPIL GPU-Aware Node-Aware Dissemination Time: 8.375579e-05
0: MPIL GPU-Aware NUMA-Aware Dissemination Time: 1.127298e-04
0: CopyToCPU PMPI Allreduce Time: 3.928862e-05
0: MPIL CopyToCPU Recursive Doubling Time: 4.634386e-05
0: MPIL CopyToCPU Node-Aware Dissemination Time: 6.459181e-05
0: MPIL CopyToCPU NUMA-Aware Dissemination Time: 4.339865e-05
0: Testing Size 1024
0: PMPI Allreduce Time: 7.537115e-05
0: MPIL GPU-Aware Recursive Doubling Time: 7.529088e-05
0: MPIL GPU-Aware Node-Aware Dissemination Time: 9.882818e-04
0: MPIL GPU-Aware NUMA-Aware Dissemination Time: 3.387548e-03
0: CopyToCPU PMPI Allreduce Time: 5.450276e-05
0: MPIL CopyToCPU Recursive Doubling Time: 6.079901e-05
0: MPIL CopyToCPU Node-Aware Dissemination Time: 9.169136e-05
0: MPIL CopyToCPU NUMA-Aware Dissemination Time: 6.120511e-05
0: Testing Size 2048
0: PMPI Allreduce Time: 1.398736e-04
0: MPIL GPU-Aware Recursive Doubling Time: 1.395537e-04
0: MPIL GPU-Aware Node-Aware Dissemination Time: 2.541744e-03
0: MPIL GPU-Aware NUMA-Aware Dissemination Time: 3.400473e-03
0: CopyToCPU PMPI Allreduce Time: 1.024013e-04
0: MPIL CopyToCPU Recursive Doubling Time: 9.626073e-05
0: MPIL CopyToCPU Node-Aware Dissemination Time: 1.504772e-04
0: MPIL CopyToCPU NUMA-Aware Dissemination Time: 9.790681e-05
0: Testing Size 4096
0: PMPI Allreduce Time: 1.354139e-04
0: MPIL GPU-Aware Recursive Doubling Time: 1.349007e-04
0: MPIL GPU-Aware Node-Aware Dissemination Time: 2.884922e-03
0: MPIL GPU-Aware NUMA-Aware Dissemination Time: 5.089190e-03
0: CopyToCPU PMPI Allreduce Time: 1.570966e-04
0: MPIL CopyToCPU Recursive Doubling Time: 1.611012e-04
0: MPIL CopyToCPU Node-Aware Dissemination Time: 2.279066e-04
0: MPIL CopyToCPU NUMA-Aware Dissemination Time: 1.688458e-04
0: Testing Size 8192
0: PMPI Allreduce Time: 1.382735e-04
0: MPIL GPU-Aware Recursive Doubling Time: 1.384001e-04
0: MPIL GPU-Aware Node-Aware Dissemination Time: 3.348586e-03
0: MPIL GPU-Aware NUMA-Aware Dissemination Time: 6.849560e-03
0: CopyToCPU PMPI Allreduce Time: 2.579041e-04
0: MPIL CopyToCPU Recursive Doubling Time: 2.807789e-04
0: MPIL CopyToCPU Node-Aware Dissemination Time: 3.927642e-04
0: MPIL CopyToCPU NUMA-Aware Dissemination Time: 2.939156e-04
0: Testing Size 16384
0: PMPI Allreduce Time: 1.448076e-04
0: MPIL GPU-Aware Recursive Doubling Time: 1.445047e-04
0: MPIL GPU-Aware Node-Aware Dissemination Time: 3.856763e-03
0: MPIL GPU-Aware NUMA-Aware Dissemination Time: 9.577733e-03
0: CopyToCPU PMPI Allreduce Time: 4.647933e-04
0: MPIL CopyToCPU Recursive Doubling Time: 5.132440e-04
0: MPIL CopyToCPU Node-Aware Dissemination Time: 7.155616e-04
0: MPIL CopyToCPU NUMA-Aware Dissemination Time: 5.408572e-04
0: Testing Size 32768
0: PMPI Allreduce Time: 1.574997e-04
0: MPIL GPU-Aware Recursive Doubling Time: 1.574835e-04
0: MPIL GPU-Aware Node-Aware Dissemination Time: 4.396706e-03
0: MPIL GPU-Aware NUMA-Aware Dissemination Time: 1.185769e-02
0: CopyToCPU PMPI Allreduce Time: 8.439235e-04
0: MPIL CopyToCPU Recursive Doubling Time: 9.621523e-04
0: MPIL CopyToCPU Node-Aware Dissemination Time: 1.363699e-03
0: MPIL CopyToCPU NUMA-Aware Dissemination Time: 1.018256e-03
0: Testing Size 65536
0: PMPI Allreduce Time: 1.831793e-04
0: MPIL GPU-Aware Recursive Doubling Time: 1.829287e-04
0: MPIL GPU-Aware Node-Aware Dissemination Time: 5.226297e-03
0: MPIL GPU-Aware NUMA-Aware Dissemination Time: 1.470314e-02
0: CopyToCPU PMPI Allreduce Time: 1.614962e-03
0: MPIL CopyToCPU Recursive Doubling Time: 1.823740e-03
0: MPIL CopyToCPU Node-Aware Dissemination Time: 2.667910e-03
0: MPIL CopyToCPU NUMA-Aware Dissemination Time: 1.940167e-03
0: Testing Size 131072
0: PMPI Allreduce Time: 2.210437e-04
0: MPIL GPU-Aware Recursive Doubling Time: 2.211542e-04
0: MPIL GPU-Aware Node-Aware Dissemination Time: 6.117745e-03
0: MPIL GPU-Aware NUMA-Aware Dissemination Time: 1.753752e-02
0: CopyToCPU PMPI Allreduce Time: 3.223235e-03
0: MPIL CopyToCPU Recursive Doubling Time: 3.291892e-03
0: MPIL CopyToCPU Node-Aware Dissemination Time: 5.090831e-03
0: MPIL CopyToCPU NUMA-Aware Dissemination Time: 3.739411e-03
0: Testing Size 262144
0: PMPI Allreduce Time: 2.630076e-04
0: MPIL GPU-Aware Recursive Doubling Time: 2.631915e-04
0: MPIL GPU-Aware Node-Aware Dissemination Time: 7.680305e-03
0: MPIL GPU-Aware NUMA-Aware Dissemination Time: 2.270000e-02
0: CopyToCPU PMPI Allreduce Time: 6.649032e-03
0: MPIL CopyToCPU Recursive Doubling Time: 6.547801e-03
0: MPIL CopyToCPU Node-Aware Dissemination Time: 1.012690e-02
0: MPIL CopyToCPU NUMA-Aware Dissemination Time: 7.116429e-03
0: Testing Size 524288
0: PMPI Allreduce Time: 3.595160e-04
0: MPIL GPU-Aware Recursive Doubling Time: 3.597583e-04
0: MPIL GPU-Aware Node-Aware Dissemination Time: 1.106491e-02
0: MPIL GPU-Aware NUMA-Aware Dissemination Time: 3.246517e-02
0: CopyToCPU PMPI Allreduce Time: 1.295185e-02
0: MPIL CopyToCPU Recursive Doubling Time: 1.303821e-02
0: MPIL CopyToCPU Node-Aware Dissemination Time: 1.983812e-02
0: MPIL CopyToCPU NUMA-Aware Dissemination Time: 1.395591e-02
