0: Testing Size 1
0: PMPI Allreduce Time: 1.650859e-05
0: MPIL GPU-Aware Recursive Doubling Time: 1.645359e-05
0: MPIL GPU-Aware Node-Aware Dissemination Time: 5.038592e-05
0: MPIL GPU-Aware NUMA-Aware Dissemination Time: 8.998228e-05
0: CopyToCPU PMPI Allreduce Time: 1.649468e-05
0: MPIL CopyToCPU Recursive Doubling Time: 1.740402e-05
0: MPIL CopyToCPU Node-Aware Dissemination Time: 2.082542e-05
0: MPIL CopyToCPU NUMA-Aware Dissemination Time: 1.795158e-05
0: Testing Size 2
0: PMPI Allreduce Time: 1.670348e-05
0: MPIL GPU-Aware Recursive Doubling Time: 1.671441e-05
0: MPIL GPU-Aware Node-Aware Dissemination Time: 5.053635e-05
0: MPIL GPU-Aware NUMA-Aware Dissemination Time: 9.059713e-05
0: CopyToCPU PMPI Allreduce Time: 1.672761e-05
0: MPIL CopyToCPU Recursive Doubling Time: 1.885403e-05
0: MPIL CopyToCPU Node-Aware Dissemination Time: 2.056044e-05
0: MPIL CopyToCPU NUMA-Aware Dissemination Time: 1.868244e-05
0: Testing Size 4
0: PMPI Allreduce Time: 1.664616e-05
0: MPIL GPU-Aware Recursive Doubling Time: 1.668173e-05
0: MPIL GPU-Aware Node-Aware Dissemination Time: 5.040659e-05
0: MPIL GPU-Aware NUMA-Aware Dissemination Time: 9.005471e-05
0: CopyToCPU PMPI Allreduce Time: 1.657796e-05
0: MPIL CopyToCPU Recursive Doubling Time: 1.889577e-05
0: MPIL CopyToCPU Node-Aware Dissemination Time: 2.062236e-05
0: MPIL CopyToCPU NUMA-Aware Dissemination Time: 1.873941e-05
0: Testing Size 8
0: PMPI Allreduce Time: 1.681533e-05
0: MPIL GPU-Aware Recursive Doubling Time: 1.687918e-05
0: MPIL GPU-Aware Node-Aware Dissemination Time: 5.049941e-05
0: MPIL GPU-Aware NUMA-Aware Dissemination Time: 9.114411e-05
0: CopyToCPU PMPI Allreduce Time: 1.664702e-05
0: MPIL CopyToCPU Recursive Doubling Time: 1.914201e-05
0: MPIL CopyToCPU Node-Aware Dissemination Time: 2.096610e-05
0: MPIL CopyToCPU NUMA-Aware Dissemination Time: 1.906833e-05
0: Testing Size 16
0: PMPI Allreduce Time: 1.769723e-05
0: MPIL GPU-Aware Recursive Doubling Time: 1.767300e-05
0: MPIL GPU-Aware Node-Aware Dissemination Time: 5.117184e-05
0: MPIL GPU-Aware NUMA-Aware Dissemination Time: 9.359986e-05
0: CopyToCPU PMPI Allreduce Time: 1.757086e-05
0: MPIL CopyToCPU Recursive Doubling Time: 2.526488e-05
0: MPIL CopyToCPU Node-Aware Dissemination Time: 2.232396e-05
0: MPIL CopyToCPU NUMA-Aware Dissemination Time: 2.225324e-05
0: Testing Size 32
0: PMPI Allreduce Time: 2.906072e-05
0: MPIL GPU-Aware Recursive Doubling Time: 2.888527e-05
0: MPIL GPU-Aware Node-Aware Dissemination Time: 7.027673e-05
0: MPIL GPU-Aware NUMA-Aware Dissemination Time: 9.977817e-05
0: CopyToCPU PMPI Allreduce Time: 2.426517e-05
0: MPIL CopyToCPU Recursive Doubling Time: 3.105212e-05
0: MPIL CopyToCPU Node-Aware Dissemination Time: 2.642353e-05
0: MPIL CopyToCPU NUMA-Aware Dissemination Time: 3.267040e-05
0: Testing Size 64
0: PMPI Allreduce Time: 3.064472e-05
0: MPIL GPU-Aware Recursive Doubling Time: 3.063936e-05
0: MPIL GPU-Aware Node-Aware Dissemination Time: 7.365463e-05
0: MPIL GPU-Aware NUMA-Aware Dissemination Time: 1.006967e-04
0: CopyToCPU PMPI Allreduce Time: 3.041034e-05
0: MPIL CopyToCPU Recursive Doubling Time: 3.311594e-05
0: MPIL CopyToCPU Node-Aware Dissemination Time: 3.830825e-05
0: MPIL CopyToCPU NUMA-Aware Dissemination Time: 3.323752e-05
0: Testing Size 128
0: PMPI Allreduce Time: 3.464978e-05
0: MPIL GPU-Aware Recursive Doubling Time: 3.464557e-05
0: MPIL GPU-Aware Node-Aware Dissemination Time: 8.412535e-05
0: MPIL GPU-Aware NUMA-Aware Dissemination Time: 1.124748e-04
0: CopyToCPU PMPI Allreduce Time: 3.559930e-05
0: MPIL CopyToCPU Recursive Doubling Time: 4.026556e-05
0: MPIL CopyToCPU Node-Aware Dissemination Time: 4.760133e-05
0: MPIL CopyToCPU NUMA-Aware Dissemination Time: 3.656016e-05
0: Testing Size 256
0: PMPI Allreduce Time: 3.889329e-05
0: MPIL GPU-Aware Recursive Doubling Time: 3.879474e-05
0: MPIL GPU-Aware Node-Aware Dissemination Time: 9.118328e-05
0: MPIL GPU-Aware NUMA-Aware Dissemination Time: 1.183779e-04
0: CopyToCPU PMPI Allreduce Time: 4.344610e-05
0: MPIL CopyToCPU Recursive Doubling Time: 4.866465e-05
0: MPIL CopyToCPU Node-Aware Dissemination Time: 6.469345e-05
0: MPIL CopyToCPU NUMA-Aware Dissemination Time: 4.269097e-05
0: Testing Size 512
0: PMPI Allreduce Time: 4.687517e-05
0: MPIL GPU-Aware Recursive Doubling Time: 4.684324e-05
0: MPIL GPU-Aware Node-Aware Dissemination Time: 1.045727e-04
0: MPIL GPU-Aware NUMA-Aware Dissemination Time: 1.278013e-04
0: CopyToCPU PMPI Allreduce Time: 5.158959e-05
0: MPIL CopyToCPU Recursive Doubling Time: 5.720377e-05
0: MPIL CopyToCPU Node-Aware Dissemination Time: 7.683648e-05
0: MPIL CopyToCPU NUMA-Aware Dissemination Time: 5.196233e-05
0: Testing Size 1024
0: PMPI Allreduce Time: 8.480316e-05
0: MPIL GPU-Aware Recursive Doubling Time: 8.479109e-05
0: MPIL GPU-Aware Node-Aware Dissemination Time: 1.584890e-03
0: MPIL GPU-Aware NUMA-Aware Dissemination Time: 4.215370e-03
0: CopyToCPU PMPI Allreduce Time: 6.516495e-05
0: MPIL CopyToCPU Recursive Doubling Time: 7.131277e-05
0: MPIL CopyToCPU Node-Aware Dissemination Time: 1.032562e-04
0: MPIL CopyToCPU NUMA-Aware Dissemination Time: 6.993511e-05
0: Testing Size 2048
0: PMPI Allreduce Time: 1.703204e-04
0: MPIL GPU-Aware Recursive Doubling Time: 1.698119e-04
0: MPIL GPU-Aware Node-Aware Dissemination Time: 3.687907e-03
0: MPIL GPU-Aware NUMA-Aware Dissemination Time: 4.798577e-03
0: CopyToCPU PMPI Allreduce Time: 1.191785e-04
0: MPIL CopyToCPU Recursive Doubling Time: 1.070123e-04
0: MPIL CopyToCPU Node-Aware Dissemination Time: 1.631292e-04
0: MPIL CopyToCPU NUMA-Aware Dissemination Time: 1.085001e-04
0: Testing Size 4096
0: PMPI Allreduce Time: 1.646382e-04
0: MPIL GPU-Aware Recursive Doubling Time: 1.652762e-04
0: MPIL GPU-Aware Node-Aware Dissemination Time: 4.007348e-03
0: MPIL GPU-Aware NUMA-Aware Dissemination Time: 7.107218e-03
0: CopyToCPU PMPI Allreduce Time: 1.731741e-04
0: MPIL CopyToCPU Recursive Doubling Time: 1.833381e-04
0: MPIL CopyToCPU Node-Aware Dissemination Time: 2.524728e-04
0: MPIL CopyToCPU NUMA-Aware Dissemination Time: 1.872923e-04
0: Testing Size 8192
0: PMPI Allreduce Time: 1.686983e-04
0: MPIL GPU-Aware Recursive Doubling Time: 1.684627e-04
0: MPIL GPU-Aware Node-Aware Dissemination Time: 5.306508e-03
0: MPIL GPU-Aware NUMA-Aware Dissemination Time: 8.984857e-03
0: CopyToCPU PMPI Allreduce Time: 2.726829e-04
0: MPIL CopyToCPU Recursive Doubling Time: 3.060799e-04
0: MPIL CopyToCPU Node-Aware Dissemination Time: 4.080504e-04
0: MPIL CopyToCPU NUMA-Aware Dissemination Time: 3.183430e-04
0: Testing Size 16384
0: PMPI Allreduce Time: 1.742849e-04
0: MPIL GPU-Aware Recursive Doubling Time: 1.737808e-04
0: MPIL GPU-Aware Node-Aware Dissemination Time: 6.624676e-03
0: MPIL GPU-Aware NUMA-Aware Dissemination Time: 1.233853e-02
0: CopyToCPU PMPI Allreduce Time: 4.707785e-04
0: MPIL CopyToCPU Recursive Doubling Time: 5.513610e-04
0: MPIL CopyToCPU Node-Aware Dissemination Time: 7.136876e-04
0: MPIL CopyToCPU NUMA-Aware Dissemination Time: 5.754989e-04
0: Testing Size 32768
0: PMPI Allreduce Time: 1.954453e-04
0: MPIL GPU-Aware Recursive Doubling Time: 1.947934e-04
0: MPIL GPU-Aware Node-Aware Dissemination Time: 7.586975e-03
0: MPIL GPU-Aware NUMA-Aware Dissemination Time: 1.458893e-02
0: CopyToCPU PMPI Allreduce Time: 8.709904e-04
0: MPIL CopyToCPU Recursive Doubling Time: 1.025857e-03
0: MPIL CopyToCPU Node-Aware Dissemination Time: 1.335646e-03
0: MPIL CopyToCPU NUMA-Aware Dissemination Time: 1.068575e-03
0: Testing Size 65536
0: PMPI Allreduce Time: 2.279809e-04
0: MPIL GPU-Aware Recursive Doubling Time: 2.273335e-04
0: MPIL GPU-Aware Node-Aware Dissemination Time: 8.488125e-03
0: MPIL GPU-Aware NUMA-Aware Dissemination Time: 1.695306e-02
0: CopyToCPU PMPI Allreduce Time: 1.644202e-03
0: MPIL CopyToCPU Recursive Doubling Time: 1.905747e-03
0: MPIL CopyToCPU Node-Aware Dissemination Time: 2.466390e-03
0: MPIL CopyToCPU NUMA-Aware Dissemination Time: 2.038045e-03
0: Testing Size 131072
0: PMPI Allreduce Time: 2.774756e-04
0: MPIL GPU-Aware Recursive Doubling Time: 2.775523e-04
0: MPIL GPU-Aware Node-Aware Dissemination Time: 9.831192e-03
0: MPIL GPU-Aware NUMA-Aware Dissemination Time: 2.049283e-02
0: CopyToCPU PMPI Allreduce Time: 3.333075e-03
0: MPIL CopyToCPU Recursive Doubling Time: 3.396762e-03
0: MPIL CopyToCPU Node-Aware Dissemination Time: 4.845871e-03
0: MPIL CopyToCPU NUMA-Aware Dissemination Time: 3.882540e-03
0: Testing Size 262144
0: PMPI Allreduce Time: 3.262222e-04
0: MPIL GPU-Aware Recursive Doubling Time: 3.259723e-04
0: MPIL GPU-Aware Node-Aware Dissemination Time: 1.247764e-02
0: MPIL GPU-Aware NUMA-Aware Dissemination Time: 2.637302e-02
0: CopyToCPU PMPI Allreduce Time: 6.557108e-03
0: MPIL CopyToCPU Recursive Doubling Time: 6.701407e-03
0: MPIL CopyToCPU Node-Aware Dissemination Time: 9.217099e-03
0: MPIL CopyToCPU NUMA-Aware Dissemination Time: 7.332484e-03
0: Testing Size 524288
0: PMPI Allreduce Time: 4.233078e-04
0: MPIL GPU-Aware Recursive Doubling Time: 4.235475e-04
0: MPIL GPU-Aware Node-Aware Dissemination Time: 1.958857e-02
0: MPIL GPU-Aware NUMA-Aware Dissemination Time: 4.135862e-02
0: CopyToCPU PMPI Allreduce Time: 1.303313e-02
0: MPIL CopyToCPU Recursive Doubling Time: 1.337366e-02
0: MPIL CopyToCPU Node-Aware Dissemination Time: 1.800769e-02
0: MPIL CopyToCPU NUMA-Aware Dissemination Time: 1.446192e-02
