0: Testing Size 1
0: PMPI Allreduce Time: 1.667166e-05
0: MPIL GPU-Aware Recursive Doubling Time: 1.657584e-05
0: MPIL GPU-Aware Node-Aware Dissemination Time: 6.507007e-05
0: MPIL GPU-Aware NUMA-Aware Dissemination Time: 1.042920e-04
0: CopyToCPU PMPI Allreduce Time: 1.691248e-05
0: MPIL CopyToCPU Recursive Doubling Time: 1.718292e-05
0: MPIL CopyToCPU Node-Aware Dissemination Time: 2.365264e-05
0: MPIL CopyToCPU NUMA-Aware Dissemination Time: 1.753022e-05
0: Testing Size 2
0: PMPI Allreduce Time: 1.667916e-05
0: MPIL GPU-Aware Recursive Doubling Time: 1.669571e-05
0: MPIL GPU-Aware Node-Aware Dissemination Time: 6.600736e-05
0: MPIL GPU-Aware NUMA-Aware Dissemination Time: 1.045745e-04
0: CopyToCPU PMPI Allreduce Time: 1.692800e-05
0: MPIL CopyToCPU Recursive Doubling Time: 1.903769e-05
0: MPIL CopyToCPU Node-Aware Dissemination Time: 2.355128e-05
0: MPIL CopyToCPU NUMA-Aware Dissemination Time: 1.820426e-05
0: Testing Size 4
0: PMPI Allreduce Time: 1.683801e-05
0: MPIL GPU-Aware Recursive Doubling Time: 1.691393e-05
0: MPIL GPU-Aware Node-Aware Dissemination Time: 6.626076e-05
0: MPIL GPU-Aware NUMA-Aware Dissemination Time: 1.047847e-04
0: CopyToCPU PMPI Allreduce Time: 1.728781e-05
0: MPIL CopyToCPU Recursive Doubling Time: 1.928791e-05
0: MPIL CopyToCPU Node-Aware Dissemination Time: 2.365553e-05
0: MPIL CopyToCPU NUMA-Aware Dissemination Time: 1.838780e-05
0: Testing Size 8
0: PMPI Allreduce Time: 1.694266e-05
0: MPIL GPU-Aware Recursive Doubling Time: 1.685752e-05
0: MPIL GPU-Aware Node-Aware Dissemination Time: 6.526681e-05
0: MPIL GPU-Aware NUMA-Aware Dissemination Time: 1.056689e-04
0: CopyToCPU PMPI Allreduce Time: 1.681076e-05
0: MPIL CopyToCPU Recursive Doubling Time: 1.970471e-05
0: MPIL CopyToCPU Node-Aware Dissemination Time: 2.441335e-05
0: MPIL CopyToCPU NUMA-Aware Dissemination Time: 1.876210e-05
0: Testing Size 16
0: PMPI Allreduce Time: 1.830991e-05
0: MPIL GPU-Aware Recursive Doubling Time: 1.847319e-05
0: MPIL GPU-Aware Node-Aware Dissemination Time: 6.593872e-05
0: MPIL GPU-Aware NUMA-Aware Dissemination Time: 1.111064e-04
0: CopyToCPU PMPI Allreduce Time: 1.803957e-05
0: MPIL CopyToCPU Recursive Doubling Time: 2.567829e-05
0: MPIL CopyToCPU Node-Aware Dissemination Time: 2.543280e-05
0: MPIL CopyToCPU NUMA-Aware Dissemination Time: 2.220480e-05
0: Testing Size 32
0: PMPI Allreduce Time: 2.640828e-05
0: MPIL GPU-Aware Recursive Doubling Time: 2.640917e-05
0: MPIL GPU-Aware Node-Aware Dissemination Time: 8.851767e-05
0: MPIL GPU-Aware NUMA-Aware Dissemination Time: 1.155663e-04
0: CopyToCPU PMPI Allreduce Time: 2.185491e-05
0: MPIL CopyToCPU Recursive Doubling Time: 2.881935e-05
0: MPIL CopyToCPU Node-Aware Dissemination Time: 3.187998e-05
0: MPIL CopyToCPU NUMA-Aware Dissemination Time: 2.659940e-05
0: Testing Size 64
0: PMPI Allreduce Time: 2.817936e-05
0: MPIL GPU-Aware Recursive Doubling Time: 2.827174e-05
0: MPIL GPU-Aware Node-Aware Dissemination Time: 9.299917e-05
0: MPIL GPU-Aware NUMA-Aware Dissemination Time: 1.130969e-04
0: CopyToCPU PMPI Allreduce Time: 2.813933e-05
0: MPIL CopyToCPU Recursive Doubling Time: 3.117387e-05
0: MPIL CopyToCPU Node-Aware Dissemination Time: 4.589210e-05
0: MPIL CopyToCPU NUMA-Aware Dissemination Time: 2.799745e-05
0: Testing Size 128
0: PMPI Allreduce Time: 3.187161e-05
0: MPIL GPU-Aware Recursive Doubling Time: 3.186591e-05
0: MPIL GPU-Aware Node-Aware Dissemination Time: 1.091256e-04
0: MPIL GPU-Aware NUMA-Aware Dissemination Time: 1.255390e-04
0: CopyToCPU PMPI Allreduce Time: 3.208136e-05
0: MPIL CopyToCPU Recursive Doubling Time: 3.848857e-05
0: MPIL CopyToCPU Node-Aware Dissemination Time: 6.285377e-05
0: MPIL CopyToCPU NUMA-Aware Dissemination Time: 3.361817e-05
0: Testing Size 256
0: PMPI Allreduce Time: 3.666307e-05
0: MPIL GPU-Aware Recursive Doubling Time: 3.665853e-05
0: MPIL GPU-Aware Node-Aware Dissemination Time: 1.212327e-04
0: MPIL GPU-Aware NUMA-Aware Dissemination Time: 1.313456e-04
0: CopyToCPU PMPI Allreduce Time: 4.261391e-05
0: MPIL CopyToCPU Recursive Doubling Time: 4.850052e-05
0: MPIL CopyToCPU Node-Aware Dissemination Time: 8.500381e-05
0: MPIL CopyToCPU NUMA-Aware Dissemination Time: 4.109430e-05
0: Testing Size 512
0: PMPI Allreduce Time: 4.442106e-05
0: MPIL GPU-Aware Recursive Doubling Time: 4.443886e-05
0: MPIL GPU-Aware Node-Aware Dissemination Time: 1.401365e-04
0: MPIL GPU-Aware NUMA-Aware Dissemination Time: 1.388656e-04
0: CopyToCPU PMPI Allreduce Time: 4.807327e-05
0: MPIL CopyToCPU Recursive Doubling Time: 5.619211e-05
0: MPIL CopyToCPU Node-Aware Dissemination Time: 1.049862e-04
0: MPIL CopyToCPU NUMA-Aware Dissemination Time: 5.034861e-05
0: Testing Size 1024
0: PMPI Allreduce Time: 8.599225e-05
0: MPIL GPU-Aware Recursive Doubling Time: 8.579010e-05
0: MPIL GPU-Aware Node-Aware Dissemination Time: 2.773986e-03
0: MPIL GPU-Aware NUMA-Aware Dissemination Time: 5.095521e-03
0: CopyToCPU PMPI Allreduce Time: 6.449495e-05
0: MPIL CopyToCPU Recursive Doubling Time: 7.143797e-05
0: MPIL CopyToCPU Node-Aware Dissemination Time: 1.422898e-04
0: MPIL CopyToCPU NUMA-Aware Dissemination Time: 7.015434e-05
0: Testing Size 2048
0: PMPI Allreduce Time: 1.826656e-04
0: MPIL GPU-Aware Recursive Doubling Time: 1.810011e-04
0: MPIL GPU-Aware Node-Aware Dissemination Time: 4.673933e-03
0: MPIL GPU-Aware NUMA-Aware Dissemination Time: 5.660416e-03
0: CopyToCPU PMPI Allreduce Time: 1.158987e-04
0: MPIL CopyToCPU Recursive Doubling Time: 1.093189e-04
0: MPIL CopyToCPU Node-Aware Dissemination Time: 2.306622e-04
0: MPIL CopyToCPU NUMA-Aware Dissemination Time: 1.097870e-04
0: Testing Size 4096
0: PMPI Allreduce Time: 1.777578e-04
0: MPIL GPU-Aware Recursive Doubling Time: 1.773620e-04
0: MPIL GPU-Aware Node-Aware Dissemination Time: 5.986107e-03
0: MPIL GPU-Aware NUMA-Aware Dissemination Time: 9.189098e-03
0: CopyToCPU PMPI Allreduce Time: 1.699883e-04
0: MPIL CopyToCPU Recursive Doubling Time: 1.805441e-04
0: MPIL CopyToCPU Node-Aware Dissemination Time: 3.506747e-04
0: MPIL CopyToCPU NUMA-Aware Dissemination Time: 1.848665e-04
0: Testing Size 8192
0: PMPI Allreduce Time: 1.798440e-04
0: MPIL GPU-Aware Recursive Doubling Time: 1.790362e-04
0: MPIL GPU-Aware Node-Aware Dissemination Time: 6.961894e-03
0: MPIL GPU-Aware NUMA-Aware Dissemination Time: 1.219427e-02
0: CopyToCPU PMPI Allreduce Time: 2.856124e-04
0: MPIL CopyToCPU Recursive Doubling Time: 3.077534e-04
0: MPIL CopyToCPU Node-Aware Dissemination Time: 6.357951e-04
0: MPIL CopyToCPU NUMA-Aware Dissemination Time: 3.200665e-04
0: Testing Size 16384
0: PMPI Allreduce Time: 1.860242e-04
0: MPIL GPU-Aware Recursive Doubling Time: 1.865968e-04
0: MPIL GPU-Aware Node-Aware Dissemination Time: 8.869201e-03
0: MPIL GPU-Aware NUMA-Aware Dissemination Time: 1.437829e-02
0: CopyToCPU PMPI Allreduce Time: 4.729557e-04
0: MPIL CopyToCPU Recursive Doubling Time: 5.566456e-04
0: MPIL CopyToCPU Node-Aware Dissemination Time: 1.099268e-03
0: MPIL CopyToCPU NUMA-Aware Dissemination Time: 5.889255e-04
0: Testing Size 32768
0: PMPI Allreduce Time: 2.011375e-04
0: MPIL GPU-Aware Recursive Doubling Time: 2.017597e-04
0: MPIL GPU-Aware Node-Aware Dissemination Time: 1.024317e-02
0: MPIL GPU-Aware NUMA-Aware Dissemination Time: 1.750691e-02
0: CopyToCPU PMPI Allreduce Time: 8.581456e-04
0: MPIL CopyToCPU Recursive Doubling Time: 1.045602e-03
0: MPIL CopyToCPU Node-Aware Dissemination Time: 1.952835e-03
0: MPIL CopyToCPU NUMA-Aware Dissemination Time: 1.106486e-03
0: Testing Size 65536
0: PMPI Allreduce Time: 2.275013e-04
0: MPIL GPU-Aware Recursive Doubling Time: 2.268909e-04
0: MPIL GPU-Aware Node-Aware Dissemination Time: 1.119584e-02
0: MPIL GPU-Aware NUMA-Aware Dissemination Time: 2.160020e-02
0: CopyToCPU PMPI Allreduce Time: 1.636768e-03
0: MPIL CopyToCPU Recursive Doubling Time: 1.977802e-03
0: MPIL CopyToCPU Node-Aware Dissemination Time: 3.856018e-03
0: MPIL CopyToCPU NUMA-Aware Dissemination Time: 2.094674e-03
0: Testing Size 131072
0: PMPI Allreduce Time: 2.749157e-04
0: MPIL GPU-Aware Recursive Doubling Time: 2.738322e-04
0: MPIL GPU-Aware Node-Aware Dissemination Time: 1.309486e-02
0: MPIL GPU-Aware NUMA-Aware Dissemination Time: 2.539527e-02
0: CopyToCPU PMPI Allreduce Time: 3.322541e-03
0: MPIL CopyToCPU Recursive Doubling Time: 3.504247e-03
0: MPIL CopyToCPU Node-Aware Dissemination Time: 7.561007e-03
0: MPIL CopyToCPU NUMA-Aware Dissemination Time: 3.992202e-03
0: Testing Size 262144
0: PMPI Allreduce Time: 3.307948e-04
0: MPIL GPU-Aware Recursive Doubling Time: 3.298680e-04
0: MPIL GPU-Aware Node-Aware Dissemination Time: 1.668547e-02
0: MPIL GPU-Aware NUMA-Aware Dissemination Time: 3.163657e-02
0: CopyToCPU PMPI Allreduce Time: 6.752971e-03
0: MPIL CopyToCPU Recursive Doubling Time: 6.973808e-03
0: MPIL CopyToCPU Node-Aware Dissemination Time: 1.412242e-02
0: MPIL CopyToCPU NUMA-Aware Dissemination Time: 7.597079e-03
0: Testing Size 524288
0: PMPI Allreduce Time: 4.312366e-04
0: MPIL GPU-Aware Recursive Doubling Time: 4.314032e-04
0: MPIL GPU-Aware Node-Aware Dissemination Time: 2.627869e-02
0: MPIL GPU-Aware NUMA-Aware Dissemination Time: 4.636354e-02
0: CopyToCPU PMPI Allreduce Time: 1.297980e-02
0: MPIL CopyToCPU Recursive Doubling Time: 1.389846e-02
0: MPIL CopyToCPU Node-Aware Dissemination Time: 2.815658e-02
0: MPIL CopyToCPU NUMA-Aware Dissemination Time: 1.497175e-02
