Fatal error in PMPI_Gather: Invalid buffer pointer, error stack:
PMPI_Gather(929): MPI_Gather(sbuf=0x155509dec010, scount=6553600, MPI_FLOAT, rbuf=(nil), rcount=6553600, MPI_FLOAT, root=0, comm=0xc4000000) failed
PMPI_Gather(851): Null buffer pointer
[cli_0]: aborting job:
Fatal error in PMPI_Gather: Invalid buffer pointer, error stack:
PMPI_Gather(929): MPI_Gather(sbuf=0x155509dec010, scount=6553600, MPI_FLOAT, rbuf=(nil), rcount=6553600, MPI_FLOAT, root=0, comm=0xc4000000) failed
PMPI_Gather(851): Null buffer pointer
Fatal error in PMPI_Gather: Invalid buffer pointer, error stack:
PMPI_Gather(929): MPI_Gather(sbuf=0x155509dec010, scount=6553600, MPI_FLOAT, rbuf=(nil), rcount=6553600, MPI_FLOAT, root=0, comm=0xc4000000) failed
PMPI_Gather(851): Null buffer pointer
[cli_100]: aborting job:
Fatal error in PMPI_Gather: Invalid buffer pointer, error stack:
PMPI_Gather(929): MPI_Gather(sbuf=0x155509dec010, scount=6553600, MPI_FLOAT, rbuf=(nil), rcount=6553600, MPI_FLOAT, root=0, comm=0xc4000000) failed
PMPI_Gather(851): Null buffer pointer
Fatal error in PMPI_Gather: Invalid buffer pointer, error stack:
PMPI_Gather(929): MPI_Gather(sbuf=0x155509dec010, scount=6553600, MPI_FLOAT, rbuf=(nil), rcount=6553600, MPI_FLOAT, root=0, comm=0xc4000000) failed
PMPI_Gather(851): Null buffer pointer
[cli_200]: aborting job:
Fatal error in PMPI_Gather: Invalid buffer pointer, error stack:
PMPI_Gather(929): MPI_Gather(sbuf=0x155509dec010, scount=6553600, MPI_FLOAT, rbuf=(nil), rcount=6553600, MPI_FLOAT, root=0, comm=0xc4000000) failed
PMPI_Gather(851): Null buffer pointer
Fatal error in PMPI_Gather: Invalid buffer pointer, error stack:
PMPI_Gather(929): MPI_Gather(sbuf=0x155509dec010, scount=6553600, MPI_FLOAT, rbuf=(nil), rcount=6553600, MPI_FLOAT, root=0, comm=0xc4000000) failed
PMPI_Gather(851): Null buffer pointer
[cli_300]: aborting job:
Fatal error in PMPI_Gather: Invalid buffer pointer, error stack:
PMPI_Gather(929): MPI_Gather(sbuf=0x155509dec010, scount=6553600, MPI_FLOAT, rbuf=(nil), rcount=6553600, MPI_FLOAT, root=0, comm=0xc4000000) failed
PMPI_Gather(851): Null buffer pointer
slurmstepd: error: *** STEP 2373826.0 ON dane215 CANCELLED AT 2025-04-29T17:42:54 ***
slurmstepd: error: *** STEP 2373826.0 ON dane215 CANCELLED AT 2025-04-29T17:42:54 ***
srun: Job step aborted: Waiting up to 62 seconds for job step to finish.
srun: error: dane1167: tasks 300-399: Killed
srun: error: dane1134: tasks 200-299: Killed
srun: error: dane644: tasks 100-199: Killed
srun: error: dane215: tasks 0-99: Killed
Fatal error in PMPI_Gather: Invalid buffer pointer, error stack:
PMPI_Gather(929): MPI_Gather(sbuf=0x155509dec010, scount=6553600, MPI_FLOAT, rbuf=(nil), rcount=6553600, MPI_FLOAT, root=0, comm=0xc4000000) failed
PMPI_Gather(851): Null buffer pointer
[cli_0]: aborting job:
Fatal error in PMPI_Gather: Invalid buffer pointer, error stack:
PMPI_Gather(929): MPI_Gather(sbuf=0x155509dec010, scount=6553600, MPI_FLOAT, rbuf=(nil), rcount=6553600, MPI_FLOAT, root=0, comm=0xc4000000) failed
PMPI_Gather(851): Null buffer pointer
Fatal error in PMPI_Gather: Invalid buffer pointer, error stack:
PMPI_Gather(929): MPI_Gather(sbuf=0x155509dec010, scount=6553600, MPI_FLOAT, rbuf=(nil), rcount=6553600, MPI_FLOAT, root=0, comm=0xc4000000) failed
PMPI_Gather(851): Null buffer pointer
[cli_300]: aborting job:
Fatal error in PMPI_Gather: Invalid buffer pointer, error stack:
PMPI_Gather(929): MPI_Gather(sbuf=0x155509dec010, scount=6553600, MPI_FLOAT, rbuf=(nil), rcount=6553600, MPI_FLOAT, root=0, comm=0xc4000000) failed
PMPI_Gather(851): Null buffer pointer
Fatal error in PMPI_Gather: Invalid buffer pointer, error stack:
PMPI_Gather(929): MPI_Gather(sbuf=0x155509dec010, scount=6553600, MPI_FLOAT, rbuf=(nil), rcount=6553600, MPI_FLOAT, root=0, comm=0xc4000000) failed
PMPI_Gather(851): Null buffer pointer
[cli_200]: aborting job:
Fatal error in PMPI_Gather: Invalid buffer pointer, error stack:
PMPI_Gather(929): MPI_Gather(sbuf=0x155509dec010, scount=6553600, MPI_FLOAT, rbuf=(nil), rcount=6553600, MPI_FLOAT, root=0, comm=0xc4000000) failed
PMPI_Gather(851): Null buffer pointer
Fatal error in PMPI_Gather: Invalid buffer pointer, error stack:
PMPI_Gather(929): MPI_Gather(sbuf=0x155509dec010, scount=6553600, MPI_FLOAT, rbuf=(nil), rcount=6553600, MPI_FLOAT, root=0, comm=0xc4000000) failed
PMPI_Gather(851): Null buffer pointer
[cli_100]: aborting job:
Fatal error in PMPI_Gather: Invalid buffer pointer, error stack:
PMPI_Gather(929): MPI_Gather(sbuf=0x155509dec010, scount=6553600, MPI_FLOAT, rbuf=(nil), rcount=6553600, MPI_FLOAT, root=0, comm=0xc4000000) failed
PMPI_Gather(851): Null buffer pointer
slurmstepd: error: *** STEP 2373826.1 ON dane215 CANCELLED AT 2025-04-29T17:53:35 ***
srun: Job step aborted: Waiting up to 62 seconds for job step to finish.
srun: error: dane1167: tasks 300-399: Killed
srun: error: dane1134: tasks 200-299: Killed
srun: error: dane215: tasks 0-99: Killed
srun: error: dane644: tasks 100-199: Killed
Fatal error in PMPI_Gather: Invalid buffer pointer, error stack:
PMPI_Gather(929): MPI_Gather(sbuf=0x155509dec010, scount=6553600, MPI_FLOAT, rbuf=(nil), rcount=6553600, MPI_FLOAT, root=0, comm=0xc4000000) failed
PMPI_Gather(851): Null buffer pointer
[cli_0]: aborting job:
Fatal error in PMPI_Gather: Invalid buffer pointer, error stack:
PMPI_Gather(929): MPI_Gather(sbuf=0x155509dec010, scount=6553600, MPI_FLOAT, rbuf=(nil), rcount=6553600, MPI_FLOAT, root=0, comm=0xc4000000) failed
PMPI_Gather(851): Null buffer pointer
Fatal error in PMPI_Gather: Invalid buffer pointer, error stack:
PMPI_Gather(929): MPI_Gather(sbuf=0x155509dec010, scount=6553600, MPI_FLOAT, rbuf=(nil), rcount=6553600, MPI_FLOAT, root=0, comm=0xc4000000) failed
PMPI_Gather(851): Null buffer pointer
[cli_300]: aborting job:
Fatal error in PMPI_Gather: Invalid buffer pointer, error stack:
PMPI_Gather(929): MPI_Gather(sbuf=0x155509dec010, scount=6553600, MPI_FLOAT, rbuf=(nil), rcount=6553600, MPI_FLOAT, root=0, comm=0xc4000000) failed
PMPI_Gather(851): Null buffer pointer
Fatal error in PMPI_Gather: Invalid buffer pointer, error stack:
PMPI_Gather(929): MPI_Gather(sbuf=0x155509dec010, scount=6553600, MPI_FLOAT, rbuf=(nil), rcount=6553600, MPI_FLOAT, root=0, comm=0xc4000000) failed
PMPI_Gather(851): Null buffer pointer
[cli_200]: aborting job:
Fatal error in PMPI_Gather: Invalid buffer pointer, error stack:
PMPI_Gather(929): MPI_Gather(sbuf=0x155509dec010, scount=6553600, MPI_FLOAT, rbuf=(nil), rcount=6553600, MPI_FLOAT, root=0, comm=0xc4000000) failed
PMPI_Gather(851): Null buffer pointer
Fatal error in PMPI_Gather: Invalid buffer pointer, error stack:
PMPI_Gather(929): MPI_Gather(sbuf=0x15551069c010, scount=6553600, MPI_FLOAT, rbuf=(nil), rcount=6553600, MPI_FLOAT, root=0, comm=0xc4000000) failed
PMPI_Gather(851): Null buffer pointer
[cli_100]: aborting job:
Fatal error in PMPI_Gather: Invalid buffer pointer, error stack:
PMPI_Gather(929): MPI_Gather(sbuf=0x15551069c010, scount=6553600, MPI_FLOAT, rbuf=(nil), rcount=6553600, MPI_FLOAT, root=0, comm=0xc4000000) failed
PMPI_Gather(851): Null buffer pointer
slurmstepd: error: *** STEP 2373826.2 ON dane215 CANCELLED AT 2025-04-29T18:04:37 ***
slurmstepd: error: *** STEP 2373826.2 ON dane215 CANCELLED AT 2025-04-29T18:04:37 ***
srun: Job step aborted: Waiting up to 62 seconds for job step to finish.
srun: error: dane1167: tasks 300-399: Killed
srun: error: dane1134: tasks 200-299: Killed
srun: error: dane644: tasks 100-199: Killed
srun: error: dane215: tasks 0-99: Killed
