Test 1 Running Alltoall Benchmark on 8 nodes and 800 tasks
Size 1
PMPI: 1.375547e-04
Pairwise: 2.161964e-03
NonBlocking: 7.260893e-04
Pairwise Hierarchical: 5.821792e-04
Pairwise Node Aware: 2.775803e-04
Nonblocking Hierarchical: 5.290669e-04
Nonblocking Node Aware: 2.172801e-04
Pairwise Multileader, 4 leaders: 3.041654e-04
Pairwise Locality Aware, 4 leaders: 2.354903e-04
Pairwise Multileader Locality, 4 leaders: 2.247317e-04
Nonblocking Multileader, 4 leaders: 1.538970e-04
Nonblocking Locality Aware, 4 leaders: 1.077400e-04
Nonblocking Multileader Locality, 4 leaders: 1.788876e-04
Pairwise Multileader, 10 leaders: 4.056476e-04
Pairwise Locality Aware, 10 leaders: 4.893347e-04
Pairwise Multileader Locality, 10 leaders: 1.281277e-04
Nonblocking Multileader, 10 leaders: 1.149915e-04
Nonblocking Locality Aware, 10 leaders: 1.941169e-04
Nonblocking Multileader Locality, 10 leaders: 1.004777e-04
Pairwise Multileader, 20 leaders: 8.680020e-04
Pairwise Locality Aware, 20 leaders: 9.505851e-04
Pairwise Multileader Locality, 20 leaders: 1.267836e-04
Nonblocking Multileader, 20 leaders: 2.156525e-04
Nonblocking Locality Aware, 20 leaders: 2.492938e-02
Nonblocking Multileader Locality, 20 leaders: 9.047385e-05
Size 2
PMPI: 1.876481e-04
Pairwise: 2.002784e-03
NonBlocking: 7.307069e-04
Pairwise Hierarchical: 1.214906e-03
Pairwise Node Aware: 2.837756e-04
Nonblocking Hierarchical: 1.068736e-03
Nonblocking Node Aware: 2.163843e-04
Pairwise Multileader, 4 leaders: 4.088811e-04
Pairwise Locality Aware, 4 leaders: 2.635238e-04
Pairwise Multileader Locality, 4 leaders: 4.080689e-04
Nonblocking Multileader, 4 leaders: 2.655046e-04
Nonblocking Locality Aware, 4 leaders: 2.019725e-04
Nonblocking Multileader Locality, 4 leaders: 3.244474e-04
Pairwise Multileader, 10 leaders: 4.387305e-04
Pairwise Locality Aware, 10 leaders: 5.137763e-04
Pairwise Multileader Locality, 10 leaders: 1.707060e-04
Nonblocking Multileader, 10 leaders: 1.501778e-04
Nonblocking Locality Aware, 10 leaders: 3.145841e-04
Nonblocking Multileader Locality, 10 leaders: 1.371027e-04
Pairwise Multileader, 20 leaders: 9.125380e-04
Pairwise Locality Aware, 20 leaders: 8.731021e-04
Pairwise Multileader Locality, 20 leaders: 1.537782e-04
Nonblocking Multileader, 20 leaders: 9.332189e-04
Nonblocking Locality Aware, 20 leaders: 3.038296e-03
Nonblocking Multileader Locality, 20 leaders: 1.054462e-04
Size 4
PMPI: 3.180679e-04
Pairwise: 4.107098e-03
NonBlocking: 1.150980e-01
Pairwise Hierarchical: 1.929119e-03
Pairwise Node Aware: 3.949435e-04
Nonblocking Hierarchical: 1.710478e-03
Nonblocking Node Aware: 2.732098e-04
Pairwise Multileader, 4 leaders: 6.257736e-04
Pairwise Locality Aware, 4 leaders: 2.943736e-04
Pairwise Multileader Locality, 4 leaders: 6.187463e-04
Nonblocking Multileader, 4 leaders: 4.251048e-04
Nonblocking Locality Aware, 4 leaders: 2.207974e-04
Nonblocking Multileader Locality, 4 leaders: 5.105033e-04
Pairwise Multileader, 10 leaders: 5.919954e-04
Pairwise Locality Aware, 10 leaders: 5.642135e-04
Pairwise Multileader Locality, 10 leaders: 2.874079e-04
Nonblocking Multileader, 10 leaders: 2.796500e-04
Nonblocking Locality Aware, 10 leaders: 6.287818e-04
Nonblocking Multileader Locality, 10 leaders: 2.314977e-04
Pairwise Multileader, 20 leaders: 1.030694e-03
Pairwise Locality Aware, 20 leaders: 1.024863e-03
Pairwise Multileader Locality, 20 leaders: 1.959993e-04
Nonblocking Multileader, 20 leaders: 1.781090e-03
Nonblocking Locality Aware, 20 leaders: 8.644465e-02
Nonblocking Multileader Locality, 20 leaders: 1.470660e-04
Size 8
PMPI: 5.430142e-04
Pairwise: 4.156450e-03
NonBlocking: 1.153566e-01
Pairwise Hierarchical: 3.666974e-03
Pairwise Node Aware: 5.214275e-04
Nonblocking Hierarchical: 3.258011e-03
Nonblocking Node Aware: 4.667338e-04
Pairwise Multileader, 4 leaders: 1.095631e-03
Pairwise Locality Aware, 4 leaders: 3.490460e-04
Pairwise Multileader Locality, 4 leaders: 1.432619e-03
Nonblocking Multileader, 4 leaders: 8.025372e-04
Nonblocking Locality Aware, 4 leaders: 3.112029e-04
Nonblocking Multileader Locality, 4 leaders: 1.160926e-03
Pairwise Multileader, 10 leaders: 8.651036e-04
Pairwise Locality Aware, 10 leaders: 5.455136e-04
Pairwise Multileader Locality, 10 leaders: 5.256556e-04
Nonblocking Multileader, 10 leaders: 3.864221e-04
Nonblocking Locality Aware, 10 leaders: 3.092190e-03
Nonblocking Multileader Locality, 10 leaders: 4.502662e-04
Pairwise Multileader, 20 leaders: 1.089016e-03
Pairwise Locality Aware, 20 leaders: 9.865052e-04
Pairwise Multileader Locality, 20 leaders: 3.295422e-04
Nonblocking Multileader, 20 leaders: 1.699020e-03
Nonblocking Locality Aware, 20 leaders: 3.722295e-02
Nonblocking Multileader Locality, 20 leaders: 2.374015e-04
Size 16
PMPI: 1.001455e-03
Pairwise: 4.357787e-03
NonBlocking: 9.260580e-02
Pairwise Hierarchical: 8.513041e-03
Pairwise Node Aware: 7.017980e-04
Nonblocking Hierarchical: 7.507446e-03
Nonblocking Node Aware: 5.585254e-04
Pairwise Multileader, 4 leaders: 2.310880e-03
Pairwise Locality Aware, 4 leaders: 4.870361e-04
Pairwise Multileader Locality, 4 leaders: 2.888447e-03
Nonblocking Multileader, 4 leaders: 1.856430e-03
Nonblocking Locality Aware, 4 leaders: 4.179211e-04
Nonblocking Multileader Locality, 4 leaders: 2.398017e-03
Pairwise Multileader, 10 leaders: 1.315612e-03
Pairwise Locality Aware, 10 leaders: 6.683733e-04
Pairwise Multileader Locality, 10 leaders: 1.079742e-03
Nonblocking Multileader, 10 leaders: 7.740582e-04
Nonblocking Locality Aware, 10 leaders: 3.129437e-03
Nonblocking Multileader Locality, 10 leaders: 9.588717e-04
Pairwise Multileader, 20 leaders: 1.276213e-03
Pairwise Locality Aware, 20 leaders: 1.107833e-03
Pairwise Multileader Locality, 20 leaders: 6.661153e-04
Nonblocking Multileader, 20 leaders: 2.141149e-03
Nonblocking Locality Aware, 20 leaders: 2.217817e-02
Nonblocking Multileader Locality, 20 leaders: 5.664220e-04
Size 32
PMPI: 2.155550e-03
Pairwise: 4.342498e-03
NonBlocking: 1.155634e-01
Pairwise Hierarchical: 1.872683e-02
Pairwise Node Aware: 1.209662e-03
Nonblocking Hierarchical: 1.630433e-02
Nonblocking Node Aware: 1.081936e-03
Pairwise Multileader, 4 leaders: 5.820216e-03
Pairwise Locality Aware, 4 leaders: 8.187667e-04
Pairwise Multileader Locality, 4 leaders: 5.478334e-03
Nonblocking Multileader, 4 leaders: 4.436258e-03
Nonblocking Locality Aware, 4 leaders: 7.721508e-04
Nonblocking Multileader Locality, 4 leaders: 4.592588e-03
Pairwise Multileader, 10 leaders: 2.310436e-03
Pairwise Locality Aware, 10 leaders: 1.089272e-03
Pairwise Multileader Locality, 10 leaders: 2.309881e-03
Nonblocking Multileader, 10 leaders: 1.542562e-03
Nonblocking Locality Aware, 10 leaders: 8.880447e-04
Nonblocking Multileader Locality, 10 leaders: 1.932075e-03
Pairwise Multileader, 20 leaders: 1.952862e-03
Pairwise Locality Aware, 20 leaders: 1.284235e-03
Pairwise Multileader Locality, 20 leaders: 1.221284e-03
Nonblocking Multileader, 20 leaders: 1.774606e-03
Nonblocking Locality Aware, 20 leaders: 8.710515e-02
Nonblocking Multileader Locality, 20 leaders: 1.018615e-03
Size 64
PMPI: 3.424263e-03
Pairwise: 4.144221e-03
NonBlocking: 1.389390e-01
Pairwise Hierarchical: 3.938844e-02
Pairwise Node Aware: 2.028890e-03
Nonblocking Hierarchical: 3.279074e-02
Nonblocking Node Aware: 1.449450e-03
Pairwise Multileader, 4 leaders: 1.205387e-02
Pairwise Locality Aware, 4 leaders: 1.956623e-03
Pairwise Multileader Locality, 4 leaders: 1.007743e-02
Nonblocking Multileader, 4 leaders: 7.751318e-03
Nonblocking Locality Aware, 4 leaders: 2.017532e-03
Nonblocking Multileader Locality, 4 leaders: 8.358980e-03
Pairwise Multileader, 10 leaders: 4.804595e-03
Pairwise Locality Aware, 10 leaders: 1.694465e-03
Pairwise Multileader Locality, 10 leaders: 4.453640e-03
Nonblocking Multileader, 10 leaders: 3.328845e-03
Nonblocking Locality Aware, 10 leaders: 1.786976e-03
Nonblocking Multileader Locality, 10 leaders: 3.765776e-03
Pairwise Multileader, 20 leaders: 3.128529e-03
Pairwise Locality Aware, 20 leaders: 1.876595e-03
Pairwise Multileader Locality, 20 leaders: 2.660735e-03
Nonblocking Multileader, 20 leaders: 1.669609e-03
Nonblocking Locality Aware, 20 leaders: 8.743776e-02
Nonblocking Multileader Locality, 20 leaders: 2.184177e-03
Size 128
PMPI: 6.643504e-03
Pairwise: 5.571145e-03
NonBlocking: 1.167399e-01
Pairwise Hierarchical: 7.575440e-02
Pairwise Node Aware: 4.114686e-03
Nonblocking Hierarchical: 6.351751e-02
Nonblocking Node Aware: 3.025671e-03
Pairwise Multileader, 4 leaders: 2.452878e-02
Pairwise Locality Aware, 4 leaders: 3.111148e-03
Pairwise Multileader Locality, 4 leaders: 2.310312e-02
Nonblocking Multileader, 4 leaders: 1.519197e-02
Nonblocking Locality Aware, 4 leaders: 3.309011e-03
Nonblocking Multileader Locality, 4 leaders: 1.717245e-02
Pairwise Multileader, 10 leaders: 1.014576e-02
Pairwise Locality Aware, 10 leaders: 3.287826e-03
Pairwise Multileader Locality, 10 leaders: 9.559164e-03
Nonblocking Multileader, 10 leaders: 7.406706e-03
Nonblocking Locality Aware, 10 leaders: 3.955910e-03
Nonblocking Multileader Locality, 10 leaders: 8.344183e-03
Pairwise Multileader, 20 leaders: 5.725656e-03
Pairwise Locality Aware, 20 leaders: 3.135734e-03
Pairwise Multileader Locality, 20 leaders: 5.089975e-03
Nonblocking Multileader, 20 leaders: 3.423720e-03
Nonblocking Locality Aware, 20 leaders: 3.825056e-02
Nonblocking Multileader Locality, 20 leaders: 4.341241e-03
Size 256
PMPI: 1.228974e-02
Pairwise: 9.146970e-03
NonBlocking: 1.192429e-01
Pairwise Hierarchical: 1.425480e-01
Pairwise Node Aware: 6.144919e-03
Nonblocking Hierarchical: 1.232033e-01
Nonblocking Node Aware: 5.629922e-03
Pairwise Multileader, 4 leaders: 4.920186e-02
Pairwise Locality Aware, 4 leaders: 6.079716e-03
Pairwise Multileader Locality, 4 leaders: 5.118241e-02
Nonblocking Multileader, 4 leaders: 3.555731e-02
Nonblocking Locality Aware, 4 leaders: 4.898636e-03
Nonblocking Multileader Locality, 4 leaders: 4.013469e-02
Pairwise Multileader, 10 leaders: 2.719532e-02
Pairwise Locality Aware, 10 leaders: 6.392925e-03
Pairwise Multileader Locality, 10 leaders: 2.257741e-02
Nonblocking Multileader, 10 leaders: 1.756751e-02
Nonblocking Locality Aware, 10 leaders: 9.005653e-03
Nonblocking Multileader Locality, 10 leaders: 1.932430e-02
Pairwise Multileader, 20 leaders: 1.207182e-02
Pairwise Locality Aware, 20 leaders: 6.496883e-03
Pairwise Multileader Locality, 20 leaders: 1.090202e-02
Nonblocking Multileader, 20 leaders: 7.813808e-03
Nonblocking Locality Aware, 20 leaders: 8.764549e-03
Nonblocking Multileader Locality, 20 leaders: 9.138185e-03
Size 512
PMPI: 1.522098e-02
Pairwise: 1.418722e-02
NonBlocking: 1.178269e-01
Pairwise Hierarchical: 2.717369e-01
Pairwise Node Aware: 1.304950e-02
Nonblocking Hierarchical: 2.546055e-01
Nonblocking Node Aware: 1.143241e-02
Pairwise Multileader, 4 leaders: 9.212347e-02
Pairwise Locality Aware, 4 leaders: 1.357621e-02
Pairwise Multileader Locality, 4 leaders: 1.004756e-01
Nonblocking Multileader, 4 leaders: 6.765265e-02
Nonblocking Locality Aware, 4 leaders: 1.277568e-02
Nonblocking Multileader Locality, 4 leaders: 8.007690e-02
Pairwise Multileader, 10 leaders: 5.020823e-02
Pairwise Locality Aware, 10 leaders: 1.393692e-02
Pairwise Multileader Locality, 10 leaders: 4.895603e-02
Nonblocking Multileader, 10 leaders: 3.542708e-02
Nonblocking Locality Aware, 10 leaders: 1.261089e-02
Nonblocking Multileader Locality, 10 leaders: 4.136768e-02
Pairwise Multileader, 20 leaders: 2.628671e-02
Pairwise Locality Aware, 20 leaders: 1.323797e-02
Pairwise Multileader Locality, 20 leaders: 2.420895e-02
Nonblocking Multileader, 20 leaders: 1.649377e-02
Nonblocking Locality Aware, 20 leaders: 2.101197e-02
Nonblocking Multileader Locality, 20 leaders: 2.007749e-02
Size 1024
PMPI: 2.923484e-02
Pairwise: 2.631370e-02
NonBlocking: 1.099066e-01
Pairwise Hierarchical: 5.390998e-01
Pairwise Node Aware: 2.979435e-02
Nonblocking Hierarchical: 5.066787e-01
Nonblocking Node Aware: 2.521170e-02
Pairwise Multileader, 4 leaders: 1.701844e-01
Pairwise Locality Aware, 4 leaders: 2.685990e-02
Pairwise Multileader Locality, 4 leaders: 1.883206e-01
Nonblocking Multileader, 4 leaders: 1.282054e-01
Nonblocking Locality Aware, 4 leaders: 2.083976e-02
Nonblocking Multileader Locality, 4 leaders: 1.537469e-01
Pairwise Multileader, 10 leaders: 9.875577e-02
Pairwise Locality Aware, 10 leaders: 2.993699e-02
Pairwise Multileader Locality, 10 leaders: 1.002416e-01
Nonblocking Multileader, 10 leaders: 7.079748e-02
Nonblocking Locality Aware, 10 leaders: 2.869075e-02
Nonblocking Multileader Locality, 10 leaders: 8.528163e-02
Pairwise Multileader, 20 leaders: 5.936944e-02
Pairwise Locality Aware, 20 leaders: 3.138829e-02
Pairwise Multileader Locality, 20 leaders: 5.078973e-02
Nonblocking Multileader, 20 leaders: 3.701523e-02
Nonblocking Locality Aware, 20 leaders: 2.659195e-02
Nonblocking Multileader Locality, 20 leaders: 4.241991e-02
Size 2048
PMPI: 5.343701e-02
Pairwise: 5.239310e-02
NonBlocking: 1.101325e-01
Pairwise Hierarchical: 1.099483e+00
Pairwise Node Aware: 5.435726e-02
Nonblocking Hierarchical: 1.128677e+00
Nonblocking Node Aware: 4.443049e-02
Pairwise Multileader, 4 leaders: 3.128048e-01
Pairwise Locality Aware, 4 leaders: 5.405703e-02
Pairwise Multileader Locality, 4 leaders: 3.478201e-01
Nonblocking Multileader, 4 leaders: 2.421435e-01
Nonblocking Locality Aware, 4 leaders: 4.141616e-02
Nonblocking Multileader Locality, 4 leaders: 2.976295e-01
Pairwise Multileader, 10 leaders: 1.793847e-01
Pairwise Locality Aware, 10 leaders: 5.670287e-02
Pairwise Multileader Locality, 10 leaders: 1.952256e-01
Nonblocking Multileader, 10 leaders: 1.362938e-01
Nonblocking Locality Aware, 10 leaders: 4.203086e-02
Nonblocking Multileader Locality, 10 leaders: 1.671199e-01
Pairwise Multileader, 20 leaders: 1.195212e-01
Pairwise Locality Aware, 20 leaders: 5.809230e-02
Pairwise Multileader Locality, 20 leaders: 1.145829e-01
Nonblocking Multileader, 20 leaders: 8.174700e-02
Nonblocking Locality Aware, 20 leaders: 4.831040e-02
Nonblocking Multileader Locality, 20 leaders: 1.003459e-01
Size 4096
PMPI: 1.285362e-01
Pairwise: 1.112194e-01
NonBlocking: 1.725866e-01
Pairwise Hierarchical: 2.290457e+00
Pairwise Node Aware: 9.916759e-02
Nonblocking Hierarchical: 2.177929e+00
Nonblocking Node Aware: 9.002582e-02
Pairwise Multileader, 4 leaders: 6.168731e-01
Pairwise Locality Aware, 4 leaders: 1.069405e-01
Pairwise Multileader Locality, 4 leaders: 7.179065e-01
Nonblocking Multileader, 4 leaders: 5.344452e-01
Nonblocking Locality Aware, 4 leaders: 8.708700e-02
Nonblocking Multileader Locality, 4 leaders: 6.577190e-01
Pairwise Multileader, 10 leaders: 3.697131e-01
Pairwise Locality Aware, 10 leaders: 1.110821e-01
Pairwise Multileader Locality, 10 leaders: 4.111351e-01
Nonblocking Multileader, 10 leaders: 2.678741e-01
Nonblocking Locality Aware, 10 leaders: 8.338982e-02
Nonblocking Multileader Locality, 10 leaders: 3.339814e-01
Pairwise Multileader, 20 leaders: 2.176393e-01
Pairwise Locality Aware, 20 leaders: 1.148163e-01
Pairwise Multileader Locality, 20 leaders: 2.211782e-01
Nonblocking Multileader, 20 leaders: 1.579263e-01
Nonblocking Locality Aware, 20 leaders: 8.852816e-02
Nonblocking Multileader Locality, 20 leaders: 1.971804e-01
Size 8192
PMPI: 2.129191e-01
Pairwise: 2.118655e-01
NonBlocking: 1.886267e-01
Test 2 Running Alltoall Benchmark on 8 nodes and 800 tasks
Size 1
PMPI: 1.492398e-04
Pairwise: 2.496934e-03
NonBlocking: 7.427949e-04
Pairwise Hierarchical: 5.807557e-04
Pairwise Node Aware: 2.785059e-04
Nonblocking Hierarchical: 5.275122e-04
Nonblocking Node Aware: 2.192806e-04
Pairwise Multileader, 4 leaders: 3.080591e-04
Pairwise Locality Aware, 4 leaders: 2.360101e-04
Pairwise Multileader Locality, 4 leaders: 2.274679e-04
Nonblocking Multileader, 4 leaders: 1.578290e-04
Nonblocking Locality Aware, 4 leaders: 1.112757e-04
Nonblocking Multileader Locality, 4 leaders: 1.816057e-04
Pairwise Multileader, 10 leaders: 4.462485e-04
Pairwise Locality Aware, 10 leaders: 4.547325e-04
Pairwise Multileader Locality, 10 leaders: 1.312328e-04
Nonblocking Multileader, 10 leaders: 1.176809e-04
Nonblocking Locality Aware, 10 leaders: 2.386616e-04
Nonblocking Multileader Locality, 10 leaders: 9.997952e-05
Pairwise Multileader, 20 leaders: 7.989234e-04
Pairwise Locality Aware, 20 leaders: 9.166746e-04
Pairwise Multileader Locality, 20 leaders: 1.304480e-04
Nonblocking Multileader, 20 leaders: 1.765165e-04
Nonblocking Locality Aware, 20 leaders: 1.459904e-03
Nonblocking Multileader Locality, 20 leaders: 8.157516e-05
Size 2
PMPI: 1.919759e-04
Pairwise: 1.969727e-03
NonBlocking: 7.077524e-04
Pairwise Hierarchical: 1.225816e-03
Pairwise Node Aware: 2.787901e-04
Nonblocking Hierarchical: 1.065853e-03
Nonblocking Node Aware: 2.183824e-04
Pairwise Multileader, 4 leaders: 4.109633e-04
Pairwise Locality Aware, 4 leaders: 2.513852e-04
Pairwise Multileader Locality, 4 leaders: 3.970890e-04
Nonblocking Multileader, 4 leaders: 2.628123e-04
Nonblocking Locality Aware, 4 leaders: 1.167168e-04
Nonblocking Multileader Locality, 4 leaders: 3.076490e-04
Pairwise Multileader, 10 leaders: 4.886015e-04
Pairwise Locality Aware, 10 leaders: 5.276764e-04
Pairwise Multileader Locality, 10 leaders: 1.690112e-04
Nonblocking Multileader, 10 leaders: 1.487905e-04
Nonblocking Locality Aware, 10 leaders: 1.971999e-04
Nonblocking Multileader Locality, 10 leaders: 1.395213e-04
Pairwise Multileader, 20 leaders: 8.744362e-04
Pairwise Locality Aware, 20 leaders: 9.038492e-04
Pairwise Multileader Locality, 20 leaders: 1.529157e-04
Nonblocking Multileader, 20 leaders: 1.408318e-03
Nonblocking Locality Aware, 20 leaders: 6.757395e-03
Nonblocking Multileader Locality, 20 leaders: 1.067338e-04
Size 4
PMPI: 3.122771e-04
Pairwise: 4.353315e-03
NonBlocking: 9.235106e-02
Pairwise Hierarchical: 1.956134e-03
Pairwise Node Aware: 4.090327e-04
Nonblocking Hierarchical: 1.694139e-03
Nonblocking Node Aware: 2.599841e-04
Pairwise Multileader, 4 leaders: 6.266939e-04
Pairwise Locality Aware, 4 leaders: 2.906090e-04
Pairwise Multileader Locality, 4 leaders: 6.213225e-04
Nonblocking Multileader, 4 leaders: 4.327028e-04
Nonblocking Locality Aware, 4 leaders: 3.097954e-04
Nonblocking Multileader Locality, 4 leaders: 5.137810e-04
Pairwise Multileader, 10 leaders: 5.449424e-04
Pairwise Locality Aware, 10 leaders: 5.153092e-04
Pairwise Multileader Locality, 10 leaders: 2.896868e-04
Nonblocking Multileader, 10 leaders: 2.135682e-04
Nonblocking Locality Aware, 10 leaders: 2.749576e-04
Nonblocking Multileader Locality, 10 leaders: 2.363953e-04
Pairwise Multileader, 20 leaders: 1.007156e-03
Pairwise Locality Aware, 20 leaders: 8.438905e-04
Pairwise Multileader Locality, 20 leaders: 1.996803e-04
Nonblocking Multileader, 20 leaders: 1.436722e-03
Nonblocking Locality Aware, 20 leaders: 2.491148e-02
Nonblocking Multileader Locality, 20 leaders: 1.476690e-04
Size 8
PMPI: 5.485782e-04
Pairwise: 4.370843e-03
NonBlocking: 9.243151e-02
Pairwise Hierarchical: 3.720626e-03
Pairwise Node Aware: 5.278771e-04
Nonblocking Hierarchical: 3.332998e-03
Nonblocking Node Aware: 3.997153e-04
Pairwise Multileader, 4 leaders: 1.076402e-03
Pairwise Locality Aware, 4 leaders: 3.312352e-04
Pairwise Multileader Locality, 4 leaders: 1.426704e-03
Nonblocking Multileader, 4 leaders: 8.182970e-04
Nonblocking Locality Aware, 4 leaders: 2.752947e-04
Nonblocking Multileader Locality, 4 leaders: 1.153109e-03
Pairwise Multileader, 10 leaders: 7.964947e-04
Pairwise Locality Aware, 10 leaders: 4.993251e-04
Pairwise Multileader Locality, 10 leaders: 5.388260e-04
Nonblocking Multileader, 10 leaders: 3.933706e-04
Nonblocking Locality Aware, 10 leaders: 3.798766e-03
Nonblocking Multileader Locality, 10 leaders: 4.608496e-04
Pairwise Multileader, 20 leaders: 9.922902e-04
Pairwise Locality Aware, 20 leaders: 9.375398e-04
Pairwise Multileader Locality, 20 leaders: 3.313396e-04
Nonblocking Multileader, 20 leaders: 2.471782e-03
Nonblocking Locality Aware, 20 leaders: 7.420705e-02
Nonblocking Multileader Locality, 20 leaders: 2.459262e-04
Size 16
PMPI: 1.071065e-03
Pairwise: 4.332300e-03
NonBlocking: 1.380275e-01
Pairwise Hierarchical: 8.457314e-03
Pairwise Node Aware: 7.064560e-04
Nonblocking Hierarchical: 7.444567e-03
Nonblocking Node Aware: 5.499228e-04
Pairwise Multileader, 4 leaders: 2.358910e-03
Pairwise Locality Aware, 4 leaders: 4.966302e-04
Pairwise Multileader Locality, 4 leaders: 2.903742e-03
Nonblocking Multileader, 4 leaders: 1.860751e-03
Nonblocking Locality Aware, 4 leaders: 4.320913e-04
Nonblocking Multileader Locality, 4 leaders: 2.367226e-03
Pairwise Multileader, 10 leaders: 1.358401e-03
Pairwise Locality Aware, 10 leaders: 6.864155e-04
Pairwise Multileader Locality, 10 leaders: 1.074262e-03
Nonblocking Multileader, 10 leaders: 7.761685e-04
Nonblocking Locality Aware, 10 leaders: 5.089803e-04
Nonblocking Multileader Locality, 10 leaders: 9.507672e-04
Pairwise Multileader, 20 leaders: 1.292349e-03
Pairwise Locality Aware, 20 leaders: 1.020202e-03
Pairwise Multileader Locality, 20 leaders: 6.180847e-04
Nonblocking Multileader, 20 leaders: 3.416951e-03
Nonblocking Locality Aware, 20 leaders: 2.723961e-02
Nonblocking Multileader Locality, 20 leaders: 4.905910e-04
Size 32
PMPI: 2.016338e-03
Pairwise: 4.565328e-03
NonBlocking: 1.155560e-01
Pairwise Hierarchical: 1.874870e-02
Pairwise Node Aware: 1.142023e-03
Nonblocking Hierarchical: 1.613258e-02
Nonblocking Node Aware: 9.833464e-04
Pairwise Multileader, 4 leaders: 5.795012e-03
Pairwise Locality Aware, 4 leaders: 7.729393e-04
Pairwise Multileader Locality, 4 leaders: 5.503028e-03
Nonblocking Multileader, 4 leaders: 4.446762e-03
Nonblocking Locality Aware, 4 leaders: 6.578803e-04
Nonblocking Multileader Locality, 4 leaders: 4.592052e-03
Pairwise Multileader, 10 leaders: 2.369852e-03
Pairwise Locality Aware, 10 leaders: 1.157796e-03
Pairwise Multileader Locality, 10 leaders: 2.314762e-03
Nonblocking Multileader, 10 leaders: 1.553616e-03
Nonblocking Locality Aware, 10 leaders: 4.631649e-03
Nonblocking Multileader Locality, 10 leaders: 1.922223e-03
Pairwise Multileader, 20 leaders: 1.792910e-03
Pairwise Locality Aware, 20 leaders: 1.368631e-03
Pairwise Multileader Locality, 20 leaders: 1.199766e-03
Nonblocking Multileader, 20 leaders: 9.479616e-04
Nonblocking Locality Aware, 20 leaders: 6.203719e-02
Nonblocking Multileader Locality, 20 leaders: 1.056836e-03
Size 64
PMPI: 3.369257e-03
Pairwise: 4.185838e-03
NonBlocking: 1.156514e-01
Pairwise Hierarchical: 3.928918e-02
Pairwise Node Aware: 1.934604e-03
Nonblocking Hierarchical: 3.263681e-02
Nonblocking Node Aware: 1.402934e-03
Pairwise Multileader, 4 leaders: 1.198097e-02
Pairwise Locality Aware, 4 leaders: 1.626274e-03
Pairwise Multileader Locality, 4 leaders: 1.009827e-02
Nonblocking Multileader, 4 leaders: 7.836669e-03
Nonblocking Locality Aware, 4 leaders: 1.604555e-03
Nonblocking Multileader Locality, 4 leaders: 8.418336e-03
Pairwise Multileader, 10 leaders: 4.772433e-03
Pairwise Locality Aware, 10 leaders: 1.736841e-03
Pairwise Multileader Locality, 10 leaders: 4.474734e-03
Nonblocking Multileader, 10 leaders: 3.370005e-03
Nonblocking Locality Aware, 10 leaders: 1.944872e-03
Nonblocking Multileader Locality, 10 leaders: 3.790057e-03
Pairwise Multileader, 20 leaders: 3.020322e-03
Pairwise Locality Aware, 20 leaders: 1.904468e-03
Pairwise Multileader Locality, 20 leaders: 2.725476e-03
Nonblocking Multileader, 20 leaders: 1.627476e-03
Nonblocking Locality Aware, 20 leaders: 8.705865e-02
Nonblocking Multileader Locality, 20 leaders: 2.195367e-03
Size 128
PMPI: 6.538744e-03
Pairwise: 5.457260e-03
NonBlocking: 1.168202e-01
Pairwise Hierarchical: 7.675433e-02
Pairwise Node Aware: 4.022558e-03
Nonblocking Hierarchical: 6.386510e-02
Nonblocking Node Aware: 3.068529e-03
Pairwise Multileader, 4 leaders: 2.366100e-02
Pairwise Locality Aware, 4 leaders: 3.107997e-03
Pairwise Multileader Locality, 4 leaders: 2.260566e-02
Nonblocking Multileader, 4 leaders: 1.564095e-02
Nonblocking Locality Aware, 4 leaders: 3.465371e-03
Nonblocking Multileader Locality, 4 leaders: 1.737768e-02
Pairwise Multileader, 10 leaders: 1.036544e-02
Pairwise Locality Aware, 10 leaders: 3.008568e-03
Pairwise Multileader Locality, 10 leaders: 9.593723e-03
Nonblocking Multileader, 10 leaders: 7.493152e-03
Nonblocking Locality Aware, 10 leaders: 3.818021e-03
Nonblocking Multileader Locality, 10 leaders: 8.430674e-03
Pairwise Multileader, 20 leaders: 5.777538e-03
Pairwise Locality Aware, 20 leaders: 3.432078e-03
Pairwise Multileader Locality, 20 leaders: 5.163907e-03
Nonblocking Multileader, 20 leaders: 3.645061e-03
Nonblocking Locality Aware, 20 leaders: 7.641695e-02
Nonblocking Multileader Locality, 20 leaders: 4.384851e-03
Size 256
PMPI: 1.215941e-02
Pairwise: 9.085801e-03
NonBlocking: 1.180513e-01
Pairwise Hierarchical: 1.445735e-01
Pairwise Node Aware: 6.145995e-03
Nonblocking Hierarchical: 1.247488e-01
Nonblocking Node Aware: 5.731894e-03
Pairwise Multileader, 4 leaders: 4.987239e-02
Pairwise Locality Aware, 4 leaders: 6.542574e-03
Pairwise Multileader Locality, 4 leaders: 5.190492e-02
Nonblocking Multileader, 4 leaders: 3.619983e-02
Nonblocking Locality Aware, 4 leaders: 5.550339e-03
Nonblocking Multileader Locality, 4 leaders: 4.039311e-02
Pairwise Multileader, 10 leaders: 2.707173e-02
Pairwise Locality Aware, 10 leaders: 6.921778e-03
Pairwise Multileader Locality, 10 leaders: 2.283454e-02
Nonblocking Multileader, 10 leaders: 1.757865e-02
Nonblocking Locality Aware, 10 leaders: 9.285789e-03
Nonblocking Multileader Locality, 10 leaders: 1.930930e-02
Pairwise Multileader, 20 leaders: 1.299405e-02
Pairwise Locality Aware, 20 leaders: 7.181334e-03
Pairwise Multileader Locality, 20 leaders: 1.090062e-02
Nonblocking Multileader, 20 leaders: 7.856869e-03
Nonblocking Locality Aware, 20 leaders: 9.008498e-03
Nonblocking Multileader Locality, 20 leaders: 9.171398e-03
Size 512
PMPI: 1.461207e-02
Pairwise: 1.486784e-02
NonBlocking: 1.174333e-01
Pairwise Hierarchical: 2.726637e-01
Pairwise Node Aware: 1.396765e-02
Nonblocking Hierarchical: 2.478700e-01
Nonblocking Node Aware: 1.314397e-02
Pairwise Multileader, 4 leaders: 9.225115e-02
Pairwise Locality Aware, 4 leaders: 1.314140e-02
Pairwise Multileader Locality, 4 leaders: 9.996753e-02
Nonblocking Multileader, 4 leaders: 6.804921e-02
Nonblocking Locality Aware, 4 leaders: 1.174489e-02
Nonblocking Multileader Locality, 4 leaders: 7.983593e-02
Pairwise Multileader, 10 leaders: 5.043378e-02
Pairwise Locality Aware, 10 leaders: 1.471775e-02
Pairwise Multileader Locality, 10 leaders: 4.898639e-02
Nonblocking Multileader, 10 leaders: 3.546601e-02
Nonblocking Locality Aware, 10 leaders: 1.309374e-02
Nonblocking Multileader Locality, 10 leaders: 4.165339e-02
Pairwise Multileader, 20 leaders: 2.557379e-02
Pairwise Locality Aware, 20 leaders: 1.258540e-02
Pairwise Multileader Locality, 20 leaders: 2.427667e-02
Nonblocking Multileader, 20 leaders: 1.621427e-02
Nonblocking Locality Aware, 20 leaders: 1.412872e-02
Nonblocking Multileader Locality, 20 leaders: 2.048110e-02
Size 1024
PMPI: 3.237239e-02
Pairwise: 2.836733e-02
NonBlocking: 1.120548e-01
Pairwise Hierarchical: 5.256753e-01
Pairwise Node Aware: 2.828543e-02
Nonblocking Hierarchical: 5.060097e-01
Nonblocking Node Aware: 2.550762e-02
Pairwise Multileader, 4 leaders: 1.685085e-01
Pairwise Locality Aware, 4 leaders: 2.643500e-02
Pairwise Multileader Locality, 4 leaders: 1.883084e-01
Nonblocking Multileader, 4 leaders: 1.260337e-01
Nonblocking Locality Aware, 4 leaders: 2.040423e-02
Nonblocking Multileader Locality, 4 leaders: 1.518816e-01
Pairwise Multileader, 10 leaders: 1.019681e-01
Pairwise Locality Aware, 10 leaders: 2.916314e-02
Pairwise Multileader Locality, 10 leaders: 1.002229e-01
Nonblocking Multileader, 10 leaders: 7.094857e-02
Nonblocking Locality Aware, 10 leaders: 2.772868e-02
Nonblocking Multileader Locality, 10 leaders: 8.573496e-02
Pairwise Multileader, 20 leaders: 5.982535e-02
Pairwise Locality Aware, 20 leaders: 2.894355e-02
Pairwise Multileader Locality, 20 leaders: 5.103664e-02
Nonblocking Multileader, 20 leaders: 3.711807e-02
Nonblocking Locality Aware, 20 leaders: 3.045401e-02
Nonblocking Multileader Locality, 20 leaders: 4.274571e-02
Size 2048
PMPI: 5.701770e-02
Pairwise: 5.363888e-02
NonBlocking: 1.033076e-01
Pairwise Hierarchical: 1.134520e+00
Pairwise Node Aware: 5.287295e-02
Nonblocking Hierarchical: 1.040837e+00
Nonblocking Node Aware: 4.384165e-02
Pairwise Multileader, 4 leaders: 3.203080e-01
Pairwise Locality Aware, 4 leaders: 5.372680e-02
Pairwise Multileader Locality, 4 leaders: 3.478289e-01
Nonblocking Multileader, 4 leaders: 2.429852e-01
Nonblocking Locality Aware, 4 leaders: 4.150848e-02
Nonblocking Multileader Locality, 4 leaders: 2.973107e-01
Pairwise Multileader, 10 leaders: 1.805095e-01
Pairwise Locality Aware, 10 leaders: 5.554389e-02
Pairwise Multileader Locality, 10 leaders: 1.943748e-01
Nonblocking Multileader, 10 leaders: 1.362096e-01
Nonblocking Locality Aware, 10 leaders: 4.153618e-02
Nonblocking Multileader Locality, 10 leaders: 1.674153e-01
Pairwise Multileader, 20 leaders: 1.208826e-01
Pairwise Locality Aware, 20 leaders: 5.549845e-02
Pairwise Multileader Locality, 20 leaders: 1.151763e-01
Nonblocking Multileader, 20 leaders: 8.258327e-02
Nonblocking Locality Aware, 20 leaders: 8.210335e-02
Nonblocking Multileader Locality, 20 leaders: 1.008880e-01
Size 4096
PMPI: 1.266656e-01
Pairwise: 1.183358e-01
NonBlocking: 1.982224e-01
Pairwise Hierarchical: 2.268740e+00
Pairwise Node Aware: 1.012526e-01
Nonblocking Hierarchical: 2.247273e+00
Nonblocking Node Aware: 8.841036e-02
Pairwise Multileader, 4 leaders: 6.297691e-01
Pairwise Locality Aware, 4 leaders: 1.075279e-01
Pairwise Multileader Locality, 4 leaders: 7.191539e-01
Nonblocking Multileader, 4 leaders: 5.398008e-01
Nonblocking Locality Aware, 4 leaders: 8.625106e-02
Nonblocking Multileader Locality, 4 leaders: 6.469873e-01
Pairwise Multileader, 10 leaders: 3.702427e-01
Pairwise Locality Aware, 10 leaders: 1.113550e-01
Pairwise Multileader Locality, 10 leaders: 4.108912e-01
Nonblocking Multileader, 10 leaders: 2.697719e-01
Nonblocking Locality Aware, 10 leaders: 8.345668e-02
Nonblocking Multileader Locality, 10 leaders: 3.380908e-01
Pairwise Multileader, 20 leaders: 2.133646e-01
Pairwise Locality Aware, 20 leaders: 1.149017e-01
Pairwise Multileader Locality, 20 leaders: 2.209585e-01
Nonblocking Multileader, 20 leaders: 1.587540e-01
Nonblocking Locality Aware, 20 leaders: 8.781487e-02
Nonblocking Multileader Locality, 20 leaders: 1.956479e-01
Size 8192
PMPI: 2.124008e-01
Pairwise: 2.099761e-01
NonBlocking: 1.862799e-01
Test 3 Running Alltoall Benchmark on 8 nodes and 800 tasks
Size 1
PMPI: 1.477801e-04
Pairwise: 2.194420e-03
NonBlocking: 7.920313e-04
Pairwise Hierarchical: 5.796816e-04
Pairwise Node Aware: 2.762118e-04
Nonblocking Hierarchical: 5.312088e-04
Nonblocking Node Aware: 2.209129e-04
Pairwise Multileader, 4 leaders: 2.927292e-04
Pairwise Locality Aware, 4 leaders: 2.468040e-04
Pairwise Multileader Locality, 4 leaders: 2.272670e-04
Nonblocking Multileader, 4 leaders: 1.547999e-04
Nonblocking Locality Aware, 4 leaders: 1.344373e-04
Nonblocking Multileader Locality, 4 leaders: 1.809379e-04
Pairwise Multileader, 10 leaders: 5.005820e-04
Pairwise Locality Aware, 10 leaders: 4.054927e-04
Pairwise Multileader Locality, 10 leaders: 1.317261e-04
Nonblocking Multileader, 10 leaders: 1.183999e-04
Nonblocking Locality Aware, 10 leaders: 4.265306e-04
Nonblocking Multileader Locality, 10 leaders: 9.839831e-05
Pairwise Multileader, 20 leaders: 8.792295e-04
Pairwise Locality Aware, 20 leaders: 9.236341e-04
Pairwise Multileader Locality, 20 leaders: 1.319969e-04
Nonblocking Multileader, 20 leaders: 8.063022e-04
Nonblocking Locality Aware, 20 leaders: 8.393318e-03
Nonblocking Multileader Locality, 20 leaders: 8.268129e-05
Size 2
PMPI: 2.047297e-04
Pairwise: 1.947590e-03
NonBlocking: 7.184347e-04
Pairwise Hierarchical: 1.239307e-03
Pairwise Node Aware: 2.816645e-04
Nonblocking Hierarchical: 1.066945e-03
Nonblocking Node Aware: 2.196255e-04
Pairwise Multileader, 4 leaders: 4.070547e-04
Pairwise Locality Aware, 4 leaders: 2.628251e-04
Pairwise Multileader Locality, 4 leaders: 4.041255e-04
Nonblocking Multileader, 4 leaders: 2.662778e-04
Nonblocking Locality Aware, 4 leaders: 1.483283e-04
Nonblocking Multileader Locality, 4 leaders: 3.122518e-04
Pairwise Multileader, 10 leaders: 5.110966e-04
Pairwise Locality Aware, 10 leaders: 4.582182e-04
Pairwise Multileader Locality, 10 leaders: 1.691348e-04
Nonblocking Multileader, 10 leaders: 1.488479e-04
Nonblocking Locality Aware, 10 leaders: 2.419907e-04
Nonblocking Multileader Locality, 10 leaders: 1.335919e-04
Pairwise Multileader, 20 leaders: 8.569052e-04
Pairwise Locality Aware, 20 leaders: 1.020161e-03
Pairwise Multileader Locality, 20 leaders: 1.496035e-04
Nonblocking Multileader, 20 leaders: 1.002908e-03
Nonblocking Locality Aware, 20 leaders: 9.421435e-03
Nonblocking Multileader Locality, 20 leaders: 1.047893e-04
Size 4
PMPI: 3.243213e-04
Pairwise: 3.787413e-03
NonBlocking: 9.247596e-02
Pairwise Hierarchical: 1.949925e-03
Pairwise Node Aware: 4.088442e-04
Nonblocking Hierarchical: 1.700107e-03
Nonblocking Node Aware: 2.660587e-04
Pairwise Multileader, 4 leaders: 6.543826e-04
Pairwise Locality Aware, 4 leaders: 2.592227e-04
Pairwise Multileader Locality, 4 leaders: 6.297172e-04
Nonblocking Multileader, 4 leaders: 4.402374e-04
Nonblocking Locality Aware, 4 leaders: 2.081470e-04
Nonblocking Multileader Locality, 4 leaders: 5.156012e-04
Pairwise Multileader, 10 leaders: 5.622495e-04
Pairwise Locality Aware, 10 leaders: 5.615388e-04
Pairwise Multileader Locality, 10 leaders: 2.846300e-04
Nonblocking Multileader, 10 leaders: 2.162628e-04
Nonblocking Locality Aware, 10 leaders: 1.940571e-03
Nonblocking Multileader Locality, 10 leaders: 2.346959e-04
Pairwise Multileader, 20 leaders: 9.540176e-04
Pairwise Locality Aware, 20 leaders: 8.791999e-04
Pairwise Multileader Locality, 20 leaders: 2.169033e-04
Nonblocking Multileader, 20 leaders: 1.876236e-03
Nonblocking Locality Aware, 20 leaders: 7.418312e-02
Nonblocking Multileader Locality, 20 leaders: 1.680880e-04
Size 8
PMPI: 5.596472e-04
Pairwise: 5.141804e-03
NonBlocking: 9.933094e-02
Pairwise Hierarchical: 3.667884e-03
Pairwise Node Aware: 5.203605e-04
Nonblocking Hierarchical: 3.264166e-03
Nonblocking Node Aware: 4.103326e-04
Pairwise Multileader, 4 leaders: 1.101637e-03
Pairwise Locality Aware, 4 leaders: 3.468618e-04
Pairwise Multileader Locality, 4 leaders: 1.425339e-03
Nonblocking Multileader, 4 leaders: 8.220230e-04
Nonblocking Locality Aware, 4 leaders: 3.181076e-04
Nonblocking Multileader Locality, 4 leaders: 1.163444e-03
Pairwise Multileader, 10 leaders: 7.963796e-04
Pairwise Locality Aware, 10 leaders: 5.447226e-04
Pairwise Multileader Locality, 10 leaders: 5.308783e-04
Nonblocking Multileader, 10 leaders: 4.052424e-04
Nonblocking Locality Aware, 10 leaders: 5.352905e-03
Nonblocking Multileader Locality, 10 leaders: 4.689080e-04
Pairwise Multileader, 20 leaders: 1.042847e-03
Pairwise Locality Aware, 20 leaders: 9.625491e-04
Pairwise Multileader Locality, 20 leaders: 3.283090e-04
Nonblocking Multileader, 20 leaders: 2.797884e-03
Nonblocking Locality Aware, 20 leaders: 7.421682e-02
Nonblocking Multileader Locality, 20 leaders: 2.346514e-04
Size 16
PMPI: 1.024780e-03
Pairwise: 4.347438e-03
NonBlocking: 2.064343e-01
Pairwise Hierarchical: 8.502394e-03
Pairwise Node Aware: 7.126819e-04
Nonblocking Hierarchical: 7.512588e-03
Nonblocking Node Aware: 5.626395e-04
Pairwise Multileader, 4 leaders: 2.324853e-03
Pairwise Locality Aware, 4 leaders: 5.127892e-04
Pairwise Multileader Locality, 4 leaders: 2.887188e-03
Nonblocking Multileader, 4 leaders: 1.880462e-03
Nonblocking Locality Aware, 4 leaders: 4.585147e-04
Nonblocking Multileader Locality, 4 leaders: 2.370699e-03
Pairwise Multileader, 10 leaders: 1.376635e-03
Pairwise Locality Aware, 10 leaders: 7.266834e-04
Pairwise Multileader Locality, 10 leaders: 1.084248e-03
Nonblocking Multileader, 10 leaders: 7.865239e-04
Nonblocking Locality Aware, 10 leaders: 5.360104e-04
Nonblocking Multileader Locality, 10 leaders: 9.501798e-04
Pairwise Multileader, 20 leaders: 1.393506e-03
Pairwise Locality Aware, 20 leaders: 9.349970e-04
Pairwise Multileader Locality, 20 leaders: 6.400658e-04
Nonblocking Multileader, 20 leaders: 2.260918e-03
Nonblocking Locality Aware, 20 leaders: 2.507127e-02
Nonblocking Multileader Locality, 20 leaders: 4.821746e-04
Size 32
PMPI: 2.121056e-03
Pairwise: 4.669107e-03
NonBlocking: 1.155607e-01
Pairwise Hierarchical: 1.889243e-02
Pairwise Node Aware: 1.188675e-03
Nonblocking Hierarchical: 1.606555e-02
Nonblocking Node Aware: 1.056872e-03
Pairwise Multileader, 4 leaders: 5.842089e-03
Pairwise Locality Aware, 4 leaders: 7.653710e-04
Pairwise Multileader Locality, 4 leaders: 5.555374e-03
Nonblocking Multileader, 4 leaders: 4.459371e-03
Nonblocking Locality Aware, 4 leaders: 6.792830e-04
Nonblocking Multileader Locality, 4 leaders: 4.566882e-03
Pairwise Multileader, 10 leaders: 2.341633e-03
Pairwise Locality Aware, 10 leaders: 1.225468e-03
Pairwise Multileader Locality, 10 leaders: 2.290676e-03
Nonblocking Multileader, 10 leaders: 1.811763e-03
Nonblocking Locality Aware, 10 leaders: 6.691185e-03
Nonblocking Multileader Locality, 10 leaders: 1.924697e-03
Pairwise Multileader, 20 leaders: 2.023137e-03
Pairwise Locality Aware, 20 leaders: 1.445267e-03
Pairwise Multileader Locality, 20 leaders: 1.241506e-03
Nonblocking Multileader, 20 leaders: 1.342397e-03
Nonblocking Locality Aware, 20 leaders: 8.707204e-02
Nonblocking Multileader Locality, 20 leaders: 1.055961e-03
Size 64
PMPI: 3.187835e-03
Pairwise: 5.093679e-03
NonBlocking: 8.770372e-02
Pairwise Hierarchical: 3.964684e-02
Pairwise Node Aware: 2.099862e-03
Nonblocking Hierarchical: 3.272865e-02
Nonblocking Node Aware: 1.558563e-03
Pairwise Multileader, 4 leaders: 1.214015e-02
Pairwise Locality Aware, 4 leaders: 1.680084e-03
Pairwise Multileader Locality, 4 leaders: 1.017868e-02
Nonblocking Multileader, 4 leaders: 7.847127e-03
Nonblocking Locality Aware, 4 leaders: 1.750401e-03
Nonblocking Multileader Locality, 4 leaders: 8.392503e-03
Pairwise Multileader, 10 leaders: 4.850426e-03
Pairwise Locality Aware, 10 leaders: 1.806486e-03
Pairwise Multileader Locality, 10 leaders: 4.465930e-03
Nonblocking Multileader, 10 leaders: 3.347112e-03
Nonblocking Locality Aware, 10 leaders: 1.997752e-03
Nonblocking Multileader Locality, 10 leaders: 3.789435e-03
Pairwise Multileader, 20 leaders: 3.350553e-03
Pairwise Locality Aware, 20 leaders: 1.990781e-03
Pairwise Multileader Locality, 20 leaders: 2.694670e-03
Nonblocking Multileader, 20 leaders: 2.055874e-03
Nonblocking Locality Aware, 20 leaders: 8.775276e-02
Nonblocking Multileader Locality, 20 leaders: 2.168252e-03
Size 128
PMPI: 6.572366e-03
Pairwise: 5.709343e-03
NonBlocking: 1.174007e-01
Pairwise Hierarchical: 7.605832e-02
Pairwise Node Aware: 3.959975e-03
Nonblocking Hierarchical: 6.373779e-02
Nonblocking Node Aware: 3.002294e-03
Pairwise Multileader, 4 leaders: 2.409636e-02
Pairwise Locality Aware, 4 leaders: 3.255796e-03
Pairwise Multileader Locality, 4 leaders: 2.238020e-02
Nonblocking Multileader, 4 leaders: 1.542342e-02
Nonblocking Locality Aware, 4 leaders: 3.721325e-03
Nonblocking Multileader Locality, 4 leaders: 1.743688e-02
Pairwise Multileader, 10 leaders: 1.034468e-02
Pairwise Locality Aware, 10 leaders: 3.278595e-03
Pairwise Multileader Locality, 10 leaders: 9.629539e-03
Nonblocking Multileader, 10 leaders: 7.582757e-03
Nonblocking Locality Aware, 10 leaders: 4.296801e-03
Nonblocking Multileader Locality, 10 leaders: 8.368961e-03
Pairwise Multileader, 20 leaders: 6.226603e-03
Pairwise Locality Aware, 20 leaders: 4.076331e-03
Pairwise Multileader Locality, 20 leaders: 5.140092e-03
Nonblocking Multileader, 20 leaders: 4.061423e-03
Nonblocking Locality Aware, 20 leaders: 6.947770e-02
Nonblocking Multileader Locality, 20 leaders: 4.440517e-03
Size 256
PMPI: 1.217051e-02
Pairwise: 8.258636e-03
NonBlocking: 1.192107e-01
Pairwise Hierarchical: 1.443543e-01
Pairwise Node Aware: 5.980765e-03
Nonblocking Hierarchical: 1.247764e-01
Nonblocking Node Aware: 5.830111e-03
Pairwise Multileader, 4 leaders: 4.943323e-02
Pairwise Locality Aware, 4 leaders: 6.586367e-03
Pairwise Multileader Locality, 4 leaders: 5.176054e-02
Nonblocking Multileader, 4 leaders: 3.627339e-02
Nonblocking Locality Aware, 4 leaders: 5.669754e-03
Nonblocking Multileader Locality, 4 leaders: 4.169553e-02
Pairwise Multileader, 10 leaders: 2.746748e-02
Pairwise Locality Aware, 10 leaders: 7.174964e-03
Pairwise Multileader Locality, 10 leaders: 2.278787e-02
Nonblocking Multileader, 10 leaders: 1.759956e-02
Nonblocking Locality Aware, 10 leaders: 9.485242e-03
Nonblocking Multileader Locality, 10 leaders: 1.937620e-02
Pairwise Multileader, 20 leaders: 1.195068e-02
Pairwise Locality Aware, 20 leaders: 6.137245e-03
Pairwise Multileader Locality, 20 leaders: 1.086665e-02
Nonblocking Multileader, 20 leaders: 7.658081e-03
Nonblocking Locality Aware, 20 leaders: 6.514931e-03
Nonblocking Multileader Locality, 20 leaders: 9.141817e-03
Size 512
PMPI: 1.626067e-02
Pairwise: 1.522162e-02
NonBlocking: 1.409693e-01
Pairwise Hierarchical: 2.744532e-01
Pairwise Node Aware: 1.388373e-02
Nonblocking Hierarchical: 2.490677e-01
Nonblocking Node Aware: 1.311254e-02
Pairwise Multileader, 4 leaders: 9.230078e-02
Pairwise Locality Aware, 4 leaders: 1.321933e-02
Pairwise Multileader Locality, 4 leaders: 9.945343e-02
Nonblocking Multileader, 4 leaders: 6.799833e-02
Nonblocking Locality Aware, 4 leaders: 1.150679e-02
Nonblocking Multileader Locality, 4 leaders: 8.068939e-02
Pairwise Multileader, 10 leaders: 4.999152e-02
Pairwise Locality Aware, 10 leaders: 1.525930e-02
Pairwise Multileader Locality, 10 leaders: 4.928719e-02
Nonblocking Multileader, 10 leaders: 3.548051e-02
Nonblocking Locality Aware, 10 leaders: 1.294853e-02
Nonblocking Multileader Locality, 10 leaders: 4.144555e-02
Pairwise Multileader, 20 leaders: 2.681916e-02
Pairwise Locality Aware, 20 leaders: 1.446429e-02
Pairwise Multileader Locality, 20 leaders: 2.428100e-02
Nonblocking Multileader, 20 leaders: 1.795025e-02
Nonblocking Locality Aware, 20 leaders: 2.205703e-02
Nonblocking Multileader Locality, 20 leaders: 2.041725e-02
Size 1024
PMPI: 3.355808e-02
Pairwise: 2.909846e-02
NonBlocking: 1.278949e-01
Pairwise Hierarchical: 5.174485e-01
Pairwise Node Aware: 2.875355e-02
Nonblocking Hierarchical: 5.120982e-01
Nonblocking Node Aware: 2.486265e-02
Pairwise Multileader, 4 leaders: 1.672548e-01
Pairwise Locality Aware, 4 leaders: 2.644976e-02
Pairwise Multileader Locality, 4 leaders: 1.868681e-01
Nonblocking Multileader, 4 leaders: 1.247161e-01
Nonblocking Locality Aware, 4 leaders: 2.041426e-02
Nonblocking Multileader Locality, 4 leaders: 1.516575e-01
Pairwise Multileader, 10 leaders: 9.881455e-02
Pairwise Locality Aware, 10 leaders: 2.994245e-02
Pairwise Multileader Locality, 10 leaders: 1.004943e-01
Nonblocking Multileader, 10 leaders: 7.097379e-02
Nonblocking Locality Aware, 10 leaders: 2.806164e-02
Nonblocking Multileader Locality, 10 leaders: 8.498500e-02
Pairwise Multileader, 20 leaders: 6.079928e-02
Pairwise Locality Aware, 20 leaders: 2.826257e-02
Pairwise Multileader Locality, 20 leaders: 5.082309e-02
Nonblocking Multileader, 20 leaders: 3.704555e-02
Nonblocking Locality Aware, 20 leaders: 2.050756e-02
Nonblocking Multileader Locality, 20 leaders: 4.255623e-02
Size 2048
PMPI: 5.720381e-02
Pairwise: 5.367289e-02
NonBlocking: 1.180803e-01
Pairwise Hierarchical: 1.109206e+00
Pairwise Node Aware: 5.434365e-02
Nonblocking Hierarchical: 1.069900e+00
Nonblocking Node Aware: 4.483324e-02
Pairwise Multileader, 4 leaders: 3.213961e-01
Pairwise Locality Aware, 4 leaders: 5.333515e-02
Pairwise Multileader Locality, 4 leaders: 3.526799e-01
Nonblocking Multileader, 4 leaders: 2.462943e-01
Nonblocking Locality Aware, 4 leaders: 4.137375e-02
Nonblocking Multileader Locality, 4 leaders: 3.025101e-01
Pairwise Multileader, 10 leaders: 1.813246e-01
Pairwise Locality Aware, 10 leaders: 5.680679e-02
Pairwise Multileader Locality, 10 leaders: 1.960345e-01
Nonblocking Multileader, 10 leaders: 1.363682e-01
Nonblocking Locality Aware, 10 leaders: 4.210551e-02
Nonblocking Multileader Locality, 10 leaders: 1.660318e-01
Pairwise Multileader, 20 leaders: 1.215442e-01
Pairwise Locality Aware, 20 leaders: 5.646568e-02
Pairwise Multileader Locality, 20 leaders: 1.136245e-01
Nonblocking Multileader, 20 leaders: 8.225958e-02
Nonblocking Locality Aware, 20 leaders: 4.891001e-02
Nonblocking Multileader Locality, 20 leaders: 9.939373e-02
Size 4096
PMPI: 1.246555e-01
Pairwise: 1.101897e-01
NonBlocking: 1.930862e-01
Pairwise Hierarchical: 2.322394e+00
Pairwise Node Aware: 9.967997e-02
Nonblocking Hierarchical: 2.157958e+00
Nonblocking Node Aware: 9.009715e-02
Pairwise Multileader, 4 leaders: 6.192988e-01
Pairwise Locality Aware, 4 leaders: 1.068027e-01
Pairwise Multileader Locality, 4 leaders: 7.216600e-01
Nonblocking Multileader, 4 leaders: 5.297334e-01
Nonblocking Locality Aware, 4 leaders: 8.845027e-02
Nonblocking Multileader Locality, 4 leaders: 6.742049e-01
Pairwise Multileader, 10 leaders: 3.686591e-01
Pairwise Locality Aware, 10 leaders: 1.108920e-01
Pairwise Multileader Locality, 10 leaders: 4.092572e-01
Nonblocking Multileader, 10 leaders: 2.689090e-01
Nonblocking Locality Aware, 10 leaders: 8.303398e-02
Nonblocking Multileader Locality, 10 leaders: 3.347091e-01
Pairwise Multileader, 20 leaders: 2.126807e-01
Pairwise Locality Aware, 20 leaders: 1.155037e-01
Pairwise Multileader Locality, 20 leaders: 2.192201e-01
Nonblocking Multileader, 20 leaders: 1.602539e-01
Nonblocking Locality Aware, 20 leaders: 8.820519e-02
Nonblocking Multileader Locality, 20 leaders: 1.936453e-01
Size 8192
PMPI: 1.983414e-01
Pairwise: 2.089195e-01
NonBlocking: 1.842646e-01
