Fatal error in PMPI_Gather: Invalid buffer pointer, error stack:
PMPI_Gather(929): MPI_Gather(sbuf=0x1555007e1010, scount=6553600, MPI_FLOAT, rbuf=(nil), rcount=6553600, MPI_FLOAT, root=0, comm=0xc4000000) failed
PMPI_Gather(851): Null buffer pointer
[cli_1000]: aborting job:
Fatal error in PMPI_Gather: Invalid buffer pointer, error stack:
PMPI_Gather(929): MPI_Gather(sbuf=0x1555007e1010, scount=6553600, MPI_FLOAT, rbuf=(nil), rcount=6553600, MPI_FLOAT, root=0, comm=0xc4000000) failed
PMPI_Gather(851): Null buffer pointer
Fatal error in PMPI_Gather: Invalid buffer pointer, error stack:
PMPI_Gather(929): MPI_Gather(sbuf=0x1555007e1010, scount=6553600, MPI_FLOAT, rbuf=(nil), rcount=6553600, MPI_FLOAT, root=0, comm=0xc4000000) failed
PMPI_Gather(851): Null buffer pointer
[cli_1300]: aborting job:
Fatal error in PMPI_Gather: Invalid buffer pointer, error stack:
PMPI_Gather(929): MPI_Gather(sbuf=0x1555007e1010, scount=6553600, MPI_FLOAT, rbuf=(nil), rcount=6553600, MPI_FLOAT, root=0, comm=0xc4000000) failed
PMPI_Gather(851): Null buffer pointer
Fatal error in PMPI_Gather: Invalid buffer pointer, error stack:
PMPI_Gather(929): MPI_Gather(sbuf=0x1555007e1010, scount=6553600, MPI_FLOAT, rbuf=(nil), rcount=6553600, MPI_FLOAT, root=0, comm=0xc4000000) failed
PMPI_Gather(851): Null buffer pointer
[cli_0]: aborting job:
Fatal error in PMPI_Gather: Invalid buffer pointer, error stack:
PMPI_Gather(929): MPI_Gather(sbuf=0x1555007e1010, scount=6553600, MPI_FLOAT, rbuf=(nil), rcount=6553600, MPI_FLOAT, root=0, comm=0xc4000000) failed
PMPI_Gather(851): Null buffer pointer
Fatal error in PMPI_Gather: Invalid buffer pointer, error stack:
PMPI_Gather(929): MPI_Gather(sbuf=0x1555007e1010, scount=6553600, MPI_FLOAT, rbuf=(nil), rcount=6553600, MPI_FLOAT, root=0, comm=0xc4000000) failed
PMPI_Gather(851): Null buffer pointer
[cli_300]: aborting job:
Fatal error in PMPI_Gather: Invalid buffer pointer, error stack:
PMPI_Gather(929): MPI_Gather(sbuf=0x1555007e1010, scount=6553600, MPI_FLOAT, rbuf=(nil), rcount=6553600, MPI_FLOAT, root=0, comm=0xc4000000) failed
PMPI_Gather(851): Null buffer pointer
Fatal error in PMPI_Gather: Invalid buffer pointer, error stack:
PMPI_Gather(929): MPI_Gather(sbuf=0x1555007e1010, scount=6553600, MPI_FLOAT, rbuf=(nil), rcount=6553600, MPI_FLOAT, root=0, comm=0xc4000000) failed
PMPI_Gather(851): Null buffer pointer
[cli_1200]: aborting job:
Fatal error in PMPI_Gather: Invalid buffer pointer, error stack:
PMPI_Gather(929): MPI_Gather(sbuf=0x1555007e1010, scount=6553600, MPI_FLOAT, rbuf=(nil), rcount=6553600, MPI_FLOAT, root=0, comm=0xc4000000) failed
PMPI_Gather(851): Null buffer pointer
Fatal error in PMPI_Gather: Invalid buffer pointer, error stack:
PMPI_Gather(929): MPI_Gather(sbuf=0x1555007e1010, scount=6553600, MPI_FLOAT, rbuf=(nil), rcount=6553600, MPI_FLOAT, root=0, comm=0xc4000000) failed
PMPI_Gather(851): Null buffer pointer
[cli_900]: aborting job:
Fatal error in PMPI_Gather: Invalid buffer pointer, error stack:
PMPI_Gather(929): MPI_Gather(sbuf=0x1555007e1010, scount=6553600, MPI_FLOAT, rbuf=(nil), rcount=6553600, MPI_FLOAT, root=0, comm=0xc4000000) failed
PMPI_Gather(851): Null buffer pointer
Fatal error in PMPI_Gather: Invalid buffer pointer, error stack:
PMPI_Gather(929): MPI_Gather(sbuf=0x1555007e1010, scount=6553600, MPI_FLOAT, rbuf=(nil), rcount=6553600, MPI_FLOAT, root=0, comm=0xc4000000) failed
PMPI_Gather(851): Null buffer pointer
[cli_600]: aborting job:
Fatal error in PMPI_Gather: Invalid buffer pointer, error stack:
PMPI_Gather(929): MPI_Gather(sbuf=0x1555007e1010, scount=6553600, MPI_FLOAT, rbuf=(nil), rcount=6553600, MPI_FLOAT, root=0, comm=0xc4000000) failed
PMPI_Gather(851): Null buffer pointer
Fatal error in PMPI_Gather: Invalid buffer pointer, error stack:
PMPI_Gather(929): MPI_Gather(sbuf=0x1555007e1010, scount=6553600, MPI_FLOAT, rbuf=(nil), rcount=6553600, MPI_FLOAT, root=0, comm=0xc4000000) failed
PMPI_Gather(851): Null buffer pointer
[cli_800]: aborting job:
Fatal error in PMPI_Gather: Invalid buffer pointer, error stack:
PMPI_Gather(929): MPI_Gather(sbuf=0x1555007e1010, scount=6553600, MPI_FLOAT, rbuf=(nil), rcount=6553600, MPI_FLOAT, root=0, comm=0xc4000000) failed
PMPI_Gather(851): Null buffer pointer
Fatal error in PMPI_Gather: Invalid buffer pointer, error stack:
PMPI_Gather(929): MPI_Gather(sbuf=0x1555007e1010, scount=6553600, MPI_FLOAT, rbuf=(nil), rcount=6553600, MPI_FLOAT, root=0, comm=0xc4000000) failed
PMPI_Gather(851): Null buffer pointer
[cli_400]: aborting job:
Fatal error in PMPI_Gather: Invalid buffer pointer, error stack:
PMPI_Gather(929): MPI_Gather(sbuf=0x1555007e1010, scount=6553600, MPI_FLOAT, rbuf=(nil), rcount=6553600, MPI_FLOAT, root=0, comm=0xc4000000) failed
PMPI_Gather(851): Null buffer pointer
Fatal error in PMPI_Gather: Invalid buffer pointer, error stack:
PMPI_Gather(929): MPI_Gather(sbuf=0x1555007e1010, scount=6553600, MPI_FLOAT, rbuf=(nil), rcount=6553600, MPI_FLOAT, root=0, comm=0xc4000000) failed
PMPI_Gather(851): Null buffer pointer
[cli_100]: aborting job:
Fatal error in PMPI_Gather: Invalid buffer pointer, error stack:
PMPI_Gather(929): MPI_Gather(sbuf=0x1555007e1010, scount=6553600, MPI_FLOAT, rbuf=(nil), rcount=6553600, MPI_FLOAT, root=0, comm=0xc4000000) failed
PMPI_Gather(851): Null buffer pointer
Fatal error in PMPI_Gather: Invalid buffer pointer, error stack:
PMPI_Gather(929): MPI_Gather(sbuf=0x1555007e1010, scount=6553600, MPI_FLOAT, rbuf=(nil), rcount=6553600, MPI_FLOAT, root=0, comm=0xc4000000) failed
PMPI_Gather(851): Null buffer pointer
[cli_700]: aborting job:
Fatal error in PMPI_Gather: Invalid buffer pointer, error stack:
PMPI_Gather(929): MPI_Gather(sbuf=0x1555007e1010, scount=6553600, MPI_FLOAT, rbuf=(nil), rcount=6553600, MPI_FLOAT, root=0, comm=0xc4000000) failed
PMPI_Gather(851): Null buffer pointer
Fatal error in PMPI_Gather: Invalid buffer pointer, error stack:
PMPI_Gather(929): MPI_Gather(sbuf=0x1555007e1010, scount=6553600, MPI_FLOAT, rbuf=(nil), rcount=6553600, MPI_FLOAT, root=0, comm=0xc4000000) failed
PMPI_Gather(851): Null buffer pointer
[cli_500]: aborting job:
Fatal error in PMPI_Gather: Invalid buffer pointer, error stack:
PMPI_Gather(929): MPI_Gather(sbuf=0x1555007e1010, scount=6553600, MPI_FLOAT, rbuf=(nil), rcount=6553600, MPI_FLOAT, root=0, comm=0xc4000000) failed
PMPI_Gather(851): Null buffer pointer
Fatal error in PMPI_Gather: Invalid buffer pointer, error stack:
PMPI_Gather(929): MPI_Gather(sbuf=0x1555007e1010, scount=6553600, MPI_FLOAT, rbuf=(nil), rcount=6553600, MPI_FLOAT, root=0, comm=0xc4000000) failed
PMPI_Gather(851): Null buffer pointer
[cli_1100]: aborting job:
Fatal error in PMPI_Gather: Invalid buffer pointer, error stack:
PMPI_Gather(929): MPI_Gather(sbuf=0x1555007e1010, scount=6553600, MPI_FLOAT, rbuf=(nil), rcount=6553600, MPI_FLOAT, root=0, comm=0xc4000000) failed
PMPI_Gather(851): Null buffer pointer
Fatal error in PMPI_Gather: Invalid buffer pointer, error stack:
PMPI_Gather(929): MPI_Gather(sbuf=0x1555007e1010, scount=6553600, MPI_FLOAT, rbuf=(nil), rcount=6553600, MPI_FLOAT, root=0, comm=0xc4000000) failed
PMPI_Gather(851): Null buffer pointer
[cli_200]: aborting job:
Fatal error in PMPI_Gather: Invalid buffer pointer, error stack:
PMPI_Gather(929): MPI_Gather(sbuf=0x1555007e1010, scount=6553600, MPI_FLOAT, rbuf=(nil), rcount=6553600, MPI_FLOAT, root=0, comm=0xc4000000) failed
PMPI_Gather(851): Null buffer pointer
Fatal error in PMPI_Gather: Invalid buffer pointer, error stack:
PMPI_Gather(929): MPI_Gather(sbuf=0x1555007e1010, scount=6553600, MPI_FLOAT, rbuf=(nil), rcount=6553600, MPI_FLOAT, root=0, comm=0xc4000000) failed
PMPI_Gather(851): Null buffer pointer
[cli_1500]: aborting job:
Fatal error in PMPI_Gather: Invalid buffer pointer, error stack:
PMPI_Gather(929): MPI_Gather(sbuf=0x1555007e1010, scount=6553600, MPI_FLOAT, rbuf=(nil), rcount=6553600, MPI_FLOAT, root=0, comm=0xc4000000) failed
PMPI_Gather(851): Null buffer pointer
Fatal error in PMPI_Gather: Invalid buffer pointer, error stack:
PMPI_Gather(929): MPI_Gather(sbuf=0x1555007e1010, scount=6553600, MPI_FLOAT, rbuf=(nil), rcount=6553600, MPI_FLOAT, root=0, comm=0xc4000000) failed
PMPI_Gather(851): Null buffer pointer
[cli_1400]: aborting job:
Fatal error in PMPI_Gather: Invalid buffer pointer, error stack:
PMPI_Gather(929): MPI_Gather(sbuf=0x1555007e1010, scount=6553600, MPI_FLOAT, rbuf=(nil), rcount=6553600, MPI_FLOAT, root=0, comm=0xc4000000) failed
PMPI_Gather(851): Null buffer pointer
slurmstepd: error: *** STEP 2373828.0 ON dane369 CANCELLED AT 2025-04-29T18:36:02 ***
srun: Job step aborted: Waiting up to 62 seconds for job step to finish.
srun: error: dane369: task 5: Killed
srun: error: dane896: tasks 1300-1399: Killed
srun: error: dane862: tasks 1100-1199: Killed
srun: error: dane890: tasks 1200-1299: Killed
srun: error: dane1033: tasks 1400-1499: Killed
srun: error: dane1061: tasks 1500-1599: Killed
srun: error: dane830: tasks 1000-1099: Killed
srun: error: dane825: tasks 900-999: Killed
srun: error: dane525: tasks 300-399: Killed
srun: error: dane726: tasks 700-799: Killed
srun: error: dane535: tasks 400-499: Killed
srun: error: dane775: tasks 800-899: Killed
srun: error: dane605: tasks 500-599: Killed
srun: error: dane668: tasks 600-699: Killed
srun: error: dane375: tasks 100-199: Killed
srun: error: dane504: tasks 200-299: Killed
srun: error: dane369: tasks 0-4,6-99: Killed
Fatal error in PMPI_Gather: Invalid buffer pointer, error stack:
PMPI_Gather(929): MPI_Gather(sbuf=0x1555007e1010, scount=6553600, MPI_FLOAT, rbuf=(nil), rcount=6553600, MPI_FLOAT, root=0, comm=0xc4000000) failed
PMPI_Gather(851): Null buffer pointer
[cli_0]: aborting job:
Fatal error in PMPI_Gather: Invalid buffer pointer, error stack:
PMPI_Gather(929): MPI_Gather(sbuf=0x1555007e1010, scount=6553600, MPI_FLOAT, rbuf=(nil), rcount=6553600, MPI_FLOAT, root=0, comm=0xc4000000) failed
PMPI_Gather(851): Null buffer pointer
Fatal error in PMPI_Gather: Invalid buffer pointer, error stack:
PMPI_Gather(929): MPI_Gather(sbuf=0x1555007e1010, scount=6553600, MPI_FLOAT, rbuf=(nil), rcount=6553600, MPI_FLOAT, root=0, comm=0xc4000000) failed
PMPI_Gather(851): Null buffer pointer
[cli_400]: aborting job:
Fatal error in PMPI_Gather: Invalid buffer pointer, error stack:
PMPI_Gather(929): MPI_Gather(sbuf=0x1555007e1010, scount=6553600, MPI_FLOAT, rbuf=(nil), rcount=6553600, MPI_FLOAT, root=0, comm=0xc4000000) failed
PMPI_Gather(851): Null buffer pointer
Fatal error in PMPI_Gather: Invalid buffer pointer, error stack:
PMPI_Gather(929): MPI_Gather(sbuf=0x1555007e1010, scount=6553600, MPI_FLOAT, rbuf=(nil), rcount=6553600, MPI_FLOAT, root=0, comm=0xc4000000) failed
PMPI_Gather(851): Null buffer pointer
[cli_800]: aborting job:
Fatal error in PMPI_Gather: Invalid buffer pointer, error stack:
PMPI_Gather(929): MPI_Gather(sbuf=0x1555007e1010, scount=6553600, MPI_FLOAT, rbuf=(nil), rcount=6553600, MPI_FLOAT, root=0, comm=0xc4000000) failed
PMPI_Gather(851): Null buffer pointer
Fatal error in PMPI_Gather: Invalid buffer pointer, error stack:
PMPI_Gather(929): MPI_Gather(sbuf=0x1555007e1010, scount=6553600, MPI_FLOAT, rbuf=(nil), rcount=6553600, MPI_FLOAT, root=0, comm=0xc4000000) failed
PMPI_Gather(851): Null buffer pointer
[cli_600]: aborting job:
Fatal error in PMPI_Gather: Invalid buffer pointer, error stack:
PMPI_Gather(929): MPI_Gather(sbuf=0x1555007e1010, scount=6553600, MPI_FLOAT, rbuf=(nil), rcount=6553600, MPI_FLOAT, root=0, comm=0xc4000000) failed
PMPI_Gather(851): Null buffer pointer
Fatal error in PMPI_Gather: Invalid buffer pointer, error stack:
PMPI_Gather(929): MPI_Gather(sbuf=0x1555007e1010, scount=6553600, MPI_FLOAT, rbuf=(nil), rcount=6553600, MPI_FLOAT, root=0, comm=0xc4000000) failed
PMPI_Gather(851): Null buffer pointer
[cli_1400]: aborting job:
Fatal error in PMPI_Gather: Invalid buffer pointer, error stack:
PMPI_Gather(929): MPI_Gather(sbuf=0x1555007e1010, scount=6553600, MPI_FLOAT, rbuf=(nil), rcount=6553600, MPI_FLOAT, root=0, comm=0xc4000000) failed
PMPI_Gather(851): Null buffer pointer
Fatal error in PMPI_Gather: Invalid buffer pointer, error stack:
PMPI_Gather(929): MPI_Gather(sbuf=0x1555007e1010, scount=6553600, MPI_FLOAT, rbuf=(nil), rcount=6553600, MPI_FLOAT, root=0, comm=0xc4000000) failed
PMPI_Gather(851): Null buffer pointer
[cli_500]: aborting job:
Fatal error in PMPI_Gather: Invalid buffer pointer, error stack:
PMPI_Gather(929): MPI_Gather(sbuf=0x1555007e1010, scount=6553600, MPI_FLOAT, rbuf=(nil), rcount=6553600, MPI_FLOAT, root=0, comm=0xc4000000) failed
PMPI_Gather(851): Null buffer pointer
Fatal error in PMPI_Gather: Invalid buffer pointer, error stack:
PMPI_Gather(929): MPI_Gather(sbuf=0x1555007e1010, scount=6553600, MPI_FLOAT, rbuf=(nil), rcount=6553600, MPI_FLOAT, root=0, comm=0xc4000000) failed
PMPI_Gather(851): Null buffer pointer
[cli_700]: aborting job:
Fatal error in PMPI_Gather: Invalid buffer pointer, error stack:
PMPI_Gather(929): MPI_Gather(sbuf=0x1555007e1010, scount=6553600, MPI_FLOAT, rbuf=(nil), rcount=6553600, MPI_FLOAT, root=0, comm=0xc4000000) failed
PMPI_Gather(851): Null buffer pointer
Fatal error in PMPI_Gather: Invalid buffer pointer, error stack:
PMPI_Gather(929): MPI_Gather(sbuf=0x1555007e1010, scount=6553600, MPI_FLOAT, rbuf=(nil), rcount=6553600, MPI_FLOAT, root=0, comm=0xc4000000) failed
PMPI_Gather(851): Null buffer pointer
[cli_200]: aborting job:
Fatal error in PMPI_Gather: Invalid buffer pointer, error stack:
PMPI_Gather(929): MPI_Gather(sbuf=0x1555007e1010, scount=6553600, MPI_FLOAT, rbuf=(nil), rcount=6553600, MPI_FLOAT, root=0, comm=0xc4000000) failed
PMPI_Gather(851): Null buffer pointer
Fatal error in PMPI_Gather: Invalid buffer pointer, error stack:
PMPI_Gather(929): MPI_Gather(sbuf=0x1555007e1010, scount=6553600, MPI_FLOAT, rbuf=(nil), rcount=6553600, MPI_FLOAT, root=0, comm=0xc4000000) failed
PMPI_Gather(851): Null buffer pointer
[cli_1200]: aborting job:
Fatal error in PMPI_Gather: Invalid buffer pointer, error stack:
PMPI_Gather(929): MPI_Gather(sbuf=0x1555007e1010, scount=6553600, MPI_FLOAT, rbuf=(nil), rcount=6553600, MPI_FLOAT, root=0, comm=0xc4000000) failed
PMPI_Gather(851): Null buffer pointer
Fatal error in PMPI_Gather: Invalid buffer pointer, error stack:
PMPI_Gather(929): MPI_Gather(sbuf=0x1555007e1010, scount=6553600, MPI_FLOAT, rbuf=(nil), rcount=6553600, MPI_FLOAT, root=0, comm=0xc4000000) failed
PMPI_Gather(851): Null buffer pointer
[cli_100]: aborting job:
Fatal error in PMPI_Gather: Invalid buffer pointer, error stack:
PMPI_Gather(929): MPI_Gather(sbuf=0x1555007e1010, scount=6553600, MPI_FLOAT, rbuf=(nil), rcount=6553600, MPI_FLOAT, root=0, comm=0xc4000000) failed
PMPI_Gather(851): Null buffer pointer
Fatal error in PMPI_Gather: Invalid buffer pointer, error stack:
PMPI_Gather(929): MPI_Gather(sbuf=0x1555007e1010, scount=6553600, MPI_FLOAT, rbuf=(nil), rcount=6553600, MPI_FLOAT, root=0, comm=0xc4000000) failed
PMPI_Gather(851): Null buffer pointer
[cli_1100]: aborting job:
Fatal error in PMPI_Gather: Invalid buffer pointer, error stack:
PMPI_Gather(929): MPI_Gather(sbuf=0x1555007e1010, scount=6553600, MPI_FLOAT, rbuf=(nil), rcount=6553600, MPI_FLOAT, root=0, comm=0xc4000000) failed
PMPI_Gather(851): Null buffer pointer
Fatal error in PMPI_Gather: Invalid buffer pointer, error stack:
PMPI_Gather(929): MPI_Gather(sbuf=0x1555007e1010, scount=6553600, MPI_FLOAT, rbuf=(nil), rcount=6553600, MPI_FLOAT, root=0, comm=0xc4000000) failed
PMPI_Gather(851): Null buffer pointer
[cli_900]: aborting job:
Fatal error in PMPI_Gather: Invalid buffer pointer, error stack:
PMPI_Gather(929): MPI_Gather(sbuf=0x1555007e1010, scount=6553600, MPI_FLOAT, rbuf=(nil), rcount=6553600, MPI_FLOAT, root=0, comm=0xc4000000) failed
PMPI_Gather(851): Null buffer pointer
Fatal error in PMPI_Gather: Invalid buffer pointer, error stack:
PMPI_Gather(929): MPI_Gather(sbuf=0x1555007e1010, scount=6553600, MPI_FLOAT, rbuf=(nil), rcount=6553600, MPI_FLOAT, root=0, comm=0xc4000000) failed
PMPI_Gather(851): Null buffer pointer
[cli_1300]: aborting job:
Fatal error in PMPI_Gather: Invalid buffer pointer, error stack:
PMPI_Gather(929): MPI_Gather(sbuf=0x1555007e1010, scount=6553600, MPI_FLOAT, rbuf=(nil), rcount=6553600, MPI_FLOAT, root=0, comm=0xc4000000) failed
PMPI_Gather(851): Null buffer pointer
Fatal error in PMPI_Gather: Invalid buffer pointer, error stack:
PMPI_Gather(929): MPI_Gather(sbuf=0x1555007e1010, scount=6553600, MPI_FLOAT, rbuf=(nil), rcount=6553600, MPI_FLOAT, root=0, comm=0xc4000000) failed
PMPI_Gather(851): Null buffer pointer
[cli_1500]: aborting job:
Fatal error in PMPI_Gather: Invalid buffer pointer, error stack:
PMPI_Gather(929): MPI_Gather(sbuf=0x1555007e1010, scount=6553600, MPI_FLOAT, rbuf=(nil), rcount=6553600, MPI_FLOAT, root=0, comm=0xc4000000) failed
PMPI_Gather(851): Null buffer pointer
Fatal error in PMPI_Gather: Invalid buffer pointer, error stack:
PMPI_Gather(929): MPI_Gather(sbuf=0x1555007e1010, scount=6553600, MPI_FLOAT, rbuf=(nil), rcount=6553600, MPI_FLOAT, root=0, comm=0xc4000000) failed
PMPI_Gather(851): Null buffer pointer
[cli_300]: aborting job:
Fatal error in PMPI_Gather: Invalid buffer pointer, error stack:
PMPI_Gather(929): MPI_Gather(sbuf=0x1555007e1010, scount=6553600, MPI_FLOAT, rbuf=(nil), rcount=6553600, MPI_FLOAT, root=0, comm=0xc4000000) failed
PMPI_Gather(851): Null buffer pointer
Fatal error in PMPI_Gather: Invalid buffer pointer, error stack:
PMPI_Gather(929): MPI_Gather(sbuf=0x1555007e1010, scount=6553600, MPI_FLOAT, rbuf=(nil), rcount=6553600, MPI_FLOAT, root=0, comm=0xc4000000) failed
PMPI_Gather(851): Null buffer pointer
[cli_1000]: aborting job:
Fatal error in PMPI_Gather: Invalid buffer pointer, error stack:
PMPI_Gather(929): MPI_Gather(sbuf=0x1555007e1010, scount=6553600, MPI_FLOAT, rbuf=(nil), rcount=6553600, MPI_FLOAT, root=0, comm=0xc4000000) failed
PMPI_Gather(851): Null buffer pointer
slurmstepd: error: *** STEP 2373828.1 ON dane369 CANCELLED AT 2025-04-29T18:45:55 ***
srun: Job step aborted: Waiting up to 62 seconds for job step to finish.
srun: error: dane896: tasks 1300-1399: Killed
srun: error: dane862: tasks 1100-1199: Killed
srun: error: dane890: tasks 1200-1299: Killed
srun: error: dane1033: tasks 1400-1499: Killed
srun: error: dane1061: tasks 1500-1599: Killed
srun: error: dane830: tasks 1000-1099: Killed
srun: error: dane825: tasks 900-999: Killed
srun: error: dane525: tasks 300-399: Killed
srun: error: dane726: tasks 700-799: Killed
srun: error: dane535: tasks 400-499: Killed
srun: error: dane775: tasks 800-899: Killed
srun: error: dane605: tasks 500-599: Killed
srun: error: dane375: tasks 100-199: Killed
srun: error: dane668: tasks 600-699: Killed
srun: error: dane504: tasks 200-299: Killed
srun: error: dane369: tasks 0-99: Killed
slurmstepd: error: *** JOB 2373828 ON dane369 CANCELLED AT 2025-04-29T18:55:07 DUE TO TIME LIMIT ***
slurmstepd: error: *** STEP 2373828.2 ON dane369 CANCELLED AT 2025-04-29T18:55:07 DUE TO TIME LIMIT ***
srun: Job step aborted: Waiting up to 62 seconds for job step to finish.
