Running Alltoall Benchmark on 2 nodes and 200 tasks
Size 1
PMPI: 3.419307e-05
Pairwise: 3.259862e-04
NonBlocking: 3.248653e-04
Hierarchical: 3.247252e-04
Multileader: 3.245128e-04
Node Aware: 3.238824e-04
Locality Aware: 3.247616e-04
Multileader Locality: 3.244104e-04
Size 2
PMPI: 3.592147e-05
Pairwise: 3.245869e-04
NonBlocking: 3.258241e-04
Hierarchical: 3.246991e-04
Multileader: 3.252293e-04
Node Aware: 3.241907e-04
Locality Aware: 3.258763e-04
Multileader Locality: 3.252815e-04
Size 4
PMPI: 4.853089e-05
Pairwise: 5.271649e-04
NonBlocking: 5.266218e-04
Hierarchical: 5.258660e-04
Multileader: 5.258065e-04
Node Aware: 5.259789e-04
Locality Aware: 5.276695e-04
Multileader Locality: 5.265441e-04
Size 8
PMPI: 7.283801e-05
Pairwise: 5.522932e-04
NonBlocking: 5.363671e-04
Hierarchical: 5.363976e-04
Multileader: 5.361271e-04
Node Aware: 5.358175e-04
Locality Aware: 5.352045e-04
Multileader Locality: 5.349674e-04
Size 16
PMPI: 1.273478e-04
Pairwise: 5.322222e-04
NonBlocking: 5.318901e-04
Hierarchical: 5.315932e-04
Multileader: 5.317741e-04
Node Aware: 5.312674e-04
Locality Aware: 5.319499e-04
Multileader Locality: 5.317475e-04
Size 32
PMPI: 2.251328e-04
Pairwise: 5.506494e-04
NonBlocking: 5.506585e-04
Hierarchical: 5.505368e-04
Multileader: 5.497678e-04
Node Aware: 5.490467e-04
Locality Aware: 5.500617e-04
Multileader Locality: 5.498733e-04
Size 64
PMPI: 4.035971e-04
Pairwise: 5.843734e-04
NonBlocking: 5.846158e-04
Hierarchical: 5.842456e-04
Multileader: 5.843423e-04
Node Aware: 5.828442e-04
Locality Aware: 5.843047e-04
Multileader Locality: 5.843624e-04
Size 128
PMPI: 7.441808e-04
Pairwise: 7.326191e-04
NonBlocking: 7.311448e-04
Hierarchical: 7.324873e-04
Multileader: 7.310739e-04
Node Aware: 7.272815e-04
Locality Aware: 7.303514e-04
Multileader Locality: 7.304825e-04
Size 256
PMPI: 1.159418e-03
Pairwise: 1.158480e-03
NonBlocking: 1.160397e-03
Hierarchical: 1.161341e-03
Multileader: 1.160141e-03
Node Aware: 1.160130e-03
Locality Aware: 1.162128e-03
Multileader Locality: 1.162598e-03
Size 512
PMPI: 2.187821e-03
Pairwise: 2.077237e-03
NonBlocking: 2.078501e-03
Hierarchical: 2.083094e-03
Multileader: 2.077419e-03
Node Aware: 2.077614e-03
Locality Aware: 2.070662e-03
Multileader Locality: 2.069318e-03
Size 1024
PMPI: 3.883419e-03
Pairwise: 3.874362e-03
NonBlocking: 3.876457e-03
Hierarchical: 3.896329e-03
Multileader: 3.914853e-03
Node Aware: 3.839291e-03
Locality Aware: 3.840760e-03
Multileader Locality: 3.859374e-03
Size 2048
PMPI: 7.834640e-03
Pairwise: 7.832529e-03
NonBlocking: 7.853541e-03
Hierarchical: 7.854343e-03
Multileader: 7.871066e-03
Node Aware: 7.848984e-03
Locality Aware: 7.870556e-03
Multileader Locality: 7.883098e-03
Size 4096
PMPI: 1.848063e-02
Pairwise: 1.548312e-02
NonBlocking: 1.546485e-02
Hierarchical: 1.557466e-02
Multileader: 1.563594e-02
Node Aware: 1.550598e-02
Locality Aware: 1.598367e-02
Multileader Locality: 1.602564e-02
Size 8192
PMPI: 2.840955e-02
Pairwise: 2.838194e-02
NonBlocking: 2.838331e-02
Hierarchical: 2.850494e-02
Multileader: 2.855932e-02
Node Aware: 2.826042e-02
Locality Aware: 2.840065e-02
Multileader Locality: 2.862384e-02
Size 16384
PMPI: 4.161932e-02
Pairwise: 4.082354e-02
NonBlocking: 3.095973e-02
Hierarchical: 3.088367e-02
Multileader: 3.089305e-02
Node Aware: 3.090241e-02
Locality Aware: 3.089924e-02
Multileader Locality: 3.090093e-02
