Test 1 Running Alltoall Benchmark on 16 nodes and 1600 tasks
Size 1
PMPI: 3.794489e-04
Pairwise: 6.504499e-03
NonBlocking: 9.730093e-02
Pairwise Hierarchical: 1.129899e-03
Pairwise Node Aware: 4.192500e-04
Nonblocking Hierarchical: 9.447876e-04
Nonblocking Node Aware: 2.405383e-04
Pairwise Multileader, 4 leaders: 7.740759e-04
Pairwise Locality Aware, 4 leaders: 5.902961e-04
Pairwise Multileader Locality, 4 leaders: 4.833944e-04
Nonblocking Multileader, 4 leaders: 3.040673e-04
Nonblocking Locality Aware, 4 leaders: 2.584775e-04
Nonblocking Multileader Locality, 4 leaders: 3.544795e-04
Pairwise Multileader, 10 leaders: 1.096958e-03
Pairwise Locality Aware, 10 leaders: 1.433433e-03
Pairwise Multileader Locality, 10 leaders: 2.535221e-04
Nonblocking Multileader, 10 leaders: 2.420682e-04
Nonblocking Locality Aware, 10 leaders: 3.737941e-02
Nonblocking Multileader Locality, 10 leaders: 1.789479e-04
Pairwise Multileader, 20 leaders: 1.966946e-03
Pairwise Locality Aware, 20 leaders: 2.620055e-03
Pairwise Multileader Locality, 20 leaders: 2.675920e-04
Nonblocking Multileader, 20 leaders: 2.086540e-03
Nonblocking Locality Aware, 20 leaders: 6.804342e-02
Nonblocking Multileader Locality, 20 leaders: 1.374062e-04
Size 2
PMPI: 4.603319e-04
Pairwise: 4.658378e-03
NonBlocking: 5.639409e-02
Pairwise Hierarchical: 2.594213e-03
Pairwise Node Aware: 4.226319e-04
Nonblocking Hierarchical: 2.158167e-03
Nonblocking Node Aware: 3.169875e-04
Pairwise Multileader, 4 leaders: 9.859710e-04
Pairwise Locality Aware, 4 leaders: 5.301274e-04
Pairwise Multileader Locality, 4 leaders: 8.602116e-04
Nonblocking Multileader, 4 leaders: 5.298458e-04
Nonblocking Locality Aware, 4 leaders: 2.904189e-04
Nonblocking Multileader Locality, 4 leaders: 6.234984e-04
Pairwise Multileader, 10 leaders: 1.400882e-03
Pairwise Locality Aware, 10 leaders: 1.333186e-03
Pairwise Multileader Locality, 10 leaders: 3.576020e-04
Nonblocking Multileader, 10 leaders: 1.124575e-03
Nonblocking Locality Aware, 10 leaders: 6.190986e-02
Nonblocking Multileader Locality, 10 leaders: 2.583793e-04
Pairwise Multileader, 20 leaders: 3.114344e-03
Pairwise Locality Aware, 20 leaders: 2.006191e-03
Pairwise Multileader Locality, 20 leaders: 3.260864e-04
Nonblocking Multileader, 20 leaders: 3.770052e-03
Nonblocking Locality Aware, 20 leaders: 1.149314e-01
Nonblocking Multileader Locality, 20 leaders: 1.991059e-04
Size 4
PMPI: 7.753472e-04
Pairwise: 1.270843e-02
NonBlocking: 1.172242e-01
Pairwise Hierarchical: 4.032885e-03
Pairwise Node Aware: 6.232318e-04
Nonblocking Hierarchical: 3.429688e-03
Nonblocking Node Aware: 5.471381e-04
Pairwise Multileader, 4 leaders: 1.370562e-03
Pairwise Locality Aware, 4 leaders: 7.221339e-04
Pairwise Multileader Locality, 4 leaders: 1.306801e-03
Nonblocking Multileader, 4 leaders: 9.157774e-04
Nonblocking Locality Aware, 4 leaders: 4.592083e-04
Nonblocking Multileader Locality, 4 leaders: 1.065450e-03
Pairwise Multileader, 10 leaders: 1.600975e-03
Pairwise Locality Aware, 10 leaders: 1.568594e-03
Pairwise Multileader Locality, 10 leaders: 5.800734e-04
Nonblocking Multileader, 10 leaders: 1.431100e-03
Nonblocking Locality Aware, 10 leaders: 9.205127e-02
Nonblocking Multileader Locality, 10 leaders: 4.873458e-04
Pairwise Multileader, 20 leaders: 2.617664e-03
Pairwise Locality Aware, 20 leaders: 2.745192e-03
Pairwise Multileader Locality, 20 leaders: 4.438932e-04
Nonblocking Multileader, 20 leaders: 1.309478e-02
Nonblocking Locality Aware, 20 leaders: 8.664615e-02
Nonblocking Multileader Locality, 20 leaders: 3.594214e-04
Size 8
PMPI: 1.301582e-03
Pairwise: 1.330010e-02
NonBlocking: 1.394423e-01
Pairwise Hierarchical: 9.432171e-03
Pairwise Node Aware: 8.522373e-04
Nonblocking Hierarchical: 7.978889e-03
Nonblocking Node Aware: 8.085175e-04
Pairwise Multileader, 4 leaders: 3.197559e-03
Pairwise Locality Aware, 4 leaders: 8.662855e-04
Pairwise Multileader Locality, 4 leaders: 3.281462e-03
Nonblocking Multileader, 4 leaders: 2.009799e-03
Nonblocking Locality Aware, 4 leaders: 5.342938e-04
Nonblocking Multileader Locality, 4 leaders: 2.557685e-03
Pairwise Multileader, 10 leaders: 1.834636e-03
Pairwise Locality Aware, 10 leaders: 1.899096e-03
Pairwise Multileader Locality, 10 leaders: 1.185562e-03
Nonblocking Multileader, 10 leaders: 1.454721e-03
Nonblocking Locality Aware, 10 leaders: 3.748731e-02
Nonblocking Multileader Locality, 10 leaders: 9.231060e-04
Pairwise Multileader, 20 leaders: 3.133324e-03
Pairwise Locality Aware, 20 leaders: 2.559248e-03
Pairwise Multileader Locality, 20 leaders: 7.180245e-04
Nonblocking Multileader, 20 leaders: 2.301150e-02
Nonblocking Locality Aware, 20 leaders: 1.116800e-01
Nonblocking Multileader Locality, 20 leaders: 5.054990e-04
Size 16
PMPI: 2.786904e-03
Pairwise: 1.240259e-02
NonBlocking: 1.176610e-01
Pairwise Hierarchical: 2.012975e-02
Pairwise Node Aware: 1.237249e-03
Nonblocking Hierarchical: 1.630929e-02
Nonblocking Node Aware: 1.145786e-03
Pairwise Multileader, 4 leaders: 4.984530e-03
Pairwise Locality Aware, 4 leaders: 1.201736e-03
Pairwise Multileader Locality, 4 leaders: 5.751385e-03
Nonblocking Multileader, 4 leaders: 3.995561e-03
Nonblocking Locality Aware, 4 leaders: 1.008395e-03
Nonblocking Multileader Locality, 4 leaders: 4.630736e-03
Pairwise Multileader, 10 leaders: 3.360594e-03
Pairwise Locality Aware, 10 leaders: 1.711519e-03
Pairwise Multileader Locality, 10 leaders: 2.206352e-03
Nonblocking Multileader, 10 leaders: 2.238942e-03
Nonblocking Locality Aware, 10 leaders: 8.739717e-02
Nonblocking Multileader Locality, 10 leaders: 1.887174e-03
Pairwise Multileader, 20 leaders: 3.379525e-03
Pairwise Locality Aware, 20 leaders: 2.919760e-03
Pairwise Multileader Locality, 20 leaders: 1.443105e-03
Nonblocking Multileader, 20 leaders: 2.012190e-02
Nonblocking Locality Aware, 20 leaders: 9.964312e-02
Nonblocking Multileader Locality, 20 leaders: 1.266910e-03
Size 32
PMPI: 4.642448e-03
Pairwise: 1.351014e-02
NonBlocking: 1.174015e-01
Pairwise Hierarchical: 4.185728e-02
Pairwise Node Aware: 2.126635e-03
Nonblocking Hierarchical: 3.330918e-02
Nonblocking Node Aware: 1.959215e-03
Pairwise Multileader, 4 leaders: 1.355883e-02
Pairwise Locality Aware, 4 leaders: 2.109951e-03
Pairwise Multileader Locality, 4 leaders: 1.090502e-02
Nonblocking Multileader, 4 leaders: 8.560131e-03
Nonblocking Locality Aware, 4 leaders: 2.034394e-03
Nonblocking Multileader Locality, 4 leaders: 8.703474e-03
Pairwise Multileader, 10 leaders: 5.733673e-03
Pairwise Locality Aware, 10 leaders: 2.854156e-03
Pairwise Multileader Locality, 10 leaders: 4.755022e-03
Nonblocking Multileader, 10 leaders: 5.029582e-03
Nonblocking Locality Aware, 10 leaders: 9.287855e-02
Nonblocking Multileader Locality, 10 leaders: 3.833719e-03
Pairwise Multileader, 20 leaders: 4.859372e-03
Pairwise Locality Aware, 20 leaders: 2.900167e-03
Pairwise Multileader Locality, 20 leaders: 2.660712e-03
Nonblocking Multileader, 20 leaders: 1.300142e-02
Nonblocking Locality Aware, 20 leaders: 1.160612e-01
Nonblocking Multileader Locality, 20 leaders: 2.239605e-03
Size 64
PMPI: 9.106206e-03
Pairwise: 1.127028e-02
NonBlocking: 1.639123e-01
Pairwise Hierarchical: 8.223226e-02
Pairwise Node Aware: 4.250436e-03
Nonblocking Hierarchical: 6.424488e-02
Nonblocking Node Aware: 3.184991e-03
Pairwise Multileader, 4 leaders: 2.597364e-02
Pairwise Locality Aware, 4 leaders: 4.341806e-03
Pairwise Multileader Locality, 4 leaders: 2.291162e-02
Nonblocking Multileader, 4 leaders: 1.633084e-02
Nonblocking Locality Aware, 4 leaders: 5.208865e-03
Nonblocking Multileader Locality, 4 leaders: 1.748405e-02
Pairwise Multileader, 10 leaders: 1.211540e-02
Pairwise Locality Aware, 10 leaders: 4.729295e-03
Pairwise Multileader Locality, 10 leaders: 1.003302e-02
Nonblocking Multileader, 10 leaders: 7.951839e-03
Nonblocking Locality Aware, 10 leaders: 8.880017e-02
Nonblocking Multileader Locality, 10 leaders: 8.465270e-03
Pairwise Multileader, 20 leaders: 8.295750e-03
Pairwise Locality Aware, 20 leaders: 4.166582e-03
Pairwise Multileader Locality, 20 leaders: 5.599063e-03
Nonblocking Multileader, 20 leaders: 4.873910e-03
Nonblocking Locality Aware, 20 leaders: 9.390838e-02
Nonblocking Multileader Locality, 20 leaders: 4.295789e-03
Size 128
PMPI: 1.603781e-02
Pairwise: 1.827540e-02
NonBlocking: 1.134964e-01
Pairwise Hierarchical: 1.571414e-01
Pairwise Node Aware: 9.310894e-03
Nonblocking Hierarchical: 1.246357e-01
Nonblocking Node Aware: 6.802084e-03
Pairwise Multileader, 4 leaders: 5.110590e-02
Pairwise Locality Aware, 4 leaders: 7.593248e-03
Pairwise Multileader Locality, 4 leaders: 5.452274e-02
Nonblocking Multileader, 4 leaders: 3.699235e-02
Nonblocking Locality Aware, 4 leaders: 9.556994e-03
Nonblocking Multileader Locality, 4 leaders: 4.148698e-02
Pairwise Multileader, 10 leaders: 2.330106e-02
Pairwise Locality Aware, 10 leaders: 8.560640e-03
Pairwise Multileader Locality, 10 leaders: 2.396577e-02
Nonblocking Multileader, 10 leaders: 1.734782e-02
Nonblocking Locality Aware, 10 leaders: 1.065017e-02
Nonblocking Multileader Locality, 10 leaders: 1.949841e-02
Pairwise Multileader, 20 leaders: 1.455032e-02
Pairwise Locality Aware, 20 leaders: 9.661585e-03
Pairwise Multileader Locality, 20 leaders: 1.163652e-02
Nonblocking Multileader, 20 leaders: 1.159571e-02
Nonblocking Locality Aware, 20 leaders: 1.187901e-01
Nonblocking Multileader Locality, 20 leaders: 9.515362e-03
Size 256
PMPI: 3.358322e-02
Pairwise: 2.646945e-02
NonBlocking: 1.441643e-01
Pairwise Hierarchical: 3.045880e-01
Pairwise Node Aware: 1.500030e-02
Nonblocking Hierarchical: 2.475696e-01
Nonblocking Node Aware: 1.364742e-02
Pairwise Multileader, 4 leaders: 9.585916e-02
Pairwise Locality Aware, 4 leaders: 1.487893e-02
Pairwise Multileader Locality, 4 leaders: 1.057842e-01
Nonblocking Multileader, 4 leaders: 6.976231e-02
Nonblocking Locality Aware, 4 leaders: 1.232968e-02
Nonblocking Multileader Locality, 4 leaders: 8.032338e-02
Pairwise Multileader, 10 leaders: 5.470154e-02
Pairwise Locality Aware, 10 leaders: 1.631139e-02
Pairwise Multileader Locality, 10 leaders: 5.146596e-02
Nonblocking Multileader, 10 leaders: 3.685434e-02
Nonblocking Locality Aware, 10 leaders: 2.321564e-02
Nonblocking Multileader Locality, 10 leaders: 4.180292e-02
Pairwise Multileader, 20 leaders: 2.938131e-02
Pairwise Locality Aware, 20 leaders: 1.492818e-02
Pairwise Multileader Locality, 20 leaders: 2.602605e-02
Nonblocking Multileader, 20 leaders: 1.750589e-02
Nonblocking Locality Aware, 20 leaders: 5.938290e-02
Nonblocking Multileader Locality, 20 leaders: 2.072122e-02
Size 512
PMPI: 7.989936e-02
Pairwise: 3.932608e-02
NonBlocking: 1.585077e-01
Pairwise Hierarchical: 6.107655e-01
Pairwise Node Aware: 2.957187e-02
Nonblocking Hierarchical: 5.434065e-01
Nonblocking Node Aware: 2.762198e-02
Pairwise Multileader, 4 leaders: 1.774822e-01
Pairwise Locality Aware, 4 leaders: 2.939513e-02
Pairwise Multileader Locality, 4 leaders: 2.007024e-01
Nonblocking Multileader, 4 leaders: 1.313584e-01
Nonblocking Locality Aware, 4 leaders: 2.325997e-02
Nonblocking Multileader Locality, 4 leaders: 1.561555e-01
Pairwise Multileader, 10 leaders: 1.051114e-01
Pairwise Locality Aware, 10 leaders: 3.553133e-02
Pairwise Multileader Locality, 10 leaders: 1.053564e-01
Nonblocking Multileader, 10 leaders: 7.291320e-02
Nonblocking Locality Aware, 10 leaders: 2.779764e-02
Nonblocking Multileader Locality, 10 leaders: 8.664382e-02
Pairwise Multileader, 20 leaders: 6.017251e-02
Pairwise Locality Aware, 20 leaders: 3.463809e-02
Pairwise Multileader Locality, 20 leaders: 5.428480e-02
Nonblocking Multileader, 20 leaders: 3.653350e-02
Nonblocking Locality Aware, 20 leaders: 5.895685e-02
Nonblocking Multileader Locality, 20 leaders: 4.348569e-02
Size 1024
PMPI: 7.987664e-02
Pairwise: 7.830828e-02
NonBlocking: 2.049396e-01
Pairwise Hierarchical: 1.217501e+00
Pairwise Node Aware: 6.205361e-02
Nonblocking Hierarchical: 1.075471e+00
Nonblocking Node Aware: 4.937102e-02
Pairwise Multileader, 4 leaders: 3.330059e-01
Pairwise Locality Aware, 4 leaders: 6.690090e-02
Pairwise Multileader Locality, 4 leaders: 3.755594e-01
Nonblocking Multileader, 4 leaders: 2.489275e-01
Nonblocking Locality Aware, 4 leaders: 4.563160e-02
Nonblocking Multileader Locality, 4 leaders: 2.988085e-01
Pairwise Multileader, 10 leaders: 1.918758e-01
Pairwise Locality Aware, 10 leaders: 7.673775e-02
Pairwise Multileader Locality, 10 leaders: 2.045379e-01
Nonblocking Multileader, 10 leaders: 1.381898e-01
Nonblocking Locality Aware, 10 leaders: 6.298257e-02
Nonblocking Multileader Locality, 10 leaders: 1.669538e-01
Pairwise Multileader, 20 leaders: 1.341792e-01
Pairwise Locality Aware, 20 leaders: 6.873469e-02
Pairwise Multileader Locality, 20 leaders: 1.194109e-01
Nonblocking Multileader, 20 leaders: 8.544964e-02
Nonblocking Locality Aware, 20 leaders: 4.423573e-02
Nonblocking Multileader Locality, 20 leaders: 1.036093e-01
Size 2048
PMPI: 1.426142e-01
Pairwise: 1.347378e-01
NonBlocking: 2.122605e-01
Pairwise Hierarchical: 2.515640e+00
Pairwise Node Aware: 1.155624e-01
Nonblocking Hierarchical: 2.235202e+00
Nonblocking Node Aware: 9.640245e-02
Pairwise Multileader, 4 leaders: 6.694498e-01
Pairwise Locality Aware, 4 leaders: 1.279467e-01
Pairwise Multileader Locality, 4 leaders: 7.409320e-01
Nonblocking Multileader, 4 leaders: 5.455441e-01
Nonblocking Locality Aware, 4 leaders: 9.114183e-02
Nonblocking Multileader Locality, 4 leaders: 6.573869e-01
Pairwise Multileader, 10 leaders: 3.892892e-01
Pairwise Locality Aware, 10 leaders: 1.436089e-01
Pairwise Multileader Locality, 10 leaders: 4.314356e-01
Nonblocking Multileader, 10 leaders: 2.775093e-01
Nonblocking Locality Aware, 10 leaders: 9.290450e-02
Nonblocking Multileader Locality, 10 leaders: 3.377486e-01
Pairwise Multileader, 20 leaders: 2.409244e-01
Pairwise Locality Aware, 20 leaders: 1.366682e-01
Pairwise Multileader Locality, 20 leaders: 2.327778e-01
Nonblocking Multileader, 20 leaders: 1.632407e-01
Nonblocking Locality Aware, 20 leaders: 1.033913e-01
Nonblocking Multileader Locality, 20 leaders: 2.027746e-01
Size 4096
PMPI: 3.225837e-01
Pairwise: 2.956063e-01
NonBlocking: 5.146171e-01
Test 2 Running Alltoall Benchmark on 16 nodes and 1600 tasks
Size 1
PMPI: 3.885212e-04
Pairwise: 7.478004e-03
NonBlocking: 8.186877e-02
Pairwise Hierarchical: 1.147187e-03
Pairwise Node Aware: 3.683327e-04
Nonblocking Hierarchical: 9.438163e-04
Nonblocking Node Aware: 2.506517e-04
Pairwise Multileader, 4 leaders: 6.767826e-04
Pairwise Locality Aware, 4 leaders: 5.659498e-04
Pairwise Multileader Locality, 4 leaders: 5.152985e-04
Nonblocking Multileader, 4 leaders: 3.041156e-04
Nonblocking Locality Aware, 4 leaders: 2.234121e-04
Nonblocking Multileader Locality, 4 leaders: 3.574159e-04
Pairwise Multileader, 10 leaders: 1.268406e-03
Pairwise Locality Aware, 10 leaders: 1.280693e-03
Pairwise Multileader Locality, 10 leaders: 2.793070e-04
Nonblocking Multileader, 10 leaders: 8.237706e-04
Nonblocking Locality Aware, 10 leaders: 2.785961e-02
Nonblocking Multileader Locality, 10 leaders: 1.842829e-04
Pairwise Multileader, 20 leaders: 2.540250e-03
Pairwise Locality Aware, 20 leaders: 2.504927e-03
Pairwise Multileader Locality, 20 leaders: 2.621516e-04
Nonblocking Multileader, 20 leaders: 4.082078e-03
Nonblocking Locality Aware, 20 leaders: 9.201537e-02
Nonblocking Multileader Locality, 20 leaders: 1.596912e-04
Size 2
PMPI: 4.656626e-04
Pairwise: 4.870995e-03
NonBlocking: 2.097123e-02
Pairwise Hierarchical: 2.592702e-03
Pairwise Node Aware: 4.541933e-04
Nonblocking Hierarchical: 2.149293e-03
Nonblocking Node Aware: 3.277810e-04
Pairwise Multileader, 4 leaders: 9.331829e-04
Pairwise Locality Aware, 4 leaders: 7.161936e-04
Pairwise Multileader Locality, 4 leaders: 8.415201e-04
Nonblocking Multileader, 4 leaders: 5.533841e-04
Nonblocking Locality Aware, 4 leaders: 4.942686e-04
Nonblocking Multileader Locality, 4 leaders: 6.366438e-04
Pairwise Multileader, 10 leaders: 1.545796e-03
Pairwise Locality Aware, 10 leaders: 1.363522e-03
Pairwise Multileader Locality, 10 leaders: 3.638035e-04
Nonblocking Multileader, 10 leaders: 1.223131e-03
Nonblocking Locality Aware, 10 leaders: 6.193997e-02
Nonblocking Multileader Locality, 10 leaders: 2.601183e-04
Pairwise Multileader, 20 leaders: 2.449923e-03
Pairwise Locality Aware, 20 leaders: 2.707230e-03
Pairwise Multileader Locality, 20 leaders: 2.980007e-04
Nonblocking Multileader, 20 leaders: 5.226773e-03
Nonblocking Locality Aware, 20 leaders: 9.893999e-02
Nonblocking Multileader Locality, 20 leaders: 2.058589e-04
Size 4
PMPI: 7.827964e-04
Pairwise: 1.391212e-02
NonBlocking: 1.240854e-01
Pairwise Hierarchical: 4.021125e-03
Pairwise Node Aware: 6.273995e-04
Nonblocking Hierarchical: 3.442046e-03
Nonblocking Node Aware: 5.143027e-04
Pairwise Multileader, 4 leaders: 1.545447e-03
Pairwise Locality Aware, 4 leaders: 6.597042e-04
Pairwise Multileader Locality, 4 leaders: 1.315001e-03
Nonblocking Multileader, 4 leaders: 9.134496e-04
Nonblocking Locality Aware, 4 leaders: 4.065969e-04
Nonblocking Multileader Locality, 4 leaders: 1.074633e-03
Pairwise Multileader, 10 leaders: 1.507272e-03
Pairwise Locality Aware, 10 leaders: 1.658640e-03
Pairwise Multileader Locality, 10 leaders: 5.839491e-04
Nonblocking Multileader, 10 leaders: 4.351689e-04
Nonblocking Locality Aware, 10 leaders: 8.660636e-02
Nonblocking Multileader Locality, 10 leaders: 4.643775e-04
Pairwise Multileader, 20 leaders: 3.226677e-03
Pairwise Locality Aware, 20 leaders: 2.384344e-03
Pairwise Multileader Locality, 20 leaders: 4.048493e-04
Nonblocking Multileader, 20 leaders: 8.780050e-03
Nonblocking Locality Aware, 20 leaders: 8.665659e-02
Nonblocking Multileader Locality, 20 leaders: 2.728608e-04
Size 8
PMPI: 1.312255e-03
Pairwise: 1.374306e-02
NonBlocking: 1.630498e-01
Pairwise Hierarchical: 9.667063e-03
Pairwise Node Aware: 1.056985e-03
Nonblocking Hierarchical: 8.087162e-03
Nonblocking Node Aware: 8.737512e-04
Pairwise Multileader, 4 leaders: 2.807439e-03
Pairwise Locality Aware, 4 leaders: 8.278259e-04
Pairwise Multileader Locality, 4 leaders: 3.284574e-03
Nonblocking Multileader, 4 leaders: 2.032054e-03
Nonblocking Locality Aware, 4 leaders: 5.430106e-04
Nonblocking Multileader Locality, 4 leaders: 2.596942e-03
Pairwise Multileader, 10 leaders: 2.312205e-03
Pairwise Locality Aware, 10 leaders: 1.361125e-03
Pairwise Multileader Locality, 10 leaders: 1.233653e-03
Nonblocking Multileader, 10 leaders: 1.297380e-03
Nonblocking Locality Aware, 10 leaders: 6.204471e-02
Nonblocking Multileader Locality, 10 leaders: 7.952531e-04
Pairwise Multileader, 20 leaders: 2.694299e-03
Pairwise Locality Aware, 20 leaders: 2.084446e-03
Pairwise Multileader Locality, 20 leaders: 7.664729e-04
Nonblocking Multileader, 20 leaders: 2.019404e-02
Nonblocking Locality Aware, 20 leaders: 6.213359e-02
Nonblocking Multileader Locality, 20 leaders: 6.031993e-04
Size 16
PMPI: 2.814241e-03
Pairwise: 9.697412e-03
NonBlocking: 1.311970e-01
Pairwise Hierarchical: 2.018730e-02
Pairwise Node Aware: 1.293413e-03
Nonblocking Hierarchical: 1.639659e-02
Nonblocking Node Aware: 1.166981e-03
Pairwise Multileader, 4 leaders: 4.812966e-03
Pairwise Locality Aware, 4 leaders: 1.203516e-03
Pairwise Multileader Locality, 4 leaders: 5.966457e-03
Nonblocking Multileader, 4 leaders: 3.883115e-03
Nonblocking Locality Aware, 4 leaders: 8.011733e-04
Nonblocking Multileader Locality, 4 leaders: 4.708137e-03
Pairwise Multileader, 10 leaders: 3.239743e-03
Pairwise Locality Aware, 10 leaders: 2.037768e-03
Pairwise Multileader Locality, 10 leaders: 2.180650e-03
Nonblocking Multileader, 10 leaders: 2.169439e-03
Nonblocking Locality Aware, 10 leaders: 8.717671e-02
Nonblocking Multileader Locality, 10 leaders: 1.904819e-03
Pairwise Multileader, 20 leaders: 3.979381e-03
Pairwise Locality Aware, 20 leaders: 2.558862e-03
Pairwise Multileader Locality, 20 leaders: 1.410015e-03
Nonblocking Multileader, 20 leaders: 6.235997e-02
Nonblocking Locality Aware, 20 leaders: 9.230522e-02
Nonblocking Multileader Locality, 20 leaders: 1.213653e-03
Size 32
PMPI: 4.577496e-03
Pairwise: 1.253456e-02
NonBlocking: 1.631845e-01
Pairwise Hierarchical: 4.242538e-02
Pairwise Node Aware: 2.095180e-03
Nonblocking Hierarchical: 3.355638e-02
Nonblocking Node Aware: 2.015657e-03
Pairwise Multileader, 4 leaders: 1.340231e-02
Pairwise Locality Aware, 4 leaders: 1.848645e-03
Pairwise Multileader Locality, 4 leaders: 1.103154e-02
Nonblocking Multileader, 4 leaders: 8.614264e-03
Nonblocking Locality Aware, 4 leaders: 1.575594e-03
Nonblocking Multileader Locality, 4 leaders: 8.768141e-03
Pairwise Multileader, 10 leaders: 5.385581e-03
Pairwise Locality Aware, 10 leaders: 2.925347e-03
Pairwise Multileader Locality, 10 leaders: 4.783425e-03
Nonblocking Multileader, 10 leaders: 4.963975e-03
Nonblocking Locality Aware, 10 leaders: 9.313604e-02
Nonblocking Multileader Locality, 10 leaders: 3.825425e-03
Pairwise Multileader, 20 leaders: 5.503902e-03
Pairwise Locality Aware, 20 leaders: 2.810522e-03
Pairwise Multileader Locality, 20 leaders: 2.586881e-03
Nonblocking Multileader, 20 leaders: 2.003455e-02
Nonblocking Locality Aware, 20 leaders: 9.325453e-02
Nonblocking Multileader Locality, 20 leaders: 1.749263e-03
Size 64
PMPI: 9.048731e-03
Pairwise: 1.518943e-02
NonBlocking: 1.636417e-01
Pairwise Hierarchical: 8.273521e-02
Pairwise Node Aware: 4.388383e-03
Nonblocking Hierarchical: 6.424360e-02
Nonblocking Node Aware: 3.319913e-03
Pairwise Multileader, 4 leaders: 2.598608e-02
Pairwise Locality Aware, 4 leaders: 3.476691e-03
Pairwise Multileader Locality, 4 leaders: 2.231037e-02
Nonblocking Multileader, 4 leaders: 1.636491e-02
Nonblocking Locality Aware, 4 leaders: 3.842887e-03
Nonblocking Multileader Locality, 4 leaders: 1.765232e-02
Pairwise Multileader, 10 leaders: 1.202461e-02
Pairwise Locality Aware, 10 leaders: 3.996800e-03
Pairwise Multileader Locality, 10 leaders: 1.024144e-02
Nonblocking Multileader, 10 leaders: 7.876929e-03
Nonblocking Locality Aware, 10 leaders: 7.632976e-02
Nonblocking Multileader Locality, 10 leaders: 8.509270e-03
Pairwise Multileader, 20 leaders: 8.095084e-03
Pairwise Locality Aware, 20 leaders: 5.453418e-03
Pairwise Multileader Locality, 20 leaders: 5.661901e-03
Nonblocking Multileader, 20 leaders: 4.303389e-03
Nonblocking Locality Aware, 20 leaders: 1.397203e-01
Nonblocking Multileader Locality, 20 leaders: 4.377829e-03
Size 128
PMPI: 1.610684e-02
Pairwise: 1.904374e-02
NonBlocking: 1.387384e-01
Pairwise Hierarchical: 1.580213e-01
Pairwise Node Aware: 9.452177e-03
Nonblocking Hierarchical: 1.240422e-01
Nonblocking Node Aware: 7.095227e-03
Pairwise Multileader, 4 leaders: 5.310162e-02
Pairwise Locality Aware, 4 leaders: 6.831349e-03
Pairwise Multileader Locality, 4 leaders: 5.481982e-02
Nonblocking Multileader, 4 leaders: 3.714897e-02
Nonblocking Locality Aware, 4 leaders: 7.818360e-03
Nonblocking Multileader Locality, 4 leaders: 4.196103e-02
Pairwise Multileader, 10 leaders: 2.265429e-02
Pairwise Locality Aware, 10 leaders: 7.908054e-03
Pairwise Multileader Locality, 10 leaders: 2.424963e-02
Nonblocking Multileader, 10 leaders: 1.727127e-02
Nonblocking Locality Aware, 10 leaders: 9.967747e-03
Nonblocking Multileader Locality, 10 leaders: 1.958599e-02
Pairwise Multileader, 20 leaders: 1.500100e-02
Pairwise Locality Aware, 20 leaders: 9.076166e-03
Pairwise Multileader Locality, 20 leaders: 1.169397e-02
Nonblocking Multileader, 20 leaders: 1.035984e-02
Nonblocking Locality Aware, 20 leaders: 9.717481e-02
Nonblocking Multileader Locality, 20 leaders: 9.618162e-03
Size 256
PMPI: 3.377285e-02
Pairwise: 2.100875e-02
NonBlocking: 1.427803e-01
Pairwise Hierarchical: 3.083426e-01
Pairwise Node Aware: 1.464036e-02
Nonblocking Hierarchical: 2.479594e-01
Nonblocking Node Aware: 1.356602e-02
Pairwise Multileader, 4 leaders: 9.493639e-02
Pairwise Locality Aware, 4 leaders: 1.770449e-02
Pairwise Multileader Locality, 4 leaders: 1.046179e-01
Nonblocking Multileader, 4 leaders: 6.864804e-02
Nonblocking Locality Aware, 4 leaders: 1.495009e-02
Nonblocking Multileader Locality, 4 leaders: 7.953759e-02
Pairwise Multileader, 10 leaders: 5.521455e-02
Pairwise Locality Aware, 10 leaders: 1.522211e-02
Pairwise Multileader Locality, 10 leaders: 5.167622e-02
Nonblocking Multileader, 10 leaders: 3.706520e-02
Nonblocking Locality Aware, 10 leaders: 2.401096e-02
Nonblocking Multileader Locality, 10 leaders: 4.224329e-02
Pairwise Multileader, 20 leaders: 2.888506e-02
Pairwise Locality Aware, 20 leaders: 1.610305e-02
Pairwise Multileader Locality, 20 leaders: 2.598425e-02
Nonblocking Multileader, 20 leaders: 1.697754e-02
Nonblocking Locality Aware, 20 leaders: 3.844738e-02
Nonblocking Multileader Locality, 20 leaders: 2.056405e-02
Size 512
PMPI: 7.929235e-02
Pairwise: 3.489512e-02
NonBlocking: 1.765847e-01
Pairwise Hierarchical: 5.963804e-01
Pairwise Node Aware: 3.301239e-02
Nonblocking Hierarchical: 5.446209e-01
Nonblocking Node Aware: 3.038346e-02
Pairwise Multileader, 4 leaders: 1.811619e-01
Pairwise Locality Aware, 4 leaders: 3.044264e-02
Pairwise Multileader Locality, 4 leaders: 2.025514e-01
Nonblocking Multileader, 4 leaders: 1.316438e-01
Nonblocking Locality Aware, 4 leaders: 2.284937e-02
Nonblocking Multileader Locality, 4 leaders: 1.569969e-01
Pairwise Multileader, 10 leaders: 1.060530e-01
Pairwise Locality Aware, 10 leaders: 3.355888e-02
Pairwise Multileader Locality, 10 leaders: 1.058262e-01
Nonblocking Multileader, 10 leaders: 7.348405e-02
Nonblocking Locality Aware, 10 leaders: 2.658681e-02
Nonblocking Multileader Locality, 10 leaders: 8.670894e-02
Pairwise Multileader, 20 leaders: 5.773434e-02
Pairwise Locality Aware, 20 leaders: 3.492593e-02
Pairwise Multileader Locality, 20 leaders: 5.420593e-02
Nonblocking Multileader, 20 leaders: 3.384803e-02
Nonblocking Locality Aware, 20 leaders: 4.842403e-02
Nonblocking Multileader Locality, 20 leaders: 4.353154e-02
Size 1024
PMPI: 7.691317e-02
Pairwise: 6.977977e-02
NonBlocking: 2.211700e-01
Pairwise Hierarchical: 1.182616e+00
Pairwise Node Aware: 5.819379e-02
Nonblocking Hierarchical: 1.071141e+00
Nonblocking Node Aware: 4.806296e-02
Pairwise Multileader, 4 leaders: 3.305948e-01
Pairwise Locality Aware, 4 leaders: 6.361833e-02
Pairwise Multileader Locality, 4 leaders: 3.749542e-01
Nonblocking Multileader, 4 leaders: 2.469162e-01
Nonblocking Locality Aware, 4 leaders: 4.624636e-02
Nonblocking Multileader Locality, 4 leaders: 3.008025e-01
Pairwise Multileader, 10 leaders: 1.944837e-01
Pairwise Locality Aware, 10 leaders: 6.729415e-02
Pairwise Multileader Locality, 10 leaders: 2.045022e-01
Nonblocking Multileader, 10 leaders: 1.387563e-01
Nonblocking Locality Aware, 10 leaders: 5.945051e-02
Nonblocking Multileader Locality, 10 leaders: 1.678692e-01
Pairwise Multileader, 20 leaders: 1.356436e-01
Pairwise Locality Aware, 20 leaders: 7.375354e-02
Pairwise Multileader Locality, 20 leaders: 1.199923e-01
Nonblocking Multileader, 20 leaders: 8.477018e-02
Nonblocking Locality Aware, 20 leaders: 6.095028e-02
Nonblocking Multileader Locality, 20 leaders: 1.045430e-01
Size 2048
PMPI: 1.402930e-01
Pairwise: 1.322982e-01
NonBlocking: 2.110277e-01
Pairwise Hierarchical: 2.505509e+00
Pairwise Node Aware: 1.170062e-01
Nonblocking Hierarchical: 2.261080e+00
Nonblocking Node Aware: 9.799649e-02
Pairwise Multileader, 4 leaders: 6.720463e-01
Pairwise Locality Aware, 4 leaders: 1.294366e-01
Pairwise Multileader Locality, 4 leaders: 7.567576e-01
Nonblocking Multileader, 4 leaders: 5.598694e-01
Nonblocking Locality Aware, 4 leaders: 9.004450e-02
Nonblocking Multileader Locality, 4 leaders: 6.594793e-01
Pairwise Multileader, 10 leaders: 3.953671e-01
Pairwise Locality Aware, 10 leaders: 1.430984e-01
Pairwise Multileader Locality, 10 leaders: 4.329844e-01
Nonblocking Multileader, 10 leaders: 2.757359e-01
Nonblocking Locality Aware, 10 leaders: 9.285788e-02
Nonblocking Multileader Locality, 10 leaders: 3.401643e-01
Pairwise Multileader, 20 leaders: 2.414140e-01
Pairwise Locality Aware, 20 leaders: 1.372615e-01
Pairwise Multileader Locality, 20 leaders: 2.327329e-01
Nonblocking Multileader, 20 leaders: 1.641776e-01
Nonblocking Locality Aware, 20 leaders: 1.040875e-01
Nonblocking Multileader Locality, 20 leaders: 2.038472e-01
Size 4096
PMPI: 3.045753e-01
Pairwise: 2.977667e-01
NonBlocking: 4.818090e-01
Test 3 Running Alltoall Benchmark on 16 nodes and 1600 tasks
Size 1
PMPI: 3.960546e-04
Pairwise: 5.474995e-03
NonBlocking: 9.639122e-02
Pairwise Hierarchical: 1.116929e-03
Pairwise Node Aware: 3.941240e-04
Nonblocking Hierarchical: 9.495636e-04
Nonblocking Node Aware: 2.523344e-04
Pairwise Multileader, 4 leaders: 7.216885e-04
Pairwise Locality Aware, 4 leaders: 7.156528e-04
Pairwise Multileader Locality, 4 leaders: 4.765839e-04
Nonblocking Multileader, 4 leaders: 3.064689e-04
Nonblocking Locality Aware, 4 leaders: 3.103908e-04
Nonblocking Multileader Locality, 4 leaders: 3.495175e-04
Pairwise Multileader, 10 leaders: 1.382130e-03
Pairwise Locality Aware, 10 leaders: 1.073391e-03
Pairwise Multileader Locality, 10 leaders: 2.910807e-04
Nonblocking Multileader, 10 leaders: 1.236408e-03
Nonblocking Locality Aware, 10 leaders: 2.494663e-02
Nonblocking Multileader Locality, 10 leaders: 1.802727e-04
Pairwise Multileader, 20 leaders: 3.319134e-03
Pairwise Locality Aware, 20 leaders: 2.100537e-03
Pairwise Multileader Locality, 20 leaders: 2.305420e-04
Nonblocking Multileader, 20 leaders: 1.075209e-03
Nonblocking Locality Aware, 20 leaders: 5.507285e-02
Nonblocking Multileader Locality, 20 leaders: 1.560742e-04
Size 2
PMPI: 4.862744e-04
Pairwise: 6.364438e-03
NonBlocking: 4.252438e-02
Pairwise Hierarchical: 2.648995e-03
Pairwise Node Aware: 4.620677e-04
Nonblocking Hierarchical: 2.147210e-03
Nonblocking Node Aware: 3.576659e-04
Pairwise Multileader, 4 leaders: 9.856562e-04
Pairwise Locality Aware, 4 leaders: 6.840954e-04
Pairwise Multileader Locality, 4 leaders: 1.328916e-03
Nonblocking Multileader, 4 leaders: 4.510802e-04
Nonblocking Locality Aware, 4 leaders: 3.886157e-04
Nonblocking Multileader Locality, 4 leaders: 4.860972e-04
Pairwise Multileader, 10 leaders: 1.096833e-03
Pairwise Locality Aware, 10 leaders: 1.657395e-03
Pairwise Multileader Locality, 10 leaders: 3.680258e-04
Nonblocking Multileader, 10 leaders: 1.513308e-03
Nonblocking Locality Aware, 10 leaders: 9.181980e-02
Nonblocking Multileader Locality, 10 leaders: 2.680016e-04
Pairwise Multileader, 20 leaders: 3.365415e-03
Pairwise Locality Aware, 20 leaders: 2.703683e-03
Pairwise Multileader Locality, 20 leaders: 3.352101e-04
Nonblocking Multileader, 20 leaders: 2.553489e-03
Nonblocking Locality Aware, 20 leaders: 7.451855e-02
Nonblocking Multileader Locality, 20 leaders: 2.238203e-04
Size 4
PMPI: 8.205711e-04
Pairwise: 1.106186e-02
NonBlocking: 1.400955e-01
Pairwise Hierarchical: 3.980453e-03
Pairwise Node Aware: 6.022592e-04
Nonblocking Hierarchical: 3.461640e-03
Nonblocking Node Aware: 5.526901e-04
Pairwise Multileader, 4 leaders: 1.564894e-03
Pairwise Locality Aware, 4 leaders: 5.753050e-04
Pairwise Multileader Locality, 4 leaders: 1.324541e-03
Nonblocking Multileader, 4 leaders: 9.103165e-04
Nonblocking Locality Aware, 4 leaders: 3.570327e-04
Nonblocking Multileader Locality, 4 leaders: 1.073172e-03
Pairwise Multileader, 10 leaders: 1.568238e-03
Pairwise Locality Aware, 10 leaders: 1.478648e-03
Pairwise Multileader Locality, 10 leaders: 5.863741e-04
Nonblocking Multileader, 10 leaders: 3.252252e-03
Nonblocking Locality Aware, 10 leaders: 6.210261e-02
Nonblocking Multileader Locality, 10 leaders: 4.540004e-04
Pairwise Multileader, 20 leaders: 3.094871e-03
Pairwise Locality Aware, 20 leaders: 3.454732e-03
Pairwise Multileader Locality, 20 leaders: 4.655524e-04
Nonblocking Multileader, 20 leaders: 1.276040e-02
Nonblocking Locality Aware, 20 leaders: 9.180171e-02
Nonblocking Multileader Locality, 20 leaders: 2.765709e-04
Size 8
PMPI: 1.405421e-03
Pairwise: 1.022192e-02
NonBlocking: 1.849372e-01
Pairwise Hierarchical: 9.842139e-03
Pairwise Node Aware: 8.929282e-04
Nonblocking Hierarchical: 8.127924e-03
Nonblocking Node Aware: 8.828257e-04
Pairwise Multileader, 4 leaders: 4.197558e-03
Pairwise Locality Aware, 4 leaders: 1.019653e-03
Pairwise Multileader Locality, 4 leaders: 3.449939e-03
Nonblocking Multileader, 4 leaders: 2.008045e-03
Nonblocking Locality Aware, 4 leaders: 6.432198e-04
Nonblocking Multileader Locality, 4 leaders: 2.618099e-03
Pairwise Multileader, 10 leaders: 2.710071e-03
Pairwise Locality Aware, 10 leaders: 2.087068e-03
Pairwise Multileader Locality, 10 leaders: 1.344178e-03
Nonblocking Multileader, 10 leaders: 1.161001e-03
Nonblocking Locality Aware, 10 leaders: 6.931186e-02
Nonblocking Multileader Locality, 10 leaders: 9.292750e-04
Pairwise Multileader, 20 leaders: 3.457649e-03
Pairwise Locality Aware, 20 leaders: 2.952652e-03
Pairwise Multileader Locality, 20 leaders: 7.856568e-04
Nonblocking Multileader, 20 leaders: 2.045112e-02
Nonblocking Locality Aware, 20 leaders: 8.681970e-02
Nonblocking Multileader Locality, 20 leaders: 6.722649e-04
Size 16
PMPI: 2.838411e-03
Pairwise: 9.943719e-03
NonBlocking: 1.404253e-01
Pairwise Hierarchical: 2.090883e-02
Pairwise Node Aware: 1.401175e-03
Nonblocking Hierarchical: 1.655671e-02
Nonblocking Node Aware: 1.207182e-03
Pairwise Multileader, 4 leaders: 4.912534e-03
Pairwise Locality Aware, 4 leaders: 1.214650e-03
Pairwise Multileader Locality, 4 leaders: 6.027324e-03
Nonblocking Multileader, 4 leaders: 3.965592e-03
Nonblocking Locality Aware, 4 leaders: 9.778685e-04
Nonblocking Multileader Locality, 4 leaders: 4.842933e-03
Pairwise Multileader, 10 leaders: 3.260387e-03
Pairwise Locality Aware, 10 leaders: 1.830816e-03
Pairwise Multileader Locality, 10 leaders: 2.225314e-03
Nonblocking Multileader, 10 leaders: 1.873477e-03
Nonblocking Locality Aware, 10 leaders: 9.270157e-02
Nonblocking Multileader Locality, 10 leaders: 1.914955e-03
Pairwise Multileader, 20 leaders: 4.564122e-03
Pairwise Locality Aware, 20 leaders: 3.169893e-03
Pairwise Multileader Locality, 20 leaders: 1.601558e-03
Nonblocking Multileader, 20 leaders: 3.570014e-02
Nonblocking Locality Aware, 20 leaders: 1.118160e-01
Nonblocking Multileader Locality, 20 leaders: 1.200267e-03
Size 32
PMPI: 4.705470e-03
Pairwise: 1.413085e-02
NonBlocking: 1.397427e-01
Pairwise Hierarchical: 4.255240e-02
Pairwise Node Aware: 2.121627e-03
Nonblocking Hierarchical: 3.374974e-02
Nonblocking Node Aware: 2.020638e-03
Pairwise Multileader, 4 leaders: 1.350621e-02
Pairwise Locality Aware, 4 leaders: 2.048482e-03
Pairwise Multileader Locality, 4 leaders: 1.091914e-02
Nonblocking Multileader, 4 leaders: 8.584576e-03
Nonblocking Locality Aware, 4 leaders: 1.849526e-03
Nonblocking Multileader Locality, 4 leaders: 8.756973e-03
Pairwise Multileader, 10 leaders: 5.574793e-03
Pairwise Locality Aware, 10 leaders: 2.766874e-03
Pairwise Multileader Locality, 10 leaders: 4.734075e-03
Nonblocking Multileader, 10 leaders: 3.852127e-03
Nonblocking Locality Aware, 10 leaders: 9.343866e-02
Nonblocking Multileader Locality, 10 leaders: 3.893754e-03
Pairwise Multileader, 20 leaders: 5.233732e-03
Pairwise Locality Aware, 20 leaders: 3.645739e-03
Pairwise Multileader Locality, 20 leaders: 2.567764e-03
Nonblocking Multileader, 20 leaders: 2.627530e-02
Nonblocking Locality Aware, 20 leaders: 9.302013e-02
Nonblocking Multileader Locality, 20 leaders: 2.215860e-03
Size 64
PMPI: 9.066405e-03
Pairwise: 1.198786e-02
NonBlocking: 1.414897e-01
Pairwise Hierarchical: 8.173402e-02
Pairwise Node Aware: 4.550808e-03
Nonblocking Hierarchical: 6.494452e-02
Nonblocking Node Aware: 3.514778e-03
Pairwise Multileader, 4 leaders: 2.611272e-02
Pairwise Locality Aware, 4 leaders: 3.428543e-03
Pairwise Multileader Locality, 4 leaders: 2.219968e-02
Nonblocking Multileader, 4 leaders: 1.647681e-02
Nonblocking Locality Aware, 4 leaders: 3.348759e-03
Nonblocking Multileader Locality, 4 leaders: 1.759053e-02
Pairwise Multileader, 10 leaders: 1.176387e-02
Pairwise Locality Aware, 10 leaders: 3.428574e-03
Pairwise Multileader Locality, 10 leaders: 1.019865e-02
Nonblocking Multileader, 10 leaders: 7.853390e-03
Nonblocking Locality Aware, 10 leaders: 7.619476e-02
Nonblocking Multileader Locality, 10 leaders: 8.558144e-03
Pairwise Multileader, 20 leaders: 7.899463e-03
Pairwise Locality Aware, 20 leaders: 4.789286e-03
Pairwise Multileader Locality, 20 leaders: 5.488634e-03
Nonblocking Multileader, 20 leaders: 4.857965e-03
Nonblocking Locality Aware, 20 leaders: 1.177537e-01
Nonblocking Multileader Locality, 20 leaders: 4.318849e-03
Size 128
PMPI: 1.575609e-02
Pairwise: 1.855862e-02
NonBlocking: 1.146538e-01
Pairwise Hierarchical: 1.581138e-01
Pairwise Node Aware: 9.241728e-03
Nonblocking Hierarchical: 1.238153e-01
Nonblocking Node Aware: 6.616641e-03
Pairwise Multileader, 4 leaders: 5.252088e-02
Pairwise Locality Aware, 4 leaders: 7.693637e-03
Pairwise Multileader Locality, 4 leaders: 5.529461e-02
Nonblocking Multileader, 4 leaders: 3.705402e-02
Nonblocking Locality Aware, 4 leaders: 1.046316e-02
Nonblocking Multileader Locality, 4 leaders: 4.250655e-02
Pairwise Multileader, 10 leaders: 2.351790e-02
Pairwise Locality Aware, 10 leaders: 8.337354e-03
Pairwise Multileader Locality, 10 leaders: 2.411577e-02
Nonblocking Multileader, 10 leaders: 1.738704e-02
Nonblocking Locality Aware, 10 leaders: 1.072018e-02
Nonblocking Multileader Locality, 10 leaders: 1.958778e-02
Pairwise Multileader, 20 leaders: 1.505632e-02
Pairwise Locality Aware, 20 leaders: 8.647552e-03
Pairwise Multileader Locality, 20 leaders: 1.166353e-02
Nonblocking Multileader, 20 leaders: 8.845706e-03
Nonblocking Locality Aware, 20 leaders: 9.670877e-02
Nonblocking Multileader Locality, 20 leaders: 9.580278e-03
Size 256
PMPI: 3.097310e-02
Pairwise: 2.905423e-02
NonBlocking: 1.430299e-01
Pairwise Hierarchical: 3.068532e-01
Pairwise Node Aware: 1.459277e-02
Nonblocking Hierarchical: 2.492509e-01
Nonblocking Node Aware: 1.365241e-02
Pairwise Multileader, 4 leaders: 9.575482e-02
Pairwise Locality Aware, 4 leaders: 1.317357e-02
Pairwise Multileader Locality, 4 leaders: 1.051971e-01
Nonblocking Multileader, 4 leaders: 6.875683e-02
Nonblocking Locality Aware, 4 leaders: 1.139220e-02
Nonblocking Multileader Locality, 4 leaders: 8.054341e-02
Pairwise Multileader, 10 leaders: 5.531116e-02
Pairwise Locality Aware, 10 leaders: 1.590088e-02
Pairwise Multileader Locality, 10 leaders: 5.114276e-02
Nonblocking Multileader, 10 leaders: 3.707978e-02
Nonblocking Locality Aware, 10 leaders: 2.510372e-02
Nonblocking Multileader Locality, 10 leaders: 4.188994e-02
Pairwise Multileader, 20 leaders: 3.019336e-02
Pairwise Locality Aware, 20 leaders: 1.555240e-02
Pairwise Multileader Locality, 20 leaders: 2.615888e-02
Nonblocking Multileader, 20 leaders: 1.719047e-02
Nonblocking Locality Aware, 20 leaders: 2.997216e-02
Nonblocking Multileader Locality, 20 leaders: 2.078194e-02
Size 512
PMPI: 5.732195e-02
Pairwise: 3.929766e-02
NonBlocking: 1.573110e-01
Pairwise Hierarchical: 6.061261e-01
Pairwise Node Aware: 3.256360e-02
Nonblocking Hierarchical: 5.331022e-01
Nonblocking Node Aware: 2.984250e-02
Pairwise Multileader, 4 leaders: 1.798160e-01
Pairwise Locality Aware, 4 leaders: 3.106555e-02
Pairwise Multileader Locality, 4 leaders: 2.012846e-01
Nonblocking Multileader, 4 leaders: 1.329920e-01
Nonblocking Locality Aware, 4 leaders: 2.626152e-02
Nonblocking Multileader Locality, 4 leaders: 1.580197e-01
Pairwise Multileader, 10 leaders: 1.062948e-01
Pairwise Locality Aware, 10 leaders: 3.419549e-02
Pairwise Multileader Locality, 10 leaders: 1.058527e-01
Nonblocking Multileader, 10 leaders: 7.315307e-02
Nonblocking Locality Aware, 10 leaders: 2.836180e-02
Nonblocking Multileader Locality, 10 leaders: 8.659736e-02
Pairwise Multileader, 20 leaders: 5.892080e-02
Pairwise Locality Aware, 20 leaders: 3.322558e-02
Pairwise Multileader Locality, 20 leaders: 5.437122e-02
Nonblocking Multileader, 20 leaders: 3.439948e-02
Nonblocking Locality Aware, 20 leaders: 4.324607e-02
Nonblocking Multileader Locality, 20 leaders: 4.358004e-02
Size 1024
PMPI: 7.635907e-02
Pairwise: 7.154243e-02
NonBlocking: 1.985505e-01
Pairwise Hierarchical: 1.214027e+00
Pairwise Node Aware: 6.054313e-02
Nonblocking Hierarchical: 1.094687e+00
Nonblocking Node Aware: 4.814290e-02
Pairwise Multileader, 4 leaders: 3.339105e-01
Pairwise Locality Aware, 4 leaders: 6.332949e-02
Pairwise Multileader Locality, 4 leaders: 3.714774e-01
Nonblocking Multileader, 4 leaders: 2.504473e-01
Nonblocking Locality Aware, 4 leaders: 4.599229e-02
Nonblocking Multileader Locality, 4 leaders: 2.966327e-01
Pairwise Multileader, 10 leaders: 1.939747e-01
Pairwise Locality Aware, 10 leaders: 7.147648e-02
Pairwise Multileader Locality, 10 leaders: 2.049406e-01
Nonblocking Multileader, 10 leaders: 1.387262e-01
Nonblocking Locality Aware, 10 leaders: 9.969333e-02
Nonblocking Multileader Locality, 10 leaders: 1.686026e-01
Pairwise Multileader, 20 leaders: 1.409243e-01
Pairwise Locality Aware, 20 leaders: 7.024910e-02
Pairwise Multileader Locality, 20 leaders: 1.196581e-01
Nonblocking Multileader, 20 leaders: 8.495365e-02
Nonblocking Locality Aware, 20 leaders: 4.496643e-02
Nonblocking Multileader Locality, 20 leaders: 1.039970e-01
Size 2048
PMPI: 1.461020e-01
Pairwise: 1.400693e-01
NonBlocking: 2.126853e-01
Pairwise Hierarchical: 2.531030e+00
Pairwise Node Aware: 1.163156e-01
