Running Alltoall Benchmark on 2 nodes and 220 tasks
Size 1
PMPI: 3.695355e-05
Pairwise: 4.058014e-04
NonBlocking: 3.998360e-04
Size 2
PMPI: 4.650460e-05
Pairwise: 3.981626e-04
NonBlocking: 3.827408e-04
Size 4
PMPI: 7.314483e-05
Pairwise: 6.342304e-04
NonBlocking: 6.176965e-04
Size 8
PMPI: 9.707901e-05
Pairwise: 6.531243e-04
NonBlocking: 6.153247e-04
Size 16
PMPI: 1.824698e-04
Pairwise: 6.009788e-04
NonBlocking: 6.014581e-04
Size 32
PMPI: 3.009163e-04
Pairwise: 6.226264e-04
NonBlocking: 6.219370e-04
Size 64
PMPI: 5.077885e-04
Pairwise: 6.716488e-04
NonBlocking: 6.714359e-04
Size 128
PMPI: 1.003324e-03
Pairwise: 8.647416e-04
NonBlocking: 8.646867e-04
Size 256
PMPI: 1.337481e-03
Pairwise: 1.385878e-03
NonBlocking: 1.387301e-03
Size 512
PMPI: 2.651088e-03
Pairwise: 2.494379e-03
NonBlocking: 2.493665e-03
Size 1024
PMPI: 4.711480e-03
Pairwise: 4.693274e-03
NonBlocking: 4.690847e-03
Size 2048
PMPI: 9.598414e-03
Pairwise: 9.624846e-03
NonBlocking: 9.560769e-03
Size 4096
PMPI: 2.245199e-02
Pairwise: 1.898934e-02
NonBlocking: 1.888722e-02
Size 8192
PMPI: 3.410653e-02
Pairwise: 3.400819e-02
NonBlocking: 3.390487e-02
Size 16384
PMPI: 4.906777e-02
Pairwise: 5.134904e-02
NonBlocking: 3.614457e-02
