Testing Size 1
PMPI_Allreduce Time 1.356691e-05
MPIL Recursive Doubling Allreduce Time 1.966878e-05
MPIL Node-Aware Dissemination Allreduce Time 1.857671e-05
MPIL NUMA-Aware Dissemination Allreduce Time 9.751903e-06
Testing Size 2
PMPI_Allreduce Time 1.428717e-05
MPIL Recursive Doubling Allreduce Time 1.599749e-05
MPIL Node-Aware Dissemination Allreduce Time 1.845452e-05
MPIL NUMA-Aware Dissemination Allreduce Time 9.544239e-06
Testing Size 4
PMPI_Allreduce Time 1.785471e-05
MPIL Recursive Doubling Allreduce Time 1.762449e-05
MPIL Node-Aware Dissemination Allreduce Time 2.182609e-05
MPIL NUMA-Aware Dissemination Allreduce Time 1.129749e-05
Testing Size 8
PMPI_Allreduce Time 1.706270e-05
MPIL Recursive Doubling Allreduce Time 1.592916e-05
MPIL Node-Aware Dissemination Allreduce Time 2.061592e-05
MPIL NUMA-Aware Dissemination Allreduce Time 1.130279e-05
Testing Size 16
PMPI_Allreduce Time 1.894016e-05
MPIL Recursive Doubling Allreduce Time 1.723880e-05
MPIL Node-Aware Dissemination Allreduce Time 2.205139e-05
MPIL NUMA-Aware Dissemination Allreduce Time 1.194027e-05
Testing Size 32
PMPI_Allreduce Time 1.787624e-05
MPIL Recursive Doubling Allreduce Time 1.906259e-05
MPIL Node-Aware Dissemination Allreduce Time 2.264173e-05
MPIL NUMA-Aware Dissemination Allreduce Time 1.237377e-05
Testing Size 64
PMPI_Allreduce Time 2.062480e-05
MPIL Recursive Doubling Allreduce Time 2.042152e-05
MPIL Node-Aware Dissemination Allreduce Time 2.388070e-05
MPIL NUMA-Aware Dissemination Allreduce Time 1.299752e-05
Testing Size 128
PMPI_Allreduce Time 2.389596e-05
MPIL Recursive Doubling Allreduce Time 2.894540e-05
MPIL Node-Aware Dissemination Allreduce Time 2.932720e-05
MPIL NUMA-Aware Dissemination Allreduce Time 1.520384e-05
Testing Size 256
PMPI_Allreduce Time 4.313982e-05
MPIL Recursive Doubling Allreduce Time 7.305831e-05
MPIL Node-Aware Dissemination Allreduce Time 3.435122e-05
MPIL NUMA-Aware Dissemination Allreduce Time 1.929521e-05
Testing Size 512
PMPI_Allreduce Time 7.177604e-05
MPIL Recursive Doubling Allreduce Time 1.123192e-04
MPIL Node-Aware Dissemination Allreduce Time 4.454800e-05
MPIL NUMA-Aware Dissemination Allreduce Time 3.043465e-05
Testing Size 1024
PMPI_Allreduce Time 1.217052e-04
MPIL Recursive Doubling Allreduce Time 2.445854e-04
MPIL Node-Aware Dissemination Allreduce Time 7.168266e-05
MPIL NUMA-Aware Dissemination Allreduce Time 4.596613e-05
Testing Size 2048
PMPI_Allreduce Time 3.443731e-04
MPIL Recursive Doubling Allreduce Time 4.551927e-04
MPIL Node-Aware Dissemination Allreduce Time 2.370304e-04
MPIL NUMA-Aware Dissemination Allreduce Time 8.125344e-05
Testing Size 4096
PMPI_Allreduce Time 2.613541e-04
MPIL Recursive Doubling Allreduce Time 8.262245e-04
MPIL Node-Aware Dissemination Allreduce Time 3.660647e-04
MPIL NUMA-Aware Dissemination Allreduce Time 1.560642e-04
Testing Size 8192
PMPI_Allreduce Time 2.379995e-04
MPIL Recursive Doubling Allreduce Time 9.824314e-04
MPIL Node-Aware Dissemination Allreduce Time 6.216383e-04
MPIL NUMA-Aware Dissemination Allreduce Time 2.593053e-04
Testing Size 16384
PMPI_Allreduce Time 1.108292e-03
MPIL Recursive Doubling Allreduce Time 1.882377e-03
MPIL Node-Aware Dissemination Allreduce Time 1.174625e-03
MPIL NUMA-Aware Dissemination Allreduce Time 4.925091e-04
Testing Size 32768
PMPI_Allreduce Time 3.134649e-04
MPIL Recursive Doubling Allreduce Time 3.696321e-03
MPIL Node-Aware Dissemination Allreduce Time 8.768081e-04
MPIL NUMA-Aware Dissemination Allreduce Time 9.767021e-04
Testing Size 65536
PMPI_Allreduce Time 5.674997e-04
MPIL Recursive Doubling Allreduce Time 7.152533e-03
MPIL Node-Aware Dissemination Allreduce Time 1.754874e-03
MPIL NUMA-Aware Dissemination Allreduce Time 1.999802e-03
Testing Size 131072
PMPI_Allreduce Time 1.214132e-03
MPIL Recursive Doubling Allreduce Time 1.471725e-02
MPIL Node-Aware Dissemination Allreduce Time 4.048517e-03
MPIL NUMA-Aware Dissemination Allreduce Time 4.696562e-03
Testing Size 262144
PMPI_Allreduce Time 3.875532e-03
MPIL Recursive Doubling Allreduce Time 3.303814e-02
MPIL Node-Aware Dissemination Allreduce Time 1.191451e-02
MPIL NUMA-Aware Dissemination Allreduce Time 1.276730e-02
Testing Size 524288
PMPI_Allreduce Time 1.122863e-02
MPIL Recursive Doubling Allreduce Time 9.702883e-02
MPIL Node-Aware Dissemination Allreduce Time 2.887391e-02
MPIL NUMA-Aware Dissemination Allreduce Time 3.094513e-02
