Testing Size 1
PMPI_Allreduce Time 1.681782e-05
MPIL Recursive Doubling Allreduce Time 1.896740e-05
MPIL Node-Aware Dissemination Allreduce Time 2.057263e-05
MPIL NUMA-Aware Dissemination Allreduce Time 1.052326e-05
Testing Size 2
PMPI_Allreduce Time 1.724391e-05
MPIL Recursive Doubling Allreduce Time 1.912195e-05
MPIL Node-Aware Dissemination Allreduce Time 1.938647e-05
MPIL NUMA-Aware Dissemination Allreduce Time 1.122490e-05
Testing Size 4
PMPI_Allreduce Time 2.041584e-05
MPIL Recursive Doubling Allreduce Time 2.035153e-05
MPIL Node-Aware Dissemination Allreduce Time 2.311223e-05
MPIL NUMA-Aware Dissemination Allreduce Time 1.261648e-05
Testing Size 8
PMPI_Allreduce Time 1.882268e-05
MPIL Recursive Doubling Allreduce Time 2.019461e-05
MPIL Node-Aware Dissemination Allreduce Time 2.272373e-05
MPIL NUMA-Aware Dissemination Allreduce Time 1.279863e-05
Testing Size 16
PMPI_Allreduce Time 2.027235e-05
MPIL Recursive Doubling Allreduce Time 1.989478e-05
MPIL Node-Aware Dissemination Allreduce Time 2.286642e-05
MPIL NUMA-Aware Dissemination Allreduce Time 1.288495e-05
Testing Size 32
PMPI_Allreduce Time 1.987044e-05
MPIL Recursive Doubling Allreduce Time 2.405761e-05
MPIL Node-Aware Dissemination Allreduce Time 2.348223e-05
MPIL NUMA-Aware Dissemination Allreduce Time 1.311240e-05
Testing Size 64
PMPI_Allreduce Time 2.134260e-05
MPIL Recursive Doubling Allreduce Time 2.990817e-05
MPIL Node-Aware Dissemination Allreduce Time 2.460448e-05
MPIL NUMA-Aware Dissemination Allreduce Time 1.458127e-05
Testing Size 128
PMPI_Allreduce Time 2.405550e-05
MPIL Recursive Doubling Allreduce Time 6.163974e-05
MPIL Node-Aware Dissemination Allreduce Time 3.075650e-05
MPIL NUMA-Aware Dissemination Allreduce Time 1.889480e-05
Testing Size 256
PMPI_Allreduce Time 2.862545e-05
MPIL Recursive Doubling Allreduce Time 1.402067e-04
MPIL Node-Aware Dissemination Allreduce Time 3.659226e-05
MPIL NUMA-Aware Dissemination Allreduce Time 6.870335e-05
Testing Size 512
PMPI_Allreduce Time 4.256098e-05
MPIL Recursive Doubling Allreduce Time 1.461367e-04
MPIL Node-Aware Dissemination Allreduce Time 4.469880e-05
MPIL NUMA-Aware Dissemination Allreduce Time 4.805386e-05
Testing Size 1024
PMPI_Allreduce Time 4.623283e-05
MPIL Recursive Doubling Allreduce Time 2.687557e-04
MPIL Node-Aware Dissemination Allreduce Time 7.489074e-05
MPIL NUMA-Aware Dissemination Allreduce Time 7.667629e-05
Testing Size 2048
PMPI_Allreduce Time 5.704230e-05
MPIL Recursive Doubling Allreduce Time 5.756928e-04
MPIL Node-Aware Dissemination Allreduce Time 2.440042e-04
MPIL NUMA-Aware Dissemination Allreduce Time 1.539297e-04
Testing Size 4096
PMPI_Allreduce Time 8.412262e-05
MPIL Recursive Doubling Allreduce Time 1.117813e-03
MPIL Node-Aware Dissemination Allreduce Time 3.761084e-04
MPIL NUMA-Aware Dissemination Allreduce Time 3.069257e-04
Testing Size 8192
PMPI_Allreduce Time 1.222260e-04
MPIL Recursive Doubling Allreduce Time 1.675579e-03
MPIL Node-Aware Dissemination Allreduce Time 6.198639e-04
MPIL NUMA-Aware Dissemination Allreduce Time 4.004302e-04
Testing Size 16384
PMPI_Allreduce Time 2.101535e-04
MPIL Recursive Doubling Allreduce Time 3.188152e-03
MPIL Node-Aware Dissemination Allreduce Time 1.192441e-03
MPIL NUMA-Aware Dissemination Allreduce Time 7.698320e-04
Testing Size 32768
PMPI_Allreduce Time 3.644249e-04
MPIL Recursive Doubling Allreduce Time 6.357065e-03
MPIL Node-Aware Dissemination Allreduce Time 9.705504e-04
MPIL NUMA-Aware Dissemination Allreduce Time 1.555763e-03
Testing Size 65536
PMPI_Allreduce Time 6.834021e-04
MPIL Recursive Doubling Allreduce Time 1.334880e-02
MPIL Node-Aware Dissemination Allreduce Time 1.872296e-03
MPIL NUMA-Aware Dissemination Allreduce Time 2.969618e-03
Testing Size 131072
PMPI_Allreduce Time 1.443284e-03
MPIL Recursive Doubling Allreduce Time 2.458631e-02
MPIL Node-Aware Dissemination Allreduce Time 4.583575e-03
MPIL NUMA-Aware Dissemination Allreduce Time 6.810931e-03
Testing Size 262144
PMPI_Allreduce Time 4.242940e-03
MPIL Recursive Doubling Allreduce Time 5.384288e-02
MPIL Node-Aware Dissemination Allreduce Time 1.241093e-02
MPIL NUMA-Aware Dissemination Allreduce Time 1.627482e-02
Testing Size 524288
PMPI_Allreduce Time 1.242830e-02
MPIL Recursive Doubling Allreduce Time 1.439123e-01
MPIL Node-Aware Dissemination Allreduce Time 2.973875e-02
MPIL NUMA-Aware Dissemination Allreduce Time 3.894819e-02
