Testing Size 1
PMPI_Allreduce Time 1.876124e-05
MPIL Recursive Doubling Allreduce Time 1.908540e-05
MPIL Node-Aware Dissemination Allreduce Time 2.055196e-05
MPIL NUMA-Aware Dissemination Allreduce Time 1.310643e-05
Testing Size 2
PMPI_Allreduce Time 1.950936e-05
MPIL Recursive Doubling Allreduce Time 2.496901e-05
MPIL Node-Aware Dissemination Allreduce Time 2.100596e-05
MPIL NUMA-Aware Dissemination Allreduce Time 1.422478e-05
Testing Size 4
PMPI_Allreduce Time 2.331033e-05
MPIL Recursive Doubling Allreduce Time 2.961608e-05
MPIL Node-Aware Dissemination Allreduce Time 2.290731e-05
MPIL NUMA-Aware Dissemination Allreduce Time 2.567593e-05
Testing Size 8
PMPI_Allreduce Time 2.353706e-05
MPIL Recursive Doubling Allreduce Time 2.815510e-05
MPIL Node-Aware Dissemination Allreduce Time 2.217733e-05
MPIL NUMA-Aware Dissemination Allreduce Time 1.722094e-05
Testing Size 16
PMPI_Allreduce Time 2.327394e-05
MPIL Recursive Doubling Allreduce Time 2.450015e-05
MPIL Node-Aware Dissemination Allreduce Time 2.508356e-05
MPIL NUMA-Aware Dissemination Allreduce Time 1.719718e-05
Testing Size 32
PMPI_Allreduce Time 2.517065e-05
MPIL Recursive Doubling Allreduce Time 3.360348e-05
MPIL Node-Aware Dissemination Allreduce Time 2.496201e-05
MPIL NUMA-Aware Dissemination Allreduce Time 1.901624e-05
Testing Size 64
PMPI_Allreduce Time 2.509872e-05
MPIL Recursive Doubling Allreduce Time 8.518554e-05
MPIL Node-Aware Dissemination Allreduce Time 2.467268e-05
MPIL NUMA-Aware Dissemination Allreduce Time 2.544662e-05
Testing Size 128
PMPI_Allreduce Time 2.727232e-05
MPIL Recursive Doubling Allreduce Time 1.998646e-04
MPIL Node-Aware Dissemination Allreduce Time 3.181291e-05
MPIL NUMA-Aware Dissemination Allreduce Time 8.191761e-05
Testing Size 256
PMPI_Allreduce Time 1.776475e-04
MPIL Recursive Doubling Allreduce Time 1.849530e-04
MPIL Node-Aware Dissemination Allreduce Time 4.100320e-05
MPIL NUMA-Aware Dissemination Allreduce Time 6.128688e-05
Testing Size 512
PMPI_Allreduce Time 2.301123e-04
MPIL Recursive Doubling Allreduce Time 2.454054e-04
MPIL Node-Aware Dissemination Allreduce Time 4.613134e-05
MPIL NUMA-Aware Dissemination Allreduce Time 1.072520e-04
Testing Size 1024
PMPI_Allreduce Time 4.132646e-04
MPIL Recursive Doubling Allreduce Time 3.856926e-04
MPIL Node-Aware Dissemination Allreduce Time 7.514369e-05
MPIL NUMA-Aware Dissemination Allreduce Time 1.899318e-04
Testing Size 2048
PMPI_Allreduce Time 7.685893e-05
MPIL Recursive Doubling Allreduce Time 8.233438e-04
MPIL Node-Aware Dissemination Allreduce Time 2.522602e-04
MPIL NUMA-Aware Dissemination Allreduce Time 3.908434e-04
Testing Size 4096
PMPI_Allreduce Time 1.290592e-04
MPIL Recursive Doubling Allreduce Time 1.424715e-03
MPIL Node-Aware Dissemination Allreduce Time 3.808747e-04
MPIL NUMA-Aware Dissemination Allreduce Time 7.786060e-04
Testing Size 8192
PMPI_Allreduce Time 1.587203e-04
MPIL Recursive Doubling Allreduce Time 1.858500e-03
MPIL Node-Aware Dissemination Allreduce Time 6.472155e-04
MPIL NUMA-Aware Dissemination Allreduce Time 1.077701e-03
Testing Size 16384
PMPI_Allreduce Time 2.463667e-04
MPIL Recursive Doubling Allreduce Time 3.659823e-03
MPIL Node-Aware Dissemination Allreduce Time 1.193201e-03
MPIL NUMA-Aware Dissemination Allreduce Time 2.443273e-03
Testing Size 32768
PMPI_Allreduce Time 3.822564e-04
MPIL Recursive Doubling Allreduce Time 7.413294e-03
MPIL Node-Aware Dissemination Allreduce Time 9.885606e-04
MPIL NUMA-Aware Dissemination Allreduce Time 4.158110e-03
Testing Size 65536
PMPI_Allreduce Time 7.207277e-04
MPIL Recursive Doubling Allreduce Time 1.469395e-02
MPIL Node-Aware Dissemination Allreduce Time 1.997188e-03
MPIL NUMA-Aware Dissemination Allreduce Time 7.523868e-03
Testing Size 131072
PMPI_Allreduce Time 1.447774e-03
MPIL Recursive Doubling Allreduce Time 3.089140e-02
MPIL Node-Aware Dissemination Allreduce Time 4.400574e-03
MPIL NUMA-Aware Dissemination Allreduce Time 1.541547e-02
Testing Size 262144
PMPI_Allreduce Time 4.249559e-03
MPIL Recursive Doubling Allreduce Time 7.184439e-02
MPIL Node-Aware Dissemination Allreduce Time 1.264721e-02
MPIL NUMA-Aware Dissemination Allreduce Time 3.813408e-02
Testing Size 524288
PMPI_Allreduce Time 1.185975e-02
MPIL Recursive Doubling Allreduce Time 1.598467e-01
MPIL Node-Aware Dissemination Allreduce Time 3.058434e-02
MPIL NUMA-Aware Dissemination Allreduce Time 9.011507e-02
