Testing Size 1
PMPI_Allreduce Time 2.369036e-05
MPIL Recursive Doubling Allreduce Time 8.325284e-05
MPIL Node-Aware Dissemination Allreduce Time 2.509252e-05
MPIL NUMA-Aware Dissemination Allreduce Time 2.371052e-05
Testing Size 2
PMPI_Allreduce Time 2.627326e-05
MPIL Recursive Doubling Allreduce Time 6.538724e-05
MPIL Node-Aware Dissemination Allreduce Time 2.399476e-05
MPIL NUMA-Aware Dissemination Allreduce Time 3.009879e-05
Testing Size 4
PMPI_Allreduce Time 2.732009e-05
MPIL Recursive Doubling Allreduce Time 1.338086e-04
MPIL Node-Aware Dissemination Allreduce Time 2.376657e-05
MPIL NUMA-Aware Dissemination Allreduce Time 3.025839e-05
Testing Size 8
PMPI_Allreduce Time 2.561200e-05
MPIL Recursive Doubling Allreduce Time 1.024142e-04
MPIL Node-Aware Dissemination Allreduce Time 2.852598e-05
MPIL NUMA-Aware Dissemination Allreduce Time 3.355736e-05
Testing Size 16
PMPI_Allreduce Time 2.886547e-05
MPIL Recursive Doubling Allreduce Time 8.025758e-05
MPIL Node-Aware Dissemination Allreduce Time 2.733722e-05
MPIL NUMA-Aware Dissemination Allreduce Time 3.822823e-05
Testing Size 32
PMPI_Allreduce Time 2.750581e-05
MPIL Recursive Doubling Allreduce Time 1.412061e-04
MPIL Node-Aware Dissemination Allreduce Time 2.914997e-05
MPIL NUMA-Aware Dissemination Allreduce Time 4.547200e-05
Testing Size 64
PMPI_Allreduce Time 3.086256e-05
MPIL Recursive Doubling Allreduce Time 1.670312e-04
MPIL Node-Aware Dissemination Allreduce Time 2.759231e-05
MPIL NUMA-Aware Dissemination Allreduce Time 4.881452e-05
Testing Size 128
PMPI_Allreduce Time 3.144669e-05
MPIL Recursive Doubling Allreduce Time 4.167911e-04
MPIL Node-Aware Dissemination Allreduce Time 3.385640e-05
MPIL NUMA-Aware Dissemination Allreduce Time 1.307116e-04
Testing Size 256
PMPI_Allreduce Time 3.353809e-04
MPIL Recursive Doubling Allreduce Time 2.040668e-04
MPIL Node-Aware Dissemination Allreduce Time 4.292968e-05
MPIL NUMA-Aware Dissemination Allreduce Time 1.162605e-04
Testing Size 512
PMPI_Allreduce Time 4.003824e-04
MPIL Recursive Doubling Allreduce Time 3.639788e-04
MPIL Node-Aware Dissemination Allreduce Time 5.382150e-05
MPIL NUMA-Aware Dissemination Allreduce Time 2.110695e-04
Testing Size 1024
PMPI_Allreduce Time 6.036080e-04
MPIL Recursive Doubling Allreduce Time 5.062116e-04
MPIL Node-Aware Dissemination Allreduce Time 8.407651e-05
MPIL NUMA-Aware Dissemination Allreduce Time 4.467350e-04
Testing Size 2048
PMPI_Allreduce Time 1.183141e-04
MPIL Recursive Doubling Allreduce Time 3.709059e-03
MPIL Node-Aware Dissemination Allreduce Time 2.563151e-04
MPIL NUMA-Aware Dissemination Allreduce Time 7.125155e-04
Testing Size 4096
PMPI_Allreduce Time 2.042256e-04
MPIL Recursive Doubling Allreduce Time 1.849936e-03
MPIL Node-Aware Dissemination Allreduce Time 3.765810e-04
MPIL NUMA-Aware Dissemination Allreduce Time 1.508834e-03
Testing Size 8192
PMPI_Allreduce Time 2.629439e-04
MPIL Recursive Doubling Allreduce Time 2.842882e-03
MPIL Node-Aware Dissemination Allreduce Time 6.318445e-04
MPIL NUMA-Aware Dissemination Allreduce Time 1.941995e-03
Testing Size 16384
PMPI_Allreduce Time 3.079589e-04
MPIL Recursive Doubling Allreduce Time 5.377536e-03
MPIL Node-Aware Dissemination Allreduce Time 1.228637e-03
MPIL NUMA-Aware Dissemination Allreduce Time 3.795378e-03
Testing Size 32768
PMPI_Allreduce Time 3.694467e-04
MPIL Recursive Doubling Allreduce Time 1.050795e-02
MPIL Node-Aware Dissemination Allreduce Time 1.205244e-03
MPIL NUMA-Aware Dissemination Allreduce Time 7.686833e-03
Testing Size 65536
PMPI_Allreduce Time 7.220992e-04
MPIL Recursive Doubling Allreduce Time 2.199544e-02
MPIL Node-Aware Dissemination Allreduce Time 2.322659e-03
MPIL NUMA-Aware Dissemination Allreduce Time 1.501499e-02
Testing Size 131072
PMPI_Allreduce Time 1.441848e-03
MPIL Recursive Doubling Allreduce Time 5.293088e-02
MPIL Node-Aware Dissemination Allreduce Time 5.077076e-03
MPIL NUMA-Aware Dissemination Allreduce Time 2.883738e-02
Testing Size 262144
PMPI_Allreduce Time 4.355724e-03
MPIL Recursive Doubling Allreduce Time 1.051443e-01
MPIL Node-Aware Dissemination Allreduce Time 1.449612e-02
MPIL NUMA-Aware Dissemination Allreduce Time 6.732829e-02
Testing Size 524288
PMPI_Allreduce Time 1.189275e-02
MPIL Recursive Doubling Allreduce Time 2.078772e-01
MPIL Node-Aware Dissemination Allreduce Time 3.340370e-02
MPIL NUMA-Aware Dissemination Allreduce Time 1.436758e-01
