Testing Size 1
PMPI_Allreduce Time 2.580105e-05
MPIL Recursive Doubling Allreduce Time 9.950570e-05
MPIL Node-Aware Dissemination Allreduce Time 2.666286e-05
MPIL NUMA-Aware Dissemination Allreduce Time 3.350099e-05
Testing Size 2
PMPI_Allreduce Time 2.916397e-05
MPIL Recursive Doubling Allreduce Time 2.372851e-04
MPIL Node-Aware Dissemination Allreduce Time 2.909362e-05
MPIL NUMA-Aware Dissemination Allreduce Time 1.275234e-04
Testing Size 4
PMPI_Allreduce Time 4.269876e-05
MPIL Recursive Doubling Allreduce Time 3.961438e-04
MPIL Node-Aware Dissemination Allreduce Time 2.665434e-05
MPIL NUMA-Aware Dissemination Allreduce Time 2.224457e-04
Testing Size 8
PMPI_Allreduce Time 3.169935e-05
MPIL Recursive Doubling Allreduce Time 4.168618e-04
MPIL Node-Aware Dissemination Allreduce Time 2.502014e-05
MPIL NUMA-Aware Dissemination Allreduce Time 2.427196e-04
Testing Size 16
PMPI_Allreduce Time 2.921310e-05
MPIL Recursive Doubling Allreduce Time 3.262369e-04
MPIL Node-Aware Dissemination Allreduce Time 2.813015e-05
MPIL NUMA-Aware Dissemination Allreduce Time 1.994307e-04
Testing Size 32
PMPI_Allreduce Time 4.136386e-05
MPIL Recursive Doubling Allreduce Time 2.700966e-04
MPIL Node-Aware Dissemination Allreduce Time 3.171479e-05
MPIL NUMA-Aware Dissemination Allreduce Time 1.453939e-04
Testing Size 64
PMPI_Allreduce Time 3.443987e-05
MPIL Recursive Doubling Allreduce Time 3.504139e-04
MPIL Node-Aware Dissemination Allreduce Time 3.250082e-05
MPIL NUMA-Aware Dissemination Allreduce Time 1.705868e-04
Testing Size 128
PMPI_Allreduce Time 3.678785e-05
MPIL Recursive Doubling Allreduce Time 1.308864e-03
MPIL Node-Aware Dissemination Allreduce Time 4.185246e-05
MPIL NUMA-Aware Dissemination Allreduce Time 2.911445e-04
Testing Size 256
PMPI_Allreduce Time 7.486242e-04
MPIL Recursive Doubling Allreduce Time 4.596807e-04
MPIL Node-Aware Dissemination Allreduce Time 4.672014e-05
MPIL NUMA-Aware Dissemination Allreduce Time 1.948601e-04
Testing Size 512
PMPI_Allreduce Time 8.342811e-04
MPIL Recursive Doubling Allreduce Time 5.977492e-04
MPIL Node-Aware Dissemination Allreduce Time 6.219139e-05
MPIL NUMA-Aware Dissemination Allreduce Time 2.359465e-04
Testing Size 1024
PMPI_Allreduce Time 1.012500e-03
MPIL Recursive Doubling Allreduce Time 1.081922e-03
MPIL Node-Aware Dissemination Allreduce Time 9.566486e-05
MPIL NUMA-Aware Dissemination Allreduce Time 5.546227e-04
Testing Size 2048
PMPI_Allreduce Time 2.197872e-04
MPIL Recursive Doubling Allreduce Time 1.544224e-03
MPIL Node-Aware Dissemination Allreduce Time 2.712774e-04
MPIL NUMA-Aware Dissemination Allreduce Time 7.080127e-04
Testing Size 4096
PMPI_Allreduce Time 3.477050e-04
MPIL Recursive Doubling Allreduce Time 2.622636e-03
MPIL Node-Aware Dissemination Allreduce Time 4.316617e-04
MPIL NUMA-Aware Dissemination Allreduce Time 1.613577e-03
Testing Size 8192
PMPI_Allreduce Time 4.426402e-04
MPIL Recursive Doubling Allreduce Time 3.646141e-03
MPIL Node-Aware Dissemination Allreduce Time 7.142573e-04
MPIL NUMA-Aware Dissemination Allreduce Time 2.027058e-03
Testing Size 16384
PMPI_Allreduce Time 5.194752e-04
MPIL Recursive Doubling Allreduce Time 7.461179e-03
MPIL Node-Aware Dissemination Allreduce Time 1.468386e-03
MPIL NUMA-Aware Dissemination Allreduce Time 3.949807e-03
Testing Size 32768
PMPI_Allreduce Time 4.837175e-04
MPIL Recursive Doubling Allreduce Time 1.437277e-02
MPIL Node-Aware Dissemination Allreduce Time 1.547649e-03
MPIL NUMA-Aware Dissemination Allreduce Time 8.131955e-03
Testing Size 65536
PMPI_Allreduce Time 7.121794e-04
MPIL Recursive Doubling Allreduce Time 2.922120e-02
MPIL Node-Aware Dissemination Allreduce Time 2.818879e-03
MPIL NUMA-Aware Dissemination Allreduce Time 1.564639e-02
Testing Size 131072
PMPI_Allreduce Time 1.474001e-03
MPIL Recursive Doubling Allreduce Time 6.557269e-02
MPIL Node-Aware Dissemination Allreduce Time 6.172327e-03
MPIL NUMA-Aware Dissemination Allreduce Time 3.419240e-02
Testing Size 262144
PMPI_Allreduce Time 4.346718e-03
MPIL Recursive Doubling Allreduce Time 1.294999e-01
MPIL Node-Aware Dissemination Allreduce Time 1.627741e-02
MPIL NUMA-Aware Dissemination Allreduce Time 7.798817e-02
Testing Size 524288
PMPI_Allreduce Time 1.251652e-02
MPIL Recursive Doubling Allreduce Time 2.571190e-01
MPIL Node-Aware Dissemination Allreduce Time 3.774574e-02
MPIL NUMA-Aware Dissemination Allreduce Time 1.609048e-01
