Testing Size 1
PMPI_Allreduce Time 4.774435e-05
MPIL Recursive Doubling Allreduce Time 1.429890e-05
MPIL Node-Aware Dissemination Allreduce Time 7.212325e-05
MPIL NUMA-Aware Dissemination Allreduce Time 1.022158e-05
Testing Size 2
PMPI_Allreduce Time 9.867862e-06
MPIL Recursive Doubling Allreduce Time 2.163591e-05
MPIL Node-Aware Dissemination Allreduce Time 1.425702e-05
MPIL NUMA-Aware Dissemination Allreduce Time 7.400469e-06
Testing Size 4
PMPI_Allreduce Time 1.040300e-05
MPIL Recursive Doubling Allreduce Time 1.901598e-05
MPIL Node-Aware Dissemination Allreduce Time 1.527311e-05
MPIL NUMA-Aware Dissemination Allreduce Time 7.488738e-06
Testing Size 8
PMPI_Allreduce Time 1.077707e-05
MPIL Recursive Doubling Allreduce Time 1.811382e-05
MPIL Node-Aware Dissemination Allreduce Time 1.630317e-05
MPIL NUMA-Aware Dissemination Allreduce Time 8.191342e-06
Testing Size 16
PMPI_Allreduce Time 1.250644e-05
MPIL Recursive Doubling Allreduce Time 1.978477e-05
MPIL Node-Aware Dissemination Allreduce Time 1.984260e-05
MPIL NUMA-Aware Dissemination Allreduce Time 8.286657e-06
Testing Size 32
PMPI_Allreduce Time 1.562545e-05
MPIL Recursive Doubling Allreduce Time 2.093654e-05
MPIL Node-Aware Dissemination Allreduce Time 2.534997e-05
MPIL NUMA-Aware Dissemination Allreduce Time 9.662979e-06
Testing Size 64
PMPI_Allreduce Time 2.135181e-05
MPIL Recursive Doubling Allreduce Time 2.316468e-05
MPIL Node-Aware Dissemination Allreduce Time 3.516980e-05
MPIL NUMA-Aware Dissemination Allreduce Time 1.129837e-05
Testing Size 128
PMPI_Allreduce Time 3.334849e-05
MPIL Recursive Doubling Allreduce Time 4.319282e-05
MPIL Node-Aware Dissemination Allreduce Time 6.208218e-05
MPIL NUMA-Aware Dissemination Allreduce Time 1.587847e-05
Testing Size 256
PMPI_Allreduce Time 4.998127e-05
MPIL Recursive Doubling Allreduce Time 6.657672e-05
MPIL Node-Aware Dissemination Allreduce Time 3.695046e-05
MPIL NUMA-Aware Dissemination Allreduce Time 2.893458e-05
Testing Size 512
PMPI_Allreduce Time 1.044537e-04
MPIL Recursive Doubling Allreduce Time 1.207573e-04
MPIL Node-Aware Dissemination Allreduce Time 8.559087e-05
MPIL NUMA-Aware Dissemination Allreduce Time 2.595279e-05
Testing Size 1024
PMPI_Allreduce Time 4.481955e-05
MPIL Recursive Doubling Allreduce Time 1.681863e-04
MPIL Node-Aware Dissemination Allreduce Time 7.254196e-05
MPIL NUMA-Aware Dissemination Allreduce Time 3.836022e-05
Testing Size 2048
PMPI_Allreduce Time 5.593460e-05
MPIL Recursive Doubling Allreduce Time 3.408106e-04
MPIL Node-Aware Dissemination Allreduce Time 8.566526e-05
MPIL NUMA-Aware Dissemination Allreduce Time 7.571467e-05
Testing Size 4096
PMPI_Allreduce Time 7.353953e-05
MPIL Recursive Doubling Allreduce Time 5.794899e-04
MPIL Node-Aware Dissemination Allreduce Time 1.201176e-04
MPIL NUMA-Aware Dissemination Allreduce Time 1.260455e-04
Testing Size 8192
PMPI_Allreduce Time 1.024055e-04
MPIL Recursive Doubling Allreduce Time 9.154936e-04
MPIL Node-Aware Dissemination Allreduce Time 2.243797e-04
MPIL NUMA-Aware Dissemination Allreduce Time 2.811848e-04
Testing Size 16384
PMPI_Allreduce Time 1.800217e-04
MPIL Recursive Doubling Allreduce Time 1.698119e-03
MPIL Node-Aware Dissemination Allreduce Time 3.943597e-04
MPIL NUMA-Aware Dissemination Allreduce Time 5.065920e-04
Testing Size 32768
PMPI_Allreduce Time 2.935250e-04
MPIL Recursive Doubling Allreduce Time 3.439120e-03
MPIL Node-Aware Dissemination Allreduce Time 8.120005e-04
MPIL NUMA-Aware Dissemination Allreduce Time 1.034893e-03
Testing Size 65536
PMPI_Allreduce Time 5.640427e-04
MPIL Recursive Doubling Allreduce Time 6.882089e-03
MPIL Node-Aware Dissemination Allreduce Time 1.691891e-03
MPIL NUMA-Aware Dissemination Allreduce Time 2.098302e-03
Testing Size 131072
PMPI_Allreduce Time 1.183937e-03
MPIL Recursive Doubling Allreduce Time 1.397167e-02
MPIL Node-Aware Dissemination Allreduce Time 4.278173e-03
MPIL NUMA-Aware Dissemination Allreduce Time 4.859686e-03
Testing Size 262144
PMPI_Allreduce Time 4.656768e-03
MPIL Recursive Doubling Allreduce Time 3.845203e-02
MPIL Node-Aware Dissemination Allreduce Time 1.616991e-02
MPIL NUMA-Aware Dissemination Allreduce Time 8.766261e-03
Testing Size 524288
PMPI_Allreduce Time 9.186530e-03
MPIL Recursive Doubling Allreduce Time 9.952044e-02
MPIL Node-Aware Dissemination Allreduce Time 1.625613e-02
MPIL NUMA-Aware Dissemination Allreduce Time 1.658769e-02
