Testing Size 1
PMPI_Allreduce Time 1.790086e-04
MPIL Recursive Doubling Allreduce Time 4.087316e-05
MPIL Node-Aware Dissemination Allreduce Time 8.218334e-05
MPIL NUMA-Aware Dissemination Allreduce Time 4.004792e-05
Testing Size 2
PMPI_Allreduce Time 3.987096e-05
MPIL Recursive Doubling Allreduce Time 5.947573e-05
MPIL Node-Aware Dissemination Allreduce Time 2.705819e-05
MPIL NUMA-Aware Dissemination Allreduce Time 6.401886e-05
Testing Size 4
PMPI_Allreduce Time 3.200268e-05
MPIL Recursive Doubling Allreduce Time 9.193834e-05
MPIL Node-Aware Dissemination Allreduce Time 2.458914e-05
MPIL NUMA-Aware Dissemination Allreduce Time 4.865483e-05
Testing Size 8
PMPI_Allreduce Time 2.868937e-05
MPIL Recursive Doubling Allreduce Time 6.269804e-05
MPIL Node-Aware Dissemination Allreduce Time 2.447628e-05
MPIL NUMA-Aware Dissemination Allreduce Time 4.535671e-05
Testing Size 16
PMPI_Allreduce Time 3.865643e-05
MPIL Recursive Doubling Allreduce Time 5.597282e-05
MPIL Node-Aware Dissemination Allreduce Time 3.299178e-05
MPIL NUMA-Aware Dissemination Allreduce Time 4.802220e-05
Testing Size 32
PMPI_Allreduce Time 3.552981e-05
MPIL Recursive Doubling Allreduce Time 7.757506e-05
MPIL Node-Aware Dissemination Allreduce Time 3.579516e-05
MPIL NUMA-Aware Dissemination Allreduce Time 4.220009e-05
Testing Size 64
PMPI_Allreduce Time 4.448646e-05
MPIL Recursive Doubling Allreduce Time 1.210164e-04
MPIL Node-Aware Dissemination Allreduce Time 6.212706e-05
MPIL NUMA-Aware Dissemination Allreduce Time 8.519066e-05
Testing Size 128
PMPI_Allreduce Time 9.061596e-05
MPIL Recursive Doubling Allreduce Time 1.838684e-04
MPIL Node-Aware Dissemination Allreduce Time 8.892965e-05
MPIL NUMA-Aware Dissemination Allreduce Time 1.374189e-04
Testing Size 256
PMPI_Allreduce Time 9.186789e-05
MPIL Recursive Doubling Allreduce Time 4.511278e-04
MPIL Node-Aware Dissemination Allreduce Time 6.570624e-05
MPIL NUMA-Aware Dissemination Allreduce Time 1.711005e-04
Testing Size 512
PMPI_Allreduce Time 1.386695e-04
MPIL Recursive Doubling Allreduce Time 5.309181e-04
MPIL Node-Aware Dissemination Allreduce Time 1.830903e-04
MPIL NUMA-Aware Dissemination Allreduce Time 2.561805e-04
Testing Size 1024
PMPI_Allreduce Time 1.036408e-03
MPIL Recursive Doubling Allreduce Time 6.871767e-04
MPIL Node-Aware Dissemination Allreduce Time 1.309814e-04
MPIL NUMA-Aware Dissemination Allreduce Time 4.785997e-04
Testing Size 2048
PMPI_Allreduce Time 2.910000e-04
MPIL Recursive Doubling Allreduce Time 1.280590e-03
MPIL Node-Aware Dissemination Allreduce Time 1.427518e-04
MPIL NUMA-Aware Dissemination Allreduce Time 7.866069e-04
Testing Size 4096
PMPI_Allreduce Time 4.612127e-04
MPIL Recursive Doubling Allreduce Time 1.792163e-03
MPIL Node-Aware Dissemination Allreduce Time 2.165585e-04
MPIL NUMA-Aware Dissemination Allreduce Time 1.116807e-03
Testing Size 8192
PMPI_Allreduce Time 6.929502e-04
MPIL Recursive Doubling Allreduce Time 3.504659e-03
MPIL Node-Aware Dissemination Allreduce Time 3.859697e-04
MPIL NUMA-Aware Dissemination Allreduce Time 1.801663e-03
Testing Size 16384
PMPI_Allreduce Time 4.680022e-04
MPIL Recursive Doubling Allreduce Time 7.178710e-03
MPIL Node-Aware Dissemination Allreduce Time 6.754580e-04
MPIL NUMA-Aware Dissemination Allreduce Time 3.497247e-03
Testing Size 32768
PMPI_Allreduce Time 4.459493e-04
MPIL Recursive Doubling Allreduce Time 1.474599e-02
MPIL Node-Aware Dissemination Allreduce Time 1.355949e-03
MPIL NUMA-Aware Dissemination Allreduce Time 6.788032e-03
Testing Size 65536
PMPI_Allreduce Time 7.616619e-04
MPIL Recursive Doubling Allreduce Time 3.206650e-02
MPIL Node-Aware Dissemination Allreduce Time 2.829619e-03
MPIL NUMA-Aware Dissemination Allreduce Time 1.275039e-02
Testing Size 131072
PMPI_Allreduce Time 2.960366e-03
MPIL Recursive Doubling Allreduce Time 6.551003e-02
MPIL Node-Aware Dissemination Allreduce Time 4.985772e-03
MPIL NUMA-Aware Dissemination Allreduce Time 2.576292e-02
Testing Size 262144
PMPI_Allreduce Time 2.955866e-02
MPIL Recursive Doubling Allreduce Time 1.311677e-01
MPIL Node-Aware Dissemination Allreduce Time 1.951689e-02
MPIL NUMA-Aware Dissemination Allreduce Time 5.738664e-02
Testing Size 524288
PMPI_Allreduce Time 3.395391e-02
MPIL Recursive Doubling Allreduce Time 2.720168e-01
MPIL Node-Aware Dissemination Allreduce Time 2.364457e-02
MPIL NUMA-Aware Dissemination Allreduce Time 1.245930e-01
