Testing Size 1
PMPI_Allreduce Time 8.190935e-05
MPIL Recursive Doubling Allreduce Time 3.492150e-05
MPIL Node-Aware Dissemination Allreduce Time 8.595970e-05
MPIL NUMA-Aware Dissemination Allreduce Time 3.586945e-05
Testing Size 2
PMPI_Allreduce Time 2.867115e-05
MPIL Recursive Doubling Allreduce Time 5.027886e-05
MPIL Node-Aware Dissemination Allreduce Time 2.956244e-05
MPIL NUMA-Aware Dissemination Allreduce Time 3.477071e-05
Testing Size 4
PMPI_Allreduce Time 3.360271e-05
MPIL Recursive Doubling Allreduce Time 4.597834e-05
MPIL Node-Aware Dissemination Allreduce Time 2.241062e-05
MPIL NUMA-Aware Dissemination Allreduce Time 3.086112e-05
Testing Size 8
PMPI_Allreduce Time 2.617177e-05
MPIL Recursive Doubling Allreduce Time 3.914848e-05
MPIL Node-Aware Dissemination Allreduce Time 2.263842e-05
MPIL NUMA-Aware Dissemination Allreduce Time 2.548180e-05
Testing Size 16
PMPI_Allreduce Time 2.849367e-05
MPIL Recursive Doubling Allreduce Time 3.908338e-05
MPIL Node-Aware Dissemination Allreduce Time 2.657333e-05
MPIL NUMA-Aware Dissemination Allreduce Time 2.852384e-05
Testing Size 32
PMPI_Allreduce Time 2.822466e-05
MPIL Recursive Doubling Allreduce Time 4.532266e-05
MPIL Node-Aware Dissemination Allreduce Time 3.010424e-05
MPIL NUMA-Aware Dissemination Allreduce Time 3.101489e-05
Testing Size 64
PMPI_Allreduce Time 3.535369e-05
MPIL Recursive Doubling Allreduce Time 5.685190e-05
MPIL Node-Aware Dissemination Allreduce Time 4.946501e-05
MPIL NUMA-Aware Dissemination Allreduce Time 5.445813e-05
Testing Size 128
PMPI_Allreduce Time 5.252647e-05
MPIL Recursive Doubling Allreduce Time 1.307547e-04
MPIL Node-Aware Dissemination Allreduce Time 8.402299e-05
MPIL NUMA-Aware Dissemination Allreduce Time 1.064255e-04
Testing Size 256
PMPI_Allreduce Time 8.026963e-05
MPIL Recursive Doubling Allreduce Time 4.333727e-04
MPIL Node-Aware Dissemination Allreduce Time 6.185638e-05
MPIL NUMA-Aware Dissemination Allreduce Time 1.820448e-04
Testing Size 512
PMPI_Allreduce Time 9.481720e-05
MPIL Recursive Doubling Allreduce Time 5.750200e-04
MPIL Node-Aware Dissemination Allreduce Time 1.660425e-04
MPIL NUMA-Aware Dissemination Allreduce Time 3.015593e-04
Testing Size 1024
PMPI_Allreduce Time 1.536688e-04
MPIL Recursive Doubling Allreduce Time 5.386876e-04
MPIL Node-Aware Dissemination Allreduce Time 9.316459e-05
MPIL NUMA-Aware Dissemination Allreduce Time 4.523560e-04
Testing Size 2048
PMPI_Allreduce Time 1.919867e-04
MPIL Recursive Doubling Allreduce Time 9.675256e-04
MPIL Node-Aware Dissemination Allreduce Time 1.115356e-04
MPIL NUMA-Aware Dissemination Allreduce Time 7.847830e-04
Testing Size 4096
PMPI_Allreduce Time 1.393936e-04
MPIL Recursive Doubling Allreduce Time 1.610867e-03
MPIL Node-Aware Dissemination Allreduce Time 1.646827e-04
MPIL NUMA-Aware Dissemination Allreduce Time 9.998882e-04
Testing Size 8192
PMPI_Allreduce Time 2.966315e-04
MPIL Recursive Doubling Allreduce Time 2.646498e-03
MPIL Node-Aware Dissemination Allreduce Time 2.917103e-04
MPIL NUMA-Aware Dissemination Allreduce Time 1.722080e-03
Testing Size 16384
PMPI_Allreduce Time 2.857243e-04
MPIL Recursive Doubling Allreduce Time 5.437917e-03
MPIL Node-Aware Dissemination Allreduce Time 5.243380e-04
MPIL NUMA-Aware Dissemination Allreduce Time 3.478357e-03
Testing Size 32768
PMPI_Allreduce Time 4.012954e-04
MPIL Recursive Doubling Allreduce Time 1.171902e-02
MPIL Node-Aware Dissemination Allreduce Time 1.011330e-03
MPIL NUMA-Aware Dissemination Allreduce Time 7.012606e-03
Testing Size 65536
PMPI_Allreduce Time 7.430676e-04
MPIL Recursive Doubling Allreduce Time 2.100378e-02
MPIL Node-Aware Dissemination Allreduce Time 2.218931e-03
MPIL NUMA-Aware Dissemination Allreduce Time 1.306037e-02
Testing Size 131072
PMPI_Allreduce Time 2.891704e-03
MPIL Recursive Doubling Allreduce Time 4.214466e-02
MPIL Node-Aware Dissemination Allreduce Time 3.618020e-03
MPIL NUMA-Aware Dissemination Allreduce Time 2.595127e-02
Testing Size 262144
PMPI_Allreduce Time 1.552196e-02
MPIL Recursive Doubling Allreduce Time 9.428525e-02
MPIL Node-Aware Dissemination Allreduce Time 1.721807e-02
MPIL NUMA-Aware Dissemination Allreduce Time 5.639791e-02
Testing Size 524288
PMPI_Allreduce Time 2.038985e-02
MPIL Recursive Doubling Allreduce Time 2.099223e-01
MPIL Node-Aware Dissemination Allreduce Time 1.896868e-02
MPIL NUMA-Aware Dissemination Allreduce Time 1.244550e-01
