Testing Size 1
PMPI_Allreduce Time 5.326540e-05
MPIL Recursive Doubling Allreduce Time 2.121988e-05
MPIL Node-Aware Dissemination Allreduce Time 7.514332e-05
MPIL NUMA-Aware Dissemination Allreduce Time 1.237936e-05
Testing Size 2
PMPI_Allreduce Time 1.717928e-05
MPIL Recursive Doubling Allreduce Time 2.694340e-05
MPIL Node-Aware Dissemination Allreduce Time 1.602346e-05
MPIL NUMA-Aware Dissemination Allreduce Time 7.956108e-06
Testing Size 4
PMPI_Allreduce Time 1.481633e-05
MPIL Recursive Doubling Allreduce Time 2.622976e-05
MPIL Node-Aware Dissemination Allreduce Time 1.761350e-05
MPIL NUMA-Aware Dissemination Allreduce Time 8.655024e-06
Testing Size 8
PMPI_Allreduce Time 1.521986e-05
MPIL Recursive Doubling Allreduce Time 2.588508e-05
MPIL Node-Aware Dissemination Allreduce Time 1.759266e-05
MPIL NUMA-Aware Dissemination Allreduce Time 7.972875e-06
Testing Size 16
PMPI_Allreduce Time 1.610293e-05
MPIL Recursive Doubling Allreduce Time 2.424281e-05
MPIL Node-Aware Dissemination Allreduce Time 2.314934e-05
MPIL NUMA-Aware Dissemination Allreduce Time 9.285171e-06
Testing Size 32
PMPI_Allreduce Time 2.109986e-05
MPIL Recursive Doubling Allreduce Time 2.561758e-05
MPIL Node-Aware Dissemination Allreduce Time 2.589177e-05
MPIL NUMA-Aware Dissemination Allreduce Time 1.032080e-05
Testing Size 64
PMPI_Allreduce Time 2.610998e-05
MPIL Recursive Doubling Allreduce Time 3.016028e-05
MPIL Node-Aware Dissemination Allreduce Time 3.876851e-05
MPIL NUMA-Aware Dissemination Allreduce Time 1.268550e-05
Testing Size 128
PMPI_Allreduce Time 4.005654e-05
MPIL Recursive Doubling Allreduce Time 4.991949e-05
MPIL Node-Aware Dissemination Allreduce Time 6.473340e-05
MPIL NUMA-Aware Dissemination Allreduce Time 2.169731e-05
Testing Size 256
PMPI_Allreduce Time 5.283763e-05
MPIL Recursive Doubling Allreduce Time 1.256446e-04
MPIL Node-Aware Dissemination Allreduce Time 3.692309e-05
MPIL NUMA-Aware Dissemination Allreduce Time 4.384054e-05
Testing Size 512
PMPI_Allreduce Time 7.185628e-05
MPIL Recursive Doubling Allreduce Time 1.786835e-04
MPIL Node-Aware Dissemination Allreduce Time 9.817096e-05
MPIL NUMA-Aware Dissemination Allreduce Time 5.556220e-05
Testing Size 1024
PMPI_Allreduce Time 5.824873e-05
MPIL Recursive Doubling Allreduce Time 2.704761e-04
MPIL Node-Aware Dissemination Allreduce Time 7.546661e-05
MPIL NUMA-Aware Dissemination Allreduce Time 7.239188e-05
Testing Size 2048
PMPI_Allreduce Time 6.479513e-05
MPIL Recursive Doubling Allreduce Time 5.393063e-04
MPIL Node-Aware Dissemination Allreduce Time 9.091522e-05
MPIL NUMA-Aware Dissemination Allreduce Time 1.338916e-04
Testing Size 4096
PMPI_Allreduce Time 8.329516e-05
MPIL Recursive Doubling Allreduce Time 9.373184e-04
MPIL Node-Aware Dissemination Allreduce Time 1.279883e-04
MPIL NUMA-Aware Dissemination Allreduce Time 2.106678e-04
Testing Size 8192
PMPI_Allreduce Time 1.226127e-04
MPIL Recursive Doubling Allreduce Time 1.331355e-03
MPIL Node-Aware Dissemination Allreduce Time 2.351801e-04
MPIL NUMA-Aware Dissemination Allreduce Time 3.919639e-04
Testing Size 16384
PMPI_Allreduce Time 2.016386e-04
MPIL Recursive Doubling Allreduce Time 2.581872e-03
MPIL Node-Aware Dissemination Allreduce Time 4.084489e-04
MPIL NUMA-Aware Dissemination Allreduce Time 7.472234e-04
Testing Size 32768
PMPI_Allreduce Time 3.428260e-04
MPIL Recursive Doubling Allreduce Time 5.101392e-03
MPIL Node-Aware Dissemination Allreduce Time 8.777454e-04
MPIL NUMA-Aware Dissemination Allreduce Time 1.524155e-03
Testing Size 65536
PMPI_Allreduce Time 6.457757e-04
MPIL Recursive Doubling Allreduce Time 1.028728e-02
MPIL Node-Aware Dissemination Allreduce Time 1.949725e-03
MPIL NUMA-Aware Dissemination Allreduce Time 2.849993e-03
Testing Size 131072
PMPI_Allreduce Time 2.666486e-03
MPIL Recursive Doubling Allreduce Time 1.946187e-02
MPIL Node-Aware Dissemination Allreduce Time 2.878477e-03
MPIL NUMA-Aware Dissemination Allreduce Time 5.417519e-03
Testing Size 262144
PMPI_Allreduce Time 6.850848e-03
MPIL Recursive Doubling Allreduce Time 4.345143e-02
MPIL Node-Aware Dissemination Allreduce Time 1.522739e-02
MPIL NUMA-Aware Dissemination Allreduce Time 1.047434e-02
Testing Size 524288
PMPI_Allreduce Time 9.115291e-03
MPIL Recursive Doubling Allreduce Time 1.155488e-01
MPIL Node-Aware Dissemination Allreduce Time 1.745982e-02
MPIL NUMA-Aware Dissemination Allreduce Time 2.163363e-02
