Testing Size 1
PMPI_Allreduce Time 7.613471e-05
MPIL Recursive Doubling Allreduce Time 2.202897e-05
MPIL Node-Aware Dissemination Allreduce Time 1.077227e-04
MPIL NUMA-Aware Dissemination Allreduce Time 2.229478e-05
Testing Size 2
PMPI_Allreduce Time 2.024855e-05
MPIL Recursive Doubling Allreduce Time 3.266992e-05
MPIL Node-Aware Dissemination Allreduce Time 2.025906e-05
MPIL NUMA-Aware Dissemination Allreduce Time 1.744472e-05
Testing Size 4
PMPI_Allreduce Time 1.966200e-05
MPIL Recursive Doubling Allreduce Time 3.725390e-05
MPIL Node-Aware Dissemination Allreduce Time 2.207077e-05
MPIL NUMA-Aware Dissemination Allreduce Time 1.923436e-05
Testing Size 8
PMPI_Allreduce Time 2.092875e-05
MPIL Recursive Doubling Allreduce Time 3.116794e-05
MPIL Node-Aware Dissemination Allreduce Time 2.303043e-05
MPIL NUMA-Aware Dissemination Allreduce Time 1.587242e-05
Testing Size 16
PMPI_Allreduce Time 2.309375e-05
MPIL Recursive Doubling Allreduce Time 3.942995e-05
MPIL Node-Aware Dissemination Allreduce Time 2.491906e-05
MPIL NUMA-Aware Dissemination Allreduce Time 1.591035e-05
Testing Size 32
PMPI_Allreduce Time 2.580084e-05
MPIL Recursive Doubling Allreduce Time 3.559881e-05
MPIL Node-Aware Dissemination Allreduce Time 2.732894e-05
MPIL NUMA-Aware Dissemination Allreduce Time 1.679660e-05
Testing Size 64
PMPI_Allreduce Time 3.227753e-05
MPIL Recursive Doubling Allreduce Time 4.618816e-05
MPIL Node-Aware Dissemination Allreduce Time 3.944297e-05
MPIL NUMA-Aware Dissemination Allreduce Time 2.579748e-05
Testing Size 128
PMPI_Allreduce Time 4.514622e-05
MPIL Recursive Doubling Allreduce Time 9.819591e-05
MPIL Node-Aware Dissemination Allreduce Time 7.252523e-05
MPIL NUMA-Aware Dissemination Allreduce Time 6.883465e-05
Testing Size 256
PMPI_Allreduce Time 1.154015e-04
MPIL Recursive Doubling Allreduce Time 2.324935e-04
MPIL Node-Aware Dissemination Allreduce Time 3.863143e-05
MPIL NUMA-Aware Dissemination Allreduce Time 1.025819e-04
Testing Size 512
PMPI_Allreduce Time 6.882267e-05
MPIL Recursive Doubling Allreduce Time 4.614252e-04
MPIL Node-Aware Dissemination Allreduce Time 1.099706e-04
MPIL NUMA-Aware Dissemination Allreduce Time 1.160958e-04
Testing Size 1024
PMPI_Allreduce Time 1.088058e-04
MPIL Recursive Doubling Allreduce Time 4.304827e-04
MPIL Node-Aware Dissemination Allreduce Time 8.186368e-05
MPIL NUMA-Aware Dissemination Allreduce Time 1.798940e-04
Testing Size 2048
PMPI_Allreduce Time 1.054300e-04
MPIL Recursive Doubling Allreduce Time 7.422879e-04
MPIL Node-Aware Dissemination Allreduce Time 9.487673e-05
MPIL NUMA-Aware Dissemination Allreduce Time 3.750097e-04
Testing Size 4096
PMPI_Allreduce Time 1.245689e-04
MPIL Recursive Doubling Allreduce Time 1.287837e-03
MPIL Node-Aware Dissemination Allreduce Time 1.440004e-04
MPIL NUMA-Aware Dissemination Allreduce Time 5.372436e-04
Testing Size 8192
PMPI_Allreduce Time 1.335366e-04
MPIL Recursive Doubling Allreduce Time 1.965488e-03
MPIL Node-Aware Dissemination Allreduce Time 2.492327e-04
MPIL NUMA-Aware Dissemination Allreduce Time 1.002574e-03
Testing Size 16384
PMPI_Allreduce Time 2.344268e-04
MPIL Recursive Doubling Allreduce Time 3.992120e-03
MPIL Node-Aware Dissemination Allreduce Time 4.557131e-04
MPIL NUMA-Aware Dissemination Allreduce Time 1.960292e-03
Testing Size 32768
PMPI_Allreduce Time 3.345494e-04
MPIL Recursive Doubling Allreduce Time 8.174698e-03
MPIL Node-Aware Dissemination Allreduce Time 9.101563e-04
MPIL NUMA-Aware Dissemination Allreduce Time 3.935864e-03
Testing Size 65536
PMPI_Allreduce Time 6.467193e-04
MPIL Recursive Doubling Allreduce Time 1.659751e-02
MPIL Node-Aware Dissemination Allreduce Time 1.983700e-03
MPIL NUMA-Aware Dissemination Allreduce Time 7.680049e-03
Testing Size 131072
PMPI_Allreduce Time 2.761037e-03
MPIL Recursive Doubling Allreduce Time 3.282364e-02
MPIL Node-Aware Dissemination Allreduce Time 2.977443e-03
MPIL NUMA-Aware Dissemination Allreduce Time 1.586304e-02
Testing Size 262144
PMPI_Allreduce Time 9.166837e-03
MPIL Recursive Doubling Allreduce Time 8.261585e-02
MPIL Node-Aware Dissemination Allreduce Time 1.540474e-02
MPIL NUMA-Aware Dissemination Allreduce Time 3.329945e-02
Testing Size 524288
PMPI_Allreduce Time 1.383921e-02
MPIL Recursive Doubling Allreduce Time 1.759107e-01
MPIL Node-Aware Dissemination Allreduce Time 1.873536e-02
MPIL NUMA-Aware Dissemination Allreduce Time 7.824516e-02
