0: Testing Size 1
0: PMPI Allreduce Time: 2.065593e-05
0: MPIL GPU-Aware Recursive Doubling Time: 2.055557e-05
0: MPIL GPU-Aware Node-Aware Dissemination Time: 1.608791e-04
0: MPIL GPU-Aware NUMA-Aware Dissemination Time: 4.274102e-04
0: CopyToCPU PMPI Allreduce Time: 2.051295e-05
0: MPIL CopyToCPU Recursive Doubling Time: 2.454483e-05
0: MPIL CopyToCPU Node-Aware Dissemination Time: 2.476448e-05
0: MPIL CopyToCPU NUMA-Aware Dissemination Time: 1.753041e-05
0: Testing Size 2
0: PMPI Allreduce Time: 2.066816e-05
0: MPIL GPU-Aware Recursive Doubling Time: 2.069276e-05
0: MPIL GPU-Aware Node-Aware Dissemination Time: 1.643387e-04
0: MPIL GPU-Aware NUMA-Aware Dissemination Time: 4.298425e-04
0: CopyToCPU PMPI Allreduce Time: 2.062387e-05
0: MPIL CopyToCPU Recursive Doubling Time: 2.482117e-05
0: MPIL CopyToCPU Node-Aware Dissemination Time: 2.375939e-05
0: MPIL CopyToCPU NUMA-Aware Dissemination Time: 1.746703e-05
0: Testing Size 4
0: PMPI Allreduce Time: 2.063188e-05
0: MPIL GPU-Aware Recursive Doubling Time: 2.067049e-05
0: MPIL GPU-Aware Node-Aware Dissemination Time: 1.618747e-04
0: MPIL GPU-Aware NUMA-Aware Dissemination Time: 4.312016e-04
0: CopyToCPU PMPI Allreduce Time: 2.068483e-05
0: MPIL CopyToCPU Recursive Doubling Time: 2.487639e-05
0: MPIL CopyToCPU Node-Aware Dissemination Time: 2.462183e-05
0: MPIL CopyToCPU NUMA-Aware Dissemination Time: 1.772226e-05
0: Testing Size 8
0: PMPI Allreduce Time: 2.107875e-05
0: MPIL GPU-Aware Recursive Doubling Time: 2.125100e-05
0: MPIL GPU-Aware Node-Aware Dissemination Time: 1.619682e-04
0: MPIL GPU-Aware NUMA-Aware Dissemination Time: 4.310286e-04
0: CopyToCPU PMPI Allreduce Time: 2.053756e-05
0: MPIL CopyToCPU Recursive Doubling Time: 2.515457e-05
0: MPIL CopyToCPU Node-Aware Dissemination Time: 2.444117e-05
0: MPIL CopyToCPU NUMA-Aware Dissemination Time: 1.787457e-05
0: Testing Size 16
0: PMPI Allreduce Time: 2.197301e-05
0: MPIL GPU-Aware Recursive Doubling Time: 2.199279e-05
0: MPIL GPU-Aware Node-Aware Dissemination Time: 1.630233e-04
0: MPIL GPU-Aware NUMA-Aware Dissemination Time: 4.287926e-04
0: CopyToCPU PMPI Allreduce Time: 2.160236e-05
0: MPIL CopyToCPU Recursive Doubling Time: 3.438493e-05
0: MPIL CopyToCPU Node-Aware Dissemination Time: 2.534731e-05
0: MPIL CopyToCPU NUMA-Aware Dissemination Time: 2.048645e-05
0: Testing Size 32
0: PMPI Allreduce Time: 3.892572e-05
0: MPIL GPU-Aware Recursive Doubling Time: 3.702024e-05
0: MPIL GPU-Aware Node-Aware Dissemination Time: 1.868521e-04
0: MPIL GPU-Aware NUMA-Aware Dissemination Time: 4.077250e-04
0: CopyToCPU PMPI Allreduce Time: 2.760480e-05
0: MPIL CopyToCPU Recursive Doubling Time: 4.045556e-05
0: MPIL CopyToCPU Node-Aware Dissemination Time: 2.771902e-05
0: MPIL CopyToCPU NUMA-Aware Dissemination Time: 2.746346e-05
0: Testing Size 64
0: PMPI Allreduce Time: 3.924013e-05
0: MPIL GPU-Aware Recursive Doubling Time: 3.908030e-05
0: MPIL GPU-Aware Node-Aware Dissemination Time: 1.914954e-04
0: MPIL GPU-Aware NUMA-Aware Dissemination Time: 4.057764e-04
0: CopyToCPU PMPI Allreduce Time: 3.872803e-05
0: MPIL CopyToCPU Recursive Doubling Time: 4.289362e-05
0: MPIL CopyToCPU Node-Aware Dissemination Time: 4.538491e-05
0: MPIL CopyToCPU NUMA-Aware Dissemination Time: 4.279088e-05
0: Testing Size 128
0: PMPI Allreduce Time: 5.055896e-05
0: MPIL GPU-Aware Recursive Doubling Time: 5.051359e-05
0: MPIL GPU-Aware Node-Aware Dissemination Time: 2.192261e-04
0: MPIL GPU-Aware NUMA-Aware Dissemination Time: 4.210341e-04
0: CopyToCPU PMPI Allreduce Time: 5.053694e-05
0: MPIL CopyToCPU Recursive Doubling Time: 5.591943e-05
0: MPIL CopyToCPU Node-Aware Dissemination Time: 7.393507e-05
0: MPIL CopyToCPU NUMA-Aware Dissemination Time: 6.074120e-05
0: Testing Size 256
0: PMPI Allreduce Time: 5.932505e-05
0: MPIL GPU-Aware Recursive Doubling Time: 5.905925e-05
0: MPIL GPU-Aware Node-Aware Dissemination Time: 2.320682e-04
0: MPIL GPU-Aware NUMA-Aware Dissemination Time: 4.249689e-04
0: CopyToCPU PMPI Allreduce Time: 6.413764e-05
0: MPIL CopyToCPU Recursive Doubling Time: 6.527528e-05
0: MPIL CopyToCPU Node-Aware Dissemination Time: 9.769889e-05
0: MPIL CopyToCPU NUMA-Aware Dissemination Time: 7.410831e-05
0: Testing Size 512
0: PMPI Allreduce Time: 7.512542e-05
0: MPIL GPU-Aware Recursive Doubling Time: 7.520697e-05
0: MPIL GPU-Aware Node-Aware Dissemination Time: 2.516729e-04
0: MPIL GPU-Aware NUMA-Aware Dissemination Time: 4.184323e-04
0: CopyToCPU PMPI Allreduce Time: 8.330738e-05
0: MPIL CopyToCPU Recursive Doubling Time: 8.285467e-05
0: MPIL CopyToCPU Node-Aware Dissemination Time: 1.345027e-04
0: MPIL CopyToCPU NUMA-Aware Dissemination Time: 9.771316e-05
0: Testing Size 1024
0: PMPI Allreduce Time: 2.129649e-04
0: MPIL GPU-Aware Recursive Doubling Time: 2.133393e-04
0: MPIL GPU-Aware Node-Aware Dissemination Time: 8.547154e-04
0: MPIL GPU-Aware NUMA-Aware Dissemination Time: 1.752259e-03
0: CopyToCPU PMPI Allreduce Time: 1.249241e-04
0: MPIL CopyToCPU Recursive Doubling Time: 1.154847e-04
0: MPIL CopyToCPU Node-Aware Dissemination Time: 2.093420e-04
0: MPIL CopyToCPU NUMA-Aware Dissemination Time: 1.361425e-04
0: Testing Size 2048
0: PMPI Allreduce Time: 2.121175e-04
0: MPIL GPU-Aware Recursive Doubling Time: 2.106034e-04
0: MPIL GPU-Aware Node-Aware Dissemination Time: 4.559997e-03
0: MPIL GPU-Aware NUMA-Aware Dissemination Time: 3.994555e-03
0: CopyToCPU PMPI Allreduce Time: 1.685682e-04
0: MPIL CopyToCPU Recursive Doubling Time: 1.832374e-04
0: MPIL CopyToCPU Node-Aware Dissemination Time: 2.702261e-04
0: MPIL CopyToCPU NUMA-Aware Dissemination Time: 2.046252e-04
0: Testing Size 4096
0: PMPI Allreduce Time: 2.156451e-04
0: MPIL GPU-Aware Recursive Doubling Time: 2.149902e-04
0: MPIL GPU-Aware Node-Aware Dissemination Time: 4.727559e-03
0: MPIL GPU-Aware NUMA-Aware Dissemination Time: 4.667072e-03
0: CopyToCPU PMPI Allreduce Time: 2.719689e-04
0: MPIL CopyToCPU Recursive Doubling Time: 3.267818e-04
0: MPIL CopyToCPU Node-Aware Dissemination Time: 4.263896e-04
0: MPIL CopyToCPU NUMA-Aware Dissemination Time: 3.334326e-04
0: Testing Size 8192
0: PMPI Allreduce Time: 2.144224e-04
0: MPIL GPU-Aware Recursive Doubling Time: 2.137877e-04
0: MPIL GPU-Aware Node-Aware Dissemination Time: 4.922142e-03
0: MPIL GPU-Aware NUMA-Aware Dissemination Time: 5.466587e-03
0: CopyToCPU PMPI Allreduce Time: 4.493377e-04
0: MPIL CopyToCPU Recursive Doubling Time: 5.525571e-04
0: MPIL CopyToCPU Node-Aware Dissemination Time: 7.411520e-04
0: MPIL CopyToCPU NUMA-Aware Dissemination Time: 5.751193e-04
0: Testing Size 16384
0: PMPI Allreduce Time: 2.217905e-04
0: MPIL GPU-Aware Recursive Doubling Time: 2.216337e-04
0: MPIL GPU-Aware Node-Aware Dissemination Time: 5.330007e-03
0: MPIL GPU-Aware NUMA-Aware Dissemination Time: 6.322365e-03
0: CopyToCPU PMPI Allreduce Time: 8.111071e-04
0: MPIL CopyToCPU Recursive Doubling Time: 9.317268e-04
0: MPIL CopyToCPU Node-Aware Dissemination Time: 1.395352e-03
0: MPIL CopyToCPU NUMA-Aware Dissemination Time: 1.061991e-03
0: Testing Size 32768
0: PMPI Allreduce Time: 2.411312e-04
0: MPIL GPU-Aware Recursive Doubling Time: 2.403741e-04
0: MPIL GPU-Aware Node-Aware Dissemination Time: 5.578520e-03
0: MPIL GPU-Aware NUMA-Aware Dissemination Time: 7.296998e-03
0: CopyToCPU PMPI Allreduce Time: 1.495211e-03
0: MPIL CopyToCPU Recursive Doubling Time: 1.754045e-03
0: MPIL CopyToCPU Node-Aware Dissemination Time: 2.686118e-03
0: MPIL CopyToCPU NUMA-Aware Dissemination Time: 2.007370e-03
0: Testing Size 65536
0: PMPI Allreduce Time: 2.841948e-04
0: MPIL GPU-Aware Recursive Doubling Time: 2.840208e-04
0: MPIL GPU-Aware Node-Aware Dissemination Time: 6.424276e-03
0: MPIL GPU-Aware NUMA-Aware Dissemination Time: 9.159201e-03
0: CopyToCPU PMPI Allreduce Time: 2.700222e-03
0: MPIL CopyToCPU Recursive Doubling Time: 3.332049e-03
0: MPIL CopyToCPU Node-Aware Dissemination Time: 4.796673e-03
0: MPIL CopyToCPU NUMA-Aware Dissemination Time: 3.922012e-03
0: Testing Size 131072
0: PMPI Allreduce Time: 3.598597e-04
0: MPIL GPU-Aware Recursive Doubling Time: 3.597833e-04
0: MPIL GPU-Aware Node-Aware Dissemination Time: 8.083783e-03
0: MPIL GPU-Aware NUMA-Aware Dissemination Time: 1.377886e-02
0: CopyToCPU PMPI Allreduce Time: 5.845441e-03
0: MPIL CopyToCPU Recursive Doubling Time: 6.376624e-03
0: MPIL CopyToCPU Node-Aware Dissemination Time: 1.020338e-02
0: MPIL CopyToCPU NUMA-Aware Dissemination Time: 7.775616e-03
0: Testing Size 262144
0: PMPI Allreduce Time: 5.151396e-04
0: MPIL GPU-Aware Recursive Doubling Time: 5.150156e-04
0: MPIL GPU-Aware Node-Aware Dissemination Time: 1.183321e-02
0: MPIL GPU-Aware NUMA-Aware Dissemination Time: 2.296155e-02
0: CopyToCPU PMPI Allreduce Time: 1.062984e-02
0: MPIL CopyToCPU Recursive Doubling Time: 1.263045e-02
0: MPIL CopyToCPU Node-Aware Dissemination Time: 1.935663e-02
0: MPIL CopyToCPU NUMA-Aware Dissemination Time: 1.503620e-02
0: Testing Size 524288
0: PMPI Allreduce Time: 8.239355e-04
0: MPIL GPU-Aware Recursive Doubling Time: 8.234116e-04
0: MPIL GPU-Aware Node-Aware Dissemination Time: 1.896623e-02
0: MPIL GPU-Aware NUMA-Aware Dissemination Time: 4.299032e-02
0: CopyToCPU PMPI Allreduce Time: 2.103846e-02
0: MPIL CopyToCPU Recursive Doubling Time: 2.496725e-02
0: MPIL CopyToCPU Node-Aware Dissemination Time: 3.869886e-02
0: MPIL CopyToCPU NUMA-Aware Dissemination Time: 2.983364e-02
