0: Testing Size 1
0: PMPI Allreduce Time: 2.956848e-05
0: MPIL GPU-Aware Recursive Doubling Time: 2.921604e-05
0: MPIL GPU-Aware Node-Aware Dissemination Time: 4.038413e-04
0: MPIL GPU-Aware NUMA-Aware Dissemination Time: 5.741886e-04
0: CopyToCPU PMPI Allreduce Time: 2.957288e-05
0: MPIL CopyToCPU Recursive Doubling Time: 3.388387e-05
0: MPIL CopyToCPU Node-Aware Dissemination Time: 4.295156e-05
0: MPIL CopyToCPU NUMA-Aware Dissemination Time: 2.429824e-05
0: Testing Size 2
0: PMPI Allreduce Time: 2.931619e-05
0: MPIL GPU-Aware Recursive Doubling Time: 2.937747e-05
0: MPIL GPU-Aware Node-Aware Dissemination Time: 4.073690e-04
0: MPIL GPU-Aware NUMA-Aware Dissemination Time: 5.751825e-04
0: CopyToCPU PMPI Allreduce Time: 2.962834e-05
0: MPIL CopyToCPU Recursive Doubling Time: 3.339935e-05
0: MPIL CopyToCPU Node-Aware Dissemination Time: 4.193189e-05
0: MPIL CopyToCPU NUMA-Aware Dissemination Time: 2.400271e-05
0: Testing Size 4
0: PMPI Allreduce Time: 2.931645e-05
0: MPIL GPU-Aware Recursive Doubling Time: 2.936114e-05
0: MPIL GPU-Aware Node-Aware Dissemination Time: 4.069751e-04
0: MPIL GPU-Aware NUMA-Aware Dissemination Time: 5.764953e-04
0: CopyToCPU PMPI Allreduce Time: 2.971836e-05
0: MPIL CopyToCPU Recursive Doubling Time: 3.350311e-05
0: MPIL CopyToCPU Node-Aware Dissemination Time: 4.240109e-05
0: MPIL CopyToCPU NUMA-Aware Dissemination Time: 2.415767e-05
0: Testing Size 8
0: PMPI Allreduce Time: 3.033027e-05
0: MPIL GPU-Aware Recursive Doubling Time: 3.045141e-05
0: MPIL GPU-Aware Node-Aware Dissemination Time: 4.102039e-04
0: MPIL GPU-Aware NUMA-Aware Dissemination Time: 5.783193e-04
0: CopyToCPU PMPI Allreduce Time: 2.986331e-05
0: MPIL CopyToCPU Recursive Doubling Time: 3.378553e-05
0: MPIL CopyToCPU Node-Aware Dissemination Time: 4.356628e-05
0: MPIL CopyToCPU NUMA-Aware Dissemination Time: 2.622216e-05
0: Testing Size 16
0: PMPI Allreduce Time: 3.158774e-05
0: MPIL GPU-Aware Recursive Doubling Time: 3.157003e-05
0: MPIL GPU-Aware Node-Aware Dissemination Time: 4.157625e-04
0: MPIL GPU-Aware NUMA-Aware Dissemination Time: 5.798345e-04
0: CopyToCPU PMPI Allreduce Time: 3.093610e-05
0: MPIL CopyToCPU Recursive Doubling Time: 5.489877e-05
0: MPIL CopyToCPU Node-Aware Dissemination Time: 4.558141e-05
0: MPIL CopyToCPU NUMA-Aware Dissemination Time: 2.894041e-05
0: Testing Size 32
0: PMPI Allreduce Time: 6.400630e-05
0: MPIL GPU-Aware Recursive Doubling Time: 5.781114e-05
0: MPIL GPU-Aware Node-Aware Dissemination Time: 4.569910e-04
0: MPIL GPU-Aware NUMA-Aware Dissemination Time: 5.624987e-04
0: CopyToCPU PMPI Allreduce Time: 4.249290e-05
0: MPIL CopyToCPU Recursive Doubling Time: 5.783124e-05
0: MPIL CopyToCPU Node-Aware Dissemination Time: 5.035464e-05
0: MPIL CopyToCPU NUMA-Aware Dissemination Time: 3.991655e-05
0: Testing Size 64
0: PMPI Allreduce Time: 5.552458e-05
0: MPIL GPU-Aware Recursive Doubling Time: 5.474995e-05
0: MPIL GPU-Aware Node-Aware Dissemination Time: 4.611765e-04
0: MPIL GPU-Aware NUMA-Aware Dissemination Time: 5.513036e-04
0: CopyToCPU PMPI Allreduce Time: 5.345965e-05
0: MPIL CopyToCPU Recursive Doubling Time: 5.758552e-05
0: MPIL CopyToCPU Node-Aware Dissemination Time: 7.714972e-05
0: MPIL CopyToCPU NUMA-Aware Dissemination Time: 5.714806e-05
0: Testing Size 128
0: PMPI Allreduce Time: 6.789108e-05
0: MPIL GPU-Aware Recursive Doubling Time: 6.806699e-05
0: MPIL GPU-Aware Node-Aware Dissemination Time: 5.085076e-04
0: MPIL GPU-Aware NUMA-Aware Dissemination Time: 5.656326e-04
0: CopyToCPU PMPI Allreduce Time: 6.734745e-05
0: MPIL CopyToCPU Recursive Doubling Time: 7.191472e-05
0: MPIL CopyToCPU Node-Aware Dissemination Time: 1.213645e-04
0: MPIL CopyToCPU NUMA-Aware Dissemination Time: 8.134095e-05
0: Testing Size 256
0: PMPI Allreduce Time: 7.808928e-05
0: MPIL GPU-Aware Recursive Doubling Time: 7.807500e-05
0: MPIL GPU-Aware Node-Aware Dissemination Time: 5.296098e-04
0: MPIL GPU-Aware NUMA-Aware Dissemination Time: 5.718614e-04
0: CopyToCPU PMPI Allreduce Time: 8.421508e-05
0: MPIL CopyToCPU Recursive Doubling Time: 8.639812e-05
0: MPIL CopyToCPU Node-Aware Dissemination Time: 1.665042e-04
0: MPIL CopyToCPU NUMA-Aware Dissemination Time: 9.922443e-05
0: Testing Size 512
0: PMPI Allreduce Time: 9.353077e-05
0: MPIL GPU-Aware Recursive Doubling Time: 9.340434e-05
0: MPIL GPU-Aware Node-Aware Dissemination Time: 5.572961e-04
0: MPIL GPU-Aware NUMA-Aware Dissemination Time: 5.742303e-04
0: CopyToCPU PMPI Allreduce Time: 1.014773e-04
0: MPIL CopyToCPU Recursive Doubling Time: 1.027566e-04
0: MPIL CopyToCPU Node-Aware Dissemination Time: 2.257251e-04
0: MPIL CopyToCPU NUMA-Aware Dissemination Time: 1.266276e-04
0: Testing Size 1024
0: PMPI Allreduce Time: 2.427647e-04
0: MPIL GPU-Aware Recursive Doubling Time: 2.419320e-04
0: MPIL GPU-Aware Node-Aware Dissemination Time: 1.865377e-03
0: MPIL GPU-Aware NUMA-Aware Dissemination Time: 2.345935e-03
0: CopyToCPU PMPI Allreduce Time: 1.395777e-04
0: MPIL CopyToCPU Recursive Doubling Time: 1.377865e-04
0: MPIL CopyToCPU Node-Aware Dissemination Time: 3.156495e-04
0: MPIL CopyToCPU NUMA-Aware Dissemination Time: 1.809609e-04
0: Testing Size 2048
0: PMPI Allreduce Time: 2.529384e-04
0: MPIL GPU-Aware Recursive Doubling Time: 2.518937e-04
0: MPIL GPU-Aware Node-Aware Dissemination Time: 5.951714e-03
0: MPIL GPU-Aware NUMA-Aware Dissemination Time: 4.978386e-03
0: CopyToCPU PMPI Allreduce Time: 1.919379e-04
0: MPIL CopyToCPU Recursive Doubling Time: 2.002083e-04
0: MPIL CopyToCPU Node-Aware Dissemination Time: 4.079126e-04
0: MPIL CopyToCPU NUMA-Aware Dissemination Time: 2.527945e-04
0: Testing Size 4096
0: PMPI Allreduce Time: 2.622384e-04
0: MPIL GPU-Aware Recursive Doubling Time: 2.627978e-04
0: MPIL GPU-Aware Node-Aware Dissemination Time: 6.322765e-03
0: MPIL GPU-Aware NUMA-Aware Dissemination Time: 5.735708e-03
0: CopyToCPU PMPI Allreduce Time: 2.879602e-04
0: MPIL CopyToCPU Recursive Doubling Time: 3.474783e-04
0: MPIL CopyToCPU Node-Aware Dissemination Time: 6.721700e-04
0: MPIL CopyToCPU NUMA-Aware Dissemination Time: 4.099376e-04
0: Testing Size 8192
0: PMPI Allreduce Time: 2.661174e-04
0: MPIL GPU-Aware Recursive Doubling Time: 2.661049e-04
0: MPIL GPU-Aware Node-Aware Dissemination Time: 6.882544e-03
0: MPIL GPU-Aware NUMA-Aware Dissemination Time: 6.635543e-03
0: CopyToCPU PMPI Allreduce Time: 4.763181e-04
0: MPIL CopyToCPU Recursive Doubling Time: 5.779792e-04
0: MPIL CopyToCPU Node-Aware Dissemination Time: 1.144386e-03
0: MPIL CopyToCPU NUMA-Aware Dissemination Time: 7.080901e-04
0: Testing Size 16384
0: PMPI Allreduce Time: 2.734701e-04
0: MPIL GPU-Aware Recursive Doubling Time: 2.732566e-04
0: MPIL GPU-Aware Node-Aware Dissemination Time: 7.642132e-03
0: MPIL GPU-Aware NUMA-Aware Dissemination Time: 7.371299e-03
0: CopyToCPU PMPI Allreduce Time: 8.331711e-04
0: MPIL CopyToCPU Recursive Doubling Time: 1.047566e-03
0: MPIL CopyToCPU Node-Aware Dissemination Time: 2.098913e-03
0: MPIL CopyToCPU NUMA-Aware Dissemination Time: 1.333054e-03
0: Testing Size 32768
0: PMPI Allreduce Time: 2.927720e-04
0: MPIL GPU-Aware Recursive Doubling Time: 2.915996e-04
0: MPIL GPU-Aware Node-Aware Dissemination Time: 8.662051e-03
0: MPIL GPU-Aware NUMA-Aware Dissemination Time: 8.254372e-03
0: CopyToCPU PMPI Allreduce Time: 1.517741e-03
0: MPIL CopyToCPU Recursive Doubling Time: 1.878850e-03
0: MPIL CopyToCPU Node-Aware Dissemination Time: 3.968297e-03
0: MPIL CopyToCPU NUMA-Aware Dissemination Time: 2.357973e-03
0: Testing Size 65536
0: PMPI Allreduce Time: 3.376628e-04
0: MPIL GPU-Aware Recursive Doubling Time: 3.368209e-04
0: MPIL GPU-Aware Node-Aware Dissemination Time: 1.105937e-02
0: MPIL GPU-Aware NUMA-Aware Dissemination Time: 1.183537e-02
0: CopyToCPU PMPI Allreduce Time: 2.815035e-03
0: MPIL CopyToCPU Recursive Doubling Time: 3.575243e-03
0: MPIL CopyToCPU Node-Aware Dissemination Time: 7.476618e-03
0: MPIL CopyToCPU NUMA-Aware Dissemination Time: 4.621856e-03
0: Testing Size 131072
0: PMPI Allreduce Time: 4.211472e-04
0: MPIL GPU-Aware Recursive Doubling Time: 4.189126e-04
0: MPIL GPU-Aware Node-Aware Dissemination Time: 1.585439e-02
0: MPIL GPU-Aware NUMA-Aware Dissemination Time: 1.938997e-02
0: CopyToCPU PMPI Allreduce Time: 5.949928e-03
0: MPIL CopyToCPU Recursive Doubling Time: 6.782321e-03
0: MPIL CopyToCPU Node-Aware Dissemination Time: 1.432009e-02
0: MPIL CopyToCPU NUMA-Aware Dissemination Time: 9.481912e-03
0: Testing Size 262144
0: PMPI Allreduce Time: 5.877043e-04
0: MPIL GPU-Aware Recursive Doubling Time: 5.873012e-04
0: MPIL GPU-Aware Node-Aware Dissemination Time: 2.561250e-02
0: MPIL GPU-Aware NUMA-Aware Dissemination Time: 3.661155e-02
0: CopyToCPU PMPI Allreduce Time: 1.070939e-02
0: MPIL CopyToCPU Recursive Doubling Time: 1.343918e-02
0: MPIL CopyToCPU Node-Aware Dissemination Time: 2.842453e-02
0: MPIL CopyToCPU NUMA-Aware Dissemination Time: 1.832030e-02
0: Testing Size 524288
0: PMPI Allreduce Time: 9.103124e-04
0: MPIL GPU-Aware Recursive Doubling Time: 9.101137e-04
0: MPIL GPU-Aware Node-Aware Dissemination Time: 4.611901e-02
0: MPIL GPU-Aware NUMA-Aware Dissemination Time: 7.071724e-02
0: CopyToCPU PMPI Allreduce Time: 2.145421e-02
0: MPIL CopyToCPU Recursive Doubling Time: 2.665894e-02
0: MPIL CopyToCPU Node-Aware Dissemination Time: 6.290944e-02
0: MPIL CopyToCPU NUMA-Aware Dissemination Time: 3.895540e-02
