0: Testing Size 1
0: PMPI Allreduce Time: 3.350529e-05
0: MPIL GPU-Aware Recursive Doubling Time: 3.283310e-05
0: MPIL GPU-Aware Node-Aware Dissemination Time: 4.250611e-04
0: MPIL GPU-Aware NUMA-Aware Dissemination Time: 5.780855e-04
0: CopyToCPU PMPI Allreduce Time: 3.309259e-05
0: MPIL CopyToCPU Recursive Doubling Time: 3.991213e-05
0: MPIL CopyToCPU Node-Aware Dissemination Time: 4.323732e-05
0: MPIL CopyToCPU NUMA-Aware Dissemination Time: 2.532755e-05
0: Testing Size 2
0: PMPI Allreduce Time: 3.300075e-05
0: MPIL GPU-Aware Recursive Doubling Time: 3.315042e-05
0: MPIL GPU-Aware Node-Aware Dissemination Time: 4.246798e-04
0: MPIL GPU-Aware NUMA-Aware Dissemination Time: 5.781847e-04
0: CopyToCPU PMPI Allreduce Time: 3.318054e-05
0: MPIL CopyToCPU Recursive Doubling Time: 3.638889e-05
0: MPIL CopyToCPU Node-Aware Dissemination Time: 4.276968e-05
0: MPIL CopyToCPU NUMA-Aware Dissemination Time: 2.491539e-05
0: Testing Size 4
0: PMPI Allreduce Time: 3.328164e-05
0: MPIL GPU-Aware Recursive Doubling Time: 3.326946e-05
0: MPIL GPU-Aware Node-Aware Dissemination Time: 4.225975e-04
0: MPIL GPU-Aware NUMA-Aware Dissemination Time: 5.785836e-04
0: CopyToCPU PMPI Allreduce Time: 3.330838e-05
0: MPIL CopyToCPU Recursive Doubling Time: 3.676430e-05
0: MPIL CopyToCPU Node-Aware Dissemination Time: 4.315660e-05
0: MPIL CopyToCPU NUMA-Aware Dissemination Time: 2.549634e-05
0: Testing Size 8
0: PMPI Allreduce Time: 3.564917e-05
0: MPIL GPU-Aware Recursive Doubling Time: 3.538172e-05
0: MPIL GPU-Aware Node-Aware Dissemination Time: 4.226399e-04
0: MPIL GPU-Aware NUMA-Aware Dissemination Time: 5.804071e-04
0: CopyToCPU PMPI Allreduce Time: 3.371461e-05
0: MPIL CopyToCPU Recursive Doubling Time: 3.727343e-05
0: MPIL CopyToCPU Node-Aware Dissemination Time: 4.481866e-05
0: MPIL CopyToCPU NUMA-Aware Dissemination Time: 2.942337e-05
0: Testing Size 16
0: PMPI Allreduce Time: 3.663709e-05
0: MPIL GPU-Aware Recursive Doubling Time: 3.670342e-05
0: MPIL GPU-Aware Node-Aware Dissemination Time: 4.422782e-04
0: MPIL GPU-Aware NUMA-Aware Dissemination Time: 5.916963e-04
0: CopyToCPU PMPI Allreduce Time: 3.630988e-05
0: MPIL CopyToCPU Recursive Doubling Time: 7.603642e-05
0: MPIL CopyToCPU Node-Aware Dissemination Time: 5.032240e-05
0: MPIL CopyToCPU NUMA-Aware Dissemination Time: 3.191082e-05
0: Testing Size 32
0: PMPI Allreduce Time: 8.783160e-05
0: MPIL GPU-Aware Recursive Doubling Time: 7.410948e-05
0: MPIL GPU-Aware Node-Aware Dissemination Time: 4.631100e-04
0: MPIL GPU-Aware NUMA-Aware Dissemination Time: 5.942360e-04
0: CopyToCPU PMPI Allreduce Time: 4.801891e-05
0: MPIL CopyToCPU Recursive Doubling Time: 7.087485e-05
0: MPIL CopyToCPU Node-Aware Dissemination Time: 5.165883e-05
0: MPIL CopyToCPU NUMA-Aware Dissemination Time: 4.276123e-05
0: Testing Size 64
0: PMPI Allreduce Time: 6.049118e-05
0: MPIL GPU-Aware Recursive Doubling Time: 5.920317e-05
0: MPIL GPU-Aware Node-Aware Dissemination Time: 4.653121e-04
0: MPIL GPU-Aware NUMA-Aware Dissemination Time: 5.538044e-04
0: CopyToCPU PMPI Allreduce Time: 5.855360e-05
0: MPIL CopyToCPU Recursive Doubling Time: 6.260833e-05
0: MPIL CopyToCPU Node-Aware Dissemination Time: 7.914384e-05
0: MPIL CopyToCPU NUMA-Aware Dissemination Time: 5.697642e-05
0: Testing Size 128
0: PMPI Allreduce Time: 7.185513e-05
0: MPIL GPU-Aware Recursive Doubling Time: 7.260592e-05
0: MPIL GPU-Aware Node-Aware Dissemination Time: 5.111312e-04
0: MPIL GPU-Aware NUMA-Aware Dissemination Time: 5.719159e-04
0: CopyToCPU PMPI Allreduce Time: 7.072168e-05
0: MPIL CopyToCPU Recursive Doubling Time: 7.642421e-05
0: MPIL CopyToCPU Node-Aware Dissemination Time: 1.343351e-04
0: MPIL CopyToCPU NUMA-Aware Dissemination Time: 7.814992e-05
0: Testing Size 256
0: PMPI Allreduce Time: 8.169790e-05
0: MPIL GPU-Aware Recursive Doubling Time: 8.166930e-05
0: MPIL GPU-Aware Node-Aware Dissemination Time: 5.339567e-04
0: MPIL GPU-Aware NUMA-Aware Dissemination Time: 5.792376e-04
0: CopyToCPU PMPI Allreduce Time: 9.057470e-05
0: MPIL CopyToCPU Recursive Doubling Time: 9.585111e-05
0: MPIL CopyToCPU Node-Aware Dissemination Time: 1.626742e-04
0: MPIL CopyToCPU NUMA-Aware Dissemination Time: 9.812126e-05
0: Testing Size 512
0: PMPI Allreduce Time: 9.894968e-05
0: MPIL GPU-Aware Recursive Doubling Time: 9.891186e-05
0: MPIL GPU-Aware Node-Aware Dissemination Time: 5.708384e-04
0: MPIL GPU-Aware NUMA-Aware Dissemination Time: 5.754322e-04
0: CopyToCPU PMPI Allreduce Time: 1.062429e-04
0: MPIL CopyToCPU Recursive Doubling Time: 1.131981e-04
0: MPIL CopyToCPU Node-Aware Dissemination Time: 2.162929e-04
0: MPIL CopyToCPU NUMA-Aware Dissemination Time: 1.236656e-04
0: Testing Size 1024
0: PMPI Allreduce Time: 2.542005e-04
0: MPIL GPU-Aware Recursive Doubling Time: 2.539494e-04
0: MPIL GPU-Aware Node-Aware Dissemination Time: 1.841629e-03
0: MPIL GPU-Aware NUMA-Aware Dissemination Time: 2.463885e-03
0: CopyToCPU PMPI Allreduce Time: 1.476604e-04
0: MPIL CopyToCPU Recursive Doubling Time: 1.442009e-04
0: MPIL CopyToCPU Node-Aware Dissemination Time: 3.199353e-04
0: MPIL CopyToCPU NUMA-Aware Dissemination Time: 1.735078e-04
0: Testing Size 2048
0: PMPI Allreduce Time: 2.730077e-04
0: MPIL GPU-Aware Recursive Doubling Time: 2.710515e-04
0: MPIL GPU-Aware Node-Aware Dissemination Time: 6.249955e-03
0: MPIL GPU-Aware NUMA-Aware Dissemination Time: 5.058891e-03
0: CopyToCPU PMPI Allreduce Time: 1.955212e-04
0: MPIL CopyToCPU Recursive Doubling Time: 2.046695e-04
0: MPIL CopyToCPU Node-Aware Dissemination Time: 4.121316e-04
0: MPIL CopyToCPU NUMA-Aware Dissemination Time: 2.565411e-04
0: Testing Size 4096
0: PMPI Allreduce Time: 2.839353e-04
0: MPIL GPU-Aware Recursive Doubling Time: 2.835842e-04
0: MPIL GPU-Aware Node-Aware Dissemination Time: 6.401897e-03
0: MPIL GPU-Aware NUMA-Aware Dissemination Time: 5.652341e-03
0: CopyToCPU PMPI Allreduce Time: 2.950967e-04
0: MPIL CopyToCPU Recursive Doubling Time: 3.660753e-04
0: MPIL CopyToCPU Node-Aware Dissemination Time: 6.661630e-04
0: MPIL CopyToCPU NUMA-Aware Dissemination Time: 4.749550e-04
0: Testing Size 8192
0: PMPI Allreduce Time: 2.869005e-04
0: MPIL GPU-Aware Recursive Doubling Time: 2.866095e-04
0: MPIL GPU-Aware Node-Aware Dissemination Time: 6.805869e-03
0: MPIL GPU-Aware NUMA-Aware Dissemination Time: 6.126158e-03
0: CopyToCPU PMPI Allreduce Time: 4.821923e-04
0: MPIL CopyToCPU Recursive Doubling Time: 5.969708e-04
0: MPIL CopyToCPU Node-Aware Dissemination Time: 1.146437e-03
0: MPIL CopyToCPU NUMA-Aware Dissemination Time: 7.568002e-04
0: Testing Size 16384
0: PMPI Allreduce Time: 2.970764e-04
0: MPIL GPU-Aware Recursive Doubling Time: 2.967682e-04
0: MPIL GPU-Aware Node-Aware Dissemination Time: 7.421338e-03
0: MPIL GPU-Aware NUMA-Aware Dissemination Time: 6.617919e-03
0: CopyToCPU PMPI Allreduce Time: 8.466931e-04
0: MPIL CopyToCPU Recursive Doubling Time: 1.087428e-03
0: MPIL CopyToCPU Node-Aware Dissemination Time: 2.117751e-03
0: MPIL CopyToCPU NUMA-Aware Dissemination Time: 1.243443e-03
0: Testing Size 32768
0: PMPI Allreduce Time: 3.126945e-04
0: MPIL GPU-Aware Recursive Doubling Time: 3.120068e-04
0: MPIL GPU-Aware Node-Aware Dissemination Time: 8.212589e-03
0: MPIL GPU-Aware NUMA-Aware Dissemination Time: 8.150195e-03
0: CopyToCPU PMPI Allreduce Time: 1.537395e-03
0: MPIL CopyToCPU Recursive Doubling Time: 1.941490e-03
0: MPIL CopyToCPU Node-Aware Dissemination Time: 3.998381e-03
0: MPIL CopyToCPU NUMA-Aware Dissemination Time: 2.580470e-03
0: Testing Size 65536
0: PMPI Allreduce Time: 3.621914e-04
0: MPIL GPU-Aware Recursive Doubling Time: 3.593771e-04
0: MPIL GPU-Aware Node-Aware Dissemination Time: 1.043576e-02
0: MPIL GPU-Aware NUMA-Aware Dissemination Time: 1.187683e-02
0: CopyToCPU PMPI Allreduce Time: 2.896948e-03
0: MPIL CopyToCPU Recursive Doubling Time: 3.696991e-03
0: MPIL CopyToCPU Node-Aware Dissemination Time: 7.407559e-03
0: MPIL CopyToCPU NUMA-Aware Dissemination Time: 5.407825e-03
0: Testing Size 131072
0: PMPI Allreduce Time: 4.468549e-04
0: MPIL GPU-Aware Recursive Doubling Time: 4.424230e-04
0: MPIL GPU-Aware Node-Aware Dissemination Time: 1.560981e-02
0: MPIL GPU-Aware NUMA-Aware Dissemination Time: 2.044294e-02
0: CopyToCPU PMPI Allreduce Time: 5.998797e-03
0: MPIL CopyToCPU Recursive Doubling Time: 6.997309e-03
0: MPIL CopyToCPU Node-Aware Dissemination Time: 1.628449e-02
0: MPIL CopyToCPU NUMA-Aware Dissemination Time: 8.937933e-03
0: Testing Size 262144
0: PMPI Allreduce Time: 6.115248e-04
0: MPIL GPU-Aware Recursive Doubling Time: 6.111810e-04
0: MPIL GPU-Aware Node-Aware Dissemination Time: 2.773011e-02
0: MPIL GPU-Aware NUMA-Aware Dissemination Time: 3.770330e-02
0: CopyToCPU PMPI Allreduce Time: 1.236316e-02
0: MPIL CopyToCPU Recursive Doubling Time: 1.391482e-02
0: MPIL CopyToCPU Node-Aware Dissemination Time: 2.974703e-02
0: MPIL CopyToCPU NUMA-Aware Dissemination Time: 1.870400e-02
0: Testing Size 524288
0: PMPI Allreduce Time: 9.300756e-04
0: MPIL GPU-Aware Recursive Doubling Time: 9.298113e-04
0: MPIL GPU-Aware Node-Aware Dissemination Time: 4.782845e-02
0: MPIL GPU-Aware NUMA-Aware Dissemination Time: 7.554941e-02
0: CopyToCPU PMPI Allreduce Time: 2.240904e-02
0: MPIL CopyToCPU Recursive Doubling Time: 2.759101e-02
0: MPIL CopyToCPU Node-Aware Dissemination Time: 5.927790e-02
0: MPIL CopyToCPU NUMA-Aware Dissemination Time: 3.898530e-02
