0: Testing Size 1
0: PMPI Allreduce Time: 1.691283e-05
0: MPIL GPU-Aware Recursive Doubling Time: 1.699901e-05
0: MPIL GPU-Aware Node-Aware Dissemination Time: 1.548084e-04
0: MPIL GPU-Aware NUMA-Aware Dissemination Time: 2.898974e-04
0: CopyToCPU PMPI Allreduce Time: 1.709098e-05
0: MPIL CopyToCPU Recursive Doubling Time: 1.979499e-05
0: MPIL CopyToCPU Node-Aware Dissemination Time: 2.149080e-05
0: MPIL CopyToCPU NUMA-Aware Dissemination Time: 1.366522e-05
0: Testing Size 2
0: PMPI Allreduce Time: 1.727407e-05
0: MPIL GPU-Aware Recursive Doubling Time: 1.737041e-05
0: MPIL GPU-Aware Node-Aware Dissemination Time: 1.540715e-04
0: MPIL GPU-Aware NUMA-Aware Dissemination Time: 2.903271e-04
0: CopyToCPU PMPI Allreduce Time: 1.731575e-05
0: MPIL CopyToCPU Recursive Doubling Time: 2.062763e-05
0: MPIL CopyToCPU Node-Aware Dissemination Time: 2.130999e-05
0: MPIL CopyToCPU NUMA-Aware Dissemination Time: 1.370440e-05
0: Testing Size 4
0: PMPI Allreduce Time: 1.736542e-05
0: MPIL GPU-Aware Recursive Doubling Time: 1.742593e-05
0: MPIL GPU-Aware Node-Aware Dissemination Time: 1.540577e-04
0: MPIL GPU-Aware NUMA-Aware Dissemination Time: 2.926418e-04
0: CopyToCPU PMPI Allreduce Time: 1.747310e-05
0: MPIL CopyToCPU Recursive Doubling Time: 2.056375e-05
0: MPIL CopyToCPU Node-Aware Dissemination Time: 2.104971e-05
0: MPIL CopyToCPU NUMA-Aware Dissemination Time: 1.376549e-05
0: Testing Size 8
0: PMPI Allreduce Time: 1.757621e-05
0: MPIL GPU-Aware Recursive Doubling Time: 1.767654e-05
0: MPIL GPU-Aware Node-Aware Dissemination Time: 1.530547e-04
0: MPIL GPU-Aware NUMA-Aware Dissemination Time: 2.907907e-04
0: CopyToCPU PMPI Allreduce Time: 1.746076e-05
0: MPIL CopyToCPU Recursive Doubling Time: 2.088340e-05
0: MPIL CopyToCPU Node-Aware Dissemination Time: 2.153675e-05
0: MPIL CopyToCPU NUMA-Aware Dissemination Time: 1.400896e-05
0: Testing Size 16
0: PMPI Allreduce Time: 1.851948e-05
0: MPIL GPU-Aware Recursive Doubling Time: 1.862758e-05
0: MPIL GPU-Aware Node-Aware Dissemination Time: 1.538809e-04
0: MPIL GPU-Aware NUMA-Aware Dissemination Time: 2.887963e-04
0: CopyToCPU PMPI Allreduce Time: 1.827384e-05
0: MPIL CopyToCPU Recursive Doubling Time: 2.656468e-05
0: MPIL CopyToCPU Node-Aware Dissemination Time: 2.187100e-05
0: MPIL CopyToCPU NUMA-Aware Dissemination Time: 1.573464e-05
0: Testing Size 32
0: PMPI Allreduce Time: 2.961546e-05
0: MPIL GPU-Aware Recursive Doubling Time: 2.902191e-05
0: MPIL GPU-Aware Node-Aware Dissemination Time: 1.814511e-04
0: MPIL GPU-Aware NUMA-Aware Dissemination Time: 2.629361e-04
0: CopyToCPU PMPI Allreduce Time: 2.281789e-05
0: MPIL CopyToCPU Recursive Doubling Time: 3.076476e-05
0: MPIL CopyToCPU Node-Aware Dissemination Time: 2.322772e-05
0: MPIL CopyToCPU NUMA-Aware Dissemination Time: 2.155246e-05
0: Testing Size 64
0: PMPI Allreduce Time: 3.161484e-05
0: MPIL GPU-Aware Recursive Doubling Time: 3.161687e-05
0: MPIL GPU-Aware Node-Aware Dissemination Time: 1.863955e-04
0: MPIL GPU-Aware NUMA-Aware Dissemination Time: 2.614049e-04
0: CopyToCPU PMPI Allreduce Time: 3.098613e-05
0: MPIL CopyToCPU Recursive Doubling Time: 3.325640e-05
0: MPIL CopyToCPU Node-Aware Dissemination Time: 4.373823e-05
0: MPIL CopyToCPU NUMA-Aware Dissemination Time: 3.132162e-05
0: Testing Size 128
0: PMPI Allreduce Time: 4.241594e-05
0: MPIL GPU-Aware Recursive Doubling Time: 4.237400e-05
0: MPIL GPU-Aware Node-Aware Dissemination Time: 2.140887e-04
0: MPIL GPU-Aware NUMA-Aware Dissemination Time: 2.968408e-04
0: CopyToCPU PMPI Allreduce Time: 4.202980e-05
0: MPIL CopyToCPU Recursive Doubling Time: 4.705030e-05
0: MPIL CopyToCPU Node-Aware Dissemination Time: 7.416225e-05
0: MPIL CopyToCPU NUMA-Aware Dissemination Time: 4.543441e-05
0: Testing Size 256
0: PMPI Allreduce Time: 5.160047e-05
0: MPIL GPU-Aware Recursive Doubling Time: 5.147490e-05
0: MPIL GPU-Aware Node-Aware Dissemination Time: 2.311413e-04
0: MPIL GPU-Aware NUMA-Aware Dissemination Time: 2.901415e-04
0: CopyToCPU PMPI Allreduce Time: 6.033720e-05
0: MPIL CopyToCPU Recursive Doubling Time: 6.639381e-05
0: MPIL CopyToCPU Node-Aware Dissemination Time: 9.820455e-05
0: MPIL CopyToCPU NUMA-Aware Dissemination Time: 6.100006e-05
0: Testing Size 512
0: PMPI Allreduce Time: 6.836637e-05
0: MPIL GPU-Aware Recursive Doubling Time: 6.696961e-05
0: MPIL GPU-Aware Node-Aware Dissemination Time: 2.548246e-04
0: MPIL GPU-Aware NUMA-Aware Dissemination Time: 2.894612e-04
0: CopyToCPU PMPI Allreduce Time: 7.657439e-05
0: MPIL CopyToCPU Recursive Doubling Time: 8.032121e-05
0: MPIL CopyToCPU Node-Aware Dissemination Time: 1.295252e-04
0: MPIL CopyToCPU NUMA-Aware Dissemination Time: 7.654213e-05
0: Testing Size 1024
0: PMPI Allreduce Time: 1.799451e-04
0: MPIL GPU-Aware Recursive Doubling Time: 1.798642e-04
0: MPIL GPU-Aware Node-Aware Dissemination Time: 8.158948e-04
0: MPIL GPU-Aware NUMA-Aware Dissemination Time: 1.239198e-03
0: CopyToCPU PMPI Allreduce Time: 1.065093e-04
0: MPIL CopyToCPU Recursive Doubling Time: 1.079948e-04
0: MPIL CopyToCPU Node-Aware Dissemination Time: 1.961880e-04
0: MPIL CopyToCPU NUMA-Aware Dissemination Time: 1.059573e-04
0: Testing Size 2048
0: PMPI Allreduce Time: 1.781676e-04
0: MPIL GPU-Aware Recursive Doubling Time: 1.775055e-04
0: MPIL GPU-Aware Node-Aware Dissemination Time: 4.419311e-03
0: MPIL GPU-Aware NUMA-Aware Dissemination Time: 3.313148e-03
0: CopyToCPU PMPI Allreduce Time: 1.543942e-04
0: MPIL CopyToCPU Recursive Doubling Time: 1.749725e-04
0: MPIL CopyToCPU Node-Aware Dissemination Time: 2.697455e-04
0: MPIL CopyToCPU NUMA-Aware Dissemination Time: 1.645799e-04
0: Testing Size 4096
0: PMPI Allreduce Time: 1.810839e-04
0: MPIL GPU-Aware Recursive Doubling Time: 1.806349e-04
0: MPIL GPU-Aware Node-Aware Dissemination Time: 4.640281e-03
0: MPIL GPU-Aware NUMA-Aware Dissemination Time: 3.637055e-03
0: CopyToCPU PMPI Allreduce Time: 2.514227e-04
0: MPIL CopyToCPU Recursive Doubling Time: 2.845153e-04
0: MPIL CopyToCPU Node-Aware Dissemination Time: 4.394602e-04
0: MPIL CopyToCPU NUMA-Aware Dissemination Time: 2.600485e-04
0: Testing Size 8192
0: PMPI Allreduce Time: 1.843932e-04
0: MPIL GPU-Aware Recursive Doubling Time: 1.839750e-04
0: MPIL GPU-Aware Node-Aware Dissemination Time: 4.750716e-03
0: MPIL GPU-Aware NUMA-Aware Dissemination Time: 4.361222e-03
0: CopyToCPU PMPI Allreduce Time: 4.291143e-04
0: MPIL CopyToCPU Recursive Doubling Time: 5.106590e-04
0: MPIL CopyToCPU Node-Aware Dissemination Time: 7.701358e-04
0: MPIL CopyToCPU NUMA-Aware Dissemination Time: 4.445078e-04
0: Testing Size 16384
0: PMPI Allreduce Time: 1.899518e-04
0: MPIL GPU-Aware Recursive Doubling Time: 1.891709e-04
0: MPIL GPU-Aware Node-Aware Dissemination Time: 5.505993e-03
0: MPIL GPU-Aware NUMA-Aware Dissemination Time: 4.885606e-03
0: CopyToCPU PMPI Allreduce Time: 7.917082e-04
0: MPIL CopyToCPU Recursive Doubling Time: 8.973152e-04
0: MPIL CopyToCPU Node-Aware Dissemination Time: 1.450146e-03
0: MPIL CopyToCPU NUMA-Aware Dissemination Time: 8.248635e-04
0: Testing Size 32768
0: PMPI Allreduce Time: 2.026830e-04
0: MPIL GPU-Aware Recursive Doubling Time: 2.021905e-04
0: MPIL GPU-Aware Node-Aware Dissemination Time: 5.824622e-03
0: MPIL GPU-Aware NUMA-Aware Dissemination Time: 5.298868e-03
0: CopyToCPU PMPI Allreduce Time: 1.475570e-03
0: MPIL CopyToCPU Recursive Doubling Time: 1.749482e-03
0: MPIL CopyToCPU Node-Aware Dissemination Time: 2.770373e-03
0: MPIL CopyToCPU NUMA-Aware Dissemination Time: 1.519501e-03
0: Testing Size 65536
0: PMPI Allreduce Time: 2.455543e-04
0: MPIL GPU-Aware Recursive Doubling Time: 2.448977e-04
0: MPIL GPU-Aware Node-Aware Dissemination Time: 6.449143e-03
0: MPIL GPU-Aware NUMA-Aware Dissemination Time: 6.217010e-03
0: CopyToCPU PMPI Allreduce Time: 2.651554e-03
0: MPIL CopyToCPU Recursive Doubling Time: 3.326840e-03
0: MPIL CopyToCPU Node-Aware Dissemination Time: 5.006493e-03
0: MPIL CopyToCPU NUMA-Aware Dissemination Time: 2.901386e-03
0: Testing Size 131072
0: PMPI Allreduce Time: 3.241208e-04
0: MPIL GPU-Aware Recursive Doubling Time: 3.239449e-04
0: MPIL GPU-Aware Node-Aware Dissemination Time: 7.980182e-03
0: MPIL GPU-Aware NUMA-Aware Dissemination Time: 9.155373e-03
0: CopyToCPU PMPI Allreduce Time: 5.275378e-03
0: MPIL CopyToCPU Recursive Doubling Time: 6.341048e-03
0: MPIL CopyToCPU Node-Aware Dissemination Time: 9.977473e-03
0: MPIL CopyToCPU NUMA-Aware Dissemination Time: 5.794148e-03
0: Testing Size 262144
0: PMPI Allreduce Time: 4.608138e-04
0: MPIL GPU-Aware Recursive Doubling Time: 4.605337e-04
0: MPIL GPU-Aware Node-Aware Dissemination Time: 1.167080e-02
0: MPIL GPU-Aware NUMA-Aware Dissemination Time: 1.330273e-02
0: CopyToCPU PMPI Allreduce Time: 1.056416e-02
0: MPIL CopyToCPU Recursive Doubling Time: 1.261554e-02
0: MPIL CopyToCPU Node-Aware Dissemination Time: 1.988749e-02
0: MPIL CopyToCPU NUMA-Aware Dissemination Time: 1.151704e-02
0: Testing Size 524288
0: PMPI Allreduce Time: 7.408006e-04
0: MPIL GPU-Aware Recursive Doubling Time: 7.403612e-04
0: MPIL GPU-Aware Node-Aware Dissemination Time: 1.885479e-02
0: MPIL GPU-Aware NUMA-Aware Dissemination Time: 2.375242e-02
0: CopyToCPU PMPI Allreduce Time: 2.100798e-02
0: MPIL CopyToCPU Recursive Doubling Time: 2.513178e-02
0: MPIL CopyToCPU Node-Aware Dissemination Time: 3.949104e-02
0: MPIL CopyToCPU NUMA-Aware Dissemination Time: 2.248927e-02
