0: Testing Size 1
0: PMPI Allreduce Time: 2.426324e-05
0: MPIL GPU-Aware Recursive Doubling Time: 2.395104e-05
0: MPIL GPU-Aware Node-Aware Dissemination Time: 2.938580e-04
0: MPIL GPU-Aware NUMA-Aware Dissemination Time: 4.323292e-04
0: CopyToCPU PMPI Allreduce Time: 2.413176e-05
0: MPIL CopyToCPU Recursive Doubling Time: 2.783330e-05
0: MPIL CopyToCPU Node-Aware Dissemination Time: 3.068143e-05
0: MPIL CopyToCPU NUMA-Aware Dissemination Time: 1.850142e-05
0: Testing Size 2
0: PMPI Allreduce Time: 2.390975e-05
0: MPIL GPU-Aware Recursive Doubling Time: 2.391442e-05
0: MPIL GPU-Aware Node-Aware Dissemination Time: 2.952965e-04
0: MPIL GPU-Aware NUMA-Aware Dissemination Time: 4.325081e-04
0: CopyToCPU PMPI Allreduce Time: 2.422499e-05
0: MPIL CopyToCPU Recursive Doubling Time: 2.776544e-05
0: MPIL CopyToCPU Node-Aware Dissemination Time: 3.023812e-05
0: MPIL CopyToCPU NUMA-Aware Dissemination Time: 1.828827e-05
0: Testing Size 4
0: PMPI Allreduce Time: 2.389563e-05
0: MPIL GPU-Aware Recursive Doubling Time: 2.395379e-05
0: MPIL GPU-Aware Node-Aware Dissemination Time: 2.963290e-04
0: MPIL GPU-Aware NUMA-Aware Dissemination Time: 4.328397e-04
0: CopyToCPU PMPI Allreduce Time: 2.434683e-05
0: MPIL CopyToCPU Recursive Doubling Time: 2.788211e-05
0: MPIL CopyToCPU Node-Aware Dissemination Time: 3.050497e-05
0: MPIL CopyToCPU NUMA-Aware Dissemination Time: 1.845502e-05
0: Testing Size 8
0: PMPI Allreduce Time: 2.447765e-05
0: MPIL GPU-Aware Recursive Doubling Time: 2.443698e-05
0: MPIL GPU-Aware Node-Aware Dissemination Time: 2.957366e-04
0: MPIL GPU-Aware NUMA-Aware Dissemination Time: 4.353866e-04
0: CopyToCPU PMPI Allreduce Time: 2.412933e-05
0: MPIL CopyToCPU Recursive Doubling Time: 2.937555e-05
0: MPIL CopyToCPU Node-Aware Dissemination Time: 3.185350e-05
0: MPIL CopyToCPU NUMA-Aware Dissemination Time: 1.987943e-05
0: Testing Size 16
0: PMPI Allreduce Time: 2.564172e-05
0: MPIL GPU-Aware Recursive Doubling Time: 2.574642e-05
0: MPIL GPU-Aware Node-Aware Dissemination Time: 3.001615e-04
0: MPIL GPU-Aware NUMA-Aware Dissemination Time: 4.328178e-04
0: CopyToCPU PMPI Allreduce Time: 2.524191e-05
0: MPIL CopyToCPU Recursive Doubling Time: 3.790923e-05
0: MPIL CopyToCPU Node-Aware Dissemination Time: 3.264230e-05
0: MPIL CopyToCPU NUMA-Aware Dissemination Time: 2.196548e-05
0: Testing Size 32
0: PMPI Allreduce Time: 4.726137e-05
0: MPIL GPU-Aware Recursive Doubling Time: 4.511509e-05
0: MPIL GPU-Aware Node-Aware Dissemination Time: 3.153765e-04
0: MPIL GPU-Aware NUMA-Aware Dissemination Time: 4.092328e-04
0: CopyToCPU PMPI Allreduce Time: 3.414774e-05
0: MPIL CopyToCPU Recursive Doubling Time: 4.725738e-05
0: MPIL CopyToCPU Node-Aware Dissemination Time: 3.775957e-05
0: MPIL CopyToCPU NUMA-Aware Dissemination Time: 3.003743e-05
0: Testing Size 64
0: PMPI Allreduce Time: 4.600874e-05
0: MPIL GPU-Aware Recursive Doubling Time: 4.583849e-05
0: MPIL GPU-Aware Node-Aware Dissemination Time: 3.200371e-04
0: MPIL GPU-Aware NUMA-Aware Dissemination Time: 4.064231e-04
0: CopyToCPU PMPI Allreduce Time: 4.540529e-05
0: MPIL CopyToCPU Recursive Doubling Time: 4.975654e-05
0: MPIL CopyToCPU Node-Aware Dissemination Time: 5.542972e-05
0: MPIL CopyToCPU NUMA-Aware Dissemination Time: 4.275279e-05
0: Testing Size 128
0: PMPI Allreduce Time: 5.715867e-05
0: MPIL GPU-Aware Recursive Doubling Time: 5.715408e-05
0: MPIL GPU-Aware Node-Aware Dissemination Time: 3.527912e-04
0: MPIL GPU-Aware NUMA-Aware Dissemination Time: 4.201080e-04
0: CopyToCPU PMPI Allreduce Time: 5.720134e-05
0: MPIL CopyToCPU Recursive Doubling Time: 6.260216e-05
0: MPIL CopyToCPU Node-Aware Dissemination Time: 8.380807e-05
0: MPIL CopyToCPU NUMA-Aware Dissemination Time: 5.960019e-05
0: Testing Size 256
0: PMPI Allreduce Time: 6.718507e-05
0: MPIL GPU-Aware Recursive Doubling Time: 6.693556e-05
0: MPIL GPU-Aware Node-Aware Dissemination Time: 3.666123e-04
0: MPIL GPU-Aware NUMA-Aware Dissemination Time: 4.242530e-04
0: CopyToCPU PMPI Allreduce Time: 7.448536e-05
0: MPIL CopyToCPU Recursive Doubling Time: 8.038403e-05
0: MPIL CopyToCPU Node-Aware Dissemination Time: 1.102041e-04
0: MPIL CopyToCPU NUMA-Aware Dissemination Time: 7.732696e-05
0: Testing Size 512
0: PMPI Allreduce Time: 8.222258e-05
0: MPIL GPU-Aware Recursive Doubling Time: 8.205147e-05
0: MPIL GPU-Aware Node-Aware Dissemination Time: 3.894212e-04
0: MPIL GPU-Aware NUMA-Aware Dissemination Time: 4.249291e-04
0: CopyToCPU PMPI Allreduce Time: 9.556472e-05
0: MPIL CopyToCPU Recursive Doubling Time: 9.753452e-05
0: MPIL CopyToCPU Node-Aware Dissemination Time: 1.415455e-04
0: MPIL CopyToCPU NUMA-Aware Dissemination Time: 1.006039e-04
0: Testing Size 1024
0: PMPI Allreduce Time: 2.247660e-04
0: MPIL GPU-Aware Recursive Doubling Time: 2.247749e-04
0: MPIL GPU-Aware Node-Aware Dissemination Time: 1.242356e-03
0: MPIL GPU-Aware NUMA-Aware Dissemination Time: 1.715424e-03
0: CopyToCPU PMPI Allreduce Time: 1.311555e-04
0: MPIL CopyToCPU Recursive Doubling Time: 1.279558e-04
0: MPIL CopyToCPU Node-Aware Dissemination Time: 2.039268e-04
0: MPIL CopyToCPU NUMA-Aware Dissemination Time: 1.395665e-04
0: Testing Size 2048
0: PMPI Allreduce Time: 2.235118e-04
0: MPIL GPU-Aware Recursive Doubling Time: 2.229459e-04
0: MPIL GPU-Aware Node-Aware Dissemination Time: 4.932981e-03
0: MPIL GPU-Aware NUMA-Aware Dissemination Time: 4.007277e-03
0: CopyToCPU PMPI Allreduce Time: 1.807670e-04
0: MPIL CopyToCPU Recursive Doubling Time: 1.812088e-04
0: MPIL CopyToCPU Node-Aware Dissemination Time: 2.772236e-04
0: MPIL CopyToCPU NUMA-Aware Dissemination Time: 2.090144e-04
0: Testing Size 4096
0: PMPI Allreduce Time: 2.356858e-04
0: MPIL GPU-Aware Recursive Doubling Time: 2.358026e-04
0: MPIL GPU-Aware Node-Aware Dissemination Time: 5.356775e-03
0: MPIL GPU-Aware NUMA-Aware Dissemination Time: 4.426862e-03
0: CopyToCPU PMPI Allreduce Time: 3.058996e-04
0: MPIL CopyToCPU Recursive Doubling Time: 3.435750e-04
0: MPIL CopyToCPU Node-Aware Dissemination Time: 4.554218e-04
0: MPIL CopyToCPU NUMA-Aware Dissemination Time: 3.241716e-04
0: Testing Size 8192
0: PMPI Allreduce Time: 2.350369e-04
0: MPIL GPU-Aware Recursive Doubling Time: 2.345960e-04
0: MPIL GPU-Aware Node-Aware Dissemination Time: 6.064800e-03
0: MPIL GPU-Aware NUMA-Aware Dissemination Time: 5.156761e-03
0: CopyToCPU PMPI Allreduce Time: 4.630311e-04
0: MPIL CopyToCPU Recursive Doubling Time: 5.668401e-04
0: MPIL CopyToCPU Node-Aware Dissemination Time: 7.424721e-04
0: MPIL CopyToCPU NUMA-Aware Dissemination Time: 5.517169e-04
0: Testing Size 16384
0: PMPI Allreduce Time: 2.446483e-04
0: MPIL GPU-Aware Recursive Doubling Time: 2.441670e-04
0: MPIL GPU-Aware Node-Aware Dissemination Time: 6.602490e-03
0: MPIL GPU-Aware NUMA-Aware Dissemination Time: 6.030127e-03
0: CopyToCPU PMPI Allreduce Time: 8.183179e-04
0: MPIL CopyToCPU Recursive Doubling Time: 1.007512e-03
0: MPIL CopyToCPU Node-Aware Dissemination Time: 1.355731e-03
0: MPIL CopyToCPU NUMA-Aware Dissemination Time: 1.026726e-03
0: Testing Size 32768
0: PMPI Allreduce Time: 2.636446e-04
0: MPIL GPU-Aware Recursive Doubling Time: 2.632143e-04
0: MPIL GPU-Aware Node-Aware Dissemination Time: 7.019324e-03
0: MPIL GPU-Aware NUMA-Aware Dissemination Time: 6.731228e-03
0: CopyToCPU PMPI Allreduce Time: 1.504937e-03
0: MPIL CopyToCPU Recursive Doubling Time: 1.811706e-03
0: MPIL CopyToCPU Node-Aware Dissemination Time: 2.543282e-03
0: MPIL CopyToCPU NUMA-Aware Dissemination Time: 1.940257e-03
0: Testing Size 65536
0: PMPI Allreduce Time: 3.054332e-04
0: MPIL GPU-Aware Recursive Doubling Time: 3.051973e-04
0: MPIL GPU-Aware Node-Aware Dissemination Time: 8.088360e-03
0: MPIL GPU-Aware NUMA-Aware Dissemination Time: 8.375611e-03
0: CopyToCPU PMPI Allreduce Time: 2.716909e-03
0: MPIL CopyToCPU Recursive Doubling Time: 3.446230e-03
0: MPIL CopyToCPU Node-Aware Dissemination Time: 4.735145e-03
0: MPIL CopyToCPU NUMA-Aware Dissemination Time: 3.639248e-03
0: Testing Size 131072
0: PMPI Allreduce Time: 3.844259e-04
0: MPIL GPU-Aware Recursive Doubling Time: 3.840644e-04
0: MPIL GPU-Aware Node-Aware Dissemination Time: 9.627442e-03
0: MPIL GPU-Aware NUMA-Aware Dissemination Time: 1.333655e-02
0: CopyToCPU PMPI Allreduce Time: 5.384107e-03
0: MPIL CopyToCPU Recursive Doubling Time: 6.579415e-03
0: MPIL CopyToCPU Node-Aware Dissemination Time: 9.303100e-03
0: MPIL CopyToCPU NUMA-Aware Dissemination Time: 8.142227e-03
0: Testing Size 262144
0: PMPI Allreduce Time: 5.389958e-04
0: MPIL GPU-Aware Recursive Doubling Time: 5.389233e-04
0: MPIL GPU-Aware Node-Aware Dissemination Time: 1.446979e-02
0: MPIL GPU-Aware NUMA-Aware Dissemination Time: 2.441132e-02
0: CopyToCPU PMPI Allreduce Time: 1.058196e-02
0: MPIL CopyToCPU Recursive Doubling Time: 1.307682e-02
0: MPIL CopyToCPU Node-Aware Dissemination Time: 1.805903e-02
0: MPIL CopyToCPU NUMA-Aware Dissemination Time: 1.391819e-02
0: Testing Size 524288
0: PMPI Allreduce Time: 8.595586e-04
0: MPIL GPU-Aware Recursive Doubling Time: 8.591651e-04
0: MPIL GPU-Aware Node-Aware Dissemination Time: 2.511773e-02
0: MPIL GPU-Aware NUMA-Aware Dissemination Time: 4.412275e-02
0: CopyToCPU PMPI Allreduce Time: 2.131533e-02
0: MPIL CopyToCPU Recursive Doubling Time: 2.598085e-02
0: MPIL CopyToCPU Node-Aware Dissemination Time: 3.700246e-02
0: MPIL CopyToCPU NUMA-Aware Dissemination Time: 2.799370e-02
