0: Testing Size 1
0: PMPI Allreduce Time: 1.226305e-05
0: MPIL GPU-Aware Recursive Doubling Time: 1.243366e-05
0: MPIL GPU-Aware Node-Aware Dissemination Time: 1.289307e-04
0: MPIL GPU-Aware NUMA-Aware Dissemination Time: 2.633266e-04
0: CopyToCPU PMPI Allreduce Time: 1.259798e-05
0: MPIL CopyToCPU Recursive Doubling Time: 1.442862e-05
0: MPIL CopyToCPU Node-Aware Dissemination Time: 2.025615e-05
0: MPIL CopyToCPU NUMA-Aware Dissemination Time: 1.077896e-05
0: Testing Size 2
0: PMPI Allreduce Time: 1.250452e-05
0: MPIL GPU-Aware Recursive Doubling Time: 1.254567e-05
0: MPIL GPU-Aware Node-Aware Dissemination Time: 1.273097e-04
0: MPIL GPU-Aware NUMA-Aware Dissemination Time: 2.624289e-04
0: CopyToCPU PMPI Allreduce Time: 1.242523e-05
0: MPIL CopyToCPU Recursive Doubling Time: 1.515157e-05
0: MPIL CopyToCPU Node-Aware Dissemination Time: 1.989962e-05
0: MPIL CopyToCPU NUMA-Aware Dissemination Time: 1.075420e-05
0: Testing Size 4
0: PMPI Allreduce Time: 1.258981e-05
0: MPIL GPU-Aware Recursive Doubling Time: 1.262574e-05
0: MPIL GPU-Aware Node-Aware Dissemination Time: 1.269141e-04
0: MPIL GPU-Aware NUMA-Aware Dissemination Time: 2.737233e-04
0: CopyToCPU PMPI Allreduce Time: 1.253036e-05
0: MPIL CopyToCPU Recursive Doubling Time: 1.523040e-05
0: MPIL CopyToCPU Node-Aware Dissemination Time: 1.997862e-05
0: MPIL CopyToCPU NUMA-Aware Dissemination Time: 1.075035e-05
0: Testing Size 8
0: PMPI Allreduce Time: 1.256243e-05
0: MPIL GPU-Aware Recursive Doubling Time: 1.261111e-05
0: MPIL GPU-Aware Node-Aware Dissemination Time: 1.252826e-04
0: MPIL GPU-Aware NUMA-Aware Dissemination Time: 2.704912e-04
0: CopyToCPU PMPI Allreduce Time: 1.249541e-05
0: MPIL CopyToCPU Recursive Doubling Time: 1.522348e-05
0: MPIL CopyToCPU Node-Aware Dissemination Time: 2.027232e-05
0: MPIL CopyToCPU NUMA-Aware Dissemination Time: 1.079163e-05
0: Testing Size 16
0: PMPI Allreduce Time: 1.344498e-05
0: MPIL GPU-Aware Recursive Doubling Time: 1.346374e-05
0: MPIL GPU-Aware Node-Aware Dissemination Time: 1.262653e-04
0: MPIL GPU-Aware NUMA-Aware Dissemination Time: 2.684825e-04
0: CopyToCPU PMPI Allreduce Time: 1.293990e-05
0: MPIL CopyToCPU Recursive Doubling Time: 2.106288e-05
0: MPIL CopyToCPU Node-Aware Dissemination Time: 2.060016e-05
0: MPIL CopyToCPU NUMA-Aware Dissemination Time: 1.212097e-05
0: Testing Size 32
0: PMPI Allreduce Time: 2.229640e-05
0: MPIL GPU-Aware Recursive Doubling Time: 2.222048e-05
0: MPIL GPU-Aware Node-Aware Dissemination Time: 1.674880e-04
0: MPIL GPU-Aware NUMA-Aware Dissemination Time: 2.443871e-04
0: CopyToCPU PMPI Allreduce Time: 1.510183e-05
0: MPIL CopyToCPU Recursive Doubling Time: 2.364147e-05
0: MPIL CopyToCPU Node-Aware Dissemination Time: 2.179851e-05
0: MPIL CopyToCPU NUMA-Aware Dissemination Time: 1.521824e-05
0: Testing Size 64
0: PMPI Allreduce Time: 2.512909e-05
0: MPIL GPU-Aware Recursive Doubling Time: 2.498222e-05
0: MPIL GPU-Aware Node-Aware Dissemination Time: 1.605370e-04
0: MPIL GPU-Aware NUMA-Aware Dissemination Time: 2.454731e-04
0: CopyToCPU PMPI Allreduce Time: 2.443204e-05
0: MPIL CopyToCPU Recursive Doubling Time: 2.633822e-05
0: MPIL CopyToCPU Node-Aware Dissemination Time: 4.011308e-05
0: MPIL CopyToCPU NUMA-Aware Dissemination Time: 2.823101e-05
0: Testing Size 128
0: PMPI Allreduce Time: 3.703959e-05
0: MPIL GPU-Aware Recursive Doubling Time: 3.698538e-05
0: MPIL GPU-Aware Node-Aware Dissemination Time: 1.948689e-04
0: MPIL GPU-Aware NUMA-Aware Dissemination Time: 2.477442e-04
0: CopyToCPU PMPI Allreduce Time: 3.621239e-05
0: MPIL CopyToCPU Recursive Doubling Time: 4.210441e-05
0: MPIL CopyToCPU Node-Aware Dissemination Time: 6.826755e-05
0: MPIL CopyToCPU NUMA-Aware Dissemination Time: 4.413775e-05
0: Testing Size 256
0: PMPI Allreduce Time: 4.690783e-05
0: MPIL GPU-Aware Recursive Doubling Time: 4.691773e-05
0: MPIL GPU-Aware Node-Aware Dissemination Time: 1.931928e-04
0: MPIL GPU-Aware NUMA-Aware Dissemination Time: 2.478756e-04
0: CopyToCPU PMPI Allreduce Time: 5.118167e-05
0: MPIL CopyToCPU Recursive Doubling Time: 5.471582e-05
0: MPIL CopyToCPU Node-Aware Dissemination Time: 9.448446e-05
0: MPIL CopyToCPU NUMA-Aware Dissemination Time: 5.552323e-05
0: Testing Size 512
0: PMPI Allreduce Time: 6.351937e-05
0: MPIL GPU-Aware Recursive Doubling Time: 6.334396e-05
0: MPIL GPU-Aware Node-Aware Dissemination Time: 2.184898e-04
0: MPIL GPU-Aware NUMA-Aware Dissemination Time: 2.498157e-04
0: CopyToCPU PMPI Allreduce Time: 6.881175e-05
0: MPIL CopyToCPU Recursive Doubling Time: 7.016717e-05
0: MPIL CopyToCPU Node-Aware Dissemination Time: 1.262832e-04
0: MPIL CopyToCPU NUMA-Aware Dissemination Time: 7.136193e-05
0: Testing Size 1024
0: PMPI Allreduce Time: 1.515527e-04
0: MPIL GPU-Aware Recursive Doubling Time: 1.509286e-04
0: MPIL GPU-Aware Node-Aware Dissemination Time: 8.492451e-04
0: MPIL GPU-Aware NUMA-Aware Dissemination Time: 1.262162e-03
0: CopyToCPU PMPI Allreduce Time: 1.040012e-04
0: MPIL CopyToCPU Recursive Doubling Time: 1.028798e-04
0: MPIL CopyToCPU Node-Aware Dissemination Time: 1.923261e-04
0: MPIL CopyToCPU NUMA-Aware Dissemination Time: 1.025817e-04
0: Testing Size 2048
0: PMPI Allreduce Time: 1.527757e-04
0: MPIL GPU-Aware Recursive Doubling Time: 1.517385e-04
0: MPIL GPU-Aware Node-Aware Dissemination Time: 4.479985e-03
0: MPIL GPU-Aware NUMA-Aware Dissemination Time: 3.259069e-03
0: CopyToCPU PMPI Allreduce Time: 1.411871e-04
0: MPIL CopyToCPU Recursive Doubling Time: 1.687448e-04
0: MPIL CopyToCPU Node-Aware Dissemination Time: 2.613596e-04
0: MPIL CopyToCPU NUMA-Aware Dissemination Time: 1.587906e-04
0: Testing Size 4096
0: PMPI Allreduce Time: 1.621094e-04
0: MPIL GPU-Aware Recursive Doubling Time: 1.618092e-04
0: MPIL GPU-Aware Node-Aware Dissemination Time: 4.608984e-03
0: MPIL GPU-Aware NUMA-Aware Dissemination Time: 3.719324e-03
0: CopyToCPU PMPI Allreduce Time: 2.349564e-04
0: MPIL CopyToCPU Recursive Doubling Time: 2.836157e-04
0: MPIL CopyToCPU Node-Aware Dissemination Time: 4.447351e-04
0: MPIL CopyToCPU NUMA-Aware Dissemination Time: 2.639190e-04
0: Testing Size 8192
0: PMPI Allreduce Time: 1.676147e-04
0: MPIL GPU-Aware Recursive Doubling Time: 1.672373e-04
0: MPIL GPU-Aware Node-Aware Dissemination Time: 4.799341e-03
0: MPIL GPU-Aware NUMA-Aware Dissemination Time: 3.834616e-03
0: CopyToCPU PMPI Allreduce Time: 4.112942e-04
0: MPIL CopyToCPU Recursive Doubling Time: 5.024720e-04
0: MPIL CopyToCPU Node-Aware Dissemination Time: 7.682460e-04
0: MPIL CopyToCPU NUMA-Aware Dissemination Time: 4.611303e-04
0: Testing Size 16384
0: PMPI Allreduce Time: 1.773896e-04
0: MPIL GPU-Aware Recursive Doubling Time: 1.771245e-04
0: MPIL GPU-Aware Node-Aware Dissemination Time: 5.203515e-03
0: MPIL GPU-Aware NUMA-Aware Dissemination Time: 4.443425e-03
0: CopyToCPU PMPI Allreduce Time: 7.372359e-04
0: MPIL CopyToCPU Recursive Doubling Time: 9.014028e-04
0: MPIL CopyToCPU Node-Aware Dissemination Time: 1.443758e-03
0: MPIL CopyToCPU NUMA-Aware Dissemination Time: 8.729653e-04
0: Testing Size 32768
0: PMPI Allreduce Time: 1.957287e-04
0: MPIL GPU-Aware Recursive Doubling Time: 1.962351e-04
0: MPIL GPU-Aware Node-Aware Dissemination Time: 5.536231e-03
0: MPIL GPU-Aware NUMA-Aware Dissemination Time: 5.181292e-03
0: CopyToCPU PMPI Allreduce Time: 1.469120e-03
0: MPIL CopyToCPU Recursive Doubling Time: 1.713027e-03
0: MPIL CopyToCPU Node-Aware Dissemination Time: 2.771465e-03
0: MPIL CopyToCPU NUMA-Aware Dissemination Time: 1.767780e-03
0: Testing Size 65536
0: PMPI Allreduce Time: 2.266165e-04
0: MPIL GPU-Aware Recursive Doubling Time: 2.246199e-04
0: MPIL GPU-Aware Node-Aware Dissemination Time: 6.587563e-03
0: MPIL GPU-Aware NUMA-Aware Dissemination Time: 6.241774e-03
0: CopyToCPU PMPI Allreduce Time: 2.646234e-03
0: MPIL CopyToCPU Recursive Doubling Time: 3.281750e-03
0: MPIL CopyToCPU Node-Aware Dissemination Time: 4.999812e-03
0: MPIL CopyToCPU NUMA-Aware Dissemination Time: 3.195924e-03
0: Testing Size 131072
0: PMPI Allreduce Time: 2.918573e-04
0: MPIL GPU-Aware Recursive Doubling Time: 2.925075e-04
0: MPIL GPU-Aware Node-Aware Dissemination Time: 7.784318e-03
0: MPIL GPU-Aware NUMA-Aware Dissemination Time: 7.198113e-03
0: CopyToCPU PMPI Allreduce Time: 5.425732e-03
0: MPIL CopyToCPU Recursive Doubling Time: 6.235024e-03
0: MPIL CopyToCPU Node-Aware Dissemination Time: 1.006718e-02
0: MPIL CopyToCPU NUMA-Aware Dissemination Time: 6.391898e-03
0: Testing Size 262144
0: PMPI Allreduce Time: 4.248535e-04
0: MPIL GPU-Aware Recursive Doubling Time: 4.244590e-04
0: MPIL GPU-Aware Node-Aware Dissemination Time: 1.013653e-02
0: MPIL GPU-Aware NUMA-Aware Dissemination Time: 1.083220e-02
0: CopyToCPU PMPI Allreduce Time: 1.041340e-02
0: MPIL CopyToCPU Recursive Doubling Time: 1.244137e-02
0: MPIL CopyToCPU Node-Aware Dissemination Time: 2.008869e-02
0: MPIL CopyToCPU NUMA-Aware Dissemination Time: 1.277309e-02
0: Testing Size 524288
0: PMPI Allreduce Time: 7.018632e-04
0: MPIL GPU-Aware Recursive Doubling Time: 7.011591e-04
0: MPIL GPU-Aware Node-Aware Dissemination Time: 1.647488e-02
0: MPIL GPU-Aware NUMA-Aware Dissemination Time: 2.015834e-02
0: CopyToCPU PMPI Allreduce Time: 2.064664e-02
0: MPIL CopyToCPU Recursive Doubling Time: 2.473590e-02
0: MPIL CopyToCPU Node-Aware Dissemination Time: 3.966165e-02
0: MPIL CopyToCPU NUMA-Aware Dissemination Time: 2.446658e-02
