[==========] Running 1 test from 1 test suite.
[----------] Global test environment set-up.
[----------] 1 test from RandomCommTest
[ RUN      ] RandomCommTest.TestsInTests
[==========] Running 1 test from 1 test suite.
[----------] Global test environment set-up.
[----------] 1 test from RandomCommTest
[ RUN      ] RandomCommTest.TestsInTests
[==========] Running 1 test from 1 test suite.
[----------] Global test environment set-up.
[----------] 1 test from RandomCommTest
[ RUN      ] RandomCommTest.TestsInTests
[==========] Running 1 test from 1 test suite.
[----------] Global test environment set-up.
[----------] 1 test from RandomCommTest
[ RUN      ] RandomCommTest.TestsInTests
[==========] Running 1 test from 1 test suite.
[----------] Global test environment set-up.
[----------] 1 test from RandomCommTest
[ RUN      ] RandomCommTest.TestsInTests
[==========] Running 1 test from 1 test suite.
[----------] Global test environment set-up.
[----------] 1 test from RandomCommTest
[ RUN      ] RandomCommTest.TestsInTests
[==========] Running 1 test from 1 test suite.
[----------] Global test environment set-up.
[----------] 1 test from RandomCommTest
[ RUN      ] RandomCommTest.TestsInTests
[==========] Running 1 test from 1 test suite.
[----------] Global test environment set-up.
[----------] 1 test from RandomCommTest
[ RUN      ] RandomCommTest.TestsInTests
[==========] Running 1 test from 1 test suite.
[----------] Global test environment set-up.
[----------] 1 test from RandomCommTest
[ RUN      ] RandomCommTest.TestsInTests
[==========] Running 1 test from 1 test suite.
[----------] Global test environment set-up.
[----------] 1 test from RandomCommTest
[ RUN      ] RandomCommTest.TestsInTests
[==========] Running 1 test from 1 test suite.
[----------] Global test environment set-up.
[----------] 1 test from RandomCommTest
[ RUN      ] RandomCommTest.TestsInTests
[==========] Running 1 test from 1 test suite.
[----------] Global test environment set-up.
[----------] 1 test from RandomCommTest
[ RUN      ] RandomCommTest.TestsInTests
[==========] Running 1 test from 1 test suite.
[----------] Global test environment set-up.
[----------] 1 test from RandomCommTest
[ RUN      ] RandomCommTest.TestsInTests
[==========] Running 1 test from 1 test suite.
[----------] Global test environment set-up.
[----------] 1 test from RandomCommTest
[ RUN      ] RandomCommTest.TestsInTests
[==========] Running 1 test from 1 test suite.
[----------] Global test environment set-up.
[----------] 1 test from RandomCommTest
[ RUN      ] RandomCommTest.TestsInTests
[==========] Running 1 test from 1 test suite.
[----------] Global test environment set-up.
[----------] 1 test from RandomCommTest
[ RUN      ] RandomCommTest.TestsInTests
../../../test_data/dwt_162.pm Single Communicate Time: 8.703984e-06
../../../test_data/dwt_162.pm Single Communicate Time (2nd): 7.423804e-06
../../../test_data/dwt_162.pm Single Communicate Time (3rd): 7.199710e-06
../../../test_data/dwt_162.pm Single Communicate 2 Time: 7.179678e-06
../../../test_data/dwt_162.pm Single Communicate 2 Time (2nd): 6.935870e-06
../../../test_data/dwt_162.pm Single Communicate 2 Time (3rd): 6.933944e-06
../../../test_data/dwt_162.pm Order comm time (1 order_comm): 8.481152e-06
../../../test_data/odepa400.pm Single Communicate Time: 1.919074e-06
../../../test_data/odepa400.pm Single Communicate Time (2nd): 1.910232e-06
../../../test_data/odepa400.pm Single Communicate Time (3rd): 1.900300e-06
../../../test_data/odepa400.pm Single Communicate 2 Time: 1.915714e-06
../../../test_data/odepa400.pm Single Communicate 2 Time (2nd): 1.935020e-06
../../../test_data/odepa400.pm Single Communicate 2 Time (3rd): 1.908111e-06
../../../test_data/odepa400.pm Order comm time (1 order_comm): 2.122225e-06
../../../test_data/ww_36_pmec_36.pm Single Communicate Time: 5.772677e-05
../../../test_data/ww_36_pmec_36.pm Single Communicate Time (2nd): 3.981318e-05
../../../test_data/ww_36_pmec_36.pm Single Communicate Time (3rd): 3.977014e-05
../../../test_data/ww_36_pmec_36.pm Single Communicate 2 Time: 3.988468e-05
../../../test_data/ww_36_pmec_36.pm Single Communicate 2 Time (2nd): 3.982392e-05
../../../test_data/ww_36_pmec_36.pm Single Communicate 2 Time (3rd): 3.987663e-05
../../../test_data/ww_36_pmec_36.pm Order comm time (1 order_comm): 4.035528e-05
../../../test_data/bcsstk01.pm Single Communicate Time: 5.332735e-06
../../../test_data/bcsstk01.pm Single Communicate Time (2nd): 5.304142e-06
../../../test_data/bcsstk01.pm Single Communicate Time (3rd): 5.355822e-06
../../../test_data/bcsstk01.pm Single Communicate 2 Time: 5.254563e-06
../../../test_data/bcsstk01.pm Single Communicate 2 Time (2nd): 5.319041e-06
../../../test_data/bcsstk01.pm Single Communicate 2 Time (3rd): 5.309011e-06
../../../test_data/bcsstk01.pm Order comm time (1 order_comm): 6.591322e-06
../../../test_data/west0132.pm Single Communicate Time: 4.236636e-06
../../../test_data/west0132.pm Single Communicate Time (2nd): 4.084266e-06
../../../test_data/west0132.pm Single Communicate Time (3rd): 4.078398e-06
../../../test_data/west0132.pm Single Communicate 2 Time: 4.070072e-06
../../../test_data/west0132.pm Single Communicate 2 Time (2nd): 4.102109e-06
../../../test_data/west0132.pm Single Communicate 2 Time (3rd): 4.098655e-06
../../../test_data/west0132.pm Order comm time (1 order_comm): 4.908494e-06
../../../test_data/gams10a.pm Single Communicate Time: 3.219282e-06
../../../test_data/gams10a.pm Single Communicate Time (2nd): 3.065619e-06
../../../test_data/gams10a.pm Single Communicate Time (3rd): 3.026125e-06
../../../test_data/gams10a.pm Single Communicate 2 Time: 3.044536e-06
../../../test_data/gams10a.pm Single Communicate 2 Time (2nd): 3.066849e-06
../../../test_data/gams10a.pm Single Communicate 2 Time (3rd): 3.044483e-06
../../../test_data/gams10a.pm Order comm time (1 order_comm): 4.061044e-06
../../../test_data/gams10am.pm Single Communicate Time: 3.177611e-06
../../../test_data/gams10am.pm Single Communicate Time (2nd): 3.053205e-06
../../../test_data/gams10am.pm Single Communicate Time (3rd): 3.089132e-06
../../../test_data/gams10am.pm Single Communicate 2 Time: 3.055052e-06
../../../test_data/gams10am.pm Single Communicate 2 Time (2nd): 3.082668e-06
../../../test_data/gams10am.pm Single Communicate 2 Time (3rd): 3.057111e-06
../../../test_data/gams10am.pm Order comm time (1 order_comm): 4.028523e-06
../../../test_data/D_10.pm Single Communicate Time: 5.476929e-05
../../../test_data/D_10.pm Single Communicate Time (2nd): 4.765705e-05
../../../test_data/D_10.pm Single Communicate Time (3rd): 4.203561e-05
../../../test_data/D_10.pm Single Communicate 2 Time: 4.202174e-05
../../../test_data/D_10.pm Single Communicate 2 Time (2nd): 4.199781e-05
../../../test_data/D_10.pm Single Communicate 2 Time (3rd): 4.199847e-05
../../../test_data/D_10.pm Order comm time (1 order_comm): 4.175811e-05
../../../test_data/oscil_dcop_11.pm Single Communicate Time: 6.968119e-06
../../../test_data/oscil_dcop_11.pm Single Communicate Time (2nd): 6.420446e-06
../../../test_data/oscil_dcop_11.pm Single Communicate Time (3rd): 6.521835e-06
../../../test_data/oscil_dcop_11.pm Single Communicate 2 Time: 6.567440e-06
../../../test_data/oscil_dcop_11.pm Single Communicate 2 Time (2nd): 6.572336e-06
../../../test_data/oscil_dcop_11.pm Single Communicate 2 Time (3rd): 6.494899e-06
../../../test_data/oscil_dcop_11.pm Order comm time (1 order_comm): 8.066058e-06
../../../test_data/tumorAntiAngiogenesis_4.pm Single Communicate Time: 4.275891e-05
../../../test_data/tumorAntiAngiogenesis_4.pm Single Communicate Time (2nd): 1.171271e-05
../../../test_data/tumorAntiAngiogenesis_4.pm Single Communicate Time (3rd): 1.176178e-05
../../../test_data/tumorAntiAngiogenesis_4.pm Single Communicate 2 Time: 1.172475e-05
../../../test_data/tumorAntiAngiogenesis_4.pm Single Communicate 2 Time (2nd): 1.260703e-05
../../../test_data/tumorAntiAngiogenesis_4.pm Single Communicate 2 Time (3rd): 1.165891e-05
../../../test_data/tumorAntiAngiogenesis_4.pm Order comm time (1 order_comm): 1.237292e-05
../../../test_data/ch5-5-b1.pm Single Communicate Time: 2.236170e-05
../../../test_data/ch5-5-b1.pm Single Communicate Time (2nd): 2.211748e-05
../../../test_data/ch5-5-b1.pm Single Communicate Time (3rd): 2.214968e-05
../../../test_data/ch5-5-b1.pm Single Communicate 2 Time: 2.212738e-05
../../../test_data/ch5-5-b1.pm Single Communicate 2 Time (2nd): 2.205053e-05
../../../test_data/ch5-5-b1.pm Single Communicate 2 Time (3rd): 2.214801e-05
../../../test_data/ch5-5-b1.pm Order comm time (1 order_comm): 2.237907e-05
../../../test_data/msc01050.pm Single Communicate Time: 1.404058e-05
../../../test_data/msc01050.pm Single Communicate Time (2nd): 1.357006e-05
../../../test_data/msc01050.pm Single Communicate Time (3rd): 1.366673e-05
../../../test_data/msc01050.pm Single Communicate 2 Time: 1.360257e-05
../../../test_data/msc01050.pm Single Communicate 2 Time (2nd): 1.345074e-05
../../../test_data/msc01050.pm Single Communicate 2 Time (3rd): 1.343476e-05
../../../test_data/msc01050.pm Order comm time (1 order_comm): 1.636343e-05
../../../test_data/SmaGri.pm Single Communicate Time: 2.613634e-05
../../../test_data/SmaGri.pm Single Communicate Time (2nd): 2.537873e-05
../../../test_data/SmaGri.pm Single Communicate Time (3rd): 2.546711e-05
../../../test_data/SmaGri.pm Single Communicate 2 Time: 2.614964e-05
../../../test_data/SmaGri.pm Single Communicate 2 Time (2nd): 2.557831e-05
../../../test_data/SmaGri.pm Single Communicate 2 Time (3rd): 2.547399e-05
../../../test_data/SmaGri.pm Order comm time (1 order_comm): 2.300189e-05
../../../test_data/radfr1.pm Single Communicate Time: 5.167267e-06
../../../test_data/radfr1.pm Single Communicate Time (2nd): 4.815249e-06
../../../test_data/radfr1.pm Single Communicate Time (3rd): 4.816839e-06
../../../test_data/radfr1.pm Single Communicate 2 Time: 4.726261e-06
../../../test_data/radfr1.pm Single Communicate 2 Time (2nd): 4.738002e-06
../../../test_data/radfr1.pm Single Communicate 2 Time (3rd): 4.735813e-06
../../../test_data/radfr1.pm Order comm time (1 order_comm): 1.038190e-03
../../../test_data/bibd_49_3.pm Single Communicate Time: 5.285861e-05
../../../test_data/bibd_49_3.pm Single Communicate Time (2nd): 4.602581e-05
../../../test_data/bibd_49_3.pm Single Communicate Time (3rd): 4.611737e-05
../../../test_data/bibd_49_3.pm Single Communicate 2 Time: 4.617771e-05
../../../test_data/bibd_49_3.pm Single Communicate 2 Time (2nd): 4.618918e-05
../../../test_data/bibd_49_3.pm Single Communicate 2 Time (3rd): 4.628183e-05
../../../test_data/bibd_49_3.pm Order comm time (1 order_comm): 3.409934e-05
../../../test_data/can_1054.pm Single Communicate Time: 1.126805e-05
../../../test_data/can_1054.pm Single Communicate Time (2nd): 9.634273e-06
../../../test_data/can_1054.pm Single Communicate Time (3rd): 9.684552e-06
[       OK ] RandomCommTest.TestsInTests (3778 ms)
[       OK ] RandomCommTest.TestsInTests (3776 ms)
[----------] 1 test from RandomCommTest (3776 ms total)

[----------] Global test environment tear-down
[==========] 1 test from 1 test suite ran. (3776 ms total)
[  PASSED  ] 1 test.
[       OK ] RandomCommTest.TestsInTests (3774 ms)
[----------] 1 test from RandomCommTest (3774 ms total)

[       OK ] RandomCommTest.TestsInTests (3772 ms)
[----------] 1 test from RandomCommTest (3772 ms total)

[----------] Global test environment tear-down
[==========] 1 test from 1 test suite ran. (3773 ms total)
[  PASSED  ] 1 test.
[       OK ] RandomCommTest.TestsInTests (3769 ms)
[----------] 1 test from RandomCommTest (3769 ms total)

[----------] Global test environment tear-down
[==========] 1 test from 1 test suite ran. (3769 ms total)
[  PASSED  ] 1 test.
../../../test_data/can_1054.pm Single Communicate 2 Time: 9.786206e-06
../../../test_data/can_1054.pm Single Communicate 2 Time (2nd): 1.092630e-05
../../../test_data/can_1054.pm Single Communicate 2 Time (3rd): 9.677940e-06
../../../test_data/can_1054.pm Order comm time (1 order_comm): 1.180495e-05
../../../test_data/can_1072.pm Single Communicate Time: 1.016450e-05
../../../test_data/can_1072.pm Single Communicate Time (2nd): 9.862230e-06
../../../test_data/can_1072.pm Single Communicate Time (3rd): 9.858158e-06
../../../test_data/can_1072.pm Single Communicate 2 Time: 9.882248e-06
../../../test_data/can_1072.pm Single Communicate 2 Time (2nd): 9.999474e-06
../../../test_data/can_1072.pm Single Communicate 2 Time (3rd): 9.873593e-06
../../../test_data/can_1072.pm Order comm time (1 order_comm): 1.228537e-05
../../../test_data/lp_sctap2.pm Single Communicate Time: 7.489047e-06
../../../test_data/lp_sctap2.pm Single Communicate Time (2nd): 6.890552e-06
../../../test_data/lp_sctap2.pm Single Communicate Time (3rd): 6.846996e-06
../../../test_data/lp_sctap2.pm Single Communicate 2 Time: 6.816703e-06
../../../test_data/lp_sctap2.pm Single Communicate 2 Time (2nd): 6.738779e-06
../../../test_data/lp_sctap2.pm Single Communicate 2 Time (3rd): 6.680977e-06
../../../test_data/lp_sctap2.pm Order comm time (1 order_comm): 7.982202e-06
../../../test_data/lp_woodw.pm Single Communicate Time: 2.095181e-05
../../../test_data/lp_woodw.pm Single Communicate Time (2nd): 1.742333e-05
../../../test_data/lp_woodw.pm Single Communicate Time (3rd): 1.681794e-05
../../../test_data/lp_woodw.pm Single Communicate 2 Time: 1.707189e-05
../../../test_data/lp_woodw.pm Single Communicate 2 Time (2nd): 1.715126e-05
../../../test_data/lp_woodw.pm Single Communicate 2 Time (3rd): 1.660784e-05
../../../test_data/lp_woodw.pm Order comm time (1 order_comm): 1.982851e-05
[       OK ] RandomCommTest.TestsInTests (3766 ms)
[----------] 1 test from RandomCommTest (3766 ms total)

[       OK ] RandomCommTest.TestsInTests (3772 ms)
[----------] 1 test from RandomCommTest (3772 ms total)

[----------] Global test environment tear-down
[==========] 1 test from 1 test suite ran. (3772 ms total)
[  PASSED  ] 1 test.
[----------] Global test environment tear-down
[==========] 1 test from 1 test suite ran. (3767 ms total)
[  PASSED  ] 1 test.
[       OK ] RandomCommTest.TestsInTests (3767 ms)
[----------] 1 test from RandomCommTest (3767 ms total)

[----------] Global test environment tear-down
[==========] 1 test from 1 test suite ran. (3767 ms total)
[  PASSED  ] 1 test.
[       OK ] RandomCommTest.TestsInTests (3774 ms)
[----------] 1 test from RandomCommTest (3774 ms total)

[----------] Global test environment tear-down
[==========] 1 test from 1 test suite ran. (3775 ms total)
[  PASSED  ] 1 test.
[       OK ] RandomCommTest.TestsInTests (3762 ms)
[----------] 1 test from RandomCommTest (3762 ms total)

[----------] Global test environment tear-down
[==========] 1 test from 1 test suite ran. (3763 ms total)
[  PASSED  ] 1 test.
[       OK ] RandomCommTest.TestsInTests (3771 ms)
[----------] 1 test from RandomCommTest (3771 ms total)

[----------] Global test environment tear-down
[==========] 1 test from 1 test suite ran. (3771 ms total)
[  PASSED  ] 1 test.
[       OK ] RandomCommTest.TestsInTests (3776 ms)
[----------] 1 test from RandomCommTest (3776 ms total)

[----------] Global test environment tear-down
[==========] 1 test from 1 test suite ran. (3776 ms total)
[  PASSED  ] 1 test.
[       OK ] RandomCommTest.TestsInTests (3767 ms)
[----------] 1 test from RandomCommTest (3767 ms total)

[----------] Global test environment tear-down
[==========] 1 test from 1 test suite ran. (3767 ms total)
[  PASSED  ] 1 test.
[----------] Global test environment tear-down
[==========] 1 test from 1 test suite ran. (3774 ms total)
[  PASSED  ] 1 test.
[----------] 1 test from RandomCommTest (3778 ms total)

[----------] Global test environment tear-down
[       OK ] RandomCommTest.TestsInTests (3770 ms)
[----------] 1 test from RandomCommTest (3771 ms total)

[----------] Global test environment tear-down
[==========] 1 test from 1 test suite ran. (3771 ms total)
[  PASSED  ] 1 test.
[==========] 1 test from 1 test suite ran. (3778 ms total)
[  PASSED  ] 1 test.
[       OK ] RandomCommTest.TestsInTests (3763 ms)
[----------] 1 test from RandomCommTest (3763 ms total)

[----------] Global test environment tear-down
[==========] 1 test from 1 test suite ran. (3763 ms total)
[  PASSED  ] 1 test.
[       OK ] RandomCommTest.TestsInTests (3769 ms)
[----------] 1 test from RandomCommTest (3769 ms total)

[----------] Global test environment tear-down
[==========] 1 test from 1 test suite ran. (3769 ms total)
[  PASSED  ] 1 test.
