[==========] Running 1 test from 1 test suite.
[----------] Global test environment set-up.
[----------] 1 test from RandomCommTest
[ RUN      ] RandomCommTest.TestsInTests
[==========] Running 1 test from 1 test suite.
[----------] Global test environment set-up.
[----------] 1 test from RandomCommTest
[ RUN      ] RandomCommTest.TestsInTests
[==========] Running 1 test from 1 test suite.
[----------] Global test environment set-up.
[----------] 1 test from RandomCommTest
[ RUN      ] RandomCommTest.TestsInTests
[==========] Running 1 test from 1 test suite.
[----------] Global test environment set-up.
[----------] 1 test from RandomCommTest
[ RUN      ] RandomCommTest.TestsInTests
[==========] Running 1 test from 1 test suite.
[----------] Global test environment set-up.
[----------] 1 test from RandomCommTest
[ RUN      ] RandomCommTest.TestsInTests
[==========] Running 1 test from 1 test suite.
[----------] Global test environment set-up.
[----------] 1 test from RandomCommTest
[ RUN      ] RandomCommTest.TestsInTests
[==========] Running 1 test from 1 test suite.
[----------] Global test environment set-up.
[----------] 1 test from RandomCommTest
[ RUN      ] RandomCommTest.TestsInTests
[==========] Running 1 test from 1 test suite.
[----------] Global test environment set-up.
[----------] 1 test from RandomCommTest
[ RUN      ] RandomCommTest.TestsInTests
[==========] Running 1 test from 1 test suite.
[----------] Global test environment set-up.
[----------] 1 test from RandomCommTest
[ RUN      ] RandomCommTest.TestsInTests
[==========] Running 1 test from 1 test suite.
[----------] Global test environment set-up.
[----------] 1 test from RandomCommTest
[ RUN      ] RandomCommTest.TestsInTests
[==========] Running 1 test from 1 test suite.
[----------] Global test environment set-up.
[----------] 1 test from RandomCommTest
[ RUN      ] RandomCommTest.TestsInTests
[==========] Running 1 test from 1 test suite.
[----------] Global test environment set-up.
[----------] 1 test from RandomCommTest
[ RUN      ] RandomCommTest.TestsInTests
[==========] Running 1 test from 1 test suite.
[----------] Global test environment set-up.
[==========] Running 1 test from 1 test suite.
[----------] Global test environment set-up.
[----------] 1 test from RandomCommTest
[ RUN      ] RandomCommTest.TestsInTests
[----------] 1 test from RandomCommTest
[ RUN      ] RandomCommTest.TestsInTests
[==========] Running 1 test from 1 test suite.
[----------] Global test environment set-up.
[----------] 1 test from RandomCommTest
[ RUN      ] RandomCommTest.TestsInTests
[==========] Running 1 test from 1 test suite.
[----------] Global test environment set-up.
[----------] 1 test from RandomCommTest
[ RUN      ] RandomCommTest.TestsInTests
[==========] Running 1 test from 1 test suite.
[----------] Global test environment set-up.
[----------] 1 test from RandomCommTest
[ RUN      ] RandomCommTest.TestsInTests
[==========] Running 1 test from 1 test suite.
[----------] Global test environment set-up.
[==========] Running 1 test from 1 test suite.
[----------] Global test environment set-up.
[----------] 1 test from RandomCommTest
[ RUN      ] RandomCommTest.TestsInTests
[----------] 1 test from RandomCommTest
[ RUN      ] RandomCommTest.TestsInTests
[==========] Running 1 test from 1 test suite.
[----------] Global test environment set-up.
[----------] 1 test from RandomCommTest
[ RUN      ] RandomCommTest.TestsInTests
[==========] Running 1 test from 1 test suite.
[----------] Global test environment set-up.
[==========] Running 1 test from 1 test suite.
[----------] Global test environment set-up.
[----------] 1 test from RandomCommTest
[ RUN      ] RandomCommTest.TestsInTests
[----------] 1 test from RandomCommTest
[ RUN      ] RandomCommTest.TestsInTests
[==========] Running 1 test from 1 test suite.
[----------] Global test environment set-up.
[----------] 1 test from RandomCommTest
[ RUN      ] RandomCommTest.TestsInTests
[==========] Running 1 test from 1 test suite.
[----------] Global test environment set-up.
[----------] 1 test from RandomCommTest
[ RUN      ] RandomCommTest.TestsInTests
[==========] Running 1 test from 1 test suite.
[----------] Global test environment set-up.
[----------] 1 test from RandomCommTest
[ RUN      ] RandomCommTest.TestsInTests
[==========] Running 1 test from 1 test suite.
[----------] Global test environment set-up.
[----------] 1 test from RandomCommTest
[ RUN      ] RandomCommTest.TestsInTests
[==========] Running 1 test from 1 test suite.
[----------] Global test environment set-up.
[----------] 1 test from RandomCommTest
[ RUN      ] RandomCommTest.TestsInTests
[==========] Running 1 test from 1 test suite.
[----------] Global test environment set-up.
[----------] 1 test from RandomCommTest
[ RUN      ] RandomCommTest.TestsInTests
[==========] Running 1 test from 1 test suite.
[----------] Global test environment set-up.
[----------] 1 test from RandomCommTest
[ RUN      ] RandomCommTest.TestsInTests
[==========] Running 1 test from 1 test suite.
[----------] Global test environment set-up.
[----------] 1 test from RandomCommTest
[ RUN      ] RandomCommTest.TestsInTests
[==========] Running 1 test from 1 test suite.
[----------] Global test environment set-up.
[----------] 1 test from RandomCommTest
[ RUN      ] RandomCommTest.TestsInTests
[==========] Running 1 test from 1 test suite.
[----------] Global test environment set-up.
[----------] 1 test from RandomCommTest
[ RUN      ] RandomCommTest.TestsInTests
../../../test_data/dwt_162.pm Single Communicate Time: 1.083531e-05
../../../test_data/dwt_162.pm Single Communicate Time (2nd): 2.435307e-05
../../../test_data/dwt_162.pm Single Communicate Time (3rd): 8.652886e-06
../../../test_data/dwt_162.pm Single Communicate 2 Time: 8.247110e-06
../../../test_data/dwt_162.pm Single Communicate 2 Time (2nd): 8.270834e-06
../../../test_data/dwt_162.pm Single Communicate 2 Time (3rd): 8.263510e-06
../../../test_data/dwt_162.pm Order comm time (1 order_comm): 7.852328e-06
../../../test_data/odepa400.pm Single Communicate Time: 2.092909e-06
../../../test_data/odepa400.pm Single Communicate Time (2nd): 2.075546e-06
../../../test_data/odepa400.pm Single Communicate Time (3rd): 2.058269e-06
../../../test_data/odepa400.pm Single Communicate 2 Time: 2.079535e-06
../../../test_data/odepa400.pm Single Communicate 2 Time (2nd): 2.060965e-06
../../../test_data/odepa400.pm Single Communicate 2 Time (3rd): 2.052087e-06
../../../test_data/odepa400.pm Order comm time (1 order_comm): 2.010809e-06
../../../test_data/ww_36_pmec_36.pm Single Communicate Time: 1.438463e-04
../../../test_data/ww_36_pmec_36.pm Single Communicate Time (2nd): 1.409696e-04
../../../test_data/ww_36_pmec_36.pm Single Communicate Time (3rd): 1.524399e-04
../../../test_data/ww_36_pmec_36.pm Single Communicate 2 Time: 1.353852e-04
../../../test_data/ww_36_pmec_36.pm Single Communicate 2 Time (2nd): 1.345917e-04
../../../test_data/ww_36_pmec_36.pm Single Communicate 2 Time (3rd): 1.343938e-04
../../../test_data/ww_36_pmec_36.pm Order comm time (1 order_comm): 1.390917e-04
../../../test_data/bcsstk01.pm Single Communicate Time: 2.044751e-05
../../../test_data/bcsstk01.pm Single Communicate Time (2nd): 1.784516e-05
../../../test_data/bcsstk01.pm Single Communicate Time (3rd): 1.792754e-05
../../../test_data/bcsstk01.pm Single Communicate 2 Time: 1.785013e-05
../../../test_data/bcsstk01.pm Single Communicate 2 Time (2nd): 1.785695e-05
../../../test_data/bcsstk01.pm Single Communicate 2 Time (3rd): 1.791930e-05
../../../test_data/bcsstk01.pm Order comm time (1 order_comm): 1.754749e-05
../../../test_data/west0132.pm Single Communicate Time: 1.172706e-05
../../../test_data/west0132.pm Single Communicate Time (2nd): 8.515861e-06
../../../test_data/west0132.pm Single Communicate Time (3rd): 7.652607e-06
../../../test_data/west0132.pm Single Communicate 2 Time: 7.507634e-06
../../../test_data/west0132.pm Single Communicate 2 Time (2nd): 7.543680e-06
../../../test_data/west0132.pm Single Communicate 2 Time (3rd): 7.533688e-06
../../../test_data/west0132.pm Order comm time (1 order_comm): 8.329309e-06
../../../test_data/gams10a.pm Single Communicate Time: 8.829465e-06
../../../test_data/gams10a.pm Single Communicate Time (2nd): 6.912374e-06
../../../test_data/gams10a.pm Single Communicate Time (3rd): 6.535935e-06
../../../test_data/gams10a.pm Single Communicate 2 Time: 6.563806e-06
../../../test_data/gams10a.pm Single Communicate 2 Time (2nd): 6.538908e-06
../../../test_data/gams10a.pm Single Communicate 2 Time (3rd): 6.448159e-06
../../../test_data/gams10a.pm Order comm time (1 order_comm): 7.027436e-06
../../../test_data/gams10am.pm Single Communicate Time: 6.490663e-06
../../../test_data/gams10am.pm Single Communicate Time (2nd): 6.313894e-06
../../../test_data/gams10am.pm Single Communicate Time (3rd): 6.365785e-06
../../../test_data/gams10am.pm Single Communicate 2 Time: 6.280648e-06
../../../test_data/gams10am.pm Single Communicate 2 Time (2nd): 6.263648e-06
../../../test_data/gams10am.pm Single Communicate 2 Time (3rd): 6.337506e-06
../../../test_data/gams10am.pm Order comm time (1 order_comm): 6.962619e-06
../../../test_data/D_10.pm Single Communicate Time: 1.968312e-04
../../../test_data/D_10.pm Single Communicate Time (2nd): 1.966015e-04
../../../test_data/D_10.pm Single Communicate Time (3rd): 1.977176e-04
../../../test_data/D_10.pm Single Communicate 2 Time: 1.969929e-04
../../../test_data/D_10.pm Single Communicate 2 Time (2nd): 1.971173e-04
../../../test_data/D_10.pm Single Communicate 2 Time (3rd): 1.982994e-04
../../../test_data/D_10.pm Order comm time (1 order_comm): 2.087502e-04
../../../test_data/oscil_dcop_11.pm Single Communicate Time: 1.333629e-05
../../../test_data/oscil_dcop_11.pm Single Communicate Time (2nd): 1.407654e-05
../../../test_data/oscil_dcop_11.pm Single Communicate Time (3rd): 1.302765e-05
../../../test_data/oscil_dcop_11.pm Single Communicate 2 Time: 1.302450e-05
../../../test_data/oscil_dcop_11.pm Single Communicate 2 Time (2nd): 1.301571e-05
../../../test_data/oscil_dcop_11.pm Single Communicate 2 Time (3rd): 1.303413e-05
../../../test_data/oscil_dcop_11.pm Order comm time (1 order_comm): 1.500441e-05
../../../test_data/tumorAntiAngiogenesis_4.pm Single Communicate Time: 3.294370e-05
../../../test_data/tumorAntiAngiogenesis_4.pm Single Communicate Time (2nd): 3.273116e-05
../../../test_data/tumorAntiAngiogenesis_4.pm Single Communicate Time (3rd): 3.272529e-05
../../../test_data/tumorAntiAngiogenesis_4.pm Single Communicate 2 Time: 3.302035e-05
../../../test_data/tumorAntiAngiogenesis_4.pm Single Communicate 2 Time (2nd): 3.270416e-05
../../../test_data/tumorAntiAngiogenesis_4.pm Single Communicate 2 Time (3rd): 3.288604e-05
../../../test_data/tumorAntiAngiogenesis_4.pm Order comm time (1 order_comm): 3.373099e-05
../../../test_data/ch5-5-b1.pm Single Communicate Time: 4.784807e-05
../../../test_data/ch5-5-b1.pm Single Communicate Time (2nd): 4.655357e-05
../../../test_data/ch5-5-b1.pm Single Communicate Time (3rd): 4.668934e-05
../../../test_data/ch5-5-b1.pm Single Communicate 2 Time: 4.657417e-05
../../../test_data/ch5-5-b1.pm Single Communicate 2 Time (2nd): 4.634507e-05
../../../test_data/ch5-5-b1.pm Single Communicate 2 Time (3rd): 4.624230e-05
../../../test_data/ch5-5-b1.pm Order comm time (1 order_comm): 4.953294e-05
../../../test_data/msc01050.pm Single Communicate Time: 4.534612e-05
../../../test_data/msc01050.pm Single Communicate Time (2nd): 4.533810e-05
../../../test_data/msc01050.pm Single Communicate Time (3rd): 4.549346e-05
../../../test_data/msc01050.pm Single Communicate 2 Time: 4.519073e-05
../../../test_data/msc01050.pm Single Communicate 2 Time (2nd): 4.560392e-05
../../../test_data/msc01050.pm Single Communicate 2 Time (3rd): 4.555106e-05
../../../test_data/msc01050.pm Order comm time (1 order_comm): 4.358124e-05
../../../test_data/SmaGri.pm Single Communicate Time: 7.500563e-05
../../../test_data/SmaGri.pm Single Communicate Time (2nd): 7.585367e-05
../../../test_data/SmaGri.pm Single Communicate Time (3rd): 7.679109e-05
../../../test_data/SmaGri.pm Single Communicate 2 Time: 2.038294e-04
../../../test_data/SmaGri.pm Single Communicate 2 Time (2nd): 2.809790e-04
../../../test_data/SmaGri.pm Single Communicate 2 Time (3rd): 7.498278e-05
../../../test_data/SmaGri.pm Order comm time (1 order_comm): 8.540365e-05
../../../test_data/radfr1.pm Single Communicate Time: 6.371876e-06
../../../test_data/radfr1.pm Single Communicate Time (2nd): 6.149225e-06
../../../test_data/radfr1.pm Single Communicate Time (3rd): 6.136747e-06
../../../test_data/radfr1.pm Single Communicate 2 Time: 5.831886e-06
../../../test_data/radfr1.pm Single Communicate 2 Time (2nd): 5.789700e-06
../../../test_data/radfr1.pm Single Communicate 2 Time (3rd): 5.794311e-06
../../../test_data/radfr1.pm Order comm time (1 order_comm): 1.173201e-03
../../../test_data/bibd_49_3.pm Single Communicate Time: 8.885184e-05
../../../test_data/bibd_49_3.pm Single Communicate Time (2nd): 8.167526e-05
../../../test_data/bibd_49_3.pm Single Communicate Time (3rd): 7.841683e-05
../../../test_data/bibd_49_3.pm Single Communicate 2 Time: 7.860653e-05
../../../test_data/bibd_49_3.pm Single Communicate 2 Time (2nd): 8.039233e-05
../../../test_data/bibd_49_3.pm Single Communicate 2 Time (3rd): 7.867793e-05
../../../test_data/bibd_49_3.pm Order comm time (1 order_comm): 3.157550e-04
../../../test_data/can_1054.pm Single Communicate Time: 6.688296e-05
../../../test_data/can_1054.pm Single Communicate Time (2nd): 6.708861e-05
../../../test_data/can_1054.pm Single Communicate Time (3rd): 6.806605e-05
[       OK ] RandomCommTest.TestsInTests (9124 ms)
[----------] 1 test from RandomCommTest (9124 ms total)

[----------] Global test environment tear-down
[==========] 1 test from 1 test suite ran. (9124 ms total)
[  PASSED  ] 1 test.
[       OK ] RandomCommTest.TestsInTests (9123 ms)
[----------] 1 test from RandomCommTest (9123 ms total)

[----------] Global test environment tear-down
[==========] 1 test from 1 test suite ran. (9123 ms total)
[  PASSED  ] 1 test.
[       OK ] RandomCommTest.TestsInTests (9121 ms)
[----------] 1 test from RandomCommTest (9121 ms total)

[----------] Global test environment tear-down
[==========] 1 test from 1 test suite ran. (9121 ms total)
[  PASSED  ] 1 test.
[       OK ] RandomCommTest.TestsInTests (9118 ms)
[----------] 1 test from RandomCommTest (9118 ms total)

[----------] Global test environment tear-down
[==========] 1 test from 1 test suite ran. (9118 ms total)
[  PASSED  ] 1 test.
[       OK ] RandomCommTest.TestsInTests (9122 ms)
[----------] 1 test from RandomCommTest (9122 ms total)

[----------] Global test environment tear-down
[==========] 1 test from 1 test suite ran. (9122 ms total)
[  PASSED  ] 1 test.
[       OK ] RandomCommTest.TestsInTests (9114 ms)
[----------] 1 test from RandomCommTest (9114 ms total)

[----------] Global test environment tear-down
[==========] 1 test from 1 test suite ran. (9114 ms total)
[  PASSED  ] 1 test.
[       OK ] RandomCommTest.TestsInTests (9110 ms)
[----------] 1 test from RandomCommTest (9110 ms total)

[----------] Global test environment tear-down
[==========] 1 test from 1 test suite ran. (9110 ms total)
[  PASSED  ] 1 test.
[       OK ] RandomCommTest.TestsInTests (9125 ms)
[----------] 1 test from RandomCommTest (9126 ms total)

[----------] Global test environment tear-down
[       OK ] RandomCommTest.TestsInTests (9124 ms)
[==========] 1 test from 1 test suite ran. (9126 ms total)
[  PASSED  ] 1 test.
[       OK ] RandomCommTest.TestsInTests (9122 ms)
[----------] 1 test from RandomCommTest (9122 ms total)

[----------] Global test environment tear-down
[==========] 1 test from 1 test suite ran. (9122 ms total)
[  PASSED  ] 1 test.
[----------] 1 test from RandomCommTest (9124 ms total)

[----------] Global test environment tear-down
[==========] 1 test from 1 test suite ran. (9124 ms total)
[  PASSED  ] 1 test.
[       OK ] RandomCommTest.TestsInTests (9113 ms)
[----------] 1 test from RandomCommTest (9113 ms total)

[----------] Global test environment tear-down
[==========] 1 test from 1 test suite ran. (9113 ms total)
[  PASSED  ] 1 test.
[       OK ] RandomCommTest.TestsInTests (9127 ms)
[       OK ] RandomCommTest.TestsInTests (9121 ms)
[----------] 1 test from RandomCommTest (9121 ms total)

[----------] Global test environment tear-down
[==========] 1 test from 1 test suite ran. (9122 ms total)
[  PASSED  ] 1 test.
[       OK ] RandomCommTest.TestsInTests (9120 ms)
[----------] 1 test from RandomCommTest (9120 ms total)

[----------] Global test environment tear-down
[==========] 1 test from 1 test suite ran. (9120 ms total)
[  PASSED  ] 1 test.
[       OK ] RandomCommTest.TestsInTests (9113 ms)
[----------] 1 test from RandomCommTest (9113 ms total)

[----------] Global test environment tear-down
[==========] 1 test from 1 test suite ran. (9113 ms total)
[  PASSED  ] 1 test.
../../../test_data/can_1054.pm Single Communicate 2 Time: 6.545783e-05
../../../test_data/can_1054.pm Single Communicate 2 Time (2nd): 6.622757e-05
../../../test_data/can_1054.pm Single Communicate 2 Time (3rd): 6.859487e-05
../../../test_data/can_1054.pm Order comm time (1 order_comm): 6.539107e-05
../../../test_data/can_1072.pm Single Communicate Time: 6.965800e-05
../../../test_data/can_1072.pm Single Communicate Time (2nd): 6.730066e-05
../../../test_data/can_1072.pm Single Communicate Time (3rd): 6.664454e-05
../../../test_data/can_1072.pm Single Communicate 2 Time: 6.984510e-05
../../../test_data/can_1072.pm Single Communicate 2 Time (2nd): 6.631887e-05
../../../test_data/can_1072.pm Single Communicate 2 Time (3rd): 6.596965e-05
../../../test_data/can_1072.pm Order comm time (1 order_comm): 6.608267e-05
../../../test_data/lp_sctap2.pm Single Communicate Time: 3.111699e-04
../../../test_data/lp_sctap2.pm Single Communicate Time (2nd): 1.076059e-05
[       OK ] RandomCommTest.TestsInTests (9112 ms)
[----------] 1 test from RandomCommTest (9112 ms total)

[----------] Global test environment tear-down
[==========] 1 test from 1 test suite ran. (9112 ms total)
[  PASSED  ] 1 test.
../../../test_data/lp_sctap2.pm Single Communicate Time (3rd): 1.051202e-05
../../../test_data/lp_sctap2.pm Single Communicate 2 Time: 1.038385e-05
../../../test_data/lp_sctap2.pm Single Communicate 2 Time (2nd): 1.033602e-05
../../../test_data/lp_sctap2.pm Single Communicate 2 Time (3rd): 1.016507e-05
../../../test_data/lp_sctap2.pm Order comm time (1 order_comm): 1.106517e-05
../../../test_data/lp_woodw.pm Single Communicate Time: 3.050618e-05
../../../test_data/lp_woodw.pm Single Communicate Time (2nd): 2.868517e-05
../../../test_data/lp_woodw.pm Single Communicate Time (3rd): 2.855399e-05
../../../test_data/lp_woodw.pm Single Communicate 2 Time: 2.841533e-05
../../../test_data/lp_woodw.pm Single Communicate 2 Time (2nd): 2.832557e-05
../../../test_data/lp_woodw.pm Single Communicate 2 Time (3rd): 2.829782e-05
../../../test_data/lp_woodw.pm Order comm time (1 order_comm): 3.098399e-05
[       OK ] RandomCommTest.TestsInTests (9114 ms)
[----------] 1 test from RandomCommTest (9114 ms total)

[----------] Global test environment tear-down
[==========] 1 test from 1 test suite ran. (9114 ms total)
[  PASSED  ] 1 test.
[       OK ] RandomCommTest.TestsInTests (9117 ms)
[       OK ] RandomCommTest.TestsInTests (9123 ms)
[----------] 1 test from RandomCommTest (9123 ms total)

[----------] Global test environment tear-down
[       OK ] RandomCommTest.TestsInTests (9125 ms)
[----------] 1 test from RandomCommTest (9125 ms total)

[----------] Global test environment tear-down
[==========] 1 test from 1 test suite ran. (9125 ms total)
[  PASSED  ] 1 test.
[==========] 1 test from 1 test suite ran. (9124 ms total)
[  PASSED  ] 1 test.
[       OK ] RandomCommTest.TestsInTests (9122 ms)
[       OK ] RandomCommTest.TestsInTests (9115 ms)
[----------] 1 test from RandomCommTest (9115 ms total)

[----------] Global test environment tear-down
[==========] 1 test from 1 test suite ran. (9115 ms total)
[  PASSED  ] 1 test.
[       OK ] RandomCommTest.TestsInTests (9121 ms)
[       OK ] RandomCommTest.TestsInTests (9125 ms)
[----------] 1 test from RandomCommTest (9125 ms total)

[----------] Global test environment tear-down
[==========] 1 test from 1 test suite ran. (9125 ms total)
[  PASSED  ] 1 test.
[----------] 1 test from RandomCommTest (9123 ms total)

[----------] Global test environment tear-down
[==========] 1 test from 1 test suite ran. (9123 ms total)
[  PASSED  ] 1 test.
[       OK ] RandomCommTest.TestsInTests (9123 ms)
[----------] 1 test from RandomCommTest (9123 ms total)

[----------] Global test environment tear-down
[==========] 1 test from 1 test suite ran. (9123 ms total)
[  PASSED  ] 1 test.
[----------] 1 test from RandomCommTest (9121 ms total)

[----------] Global test environment tear-down
[==========] 1 test from 1 test suite ran. (9121 ms total)
[  PASSED  ] 1 test.
[       OK ] RandomCommTest.TestsInTests (9121 ms)
[----------] 1 test from RandomCommTest (9121 ms total)

[----------] Global test environment tear-down
[==========] 1 test from 1 test suite ran. (9121 ms total)
[  PASSED  ] 1 test.
[       OK ] RandomCommTest.TestsInTests (9119 ms)
[----------] 1 test from RandomCommTest (9119 ms total)

[----------] Global test environment tear-down
[==========] 1 test from 1 test suite ran. (9120 ms total)
[  PASSED  ] 1 test.
[       OK ] RandomCommTest.TestsInTests (9120 ms)
[----------] 1 test from RandomCommTest (9120 ms total)

[----------] Global test environment tear-down
[==========] 1 test from 1 test suite ran. (9120 ms total)
[  PASSED  ] 1 test.
[       OK ] RandomCommTest.TestsInTests (9118 ms)
[----------] 1 test from RandomCommTest (9118 ms total)

[----------] Global test environment tear-down
[==========] 1 test from 1 test suite ran. (9118 ms total)
[  PASSED  ] 1 test.
[       OK ] RandomCommTest.TestsInTests (9116 ms)
[----------] 1 test from RandomCommTest (9116 ms total)

[----------] Global test environment tear-down
[==========] 1 test from 1 test suite ran. (9116 ms total)
[  PASSED  ] 1 test.
[       OK ] RandomCommTest.TestsInTests (9115 ms)
[----------] 1 test from RandomCommTest (9115 ms total)

[----------] Global test environment tear-down
[==========] 1 test from 1 test suite ran. (9115 ms total)
[  PASSED  ] 1 test.
[----------] 1 test from RandomCommTest (9127 ms total)

[----------] Global test environment tear-down
[----------] 1 test from RandomCommTest (9117 ms total)

[----------] Global test environment tear-down
[==========] 1 test from 1 test suite ran. (9127 ms total)
[  PASSED  ] 1 test.
[==========] 1 test from 1 test suite ran. (9117 ms total)
[  PASSED  ] 1 test.
[       OK ] RandomCommTest.TestsInTests (9118 ms)
[----------] 1 test from RandomCommTest (9118 ms total)

[----------] Global test environment tear-down
[==========] 1 test from 1 test suite ran. (9119 ms total)
[  PASSED  ] 1 test.
