[==========] Running 1 test from 1 test suite.
[----------] Global test environment set-up.
[----------] 1 test from RandomCommTest
[ RUN      ] RandomCommTest.TestsInTests
[==========] Running 1 test from 1 test suite.
[----------] Global test environment set-up.
[----------] 1 test from RandomCommTest
[ RUN      ] RandomCommTest.TestsInTests
[==========] Running 1 test from 1 test suite.
[----------] Global test environment set-up.
[----------] 1 test from RandomCommTest
[ RUN      ] RandomCommTest.TestsInTests
[==========] Running 1 test from 1 test suite.
[----------] Global test environment set-up.
[----------] 1 test from RandomCommTest
[ RUN      ] RandomCommTest.TestsInTests
[==========] Running 1 test from 1 test suite.
[----------] Global test environment set-up.
[----------] 1 test from RandomCommTest
[ RUN      ] RandomCommTest.TestsInTests
[==========] Running 1 test from 1 test suite.
[----------] Global test environment set-up.
[----------] 1 test from RandomCommTest
[ RUN      ] RandomCommTest.TestsInTests
[==========] Running 1 test from 1 test suite.
[----------] Global test environment set-up.
[----------] 1 test from RandomCommTest
[ RUN      ] RandomCommTest.TestsInTests
[==========] Running 1 test from 1 test suite.
[----------] Global test environment set-up.
[----------] 1 test from RandomCommTest
[ RUN      ] RandomCommTest.TestsInTests
[==========] Running 1 test from 1 test suite.
[----------] Global test environment set-up.
[----------] 1 test from RandomCommTest
[ RUN      ] RandomCommTest.TestsInTests
[==========] Running 1 test from 1 test suite.
[----------] Global test environment set-up.
[----------] 1 test from RandomCommTest
[ RUN      ] RandomCommTest.TestsInTests
[==========] Running 1 test from 1 test suite.
[----------] Global test environment set-up.
[----------] 1 test from RandomCommTest
[ RUN      ] RandomCommTest.TestsInTests
[==========] Running 1 test from 1 test suite.
[----------] Global test environment set-up.
[----------] 1 test from RandomCommTest
[ RUN      ] RandomCommTest.TestsInTests
[==========] Running 1 test from 1 test suite.
[----------] Global test environment set-up.
[----------] 1 test from RandomCommTest
[ RUN      ] RandomCommTest.TestsInTests
[==========] Running 1 test from 1 test suite.
[----------] Global test environment set-up.
[----------] 1 test from RandomCommTest
[ RUN      ] RandomCommTest.TestsInTests
[==========] Running 1 test from 1 test suite.
[----------] Global test environment set-up.
[----------] 1 test from RandomCommTest
[ RUN      ] RandomCommTest.TestsInTests
[==========] Running 1 test from 1 test suite.
[----------] Global test environment set-up.
[----------] 1 test from RandomCommTest
[ RUN      ] RandomCommTest.TestsInTests
[==========] Running 1 test from 1 test suite.
[----------] Global test environment set-up.
[----------] 1 test from RandomCommTest
[ RUN      ] RandomCommTest.TestsInTests
[==========] Running 1 test from 1 test suite.
[----------] Global test environment set-up.
[----------] 1 test from RandomCommTest
[ RUN      ] RandomCommTest.TestsInTests
[==========] Running 1 test from 1 test suite.
[----------] Global test environment set-up.
[----------] 1 test from RandomCommTest
[ RUN      ] RandomCommTest.TestsInTests
[==========] Running 1 test from 1 test suite.
[----------] Global test environment set-up.
[----------] 1 test from RandomCommTest
[ RUN      ] RandomCommTest.TestsInTests
[==========] Running 1 test from 1 test suite.
[----------] Global test environment set-up.
[----------] 1 test from RandomCommTest
[ RUN      ] RandomCommTest.TestsInTests
[==========] Running 1 test from 1 test suite.
[----------] Global test environment set-up.
[----------] 1 test from RandomCommTest
[ RUN      ] RandomCommTest.TestsInTests
[==========] Running 1 test from 1 test suite.
[----------] Global test environment set-up.
[----------] 1 test from RandomCommTest
[ RUN      ] RandomCommTest.TestsInTests
[==========] Running 1 test from 1 test suite.
[----------] Global test environment set-up.
[----------] 1 test from RandomCommTest
[ RUN      ] RandomCommTest.TestsInTests
[==========] Running 1 test from 1 test suite.
[----------] Global test environment set-up.
[----------] 1 test from RandomCommTest
[ RUN      ] RandomCommTest.TestsInTests
[==========] Running 1 test from 1 test suite.
[----------] Global test environment set-up.
[----------] 1 test from RandomCommTest
[ RUN      ] RandomCommTest.TestsInTests
[==========] Running 1 test from 1 test suite.
[----------] Global test environment set-up.
[----------] 1 test from RandomCommTest
[ RUN      ] RandomCommTest.TestsInTests
[==========] Running 1 test from 1 test suite.
[==========] Running 1 test from 1 test suite.
[----------] Global test environment set-up.
[----------] 1 test from RandomCommTest
[ RUN      ] RandomCommTest.TestsInTests
[----------] Global test environment set-up.
[----------] 1 test from RandomCommTest
[ RUN      ] RandomCommTest.TestsInTests
[==========] Running 1 test from 1 test suite.
[----------] Global test environment set-up.
[----------] 1 test from RandomCommTest
[ RUN      ] RandomCommTest.TestsInTests
[==========] Running 1 test from 1 test suite.
[----------] Global test environment set-up.
[----------] 1 test from RandomCommTest
[ RUN      ] RandomCommTest.TestsInTests
[==========] Running 1 test from 1 test suite.
[----------] Global test environment set-up.
[----------] 1 test from RandomCommTest
[ RUN      ] RandomCommTest.TestsInTests
[==========] Running 1 test from 1 test suite.
[----------] Global test environment set-up.
[----------] 1 test from RandomCommTest
[ RUN      ] RandomCommTest.TestsInTests
[==========] Running 1 test from 1 test suite.
[----------] Global test environment set-up.
[----------] 1 test from RandomCommTest
[ RUN      ] RandomCommTest.TestsInTests
[==========] Running 1 test from 1 test suite.
[----------] Global test environment set-up.
[----------] 1 test from RandomCommTest
[==========] Running 1 test from 1 test suite.
[----------] Global test environment set-up.
[----------] 1 test from RandomCommTest
[ RUN      ] RandomCommTest.TestsInTests
[ RUN      ] RandomCommTest.TestsInTests
[==========] Running 1 test from 1 test suite.
[----------] Global test environment set-up.
[----------] 1 test from RandomCommTest
[ RUN      ] RandomCommTest.TestsInTests
[==========] Running 1 test from 1 test suite.
[----------] Global test environment set-up.
[----------] 1 test from RandomCommTest
[ RUN      ] RandomCommTest.TestsInTests
[==========] Running 1 test from 1 test suite.
[----------] Global test environment set-up.
[----------] 1 test from RandomCommTest
[ RUN      ] RandomCommTest.TestsInTests
[==========] Running 1 test from 1 test suite.
[----------] Global test environment set-up.
[----------] 1 test from RandomCommTest
[ RUN      ] RandomCommTest.TestsInTests
[==========] Running 1 test from 1 test suite.
[----------] Global test environment set-up.
[----------] 1 test from RandomCommTest
[ RUN      ] RandomCommTest.TestsInTests
[==========] Running 1 test from 1 test suite.
[==========] Running 1 test from 1 test suite.
[==========] Running 1 test from 1 test suite.
[----------] Global test environment set-up.
[----------] 1 test from RandomCommTest
[ RUN      ] RandomCommTest.TestsInTests
[==========] Running 1 test from 1 test suite.
[----------] Global test environment set-up.
[----------] Global test environment set-up.
[==========] Running 1 test from 1 test suite.
[----------] Global test environment set-up.
[----------] 1 test from RandomCommTest
[ RUN      ] RandomCommTest.TestsInTests
[----------] 1 test from RandomCommTest
[ RUN      ] RandomCommTest.TestsInTests
[----------] 1 test from RandomCommTest
[==========] Running 1 test from 1 test suite.
[----------] Global test environment set-up.
[----------] 1 test from RandomCommTest
[ RUN      ] RandomCommTest.TestsInTests
[==========] Running 1 test from 1 test suite.
[----------] Global test environment set-up.
[ RUN      ] RandomCommTest.TestsInTests
[==========] Running 1 test from 1 test suite.
[----------] Global test environment set-up.
[----------] 1 test from RandomCommTest
[ RUN      ] RandomCommTest.TestsInTests
[----------] Global test environment set-up.
[----------] 1 test from RandomCommTest
[ RUN      ] RandomCommTest.TestsInTests
[==========] Running 1 test from 1 test suite.
[----------] Global test environment set-up.
[----------] 1 test from RandomCommTest
[ RUN      ] RandomCommTest.TestsInTests
[----------] 1 test from RandomCommTest
[==========] Running 1 test from 1 test suite.
[----------] Global test environment set-up.
[----------] 1 test from RandomCommTest
[ RUN      ] RandomCommTest.TestsInTests
[==========] Running 1 test from 1 test suite.
[----------] Global test environment set-up.
[----------] 1 test from RandomCommTest
[ RUN      ] RandomCommTest.TestsInTests
[ RUN      ] RandomCommTest.TestsInTests
[==========] Running 1 test from 1 test suite.
[==========] Running 1 test from 1 test suite.
[==========] Running 1 test from 1 test suite.
[----------] Global test environment set-up.
[----------] Global test environment set-up.
[----------] 1 test from RandomCommTest
[----------] Global test environment set-up.
[ RUN      ] RandomCommTest.TestsInTests
[----------] 1 test from RandomCommTest
[==========] Running 1 test from 1 test suite.
[----------] 1 test from RandomCommTest
[----------] Global test environment set-up.
[ RUN      ] RandomCommTest.TestsInTests
[==========] Running 1 test from 1 test suite.
[ RUN      ] RandomCommTest.TestsInTests
[----------] 1 test from RandomCommTest
[ RUN      ] RandomCommTest.TestsInTests
[----------] Global test environment set-up.
[----------] 1 test from RandomCommTest
[ RUN      ] RandomCommTest.TestsInTests
[==========] Running 1 test from 1 test suite.
[----------] Global test environment set-up.
[----------] 1 test from RandomCommTest
[ RUN      ] RandomCommTest.TestsInTests
[==========] Running 1 test from 1 test suite.
[----------] Global test environment set-up.
[----------] 1 test from RandomCommTest
[ RUN      ] RandomCommTest.TestsInTests
[==========] Running 1 test from 1 test suite.
[----------] Global test environment set-up.
[----------] 1 test from RandomCommTest
[ RUN      ] RandomCommTest.TestsInTests
[==========] Running 1 test from 1 test suite.
[----------] Global test environment set-up.
[----------] 1 test from RandomCommTest
[ RUN      ] RandomCommTest.TestsInTests
[==========] Running 1 test from 1 test suite.
[----------] Global test environment set-up.
[----------] 1 test from RandomCommTest
[ RUN      ] RandomCommTest.TestsInTests
[==========] Running 1 test from 1 test suite.
[----------] Global test environment set-up.
[----------] 1 test from RandomCommTest
[ RUN      ] RandomCommTest.TestsInTests
[==========] Running 1 test from 1 test suite.
[----------] Global test environment set-up.
[----------] 1 test from RandomCommTest
[ RUN      ] RandomCommTest.TestsInTests
../../../test_data/dwt_162.pm Single Communicate Time: 2.268946e-05
../../../test_data/dwt_162.pm Single Communicate Time (2nd): 1.001951e-05
../../../test_data/dwt_162.pm Single Communicate Time (3rd): 1.007787e-05
../../../test_data/dwt_162.pm Single Communicate 2 Time: 9.807332e-06
../../../test_data/dwt_162.pm Single Communicate 2 Time (2nd): 1.061978e-05
../../../test_data/dwt_162.pm Single Communicate 2 Time (3rd): 9.781627e-06
../../../test_data/dwt_162.pm Order comm time (1 order_comm): 8.987426e-06
../../../test_data/odepa400.pm Single Communicate Time: 2.256389e-06
../../../test_data/odepa400.pm Single Communicate Time (2nd): 2.112345e-06
../../../test_data/odepa400.pm Single Communicate Time (3rd): 2.109248e-06
../../../test_data/odepa400.pm Single Communicate 2 Time: 2.122199e-06
../../../test_data/odepa400.pm Single Communicate 2 Time (2nd): 2.137551e-06
../../../test_data/odepa400.pm Single Communicate 2 Time (3rd): 2.129198e-06
../../../test_data/odepa400.pm Order comm time (1 order_comm): 2.228322e-06
../../../test_data/ww_36_pmec_36.pm Single Communicate Time: 1.671371e-04
../../../test_data/ww_36_pmec_36.pm Single Communicate Time (2nd): 1.447361e-04
../../../test_data/ww_36_pmec_36.pm Single Communicate Time (3rd): 1.424738e-04
../../../test_data/ww_36_pmec_36.pm Single Communicate 2 Time: 1.372526e-04
../../../test_data/ww_36_pmec_36.pm Single Communicate 2 Time (2nd): 1.378676e-04
../../../test_data/ww_36_pmec_36.pm Single Communicate 2 Time (3rd): 1.373161e-04
../../../test_data/ww_36_pmec_36.pm Order comm time (1 order_comm): 2.010760e-04
../../../test_data/bcsstk01.pm Single Communicate Time: 2.542443e-05
../../../test_data/bcsstk01.pm Single Communicate Time (2nd): 1.600110e-05
../../../test_data/bcsstk01.pm Single Communicate Time (3rd): 1.638710e-05
../../../test_data/bcsstk01.pm Single Communicate 2 Time: 1.612817e-05
../../../test_data/bcsstk01.pm Single Communicate 2 Time (2nd): 1.620861e-05
../../../test_data/bcsstk01.pm Single Communicate 2 Time (3rd): 1.645918e-05
../../../test_data/bcsstk01.pm Order comm time (1 order_comm): 1.668632e-05
../../../test_data/west0132.pm Single Communicate Time: 2.439544e-05
../../../test_data/west0132.pm Single Communicate Time (2nd): 2.256579e-05
../../../test_data/west0132.pm Single Communicate Time (3rd): 2.241424e-05
../../../test_data/west0132.pm Single Communicate 2 Time: 2.340635e-05
../../../test_data/west0132.pm Single Communicate 2 Time (2nd): 2.264896e-05
../../../test_data/west0132.pm Single Communicate 2 Time (3rd): 2.249781e-05
../../../test_data/west0132.pm Order comm time (1 order_comm): 2.367230e-05
../../../test_data/gams10a.pm Single Communicate Time: 1.815987e-05
../../../test_data/gams10a.pm Single Communicate Time (2nd): 1.652199e-05
../../../test_data/gams10a.pm Single Communicate Time (3rd): 1.716778e-05
../../../test_data/gams10a.pm Single Communicate 2 Time: 1.718120e-05
../../../test_data/gams10a.pm Single Communicate 2 Time (2nd): 1.728498e-05
../../../test_data/gams10a.pm Single Communicate 2 Time (3rd): 1.708769e-05
../../../test_data/gams10a.pm Order comm time (1 order_comm): 1.795831e-05
../../../test_data/gams10am.pm Single Communicate Time: 1.810610e-05
../../../test_data/gams10am.pm Single Communicate Time (2nd): 1.788807e-05
../../../test_data/gams10am.pm Single Communicate Time (3rd): 1.790381e-05
../../../test_data/gams10am.pm Single Communicate 2 Time: 1.931014e-05
../../../test_data/gams10am.pm Single Communicate 2 Time (2nd): 1.986535e-05
../../../test_data/gams10am.pm Single Communicate 2 Time (3rd): 1.886792e-05
../../../test_data/gams10am.pm Order comm time (1 order_comm): 1.467695e-04
../../../test_data/D_10.pm Single Communicate Time: 4.181336e-04
../../../test_data/D_10.pm Single Communicate Time (2nd): 4.147386e-04
../../../test_data/D_10.pm Single Communicate Time (3rd): 4.017914e-04
../../../test_data/D_10.pm Single Communicate 2 Time: 4.159602e-04
../../../test_data/D_10.pm Single Communicate 2 Time (2nd): 1.041942e-03
../../../test_data/D_10.pm Single Communicate 2 Time (3rd): 6.308356e-04
../../../test_data/D_10.pm Order comm time (1 order_comm): 4.226835e-04
../../../test_data/oscil_dcop_11.pm Single Communicate Time: 4.673644e-05
../../../test_data/oscil_dcop_11.pm Single Communicate Time (2nd): 4.794965e-05
../../../test_data/oscil_dcop_11.pm Single Communicate Time (3rd): 4.902590e-05
../../../test_data/oscil_dcop_11.pm Single Communicate 2 Time: 4.734363e-05
../../../test_data/oscil_dcop_11.pm Single Communicate 2 Time (2nd): 4.757467e-05
../../../test_data/oscil_dcop_11.pm Single Communicate 2 Time (3rd): 4.622543e-05
../../../test_data/oscil_dcop_11.pm Order comm time (1 order_comm): 4.461808e-05
../../../test_data/tumorAntiAngiogenesis_4.pm Single Communicate Time: 2.400844e-03
../../../test_data/tumorAntiAngiogenesis_4.pm Single Communicate Time (2nd): 7.924230e-05
../../../test_data/tumorAntiAngiogenesis_4.pm Single Communicate Time (3rd): 7.818248e-05
../../../test_data/tumorAntiAngiogenesis_4.pm Single Communicate 2 Time: 7.956731e-05
../../../test_data/tumorAntiAngiogenesis_4.pm Single Communicate 2 Time (2nd): 7.972550e-05
../../../test_data/tumorAntiAngiogenesis_4.pm Single Communicate 2 Time (3rd): 8.090135e-05
../../../test_data/tumorAntiAngiogenesis_4.pm Order comm time (1 order_comm): 2.135602e-04
../../../test_data/ch5-5-b1.pm Single Communicate Time: 4.409129e-05
../../../test_data/ch5-5-b1.pm Single Communicate Time (2nd): 4.353612e-05
../../../test_data/ch5-5-b1.pm Single Communicate Time (3rd): 4.473527e-05
../../../test_data/ch5-5-b1.pm Single Communicate 2 Time: 4.451036e-05
../../../test_data/ch5-5-b1.pm Single Communicate 2 Time (2nd): 4.749597e-05
../../../test_data/ch5-5-b1.pm Single Communicate 2 Time (3rd): 4.363145e-05
../../../test_data/ch5-5-b1.pm Order comm time (1 order_comm): 1.732196e-04
../../../test_data/msc01050.pm Single Communicate Time: 9.248316e-05
../../../test_data/msc01050.pm Single Communicate Time (2nd): 7.786330e-05
../../../test_data/msc01050.pm Single Communicate Time (3rd): 7.984863e-05
../../../test_data/msc01050.pm Single Communicate 2 Time: 7.861180e-05
../../../test_data/msc01050.pm Single Communicate 2 Time (2nd): 7.835602e-05
../../../test_data/msc01050.pm Single Communicate 2 Time (3rd): 7.962059e-05
../../../test_data/msc01050.pm Order comm time (1 order_comm): 8.062211e-05
../../../test_data/SmaGri.pm Single Communicate Time: 2.050336e-04
../../../test_data/SmaGri.pm Single Communicate Time (2nd): 4.298607e-04
../../../test_data/SmaGri.pm Single Communicate Time (3rd): 3.193698e-04
../../../test_data/SmaGri.pm Single Communicate 2 Time: 4.008960e-04
../../../test_data/SmaGri.pm Single Communicate 2 Time (2nd): 2.992077e-04
../../../test_data/SmaGri.pm Single Communicate 2 Time (3rd): 2.016836e-04
../../../test_data/SmaGri.pm Order comm time (1 order_comm): 3.098273e-04
../../../test_data/radfr1.pm Single Communicate Time: 1.529505e-05
../../../test_data/radfr1.pm Single Communicate Time (2nd): 1.567792e-05
../../../test_data/radfr1.pm Single Communicate Time (3rd): 1.456041e-05
../../../test_data/radfr1.pm Single Communicate 2 Time: 1.452204e-05
../../../test_data/radfr1.pm Single Communicate 2 Time (2nd): 1.450358e-05
../../../test_data/radfr1.pm Single Communicate 2 Time (3rd): 1.540935e-05
../../../test_data/radfr1.pm Order comm time (1 order_comm): 1.529644e-05
../../../test_data/bibd_49_3.pm Single Communicate Time: 1.212155e-04
../../../test_data/bibd_49_3.pm Single Communicate Time (2nd): 1.219963e-04
../../../test_data/bibd_49_3.pm Single Communicate Time (3rd): 2.557304e-04
../../../test_data/bibd_49_3.pm Single Communicate 2 Time: 1.262685e-04
../../../test_data/bibd_49_3.pm Single Communicate 2 Time (2nd): 1.223301e-04
../../../test_data/bibd_49_3.pm Single Communicate 2 Time (3rd): 1.244422e-04
../../../test_data/bibd_49_3.pm Order comm time (1 order_comm): 2.523037e-04
../../../test_data/can_1054.pm Single Communicate Time: 1.538856e-04
../../../test_data/can_1054.pm Single Communicate Time (2nd): 1.505988e-04
../../../test_data/can_1054.pm Single Communicate Time (3rd): 1.511731e-04
[       OK ] RandomCommTest.TestsInTests (19284 ms)
[       OK ] RandomCommTest.TestsInTests (19282 ms)
[----------] 1 test from RandomCommTest (19283 ms total)

[----------] Global test environment tear-down
[==========] 1 test from 1 test suite ran. (19283 ms total)
[  PASSED  ] 1 test.
[       OK ] RandomCommTest.TestsInTests (19286 ms)
[----------] 1 test from RandomCommTest (19286 ms total)

[----------] Global test environment tear-down
[==========] 1 test from 1 test suite ran. (19286 ms total)
[  PASSED  ] 1 test.
[       OK ] RandomCommTest.TestsInTests (19283 ms)
[----------] 1 test from RandomCommTest (19283 ms total)

[----------] Global test environment tear-down
[       OK ] RandomCommTest.TestsInTests (19288 ms)
[       OK ] RandomCommTest.TestsInTests (19291 ms)
[----------] 1 test from RandomCommTest (19291 ms total)

[----------] Global test environment tear-down
[       OK ] RandomCommTest.TestsInTests (19279 ms)
[       OK ] RandomCommTest.TestsInTests (19285 ms)
[       OK ] RandomCommTest.TestsInTests (19286 ms)
[       OK ] RandomCommTest.TestsInTests (19281 ms)
[----------] 1 test from RandomCommTest (19281 ms total)

[----------] Global test environment tear-down
[----------] 1 test from RandomCommTest (19284 ms total)

[       OK ] RandomCommTest.TestsInTests (19279 ms)
[       OK ] RandomCommTest.TestsInTests (19285 ms)
[----------] 1 test from RandomCommTest (19285 ms total)

[----------] Global test environment tear-down
[==========] 1 test from 1 test suite ran. (19285 ms total)
[  PASSED  ] 1 test.
[       OK ] RandomCommTest.TestsInTests (19288 ms)
[       OK ] RandomCommTest.TestsInTests (19278 ms)
[----------] 1 test from RandomCommTest (19278 ms total)

[----------] Global test environment tear-down
[==========] 1 test from 1 test suite ran. (19278 ms total)
[  PASSED  ] 1 test.
[       OK ] RandomCommTest.TestsInTests (19279 ms)
[----------] 1 test from RandomCommTest (19279 ms total)

[----------] Global test environment tear-down
[==========] 1 test from 1 test suite ran. (19279 ms total)
[  PASSED  ] 1 test.
[       OK ] RandomCommTest.TestsInTests (19279 ms)
[----------] 1 test from RandomCommTest (19279 ms total)

[----------] Global test environment tear-down
[==========] 1 test from 1 test suite ran. (19279 ms total)
[  PASSED  ] 1 test.
[       OK ] RandomCommTest.TestsInTests (19279 ms)
[----------] Global test environment tear-down
[       OK ] RandomCommTest.TestsInTests (19286 ms)
[----------] 1 test from RandomCommTest (19286 ms total)

[----------] Global test environment tear-down
[==========] 1 test from 1 test suite ran. (19286 ms total)
[  PASSED  ] 1 test.
[       OK ] RandomCommTest.TestsInTests (19281 ms)
[----------] 1 test from RandomCommTest (19282 ms total)

[----------] Global test environment tear-down
[==========] 1 test from 1 test suite ran. (19282 ms total)
[  PASSED  ] 1 test.
[==========] 1 test from 1 test suite ran. (19291 ms total)
[  PASSED  ] 1 test.
[       OK ] RandomCommTest.TestsInTests (19281 ms)
[----------] 1 test from RandomCommTest (19281 ms total)

[----------] Global test environment tear-down
[==========] 1 test from 1 test suite ran. (19281 ms total)
[  PASSED  ] 1 test.
[       OK ] RandomCommTest.TestsInTests (19287 ms)
[----------] 1 test from RandomCommTest (19287 ms total)

[----------] Global test environment tear-down
[==========] 1 test from 1 test suite ran. (19287 ms total)
[  PASSED  ] 1 test.
[       OK ] RandomCommTest.TestsInTests (19273 ms)
[----------] 1 test from RandomCommTest (19273 ms total)

[----------] Global test environment tear-down
[==========] 1 test from 1 test suite ran. (19273 ms total)
[  PASSED  ] 1 test.
[==========] 1 test from 1 test suite ran. (19281 ms total)
[  PASSED  ] 1 test.
[==========] 1 test from 1 test suite ran. (19284 ms total)
[  PASSED  ] 1 test.
[       OK ] RandomCommTest.TestsInTests (19285 ms)
[----------] 1 test from RandomCommTest (19285 ms total)

[----------] Global test environment tear-down
[==========] 1 test from 1 test suite ran. (19285 ms total)
[  PASSED  ] 1 test.
[       OK ] RandomCommTest.TestsInTests (19280 ms)
[----------] 1 test from RandomCommTest (19280 ms total)

[----------] Global test environment tear-down
[==========] 1 test from 1 test suite ran. (19280 ms total)
[  PASSED  ] 1 test.
[       OK ] RandomCommTest.TestsInTests (19289 ms)
[----------] 1 test from RandomCommTest (19289 ms total)

[----------] Global test environment tear-down
[==========] 1 test from 1 test suite ran. (19290 ms total)
[  PASSED  ] 1 test.
[----------] 1 test from RandomCommTest (19279 ms total)

[----------] Global test environment tear-down
[       OK ] RandomCommTest.TestsInTests (19283 ms)
[----------] 1 test from RandomCommTest (19283 ms total)

[----------] Global test environment tear-down
[==========] 1 test from 1 test suite ran. (19283 ms total)
[  PASSED  ] 1 test.
[       OK ] RandomCommTest.TestsInTests (19284 ms)
[----------] 1 test from RandomCommTest (19284 ms total)

[----------] Global test environment tear-down
[==========] 1 test from 1 test suite ran. (19284 ms total)
[  PASSED  ] 1 test.
[----------] 1 test from RandomCommTest (19279 ms total)

[       OK ] RandomCommTest.TestsInTests (19282 ms)
[==========] 1 test from 1 test suite ran. (19283 ms total)
[  PASSED  ] 1 test.
[       OK ] RandomCommTest.TestsInTests (19278 ms)
[----------] 1 test from RandomCommTest (19278 ms total)

[----------] Global test environment tear-down
[==========] 1 test from 1 test suite ran. (19278 ms total)
[  PASSED  ] 1 test.
[----------] 1 test from RandomCommTest (19288 ms total)

[----------] Global test environment tear-down
[==========] 1 test from 1 test suite ran. (19279 ms total)
[  PASSED  ] 1 test.
[       OK ] RandomCommTest.TestsInTests (19280 ms)
[----------] 1 test from RandomCommTest (19280 ms total)

[----------] Global test environment tear-down
[==========] 1 test from 1 test suite ran. (19280 ms total)
[  PASSED  ] 1 test.
[----------] 1 test from RandomCommTest (19286 ms total)

[----------] Global test environment tear-down
[==========] 1 test from 1 test suite ran. (19286 ms total)
[  PASSED  ] 1 test.
[----------] Global test environment tear-down
[       OK ] RandomCommTest.TestsInTests (19281 ms)
[----------] 1 test from RandomCommTest (19281 ms total)

[----------] Global test environment tear-down
[==========] 1 test from 1 test suite ran. (19281 ms total)
[  PASSED  ] 1 test.
[----------] 1 test from RandomCommTest (19280 ms total)

[       OK ] RandomCommTest.TestsInTests (19275 ms)
[----------] 1 test from RandomCommTest (19275 ms total)

[----------] Global test environment tear-down
[==========] 1 test from 1 test suite ran. (19276 ms total)
[  PASSED  ] 1 test.
[==========] 1 test from 1 test suite ran. (19288 ms total)
[  PASSED  ] 1 test.
[       OK ] RandomCommTest.TestsInTests (19287 ms)
[----------] 1 test from RandomCommTest (19285 ms total)

[----------] Global test environment tear-down
[       OK ] RandomCommTest.TestsInTests (19276 ms)
[----------] 1 test from RandomCommTest (19276 ms total)

[----------] Global test environment tear-down
[==========] 1 test from 1 test suite ran. (19276 ms total)
[  PASSED  ] 1 test.
[==========] 1 test from 1 test suite ran. (19280 ms total)
[  PASSED  ] 1 test.
[       OK ] RandomCommTest.TestsInTests (19279 ms)
[----------] 1 test from RandomCommTest (19279 ms total)

[----------] Global test environment tear-down
[==========] 1 test from 1 test suite ran. (19279 ms total)
[  PASSED  ] 1 test.
[----------] Global test environment tear-down
[       OK ] RandomCommTest.TestsInTests (19283 ms)
[----------] 1 test from RandomCommTest (19283 ms total)

[----------] Global test environment tear-down
[==========] 1 test from 1 test suite ran. (19284 ms total)
[  PASSED  ] 1 test.
[       OK ] RandomCommTest.TestsInTests (19283 ms)
[----------] 1 test from RandomCommTest (19283 ms total)

[----------] 1 test from RandomCommTest (19287 ms total)

[----------] Global test environment tear-down
[==========] 1 test from 1 test suite ran. (19288 ms total)
[  PASSED  ] 1 test.
[       OK ] RandomCommTest.TestsInTests (19290 ms)
[----------] 1 test from RandomCommTest (19290 ms total)

[----------] Global test environment tear-down
[       OK ] RandomCommTest.TestsInTests (19289 ms)
[----------] 1 test from RandomCommTest (19289 ms total)

[----------] Global test environment tear-down
[==========] 1 test from 1 test suite ran. (19289 ms total)
[  PASSED  ] 1 test.
[       OK ] RandomCommTest.TestsInTests (19289 ms)
[----------] 1 test from RandomCommTest (19289 ms total)

[       OK ] RandomCommTest.TestsInTests (19265 ms)
[----------] 1 test from RandomCommTest (19265 ms total)

[----------] Global test environment tear-down
[==========] 1 test from 1 test suite ran. (19266 ms total)
[  PASSED  ] 1 test.
[==========] 1 test from 1 test suite ran. (19280 ms total)
[  PASSED  ] 1 test.
[----------] 1 test from RandomCommTest (19288 ms total)

[----------] Global test environment tear-down
[==========] 1 test from 1 test suite ran. (19288 ms total)
[  PASSED  ] 1 test.
[       OK ] RandomCommTest.TestsInTests (19282 ms)
[----------] 1 test from RandomCommTest (19283 ms total)

[       OK ] RandomCommTest.TestsInTests (19284 ms)
[----------] 1 test from RandomCommTest (19284 ms total)

[----------] Global test environment tear-down
[==========] 1 test from 1 test suite ran. (19284 ms total)
[  PASSED  ] 1 test.
[==========] 1 test from 1 test suite ran. (19285 ms total)
[  PASSED  ] 1 test.
[       OK ] RandomCommTest.TestsInTests (19283 ms)
[----------] 1 test from RandomCommTest (19283 ms total)

[----------] Global test environment tear-down
[==========] 1 test from 1 test suite ran. (19283 ms total)
[  PASSED  ] 1 test.
[----------] Global test environment tear-down
[==========] 1 test from 1 test suite ran. (19290 ms total)
[  PASSED  ] 1 test.
[----------] 1 test from RandomCommTest (19283 ms total)

[----------] Global test environment tear-down
[==========] 1 test from 1 test suite ran. (19283 ms total)
[  PASSED  ] 1 test.
[       OK ] RandomCommTest.TestsInTests (19280 ms)
[       OK ] RandomCommTest.TestsInTests (19276 ms)
[----------] 1 test from RandomCommTest (19276 ms total)

[----------] Global test environment tear-down
[==========] 1 test from 1 test suite ran. (19283 ms total)
[  PASSED  ] 1 test.
[       OK ] RandomCommTest.TestsInTests (19278 ms)
[==========] 1 test from 1 test suite ran. (19290 ms total)
[  PASSED  ] 1 test.
[       OK ] RandomCommTest.TestsInTests (19273 ms)
[----------] 1 test from RandomCommTest (19273 ms total)

[----------] Global test environment tear-down
[==========] 1 test from 1 test suite ran. (19273 ms total)
[  PASSED  ] 1 test.
[       OK ] RandomCommTest.TestsInTests (19286 ms)
[----------] 1 test from RandomCommTest (19286 ms total)

[----------] Global test environment tear-down
../../../test_data/can_1054.pm Single Communicate 2 Time: 1.502547e-04
../../../test_data/can_1054.pm Single Communicate 2 Time (2nd): 1.540953e-04
../../../test_data/can_1054.pm Single Communicate 2 Time (3rd): 1.507084e-04
../../../test_data/can_1054.pm Order comm time (1 order_comm): 1.449140e-04
../../../test_data/can_1072.pm Single Communicate Time: 1.445287e-04
../../../test_data/can_1072.pm Single Communicate Time (2nd): 1.409009e-04
../../../test_data/can_1072.pm Single Communicate Time (3rd): 1.418078e-04
../../../test_data/can_1072.pm Single Communicate 2 Time: 1.416548e-04
../../../test_data/can_1072.pm Single Communicate 2 Time (2nd): 1.425756e-04
../../../test_data/can_1072.pm Single Communicate 2 Time (3rd): 1.445733e-04
../../../test_data/can_1072.pm Order comm time (1 order_comm): 2.471823e-04
../../../test_data/lp_sctap2.pm Single Communicate Time: 2.819425e-05
../../../test_data/lp_sctap2.pm Single Communicate Time (2nd): 2.716404e-05
[       OK ] RandomCommTest.TestsInTests (19278 ms)
[----------] 1 test from RandomCommTest (19278 ms total)

[----------] Global test environment tear-down
[----------] Global test environment tear-down
[==========] 1 test from 1 test suite ran. (19276 ms total)
[  PASSED  ] 1 test.
[----------] Global test environment tear-down
[==========] 1 test from 1 test suite ran. (19283 ms total)
[  PASSED  ] 1 test.
[       OK ] RandomCommTest.TestsInTests (19286 ms)
[----------] 1 test from RandomCommTest (19286 ms total)

[----------] Global test environment tear-down
[       OK ] RandomCommTest.TestsInTests (19289 ms)
[----------] 1 test from RandomCommTest (19289 ms total)

[----------] Global test environment tear-down
[==========] 1 test from 1 test suite ran. (19289 ms total)
[  PASSED  ] 1 test.
[       OK ] RandomCommTest.TestsInTests (19288 ms)
[----------] 1 test from RandomCommTest (19288 ms total)

../../../test_data/lp_sctap2.pm Single Communicate Time (3rd): 2.884919e-05
../../../test_data/lp_sctap2.pm Single Communicate 2 Time: 2.697719e-05
../../../test_data/lp_sctap2.pm Single Communicate 2 Time (2nd): 2.718682e-05
../../../test_data/lp_sctap2.pm Single Communicate 2 Time (3rd): 2.834025e-05
../../../test_data/lp_sctap2.pm Order comm time (1 order_comm): 1.538707e-04
../../../test_data/lp_woodw.pm Single Communicate Time: 8.719029e-05
../../../test_data/lp_woodw.pm Single Communicate Time (2nd): 8.547278e-05
../../../test_data/lp_woodw.pm Single Communicate Time (3rd): 8.377714e-05
../../../test_data/lp_woodw.pm Single Communicate 2 Time: 8.336504e-05
../../../test_data/lp_woodw.pm Single Communicate 2 Time (2nd): 8.451267e-05
../../../test_data/lp_woodw.pm Single Communicate 2 Time (3rd): 8.654116e-05
../../../test_data/lp_woodw.pm Order comm time (1 order_comm): 8.576630e-05
[       OK ] RandomCommTest.TestsInTests (19265 ms)
[----------] 1 test from RandomCommTest (19266 ms total)

[----------] 1 test from RandomCommTest (19280 ms total)

[----------] Global test environment tear-down
[==========] 1 test from 1 test suite ran. (19280 ms total)
[  PASSED  ] 1 test.
[       OK ] RandomCommTest.TestsInTests (19287 ms)
[----------] 1 test from RandomCommTest (19287 ms total)

[----------] Global test environment tear-down
[==========] 1 test from 1 test suite ran. (19287 ms total)
[  PASSED  ] 1 test.
[       OK ] RandomCommTest.TestsInTests (19283 ms)
[----------] 1 test from RandomCommTest (19283 ms total)

[----------] Global test environment tear-down
[       OK ] RandomCommTest.TestsInTests (19279 ms)
[----------] 1 test from RandomCommTest (19280 ms total)

[==========] 1 test from 1 test suite ran. (19286 ms total)
[  PASSED  ] 1 test.
[----------] Global test environment tear-down
[==========] 1 test from 1 test suite ran. (19278 ms total)
[  PASSED  ] 1 test.
[       OK ] RandomCommTest.TestsInTests (19284 ms)
[----------] 1 test from RandomCommTest (19284 ms total)

[----------] Global test environment tear-down
[==========] 1 test from 1 test suite ran. (19285 ms total)
[  PASSED  ] 1 test.
[----------] 1 test from RandomCommTest (19278 ms total)

[----------] Global test environment tear-down
[==========] 1 test from 1 test suite ran. (19278 ms total)
[  PASSED  ] 1 test.
[----------] Global test environment tear-down
[==========] 1 test from 1 test suite ran. (19280 ms total)
[  PASSED  ] 1 test.
[----------] Global test environment tear-down
[==========] 1 test from 1 test suite ran. (19288 ms total)
[  PASSED  ] 1 test.
[==========] 1 test from 1 test suite ran. (19266 ms total)
[  PASSED  ] 1 test.
[       OK ] RandomCommTest.TestsInTests (19277 ms)
[----------] 1 test from RandomCommTest (19277 ms total)

[----------] Global test environment tear-down
[==========] 1 test from 1 test suite ran. (19277 ms total)
[  PASSED  ] 1 test.
[       OK ] RandomCommTest.TestsInTests (19284 ms)
[----------] 1 test from RandomCommTest (19284 ms total)

[----------] Global test environment tear-down
[==========] 1 test from 1 test suite ran. (19284 ms total)
[  PASSED  ] 1 test.
[==========] 1 test from 1 test suite ran. (19286 ms total)
[  PASSED  ] 1 test.
[       OK ] RandomCommTest.TestsInTests (19285 ms)
[----------] 1 test from RandomCommTest (19285 ms total)

[----------] Global test environment tear-down
[==========] 1 test from 1 test suite ran. (19285 ms total)
[  PASSED  ] 1 test.
[       OK ] RandomCommTest.TestsInTests (19282 ms)
[----------] 1 test from RandomCommTest (19282 ms total)

[----------] Global test environment tear-down
[==========] 1 test from 1 test suite ran. (19282 ms total)
[  PASSED  ] 1 test.
[==========] 1 test from 1 test suite ran. (19283 ms total)
[  PASSED  ] 1 test.
[       OK ] RandomCommTest.TestsInTests (19283 ms)
[----------] 1 test from RandomCommTest (19283 ms total)

[----------] Global test environment tear-down
[==========] 1 test from 1 test suite ran. (19283 ms total)
[  PASSED  ] 1 test.
[       OK ] RandomCommTest.TestsInTests (19280 ms)
[----------] 1 test from RandomCommTest (19280 ms total)

[----------] Global test environment tear-down
[==========] 1 test from 1 test suite ran. (19280 ms total)
[  PASSED  ] 1 test.
