Test 1 Running Alltoall Benchmark on 32 nodes and 3200 tasks
Size 1
PMPI: 9.826041e-04
Pairwise: 2.414388e-02
NonBlocking: 2.723757e-02
Pairwise Hierarchical: 3.926939e-02
Pairwise Multileader: 2.680866e-02
Pairwise Node Aware: 4.690836e-02
Pairwise Locality Aware: 1.497779e-01
Pairwise Multileader Locality: 1.541038e-01
Nonblocking Hierarchical: 1.745612e-01
Nonblocking Multileader: 2.241377e-01
Nonblocking Node Aware: 5.775762e-01
Nonblocking Locality Aware: 6.357970e-02
Nonblocking Multileader Locality: 4.596975e-02
Size 2
PMPI: 2.386859e-03
Pairwise: 2.473863e-02
NonBlocking: 3.942214e-02
Pairwise Hierarchical: 3.224837e-02
Pairwise Multileader: 2.740958e-02
Pairwise Node Aware: 2.437895e-02
Pairwise Locality Aware: 2.904568e-02
Pairwise Multileader Locality: 2.498507e-02
Nonblocking Hierarchical: 2.560349e-02
Nonblocking Multileader: 2.254406e-02
Nonblocking Node Aware: 2.498268e-02
Nonblocking Locality Aware: 2.580421e-02
Nonblocking Multileader Locality: 2.835858e-02
Size 4
PMPI: 3.797619e-03
Pairwise: 5.408757e-02
NonBlocking: 5.367407e-02
Pairwise Hierarchical: 6.041254e-02
Pairwise Multileader: 4.612055e-02
Pairwise Node Aware: 7.011288e-02
Pairwise Locality Aware: 4.581941e-02
Pairwise Multileader Locality: 5.362064e-02
Nonblocking Hierarchical: 5.065049e-02
Nonblocking Multileader: 6.148403e-02
Nonblocking Node Aware: 5.041593e-02
Nonblocking Locality Aware: 6.000550e-02
Nonblocking Multileader Locality: 5.523331e-02
Size 8
PMPI: 1.747865e-02
Pairwise: 6.115501e-02
NonBlocking: 6.632163e-02
Pairwise Hierarchical: 6.952543e-02
Pairwise Multileader: 4.811834e-02
Pairwise Node Aware: 6.977113e-02
Pairwise Locality Aware: 4.828028e-02
Pairwise Multileader Locality: 7.820881e-02
Nonblocking Hierarchical: 4.922544e-02
Nonblocking Multileader: 5.151344e-02
Nonblocking Node Aware: 7.245359e-02
Nonblocking Locality Aware: 5.452863e-02
Nonblocking Multileader Locality: 7.127639e-02
Size 16
PMPI: 7.304290e-03
Pairwise: 6.261758e-02
NonBlocking: 5.604258e-02
Pairwise Hierarchical: 5.590934e-02
Pairwise Multileader: 6.718659e-02
Pairwise Node Aware: 5.298605e-02
Pairwise Locality Aware: 5.014793e-02
Pairwise Multileader Locality: 5.085027e-02
Nonblocking Hierarchical: 4.837573e-02
Nonblocking Multileader: 6.463511e-02
Nonblocking Node Aware: 4.828327e-02
Nonblocking Locality Aware: 4.801850e-02
Nonblocking Multileader Locality: 5.979480e-02
Size 32
PMPI: 4.161875e-02
Pairwise: 5.614636e-02
NonBlocking: 3.937927e-02
Pairwise Hierarchical: 5.554407e-02
Pairwise Multileader: 5.190624e-02
Pairwise Node Aware: 5.292180e-02
Pairwise Locality Aware: 7.571773e-02
Pairwise Multileader Locality: 5.160992e-02
Nonblocking Hierarchical: 6.711760e-02
Nonblocking Multileader: 6.184501e-02
Nonblocking Node Aware: 4.205091e-02
Nonblocking Locality Aware: 5.877965e-02
Nonblocking Multileader Locality: 1.026081e-01
Size 64
PMPI: 2.287245e-02
Pairwise: 6.329885e-02
NonBlocking: 6.502753e-02
Pairwise Hierarchical: 7.669126e-02
Pairwise Multileader: 4.914171e-02
Pairwise Node Aware: 5.602374e-02
Pairwise Locality Aware: 5.311069e-02
Pairwise Multileader Locality: 4.959577e-02
Nonblocking Hierarchical: 4.885283e-02
Nonblocking Multileader: 5.918007e-02
Nonblocking Node Aware: 4.263151e-02
Nonblocking Locality Aware: 7.812885e-02
Nonblocking Multileader Locality: 5.007789e-02
Size 128
PMPI: 4.716874e-02
Pairwise: 5.890722e-02
NonBlocking: 5.876782e-02
Pairwise Hierarchical: 7.241912e-02
Pairwise Multileader: 6.540374e-02
Pairwise Node Aware: 6.428255e-02
Pairwise Locality Aware: 6.367488e-02
Pairwise Multileader Locality: 6.106242e-02
Nonblocking Hierarchical: 6.123403e-02
Nonblocking Multileader: 7.170348e-02
Nonblocking Node Aware: 8.747718e-02
Nonblocking Locality Aware: 6.818051e-02
Nonblocking Multileader Locality: 6.354163e-02
Size 256
PMPI: 1.057859e-01
Pairwise: 7.744675e-02
NonBlocking: 9.543256e-02
Pairwise Hierarchical: 8.367178e-02
Pairwise Multileader: 9.013147e-02
Pairwise Node Aware: 8.405228e-02
Pairwise Locality Aware: 8.454323e-02
Pairwise Multileader Locality: 8.235178e-02
Nonblocking Hierarchical: 9.603320e-02
Nonblocking Multileader: 7.742093e-02
Nonblocking Node Aware: 8.927167e-02
Nonblocking Locality Aware: 9.609489e-02
Nonblocking Multileader Locality: 1.046822e-01
Size 512
PMPI: 8.943102e-01
Pairwise: 1.448317e-01
NonBlocking: 1.396758e-01
Pairwise Hierarchical: 1.618009e-01
Pairwise Multileader: 1.395706e-01
Pairwise Node Aware: 1.271946e-01
Pairwise Locality Aware: 1.220732e-01
Pairwise Multileader Locality: 1.457316e-01
Nonblocking Hierarchical: 1.248812e-01
Nonblocking Multileader: 1.208996e-01
Nonblocking Node Aware: 1.474722e-01
Nonblocking Locality Aware: 1.230448e-01
Nonblocking Multileader Locality: 1.465560e-01
Size 1024
PMPI: 4.138842e-01
Pairwise: 2.294786e-01
NonBlocking: 2.206905e-01
Pairwise Hierarchical: 2.256253e-01
Pairwise Multileader: 2.225753e-01
Pairwise Node Aware: 2.221351e-01
Pairwise Locality Aware: 2.843145e-01
Pairwise Multileader Locality: 3.084168e-01
Nonblocking Hierarchical: 3.005020e-01
Nonblocking Multileader: 2.478220e-01
Nonblocking Node Aware: 2.493874e-01
Nonblocking Locality Aware: 2.307520e-01
Nonblocking Multileader Locality: 3.174632e-01
Size 2048
PMPI: 4.621330e-01
Pairwise: 4.538689e-01
NonBlocking: 5.578330e-01
Test 2 Running Alltoall Benchmark on 32 nodes and 3200 tasks
Size 1
PMPI: 1.129996e-03
Pairwise: 1.753265e-02
NonBlocking: 2.673638e-02
Pairwise Hierarchical: 2.490820e-02
Pairwise Multileader: 1.948255e-02
Pairwise Node Aware: 2.942306e-02
Pairwise Locality Aware: 2.307223e-02
Pairwise Multileader Locality: 2.952683e-02
Nonblocking Hierarchical: 3.109303e-02
Nonblocking Multileader: 2.593822e-02
Nonblocking Node Aware: 2.329538e-02
Nonblocking Locality Aware: 3.573372e-02
Nonblocking Multileader Locality: 2.736175e-02
Size 2
PMPI: 1.753983e-03
Pairwise: 3.289704e-02
NonBlocking: 3.874315e-02
Pairwise Hierarchical: 4.907035e-02
Pairwise Multileader: 2.347907e-02
Pairwise Node Aware: 2.400862e-02
Pairwise Locality Aware: 3.143521e-02
Pairwise Multileader Locality: 4.103145e-02
Nonblocking Hierarchical: 4.963737e-02
Nonblocking Multileader: 3.919151e-02
Nonblocking Node Aware: 2.484421e-02
Nonblocking Locality Aware: 4.305850e-02
Nonblocking Multileader Locality: 2.802266e-02
Size 4
PMPI: 3.389509e-03
Pairwise: 5.878613e-02
NonBlocking: 9.029649e-02
Pairwise Hierarchical: 5.356805e-02
Pairwise Multileader: 4.649414e-02
Pairwise Node Aware: 4.660718e-02
Pairwise Locality Aware: 5.640725e-02
Pairwise Multileader Locality: 6.670050e-02
Nonblocking Hierarchical: 5.746467e-02
Nonblocking Multileader: 4.944313e-02
Nonblocking Node Aware: 4.720643e-02
Nonblocking Locality Aware: 4.509149e-02
Nonblocking Multileader Locality: 5.058613e-02
Size 8
PMPI: 4.223746e-03
Pairwise: 6.299449e-02
NonBlocking: 4.170695e-02
Pairwise Hierarchical: 5.214472e-02
Pairwise Multileader: 4.934200e-02
Pairwise Node Aware: 4.869562e-02
Pairwise Locality Aware: 6.271043e-02
Pairwise Multileader Locality: 4.903911e-02
Nonblocking Hierarchical: 3.976587e-02
Nonblocking Multileader: 5.558308e-02
Nonblocking Node Aware: 4.917173e-02
Nonblocking Locality Aware: 4.688437e-02
Nonblocking Multileader Locality: 5.014251e-02
Size 16
PMPI: 1.436249e-02
Pairwise: 5.813710e-02
NonBlocking: 3.299346e-02
Pairwise Hierarchical: 5.283140e-02
Pairwise Multileader: 6.611614e-02
Pairwise Node Aware: 6.981683e-02
Pairwise Locality Aware: 4.669792e-02
Pairwise Multileader Locality: 5.536172e-02
Nonblocking Hierarchical: 6.548953e-02
Nonblocking Multileader: 5.324015e-02
Nonblocking Node Aware: 5.254907e-02
Nonblocking Locality Aware: 4.881280e-02
Nonblocking Multileader Locality: 6.273303e-02
Size 32
PMPI: 1.285187e-02
Pairwise: 6.744429e-02
NonBlocking: 5.704727e-02
Pairwise Hierarchical: 8.475982e-02
Pairwise Multileader: 5.373635e-02
Pairwise Node Aware: 5.428770e-02
Pairwise Locality Aware: 6.649026e-02
Pairwise Multileader Locality: 5.756476e-02
Nonblocking Hierarchical: 5.704761e-02
Nonblocking Multileader: 4.646498e-02
Nonblocking Node Aware: 5.333859e-02
Nonblocking Locality Aware: 5.761107e-02
Nonblocking Multileader Locality: 4.500670e-02
Size 64
PMPI: 2.233129e-02
Pairwise: 6.586038e-02
NonBlocking: 5.343228e-02
Pairwise Hierarchical: 6.650329e-02
Pairwise Multileader: 4.763208e-02
Pairwise Node Aware: 5.733049e-02
Pairwise Locality Aware: 6.391403e-02
Pairwise Multileader Locality: 4.421960e-02
Nonblocking Hierarchical: 6.395931e-02
Nonblocking Multileader: 5.438600e-02
Nonblocking Node Aware: 4.550185e-02
Nonblocking Locality Aware: 6.036367e-02
Nonblocking Multileader Locality: 8.235745e-02
Size 128
PMPI: 4.862026e-02
Pairwise: 6.849886e-02
NonBlocking: 6.637700e-02
Pairwise Hierarchical: 6.470364e-02
Pairwise Multileader: 9.218680e-02
Pairwise Node Aware: 8.372026e-02
Pairwise Locality Aware: 9.291288e-02
Pairwise Multileader Locality: 7.516849e-02
Nonblocking Hierarchical: 8.696720e-02
Nonblocking Multileader: 8.000311e-02
Nonblocking Node Aware: 8.804192e-02
Nonblocking Locality Aware: 6.993111e-02
Nonblocking Multileader Locality: 6.716295e-02
Size 256
PMPI: 9.942737e-02
Pairwise: 8.473659e-02
NonBlocking: 8.173339e-02
Pairwise Hierarchical: 1.015124e-01
Pairwise Multileader: 8.002832e-02
Pairwise Node Aware: 7.870171e-02
Pairwise Locality Aware: 1.063262e-01
Pairwise Multileader Locality: 8.270629e-02
Nonblocking Hierarchical: 9.810297e-02
Nonblocking Multileader: 8.128847e-02
Nonblocking Node Aware: 9.173861e-02
Nonblocking Locality Aware: 9.828642e-02
Nonblocking Multileader Locality: 8.742304e-02
Size 512
PMPI: 5.812601e-01
Pairwise: 1.263482e-01
NonBlocking: 1.374612e-01
Pairwise Hierarchical: 1.453332e-01
Pairwise Multileader: 1.282404e-01
Pairwise Node Aware: 1.670395e-01
Pairwise Locality Aware: 1.223810e-01
Pairwise Multileader Locality: 1.282587e-01
Nonblocking Hierarchical: 1.329585e-01
Nonblocking Multileader: 1.293222e-01
Nonblocking Node Aware: 1.629168e-01
Nonblocking Locality Aware: 1.322454e-01
Nonblocking Multileader Locality: 1.442056e-01
Size 1024
PMPI: 2.658254e-01
Pairwise: 2.319546e-01
NonBlocking: 2.488415e-01
Pairwise Hierarchical: 2.498900e-01
Pairwise Multileader: 2.471419e-01
Pairwise Node Aware: 2.313096e-01
Pairwise Locality Aware: 2.196701e-01
Pairwise Multileader Locality: 2.200911e-01
Nonblocking Hierarchical: 2.642157e-01
Nonblocking Multileader: 2.671126e-01
Nonblocking Node Aware: 2.617167e-01
Nonblocking Locality Aware: 2.118310e-01
Nonblocking Multileader Locality: 2.164828e-01
Size 2048
PMPI: 4.484462e-01
Pairwise: 4.881543e-01
NonBlocking: 4.380982e-01
Test 3 Running Alltoall Benchmark on 32 nodes and 3200 tasks
Size 1
PMPI: 1.246205e-03
Pairwise: 2.771837e-02
NonBlocking: 2.939384e-02
Pairwise Hierarchical: 3.190094e-02
Pairwise Multileader: 2.920927e-02
Pairwise Node Aware: 2.155771e-02
Pairwise Locality Aware: 3.322819e-02
Pairwise Multileader Locality: 2.097959e-02
Nonblocking Hierarchical: 2.743776e-02
Nonblocking Multileader: 2.855985e-02
Nonblocking Node Aware: 2.083218e-02
Nonblocking Locality Aware: 2.787320e-02
Nonblocking Multileader Locality: 2.321148e-02
Size 2
PMPI: 1.642154e-03
Pairwise: 3.858737e-02
NonBlocking: 2.324719e-02
Pairwise Hierarchical: 3.091423e-02
Pairwise Multileader: 2.586341e-02
Pairwise Node Aware: 2.555411e-02
Pairwise Locality Aware: 2.497034e-02
Pairwise Multileader Locality: 2.386566e-02
Nonblocking Hierarchical: 2.777198e-02
Nonblocking Multileader: 3.135462e-02
Nonblocking Node Aware: 1.967427e-02
Nonblocking Locality Aware: 2.787608e-02
Nonblocking Multileader Locality: 2.397105e-02
Size 4
PMPI: 4.592345e-03
Pairwise: 4.579277e-02
NonBlocking: 5.780983e-02
Pairwise Hierarchical: 6.162173e-02
Pairwise Multileader: 5.481073e-02
Pairwise Node Aware: 4.687905e-02
Pairwise Locality Aware: 8.312224e-02
Pairwise Multileader Locality: 5.374200e-02
Nonblocking Hierarchical: 6.251643e-02
Nonblocking Multileader: 5.312571e-02
Nonblocking Node Aware: 4.669301e-02
Nonblocking Locality Aware: 4.414793e-02
Nonblocking Multileader Locality: 5.149313e-02
Size 8
PMPI: 8.035749e-03
Pairwise: 6.966177e-02
NonBlocking: 5.198357e-02
Pairwise Hierarchical: 5.603069e-02
Pairwise Multileader: 4.730235e-02
Pairwise Node Aware: 5.167964e-02
Pairwise Locality Aware: 6.695110e-02
Pairwise Multileader Locality: 5.401915e-02
Nonblocking Hierarchical: 5.046341e-02
Nonblocking Multileader: 4.225679e-02
Nonblocking Node Aware: 5.801305e-02
Nonblocking Locality Aware: 4.602839e-02
Nonblocking Multileader Locality: 4.780532e-02
Size 16
PMPI: 7.340360e-03
Pairwise: 4.703347e-02
NonBlocking: 5.347698e-02
Pairwise Hierarchical: 4.652665e-02
Pairwise Multileader: 4.321476e-02
Pairwise Node Aware: 6.210484e-02
Pairwise Locality Aware: 7.104199e-02
Pairwise Multileader Locality: 4.461489e-02
Nonblocking Hierarchical: 5.746926e-02
Nonblocking Multileader: 4.803938e-02
Nonblocking Node Aware: 4.323668e-02
Nonblocking Locality Aware: 6.385954e-02
Nonblocking Multileader Locality: 4.832358e-02
Size 32
PMPI: 1.360981e-02
Pairwise: 5.702171e-02
NonBlocking: 4.991930e-02
Pairwise Hierarchical: 7.033996e-02
Pairwise Multileader: 5.338687e-02
Pairwise Node Aware: 4.976314e-02
Pairwise Locality Aware: 7.658075e-02
Pairwise Multileader Locality: 7.914961e-02
Nonblocking Hierarchical: 5.062429e-02
Nonblocking Multileader: 5.545705e-02
Nonblocking Node Aware: 9.218425e-02
Nonblocking Locality Aware: 5.664334e-02
Nonblocking Multileader Locality: 5.494613e-02
Size 64
PMPI: 2.229373e-02
Pairwise: 5.484528e-02
NonBlocking: 6.280481e-02
Pairwise Hierarchical: 5.065947e-02
Pairwise Multileader: 5.280549e-02
Pairwise Node Aware: 5.852343e-02
Pairwise Locality Aware: 8.188483e-02
Pairwise Multileader Locality: 5.720282e-02
Nonblocking Hierarchical: 6.308517e-02
Nonblocking Multileader: 7.061371e-02
Nonblocking Node Aware: 6.603695e-02
Nonblocking Locality Aware: 6.195343e-02
Nonblocking Multileader Locality: 4.951889e-02
Size 128
PMPI: 5.219849e-02
Pairwise: 6.234890e-02
NonBlocking: 6.580357e-02
Pairwise Hierarchical: 5.785998e-02
Pairwise Multileader: 5.830584e-02
Pairwise Node Aware: 6.539454e-02
Pairwise Locality Aware: 6.035747e-02
Pairwise Multileader Locality: 6.233491e-02
Nonblocking Hierarchical: 6.333394e-02
Nonblocking Multileader: 5.966596e-02
Nonblocking Node Aware: 6.169930e-02
Nonblocking Locality Aware: 5.998808e-02
Nonblocking Multileader Locality: 6.518273e-02
Size 256
PMPI: 1.018768e-01
Pairwise: 8.439122e-02
NonBlocking: 8.410699e-02
Pairwise Hierarchical: 8.731635e-02
Pairwise Multileader: 8.027766e-02
Pairwise Node Aware: 1.117799e-01
Pairwise Locality Aware: 8.858046e-02
Pairwise Multileader Locality: 7.675181e-02
Nonblocking Hierarchical: 9.659376e-02
Nonblocking Multileader: 1.129712e-01
Nonblocking Node Aware: 7.407913e-02
Nonblocking Locality Aware: 8.638916e-02
Nonblocking Multileader Locality: 7.755937e-02
Size 512
PMPI: 5.876054e-01
Pairwise: 1.305945e-01
NonBlocking: 1.426622e-01
Pairwise Hierarchical: 1.399910e-01
Pairwise Multileader: 1.279068e-01
Pairwise Node Aware: 1.166689e-01
Pairwise Locality Aware: 1.250507e-01
Pairwise Multileader Locality: 1.234933e-01
Nonblocking Hierarchical: 1.194385e-01
Nonblocking Multileader: 1.156871e-01
Nonblocking Node Aware: 1.289303e-01
Nonblocking Locality Aware: 1.228299e-01
Nonblocking Multileader Locality: 1.218491e-01
Size 1024
PMPI: 2.476676e-01
Pairwise: 2.176899e-01
NonBlocking: 2.082872e-01
Pairwise Hierarchical: 2.286725e-01
Pairwise Multileader: 2.452643e-01
Pairwise Node Aware: 2.400099e-01
Pairwise Locality Aware: 4.621774e-01
Pairwise Multileader Locality: 7.375596e-01
Nonblocking Hierarchical: 3.958770e-01
Nonblocking Multileader: 2.281266e-01
Nonblocking Node Aware: 2.186069e-01
Nonblocking Locality Aware: 2.188423e-01
Nonblocking Multileader Locality: 2.227004e-01
Size 2048
PMPI: 4.289845e-01
Pairwise: 4.221499e-01
NonBlocking: 4.440187e-01
