[==========] Running 1 test from 1 test suite.
[----------] Global test environment set-up.
[----------] 1 test from RandomCommTest
[ RUN      ] RandomCommTest.TestsInTests
[==========] Running 1 test from 1 test suite.
[----------] Global test environment set-up.
[----------] 1 test from RandomCommTest
[ RUN      ] RandomCommTest.TestsInTests
[==========] Running 1 test from 1 test suite.
[----------] Global test environment set-up.
[----------] 1 test from RandomCommTest
[ RUN      ] RandomCommTest.TestsInTests
[==========] Running 1 test from 1 test suite.
[----------] Global test environment set-up.
[----------] 1 test from RandomCommTest
[ RUN      ] RandomCommTest.TestsInTests
[==========] Running 1 test from 1 test suite.
[----------] Global test environment set-up.
[----------] 1 test from RandomCommTest
[ RUN      ] RandomCommTest.TestsInTests
[==========] Running 1 test from 1 test suite.
[----------] Global test environment set-up.
[----------] 1 test from RandomCommTest
[ RUN      ] RandomCommTest.TestsInTests
[==========] Running 1 test from 1 test suite.
[----------] Global test environment set-up.
[----------] 1 test from RandomCommTest
[ RUN      ] RandomCommTest.TestsInTests
[==========] Running 1 test from 1 test suite.
[----------] Global test environment set-up.
[----------] 1 test from RandomCommTest
[ RUN      ] RandomCommTest.TestsInTests
[==========] Running 1 test from 1 test suite.
[----------] Global test environment set-up.
[----------] 1 test from RandomCommTest
[ RUN      ] RandomCommTest.TestsInTests
[==========] Running 1 test from 1 test suite.
[----------] Global test environment set-up.
[----------] 1 test from RandomCommTest
[ RUN      ] RandomCommTest.TestsInTests
[==========] Running 1 test from 1 test suite.
[----------] Global test environment set-up.
[----------] 1 test from RandomCommTest
[ RUN      ] RandomCommTest.TestsInTests
[==========] Running 1 test from 1 test suite.
[----------] Global test environment set-up.
[----------] 1 test from RandomCommTest
[ RUN      ] RandomCommTest.TestsInTests
[==========] Running 1 test from 1 test suite.
[----------] Global test environment set-up.
[----------] 1 test from RandomCommTest
[ RUN      ] RandomCommTest.TestsInTests
[==========] Running 1 test from 1 test suite.
[----------] Global test environment set-up.
[----------] 1 test from RandomCommTest
[ RUN      ] RandomCommTest.TestsInTests
[==========] Running 1 test from 1 test suite.
[----------] Global test environment set-up.
[----------] 1 test from RandomCommTest
[ RUN      ] RandomCommTest.TestsInTests
[==========] Running 1 test from 1 test suite.
[----------] Global test environment set-up.
[----------] 1 test from RandomCommTest
[ RUN      ] RandomCommTest.TestsInTests
[==========] Running 1 test from 1 test suite.
[==========] Running 1 test from 1 test suite.
[----------] Global test environment set-up.
[----------] 1 test from RandomCommTest
[ RUN      ] RandomCommTest.TestsInTests
[----------] Global test environment set-up.
[----------] 1 test from RandomCommTest
[ RUN      ] RandomCommTest.TestsInTests
[==========] Running 1 test from 1 test suite.
[----------] Global test environment set-up.
[==========] Running 1 test from 1 test suite.
[----------] 1 test from RandomCommTest
[ RUN      ] RandomCommTest.TestsInTests
[----------] Global test environment set-up.
[==========] Running 1 test from 1 test suite.
[----------] Global test environment set-up.
[----------] 1 test from RandomCommTest
[ RUN      ] RandomCommTest.TestsInTests
[----------] 1 test from RandomCommTest
[ RUN      ] RandomCommTest.TestsInTests
[==========] Running 1 test from 1 test suite.
[----------] Global test environment set-up.
[----------] 1 test from RandomCommTest
[ RUN      ] RandomCommTest.TestsInTests
[==========] Running 1 test from 1 test suite.
[----------] Global test environment set-up.
[----------] 1 test from RandomCommTest
[ RUN      ] RandomCommTest.TestsInTests
[==========] Running 1 test from 1 test suite.
[----------] Global test environment set-up.
[----------] 1 test from RandomCommTest
[ RUN      ] RandomCommTest.TestsInTests
[==========] Running 1 test from 1 test suite.
[==========] Running 1 test from 1 test suite.
[----------] Global test environment set-up.
[----------] Global test environment set-up.
[----------] 1 test from RandomCommTest
[ RUN      ] RandomCommTest.TestsInTests
[----------] 1 test from RandomCommTest
[ RUN      ] RandomCommTest.TestsInTests
[==========] Running 1 test from 1 test suite.
[----------] Global test environment set-up.
[----------] 1 test from RandomCommTest
[ RUN      ] RandomCommTest.TestsInTests
[==========] Running 1 test from 1 test suite.
[----------] Global test environment set-up.
[==========] Running 1 test from 1 test suite.
[----------] 1 test from RandomCommTest
[----------] Global test environment set-up.
[----------] 1 test from RandomCommTest
[ RUN      ] RandomCommTest.TestsInTests
[ RUN      ] RandomCommTest.TestsInTests
[==========] Running 1 test from 1 test suite.
[----------] Global test environment set-up.
[----------] 1 test from RandomCommTest
[ RUN      ] RandomCommTest.TestsInTests
[==========] Running 1 test from 1 test suite.
[----------] Global test environment set-up.
[----------] 1 test from RandomCommTest
[ RUN      ] RandomCommTest.TestsInTests
[==========] Running 1 test from 1 test suite.
[----------] Global test environment set-up.
[----------] 1 test from RandomCommTest
[ RUN      ] RandomCommTest.TestsInTests
[==========] Running 1 test from 1 test suite.
[----------] Global test environment set-up.
[----------] 1 test from RandomCommTest
[ RUN      ] RandomCommTest.TestsInTests
[==========] Running 1 test from 1 test suite.
[----------] Global test environment set-up.
[----------] 1 test from RandomCommTest
[ RUN      ] RandomCommTest.TestsInTests
[==========] Running 1 test from 1 test suite.
[----------] Global test environment set-up.
[----------] 1 test from RandomCommTest
[ RUN      ] RandomCommTest.TestsInTests
[==========] Running 1 test from 1 test suite.
[----------] Global test environment set-up.
[----------] 1 test from RandomCommTest
[ RUN      ] RandomCommTest.TestsInTests
[==========] Running 1 test from 1 test suite.
[----------] Global test environment set-up.
[----------] 1 test from RandomCommTest
[ RUN      ] RandomCommTest.TestsInTests
[==========] Running 1 test from 1 test suite.
[----------] Global test environment set-up.
[----------] 1 test from RandomCommTest
[ RUN      ] RandomCommTest.TestsInTests
[==========] Running 1 test from 1 test suite.
[----------] Global test environment set-up.
[----------] 1 test from RandomCommTest
[ RUN      ] RandomCommTest.TestsInTests
[==========] Running 1 test from 1 test suite.
[==========] Running 1 test from 1 test suite.
[----------] Global test environment set-up.
[----------] 1 test from RandomCommTest
[----------] Global test environment set-up.
[----------] 1 test from RandomCommTest
[ RUN      ] RandomCommTest.TestsInTests
[ RUN      ] RandomCommTest.TestsInTests
[==========] Running 1 test from 1 test suite.
[----------] Global test environment set-up.
[----------] 1 test from RandomCommTest
[ RUN      ] RandomCommTest.TestsInTests
[==========] Running 1 test from 1 test suite.
[----------] Global test environment set-up.
[----------] 1 test from RandomCommTest
[ RUN      ] RandomCommTest.TestsInTests
[==========] Running 1 test from 1 test suite.
[----------] Global test environment set-up.
[----------] 1 test from RandomCommTest
[ RUN      ] RandomCommTest.TestsInTests
[==========] Running 1 test from 1 test suite.
[----------] Global test environment set-up.
[----------] 1 test from RandomCommTest
[ RUN      ] RandomCommTest.TestsInTests
[==========] Running 1 test from 1 test suite.
[----------] Global test environment set-up.
[----------] 1 test from RandomCommTest
[ RUN      ] RandomCommTest.TestsInTests
[==========] Running 1 test from 1 test suite.
[----------] Global test environment set-up.
[----------] 1 test from RandomCommTest
[ RUN      ] RandomCommTest.TestsInTests
[==========] Running 1 test from 1 test suite.
[----------] Global test environment set-up.
[----------] 1 test from RandomCommTest
[ RUN      ] RandomCommTest.TestsInTests
[==========] Running 1 test from 1 test suite.
[----------] Global test environment set-up.
[----------] 1 test from RandomCommTest
[ RUN      ] RandomCommTest.TestsInTests
[==========] Running 1 test from 1 test suite.
[----------] Global test environment set-up.
[----------] 1 test from RandomCommTest
[ RUN      ] RandomCommTest.TestsInTests
[==========] Running 1 test from 1 test suite.
[----------] Global test environment set-up.
[----------] 1 test from RandomCommTest
[ RUN      ] RandomCommTest.TestsInTests
[==========] Running 1 test from 1 test suite.
[----------] Global test environment set-up.
[----------] 1 test from RandomCommTest
[ RUN      ] RandomCommTest.TestsInTests
[==========] Running 1 test from 1 test suite.
[----------] Global test environment set-up.
[----------] 1 test from RandomCommTest
[ RUN      ] RandomCommTest.TestsInTests
[==========] Running 1 test from 1 test suite.
[----------] Global test environment set-up.
[----------] 1 test from RandomCommTest
[ RUN      ] RandomCommTest.TestsInTests
[==========] Running 1 test from 1 test suite.
[----------] Global test environment set-up.
[----------] 1 test from RandomCommTest
[ RUN      ] RandomCommTest.TestsInTests
[==========] Running 1 test from 1 test suite.
[----------] Global test environment set-up.
[----------] 1 test from RandomCommTest
[ RUN      ] RandomCommTest.TestsInTests
[==========] Running 1 test from 1 test suite.
[----------] Global test environment set-up.
[----------] 1 test from RandomCommTest
[ RUN      ] RandomCommTest.TestsInTests
[==========] Running 1 test from 1 test suite.
[----------] Global test environment set-up.
[----------] 1 test from RandomCommTest
[ RUN      ] RandomCommTest.TestsInTests
[==========] Running 1 test from 1 test suite.
[----------] Global test environment set-up.
[----------] 1 test from RandomCommTest
[ RUN      ] RandomCommTest.TestsInTests
[==========] Running 1 test from 1 test suite.
[----------] Global test environment set-up.
[----------] 1 test from RandomCommTest
[ RUN      ] RandomCommTest.TestsInTests
[==========] Running 1 test from 1 test suite.
[----------] Global test environment set-up.
[----------] 1 test from RandomCommTest
[ RUN      ] RandomCommTest.TestsInTests
[==========] Running 1 test from 1 test suite.
[----------] Global test environment set-up.
[----------] 1 test from RandomCommTest
[ RUN      ] RandomCommTest.TestsInTests
[==========] Running 1 test from 1 test suite.
[----------] Global test environment set-up.
[----------] 1 test from RandomCommTest
[ RUN      ] RandomCommTest.TestsInTests
[==========] Running 1 test from 1 test suite.
[----------] Global test environment set-up.
[----------] 1 test from RandomCommTest
[ RUN      ] RandomCommTest.TestsInTests
../../../test_data/dwt_162.pm Communication 1-1 Time: 1.667299e-02
../../../test_data/dwt_162.pm Communication 1-2 Time: 7.052599e-03
../../../test_data/dwt_162.pm Communication 1-3 Time: 2.350017e-02
../../../test_data/dwt_162.pm Communication 1-4 Time: 6.835328e-03
../../../test_data/dwt_162.pm Communication 2-1 Time: 6.813475e-03
../../../test_data/dwt_162.pm Communication 2-2 Time: 6.774211e-03
../../../test_data/dwt_162.pm Communication 2-3 Time: 6.807907e-03
../../../test_data/dwt_162.pm Communication 2-4 Time: 6.795431e-03
../../../test_data/dwt_162.pm Order comm time (1 order_comm): 8.036156e-06
../../../test_data/odepa400.pm Communication 1-1 Time: 2.379659e-03
../../../test_data/odepa400.pm Communication 1-2 Time: 2.225282e-03
../../../test_data/odepa400.pm Communication 1-3 Time: 2.213671e-03
../../../test_data/odepa400.pm Communication 1-4 Time: 2.218656e-03
../../../test_data/odepa400.pm Communication 2-1 Time: 2.228026e-03
../../../test_data/odepa400.pm Communication 2-2 Time: 2.212193e-03
../../../test_data/odepa400.pm Communication 2-3 Time: 2.210217e-03
../../../test_data/odepa400.pm Communication 2-4 Time: 2.237219e-03
../../../test_data/odepa400.pm Order comm time (1 order_comm): 2.336222e-06
../../../test_data/ww_36_pmec_36.pm Communication 1-1 Time: 1.744634e-01
../../../test_data/ww_36_pmec_36.pm Communication 1-2 Time: 1.343166e-01
../../../test_data/ww_36_pmec_36.pm Communication 1-3 Time: 1.308033e-01
../../../test_data/ww_36_pmec_36.pm Communication 1-4 Time: 1.307256e-01
../../../test_data/ww_36_pmec_36.pm Communication 2-1 Time: 1.300495e-01
../../../test_data/ww_36_pmec_36.pm Communication 2-2 Time: 1.317041e-01
../../../test_data/ww_36_pmec_36.pm Communication 2-3 Time: 1.308433e-01
../../../test_data/ww_36_pmec_36.pm Communication 2-4 Time: 1.311615e-01
../../../test_data/ww_36_pmec_36.pm Order comm time (1 order_comm): 1.970299e-04
../../../test_data/bcsstk01.pm Communication 1-1 Time: 2.008878e-02
../../../test_data/bcsstk01.pm Communication 1-2 Time: 1.846012e-02
../../../test_data/bcsstk01.pm Communication 1-3 Time: 1.832235e-02
../../../test_data/bcsstk01.pm Communication 1-4 Time: 1.819244e-02
../../../test_data/bcsstk01.pm Communication 2-1 Time: 1.824903e-02
../../../test_data/bcsstk01.pm Communication 2-2 Time: 1.821359e-02
../../../test_data/bcsstk01.pm Communication 2-3 Time: 1.812516e-02
../../../test_data/bcsstk01.pm Communication 2-4 Time: 1.825477e-02
../../../test_data/bcsstk01.pm Order comm time (1 order_comm): 1.838180e-05
../../../test_data/west0132.pm Communication 1-1 Time: 2.702394e-02
../../../test_data/west0132.pm Communication 1-2 Time: 2.327603e-02
../../../test_data/west0132.pm Communication 1-3 Time: 2.291679e-02
../../../test_data/west0132.pm Communication 1-4 Time: 2.294718e-02
../../../test_data/west0132.pm Communication 2-1 Time: 2.292818e-02
../../../test_data/west0132.pm Communication 2-2 Time: 2.297810e-02
../../../test_data/west0132.pm Communication 2-3 Time: 2.290102e-02
../../../test_data/west0132.pm Communication 2-4 Time: 2.343962e-02
../../../test_data/west0132.pm Order comm time (1 order_comm): 2.453157e-05
../../../test_data/gams10a.pm Communication 1-1 Time: 2.788141e-02
../../../test_data/gams10a.pm Communication 1-2 Time: 2.264131e-02
../../../test_data/gams10a.pm Communication 1-3 Time: 2.050639e-02
../../../test_data/gams10a.pm Communication 1-4 Time: 2.050780e-02
../../../test_data/gams10a.pm Communication 2-1 Time: 1.974053e-02
../../../test_data/gams10a.pm Communication 2-2 Time: 1.957343e-02
../../../test_data/gams10a.pm Communication 2-3 Time: 1.971284e-02
../../../test_data/gams10a.pm Communication 2-4 Time: 1.953734e-02
../../../test_data/gams10a.pm Order comm time (1 order_comm): 2.039277e-05
../../../test_data/gams10am.pm Communication 1-1 Time: 2.780615e-02
../../../test_data/gams10am.pm Communication 1-2 Time: 1.962206e-02
../../../test_data/gams10am.pm Communication 1-3 Time: 1.960969e-02
../../../test_data/gams10am.pm Communication 1-4 Time: 1.955508e-02
../../../test_data/gams10am.pm Communication 2-1 Time: 1.943512e-02
../../../test_data/gams10am.pm Communication 2-2 Time: 1.939268e-02
../../../test_data/gams10am.pm Communication 2-3 Time: 2.047179e-02
../../../test_data/gams10am.pm Communication 2-4 Time: 1.967330e-02
../../../test_data/gams10am.pm Order comm time (1 order_comm): 2.015194e-05
../../../test_data/D_10.pm Communication 1-1 Time: 9.113073e-01
../../../test_data/D_10.pm Communication 1-2 Time: 5.331198e-01
../../../test_data/D_10.pm Communication 1-3 Time: 6.287865e-01
../../../test_data/D_10.pm Communication 1-4 Time: 5.337290e-01
../../../test_data/D_10.pm Communication 2-1 Time: 5.272223e-01
../../../test_data/D_10.pm Communication 2-2 Time: 6.173230e-01
../../../test_data/D_10.pm Communication 2-3 Time: 7.594182e-01
../../../test_data/D_10.pm Communication 2-4 Time: 4.000722e-01
../../../test_data/D_10.pm Order comm time (1 order_comm): 9.001955e-04
../../../test_data/oscil_dcop_11.pm Communication 1-1 Time: 4.371150e-02
../../../test_data/oscil_dcop_11.pm Communication 1-2 Time: 4.278854e-02
../../../test_data/oscil_dcop_11.pm Communication 1-3 Time: 4.500108e-02
../../../test_data/oscil_dcop_11.pm Communication 1-4 Time: 4.135420e-02
../../../test_data/oscil_dcop_11.pm Communication 2-1 Time: 4.127226e-02
../../../test_data/oscil_dcop_11.pm Communication 2-2 Time: 4.411043e-02
../../../test_data/oscil_dcop_11.pm Communication 2-3 Time: 4.271681e-02
../../../test_data/oscil_dcop_11.pm Communication 2-4 Time: 4.398339e-02
../../../test_data/oscil_dcop_11.pm Order comm time (1 order_comm): 4.132223e-05
../../../test_data/tumorAntiAngiogenesis_4.pm Communication 1-1 Time: 2.806535e-01
../../../test_data/tumorAntiAngiogenesis_4.pm Communication 1-2 Time: 1.997664e-01
../../../test_data/tumorAntiAngiogenesis_4.pm Communication 1-3 Time: 1.516745e+00
../../../test_data/tumorAntiAngiogenesis_4.pm Communication 1-4 Time: 7.898765e-02
../../../test_data/tumorAntiAngiogenesis_4.pm Communication 2-1 Time: 8.052872e-02
../../../test_data/tumorAntiAngiogenesis_4.pm Communication 2-2 Time: 8.057219e-02
../../../test_data/tumorAntiAngiogenesis_4.pm Communication 2-3 Time: 7.987696e-02
../../../test_data/tumorAntiAngiogenesis_4.pm Communication 2-4 Time: 7.943731e-02
../../../test_data/tumorAntiAngiogenesis_4.pm Order comm time (1 order_comm): 7.892534e-05
../../../test_data/ch5-5-b1.pm Communication 1-1 Time: 4.243846e-02
../../../test_data/ch5-5-b1.pm Communication 1-2 Time: 4.143050e-02
../../../test_data/ch5-5-b1.pm Communication 1-3 Time: 4.120380e-02
../../../test_data/ch5-5-b1.pm Communication 1-4 Time: 4.169571e-02
../../../test_data/ch5-5-b1.pm Communication 2-1 Time: 4.125304e-02
../../../test_data/ch5-5-b1.pm Communication 2-2 Time: 4.144324e-02
../../../test_data/ch5-5-b1.pm Communication 2-3 Time: 4.250696e-02
../../../test_data/ch5-5-b1.pm Communication 2-4 Time: 4.293271e-02
../../../test_data/ch5-5-b1.pm Order comm time (1 order_comm): 3.803169e-05
../../../test_data/msc01050.pm Communication 1-1 Time: 9.124199e-02
../../../test_data/msc01050.pm Communication 1-2 Time: 9.668964e-02
../../../test_data/msc01050.pm Communication 1-3 Time: 8.957662e-02
../../../test_data/msc01050.pm Communication 1-4 Time: 9.233898e-02
../../../test_data/msc01050.pm Communication 2-1 Time: 9.274564e-02
../../../test_data/msc01050.pm Communication 2-2 Time: 9.272127e-02
../../../test_data/msc01050.pm Communication 2-3 Time: 9.381695e-02
../../../test_data/msc01050.pm Communication 2-4 Time: 9.106052e-02
../../../test_data/msc01050.pm Order comm time (1 order_comm): 3.356587e-04
../../../test_data/SmaGri.pm Communication 1-1 Time: 5.397518e-01
../../../test_data/SmaGri.pm Communication 1-2 Time: 3.246623e-01
../../../test_data/SmaGri.pm Communication 1-3 Time: 2.870047e-01
../../../test_data/SmaGri.pm Communication 1-4 Time: 4.269505e-01
../../../test_data/SmaGri.pm Communication 2-1 Time: 5.155254e-01
../../../test_data/SmaGri.pm Communication 2-2 Time: 4.040600e-01
../../../test_data/SmaGri.pm Communication 2-3 Time: 2.915380e-01
../../../test_data/SmaGri.pm Communication 2-4 Time: 4.079286e-01
[       OK ] RandomCommTest.TestsInTests (24075 ms)
[----------] 1 test from RandomCommTest (24075 ms total)

[----------] Global test environment tear-down
[       OK ] RandomCommTest.TestsInTests (24074 ms)
[----------] 1 test from RandomCommTest (24074 ms total)

[----------] Global test environment tear-down
[==========] 1 test from 1 test suite ran. (24074 ms total)
[  PASSED  ] 1 test.
[       OK ] RandomCommTest.TestsInTests (24072 ms)
[==========] 1 test from 1 test suite ran. (24075 ms total)
[  PASSED  ] 1 test.
[----------] 1 test from RandomCommTest (24072 ms total)

[----------] Global test environment tear-down
[==========] 1 test from 1 test suite ran. (24072 ms total)
[  PASSED  ] 1 test.
[       OK ] RandomCommTest.TestsInTests (24072 ms)
[----------] 1 test from RandomCommTest (24072 ms total)

[----------] Global test environment tear-down
[       OK ] RandomCommTest.TestsInTests (24074 ms)
[==========] 1 test from 1 test suite ran. (24072 ms total)
[  PASSED  ] 1 test.
[       OK ] RandomCommTest.TestsInTests (24070 ms)
[----------] 1 test from RandomCommTest (24070 ms total)

[----------] Global test environment tear-down
[==========] 1 test from 1 test suite ran. (24070 ms total)
[  PASSED  ] 1 test.
[       OK ] RandomCommTest.TestsInTests (24065 ms)
[----------] 1 test from RandomCommTest (24065 ms total)

[----------] Global test environment tear-down
[       OK ] RandomCommTest.TestsInTests (24073 ms)
[----------] 1 test from RandomCommTest (24074 ms total)

[----------] Global test environment tear-down
[==========] 1 test from 1 test suite ran. (24074 ms total)
[  PASSED  ] 1 test.
[==========] 1 test from 1 test suite ran. (24065 ms total)
[  PASSED  ] 1 test.
[       OK ] RandomCommTest.TestsInTests (24077 ms)
[----------] 1 test from RandomCommTest (24077 ms total)

[----------] Global test environment tear-down
[==========] 1 test from 1 test suite ran. (24077 ms total)
[  PASSED  ] 1 test.
[       OK ] RandomCommTest.TestsInTests (24075 ms)
[----------] 1 test from RandomCommTest (24075 ms total)

[----------] Global test environment tear-down
[==========] 1 test from 1 test suite ran. (24075 ms total)
[  PASSED  ] 1 test.
[----------] 1 test from RandomCommTest (24073 ms total)

[----------] Global test environment tear-down
[==========] 1 test from 1 test suite ran. (24073 ms total)
[  PASSED  ] 1 test.
[       OK ] RandomCommTest.TestsInTests (24068 ms)
[       OK ] RandomCommTest.TestsInTests (24074 ms)
[----------] 1 test from RandomCommTest (24074 ms total)

[----------] Global test environment tear-down
[       OK ] RandomCommTest.TestsInTests (24079 ms)
[       OK ] RandomCommTest.TestsInTests (24070 ms)
[----------] 1 test from RandomCommTest (24070 ms total)

[----------] Global test environment tear-down
[       OK ] RandomCommTest.TestsInTests (24073 ms)
[       OK ] RandomCommTest.TestsInTests (24075 ms)
[       OK ] RandomCommTest.TestsInTests (24072 ms)
[       OK ] RandomCommTest.TestsInTests (24077 ms)
[----------] 1 test from RandomCommTest (24077 ms total)

[       OK ] RandomCommTest.TestsInTests (24072 ms)
[       OK ] RandomCommTest.TestsInTests (24076 ms)
[----------] 1 test from RandomCommTest (24076 ms total)

[----------] Global test environment tear-down
[==========] 1 test from 1 test suite ran. (24076 ms total)
[  PASSED  ] 1 test.
[----------] 1 test from RandomCommTest (24068 ms total)

[----------] Global test environment tear-down
[==========] 1 test from 1 test suite ran. (24069 ms total)
[  PASSED  ] 1 test.
[==========] 1 test from 1 test suite ran. (24074 ms total)
[  PASSED  ] 1 test.
[       OK ] RandomCommTest.TestsInTests (24066 ms)
[----------] 1 test from RandomCommTest (24066 ms total)

[----------] Global test environment tear-down
[----------] 1 test from RandomCommTest (24072 ms total)

[----------] 1 test from RandomCommTest (24079 ms total)

[----------] 1 test from RandomCommTest (24072 ms total)

[----------] Global test environment tear-down
[==========] 1 test from 1 test suite ran. (24072 ms total)
[  PASSED  ] 1 test.
[----------] Global test environment tear-down
[----------] Global test environment tear-down
[       OK ] RandomCommTest.TestsInTests (24068 ms)
[----------] 1 test from RandomCommTest (24068 ms total)

[----------] Global test environment tear-down
[==========] 1 test from 1 test suite ran. (24072 ms total)
[  PASSED  ] 1 test.
[       OK ] RandomCommTest.TestsInTests (24071 ms)
[==========] 1 test from 1 test suite ran. (24079 ms total)
[  PASSED  ] 1 test.
[       OK ] RandomCommTest.TestsInTests (24069 ms)
[----------] 1 test from RandomCommTest (24069 ms total)

[----------] Global test environment tear-down
[==========] 1 test from 1 test suite ran. (24070 ms total)
[  PASSED  ] 1 test.
[       OK ] RandomCommTest.TestsInTests (24072 ms)
[----------] 1 test from RandomCommTest (24072 ms total)

[----------] Global test environment tear-down
[==========] 1 test from 1 test suite ran. (24072 ms total)
[  PASSED  ] 1 test.
[==========] 1 test from 1 test suite ran. (24067 ms total)
[  PASSED  ] 1 test.
[       OK ] RandomCommTest.TestsInTests (24064 ms)
[----------] 1 test from RandomCommTest (24064 ms total)

[----------] Global test environment tear-down
[==========] 1 test from 1 test suite ran. (24064 ms total)
[  PASSED  ] 1 test.
[       OK ] RandomCommTest.TestsInTests (24069 ms)
[----------] 1 test from RandomCommTest (24069 ms total)

[----------] Global test environment tear-down
[==========] 1 test from 1 test suite ran. (24070 ms total)
[  PASSED  ] 1 test.
[       OK ] RandomCommTest.TestsInTests (24069 ms)
[----------] 1 test from RandomCommTest (24069 ms total)

[----------] Global test environment tear-down
[==========] 1 test from 1 test suite ran. (24069 ms total)
[  PASSED  ] 1 test.
[==========] 1 test from 1 test suite ran. (24069 ms total)
[  PASSED  ] 1 test.
[==========] 1 test from 1 test suite ran. (24070 ms total)
[  PASSED  ] 1 test.
[       OK ] RandomCommTest.TestsInTests (24074 ms)
[----------] 1 test from RandomCommTest (24074 ms total)

[----------] Global test environment tear-down
[==========] 1 test from 1 test suite ran. (24074 ms total)
[  PASSED  ] 1 test.
[       OK ] RandomCommTest.TestsInTests (24073 ms)
[       OK ] RandomCommTest.TestsInTests (24067 ms)
[----------] 1 test from RandomCommTest (24067 ms total)

[----------] Global test environment tear-down
[----------] 1 test from RandomCommTest (24071 ms total)

[----------] 1 test from RandomCommTest (24075 ms total)

[       OK ] RandomCommTest.TestsInTests (24065 ms)
[----------] 1 test from RandomCommTest (24065 ms total)

[----------] Global test environment tear-down
[==========] 1 test from 1 test suite ran. (24065 ms total)
[  PASSED  ] 1 test.
[==========] 1 test from 1 test suite ran. (24067 ms total)
[  PASSED  ] 1 test.
[----------] Global test environment tear-down
[----------] Global test environment tear-down
[       OK ] RandomCommTest.TestsInTests (24062 ms)
[----------] 1 test from RandomCommTest (24063 ms total)

[----------] Global test environment tear-down
[==========] 1 test from 1 test suite ran. (24063 ms total)
[  PASSED  ] 1 test.
[       OK ] RandomCommTest.TestsInTests (24066 ms)
[----------] 1 test from RandomCommTest (24066 ms total)

[==========] 1 test from 1 test suite ran. (24075 ms total)
[  PASSED  ] 1 test.
[----------] Global test environment tear-down
[==========] 1 test from 1 test suite ran. (24077 ms total)
[  PASSED  ] 1 test.
[==========] 1 test from 1 test suite ran. (24071 ms total)
[  PASSED  ] 1 test.
[       OK ] RandomCommTest.TestsInTests (24064 ms)
[----------] 1 test from RandomCommTest (24074 ms total)

[       OK ] RandomCommTest.TestsInTests (24066 ms)
[----------] 1 test from RandomCommTest (24066 ms total)

[       OK ] RandomCommTest.TestsInTests (24072 ms)
[----------] 1 test from RandomCommTest (24072 ms total)

[----------] Global test environment tear-down
[==========] 1 test from 1 test suite ran. (24072 ms total)
[  PASSED  ] 1 test.
../../../test_data/SmaGri.pm Order comm time (1 order_comm): 3.014158e-04
../../../test_data/radfr1.pm Communication 1-1 Time: 1.559078e-02
../../../test_data/radfr1.pm Communication 1-2 Time: 1.501997e-02
../../../test_data/radfr1.pm Communication 1-3 Time: 1.500015e-02
../../../test_data/radfr1.pm Communication 1-4 Time: 1.489276e-02
../../../test_data/radfr1.pm Communication 2-1 Time: 1.556458e-02
../../../test_data/radfr1.pm Communication 2-2 Time: 1.478988e-02
../../../test_data/radfr1.pm Communication 2-3 Time: 1.486880e-02
../../../test_data/radfr1.pm Communication 2-4 Time: 1.475676e-02
../../../test_data/radfr1.pm Order comm time (1 order_comm): 1.532486e-05
../../../test_data/bibd_49_3.pm Communication 1-1 Time: 2.469609e-01
../../../test_data/bibd_49_3.pm Communication 1-2 Time: 1.335325e-01
../../../test_data/bibd_49_3.pm Communication 1-3 Time: 1.317106e-01
../../../test_data/bibd_49_3.pm Communication 1-4 Time: 1.311294e-01
../../../test_data/bibd_49_3.pm Communication 2-1 Time: 1.324397e-01
[----------] Global test environment tear-down
[       OK ] RandomCommTest.TestsInTests (24064 ms)
[----------] 1 test from RandomCommTest (24064 ms total)

[----------] Global test environment tear-down
[==========] 1 test from 1 test suite ran. (24064 ms total)
[  PASSED  ] 1 test.
../../../test_data/bibd_49_3.pm Communication 2-2 Time: 1.307179e-01
../../../test_data/bibd_49_3.pm Communication 2-3 Time: 1.312986e-01
../../../test_data/bibd_49_3.pm Communication 2-4 Time: 1.333306e-01
../../../test_data/bibd_49_3.pm Order comm time (1 order_comm): 2.557177e-04
../../../test_data/can_1054.pm Communication 1-1 Time: 1.683627e-01
../../../test_data/can_1054.pm Communication 1-2 Time: 1.656609e-01
../../../test_data/can_1054.pm Communication 1-3 Time: 1.653267e-01
../../../test_data/can_1054.pm Communication 1-4 Time: 1.652861e-01
../../../test_data/can_1054.pm Communication 2-1 Time: 1.692734e-01
../../../test_data/can_1054.pm Communication 2-2 Time: 1.639800e-01
../../../test_data/can_1054.pm Communication 2-3 Time: 1.654329e-01
../../../test_data/can_1054.pm Communication 2-4 Time: 1.649990e-01
../../../test_data/can_1054.pm Order comm time (1 order_comm): 2.862341e-04
../../../test_data/can_1072.pm Communication 1-1 Time: 1.563975e-01
[==========] 1 test from 1 test suite ran. (24074 ms total)
[  PASSED  ] 1 test.
[----------] 1 test from RandomCommTest (24074 ms total)

../../../test_data/can_1072.pm Communication 1-2 Time: 1.584953e-01
../../../test_data/can_1072.pm Communication 1-3 Time: 1.567354e-01
../../../test_data/can_1072.pm Communication 1-4 Time: 1.578786e-01
../../../test_data/can_1072.pm Communication 2-1 Time: 1.579295e-01
../../../test_data/can_1072.pm Communication 2-2 Time: 1.606884e-01
../../../test_data/can_1072.pm Communication 2-3 Time: 1.660330e-01
../../../test_data/can_1072.pm Communication 2-4 Time: 1.695956e-01
../../../test_data/can_1072.pm Order comm time (1 order_comm): 1.815360e-04
../../../test_data/lp_sctap2.pm Communication 1-1 Time: 2.757892e-02
../../../test_data/lp_sctap2.pm Communication 1-2 Time: 2.665572e-02
../../../test_data/lp_sctap2.pm Communication 1-3 Time: 2.779046e-02
../../../test_data/lp_sctap2.pm Communication 1-4 Time: 2.660929e-02
../../../test_data/lp_sctap2.pm Communication 2-1 Time: 2.664764e-02
../../../test_data/lp_sctap2.pm Communication 2-2 Time: 2.659015e-02
[----------] Global test environment tear-down
../../../test_data/lp_sctap2.pm Communication 2-3 Time: 2.680302e-02
../../../test_data/lp_sctap2.pm Communication 2-4 Time: 2.657940e-02
../../../test_data/lp_sctap2.pm Order comm time (1 order_comm): 1.395267e-04
../../../test_data/lp_woodw.pm Communication 1-1 Time: 1.179589e-01
../../../test_data/lp_woodw.pm Communication 1-2 Time: 7.643515e-02
../../../test_data/lp_woodw.pm Communication 1-3 Time: 7.533423e-02
../../../test_data/lp_woodw.pm Communication 1-4 Time: 7.575071e-02
../../../test_data/lp_woodw.pm Communication 2-1 Time: 7.540245e-02
../../../test_data/lp_woodw.pm Communication 2-2 Time: 7.600510e-02
../../../test_data/lp_woodw.pm Communication 2-3 Time: 7.614066e-02
../../../test_data/lp_woodw.pm Communication 2-4 Time: 7.559257e-02
../../../test_data/lp_woodw.pm Order comm time (1 order_comm): 1.556472e-04
[       OK ] RandomCommTest.TestsInTests (24071 ms)
[----------] 1 test from RandomCommTest (24071 ms total)

[----------] Global test environment tear-down
[==========] 1 test from 1 test suite ran. (24074 ms total)
[  PASSED  ] 1 test.
[==========] 1 test from 1 test suite ran. (24071 ms total)
[  PASSED  ] 1 test.
[       OK ] RandomCommTest.TestsInTests (24063 ms)
[       OK ] RandomCommTest.TestsInTests (24062 ms)
[----------] 1 test from RandomCommTest (24063 ms total)

[----------] Global test environment tear-down
[       OK ] RandomCommTest.TestsInTests (24075 ms)
[----------] 1 test from RandomCommTest (24075 ms total)

[----------] Global test environment tear-down
[==========] 1 test from 1 test suite ran. (24076 ms total)
[  PASSED  ] 1 test.
[       OK ] RandomCommTest.TestsInTests (24071 ms)
[       OK ] RandomCommTest.TestsInTests (24077 ms)
[----------] 1 test from RandomCommTest (24077 ms total)

[----------] Global test environment tear-down
[       OK ] RandomCommTest.TestsInTests (24068 ms)
[----------] 1 test from RandomCommTest (24068 ms total)

[----------] 1 test from RandomCommTest (24063 ms total)

[----------] Global test environment tear-down
[==========] 1 test from 1 test suite ran. (24063 ms total)
[  PASSED  ] 1 test.
[----------] Global test environment tear-down
[==========] 1 test from 1 test suite ran. (24066 ms total)
[  PASSED  ] 1 test.
[       OK ] RandomCommTest.TestsInTests (24080 ms)
[----------] 1 test from RandomCommTest (24080 ms total)

[----------] Global test environment tear-down
[       OK ] RandomCommTest.TestsInTests (24074 ms)
[----------] 1 test from RandomCommTest (24074 ms total)

[----------] Global test environment tear-down
[       OK ] RandomCommTest.TestsInTests (24066 ms)
[----------] 1 test from RandomCommTest (24066 ms total)

[----------] Global test environment tear-down
[==========] 1 test from 1 test suite ran. (24066 ms total)
[  PASSED  ] 1 test.
[       OK ] RandomCommTest.TestsInTests (24064 ms)
[----------] 1 test from RandomCommTest (24064 ms total)

[----------] Global test environment tear-down
[==========] 1 test from 1 test suite ran. (24064 ms total)
[  PASSED  ] 1 test.
[       OK ] RandomCommTest.TestsInTests (24065 ms)
[----------] 1 test from RandomCommTest (24065 ms total)

[       OK ] RandomCommTest.TestsInTests (24073 ms)
[----------] 1 test from RandomCommTest (24073 ms total)

[----------] Global test environment tear-down
[==========] 1 test from 1 test suite ran. (24073 ms total)
[  PASSED  ] 1 test.
[----------] Global test environment tear-down
[==========] 1 test from 1 test suite ran. (24066 ms total)
[  PASSED  ] 1 test.
[==========] 1 test from 1 test suite ran. (24063 ms total)
[  PASSED  ] 1 test.
[==========] 1 test from 1 test suite ran. (24080 ms total)
[  PASSED  ] 1 test.
[       OK ] RandomCommTest.TestsInTests (24071 ms)
[----------] 1 test from RandomCommTest (24071 ms total)

[----------] Global test environment tear-down
[==========] 1 test from 1 test suite ran. (24071 ms total)
[  PASSED  ] 1 test.
[       OK ] RandomCommTest.TestsInTests (24077 ms)
[----------] 1 test from RandomCommTest (24077 ms total)

[----------] Global test environment tear-down
[       OK ] RandomCommTest.TestsInTests (24071 ms)
[----------] 1 test from RandomCommTest (24071 ms total)

[----------] Global test environment tear-down
[==========] 1 test from 1 test suite ran. (24071 ms total)
[  PASSED  ] 1 test.
[       OK ] RandomCommTest.TestsInTests (24062 ms)
[----------] 1 test from RandomCommTest (24062 ms total)

[----------] Global test environment tear-down
[==========] 1 test from 1 test suite ran. (24062 ms total)
[  PASSED  ] 1 test.
[       OK ] RandomCommTest.TestsInTests (24078 ms)
[----------] 1 test from RandomCommTest (24078 ms total)

[----------] Global test environment tear-down
[==========] 1 test from 1 test suite ran. (24078 ms total)
[  PASSED  ] 1 test.
[----------] 1 test from RandomCommTest (24064 ms total)

[----------] Global test environment tear-down
[==========] 1 test from 1 test suite ran. (24064 ms total)
[  PASSED  ] 1 test.
[       OK ] RandomCommTest.TestsInTests (24070 ms)
[----------] 1 test from RandomCommTest (24070 ms total)

[----------] Global test environment tear-down
[==========] 1 test from 1 test suite ran. (24071 ms total)
[  PASSED  ] 1 test.
[----------] Global test environment tear-down
[==========] 1 test from 1 test suite ran. (24068 ms total)
[  PASSED  ] 1 test.
[----------] 1 test from RandomCommTest (24071 ms total)

[----------] Global test environment tear-down
[==========] 1 test from 1 test suite ran. (24071 ms total)
[  PASSED  ] 1 test.
[       OK ] RandomCommTest.TestsInTests (24077 ms)
[----------] 1 test from RandomCommTest (24077 ms total)

[----------] Global test environment tear-down
[==========] 1 test from 1 test suite ran. (24077 ms total)
[  PASSED  ] 1 test.
[       OK ] RandomCommTest.TestsInTests (24063 ms)
[----------] 1 test from RandomCommTest (24063 ms total)

[----------] Global test environment tear-down
[       OK ] RandomCommTest.TestsInTests (24078 ms)
[----------] 1 test from RandomCommTest (24078 ms total)

[----------] Global test environment tear-down
[==========] 1 test from 1 test suite ran. (24079 ms total)
[  PASSED  ] 1 test.
[       OK ] RandomCommTest.TestsInTests (24075 ms)
[----------] 1 test from RandomCommTest (24075 ms total)

[----------] Global test environment tear-down
[==========] 1 test from 1 test suite ran. (24075 ms total)
[  PASSED  ] 1 test.
[==========] 1 test from 1 test suite ran. (24078 ms total)
[  PASSED  ] 1 test.
[==========] 1 test from 1 test suite ran. (24077 ms total)
[  PASSED  ] 1 test.
[----------] Global test environment tear-down
[==========] 1 test from 1 test suite ran. (24065 ms total)
[  PASSED  ] 1 test.
[       OK ] RandomCommTest.TestsInTests (24076 ms)
[----------] 1 test from RandomCommTest (24076 ms total)

[----------] Global test environment tear-down
[==========] 1 test from 1 test suite ran. (24076 ms total)
[  PASSED  ] 1 test.
[       OK ] RandomCommTest.TestsInTests (24075 ms)
[----------] 1 test from RandomCommTest (24075 ms total)

[----------] Global test environment tear-down
[==========] 1 test from 1 test suite ran. (24075 ms total)
[  PASSED  ] 1 test.
[==========] 1 test from 1 test suite ran. (24074 ms total)
[  PASSED  ] 1 test.
[       OK ] RandomCommTest.TestsInTests (24080 ms)
[----------] 1 test from RandomCommTest (24080 ms total)

[----------] Global test environment tear-down
[==========] 1 test from 1 test suite ran. (24080 ms total)
[  PASSED  ] 1 test.
[==========] 1 test from 1 test suite ran. (24064 ms total)
[  PASSED  ] 1 test.
