[==========] Running 1 test from 1 test suite.
[----------] Global test environment set-up.
[----------] 1 test from RandomCommTest
[ RUN      ] RandomCommTest.TestsInTests
[==========] Running 1 test from 1 test suite.
[----------] Global test environment set-up.
[----------] 1 test from RandomCommTest
[==========] Running 1 test from 1 test suite.
[----------] Global test environment set-up.
[----------] 1 test from RandomCommTest
[ RUN      ] RandomCommTest.TestsInTests
[==========] Running 1 test from 1 test suite.
[----------] Global test environment set-up.
[----------] 1 test from RandomCommTest
[ RUN      ] RandomCommTest.TestsInTests
[==========] Running 1 test from 1 test suite.
[----------] Global test environment set-up.
[----------] 1 test from RandomCommTest
[ RUN      ] RandomCommTest.TestsInTests
[==========] Running 1 test from 1 test suite.
[----------] Global test environment set-up.
[----------] 1 test from RandomCommTest
[ RUN      ] RandomCommTest.TestsInTests
[==========] Running 1 test from 1 test suite.
[----------] Global test environment set-up.
[----------] 1 test from RandomCommTest
[ RUN      ] RandomCommTest.TestsInTests
[==========] Running 1 test from 1 test suite.
[----------] Global test environment set-up.
[----------] 1 test from RandomCommTest
[ RUN      ] RandomCommTest.TestsInTests
[==========] Running 1 test from 1 test suite.
[----------] Global test environment set-up.
[----------] 1 test from RandomCommTest
[ RUN      ] RandomCommTest.TestsInTests
[==========] Running 1 test from 1 test suite.
[----------] Global test environment set-up.
[----------] 1 test from RandomCommTest
[ RUN      ] RandomCommTest.TestsInTests
[==========] Running 1 test from 1 test suite.
[----------] Global test environment set-up.
[----------] 1 test from RandomCommTest
[ RUN      ] RandomCommTest.TestsInTests
[ RUN      ] RandomCommTest.TestsInTests
[==========] Running 1 test from 1 test suite.
[----------] Global test environment set-up.
[==========] Running 1 test from 1 test suite.
[----------] Global test environment set-up.
[----------] 1 test from RandomCommTest
[ RUN      ] RandomCommTest.TestsInTests
[----------] 1 test from RandomCommTest
[ RUN      ] RandomCommTest.TestsInTests
[==========] Running 1 test from 1 test suite.
[----------] Global test environment set-up.
[----------] 1 test from RandomCommTest
[ RUN      ] RandomCommTest.TestsInTests
[==========] Running 1 test from 1 test suite.
[----------] Global test environment set-up.
[==========] Running 1 test from 1 test suite.
[----------] Global test environment set-up.
[----------] 1 test from RandomCommTest
[----------] 1 test from RandomCommTest
[ RUN      ] RandomCommTest.TestsInTests
[ RUN      ] RandomCommTest.TestsInTests
[==========] Running 1 test from 1 test suite.
[----------] Global test environment set-up.
[==========] Running 1 test from 1 test suite.
[----------] Global test environment set-up.
[----------] 1 test from RandomCommTest
[ RUN      ] RandomCommTest.TestsInTests
[----------] 1 test from RandomCommTest
[ RUN      ] RandomCommTest.TestsInTests
[==========] Running 1 test from 1 test suite.
[----------] Global test environment set-up.
[----------] 1 test from RandomCommTest
[ RUN      ] RandomCommTest.TestsInTests
[==========] Running 1 test from 1 test suite.
[----------] Global test environment set-up.
[==========] Running 1 test from 1 test suite.
[----------] Global test environment set-up.
[----------] 1 test from RandomCommTest
[ RUN      ] RandomCommTest.TestsInTests
[----------] 1 test from RandomCommTest
[ RUN      ] RandomCommTest.TestsInTests
[==========] Running 1 test from 1 test suite.
[----------] Global test environment set-up.
[==========] Running 1 test from 1 test suite.
[----------] Global test environment set-up.
[----------] 1 test from RandomCommTest
[ RUN      ] RandomCommTest.TestsInTests
[----------] 1 test from RandomCommTest
[ RUN      ] RandomCommTest.TestsInTests
[==========] Running 1 test from 1 test suite.
[----------] Global test environment set-up.
[----------] 1 test from RandomCommTest
[ RUN      ] RandomCommTest.TestsInTests
[==========] Running 1 test from 1 test suite.
[----------] Global test environment set-up.
[----------] 1 test from RandomCommTest
[ RUN      ] RandomCommTest.TestsInTests
[==========] Running 1 test from 1 test suite.
[----------] Global test environment set-up.
[----------] 1 test from RandomCommTest
[ RUN      ] RandomCommTest.TestsInTests
[==========] Running 1 test from 1 test suite.
[----------] Global test environment set-up.
[----------] 1 test from RandomCommTest
[ RUN      ] RandomCommTest.TestsInTests
[==========] Running 1 test from 1 test suite.
[----------] Global test environment set-up.
[----------] 1 test from RandomCommTest
[ RUN      ] RandomCommTest.TestsInTests
[==========] Running 1 test from 1 test suite.
[----------] Global test environment set-up.
[----------] 1 test from RandomCommTest
[ RUN      ] RandomCommTest.TestsInTests
[==========] Running 1 test from 1 test suite.
[----------] Global test environment set-up.
[----------] 1 test from RandomCommTest
[ RUN      ] RandomCommTest.TestsInTests
[==========] Running 1 test from 1 test suite.
[----------] Global test environment set-up.
[----------] 1 test from RandomCommTest
[ RUN      ] RandomCommTest.TestsInTests
[==========] Running 1 test from 1 test suite.
[----------] Global test environment set-up.
[----------] 1 test from RandomCommTest
[ RUN      ] RandomCommTest.TestsInTests
../../../test_data/dwt_162.pm Communication 1-1 Time: 2.016415e-02
../../../test_data/dwt_162.pm Communication 1-2 Time: 7.929614e-03
../../../test_data/dwt_162.pm Communication 1-3 Time: 7.863255e-03
../../../test_data/dwt_162.pm Communication 1-4 Time: 7.566098e-03
../../../test_data/dwt_162.pm Communication 2-1 Time: 7.536582e-03
../../../test_data/dwt_162.pm Communication 2-2 Time: 7.536254e-03
../../../test_data/dwt_162.pm Communication 2-3 Time: 7.551809e-03
../../../test_data/dwt_162.pm Communication 2-4 Time: 7.510839e-03
../../../test_data/dwt_162.pm Order comm time (1 order_comm): 7.560268e-06
../../../test_data/odepa400.pm Communication 1-1 Time: 2.211036e-03
../../../test_data/odepa400.pm Communication 1-2 Time: 2.204103e-03
../../../test_data/odepa400.pm Communication 1-3 Time: 2.210271e-03
../../../test_data/odepa400.pm Communication 1-4 Time: 2.204555e-03
../../../test_data/odepa400.pm Communication 2-1 Time: 2.196139e-03
../../../test_data/odepa400.pm Communication 2-2 Time: 2.189826e-03
../../../test_data/odepa400.pm Communication 2-3 Time: 2.257358e-03
../../../test_data/odepa400.pm Communication 2-4 Time: 2.187011e-03
../../../test_data/odepa400.pm Order comm time (1 order_comm): 2.144697e-06
../../../test_data/ww_36_pmec_36.pm Communication 1-1 Time: 1.392570e-01
../../../test_data/ww_36_pmec_36.pm Communication 1-2 Time: 1.246262e-01
../../../test_data/ww_36_pmec_36.pm Communication 1-3 Time: 1.186698e-01
../../../test_data/ww_36_pmec_36.pm Communication 1-4 Time: 1.192155e-01
../../../test_data/ww_36_pmec_36.pm Communication 2-1 Time: 1.105273e-01
../../../test_data/ww_36_pmec_36.pm Communication 2-2 Time: 1.106960e-01
../../../test_data/ww_36_pmec_36.pm Communication 2-3 Time: 1.101123e-01
../../../test_data/ww_36_pmec_36.pm Communication 2-4 Time: 1.110151e-01
../../../test_data/ww_36_pmec_36.pm Order comm time (1 order_comm): 1.152462e-04
../../../test_data/bcsstk01.pm Communication 1-1 Time: 2.198644e-02
../../../test_data/bcsstk01.pm Communication 1-2 Time: 2.060543e-02
../../../test_data/bcsstk01.pm Communication 1-3 Time: 1.969819e-02
../../../test_data/bcsstk01.pm Communication 1-4 Time: 1.958381e-02
../../../test_data/bcsstk01.pm Communication 2-1 Time: 1.984014e-02
../../../test_data/bcsstk01.pm Communication 2-2 Time: 1.969747e-02
../../../test_data/bcsstk01.pm Communication 2-3 Time: 1.960930e-02
../../../test_data/bcsstk01.pm Communication 2-4 Time: 1.991130e-02
../../../test_data/bcsstk01.pm Order comm time (1 order_comm): 1.864568e-05
../../../test_data/west0132.pm Communication 1-1 Time: 8.901425e-03
../../../test_data/west0132.pm Communication 1-2 Time: 7.241209e-03
../../../test_data/west0132.pm Communication 1-3 Time: 7.052829e-03
../../../test_data/west0132.pm Communication 1-4 Time: 7.073333e-03
../../../test_data/west0132.pm Communication 2-1 Time: 7.062234e-03
../../../test_data/west0132.pm Communication 2-2 Time: 7.028938e-03
../../../test_data/west0132.pm Communication 2-3 Time: 7.028311e-03
../../../test_data/west0132.pm Communication 2-4 Time: 6.894190e-03
../../../test_data/west0132.pm Order comm time (1 order_comm): 8.027893e-06
../../../test_data/gams10a.pm Communication 1-1 Time: 8.918121e-03
../../../test_data/gams10a.pm Communication 1-2 Time: 6.997308e-03
../../../test_data/gams10a.pm Communication 1-3 Time: 6.658645e-03
../../../test_data/gams10a.pm Communication 1-4 Time: 6.630133e-03
../../../test_data/gams10a.pm Communication 2-1 Time: 6.655854e-03
../../../test_data/gams10a.pm Communication 2-2 Time: 6.535396e-03
../../../test_data/gams10a.pm Communication 2-3 Time: 6.428742e-03
../../../test_data/gams10a.pm Communication 2-4 Time: 6.432414e-03
../../../test_data/gams10a.pm Order comm time (1 order_comm): 7.456600e-06
../../../test_data/gams10am.pm Communication 1-1 Time: 6.487629e-03
../../../test_data/gams10am.pm Communication 1-2 Time: 6.367411e-03
../../../test_data/gams10am.pm Communication 1-3 Time: 6.367447e-03
../../../test_data/gams10am.pm Communication 1-4 Time: 6.380268e-03
../../../test_data/gams10am.pm Communication 2-1 Time: 6.404198e-03
../../../test_data/gams10am.pm Communication 2-2 Time: 6.371369e-03
../../../test_data/gams10am.pm Communication 2-3 Time: 6.454061e-03
../../../test_data/gams10am.pm Communication 2-4 Time: 6.402711e-03
../../../test_data/gams10am.pm Order comm time (1 order_comm): 7.334325e-06
../../../test_data/D_10.pm Communication 1-1 Time: 1.804994e-01
../../../test_data/D_10.pm Communication 1-2 Time: 1.813207e-01
../../../test_data/D_10.pm Communication 1-3 Time: 1.799126e-01
../../../test_data/D_10.pm Communication 1-4 Time: 1.814285e-01
../../../test_data/D_10.pm Communication 2-1 Time: 1.804772e-01
../../../test_data/D_10.pm Communication 2-2 Time: 1.813551e-01
../../../test_data/D_10.pm Communication 2-3 Time: 1.795295e-01
../../../test_data/D_10.pm Communication 2-4 Time: 1.805746e-01
../../../test_data/D_10.pm Order comm time (1 order_comm): 1.999126e-04
../../../test_data/oscil_dcop_11.pm Communication 1-1 Time: 1.236049e-02
../../../test_data/oscil_dcop_11.pm Communication 1-2 Time: 1.198811e-02
../../../test_data/oscil_dcop_11.pm Communication 1-3 Time: 1.198567e-02
../../../test_data/oscil_dcop_11.pm Communication 1-4 Time: 1.197261e-02
../../../test_data/oscil_dcop_11.pm Communication 2-1 Time: 1.198215e-02
../../../test_data/oscil_dcop_11.pm Communication 2-2 Time: 1.203367e-02
../../../test_data/oscil_dcop_11.pm Communication 2-3 Time: 1.202401e-02
../../../test_data/oscil_dcop_11.pm Communication 2-4 Time: 1.199263e-02
../../../test_data/oscil_dcop_11.pm Order comm time (1 order_comm): 1.417244e-05
../../../test_data/tumorAntiAngiogenesis_4.pm Communication 1-1 Time: 3.023225e-02
../../../test_data/tumorAntiAngiogenesis_4.pm Communication 1-2 Time: 2.979282e-02
../../../test_data/tumorAntiAngiogenesis_4.pm Communication 1-3 Time: 2.973437e-02
../../../test_data/tumorAntiAngiogenesis_4.pm Communication 1-4 Time: 2.971337e-02
../../../test_data/tumorAntiAngiogenesis_4.pm Communication 2-1 Time: 2.963479e-02
../../../test_data/tumorAntiAngiogenesis_4.pm Communication 2-2 Time: 2.988358e-02
../../../test_data/tumorAntiAngiogenesis_4.pm Communication 2-3 Time: 2.983914e-02
../../../test_data/tumorAntiAngiogenesis_4.pm Communication 2-4 Time: 2.997193e-02
../../../test_data/tumorAntiAngiogenesis_4.pm Order comm time (1 order_comm): 3.068730e-05
../../../test_data/ch5-5-b1.pm Communication 1-1 Time: 3.446382e-02
../../../test_data/ch5-5-b1.pm Communication 1-2 Time: 3.354343e-02
../../../test_data/ch5-5-b1.pm Communication 1-3 Time: 3.323901e-02
../../../test_data/ch5-5-b1.pm Communication 1-4 Time: 3.315979e-02
../../../test_data/ch5-5-b1.pm Communication 2-1 Time: 3.330513e-02
../../../test_data/ch5-5-b1.pm Communication 2-2 Time: 3.428474e-02
../../../test_data/ch5-5-b1.pm Communication 2-3 Time: 3.332573e-02
../../../test_data/ch5-5-b1.pm Communication 2-4 Time: 3.333432e-02
../../../test_data/ch5-5-b1.pm Order comm time (1 order_comm): 3.342713e-05
../../../test_data/msc01050.pm Communication 1-1 Time: 4.192714e-02
../../../test_data/msc01050.pm Communication 1-2 Time: 4.200432e-02
../../../test_data/msc01050.pm Communication 1-3 Time: 4.178254e-02
../../../test_data/msc01050.pm Communication 1-4 Time: 4.150193e-02
../../../test_data/msc01050.pm Communication 2-1 Time: 4.656519e-02
../../../test_data/msc01050.pm Communication 2-2 Time: 5.712241e-02
../../../test_data/msc01050.pm Communication 2-3 Time: 4.183727e-02
../../../test_data/msc01050.pm Communication 2-4 Time: 4.387009e-02
../../../test_data/msc01050.pm Order comm time (1 order_comm): 4.790245e-05
../../../test_data/SmaGri.pm Communication 1-1 Time: 8.989487e-02
../../../test_data/SmaGri.pm Communication 1-2 Time: 8.936984e-02
../../../test_data/SmaGri.pm Communication 1-3 Time: 8.983410e-02
../../../test_data/SmaGri.pm Communication 1-4 Time: 8.992072e-02
../../../test_data/SmaGri.pm Communication 2-1 Time: 8.972117e-02
../../../test_data/SmaGri.pm Communication 2-2 Time: 3.282346e-01
../../../test_data/SmaGri.pm Communication 2-3 Time: 7.428484e-02
../../../test_data/SmaGri.pm Communication 2-4 Time: 7.437654e-02
[       OK ] RandomCommTest.TestsInTests (10503 ms)
[       OK ] RandomCommTest.TestsInTests (10502 ms)
[       OK ] RandomCommTest.TestsInTests (10500 ms)
[----------] 1 test from RandomCommTest (10500 ms total)

[----------] 1 test from RandomCommTest (10502 ms total)

[----------] Global test environment tear-down
[----------] Global test environment tear-down
[==========] 1 test from 1 test suite ran. (10500 ms total)
[  PASSED  ] 1 test.
[==========] 1 test from 1 test suite ran. (10502 ms total)
[  PASSED  ] 1 test.
[       OK ] RandomCommTest.TestsInTests (10496 ms)
[----------] 1 test from RandomCommTest (10496 ms total)

[----------] Global test environment tear-down
[==========] 1 test from 1 test suite ran. (10497 ms total)
[  PASSED  ] 1 test.
[----------] 1 test from RandomCommTest (10503 ms total)

[----------] Global test environment tear-down
[==========] 1 test from 1 test suite ran. (10504 ms total)
[  PASSED  ] 1 test.
[       OK ] RandomCommTest.TestsInTests (10499 ms)
[       OK ] RandomCommTest.TestsInTests (10489 ms)
[       OK ] RandomCommTest.TestsInTests (10495 ms)
[----------] 1 test from RandomCommTest (10495 ms total)

[----------] Global test environment tear-down
[----------] 1 test from RandomCommTest (10489 ms total)

[----------] Global test environment tear-down
[==========] 1 test from 1 test suite ran. (10489 ms total)
[  PASSED  ] 1 test.
[==========] 1 test from 1 test suite ran. (10495 ms total)
[  PASSED  ] 1 test.
[----------] 1 test from RandomCommTest (10499 ms total)

[----------] Global test environment tear-down
[       OK ] RandomCommTest.TestsInTests (10500 ms)
[==========] 1 test from 1 test suite ran. (10499 ms total)
[  PASSED  ] 1 test.
[       OK ] RandomCommTest.TestsInTests (10502 ms)
[----------] 1 test from RandomCommTest (10502 ms total)

[----------] Global test environment tear-down
[==========] 1 test from 1 test suite ran. (10503 ms total)
[  PASSED  ] 1 test.
[       OK ] RandomCommTest.TestsInTests (10501 ms)
[----------] 1 test from RandomCommTest (10501 ms total)

[----------] Global test environment tear-down
[==========] 1 test from 1 test suite ran. (10501 ms total)
[  PASSED  ] 1 test.
[----------] 1 test from RandomCommTest (10500 ms total)

[----------] Global test environment tear-down
[==========] 1 test from 1 test suite ran. (10500 ms total)
[  PASSED  ] 1 test.
[       OK ] RandomCommTest.TestsInTests (10503 ms)
[       OK ] RandomCommTest.TestsInTests (10497 ms)
../../../test_data/SmaGri.pm Order comm time (1 order_comm): 8.497997e-05
../../../test_data/radfr1.pm Communication 1-1 Time: 6.138560e-03
../../../test_data/radfr1.pm Communication 1-2 Time: 5.823640e-03
../../../test_data/radfr1.pm Communication 1-3 Time: 5.788395e-03
../../../test_data/radfr1.pm Communication 1-4 Time: 5.691266e-03
../../../test_data/radfr1.pm Communication 2-1 Time: 5.742890e-03
../../../test_data/radfr1.pm Communication 2-2 Time: 5.761421e-03
../../../test_data/radfr1.pm Communication 2-3 Time: 5.742033e-03
../../../test_data/radfr1.pm Communication 2-4 Time: 5.741425e-03
../../../test_data/radfr1.pm Order comm time (1 order_comm): 8.268904e-04
../../../test_data/bibd_49_3.pm Communication 1-1 Time: 8.439372e-02
../../../test_data/bibd_49_3.pm Communication 1-2 Time: 7.656935e-02
../../../test_data/bibd_49_3.pm Communication 1-3 Time: 8.662244e-02
../../../test_data/bibd_49_3.pm Communication 1-4 Time: 7.492705e-02
../../../test_data/bibd_49_3.pm Communication 2-1 Time: 7.567957e-02
[       OK ] RandomCommTest.TestsInTests (10494 ms)
../../../test_data/bibd_49_3.pm Communication 2-2 Time: 7.561438e-02
../../../test_data/bibd_49_3.pm Communication 2-3 Time: 7.577705e-02
../../../test_data/bibd_49_3.pm Communication 2-4 Time: 7.628601e-02
../../../test_data/bibd_49_3.pm Order comm time (1 order_comm): 6.937633e-05
../../../test_data/can_1054.pm Communication 1-1 Time: 8.287934e-02
../../../test_data/can_1054.pm Communication 1-2 Time: 8.251160e-02
../../../test_data/can_1054.pm Communication 1-3 Time: 8.287574e-02
../../../test_data/can_1054.pm Communication 1-4 Time: 8.359638e-02
../../../test_data/can_1054.pm Communication 2-1 Time: 8.222873e-02
../../../test_data/can_1054.pm Communication 2-2 Time: 8.197604e-02
../../../test_data/can_1054.pm Communication 2-3 Time: 8.334488e-02
../../../test_data/can_1054.pm Communication 2-4 Time: 8.220918e-02
../../../test_data/can_1054.pm Order comm time (1 order_comm): 8.230916e-05
../../../test_data/can_1072.pm Communication 1-1 Time: 7.909740e-02
../../../test_data/can_1072.pm Communication 1-2 Time: 7.928673e-02
../../../test_data/can_1072.pm Communication 1-3 Time: 7.877728e-02
../../../test_data/can_1072.pm Communication 1-4 Time: 7.858315e-02
../../../test_data/can_1072.pm Communication 2-1 Time: 7.838861e-02
../../../test_data/can_1072.pm Communication 2-2 Time: 7.859419e-02
../../../test_data/can_1072.pm Communication 2-3 Time: 7.923646e-02
../../../test_data/can_1072.pm Communication 2-4 Time: 7.874488e-02
../../../test_data/can_1072.pm Order comm time (1 order_comm): 7.984046e-05
../../../test_data/lp_sctap2.pm Communication 1-1 Time: 1.332466e-02
../../../test_data/lp_sctap2.pm Communication 1-2 Time: 1.011132e-02
../../../test_data/lp_sctap2.pm Communication 1-3 Time: 9.842338e-03
../../../test_data/lp_sctap2.pm Communication 1-4 Time: 1.065008e-02
../../../test_data/lp_sctap2.pm Communication 2-1 Time: 9.747536e-03
../../../test_data/lp_sctap2.pm Communication 2-2 Time: 9.784921e-03
[       OK ] RandomCommTest.TestsInTests (10488 ms)
[----------] 1 test from RandomCommTest (10488 ms total)

[----------] Global test environment tear-down
[       OK ] RandomCommTest.TestsInTests (10501 ms)
[----------] 1 test from RandomCommTest (10501 ms total)

[----------] Global test environment tear-down
[==========] 1 test from 1 test suite ran. (10501 ms total)
[  PASSED  ] 1 test.
../../../test_data/lp_sctap2.pm Communication 2-3 Time: 9.746419e-03
../../../test_data/lp_sctap2.pm Communication 2-4 Time: 9.797965e-03
../../../test_data/lp_sctap2.pm Order comm time (1 order_comm): 1.009243e-05
../../../test_data/lp_woodw.pm Communication 1-1 Time: 2.917667e-02
../../../test_data/lp_woodw.pm Communication 1-2 Time: 2.851635e-02
../../../test_data/lp_woodw.pm Communication 1-3 Time: 2.775950e-02
../../../test_data/lp_woodw.pm Communication 1-4 Time: 2.717831e-02
../../../test_data/lp_woodw.pm Communication 2-1 Time: 3.086599e-02
../../../test_data/lp_woodw.pm Communication 2-2 Time: 3.243546e-02
../../../test_data/lp_woodw.pm Communication 2-3 Time: 2.797847e-02
../../../test_data/lp_woodw.pm Communication 2-4 Time: 2.783781e-02
../../../test_data/lp_woodw.pm Order comm time (1 order_comm): 6.599762e-04
[       OK ] RandomCommTest.TestsInTests (10489 ms)
[----------] 1 test from RandomCommTest (10489 ms total)

[       OK ] RandomCommTest.TestsInTests (10487 ms)
[       OK ] RandomCommTest.TestsInTests (10500 ms)
[----------] 1 test from RandomCommTest (10500 ms total)

[----------] Global test environment tear-down
[==========] 1 test from 1 test suite ran. (10500 ms total)
[  PASSED  ] 1 test.
[----------] Global test environment tear-down
[==========] 1 test from 1 test suite ran. (10489 ms total)
[  PASSED  ] 1 test.
[----------] 1 test from RandomCommTest (10497 ms total)

[----------] Global test environment tear-down
[==========] 1 test from 1 test suite ran. (10497 ms total)
[  PASSED  ] 1 test.
[       OK ] RandomCommTest.TestsInTests (10498 ms)
[----------] 1 test from RandomCommTest (10498 ms total)

[----------] Global test environment tear-down
[==========] 1 test from 1 test suite ran. (10498 ms total)
[  PASSED  ] 1 test.
[==========] 1 test from 1 test suite ran. (10488 ms total)
[  PASSED  ] 1 test.
[       OK ] RandomCommTest.TestsInTests (10498 ms)
[----------] 1 test from RandomCommTest (10498 ms total)

[----------] Global test environment tear-down
[==========] 1 test from 1 test suite ran. (10498 ms total)
[  PASSED  ] 1 test.
[       OK ] RandomCommTest.TestsInTests (10495 ms)
[----------] 1 test from RandomCommTest (10495 ms total)

[----------] Global test environment tear-down
[==========] 1 test from 1 test suite ran. (10495 ms total)
[  PASSED  ] 1 test.
[----------] 1 test from RandomCommTest (10487 ms total)

[----------] Global test environment tear-down
[==========] 1 test from 1 test suite ran. (10487 ms total)
[  PASSED  ] 1 test.
[       OK ] RandomCommTest.TestsInTests (10489 ms)
[----------] 1 test from RandomCommTest (10490 ms total)

[       OK ] RandomCommTest.TestsInTests (10493 ms)
[----------] 1 test from RandomCommTest (10493 ms total)

[----------] Global test environment tear-down
[==========] 1 test from 1 test suite ran. (10493 ms total)
[  PASSED  ] 1 test.
[       OK ] RandomCommTest.TestsInTests (10499 ms)
[----------] 1 test from RandomCommTest (10499 ms total)

[----------] Global test environment tear-down
[==========] 1 test from 1 test suite ran. (10499 ms total)
[  PASSED  ] 1 test.
[       OK ] RandomCommTest.TestsInTests (10489 ms)
[----------] 1 test from RandomCommTest (10489 ms total)

[----------] Global test environment tear-down
[==========] 1 test from 1 test suite ran. (10489 ms total)
[  PASSED  ] 1 test.
[       OK ] RandomCommTest.TestsInTests (10490 ms)
[----------] 1 test from RandomCommTest (10490 ms total)

[----------] Global test environment tear-down
[==========] 1 test from 1 test suite ran. (10490 ms total)
[  PASSED  ] 1 test.
[       OK ] RandomCommTest.TestsInTests (10498 ms)
[----------] 1 test from RandomCommTest (10498 ms total)

[----------] Global test environment tear-down
[==========] 1 test from 1 test suite ran. (10498 ms total)
[  PASSED  ] 1 test.
[       OK ] RandomCommTest.TestsInTests (10501 ms)
[----------] 1 test from RandomCommTest (10502 ms total)

[----------] Global test environment tear-down
[==========] 1 test from 1 test suite ran. (10502 ms total)
[  PASSED  ] 1 test.
[       OK ] RandomCommTest.TestsInTests (10496 ms)
[----------] 1 test from RandomCommTest (10496 ms total)

[----------] Global test environment tear-down
[==========] 1 test from 1 test suite ran. (10496 ms total)
[  PASSED  ] 1 test.
[       OK ] RandomCommTest.TestsInTests (10499 ms)
[----------] 1 test from RandomCommTest (10499 ms total)

[----------] Global test environment tear-down
[----------] 1 test from RandomCommTest (10503 ms total)

[       OK ] RandomCommTest.TestsInTests (10495 ms)
[----------] 1 test from RandomCommTest (10495 ms total)

[----------] Global test environment tear-down
[==========] 1 test from 1 test suite ran. (10496 ms total)
[  PASSED  ] 1 test.
[----------] Global test environment tear-down
[       OK ] RandomCommTest.TestsInTests (10491 ms)
[----------] 1 test from RandomCommTest (10491 ms total)

[----------] Global test environment tear-down
[==========] 1 test from 1 test suite ran. (10491 ms total)
[  PASSED  ] 1 test.
[==========] 1 test from 1 test suite ran. (10504 ms total)
[  PASSED  ] 1 test.
[----------] Global test environment tear-down
[==========] 1 test from 1 test suite ran. (10490 ms total)
[  PASSED  ] 1 test.
[----------] 1 test from RandomCommTest (10494 ms total)

[----------] Global test environment tear-down
[==========] 1 test from 1 test suite ran. (10494 ms total)
[  PASSED  ] 1 test.
[==========] 1 test from 1 test suite ran. (10500 ms total)
[  PASSED  ] 1 test.
