[==========] Running 1 test from 1 test suite.
[----------] Global test environment set-up.
[----------] 1 test from RandomCommTest
[ RUN      ] RandomCommTest.TestsInTests
[==========] Running 1 test from 1 test suite.
[----------] Global test environment set-up.
[----------] 1 test from RandomCommTest
[ RUN      ] RandomCommTest.TestsInTests
[==========] Running 1 test from 1 test suite.
[----------] Global test environment set-up.
[----------] 1 test from RandomCommTest
[ RUN      ] RandomCommTest.TestsInTests
[==========] Running 1 test from 1 test suite.
[----------] Global test environment set-up.
[----------] 1 test from RandomCommTest
[ RUN      ] RandomCommTest.TestsInTests
[==========] Running 1 test from 1 test suite.
[----------] Global test environment set-up.
[----------] 1 test from RandomCommTest
[ RUN      ] RandomCommTest.TestsInTests
[==========] Running 1 test from 1 test suite.
[----------] Global test environment set-up.
[----------] 1 test from RandomCommTest
[ RUN      ] RandomCommTest.TestsInTests
[==========] Running 1 test from 1 test suite.
[----------] Global test environment set-up.
[----------] 1 test from RandomCommTest
[ RUN      ] RandomCommTest.TestsInTests
[==========] Running 1 test from 1 test suite.
[----------] Global test environment set-up.
[----------] 1 test from RandomCommTest
[ RUN      ] RandomCommTest.TestsInTests
[==========] Running 1 test from 1 test suite.
[----------] Global test environment set-up.
[----------] 1 test from RandomCommTest
[ RUN      ] RandomCommTest.TestsInTests
[==========] Running 1 test from 1 test suite.
[----------] Global test environment set-up.
[----------] 1 test from RandomCommTest
[ RUN      ] RandomCommTest.TestsInTests
[==========] Running 1 test from 1 test suite.
[----------] Global test environment set-up.
[----------] 1 test from RandomCommTest
[ RUN      ] RandomCommTest.TestsInTests
[==========] Running 1 test from 1 test suite.
[----------] Global test environment set-up.
[----------] 1 test from RandomCommTest
[ RUN      ] RandomCommTest.TestsInTests
[==========] Running 1 test from 1 test suite.
[----------] Global test environment set-up.
[----------] 1 test from RandomCommTest
[ RUN      ] RandomCommTest.TestsInTests
[==========] Running 1 test from 1 test suite.
[----------] Global test environment set-up.
[----------] 1 test from RandomCommTest
[ RUN      ] RandomCommTest.TestsInTests
[==========] Running 1 test from 1 test suite.
[----------] Global test environment set-up.
[----------] 1 test from RandomCommTest
[ RUN      ] RandomCommTest.TestsInTests
[==========] Running 1 test from 1 test suite.
[----------] Global test environment set-up.
[----------] 1 test from RandomCommTest
[ RUN      ] RandomCommTest.TestsInTests
../../../test_data/dwt_162.pm Communication 1-1 Time: 9.807419e-03
../../../test_data/dwt_162.pm Communication 1-2 Time: 7.793826e-03
../../../test_data/dwt_162.pm Communication 1-3 Time: 7.463571e-03
../../../test_data/dwt_162.pm Communication 1-4 Time: 7.461574e-03
../../../test_data/dwt_162.pm Communication 2-1 Time: 7.121339e-03
../../../test_data/dwt_162.pm Communication 2-2 Time: 7.163780e-03
../../../test_data/dwt_162.pm Communication 2-3 Time: 7.084093e-03
../../../test_data/dwt_162.pm Communication 2-4 Time: 6.788353e-03
../../../test_data/dwt_162.pm Order comm time (1 order_comm): 8.537171e-06
../../../test_data/odepa400.pm Communication 1-1 Time: 2.161188e-03
../../../test_data/odepa400.pm Communication 1-2 Time: 2.150844e-03
../../../test_data/odepa400.pm Communication 1-3 Time: 2.136642e-03
../../../test_data/odepa400.pm Communication 1-4 Time: 2.143734e-03
../../../test_data/odepa400.pm Communication 2-1 Time: 2.139250e-03
../../../test_data/odepa400.pm Communication 2-2 Time: 2.129678e-03
../../../test_data/odepa400.pm Communication 2-3 Time: 2.127305e-03
../../../test_data/odepa400.pm Communication 2-4 Time: 2.144196e-03
../../../test_data/odepa400.pm Order comm time (1 order_comm): 1.943783e-06
../../../test_data/ww_36_pmec_36.pm Communication 1-1 Time: 4.643815e-02
../../../test_data/ww_36_pmec_36.pm Communication 1-2 Time: 3.946519e-02
../../../test_data/ww_36_pmec_36.pm Communication 1-3 Time: 3.963093e-02
../../../test_data/ww_36_pmec_36.pm Communication 1-4 Time: 3.968224e-02
../../../test_data/ww_36_pmec_36.pm Communication 2-1 Time: 3.965674e-02
../../../test_data/ww_36_pmec_36.pm Communication 2-2 Time: 3.964418e-02
../../../test_data/ww_36_pmec_36.pm Communication 2-3 Time: 3.958683e-02
../../../test_data/ww_36_pmec_36.pm Communication 2-4 Time: 3.961533e-02
../../../test_data/ww_36_pmec_36.pm Order comm time (1 order_comm): 4.007524e-05
../../../test_data/bcsstk01.pm Communication 1-1 Time: 4.887186e-03
../../../test_data/bcsstk01.pm Communication 1-2 Time: 4.793689e-03
../../../test_data/bcsstk01.pm Communication 1-3 Time: 4.814240e-03
../../../test_data/bcsstk01.pm Communication 1-4 Time: 4.814260e-03
../../../test_data/bcsstk01.pm Communication 2-1 Time: 4.883328e-03
../../../test_data/bcsstk01.pm Communication 2-2 Time: 4.916767e-03
../../../test_data/bcsstk01.pm Communication 2-3 Time: 4.893069e-03
../../../test_data/bcsstk01.pm Communication 2-4 Time: 4.897986e-03
../../../test_data/bcsstk01.pm Order comm time (1 order_comm): 6.145527e-06
../../../test_data/west0132.pm Communication 1-1 Time: 4.027791e-03
../../../test_data/west0132.pm Communication 1-2 Time: 3.938173e-03
../../../test_data/west0132.pm Communication 1-3 Time: 3.892129e-03
../../../test_data/west0132.pm Communication 1-4 Time: 3.919348e-03
../../../test_data/west0132.pm Communication 2-1 Time: 3.897399e-03
../../../test_data/west0132.pm Communication 2-2 Time: 3.916164e-03
../../../test_data/west0132.pm Communication 2-3 Time: 3.896713e-03
../../../test_data/west0132.pm Communication 2-4 Time: 3.920435e-03
../../../test_data/west0132.pm Order comm time (1 order_comm): 4.712435e-06
../../../test_data/gams10a.pm Communication 1-1 Time: 3.189835e-03
../../../test_data/gams10a.pm Communication 1-2 Time: 3.055279e-03
../../../test_data/gams10a.pm Communication 1-3 Time: 3.048745e-03
../../../test_data/gams10a.pm Communication 1-4 Time: 3.066261e-03
../../../test_data/gams10a.pm Communication 2-1 Time: 3.051658e-03
../../../test_data/gams10a.pm Communication 2-2 Time: 3.081845e-03
../../../test_data/gams10a.pm Communication 2-3 Time: 3.040124e-03
../../../test_data/gams10a.pm Communication 2-4 Time: 3.045924e-03
../../../test_data/gams10a.pm Order comm time (1 order_comm): 3.978403e-06
../../../test_data/gams10am.pm Communication 1-1 Time: 7.998121e-03
../../../test_data/gams10am.pm Communication 1-2 Time: 3.319049e-03
../../../test_data/gams10am.pm Communication 1-3 Time: 6.481744e-03
../../../test_data/gams10am.pm Communication 1-4 Time: 3.309068e-03
../../../test_data/gams10am.pm Communication 2-1 Time: 3.199805e-03
../../../test_data/gams10am.pm Communication 2-2 Time: 3.210619e-03
../../../test_data/gams10am.pm Communication 2-3 Time: 4.579097e-03
../../../test_data/gams10am.pm Communication 2-4 Time: 3.234387e-03
../../../test_data/gams10am.pm Order comm time (1 order_comm): 4.083483e-06
../../../test_data/D_10.pm Communication 1-1 Time: 4.905803e-02
../../../test_data/D_10.pm Communication 1-2 Time: 4.011869e-02
../../../test_data/D_10.pm Communication 1-3 Time: 4.020786e-02
../../../test_data/D_10.pm Communication 1-4 Time: 4.036340e-02
../../../test_data/D_10.pm Communication 2-1 Time: 4.036892e-02
../../../test_data/D_10.pm Communication 2-2 Time: 4.022926e-02
../../../test_data/D_10.pm Communication 2-3 Time: 4.029004e-02
../../../test_data/D_10.pm Communication 2-4 Time: 4.024826e-02
../../../test_data/D_10.pm Order comm time (1 order_comm): 4.080504e-05
../../../test_data/oscil_dcop_11.pm Communication 1-1 Time: 6.460313e-03
../../../test_data/oscil_dcop_11.pm Communication 1-2 Time: 6.137521e-03
../../../test_data/oscil_dcop_11.pm Communication 1-3 Time: 6.151587e-03
../../../test_data/oscil_dcop_11.pm Communication 1-4 Time: 6.084215e-03
../../../test_data/oscil_dcop_11.pm Communication 2-1 Time: 6.156588e-03
../../../test_data/oscil_dcop_11.pm Communication 2-2 Time: 6.192056e-03
../../../test_data/oscil_dcop_11.pm Communication 2-3 Time: 6.173461e-03
../../../test_data/oscil_dcop_11.pm Communication 2-4 Time: 6.157843e-03
../../../test_data/oscil_dcop_11.pm Order comm time (1 order_comm): 7.697875e-06
../../../test_data/tumorAntiAngiogenesis_4.pm Communication 1-1 Time: 1.543839e-02
../../../test_data/tumorAntiAngiogenesis_4.pm Communication 1-2 Time: 1.517666e-02
../../../test_data/tumorAntiAngiogenesis_4.pm Communication 1-3 Time: 1.518794e-02
../../../test_data/tumorAntiAngiogenesis_4.pm Communication 1-4 Time: 1.515015e-02
../../../test_data/tumorAntiAngiogenesis_4.pm Communication 2-1 Time: 1.516898e-02
../../../test_data/tumorAntiAngiogenesis_4.pm Communication 2-2 Time: 1.514275e-02
../../../test_data/tumorAntiAngiogenesis_4.pm Communication 2-3 Time: 1.519449e-02
../../../test_data/tumorAntiAngiogenesis_4.pm Communication 2-4 Time: 1.518962e-02
../../../test_data/tumorAntiAngiogenesis_4.pm Order comm time (1 order_comm): 1.477280e-05
../../../test_data/ch5-5-b1.pm Communication 1-1 Time: 2.387792e-02
../../../test_data/ch5-5-b1.pm Communication 1-2 Time: 2.357600e-02
../../../test_data/ch5-5-b1.pm Communication 1-3 Time: 2.368686e-02
../../../test_data/ch5-5-b1.pm Communication 1-4 Time: 2.380018e-02
../../../test_data/ch5-5-b1.pm Communication 2-1 Time: 2.369151e-02
../../../test_data/ch5-5-b1.pm Communication 2-2 Time: 2.366155e-02
../../../test_data/ch5-5-b1.pm Communication 2-3 Time: 2.363604e-02
../../../test_data/ch5-5-b1.pm Communication 2-4 Time: 2.377500e-02
../../../test_data/ch5-5-b1.pm Order comm time (1 order_comm): 2.380500e-05
../../../test_data/msc01050.pm Communication 1-1 Time: 1.417131e-02
../../../test_data/msc01050.pm Communication 1-2 Time: 1.368823e-02
../../../test_data/msc01050.pm Communication 1-3 Time: 1.342393e-02
../../../test_data/msc01050.pm Communication 1-4 Time: 1.344427e-02
../../../test_data/msc01050.pm Communication 2-1 Time: 1.363506e-02
../../../test_data/msc01050.pm Communication 2-2 Time: 1.354012e-02
../../../test_data/msc01050.pm Communication 2-3 Time: 1.355026e-02
../../../test_data/msc01050.pm Communication 2-4 Time: 1.350611e-02
../../../test_data/msc01050.pm Order comm time (1 order_comm): 1.474556e-05
../../../test_data/SmaGri.pm Communication 1-1 Time: 2.589461e-02
../../../test_data/SmaGri.pm Communication 1-2 Time: 2.506424e-02
../../../test_data/SmaGri.pm Communication 1-3 Time: 2.550676e-02
../../../test_data/SmaGri.pm Communication 1-4 Time: 2.477719e-02
../../../test_data/SmaGri.pm Communication 2-1 Time: 2.536505e-02
../../../test_data/SmaGri.pm Communication 2-2 Time: 2.504889e-02
../../../test_data/SmaGri.pm Communication 2-3 Time: 2.493963e-02
../../../test_data/SmaGri.pm Communication 2-4 Time: 2.463501e-02
../../../test_data/SmaGri.pm Order comm time (1 order_comm): 1.107693e-04
../../../test_data/radfr1.pm Communication 1-1 Time: 4.752489e-03
../../../test_data/radfr1.pm Communication 1-2 Time: 4.462190e-03
../../../test_data/radfr1.pm Communication 1-3 Time: 4.541152e-03
../../../test_data/radfr1.pm Communication 1-4 Time: 4.356345e-03
../../../test_data/radfr1.pm Communication 2-1 Time: 4.318664e-03
../../../test_data/radfr1.pm Communication 2-2 Time: 4.304058e-03
../../../test_data/radfr1.pm Communication 2-3 Time: 4.282942e-03
../../../test_data/radfr1.pm Communication 2-4 Time: 4.249249e-03
../../../test_data/radfr1.pm Order comm time (1 order_comm): 9.290924e-04
../../../test_data/bibd_49_3.pm Communication 1-1 Time: 5.090548e-02
../../../test_data/bibd_49_3.pm Communication 1-2 Time: 4.901944e-02
../../../test_data/bibd_49_3.pm Communication 1-3 Time: 4.913310e-02
../../../test_data/bibd_49_3.pm Communication 1-4 Time: 4.970213e-02
../../../test_data/bibd_49_3.pm Communication 2-1 Time: 4.896169e-02
[       OK ] RandomCommTest.TestsInTests (4536 ms)
[----------] 1 test from RandomCommTest (4536 ms total)

[----------] Global test environment tear-down
../../../test_data/bibd_49_3.pm Communication 2-2 Time: 4.904032e-02
../../../test_data/bibd_49_3.pm Communication 2-3 Time: 4.913715e-02
../../../test_data/bibd_49_3.pm Communication 2-4 Time: 4.910852e-02
../../../test_data/bibd_49_3.pm Order comm time (1 order_comm): 3.761964e-05
../../../test_data/can_1054.pm Communication 1-1 Time: 1.690301e-01
../../../test_data/can_1054.pm Communication 1-2 Time: 9.572600e-03
../../../test_data/can_1054.pm Communication 1-3 Time: 9.630407e-03
../../../test_data/can_1054.pm Communication 1-4 Time: 9.597746e-03
../../../test_data/can_1054.pm Communication 2-1 Time: 9.660644e-03
../../../test_data/can_1054.pm Communication 2-2 Time: 9.618540e-03
../../../test_data/can_1054.pm Communication 2-3 Time: 9.566998e-03
../../../test_data/can_1054.pm Communication 2-4 Time: 9.610283e-03
../../../test_data/can_1054.pm Order comm time (1 order_comm): 1.168711e-05
../../../test_data/can_1072.pm Communication 1-1 Time: 1.105409e-02
[       OK ] RandomCommTest.TestsInTests (4534 ms)
[----------] 1 test from RandomCommTest (4534 ms total)

[----------] Global test environment tear-down
[==========] 1 test from 1 test suite ran. (4534 ms total)
[  PASSED  ] 1 test.
../../../test_data/can_1072.pm Communication 1-2 Time: 1.155116e-02
../../../test_data/can_1072.pm Communication 1-3 Time: 1.183137e-02
../../../test_data/can_1072.pm Communication 1-4 Time: 1.063096e-02
../../../test_data/can_1072.pm Communication 2-1 Time: 1.064306e-02
../../../test_data/can_1072.pm Communication 2-2 Time: 1.062197e-02
../../../test_data/can_1072.pm Communication 2-3 Time: 1.064021e-02
../../../test_data/can_1072.pm Communication 2-4 Time: 1.065794e-02
../../../test_data/can_1072.pm Order comm time (1 order_comm): 1.272113e-05
../../../test_data/lp_sctap2.pm Communication 1-1 Time: 7.789535e-03
../../../test_data/lp_sctap2.pm Communication 1-2 Time: 6.557021e-03
../../../test_data/lp_sctap2.pm Communication 1-3 Time: 6.720487e-03
../../../test_data/lp_sctap2.pm Communication 1-4 Time: 7.140896e-03
../../../test_data/lp_sctap2.pm Communication 2-1 Time: 7.010644e-03
../../../test_data/lp_sctap2.pm Communication 2-2 Time: 7.077683e-03
[       OK ] RandomCommTest.TestsInTests (4532 ms)
../../../test_data/lp_sctap2.pm Communication 2-3 Time: 7.026860e-03
../../../test_data/lp_sctap2.pm Communication 2-4 Time: 7.084915e-03
../../../test_data/lp_sctap2.pm Order comm time (1 order_comm): 8.221727e-06
../../../test_data/lp_woodw.pm Communication 1-1 Time: 2.250424e-02
../../../test_data/lp_woodw.pm Communication 1-2 Time: 1.758331e-02
../../../test_data/lp_woodw.pm Communication 1-3 Time: 1.783281e-02
../../../test_data/lp_woodw.pm Communication 1-4 Time: 1.667634e-02
../../../test_data/lp_woodw.pm Communication 2-1 Time: 1.788044e-02
../../../test_data/lp_woodw.pm Communication 2-2 Time: 1.620606e-02
../../../test_data/lp_woodw.pm Communication 2-3 Time: 1.612513e-02
../../../test_data/lp_woodw.pm Communication 2-4 Time: 1.683006e-02
../../../test_data/lp_woodw.pm Order comm time (1 order_comm): 1.999164e-05
[       OK ] RandomCommTest.TestsInTests (4530 ms)
[----------] 1 test from RandomCommTest (4530 ms total)

[----------] Global test environment tear-down
[       OK ] RandomCommTest.TestsInTests (4531 ms)
[----------] 1 test from RandomCommTest (4531 ms total)

[----------] Global test environment tear-down
[==========] 1 test from 1 test suite ran. (4531 ms total)
[  PASSED  ] 1 test.
[       OK ] RandomCommTest.TestsInTests (4540 ms)
[----------] 1 test from RandomCommTest (4540 ms total)

[----------] Global test environment tear-down
[==========] 1 test from 1 test suite ran. (4540 ms total)
[  PASSED  ] 1 test.
[       OK ] RandomCommTest.TestsInTests (4529 ms)
[----------] 1 test from RandomCommTest (4529 ms total)

[----------] Global test environment tear-down
[==========] 1 test from 1 test suite ran. (4529 ms total)
[  PASSED  ] 1 test.
[       OK ] RandomCommTest.TestsInTests (4539 ms)
[----------] 1 test from RandomCommTest (4539 ms total)

[----------] Global test environment tear-down
[==========] 1 test from 1 test suite ran. (4539 ms total)
[  PASSED  ] 1 test.
[       OK ] RandomCommTest.TestsInTests (4539 ms)
[----------] 1 test from RandomCommTest (4539 ms total)

[----------] Global test environment tear-down
[==========] 1 test from 1 test suite ran. (4539 ms total)
[  PASSED  ] 1 test.
[       OK ] RandomCommTest.TestsInTests (4537 ms)
[       OK ] RandomCommTest.TestsInTests (4537 ms)
[----------] 1 test from RandomCommTest (4537 ms total)

[----------] Global test environment tear-down
[==========] 1 test from 1 test suite ran. (4537 ms total)
[  PASSED  ] 1 test.
[       OK ] RandomCommTest.TestsInTests (4535 ms)
[----------] 1 test from RandomCommTest (4535 ms total)

[----------] Global test environment tear-down
[==========] 1 test from 1 test suite ran. (4535 ms total)
[  PASSED  ] 1 test.
[==========] 1 test from 1 test suite ran. (4536 ms total)
[  PASSED  ] 1 test.
[       OK ] RandomCommTest.TestsInTests (4534 ms)
[----------] 1 test from RandomCommTest (4534 ms total)

[----------] Global test environment tear-down
[==========] 1 test from 1 test suite ran. (4534 ms total)
[  PASSED  ] 1 test.
[       OK ] RandomCommTest.TestsInTests (4529 ms)
[----------] 1 test from RandomCommTest (4529 ms total)

[----------] Global test environment tear-down
[==========] 1 test from 1 test suite ran. (4529 ms total)
[  PASSED  ] 1 test.
[       OK ] RandomCommTest.TestsInTests (4532 ms)
[----------] 1 test from RandomCommTest (4532 ms total)

[----------] Global test environment tear-down
[==========] 1 test from 1 test suite ran. (4532 ms total)
[  PASSED  ] 1 test.
[----------] 1 test from RandomCommTest (4533 ms total)

[----------] Global test environment tear-down
[==========] 1 test from 1 test suite ran. (4533 ms total)
[  PASSED  ] 1 test.
[       OK ] RandomCommTest.TestsInTests (4531 ms)
[----------] 1 test from RandomCommTest (4531 ms total)

[----------] Global test environment tear-down
[==========] 1 test from 1 test suite ran. (4531 ms total)
[  PASSED  ] 1 test.
[==========] 1 test from 1 test suite ran. (4530 ms total)
[  PASSED  ] 1 test.
[----------] 1 test from RandomCommTest (4537 ms total)

[----------] Global test environment tear-down
[==========] 1 test from 1 test suite ran. (4537 ms total)
[  PASSED  ] 1 test.
