0: Testing Size 1
0: PMPI_Allreduce Time 3.486034e-05
0: MPIL Recursive Doubling Allreduce Time 4.690267e-05
0: MPIL Node-Aware Dissemination Allreduce Time 2.927899e-05
0: MPIL NUMA-Aware Dissemination Allreduce Time 2.962546e-05
0: Testing Size 2
0: PMPI_Allreduce Time 3.614532e-05
0: MPIL Recursive Doubling Allreduce Time 1.147667e-04
0: MPIL Node-Aware Dissemination Allreduce Time 3.460654e-05
0: MPIL NUMA-Aware Dissemination Allreduce Time 3.442228e-05
0: Testing Size 4
0: PMPI_Allreduce Time 3.819790e-05
0: MPIL Recursive Doubling Allreduce Time 4.860683e-05
0: MPIL Node-Aware Dissemination Allreduce Time 3.118728e-05
0: MPIL NUMA-Aware Dissemination Allreduce Time 3.514657e-05
0: Testing Size 8
0: PMPI_Allreduce Time 3.495639e-05
0: MPIL Recursive Doubling Allreduce Time 6.537221e-05
0: MPIL Node-Aware Dissemination Allreduce Time 3.782770e-05
0: MPIL NUMA-Aware Dissemination Allreduce Time 3.016059e-05
0: Testing Size 16
0: PMPI_Allreduce Time 3.874882e-05
0: MPIL Recursive Doubling Allreduce Time 7.013621e-05
0: MPIL Node-Aware Dissemination Allreduce Time 3.292775e-05
0: MPIL NUMA-Aware Dissemination Allreduce Time 2.924488e-05
0: Testing Size 32
0: PMPI_Allreduce Time 5.122017e-05
0: MPIL Recursive Doubling Allreduce Time 8.307631e-05
0: MPIL Node-Aware Dissemination Allreduce Time 3.840520e-05
0: MPIL NUMA-Aware Dissemination Allreduce Time 3.744865e-05
0: Testing Size 64
0: PMPI_Allreduce Time 7.661183e-05
0: MPIL Recursive Doubling Allreduce Time 8.984614e-05
0: MPIL Node-Aware Dissemination Allreduce Time 1.304389e-04
0: MPIL NUMA-Aware Dissemination Allreduce Time 6.909562e-05
0: Testing Size 128
0: PMPI_Allreduce Time 6.577707e-04
0: MPIL Recursive Doubling Allreduce Time 1.366585e-03
0: MPIL Node-Aware Dissemination Allreduce Time 2.824999e-04
0: MPIL NUMA-Aware Dissemination Allreduce Time 2.253404e-04
0: Testing Size 256
0: PMPI_Allreduce Time 1.662652e-03
0: MPIL Recursive Doubling Allreduce Time 1.737994e-03
0: MPIL Node-Aware Dissemination Allreduce Time 2.742269e-04
0: MPIL NUMA-Aware Dissemination Allreduce Time 6.054275e-04
0: Testing Size 512
0: PMPI_Allreduce Time 2.497813e-03
0: MPIL Recursive Doubling Allreduce Time 2.503309e-03
0: MPIL Node-Aware Dissemination Allreduce Time 8.672380e-04
0: MPIL NUMA-Aware Dissemination Allreduce Time 1.253218e-03
0: Testing Size 1024
0: PMPI_Allreduce Time 3.223602e-03
0: MPIL Recursive Doubling Allreduce Time 3.354509e-03
0: MPIL Node-Aware Dissemination Allreduce Time 1.424323e-03
0: MPIL NUMA-Aware Dissemination Allreduce Time 2.071474e-03
0: Testing Size 2048
0: PMPI_Allreduce Time 3.504988e-03
0: MPIL Recursive Doubling Allreduce Time 3.652826e-03
0: MPIL Node-Aware Dissemination Allreduce Time 1.471179e-03
0: MPIL NUMA-Aware Dissemination Allreduce Time 2.090832e-03
0: Testing Size 4096
0: PMPI_Allreduce Time 6.365728e-04
0: MPIL Recursive Doubling Allreduce Time 1.614116e-03
0: MPIL Node-Aware Dissemination Allreduce Time 7.226019e-04
0: MPIL NUMA-Aware Dissemination Allreduce Time 9.364781e-04
0: Testing Size 8192
0: PMPI_Allreduce Time 9.704031e-04
0: MPIL Recursive Doubling Allreduce Time 1.916390e-03
0: MPIL Node-Aware Dissemination Allreduce Time 9.181984e-04
0: MPIL NUMA-Aware Dissemination Allreduce Time 1.185584e-03
0: Testing Size 16384
0: PMPI_Allreduce Time 1.793943e-03
0: MPIL Recursive Doubling Allreduce Time 2.712430e-03
0: MPIL Node-Aware Dissemination Allreduce Time 1.468020e-03
0: MPIL NUMA-Aware Dissemination Allreduce Time 1.822101e-03
0: Testing Size 32768
0: PMPI_Allreduce Time 2.712551e-03
0: MPIL Recursive Doubling Allreduce Time 4.551211e-03
0: MPIL Node-Aware Dissemination Allreduce Time 2.334945e-03
0: MPIL NUMA-Aware Dissemination Allreduce Time 2.437479e-03
0: Testing Size 65536
0: PMPI_Allreduce Time 3.891646e-03
0: MPIL Recursive Doubling Allreduce Time 7.965768e-03
0: MPIL Node-Aware Dissemination Allreduce Time 3.980193e-03
0: MPIL NUMA-Aware Dissemination Allreduce Time 4.462225e-03
0: Testing Size 131072
0: PMPI_Allreduce Time 7.746780e-03
0: MPIL Recursive Doubling Allreduce Time 1.568495e-02
0: MPIL Node-Aware Dissemination Allreduce Time 8.004997e-03
0: MPIL NUMA-Aware Dissemination Allreduce Time 9.663584e-03
0: Testing Size 262144
0: PMPI_Allreduce Time 1.209965e-02
0: MPIL Recursive Doubling Allreduce Time 3.121439e-02
0: MPIL Node-Aware Dissemination Allreduce Time 1.508313e-02
0: MPIL NUMA-Aware Dissemination Allreduce Time 1.829456e-02
0: Testing Size 524288
0: PMPI_Allreduce Time 2.312464e-02
0: MPIL Recursive Doubling Allreduce Time 5.576100e-02
0: MPIL Node-Aware Dissemination Allreduce Time 3.299887e-02
0: MPIL NUMA-Aware Dissemination Allreduce Time 3.870798e-02
