0: Testing Size 1
0: PMPI_Allreduce Time 1.814083e-05
0: MPIL Recursive Doubling Allreduce Time 2.381832e-05
0: MPIL Node-Aware Dissemination Allreduce Time 2.359659e-05
0: MPIL NUMA-Aware Dissemination Allreduce Time 9.730883e-06
0: Testing Size 2
0: PMPI_Allreduce Time 1.796059e-05
0: MPIL Recursive Doubling Allreduce Time 2.665739e-05
0: MPIL Node-Aware Dissemination Allreduce Time 2.320464e-05
0: MPIL NUMA-Aware Dissemination Allreduce Time 1.057409e-05
0: Testing Size 4
0: PMPI_Allreduce Time 1.801691e-05
0: MPIL Recursive Doubling Allreduce Time 2.681910e-05
0: MPIL Node-Aware Dissemination Allreduce Time 2.306585e-05
0: MPIL NUMA-Aware Dissemination Allreduce Time 1.080601e-05
0: Testing Size 8
0: PMPI_Allreduce Time 1.800054e-05
0: MPIL Recursive Doubling Allreduce Time 2.816901e-05
0: MPIL Node-Aware Dissemination Allreduce Time 2.254014e-05
0: MPIL NUMA-Aware Dissemination Allreduce Time 1.141703e-05
0: Testing Size 16
0: PMPI_Allreduce Time 1.978237e-05
0: MPIL Recursive Doubling Allreduce Time 3.449421e-05
0: MPIL Node-Aware Dissemination Allreduce Time 2.609844e-05
0: MPIL NUMA-Aware Dissemination Allreduce Time 1.220026e-05
0: Testing Size 32
0: PMPI_Allreduce Time 2.434782e-05
0: MPIL Recursive Doubling Allreduce Time 4.085731e-05
0: MPIL Node-Aware Dissemination Allreduce Time 3.194705e-05
0: MPIL NUMA-Aware Dissemination Allreduce Time 1.560704e-05
0: Testing Size 64
0: PMPI_Allreduce Time 4.446380e-05
0: MPIL Recursive Doubling Allreduce Time 4.668057e-05
0: MPIL Node-Aware Dissemination Allreduce Time 5.280526e-05
0: MPIL NUMA-Aware Dissemination Allreduce Time 2.721673e-05
0: Testing Size 128
0: PMPI_Allreduce Time 7.216294e-05
0: MPIL Recursive Doubling Allreduce Time 1.190125e-04
0: MPIL Node-Aware Dissemination Allreduce Time 8.795025e-05
0: MPIL NUMA-Aware Dissemination Allreduce Time 4.679041e-05
0: Testing Size 256
0: PMPI_Allreduce Time 1.620730e-04
0: MPIL Recursive Doubling Allreduce Time 1.752129e-04
0: MPIL Node-Aware Dissemination Allreduce Time 1.266062e-04
0: MPIL NUMA-Aware Dissemination Allreduce Time 7.276083e-05
0: Testing Size 512
0: PMPI_Allreduce Time 2.008112e-04
0: MPIL Recursive Doubling Allreduce Time 1.836988e-04
0: MPIL Node-Aware Dissemination Allreduce Time 1.756755e-04
0: MPIL NUMA-Aware Dissemination Allreduce Time 1.032390e-04
0: Testing Size 1024
0: PMPI_Allreduce Time 2.163505e-04
0: MPIL Recursive Doubling Allreduce Time 2.422382e-04
0: MPIL Node-Aware Dissemination Allreduce Time 2.448781e-04
0: MPIL NUMA-Aware Dissemination Allreduce Time 2.084347e-04
0: Testing Size 2048
0: PMPI_Allreduce Time 1.706845e-04
0: MPIL Recursive Doubling Allreduce Time 3.259789e-04
0: MPIL Node-Aware Dissemination Allreduce Time 2.411884e-04
0: MPIL NUMA-Aware Dissemination Allreduce Time 2.432367e-04
0: Testing Size 4096
0: PMPI_Allreduce Time 2.668347e-04
0: MPIL Recursive Doubling Allreduce Time 4.387933e-04
0: MPIL Node-Aware Dissemination Allreduce Time 3.793746e-04
0: MPIL NUMA-Aware Dissemination Allreduce Time 2.440694e-04
0: Testing Size 8192
0: PMPI_Allreduce Time 4.197224e-04
0: MPIL Recursive Doubling Allreduce Time 7.737679e-04
0: MPIL Node-Aware Dissemination Allreduce Time 6.387858e-04
0: MPIL NUMA-Aware Dissemination Allreduce Time 4.028222e-04
0: Testing Size 16384
0: PMPI_Allreduce Time 7.254741e-04
0: MPIL Recursive Doubling Allreduce Time 1.481955e-03
0: MPIL Node-Aware Dissemination Allreduce Time 1.153146e-03
0: MPIL NUMA-Aware Dissemination Allreduce Time 7.158697e-04
0: Testing Size 32768
0: PMPI_Allreduce Time 1.388566e-03
0: MPIL Recursive Doubling Allreduce Time 2.918268e-03
0: MPIL Node-Aware Dissemination Allreduce Time 2.136454e-03
0: MPIL NUMA-Aware Dissemination Allreduce Time 1.346186e-03
0: Testing Size 65536
0: PMPI_Allreduce Time 2.676888e-03
0: MPIL Recursive Doubling Allreduce Time 5.661265e-03
0: MPIL Node-Aware Dissemination Allreduce Time 4.044581e-03
0: MPIL NUMA-Aware Dissemination Allreduce Time 2.626729e-03
0: Testing Size 131072
0: PMPI_Allreduce Time 5.212042e-03
0: MPIL Recursive Doubling Allreduce Time 1.089867e-02
0: MPIL Node-Aware Dissemination Allreduce Time 7.912967e-03
0: MPIL NUMA-Aware Dissemination Allreduce Time 5.631971e-03
0: Testing Size 262144
0: PMPI_Allreduce Time 9.472969e-03
0: MPIL Recursive Doubling Allreduce Time 2.071954e-02
0: MPIL Node-Aware Dissemination Allreduce Time 1.393461e-02
0: MPIL NUMA-Aware Dissemination Allreduce Time 1.083690e-02
0: Testing Size 524288
0: PMPI_Allreduce Time 1.949054e-02
0: MPIL Recursive Doubling Allreduce Time 2.968847e-02
0: MPIL Node-Aware Dissemination Allreduce Time 2.804467e-02
0: MPIL NUMA-Aware Dissemination Allreduce Time 2.439979e-02
