0: Testing Size 1
0: PMPI_Allreduce Time 2.247637e-05
0: MPIL Recursive Doubling Allreduce Time 2.944275e-05
0: MPIL Node-Aware Dissemination Allreduce Time 2.360927e-05
0: MPIL NUMA-Aware Dissemination Allreduce Time 1.600865e-05
0: Testing Size 2
0: PMPI_Allreduce Time 2.304071e-05
0: MPIL Recursive Doubling Allreduce Time 3.320610e-05
0: MPIL Node-Aware Dissemination Allreduce Time 2.446250e-05
0: MPIL NUMA-Aware Dissemination Allreduce Time 1.934914e-05
0: Testing Size 4
0: PMPI_Allreduce Time 2.286139e-05
0: MPIL Recursive Doubling Allreduce Time 3.448255e-05
0: MPIL Node-Aware Dissemination Allreduce Time 2.445600e-05
0: MPIL NUMA-Aware Dissemination Allreduce Time 1.786707e-05
0: Testing Size 8
0: PMPI_Allreduce Time 2.284020e-05
0: MPIL Recursive Doubling Allreduce Time 3.109098e-05
0: MPIL Node-Aware Dissemination Allreduce Time 2.520862e-05
0: MPIL NUMA-Aware Dissemination Allreduce Time 1.839502e-05
0: Testing Size 16
0: PMPI_Allreduce Time 2.464969e-05
0: MPIL Recursive Doubling Allreduce Time 4.107456e-05
0: MPIL Node-Aware Dissemination Allreduce Time 2.887301e-05
0: MPIL NUMA-Aware Dissemination Allreduce Time 2.162558e-05
0: Testing Size 32
0: PMPI_Allreduce Time 3.334246e-05
0: MPIL Recursive Doubling Allreduce Time 4.727259e-05
0: MPIL Node-Aware Dissemination Allreduce Time 3.323196e-05
0: MPIL NUMA-Aware Dissemination Allreduce Time 2.453016e-05
0: Testing Size 64
0: PMPI_Allreduce Time 5.049342e-05
0: MPIL Recursive Doubling Allreduce Time 4.963830e-05
0: MPIL Node-Aware Dissemination Allreduce Time 6.228988e-05
0: MPIL NUMA-Aware Dissemination Allreduce Time 3.526333e-05
0: Testing Size 128
0: PMPI_Allreduce Time 1.558180e-04
0: MPIL Recursive Doubling Allreduce Time 2.951513e-04
0: MPIL Node-Aware Dissemination Allreduce Time 8.912325e-05
0: MPIL NUMA-Aware Dissemination Allreduce Time 8.777580e-05
0: Testing Size 256
0: PMPI_Allreduce Time 2.065335e-04
0: MPIL Recursive Doubling Allreduce Time 4.756159e-04
0: MPIL Node-Aware Dissemination Allreduce Time 1.184613e-04
0: MPIL NUMA-Aware Dissemination Allreduce Time 1.353862e-04
0: Testing Size 512
0: PMPI_Allreduce Time 3.938348e-04
0: MPIL Recursive Doubling Allreduce Time 5.527559e-04
0: MPIL Node-Aware Dissemination Allreduce Time 1.717034e-04
0: MPIL NUMA-Aware Dissemination Allreduce Time 1.533417e-04
0: Testing Size 1024
0: PMPI_Allreduce Time 8.614175e-04
0: MPIL Recursive Doubling Allreduce Time 6.181096e-04
0: MPIL Node-Aware Dissemination Allreduce Time 2.851205e-04
0: MPIL NUMA-Aware Dissemination Allreduce Time 2.259382e-04
0: Testing Size 2048
0: PMPI_Allreduce Time 1.994422e-04
0: MPIL Recursive Doubling Allreduce Time 7.999041e-04
0: MPIL Node-Aware Dissemination Allreduce Time 2.479613e-04
0: MPIL NUMA-Aware Dissemination Allreduce Time 2.173535e-04
0: Testing Size 4096
0: PMPI_Allreduce Time 2.943769e-04
0: MPIL Recursive Doubling Allreduce Time 4.926452e-04
0: MPIL Node-Aware Dissemination Allreduce Time 3.849301e-04
0: MPIL NUMA-Aware Dissemination Allreduce Time 2.594775e-04
0: Testing Size 8192
0: PMPI_Allreduce Time 4.906710e-04
0: MPIL Recursive Doubling Allreduce Time 8.690653e-04
0: MPIL Node-Aware Dissemination Allreduce Time 6.494007e-04
0: MPIL NUMA-Aware Dissemination Allreduce Time 4.514519e-04
0: Testing Size 16384
0: PMPI_Allreduce Time 7.907306e-04
0: MPIL Recursive Doubling Allreduce Time 1.651999e-03
0: MPIL Node-Aware Dissemination Allreduce Time 1.162876e-03
0: MPIL NUMA-Aware Dissemination Allreduce Time 7.757058e-04
0: Testing Size 32768
0: PMPI_Allreduce Time 1.483736e-03
0: MPIL Recursive Doubling Allreduce Time 3.094120e-03
0: MPIL Node-Aware Dissemination Allreduce Time 2.141414e-03
0: MPIL NUMA-Aware Dissemination Allreduce Time 1.438873e-03
0: Testing Size 65536
0: PMPI_Allreduce Time 2.762545e-03
0: MPIL Recursive Doubling Allreduce Time 6.019572e-03
0: MPIL Node-Aware Dissemination Allreduce Time 4.131859e-03
0: MPIL NUMA-Aware Dissemination Allreduce Time 2.709848e-03
0: Testing Size 131072
0: PMPI_Allreduce Time 5.449567e-03
0: MPIL Recursive Doubling Allreduce Time 1.181320e-02
0: MPIL Node-Aware Dissemination Allreduce Time 7.964920e-03
0: MPIL NUMA-Aware Dissemination Allreduce Time 6.873018e-03
0: Testing Size 262144
0: PMPI_Allreduce Time 9.502679e-03
0: MPIL Recursive Doubling Allreduce Time 2.255029e-02
0: MPIL Node-Aware Dissemination Allreduce Time 1.463938e-02
0: MPIL NUMA-Aware Dissemination Allreduce Time 1.299261e-02
0: Testing Size 524288
0: PMPI_Allreduce Time 1.953561e-02
0: MPIL Recursive Doubling Allreduce Time 3.519383e-02
0: MPIL Node-Aware Dissemination Allreduce Time 2.873063e-02
0: MPIL NUMA-Aware Dissemination Allreduce Time 2.803975e-02
