0: Testing Size 1
0: PMPI_Allreduce Time 3.094671e-05
0: MPIL Recursive Doubling Allreduce Time 4.091994e-05
0: MPIL Node-Aware Dissemination Allreduce Time 2.504756e-05
0: MPIL NUMA-Aware Dissemination Allreduce Time 2.273832e-05
0: Testing Size 2
0: PMPI_Allreduce Time 3.255427e-05
0: MPIL Recursive Doubling Allreduce Time 4.524479e-05
0: MPIL Node-Aware Dissemination Allreduce Time 2.825588e-05
0: MPIL NUMA-Aware Dissemination Allreduce Time 2.846281e-05
0: Testing Size 4
0: PMPI_Allreduce Time 3.143338e-05
0: MPIL Recursive Doubling Allreduce Time 5.778910e-05
0: MPIL Node-Aware Dissemination Allreduce Time 2.997021e-05
0: MPIL NUMA-Aware Dissemination Allreduce Time 2.646177e-05
0: Testing Size 8
0: PMPI_Allreduce Time 3.106252e-05
0: MPIL Recursive Doubling Allreduce Time 5.054620e-05
0: MPIL Node-Aware Dissemination Allreduce Time 2.656310e-05
0: MPIL NUMA-Aware Dissemination Allreduce Time 2.682923e-05
0: Testing Size 16
0: PMPI_Allreduce Time 3.349161e-05
0: MPIL Recursive Doubling Allreduce Time 5.635590e-05
0: MPIL Node-Aware Dissemination Allreduce Time 3.245607e-05
0: MPIL NUMA-Aware Dissemination Allreduce Time 2.852399e-05
0: Testing Size 32
0: PMPI_Allreduce Time 4.435312e-05
0: MPIL Recursive Doubling Allreduce Time 7.463065e-05
0: MPIL Node-Aware Dissemination Allreduce Time 3.518204e-05
0: MPIL NUMA-Aware Dissemination Allreduce Time 3.511124e-05
0: Testing Size 64
0: PMPI_Allreduce Time 7.580522e-05
0: MPIL Recursive Doubling Allreduce Time 7.394371e-05
0: MPIL Node-Aware Dissemination Allreduce Time 1.107628e-04
0: MPIL NUMA-Aware Dissemination Allreduce Time 5.351621e-05
0: Testing Size 128
0: PMPI_Allreduce Time 3.200464e-04
0: MPIL Recursive Doubling Allreduce Time 7.270097e-04
0: MPIL Node-Aware Dissemination Allreduce Time 1.145309e-04
0: MPIL NUMA-Aware Dissemination Allreduce Time 2.432097e-04
0: Testing Size 256
0: PMPI_Allreduce Time 9.256889e-04
0: MPIL Recursive Doubling Allreduce Time 1.262775e-03
0: MPIL Node-Aware Dissemination Allreduce Time 2.219194e-04
0: MPIL NUMA-Aware Dissemination Allreduce Time 4.756553e-04
0: Testing Size 512
0: PMPI_Allreduce Time 1.767540e-03
0: MPIL Recursive Doubling Allreduce Time 2.266272e-03
0: MPIL Node-Aware Dissemination Allreduce Time 3.336845e-04
0: MPIL NUMA-Aware Dissemination Allreduce Time 1.026351e-03
0: Testing Size 1024
0: PMPI_Allreduce Time 2.433005e-03
0: MPIL Recursive Doubling Allreduce Time 2.833008e-03
0: MPIL Node-Aware Dissemination Allreduce Time 7.128527e-04
0: MPIL NUMA-Aware Dissemination Allreduce Time 1.150066e-03
0: Testing Size 2048
0: PMPI_Allreduce Time 3.083208e-04
0: MPIL Recursive Doubling Allreduce Time 3.264145e-03
0: MPIL Node-Aware Dissemination Allreduce Time 8.012667e-04
0: MPIL NUMA-Aware Dissemination Allreduce Time 1.741577e-03
0: Testing Size 4096
0: PMPI_Allreduce Time 4.328392e-04
0: MPIL Recursive Doubling Allreduce Time 1.550580e-03
0: MPIL Node-Aware Dissemination Allreduce Time 4.464587e-04
0: MPIL NUMA-Aware Dissemination Allreduce Time 7.111426e-04
0: Testing Size 8192
0: PMPI_Allreduce Time 7.448049e-04
0: MPIL Recursive Doubling Allreduce Time 1.615766e-03
0: MPIL Node-Aware Dissemination Allreduce Time 6.233191e-04
0: MPIL NUMA-Aware Dissemination Allreduce Time 8.208851e-04
0: Testing Size 16384
0: PMPI_Allreduce Time 1.218047e-03
0: MPIL Recursive Doubling Allreduce Time 2.422429e-03
0: MPIL Node-Aware Dissemination Allreduce Time 1.163357e-03
0: MPIL NUMA-Aware Dissemination Allreduce Time 1.286141e-03
0: Testing Size 32768
0: PMPI_Allreduce Time 2.240893e-03
0: MPIL Recursive Doubling Allreduce Time 3.791864e-03
0: MPIL Node-Aware Dissemination Allreduce Time 1.987329e-03
0: MPIL NUMA-Aware Dissemination Allreduce Time 2.222107e-03
0: Testing Size 65536
0: PMPI_Allreduce Time 3.392006e-03
0: MPIL Recursive Doubling Allreduce Time 7.283476e-03
0: MPIL Node-Aware Dissemination Allreduce Time 3.830086e-03
0: MPIL NUMA-Aware Dissemination Allreduce Time 4.065789e-03
0: Testing Size 131072
0: PMPI_Allreduce Time 6.416646e-03
0: MPIL Recursive Doubling Allreduce Time 1.450480e-02
0: MPIL Node-Aware Dissemination Allreduce Time 7.836850e-03
0: MPIL NUMA-Aware Dissemination Allreduce Time 9.704146e-03
0: Testing Size 262144
0: PMPI_Allreduce Time 1.068339e-02
0: MPIL Recursive Doubling Allreduce Time 2.827840e-02
0: MPIL Node-Aware Dissemination Allreduce Time 1.482157e-02
0: MPIL NUMA-Aware Dissemination Allreduce Time 1.835250e-02
0: Testing Size 524288
0: PMPI_Allreduce Time 2.028256e-02
0: MPIL Recursive Doubling Allreduce Time 4.745613e-02
0: MPIL Node-Aware Dissemination Allreduce Time 3.234210e-02
0: MPIL NUMA-Aware Dissemination Allreduce Time 3.853013e-02
