0: Testing Size 1
0: PMPI_Allreduce Time 1.399143e-05
0: MPIL Recursive Doubling Allreduce Time 1.765487e-05
0: MPIL Node-Aware Dissemination Allreduce Time 2.137169e-05
0: MPIL NUMA-Aware Dissemination Allreduce Time 7.471081e-06
0: Testing Size 2
0: PMPI_Allreduce Time 1.369353e-05
0: MPIL Recursive Doubling Allreduce Time 1.991283e-05
0: MPIL Node-Aware Dissemination Allreduce Time 2.149719e-05
0: MPIL NUMA-Aware Dissemination Allreduce Time 7.906449e-06
0: Testing Size 4
0: PMPI_Allreduce Time 1.389867e-05
0: MPIL Recursive Doubling Allreduce Time 2.083522e-05
0: MPIL Node-Aware Dissemination Allreduce Time 2.209015e-05
0: MPIL NUMA-Aware Dissemination Allreduce Time 7.470212e-06
0: Testing Size 8
0: PMPI_Allreduce Time 1.424465e-05
0: MPIL Recursive Doubling Allreduce Time 2.015426e-05
0: MPIL Node-Aware Dissemination Allreduce Time 2.266327e-05
0: MPIL NUMA-Aware Dissemination Allreduce Time 7.631455e-06
0: Testing Size 16
0: PMPI_Allreduce Time 1.578910e-05
0: MPIL Recursive Doubling Allreduce Time 2.929437e-05
0: MPIL Node-Aware Dissemination Allreduce Time 2.429756e-05
0: MPIL NUMA-Aware Dissemination Allreduce Time 8.790242e-06
0: Testing Size 32
0: PMPI_Allreduce Time 1.853676e-05
0: MPIL Recursive Doubling Allreduce Time 3.430266e-05
0: MPIL Node-Aware Dissemination Allreduce Time 3.107000e-05
0: MPIL NUMA-Aware Dissemination Allreduce Time 1.153942e-05
0: Testing Size 64
0: PMPI_Allreduce Time 3.664807e-05
0: MPIL Recursive Doubling Allreduce Time 3.533136e-05
0: MPIL Node-Aware Dissemination Allreduce Time 5.112062e-05
0: MPIL NUMA-Aware Dissemination Allreduce Time 2.597750e-05
0: Testing Size 128
0: PMPI_Allreduce Time 5.328159e-05
0: MPIL Recursive Doubling Allreduce Time 5.450898e-05
0: MPIL Node-Aware Dissemination Allreduce Time 8.758583e-05
0: MPIL NUMA-Aware Dissemination Allreduce Time 4.442026e-05
0: Testing Size 256
0: PMPI_Allreduce Time 1.170418e-04
0: MPIL Recursive Doubling Allreduce Time 8.014654e-05
0: MPIL Node-Aware Dissemination Allreduce Time 1.153238e-04
0: MPIL NUMA-Aware Dissemination Allreduce Time 6.115291e-05
0: Testing Size 512
0: PMPI_Allreduce Time 1.022591e-04
0: MPIL Recursive Doubling Allreduce Time 1.174609e-04
0: MPIL Node-Aware Dissemination Allreduce Time 1.633731e-04
0: MPIL NUMA-Aware Dissemination Allreduce Time 7.916528e-05
0: Testing Size 1024
0: PMPI_Allreduce Time 1.218326e-04
0: MPIL Recursive Doubling Allreduce Time 3.073398e-04
0: MPIL Node-Aware Dissemination Allreduce Time 2.463686e-04
0: MPIL NUMA-Aware Dissemination Allreduce Time 1.155039e-04
0: Testing Size 2048
0: PMPI_Allreduce Time 1.635537e-04
0: MPIL Recursive Doubling Allreduce Time 3.240289e-04
0: MPIL Node-Aware Dissemination Allreduce Time 2.406785e-04
0: MPIL NUMA-Aware Dissemination Allreduce Time 1.885019e-04
0: Testing Size 4096
0: PMPI_Allreduce Time 2.402516e-04
0: MPIL Recursive Doubling Allreduce Time 3.833889e-04
0: MPIL Node-Aware Dissemination Allreduce Time 3.799940e-04
0: MPIL NUMA-Aware Dissemination Allreduce Time 2.562331e-04
0: Testing Size 8192
0: PMPI_Allreduce Time 4.034882e-04
0: MPIL Recursive Doubling Allreduce Time 7.017404e-04
0: MPIL Node-Aware Dissemination Allreduce Time 7.043620e-04
0: MPIL NUMA-Aware Dissemination Allreduce Time 4.439331e-04
0: Testing Size 16384
0: PMPI_Allreduce Time 7.233670e-04
0: MPIL Recursive Doubling Allreduce Time 1.300388e-03
0: MPIL Node-Aware Dissemination Allreduce Time 1.219537e-03
0: MPIL NUMA-Aware Dissemination Allreduce Time 8.405574e-04
0: Testing Size 32768
0: PMPI_Allreduce Time 1.356392e-03
0: MPIL Recursive Doubling Allreduce Time 2.561831e-03
0: MPIL Node-Aware Dissemination Allreduce Time 2.175394e-03
0: MPIL NUMA-Aware Dissemination Allreduce Time 1.615077e-03
0: Testing Size 65536
0: PMPI_Allreduce Time 2.605913e-03
0: MPIL Recursive Doubling Allreduce Time 5.016407e-03
0: MPIL Node-Aware Dissemination Allreduce Time 4.098632e-03
0: MPIL NUMA-Aware Dissemination Allreduce Time 3.064032e-03
0: Testing Size 131072
0: PMPI_Allreduce Time 5.143853e-03
0: MPIL Recursive Doubling Allreduce Time 9.667395e-03
0: MPIL Node-Aware Dissemination Allreduce Time 8.028041e-03
0: MPIL NUMA-Aware Dissemination Allreduce Time 6.032994e-03
0: Testing Size 262144
0: PMPI_Allreduce Time 9.246462e-03
0: MPIL Recursive Doubling Allreduce Time 1.777298e-02
0: MPIL Node-Aware Dissemination Allreduce Time 1.402124e-02
0: MPIL NUMA-Aware Dissemination Allreduce Time 1.177197e-02
0: Testing Size 524288
0: PMPI_Allreduce Time 1.604592e-02
0: MPIL Recursive Doubling Allreduce Time 2.596594e-02
0: MPIL Node-Aware Dissemination Allreduce Time 2.976801e-02
0: MPIL NUMA-Aware Dissemination Allreduce Time 2.316414e-02
