0: Testing Size 1
0: PMPI_Allreduce Time 2.627834e-05
0: MPIL Recursive Doubling Allreduce Time 3.257806e-05
0: MPIL Node-Aware Dissemination Allreduce Time 2.448633e-05
0: MPIL NUMA-Aware Dissemination Allreduce Time 2.175696e-05
0: Testing Size 2
0: PMPI_Allreduce Time 2.615965e-05
0: MPIL Recursive Doubling Allreduce Time 3.348164e-05
0: MPIL Node-Aware Dissemination Allreduce Time 2.571810e-05
0: MPIL NUMA-Aware Dissemination Allreduce Time 2.190247e-05
0: Testing Size 4
0: PMPI_Allreduce Time 2.651024e-05
0: MPIL Recursive Doubling Allreduce Time 3.580755e-05
0: MPIL Node-Aware Dissemination Allreduce Time 2.632790e-05
0: MPIL NUMA-Aware Dissemination Allreduce Time 2.341059e-05
0: Testing Size 8
0: PMPI_Allreduce Time 2.657277e-05
0: MPIL Recursive Doubling Allreduce Time 3.887036e-05
0: MPIL Node-Aware Dissemination Allreduce Time 2.561869e-05
0: MPIL NUMA-Aware Dissemination Allreduce Time 2.378710e-05
0: Testing Size 16
0: PMPI_Allreduce Time 2.890779e-05
0: MPIL Recursive Doubling Allreduce Time 4.528458e-05
0: MPIL Node-Aware Dissemination Allreduce Time 2.929539e-05
0: MPIL NUMA-Aware Dissemination Allreduce Time 2.784932e-05
0: Testing Size 32
0: PMPI_Allreduce Time 3.965656e-05
0: MPIL Recursive Doubling Allreduce Time 5.294105e-05
0: MPIL Node-Aware Dissemination Allreduce Time 3.495700e-05
0: MPIL NUMA-Aware Dissemination Allreduce Time 3.418531e-05
0: Testing Size 64
0: PMPI_Allreduce Time 5.780545e-05
0: MPIL Recursive Doubling Allreduce Time 5.615931e-05
0: MPIL Node-Aware Dissemination Allreduce Time 7.622188e-05
0: MPIL NUMA-Aware Dissemination Allreduce Time 5.207103e-05
0: Testing Size 128
0: PMPI_Allreduce Time 1.886044e-04
0: MPIL Recursive Doubling Allreduce Time 3.902730e-04
0: MPIL Node-Aware Dissemination Allreduce Time 1.084582e-04
0: MPIL NUMA-Aware Dissemination Allreduce Time 1.880666e-04
0: Testing Size 256
0: PMPI_Allreduce Time 6.583870e-04
0: MPIL Recursive Doubling Allreduce Time 6.490505e-04
0: MPIL Node-Aware Dissemination Allreduce Time 1.500584e-04
0: MPIL NUMA-Aware Dissemination Allreduce Time 3.117482e-04
0: Testing Size 512
0: PMPI_Allreduce Time 6.704444e-04
0: MPIL Recursive Doubling Allreduce Time 1.301381e-03
0: MPIL Node-Aware Dissemination Allreduce Time 2.438246e-04
0: MPIL NUMA-Aware Dissemination Allreduce Time 3.226077e-04
0: Testing Size 1024
0: PMPI_Allreduce Time 1.301561e-03
0: MPIL Recursive Doubling Allreduce Time 1.587026e-03
0: MPIL Node-Aware Dissemination Allreduce Time 2.743217e-04
0: MPIL NUMA-Aware Dissemination Allreduce Time 3.973467e-04
0: Testing Size 2048
0: PMPI_Allreduce Time 2.214088e-04
0: MPIL Recursive Doubling Allreduce Time 2.146737e-03
0: MPIL Node-Aware Dissemination Allreduce Time 3.961714e-04
0: MPIL NUMA-Aware Dissemination Allreduce Time 4.162049e-04
0: Testing Size 4096
0: PMPI_Allreduce Time 3.336203e-04
0: MPIL Recursive Doubling Allreduce Time 7.264451e-04
0: MPIL Node-Aware Dissemination Allreduce Time 3.854885e-04
0: MPIL NUMA-Aware Dissemination Allreduce Time 4.001921e-04
0: Testing Size 8192
0: PMPI_Allreduce Time 5.409474e-04
0: MPIL Recursive Doubling Allreduce Time 1.189784e-03
0: MPIL Node-Aware Dissemination Allreduce Time 6.500826e-04
0: MPIL NUMA-Aware Dissemination Allreduce Time 6.833160e-04
0: Testing Size 16384
0: PMPI_Allreduce Time 1.148690e-03
0: MPIL Recursive Doubling Allreduce Time 1.925896e-03
0: MPIL Node-Aware Dissemination Allreduce Time 1.180160e-03
0: MPIL NUMA-Aware Dissemination Allreduce Time 1.170287e-03
0: Testing Size 32768
0: PMPI_Allreduce Time 1.707205e-03
0: MPIL Recursive Doubling Allreduce Time 3.500593e-03
0: MPIL Node-Aware Dissemination Allreduce Time 2.200575e-03
0: MPIL NUMA-Aware Dissemination Allreduce Time 2.100057e-03
0: Testing Size 65536
0: PMPI_Allreduce Time 3.041838e-03
0: MPIL Recursive Doubling Allreduce Time 6.629895e-03
0: MPIL Node-Aware Dissemination Allreduce Time 4.068834e-03
0: MPIL NUMA-Aware Dissemination Allreduce Time 4.173586e-03
0: Testing Size 131072
0: PMPI_Allreduce Time 6.139317e-03
0: MPIL Recursive Doubling Allreduce Time 1.314251e-02
0: MPIL Node-Aware Dissemination Allreduce Time 8.228359e-03
0: MPIL NUMA-Aware Dissemination Allreduce Time 9.671464e-03
0: Testing Size 262144
0: PMPI_Allreduce Time 9.862470e-03
0: MPIL Recursive Doubling Allreduce Time 2.633635e-02
0: MPIL Node-Aware Dissemination Allreduce Time 1.447013e-02
0: MPIL NUMA-Aware Dissemination Allreduce Time 1.868271e-02
0: Testing Size 524288
0: PMPI_Allreduce Time 1.938261e-02
0: MPIL Recursive Doubling Allreduce Time 4.150041e-02
0: MPIL Node-Aware Dissemination Allreduce Time 2.921436e-02
0: MPIL NUMA-Aware Dissemination Allreduce Time 3.813875e-02
