0: Testing Size 1
0: PMPI Allreduce Time: 1.370067e-05
0: MPIL GPU-Aware Recursive Doubling Time: 1.357154e-05
0: MPIL GPU-Aware Node-Aware Dissemination Time: 3.141356e-05
0: MPIL GPU-Aware NUMA-Aware Dissemination Time: 4.591481e-05
0: CopyToCPU PMPI Allreduce Time: 1.344600e-05
0: MPIL CopyToCPU Recursive Doubling Time: 1.359544e-05
0: MPIL CopyToCPU Node-Aware Dissemination Time: 1.828876e-05
0: MPIL CopyToCPU NUMA-Aware Dissemination Time: 1.396635e-05
0: MPIL CopyToCPU RADIX-3 Dissemination Time: 1.715111e-05
0: MPIL CopyToCPU RADIX-4 Dissemination Time: 1.374771e-05
0: MPIL CopyToCPU RADIX-5 Dissemination Time: 1.691856e-05
0: MPIL CopyToCPU RADIX-6 Dissemination Time: 1.643806e-05
0: MPIL CopyToCPU RADIX-7 Dissemination Time: 1.805205e-05
0: MPIL CopyToCPU RADIX-8 Dissemination Time: 1.483025e-05
0: MPIL CopyToCPU RADIX-9 Dissemination Time: 1.920553e-05
0: MPIL CopyToCPU RADIX-10 Dissemination Time: 1.857483e-05
0: MPIL CopyToCPU RADIX-11 Dissemination Time: 2.059669e-05
0: MPIL CopyToCPU RADIX-12 Dissemination Time: 2.089272e-05
0: MPIL CopyToCPU RADIX-13 Dissemination Time: 2.198731e-05
0: MPIL CopyToCPU RADIX-14 Dissemination Time: 2.280963e-05
0: Testing Size 2
0: PMPI Allreduce Time: 1.357477e-05
0: MPIL GPU-Aware Recursive Doubling Time: 1.365076e-05
0: MPIL GPU-Aware Node-Aware Dissemination Time: 3.064095e-05
0: MPIL GPU-Aware NUMA-Aware Dissemination Time: 4.641440e-05
0: CopyToCPU PMPI Allreduce Time: 1.351229e-05
0: MPIL CopyToCPU Recursive Doubling Time: 1.524143e-05
0: MPIL CopyToCPU Node-Aware Dissemination Time: 1.803468e-05
0: MPIL CopyToCPU NUMA-Aware Dissemination Time: 1.471211e-05
0: MPIL CopyToCPU RADIX-3 Dissemination Time: 1.740006e-05
0: MPIL CopyToCPU RADIX-4 Dissemination Time: 1.449789e-05
0: MPIL CopyToCPU RADIX-5 Dissemination Time: 1.764781e-05
0: MPIL CopyToCPU RADIX-6 Dissemination Time: 1.679193e-05
0: MPIL CopyToCPU RADIX-7 Dissemination Time: 1.856519e-05
0: MPIL CopyToCPU RADIX-8 Dissemination Time: 1.540502e-05
0: MPIL CopyToCPU RADIX-9 Dissemination Time: 1.950787e-05
0: MPIL CopyToCPU RADIX-10 Dissemination Time: 1.903978e-05
0: MPIL CopyToCPU RADIX-11 Dissemination Time: 2.109327e-05
0: MPIL CopyToCPU RADIX-12 Dissemination Time: 2.127811e-05
0: MPIL CopyToCPU RADIX-13 Dissemination Time: 2.240290e-05
0: MPIL CopyToCPU RADIX-14 Dissemination Time: 2.312516e-05
0: Testing Size 4
0: PMPI Allreduce Time: 1.356498e-05
0: MPIL GPU-Aware Recursive Doubling Time: 1.358290e-05
0: MPIL GPU-Aware Node-Aware Dissemination Time: 3.069127e-05
0: MPIL GPU-Aware NUMA-Aware Dissemination Time: 4.620285e-05
0: CopyToCPU PMPI Allreduce Time: 1.348140e-05
0: MPIL CopyToCPU Recursive Doubling Time: 1.510146e-05
0: MPIL CopyToCPU Node-Aware Dissemination Time: 1.816552e-05
0: MPIL CopyToCPU NUMA-Aware Dissemination Time: 1.478007e-05
0: MPIL CopyToCPU RADIX-3 Dissemination Time: 1.718414e-05
0: MPIL CopyToCPU RADIX-4 Dissemination Time: 1.442276e-05
0: MPIL CopyToCPU RADIX-5 Dissemination Time: 1.727299e-05
0: MPIL CopyToCPU RADIX-6 Dissemination Time: 1.691444e-05
0: MPIL CopyToCPU RADIX-7 Dissemination Time: 1.846006e-05
0: MPIL CopyToCPU RADIX-8 Dissemination Time: 1.532443e-05
0: MPIL CopyToCPU RADIX-9 Dissemination Time: 1.975185e-05
0: MPIL CopyToCPU RADIX-10 Dissemination Time: 1.912550e-05
0: MPIL CopyToCPU RADIX-11 Dissemination Time: 2.103708e-05
0: MPIL CopyToCPU RADIX-12 Dissemination Time: 2.141917e-05
0: MPIL CopyToCPU RADIX-13 Dissemination Time: 2.251800e-05
0: MPIL CopyToCPU RADIX-14 Dissemination Time: 2.341707e-05
0: Testing Size 8
0: PMPI Allreduce Time: 1.366737e-05
0: MPIL GPU-Aware Recursive Doubling Time: 1.368661e-05
0: MPIL GPU-Aware Node-Aware Dissemination Time: 3.059459e-05
0: MPIL GPU-Aware NUMA-Aware Dissemination Time: 4.633525e-05
0: CopyToCPU PMPI Allreduce Time: 1.337705e-05
0: MPIL CopyToCPU Recursive Doubling Time: 1.518955e-05
0: MPIL CopyToCPU Node-Aware Dissemination Time: 1.816098e-05
0: MPIL CopyToCPU NUMA-Aware Dissemination Time: 1.477180e-05
0: MPIL CopyToCPU RADIX-3 Dissemination Time: 1.762426e-05
0: MPIL CopyToCPU RADIX-4 Dissemination Time: 1.454985e-05
0: MPIL CopyToCPU RADIX-5 Dissemination Time: 1.788361e-05
0: MPIL CopyToCPU RADIX-6 Dissemination Time: 1.703308e-05
0: MPIL CopyToCPU RADIX-7 Dissemination Time: 1.890162e-05
0: MPIL CopyToCPU RADIX-8 Dissemination Time: 1.553524e-05
0: MPIL CopyToCPU RADIX-9 Dissemination Time: 1.998899e-05
0: MPIL CopyToCPU RADIX-10 Dissemination Time: 1.936997e-05
0: MPIL CopyToCPU RADIX-11 Dissemination Time: 2.136411e-05
0: MPIL CopyToCPU RADIX-12 Dissemination Time: 2.163285e-05
0: MPIL CopyToCPU RADIX-13 Dissemination Time: 2.290191e-05
0: MPIL CopyToCPU RADIX-14 Dissemination Time: 2.385719e-05
0: Testing Size 16
0: PMPI Allreduce Time: 1.460181e-05
0: MPIL GPU-Aware Recursive Doubling Time: 1.459255e-05
0: MPIL GPU-Aware Node-Aware Dissemination Time: 3.200766e-05
0: MPIL GPU-Aware NUMA-Aware Dissemination Time: 4.824020e-05
0: CopyToCPU PMPI Allreduce Time: 1.453925e-05
0: MPIL CopyToCPU Recursive Doubling Time: 2.138041e-05
0: MPIL CopyToCPU Node-Aware Dissemination Time: 1.968445e-05
0: MPIL CopyToCPU NUMA-Aware Dissemination Time: 1.819320e-05
0: MPIL CopyToCPU RADIX-3 Dissemination Time: 2.015571e-05
0: MPIL CopyToCPU RADIX-4 Dissemination Time: 1.741026e-05
0: MPIL CopyToCPU RADIX-5 Dissemination Time: 2.010000e-05
0: MPIL CopyToCPU RADIX-6 Dissemination Time: 1.949706e-05
0: MPIL CopyToCPU RADIX-7 Dissemination Time: 2.093627e-05
0: MPIL CopyToCPU RADIX-8 Dissemination Time: 1.810229e-05
0: MPIL CopyToCPU RADIX-9 Dissemination Time: 2.253918e-05
0: MPIL CopyToCPU RADIX-10 Dissemination Time: 2.223981e-05
0: MPIL CopyToCPU RADIX-11 Dissemination Time: 2.413704e-05
0: MPIL CopyToCPU RADIX-12 Dissemination Time: 2.400224e-05
0: MPIL CopyToCPU RADIX-13 Dissemination Time: 2.600868e-05
0: MPIL CopyToCPU RADIX-14 Dissemination Time: 2.639009e-05
0: Testing Size 32
0: PMPI Allreduce Time: 2.182954e-05
0: MPIL GPU-Aware Recursive Doubling Time: 2.185943e-05
0: MPIL GPU-Aware Node-Aware Dissemination Time: 3.994619e-05
0: MPIL GPU-Aware NUMA-Aware Dissemination Time: 5.191902e-05
0: CopyToCPU PMPI Allreduce Time: 1.732097e-05
0: MPIL CopyToCPU Recursive Doubling Time: 2.380290e-05
0: MPIL CopyToCPU Node-Aware Dissemination Time: 2.189254e-05
0: MPIL CopyToCPU NUMA-Aware Dissemination Time: 2.196100e-05
0: MPIL CopyToCPU RADIX-3 Dissemination Time: 2.572359e-05
0: MPIL CopyToCPU RADIX-4 Dissemination Time: 2.060171e-05
0: MPIL CopyToCPU RADIX-5 Dissemination Time: 2.527418e-05
0: MPIL CopyToCPU RADIX-6 Dissemination Time: 2.490557e-05
0: MPIL CopyToCPU RADIX-7 Dissemination Time: 2.518298e-05
0: MPIL CopyToCPU RADIX-8 Dissemination Time: 2.055863e-05
0: MPIL CopyToCPU RADIX-9 Dissemination Time: 2.678580e-05
0: MPIL CopyToCPU RADIX-10 Dissemination Time: 2.700994e-05
0: MPIL CopyToCPU RADIX-11 Dissemination Time: 2.750249e-05
0: MPIL CopyToCPU RADIX-12 Dissemination Time: 2.792454e-05
0: MPIL CopyToCPU RADIX-13 Dissemination Time: 2.936935e-05
0: MPIL CopyToCPU RADIX-14 Dissemination Time: 3.013474e-05
0: Testing Size 64
0: PMPI Allreduce Time: 2.367943e-05
0: MPIL GPU-Aware Recursive Doubling Time: 2.369780e-05
0: MPIL GPU-Aware Node-Aware Dissemination Time: 4.648366e-05
0: MPIL GPU-Aware NUMA-Aware Dissemination Time: 5.366079e-05
0: CopyToCPU PMPI Allreduce Time: 2.353732e-05
0: MPIL CopyToCPU Recursive Doubling Time: 2.624746e-05
0: MPIL CopyToCPU Node-Aware Dissemination Time: 3.338248e-05
0: MPIL CopyToCPU NUMA-Aware Dissemination Time: 2.333346e-05
0: MPIL CopyToCPU RADIX-3 Dissemination Time: 2.730020e-05
0: MPIL CopyToCPU RADIX-4 Dissemination Time: 2.175686e-05
0: MPIL CopyToCPU RADIX-5 Dissemination Time: 2.669722e-05
0: MPIL CopyToCPU RADIX-6 Dissemination Time: 2.692146e-05
0: MPIL CopyToCPU RADIX-7 Dissemination Time: 2.659071e-05
0: MPIL CopyToCPU RADIX-8 Dissemination Time: 2.197718e-05
0: MPIL CopyToCPU RADIX-9 Dissemination Time: 2.808367e-05
0: MPIL CopyToCPU RADIX-10 Dissemination Time: 2.856648e-05
0: MPIL CopyToCPU RADIX-11 Dissemination Time: 2.879967e-05
0: MPIL CopyToCPU RADIX-12 Dissemination Time: 2.940785e-05
0: MPIL CopyToCPU RADIX-13 Dissemination Time: 3.054897e-05
0: MPIL CopyToCPU RADIX-14 Dissemination Time: 3.144005e-05
0: Testing Size 128
0: PMPI Allreduce Time: 2.711171e-05
0: MPIL GPU-Aware Recursive Doubling Time: 2.710571e-05
0: MPIL GPU-Aware Node-Aware Dissemination Time: 5.998948e-05
0: MPIL GPU-Aware NUMA-Aware Dissemination Time: 6.590717e-05
0: CopyToCPU PMPI Allreduce Time: 2.679968e-05
0: MPIL CopyToCPU Recursive Doubling Time: 3.248012e-05
0: MPIL CopyToCPU Node-Aware Dissemination Time: 4.261965e-05
0: MPIL CopyToCPU NUMA-Aware Dissemination Time: 2.851012e-05
0: MPIL CopyToCPU RADIX-3 Dissemination Time: 3.092315e-05
0: MPIL CopyToCPU RADIX-4 Dissemination Time: 2.626273e-05
0: MPIL CopyToCPU RADIX-5 Dissemination Time: 2.962566e-05
0: MPIL CopyToCPU RADIX-6 Dissemination Time: 3.169385e-05
0: MPIL CopyToCPU RADIX-7 Dissemination Time: 3.045856e-05
0: MPIL CopyToCPU RADIX-8 Dissemination Time: 2.603883e-05
0: MPIL CopyToCPU RADIX-9 Dissemination Time: 3.222478e-05
0: MPIL CopyToCPU RADIX-10 Dissemination Time: 3.381046e-05
0: MPIL CopyToCPU RADIX-11 Dissemination Time: 3.348982e-05
0: MPIL CopyToCPU RADIX-12 Dissemination Time: 3.353880e-05
0: MPIL CopyToCPU RADIX-13 Dissemination Time: 3.600171e-05
0: MPIL CopyToCPU RADIX-14 Dissemination Time: 3.658921e-05
0: Testing Size 256
0: PMPI Allreduce Time: 3.168860e-05
0: MPIL GPU-Aware Recursive Doubling Time: 3.170150e-05
0: MPIL GPU-Aware Node-Aware Dissemination Time: 6.700834e-05
0: MPIL GPU-Aware NUMA-Aware Dissemination Time: 7.168658e-05
0: CopyToCPU PMPI Allreduce Time: 3.168155e-05
0: MPIL CopyToCPU Recursive Doubling Time: 3.697306e-05
0: MPIL CopyToCPU Node-Aware Dissemination Time: 5.101451e-05
0: MPIL CopyToCPU NUMA-Aware Dissemination Time: 3.345303e-05
0: MPIL CopyToCPU RADIX-3 Dissemination Time: 3.694991e-05
0: MPIL CopyToCPU RADIX-4 Dissemination Time: 2.951988e-05
0: MPIL CopyToCPU RADIX-5 Dissemination Time: 3.349647e-05
0: MPIL CopyToCPU RADIX-6 Dissemination Time: 3.468817e-05
0: MPIL CopyToCPU RADIX-7 Dissemination Time: 3.501526e-05
0: MPIL CopyToCPU RADIX-8 Dissemination Time: 2.983483e-05
0: MPIL CopyToCPU RADIX-9 Dissemination Time: 3.651667e-05
0: MPIL CopyToCPU RADIX-10 Dissemination Time: 3.672176e-05
0: MPIL CopyToCPU RADIX-11 Dissemination Time: 3.768605e-05
0: MPIL CopyToCPU RADIX-12 Dissemination Time: 3.789919e-05
0: MPIL CopyToCPU RADIX-13 Dissemination Time: 4.098770e-05
0: MPIL CopyToCPU RADIX-14 Dissemination Time: 4.089900e-05
0: Testing Size 512
0: PMPI Allreduce Time: 3.888450e-05
0: MPIL GPU-Aware Recursive Doubling Time: 3.887747e-05
0: MPIL GPU-Aware Node-Aware Dissemination Time: 7.826024e-05
0: MPIL GPU-Aware NUMA-Aware Dissemination Time: 8.078927e-05
0: CopyToCPU PMPI Allreduce Time: 3.919906e-05
0: MPIL CopyToCPU Recursive Doubling Time: 4.364653e-05
0: MPIL CopyToCPU Node-Aware Dissemination Time: 6.344034e-05
0: MPIL CopyToCPU NUMA-Aware Dissemination Time: 4.261293e-05
0: MPIL CopyToCPU RADIX-3 Dissemination Time: 4.383252e-05
0: MPIL CopyToCPU RADIX-4 Dissemination Time: 3.441004e-05
0: MPIL CopyToCPU RADIX-5 Dissemination Time: 3.826639e-05
0: MPIL CopyToCPU RADIX-6 Dissemination Time: 3.975675e-05
0: MPIL CopyToCPU RADIX-7 Dissemination Time: 3.928298e-05
0: MPIL CopyToCPU RADIX-8 Dissemination Time: 3.496821e-05
0: MPIL CopyToCPU RADIX-9 Dissemination Time: 4.115409e-05
0: MPIL CopyToCPU RADIX-10 Dissemination Time: 4.156002e-05
0: MPIL CopyToCPU RADIX-11 Dissemination Time: 4.344666e-05
0: MPIL CopyToCPU RADIX-12 Dissemination Time: 4.405450e-05
0: MPIL CopyToCPU RADIX-13 Dissemination Time: 4.746857e-05
0: MPIL CopyToCPU RADIX-14 Dissemination Time: 4.704947e-05
0: Testing Size 1024
0: PMPI Allreduce Time: 7.822344e-05
0: MPIL GPU-Aware Recursive Doubling Time: 7.811594e-05
0: MPIL GPU-Aware Node-Aware Dissemination Time: 4.735846e-04
0: MPIL GPU-Aware NUMA-Aware Dissemination Time: 1.521862e-03
0: CopyToCPU PMPI Allreduce Time: 5.562913e-05
0: MPIL CopyToCPU Recursive Doubling Time: 6.093811e-05
0: MPIL CopyToCPU Node-Aware Dissemination Time: 9.302750e-05
0: MPIL CopyToCPU NUMA-Aware Dissemination Time: 6.197700e-05
0: MPIL CopyToCPU RADIX-3 Dissemination Time: 6.126070e-05
0: MPIL CopyToCPU RADIX-4 Dissemination Time: 4.331760e-05
0: MPIL CopyToCPU RADIX-5 Dissemination Time: 4.887819e-05
0: MPIL CopyToCPU RADIX-6 Dissemination Time: 4.989939e-05
0: MPIL CopyToCPU RADIX-7 Dissemination Time: 5.152570e-05
0: MPIL CopyToCPU RADIX-8 Dissemination Time: 4.575042e-05
0: MPIL CopyToCPU RADIX-9 Dissemination Time: 5.346423e-05
0: MPIL CopyToCPU RADIX-10 Dissemination Time: 5.346218e-05
0: MPIL CopyToCPU RADIX-11 Dissemination Time: 5.625063e-05
0: MPIL CopyToCPU RADIX-12 Dissemination Time: 5.819437e-05
0: MPIL CopyToCPU RADIX-13 Dissemination Time: 6.128549e-05
0: MPIL CopyToCPU RADIX-14 Dissemination Time: 6.174326e-05
0: Testing Size 2048
0: PMPI Allreduce Time: 1.562669e-04
0: MPIL GPU-Aware Recursive Doubling Time: 1.560216e-04
0: MPIL GPU-Aware Node-Aware Dissemination Time: 6.963858e-04
0: MPIL GPU-Aware NUMA-Aware Dissemination Time: 1.545952e-03
0: CopyToCPU PMPI Allreduce Time: 1.042008e-04
0: MPIL CopyToCPU Recursive Doubling Time: 9.303924e-05
0: MPIL CopyToCPU Node-Aware Dissemination Time: 1.544297e-04
0: MPIL CopyToCPU NUMA-Aware Dissemination Time: 9.717243e-05
0: MPIL CopyToCPU RADIX-3 Dissemination Time: 9.629741e-05
0: MPIL CopyToCPU RADIX-4 Dissemination Time: 6.633717e-05
0: MPIL CopyToCPU RADIX-5 Dissemination Time: 7.314985e-05
0: MPIL CopyToCPU RADIX-6 Dissemination Time: 7.517593e-05
0: MPIL CopyToCPU RADIX-7 Dissemination Time: 7.694888e-05
0: MPIL CopyToCPU RADIX-8 Dissemination Time: 7.069310e-05
0: MPIL CopyToCPU RADIX-9 Dissemination Time: 7.891817e-05
0: MPIL CopyToCPU RADIX-10 Dissemination Time: 8.085213e-05
0: MPIL CopyToCPU RADIX-11 Dissemination Time: 8.448556e-05
0: MPIL CopyToCPU RADIX-12 Dissemination Time: 8.502076e-05
0: MPIL CopyToCPU RADIX-13 Dissemination Time: 8.750919e-05
0: MPIL CopyToCPU RADIX-14 Dissemination Time: 9.052502e-05
0: Testing Size 4096
0: PMPI Allreduce Time: 1.513863e-04
0: MPIL GPU-Aware Recursive Doubling Time: 1.515102e-04
0: MPIL GPU-Aware Node-Aware Dissemination Time: 6.286617e-04
0: MPIL GPU-Aware NUMA-Aware Dissemination Time: 1.035939e-03
0: CopyToCPU PMPI Allreduce Time: 1.553335e-04
0: MPIL CopyToCPU Recursive Doubling Time: 1.626128e-04
0: MPIL CopyToCPU Node-Aware Dissemination Time: 2.515595e-04
0: MPIL CopyToCPU NUMA-Aware Dissemination Time: 1.705743e-04
0: MPIL CopyToCPU RADIX-3 Dissemination Time: 1.770016e-04
0: MPIL CopyToCPU RADIX-4 Dissemination Time: 1.189683e-04
0: MPIL CopyToCPU RADIX-5 Dissemination Time: 1.322092e-04
0: MPIL CopyToCPU RADIX-6 Dissemination Time: 1.378099e-04
0: MPIL CopyToCPU RADIX-7 Dissemination Time: 1.400665e-04
0: MPIL CopyToCPU RADIX-8 Dissemination Time: 1.267606e-04
0: MPIL CopyToCPU RADIX-9 Dissemination Time: 1.471860e-04
0: MPIL CopyToCPU RADIX-10 Dissemination Time: 1.481624e-04
0: MPIL CopyToCPU RADIX-11 Dissemination Time: 1.525171e-04
0: MPIL CopyToCPU RADIX-12 Dissemination Time: 1.514895e-04
0: MPIL CopyToCPU RADIX-13 Dissemination Time: 1.571711e-04
0: MPIL CopyToCPU RADIX-14 Dissemination Time: 1.673749e-04
0: Testing Size 8192
0: PMPI Allreduce Time: 1.547374e-04
0: MPIL GPU-Aware Recursive Doubling Time: 1.548793e-04
0: MPIL GPU-Aware Node-Aware Dissemination Time: 7.619004e-04
0: MPIL GPU-Aware NUMA-Aware Dissemination Time: 1.176397e-03
0: CopyToCPU PMPI Allreduce Time: 2.568989e-04
0: MPIL CopyToCPU Recursive Doubling Time: 2.859819e-04
0: MPIL CopyToCPU Node-Aware Dissemination Time: 4.290490e-04
0: MPIL CopyToCPU NUMA-Aware Dissemination Time: 3.004869e-04
0: MPIL CopyToCPU RADIX-3 Dissemination Time: 3.096097e-04
0: MPIL CopyToCPU RADIX-4 Dissemination Time: 2.117773e-04
0: MPIL CopyToCPU RADIX-5 Dissemination Time: 2.317431e-04
0: MPIL CopyToCPU RADIX-6 Dissemination Time: 2.388249e-04
0: MPIL CopyToCPU RADIX-7 Dissemination Time: 2.432569e-04
0: MPIL CopyToCPU RADIX-8 Dissemination Time: 2.260255e-04
0: MPIL CopyToCPU RADIX-9 Dissemination Time: 2.494584e-04
0: MPIL CopyToCPU RADIX-10 Dissemination Time: 2.548785e-04
0: MPIL CopyToCPU RADIX-11 Dissemination Time: 2.584923e-04
0: MPIL CopyToCPU RADIX-12 Dissemination Time: 2.547522e-04
0: MPIL CopyToCPU RADIX-13 Dissemination Time: 2.665932e-04
0: MPIL CopyToCPU RADIX-14 Dissemination Time: 2.825448e-04
0: Testing Size 16384
0: PMPI Allreduce Time: 1.611304e-04
0: MPIL GPU-Aware Recursive Doubling Time: 1.611723e-04
0: MPIL GPU-Aware Node-Aware Dissemination Time: 1.174989e-03
0: MPIL GPU-Aware NUMA-Aware Dissemination Time: 1.911006e-03
0: CopyToCPU PMPI Allreduce Time: 4.521932e-04
0: MPIL CopyToCPU Recursive Doubling Time: 5.250278e-04
0: MPIL CopyToCPU Node-Aware Dissemination Time: 7.575327e-04
0: MPIL CopyToCPU NUMA-Aware Dissemination Time: 5.600657e-04
0: MPIL CopyToCPU RADIX-3 Dissemination Time: 5.692342e-04
0: MPIL CopyToCPU RADIX-4 Dissemination Time: 3.666486e-04
0: MPIL CopyToCPU RADIX-5 Dissemination Time: 4.133199e-04
0: MPIL CopyToCPU RADIX-6 Dissemination Time: 4.219903e-04
0: MPIL CopyToCPU RADIX-7 Dissemination Time: 4.343369e-04
0: MPIL CopyToCPU RADIX-8 Dissemination Time: 4.109639e-04
0: MPIL CopyToCPU RADIX-9 Dissemination Time: 4.447251e-04
0: MPIL CopyToCPU RADIX-10 Dissemination Time: 4.428777e-04
0: MPIL CopyToCPU RADIX-11 Dissemination Time: 4.671317e-04
0: MPIL CopyToCPU RADIX-12 Dissemination Time: 4.567118e-04
0: MPIL CopyToCPU RADIX-13 Dissemination Time: 4.837497e-04
0: MPIL CopyToCPU RADIX-14 Dissemination Time: 5.163482e-04
0: Testing Size 32768
0: PMPI Allreduce Time: 1.756409e-04
0: MPIL GPU-Aware Recursive Doubling Time: 1.756973e-04
0: MPIL GPU-Aware Node-Aware Dissemination Time: 3.173881e-03
0: MPIL GPU-Aware NUMA-Aware Dissemination Time: 2.405781e-03
0: CopyToCPU PMPI Allreduce Time: 8.374939e-04
0: MPIL CopyToCPU Recursive Doubling Time: 9.893347e-04
0: MPIL CopyToCPU Node-Aware Dissemination Time: 1.403516e-03
0: MPIL CopyToCPU NUMA-Aware Dissemination Time: 1.053117e-03
0: MPIL CopyToCPU RADIX-3 Dissemination Time: 1.084290e-03
0: MPIL CopyToCPU RADIX-4 Dissemination Time: 7.045948e-04
0: MPIL CopyToCPU RADIX-5 Dissemination Time: 7.798881e-04
0: MPIL CopyToCPU RADIX-6 Dissemination Time: 7.719002e-04
0: MPIL CopyToCPU RADIX-7 Dissemination Time: 8.112372e-04
0: MPIL CopyToCPU RADIX-8 Dissemination Time: 7.607374e-04
0: MPIL CopyToCPU RADIX-9 Dissemination Time: 8.184725e-04
0: MPIL CopyToCPU RADIX-10 Dissemination Time: 8.251166e-04
0: MPIL CopyToCPU RADIX-11 Dissemination Time: 8.387703e-04
0: MPIL CopyToCPU RADIX-12 Dissemination Time: 8.615154e-04
0: MPIL CopyToCPU RADIX-13 Dissemination Time: 9.148942e-04
0: MPIL CopyToCPU RADIX-14 Dissemination Time: 9.719421e-04
0: Testing Size 65536
0: PMPI Allreduce Time: 1.982664e-04
0: MPIL GPU-Aware Recursive Doubling Time: 1.980919e-04
0: MPIL GPU-Aware Node-Aware Dissemination Time: 4.408720e-03
0: MPIL GPU-Aware NUMA-Aware Dissemination Time: 3.595711e-03
0: CopyToCPU PMPI Allreduce Time: 1.606739e-03
0: MPIL CopyToCPU Recursive Doubling Time: 1.892314e-03
0: MPIL CopyToCPU Node-Aware Dissemination Time: 2.694560e-03
0: MPIL CopyToCPU NUMA-Aware Dissemination Time: 2.013187e-03
0: MPIL CopyToCPU RADIX-3 Dissemination Time: 2.056219e-03
0: MPIL CopyToCPU RADIX-4 Dissemination Time: 1.358236e-03
0: MPIL CopyToCPU RADIX-5 Dissemination Time: 1.424668e-03
0: MPIL CopyToCPU RADIX-6 Dissemination Time: 1.421550e-03
0: MPIL CopyToCPU RADIX-7 Dissemination Time: 1.441907e-03
0: MPIL CopyToCPU RADIX-8 Dissemination Time: 1.418574e-03
0: MPIL CopyToCPU RADIX-9 Dissemination Time: 1.512556e-03
0: MPIL CopyToCPU RADIX-10 Dissemination Time: 1.576777e-03
0: MPIL CopyToCPU RADIX-11 Dissemination Time: 1.570657e-03
0: MPIL CopyToCPU RADIX-12 Dissemination Time: 1.579544e-03
0: MPIL CopyToCPU RADIX-13 Dissemination Time: 1.686413e-03
0: MPIL CopyToCPU RADIX-14 Dissemination Time: 1.797535e-03
0: Testing Size 131072
0: PMPI Allreduce Time: 2.417972e-04
0: MPIL GPU-Aware Recursive Doubling Time: 2.418385e-04
0: MPIL GPU-Aware Node-Aware Dissemination Time: 6.883552e-03
0: MPIL GPU-Aware NUMA-Aware Dissemination Time: 6.232597e-03
0: CopyToCPU PMPI Allreduce Time: 3.245843e-03
0: MPIL CopyToCPU Recursive Doubling Time: 3.400783e-03
0: MPIL CopyToCPU Node-Aware Dissemination Time: 5.119389e-03
0: MPIL CopyToCPU NUMA-Aware Dissemination Time: 3.859660e-03
0: MPIL CopyToCPU RADIX-3 Dissemination Time: 4.002798e-03
0: MPIL CopyToCPU RADIX-4 Dissemination Time: 2.407757e-03
0: MPIL CopyToCPU RADIX-5 Dissemination Time: 2.611306e-03
0: MPIL CopyToCPU RADIX-6 Dissemination Time: 2.725090e-03
0: MPIL CopyToCPU RADIX-7 Dissemination Time: 2.700588e-03
0: MPIL CopyToCPU RADIX-8 Dissemination Time: 2.671587e-03
0: MPIL CopyToCPU RADIX-9 Dissemination Time: 2.827356e-03
0: MPIL CopyToCPU RADIX-10 Dissemination Time: 2.932533e-03
0: MPIL CopyToCPU RADIX-11 Dissemination Time: 2.928946e-03
0: MPIL CopyToCPU RADIX-12 Dissemination Time: 2.955053e-03
0: MPIL CopyToCPU RADIX-13 Dissemination Time: 3.138107e-03
0: MPIL CopyToCPU RADIX-14 Dissemination Time: 3.330472e-03
0: Testing Size 262144
0: PMPI Allreduce Time: 2.901786e-04
0: MPIL GPU-Aware Recursive Doubling Time: 2.898274e-04
0: MPIL GPU-Aware Node-Aware Dissemination Time: 8.472584e-03
0: MPIL GPU-Aware NUMA-Aware Dissemination Time: 7.445323e-03
0: CopyToCPU PMPI Allreduce Time: 6.463697e-03
0: MPIL CopyToCPU Recursive Doubling Time: 6.792575e-03
0: MPIL CopyToCPU Node-Aware Dissemination Time: 9.458954e-03
0: MPIL CopyToCPU NUMA-Aware Dissemination Time: 7.322860e-03
0: MPIL CopyToCPU RADIX-3 Dissemination Time: 7.576731e-03
0: MPIL CopyToCPU RADIX-4 Dissemination Time: 4.890299e-03
0: MPIL CopyToCPU RADIX-5 Dissemination Time: 5.171151e-03
0: MPIL CopyToCPU RADIX-6 Dissemination Time: 5.405884e-03
0: MPIL CopyToCPU RADIX-7 Dissemination Time: 5.355127e-03
0: MPIL CopyToCPU RADIX-8 Dissemination Time: 5.310078e-03
0: MPIL CopyToCPU RADIX-9 Dissemination Time: 5.633428e-03
0: MPIL CopyToCPU RADIX-10 Dissemination Time: 5.807314e-03
0: MPIL CopyToCPU RADIX-11 Dissemination Time: 5.829175e-03
0: MPIL CopyToCPU RADIX-12 Dissemination Time: 5.880914e-03
0: MPIL CopyToCPU RADIX-13 Dissemination Time: 6.260026e-03
0: MPIL CopyToCPU RADIX-14 Dissemination Time: 6.506329e-03
0: Testing Size 524288
0: PMPI Allreduce Time: 3.884853e-04
0: MPIL GPU-Aware Recursive Doubling Time: 3.886873e-04
0: MPIL GPU-Aware Node-Aware Dissemination Time: 1.519684e-02
0: MPIL GPU-Aware NUMA-Aware Dissemination Time: 1.880729e-02
0: CopyToCPU PMPI Allreduce Time: 1.303977e-02
0: MPIL CopyToCPU Recursive Doubling Time: 1.346114e-02
0: MPIL CopyToCPU Node-Aware Dissemination Time: 1.750858e-02
0: MPIL CopyToCPU NUMA-Aware Dissemination Time: 1.433736e-02
0: MPIL CopyToCPU RADIX-3 Dissemination Time: 1.492201e-02
0: MPIL CopyToCPU RADIX-4 Dissemination Time: 9.748297e-03
0: MPIL CopyToCPU RADIX-5 Dissemination Time: 1.045682e-02
0: MPIL CopyToCPU RADIX-6 Dissemination Time: 1.106048e-02
0: MPIL CopyToCPU RADIX-7 Dissemination Time: 1.099291e-02
0: MPIL CopyToCPU RADIX-8 Dissemination Time: 1.469997e-02
0: MPIL CopyToCPU RADIX-9 Dissemination Time: 1.554729e-02
0: MPIL CopyToCPU RADIX-10 Dissemination Time: 1.663281e-02
0: MPIL CopyToCPU RADIX-11 Dissemination Time: 1.716275e-02
0: MPIL CopyToCPU RADIX-12 Dissemination Time: 1.820656e-02
0: MPIL CopyToCPU RADIX-13 Dissemination Time: 1.926585e-02
0: MPIL CopyToCPU RADIX-14 Dissemination Time: 2.049102e-02
