0: Testing Size 1
0: PMPI Allreduce Time: 1.060607e-05
0: MPIL GPU-Aware Recursive Doubling Time: 1.054948e-05
0: MPIL GPU-Aware Node-Aware Dissemination Time: 1.874180e-05
0: MPIL GPU-Aware NUMA-Aware Dissemination Time: 3.498383e-05
0: CopyToCPU PMPI Allreduce Time: 1.059307e-05
0: MPIL CopyToCPU Recursive Doubling Time: 1.057046e-05
0: MPIL CopyToCPU Node-Aware Dissemination Time: 1.284494e-05
0: MPIL CopyToCPU NUMA-Aware Dissemination Time: 1.116663e-05
0: MPIL CopyToCPU RADIX-3 Dissemination Time: 1.375117e-05
0: MPIL CopyToCPU RADIX-4 Dissemination Time: 1.097189e-05
0: MPIL CopyToCPU RADIX-5 Dissemination Time: 1.317628e-05
0: MPIL CopyToCPU RADIX-6 Dissemination Time: 1.550476e-05
0: MPIL CopyToCPU RADIX-7 Dissemination Time: 1.473862e-05
0: MPIL CopyToCPU RADIX-8 Dissemination Time: 1.321576e-05
0: MPIL CopyToCPU RADIX-9 Dissemination Time: 1.617835e-05
0: MPIL CopyToCPU RADIX-10 Dissemination Time: 1.705138e-05
0: MPIL CopyToCPU RADIX-11 Dissemination Time: 1.790760e-05
0: MPIL CopyToCPU RADIX-12 Dissemination Time: 1.891256e-05
0: MPIL CopyToCPU RADIX-13 Dissemination Time: 1.902120e-05
0: MPIL CopyToCPU RADIX-14 Dissemination Time: 1.930671e-05
0: Testing Size 2
0: PMPI Allreduce Time: 1.063256e-05
0: MPIL GPU-Aware Recursive Doubling Time: 1.065501e-05
0: MPIL GPU-Aware Node-Aware Dissemination Time: 1.835210e-05
0: MPIL GPU-Aware NUMA-Aware Dissemination Time: 3.532214e-05
0: CopyToCPU PMPI Allreduce Time: 1.049742e-05
0: MPIL CopyToCPU Recursive Doubling Time: 1.221441e-05
0: MPIL CopyToCPU Node-Aware Dissemination Time: 1.267196e-05
0: MPIL CopyToCPU NUMA-Aware Dissemination Time: 1.179563e-05
0: MPIL CopyToCPU RADIX-3 Dissemination Time: 1.426483e-05
0: MPIL CopyToCPU RADIX-4 Dissemination Time: 1.175336e-05
0: MPIL CopyToCPU RADIX-5 Dissemination Time: 1.373107e-05
0: MPIL CopyToCPU RADIX-6 Dissemination Time: 1.602913e-05
0: MPIL CopyToCPU RADIX-7 Dissemination Time: 1.517119e-05
0: MPIL CopyToCPU RADIX-8 Dissemination Time: 1.374179e-05
0: MPIL CopyToCPU RADIX-9 Dissemination Time: 1.692685e-05
0: MPIL CopyToCPU RADIX-10 Dissemination Time: 1.812001e-05
0: MPIL CopyToCPU RADIX-11 Dissemination Time: 1.908228e-05
0: MPIL CopyToCPU RADIX-12 Dissemination Time: 1.974248e-05
0: MPIL CopyToCPU RADIX-13 Dissemination Time: 2.013632e-05
0: MPIL CopyToCPU RADIX-14 Dissemination Time: 2.006636e-05
0: Testing Size 4
0: PMPI Allreduce Time: 1.063743e-05
0: MPIL GPU-Aware Recursive Doubling Time: 1.066817e-05
0: MPIL GPU-Aware Node-Aware Dissemination Time: 1.863535e-05
0: MPIL GPU-Aware NUMA-Aware Dissemination Time: 3.538942e-05
0: CopyToCPU PMPI Allreduce Time: 1.059841e-05
0: MPIL CopyToCPU Recursive Doubling Time: 1.228969e-05
0: MPIL CopyToCPU Node-Aware Dissemination Time: 1.266367e-05
0: MPIL CopyToCPU NUMA-Aware Dissemination Time: 1.184530e-05
0: MPIL CopyToCPU RADIX-3 Dissemination Time: 1.424517e-05
0: MPIL CopyToCPU RADIX-4 Dissemination Time: 1.166437e-05
0: MPIL CopyToCPU RADIX-5 Dissemination Time: 1.383733e-05
0: MPIL CopyToCPU RADIX-6 Dissemination Time: 1.598274e-05
0: MPIL CopyToCPU RADIX-7 Dissemination Time: 1.504372e-05
0: MPIL CopyToCPU RADIX-8 Dissemination Time: 1.355383e-05
0: MPIL CopyToCPU RADIX-9 Dissemination Time: 1.686046e-05
0: MPIL CopyToCPU RADIX-10 Dissemination Time: 1.826711e-05
0: MPIL CopyToCPU RADIX-11 Dissemination Time: 1.910892e-05
0: MPIL CopyToCPU RADIX-12 Dissemination Time: 1.993984e-05
0: MPIL CopyToCPU RADIX-13 Dissemination Time: 2.011752e-05
0: MPIL CopyToCPU RADIX-14 Dissemination Time: 2.018554e-05
0: Testing Size 8
0: PMPI Allreduce Time: 1.070534e-05
0: MPIL GPU-Aware Recursive Doubling Time: 1.067895e-05
0: MPIL GPU-Aware Node-Aware Dissemination Time: 1.876525e-05
0: MPIL GPU-Aware NUMA-Aware Dissemination Time: 3.538822e-05
0: CopyToCPU PMPI Allreduce Time: 1.060153e-05
0: MPIL CopyToCPU Recursive Doubling Time: 1.229993e-05
0: MPIL CopyToCPU Node-Aware Dissemination Time: 1.299426e-05
0: MPIL CopyToCPU NUMA-Aware Dissemination Time: 1.188248e-05
0: MPIL CopyToCPU RADIX-3 Dissemination Time: 1.419199e-05
0: MPIL CopyToCPU RADIX-4 Dissemination Time: 1.179951e-05
0: MPIL CopyToCPU RADIX-5 Dissemination Time: 1.412678e-05
0: MPIL CopyToCPU RADIX-6 Dissemination Time: 1.630476e-05
0: MPIL CopyToCPU RADIX-7 Dissemination Time: 1.521258e-05
0: MPIL CopyToCPU RADIX-8 Dissemination Time: 1.378226e-05
0: MPIL CopyToCPU RADIX-9 Dissemination Time: 1.723698e-05
0: MPIL CopyToCPU RADIX-10 Dissemination Time: 1.858078e-05
0: MPIL CopyToCPU RADIX-11 Dissemination Time: 1.940589e-05
0: MPIL CopyToCPU RADIX-12 Dissemination Time: 2.020681e-05
0: MPIL CopyToCPU RADIX-13 Dissemination Time: 2.081321e-05
0: MPIL CopyToCPU RADIX-14 Dissemination Time: 2.076805e-05
0: Testing Size 16
0: PMPI Allreduce Time: 1.138177e-05
0: MPIL GPU-Aware Recursive Doubling Time: 1.139289e-05
0: MPIL GPU-Aware Node-Aware Dissemination Time: 1.937164e-05
0: MPIL GPU-Aware NUMA-Aware Dissemination Time: 3.729544e-05
0: CopyToCPU PMPI Allreduce Time: 1.121017e-05
0: MPIL CopyToCPU Recursive Doubling Time: 1.800492e-05
0: MPIL CopyToCPU Node-Aware Dissemination Time: 1.359628e-05
0: MPIL CopyToCPU NUMA-Aware Dissemination Time: 1.482250e-05
0: MPIL CopyToCPU RADIX-3 Dissemination Time: 1.719721e-05
0: MPIL CopyToCPU RADIX-4 Dissemination Time: 1.426093e-05
0: MPIL CopyToCPU RADIX-5 Dissemination Time: 1.645079e-05
0: MPIL CopyToCPU RADIX-6 Dissemination Time: 1.804504e-05
0: MPIL CopyToCPU RADIX-7 Dissemination Time: 1.771178e-05
0: MPIL CopyToCPU RADIX-8 Dissemination Time: 1.634173e-05
0: MPIL CopyToCPU RADIX-9 Dissemination Time: 2.111879e-05
0: MPIL CopyToCPU RADIX-10 Dissemination Time: 2.211187e-05
0: MPIL CopyToCPU RADIX-11 Dissemination Time: 2.323016e-05
0: MPIL CopyToCPU RADIX-12 Dissemination Time: 2.375172e-05
0: MPIL CopyToCPU RADIX-13 Dissemination Time: 2.394584e-05
0: MPIL CopyToCPU RADIX-14 Dissemination Time: 2.457352e-05
0: Testing Size 32
0: PMPI Allreduce Time: 1.782560e-05
0: MPIL GPU-Aware Recursive Doubling Time: 1.784078e-05
0: MPIL GPU-Aware Node-Aware Dissemination Time: 2.511356e-05
0: MPIL GPU-Aware NUMA-Aware Dissemination Time: 4.019758e-05
0: CopyToCPU PMPI Allreduce Time: 1.376575e-05
0: MPIL CopyToCPU Recursive Doubling Time: 1.972706e-05
0: MPIL CopyToCPU Node-Aware Dissemination Time: 1.520842e-05
0: MPIL CopyToCPU NUMA-Aware Dissemination Time: 1.815711e-05
0: MPIL CopyToCPU RADIX-3 Dissemination Time: 2.084203e-05
0: MPIL CopyToCPU RADIX-4 Dissemination Time: 1.673302e-05
0: MPIL CopyToCPU RADIX-5 Dissemination Time: 2.153859e-05
0: MPIL CopyToCPU RADIX-6 Dissemination Time: 2.196699e-05
0: MPIL CopyToCPU RADIX-7 Dissemination Time: 2.233942e-05
0: MPIL CopyToCPU RADIX-8 Dissemination Time: 1.766414e-05
0: MPIL CopyToCPU RADIX-9 Dissemination Time: 2.410106e-05
0: MPIL CopyToCPU RADIX-10 Dissemination Time: 2.499852e-05
0: MPIL CopyToCPU RADIX-11 Dissemination Time: 2.625240e-05
0: MPIL CopyToCPU RADIX-12 Dissemination Time: 2.718144e-05
0: MPIL CopyToCPU RADIX-13 Dissemination Time: 2.745204e-05
0: MPIL CopyToCPU RADIX-14 Dissemination Time: 2.823782e-05
0: Testing Size 64
0: PMPI Allreduce Time: 1.949192e-05
0: MPIL GPU-Aware Recursive Doubling Time: 1.949171e-05
0: MPIL GPU-Aware Node-Aware Dissemination Time: 3.253959e-05
0: MPIL GPU-Aware NUMA-Aware Dissemination Time: 4.099101e-05
0: CopyToCPU PMPI Allreduce Time: 1.938101e-05
0: MPIL CopyToCPU Recursive Doubling Time: 2.205311e-05
0: MPIL CopyToCPU Node-Aware Dissemination Time: 2.681888e-05
0: MPIL CopyToCPU NUMA-Aware Dissemination Time: 1.932975e-05
0: MPIL CopyToCPU RADIX-3 Dissemination Time: 2.202869e-05
0: MPIL CopyToCPU RADIX-4 Dissemination Time: 1.763075e-05
0: MPIL CopyToCPU RADIX-5 Dissemination Time: 2.335461e-05
0: MPIL CopyToCPU RADIX-6 Dissemination Time: 2.352535e-05
0: MPIL CopyToCPU RADIX-7 Dissemination Time: 2.388799e-05
0: MPIL CopyToCPU RADIX-8 Dissemination Time: 1.972563e-05
0: MPIL CopyToCPU RADIX-9 Dissemination Time: 2.613227e-05
0: MPIL CopyToCPU RADIX-10 Dissemination Time: 2.730594e-05
0: MPIL CopyToCPU RADIX-11 Dissemination Time: 2.838888e-05
0: MPIL CopyToCPU RADIX-12 Dissemination Time: 2.946360e-05
0: MPIL CopyToCPU RADIX-13 Dissemination Time: 3.022534e-05
0: MPIL CopyToCPU RADIX-14 Dissemination Time: 3.117098e-05
0: Testing Size 128
0: PMPI Allreduce Time: 2.288359e-05
0: MPIL GPU-Aware Recursive Doubling Time: 2.287784e-05
0: MPIL GPU-Aware Node-Aware Dissemination Time: 4.232806e-05
0: MPIL GPU-Aware NUMA-Aware Dissemination Time: 5.367377e-05
0: CopyToCPU PMPI Allreduce Time: 2.238489e-05
0: MPIL CopyToCPU Recursive Doubling Time: 2.711315e-05
0: MPIL CopyToCPU Node-Aware Dissemination Time: 3.530062e-05
0: MPIL CopyToCPU NUMA-Aware Dissemination Time: 2.370071e-05
0: MPIL CopyToCPU RADIX-3 Dissemination Time: 2.641509e-05
0: MPIL CopyToCPU RADIX-4 Dissemination Time: 2.209967e-05
0: MPIL CopyToCPU RADIX-5 Dissemination Time: 2.844575e-05
0: MPIL CopyToCPU RADIX-6 Dissemination Time: 2.796166e-05
0: MPIL CopyToCPU RADIX-7 Dissemination Time: 2.861198e-05
0: MPIL CopyToCPU RADIX-8 Dissemination Time: 2.436120e-05
0: MPIL CopyToCPU RADIX-9 Dissemination Time: 3.222485e-05
0: MPIL CopyToCPU RADIX-10 Dissemination Time: 3.355851e-05
0: MPIL CopyToCPU RADIX-11 Dissemination Time: 3.509911e-05
0: MPIL CopyToCPU RADIX-12 Dissemination Time: 3.621783e-05
0: MPIL CopyToCPU RADIX-13 Dissemination Time: 3.690294e-05
0: MPIL CopyToCPU RADIX-14 Dissemination Time: 3.728209e-05
0: Testing Size 256
0: PMPI Allreduce Time: 2.728823e-05
0: MPIL GPU-Aware Recursive Doubling Time: 2.731466e-05
0: MPIL GPU-Aware Node-Aware Dissemination Time: 4.950855e-05
0: MPIL GPU-Aware NUMA-Aware Dissemination Time: 5.948091e-05
0: CopyToCPU PMPI Allreduce Time: 2.699960e-05
0: MPIL CopyToCPU Recursive Doubling Time: 3.071901e-05
0: MPIL CopyToCPU Node-Aware Dissemination Time: 4.340816e-05
0: MPIL CopyToCPU NUMA-Aware Dissemination Time: 2.891965e-05
0: MPIL CopyToCPU RADIX-3 Dissemination Time: 3.072117e-05
0: MPIL CopyToCPU RADIX-4 Dissemination Time: 2.624169e-05
0: MPIL CopyToCPU RADIX-5 Dissemination Time: 2.865447e-05
0: MPIL CopyToCPU RADIX-6 Dissemination Time: 3.200001e-05
0: MPIL CopyToCPU RADIX-7 Dissemination Time: 3.194982e-05
0: MPIL CopyToCPU RADIX-8 Dissemination Time: 2.740275e-05
0: MPIL CopyToCPU RADIX-9 Dissemination Time: 3.616209e-05
0: MPIL CopyToCPU RADIX-10 Dissemination Time: 3.793596e-05
0: MPIL CopyToCPU RADIX-11 Dissemination Time: 3.952529e-05
0: MPIL CopyToCPU RADIX-12 Dissemination Time: 4.070063e-05
0: MPIL CopyToCPU RADIX-13 Dissemination Time: 4.205837e-05
0: MPIL CopyToCPU RADIX-14 Dissemination Time: 4.231929e-05
0: Testing Size 512
0: PMPI Allreduce Time: 3.400752e-05
0: MPIL GPU-Aware Recursive Doubling Time: 3.400082e-05
0: MPIL GPU-Aware Node-Aware Dissemination Time: 6.141706e-05
0: MPIL GPU-Aware NUMA-Aware Dissemination Time: 6.765768e-05
0: CopyToCPU PMPI Allreduce Time: 3.405642e-05
0: MPIL CopyToCPU Recursive Doubling Time: 3.788740e-05
0: MPIL CopyToCPU Node-Aware Dissemination Time: 5.481259e-05
0: MPIL CopyToCPU NUMA-Aware Dissemination Time: 3.683019e-05
0: MPIL CopyToCPU RADIX-3 Dissemination Time: 3.833017e-05
0: MPIL CopyToCPU RADIX-4 Dissemination Time: 2.888907e-05
0: MPIL CopyToCPU RADIX-5 Dissemination Time: 3.180972e-05
0: MPIL CopyToCPU RADIX-6 Dissemination Time: 3.643438e-05
0: MPIL CopyToCPU RADIX-7 Dissemination Time: 3.511729e-05
0: MPIL CopyToCPU RADIX-8 Dissemination Time: 3.287821e-05
0: MPIL CopyToCPU RADIX-9 Dissemination Time: 4.299438e-05
0: MPIL CopyToCPU RADIX-10 Dissemination Time: 4.408459e-05
0: MPIL CopyToCPU RADIX-11 Dissemination Time: 4.568660e-05
0: MPIL CopyToCPU RADIX-12 Dissemination Time: 4.694130e-05
0: MPIL CopyToCPU RADIX-13 Dissemination Time: 4.817248e-05
0: MPIL CopyToCPU RADIX-14 Dissemination Time: 4.863888e-05
0: Testing Size 1024
0: PMPI Allreduce Time: 7.165637e-05
0: MPIL GPU-Aware Recursive Doubling Time: 7.162262e-05
0: MPIL GPU-Aware Node-Aware Dissemination Time: 4.006280e-04
0: MPIL GPU-Aware NUMA-Aware Dissemination Time: 1.224395e-03
0: CopyToCPU PMPI Allreduce Time: 4.952653e-05
0: MPIL CopyToCPU Recursive Doubling Time: 5.418916e-05
0: MPIL CopyToCPU Node-Aware Dissemination Time: 8.443385e-05
0: MPIL CopyToCPU NUMA-Aware Dissemination Time: 5.703860e-05
0: MPIL CopyToCPU RADIX-3 Dissemination Time: 5.565577e-05
0: MPIL CopyToCPU RADIX-4 Dissemination Time: 3.943737e-05
0: MPIL CopyToCPU RADIX-5 Dissemination Time: 4.127421e-05
0: MPIL CopyToCPU RADIX-6 Dissemination Time: 4.689223e-05
0: MPIL CopyToCPU RADIX-7 Dissemination Time: 4.720719e-05
0: MPIL CopyToCPU RADIX-8 Dissemination Time: 4.351878e-05
0: MPIL CopyToCPU RADIX-9 Dissemination Time: 5.606357e-05
0: MPIL CopyToCPU RADIX-10 Dissemination Time: 5.843791e-05
0: MPIL CopyToCPU RADIX-11 Dissemination Time: 6.029519e-05
0: MPIL CopyToCPU RADIX-12 Dissemination Time: 6.203606e-05
0: MPIL CopyToCPU RADIX-13 Dissemination Time: 6.302477e-05
0: MPIL CopyToCPU RADIX-14 Dissemination Time: 6.358916e-05
0: Testing Size 2048
0: PMPI Allreduce Time: 1.324280e-04
0: MPIL GPU-Aware Recursive Doubling Time: 1.323411e-04
0: MPIL GPU-Aware Node-Aware Dissemination Time: 4.712649e-04
0: MPIL GPU-Aware NUMA-Aware Dissemination Time: 1.263715e-03
0: CopyToCPU PMPI Allreduce Time: 9.634142e-05
0: MPIL CopyToCPU Recursive Doubling Time: 8.652171e-05
0: MPIL CopyToCPU Node-Aware Dissemination Time: 1.455343e-04
0: MPIL CopyToCPU NUMA-Aware Dissemination Time: 8.947661e-05
0: MPIL CopyToCPU RADIX-3 Dissemination Time: 8.965042e-05
0: MPIL CopyToCPU RADIX-4 Dissemination Time: 5.862749e-05
0: MPIL CopyToCPU RADIX-5 Dissemination Time: 6.510161e-05
0: MPIL CopyToCPU RADIX-6 Dissemination Time: 6.941468e-05
0: MPIL CopyToCPU RADIX-7 Dissemination Time: 6.897366e-05
0: MPIL CopyToCPU RADIX-8 Dissemination Time: 6.494833e-05
0: MPIL CopyToCPU RADIX-9 Dissemination Time: 8.183892e-05
0: MPIL CopyToCPU RADIX-10 Dissemination Time: 8.601776e-05
0: MPIL CopyToCPU RADIX-11 Dissemination Time: 8.871677e-05
0: MPIL CopyToCPU RADIX-12 Dissemination Time: 9.154720e-05
0: MPIL CopyToCPU RADIX-13 Dissemination Time: 9.256896e-05
0: MPIL CopyToCPU RADIX-14 Dissemination Time: 9.344883e-05
0: Testing Size 4096
0: PMPI Allreduce Time: 1.274836e-04
0: MPIL GPU-Aware Recursive Doubling Time: 1.277349e-04
0: MPIL GPU-Aware Node-Aware Dissemination Time: 5.375872e-04
0: MPIL GPU-Aware NUMA-Aware Dissemination Time: 1.282830e-03
0: CopyToCPU PMPI Allreduce Time: 1.447106e-04
0: MPIL CopyToCPU Recursive Doubling Time: 1.507653e-04
0: MPIL CopyToCPU Node-Aware Dissemination Time: 2.355124e-04
0: MPIL CopyToCPU NUMA-Aware Dissemination Time: 1.578917e-04
0: MPIL CopyToCPU RADIX-3 Dissemination Time: 1.599987e-04
0: MPIL CopyToCPU RADIX-4 Dissemination Time: 1.054305e-04
0: MPIL CopyToCPU RADIX-5 Dissemination Time: 1.200368e-04
0: MPIL CopyToCPU RADIX-6 Dissemination Time: 1.280212e-04
0: MPIL CopyToCPU RADIX-7 Dissemination Time: 1.225600e-04
0: MPIL CopyToCPU RADIX-8 Dissemination Time: 1.170252e-04
0: MPIL CopyToCPU RADIX-9 Dissemination Time: 1.378955e-04
0: MPIL CopyToCPU RADIX-10 Dissemination Time: 1.468833e-04
0: MPIL CopyToCPU RADIX-11 Dissemination Time: 1.484359e-04
0: MPIL CopyToCPU RADIX-12 Dissemination Time: 1.532716e-04
0: MPIL CopyToCPU RADIX-13 Dissemination Time: 1.588910e-04
0: MPIL CopyToCPU RADIX-14 Dissemination Time: 1.619470e-04
0: Testing Size 8192
0: PMPI Allreduce Time: 1.304172e-04
0: MPIL GPU-Aware Recursive Doubling Time: 1.305500e-04
0: MPIL GPU-Aware Node-Aware Dissemination Time: 5.962033e-04
0: MPIL GPU-Aware NUMA-Aware Dissemination Time: 1.019013e-03
0: CopyToCPU PMPI Allreduce Time: 2.454770e-04
0: MPIL CopyToCPU Recursive Doubling Time: 2.671254e-04
0: MPIL CopyToCPU Node-Aware Dissemination Time: 4.198226e-04
0: MPIL CopyToCPU NUMA-Aware Dissemination Time: 2.847740e-04
0: MPIL CopyToCPU RADIX-3 Dissemination Time: 2.867083e-04
0: MPIL CopyToCPU RADIX-4 Dissemination Time: 1.962562e-04
0: MPIL CopyToCPU RADIX-5 Dissemination Time: 1.972922e-04
0: MPIL CopyToCPU RADIX-6 Dissemination Time: 2.237056e-04
0: MPIL CopyToCPU RADIX-7 Dissemination Time: 2.082119e-04
0: MPIL CopyToCPU RADIX-8 Dissemination Time: 2.067298e-04
0: MPIL CopyToCPU RADIX-9 Dissemination Time: 2.429452e-04
0: MPIL CopyToCPU RADIX-10 Dissemination Time: 2.477356e-04
0: MPIL CopyToCPU RADIX-11 Dissemination Time: 2.510477e-04
0: MPIL CopyToCPU RADIX-12 Dissemination Time: 2.577606e-04
0: MPIL CopyToCPU RADIX-13 Dissemination Time: 2.677870e-04
0: MPIL CopyToCPU RADIX-14 Dissemination Time: 2.734808e-04
0: Testing Size 16384
0: PMPI Allreduce Time: 1.362625e-04
0: MPIL GPU-Aware Recursive Doubling Time: 1.365749e-04
0: MPIL GPU-Aware Node-Aware Dissemination Time: 7.638551e-04
0: MPIL GPU-Aware NUMA-Aware Dissemination Time: 1.111185e-03
0: CopyToCPU PMPI Allreduce Time: 4.346000e-04
0: MPIL CopyToCPU Recursive Doubling Time: 4.972742e-04
0: MPIL CopyToCPU Node-Aware Dissemination Time: 7.201301e-04
0: MPIL CopyToCPU NUMA-Aware Dissemination Time: 5.334689e-04
0: MPIL CopyToCPU RADIX-3 Dissemination Time: 5.377249e-04
0: MPIL CopyToCPU RADIX-4 Dissemination Time: 3.565018e-04
0: MPIL CopyToCPU RADIX-5 Dissemination Time: 3.726476e-04
0: MPIL CopyToCPU RADIX-6 Dissemination Time: 3.867849e-04
0: MPIL CopyToCPU RADIX-7 Dissemination Time: 3.788877e-04
0: MPIL CopyToCPU RADIX-8 Dissemination Time: 3.690260e-04
0: MPIL CopyToCPU RADIX-9 Dissemination Time: 4.167276e-04
0: MPIL CopyToCPU RADIX-10 Dissemination Time: 4.332864e-04
0: MPIL CopyToCPU RADIX-11 Dissemination Time: 4.520509e-04
0: MPIL CopyToCPU RADIX-12 Dissemination Time: 4.421518e-04
0: MPIL CopyToCPU RADIX-13 Dissemination Time: 4.554434e-04
0: MPIL CopyToCPU RADIX-14 Dissemination Time: 4.770291e-04
0: Testing Size 32768
0: PMPI Allreduce Time: 1.498609e-04
0: MPIL GPU-Aware Recursive Doubling Time: 1.501409e-04
0: MPIL GPU-Aware Node-Aware Dissemination Time: 2.630214e-03
0: MPIL GPU-Aware NUMA-Aware Dissemination Time: 1.780158e-03
0: CopyToCPU PMPI Allreduce Time: 8.219252e-04
0: MPIL CopyToCPU Recursive Doubling Time: 9.389943e-04
0: MPIL CopyToCPU Node-Aware Dissemination Time: 1.368602e-03
0: MPIL CopyToCPU NUMA-Aware Dissemination Time: 1.008871e-03
0: MPIL CopyToCPU RADIX-3 Dissemination Time: 1.034046e-03
0: MPIL CopyToCPU RADIX-4 Dissemination Time: 6.661396e-04
0: MPIL CopyToCPU RADIX-5 Dissemination Time: 6.909307e-04
0: MPIL CopyToCPU RADIX-6 Dissemination Time: 7.145673e-04
0: MPIL CopyToCPU RADIX-7 Dissemination Time: 6.843453e-04
0: MPIL CopyToCPU RADIX-8 Dissemination Time: 6.867129e-04
0: MPIL CopyToCPU RADIX-9 Dissemination Time: 7.548258e-04
0: MPIL CopyToCPU RADIX-10 Dissemination Time: 7.852831e-04
0: MPIL CopyToCPU RADIX-11 Dissemination Time: 8.312206e-04
0: MPIL CopyToCPU RADIX-12 Dissemination Time: 8.398321e-04
0: MPIL CopyToCPU RADIX-13 Dissemination Time: 8.717127e-04
0: MPIL CopyToCPU RADIX-14 Dissemination Time: 9.000554e-04
0: Testing Size 65536
0: PMPI Allreduce Time: 1.702550e-04
0: MPIL GPU-Aware Recursive Doubling Time: 1.703605e-04
0: MPIL GPU-Aware Node-Aware Dissemination Time: 3.193118e-03
0: MPIL GPU-Aware NUMA-Aware Dissemination Time: 2.756550e-03
0: CopyToCPU PMPI Allreduce Time: 1.551882e-03
0: MPIL CopyToCPU Recursive Doubling Time: 1.794377e-03
0: MPIL CopyToCPU Node-Aware Dissemination Time: 2.654855e-03
0: MPIL CopyToCPU NUMA-Aware Dissemination Time: 1.935481e-03
0: MPIL CopyToCPU RADIX-3 Dissemination Time: 1.966576e-03
0: MPIL CopyToCPU RADIX-4 Dissemination Time: 1.210620e-03
0: MPIL CopyToCPU RADIX-5 Dissemination Time: 1.247260e-03
0: MPIL CopyToCPU RADIX-6 Dissemination Time: 1.301104e-03
0: MPIL CopyToCPU RADIX-7 Dissemination Time: 1.281876e-03
0: MPIL CopyToCPU RADIX-8 Dissemination Time: 1.295042e-03
0: MPIL CopyToCPU RADIX-9 Dissemination Time: 1.393121e-03
0: MPIL CopyToCPU RADIX-10 Dissemination Time: 1.491859e-03
0: MPIL CopyToCPU RADIX-11 Dissemination Time: 1.570797e-03
0: MPIL CopyToCPU RADIX-12 Dissemination Time: 1.591597e-03
0: MPIL CopyToCPU RADIX-13 Dissemination Time: 1.617125e-03
0: MPIL CopyToCPU RADIX-14 Dissemination Time: 1.696726e-03
0: Testing Size 131072
0: PMPI Allreduce Time: 2.107410e-04
0: MPIL GPU-Aware Recursive Doubling Time: 2.107216e-04
0: MPIL GPU-Aware Node-Aware Dissemination Time: 4.481883e-03
0: MPIL GPU-Aware NUMA-Aware Dissemination Time: 5.004882e-03
0: CopyToCPU PMPI Allreduce Time: 3.159737e-03
0: MPIL CopyToCPU Recursive Doubling Time: 3.214613e-03
0: MPIL CopyToCPU Node-Aware Dissemination Time: 5.763169e-03
0: MPIL CopyToCPU NUMA-Aware Dissemination Time: 3.750385e-03
0: MPIL CopyToCPU RADIX-3 Dissemination Time: 3.611494e-03
0: MPIL CopyToCPU RADIX-4 Dissemination Time: 2.291505e-03
0: MPIL CopyToCPU RADIX-5 Dissemination Time: 2.365683e-03
0: MPIL CopyToCPU RADIX-6 Dissemination Time: 2.480009e-03
0: MPIL CopyToCPU RADIX-7 Dissemination Time: 2.437772e-03
0: MPIL CopyToCPU RADIX-8 Dissemination Time: 2.472440e-03
0: MPIL CopyToCPU RADIX-9 Dissemination Time: 2.647562e-03
0: MPIL CopyToCPU RADIX-10 Dissemination Time: 2.798661e-03
0: MPIL CopyToCPU RADIX-11 Dissemination Time: 2.908619e-03
0: MPIL CopyToCPU RADIX-12 Dissemination Time: 2.973487e-03
0: MPIL CopyToCPU RADIX-13 Dissemination Time: 3.083001e-03
0: MPIL CopyToCPU RADIX-14 Dissemination Time: 3.135316e-03
0: Testing Size 262144
0: PMPI Allreduce Time: 2.488389e-04
0: MPIL GPU-Aware Recursive Doubling Time: 2.488999e-04
0: MPIL GPU-Aware Node-Aware Dissemination Time: 5.965959e-03
0: MPIL GPU-Aware NUMA-Aware Dissemination Time: 6.284269e-03
0: CopyToCPU PMPI Allreduce Time: 6.156292e-03
0: MPIL CopyToCPU Recursive Doubling Time: 6.412995e-03
0: MPIL CopyToCPU Node-Aware Dissemination Time: 1.015295e-02
0: MPIL CopyToCPU NUMA-Aware Dissemination Time: 7.111439e-03
0: MPIL CopyToCPU RADIX-3 Dissemination Time: 7.203858e-03
0: MPIL CopyToCPU RADIX-4 Dissemination Time: 4.564347e-03
0: MPIL CopyToCPU RADIX-5 Dissemination Time: 4.568997e-03
0: MPIL CopyToCPU RADIX-6 Dissemination Time: 4.907816e-03
0: MPIL CopyToCPU RADIX-7 Dissemination Time: 4.836012e-03
0: MPIL CopyToCPU RADIX-8 Dissemination Time: 4.906190e-03
0: MPIL CopyToCPU RADIX-9 Dissemination Time: 5.256390e-03
0: MPIL CopyToCPU RADIX-10 Dissemination Time: 5.477002e-03
0: MPIL CopyToCPU RADIX-11 Dissemination Time: 6.016921e-03
0: MPIL CopyToCPU RADIX-12 Dissemination Time: 5.887062e-03
0: MPIL CopyToCPU RADIX-13 Dissemination Time: 6.093556e-03
0: MPIL CopyToCPU RADIX-14 Dissemination Time: 6.288025e-03
0: Testing Size 524288
0: PMPI Allreduce Time: 3.501883e-04
0: MPIL GPU-Aware Recursive Doubling Time: 3.504875e-04
0: MPIL GPU-Aware Node-Aware Dissemination Time: 1.073250e-02
0: MPIL GPU-Aware NUMA-Aware Dissemination Time: 1.505875e-02
0: CopyToCPU PMPI Allreduce Time: 1.268480e-02
0: MPIL CopyToCPU Recursive Doubling Time: 1.286007e-02
0: MPIL CopyToCPU Node-Aware Dissemination Time: 2.054760e-02
0: MPIL CopyToCPU NUMA-Aware Dissemination Time: 1.400233e-02
0: MPIL CopyToCPU RADIX-3 Dissemination Time: 1.447042e-02
0: MPIL CopyToCPU RADIX-4 Dissemination Time: 9.284959e-03
0: MPIL CopyToCPU RADIX-5 Dissemination Time: 9.432792e-03
0: MPIL CopyToCPU RADIX-6 Dissemination Time: 9.735072e-03
0: MPIL CopyToCPU RADIX-7 Dissemination Time: 9.846383e-03
0: MPIL CopyToCPU RADIX-8 Dissemination Time: 1.356546e-02
0: MPIL CopyToCPU RADIX-9 Dissemination Time: 1.569893e-02
0: MPIL CopyToCPU RADIX-10 Dissemination Time: 1.689207e-02
0: MPIL CopyToCPU RADIX-11 Dissemination Time: 1.805978e-02
0: MPIL CopyToCPU RADIX-12 Dissemination Time: 1.900846e-02
0: MPIL CopyToCPU RADIX-13 Dissemination Time: 2.010517e-02
0: MPIL CopyToCPU RADIX-14 Dissemination Time: 2.129355e-02
