0: Testing Size 1
0: PMPI Allreduce Time: 1.725065e-05
0: MPIL GPU-Aware Recursive Doubling Time: 1.702170e-05
0: MPIL GPU-Aware Node-Aware Dissemination Time: 4.150834e-05
0: MPIL GPU-Aware NUMA-Aware Dissemination Time: 5.472016e-05
0: CopyToCPU PMPI Allreduce Time: 1.682864e-05
0: MPIL CopyToCPU Recursive Doubling Time: 1.715339e-05
0: MPIL CopyToCPU Node-Aware Dissemination Time: 2.284497e-05
0: MPIL CopyToCPU NUMA-Aware Dissemination Time: 1.749748e-05
0: MPIL CopyToCPU RADIX-3 Dissemination Time: 2.021944e-05
0: MPIL CopyToCPU RADIX-4 Dissemination Time: 1.584294e-05
0: MPIL CopyToCPU RADIX-5 Dissemination Time: 2.007666e-05
0: MPIL CopyToCPU RADIX-6 Dissemination Time: 1.960499e-05
0: MPIL CopyToCPU RADIX-7 Dissemination Time: 2.146442e-05
0: MPIL CopyToCPU RADIX-8 Dissemination Time: 1.847423e-05
0: MPIL CopyToCPU RADIX-9 Dissemination Time: 1.991011e-05
0: MPIL CopyToCPU RADIX-10 Dissemination Time: 2.298057e-05
0: MPIL CopyToCPU RADIX-11 Dissemination Time: 2.337927e-05
0: MPIL CopyToCPU RADIX-12 Dissemination Time: 2.394949e-05
0: MPIL CopyToCPU RADIX-13 Dissemination Time: 2.447946e-05
0: MPIL CopyToCPU RADIX-14 Dissemination Time: 2.500024e-05
0: Testing Size 2
0: PMPI Allreduce Time: 1.706045e-05
0: MPIL GPU-Aware Recursive Doubling Time: 1.710207e-05
0: MPIL GPU-Aware Node-Aware Dissemination Time: 3.983288e-05
0: MPIL GPU-Aware NUMA-Aware Dissemination Time: 5.507167e-05
0: CopyToCPU PMPI Allreduce Time: 1.696891e-05
0: MPIL CopyToCPU Recursive Doubling Time: 1.886783e-05
0: MPIL CopyToCPU Node-Aware Dissemination Time: 2.256993e-05
0: MPIL CopyToCPU NUMA-Aware Dissemination Time: 1.833926e-05
0: MPIL CopyToCPU RADIX-3 Dissemination Time: 2.070597e-05
0: MPIL CopyToCPU RADIX-4 Dissemination Time: 1.671604e-05
0: MPIL CopyToCPU RADIX-5 Dissemination Time: 2.053848e-05
0: MPIL CopyToCPU RADIX-6 Dissemination Time: 2.012005e-05
0: MPIL CopyToCPU RADIX-7 Dissemination Time: 2.173267e-05
0: MPIL CopyToCPU RADIX-8 Dissemination Time: 1.900455e-05
0: MPIL CopyToCPU RADIX-9 Dissemination Time: 1.977041e-05
0: MPIL CopyToCPU RADIX-10 Dissemination Time: 2.319265e-05
0: MPIL CopyToCPU RADIX-11 Dissemination Time: 2.352863e-05
0: MPIL CopyToCPU RADIX-12 Dissemination Time: 2.418219e-05
0: MPIL CopyToCPU RADIX-13 Dissemination Time: 2.455801e-05
0: MPIL CopyToCPU RADIX-14 Dissemination Time: 2.540470e-05
0: Testing Size 4
0: PMPI Allreduce Time: 1.714891e-05
0: MPIL GPU-Aware Recursive Doubling Time: 1.715146e-05
0: MPIL GPU-Aware Node-Aware Dissemination Time: 4.076504e-05
0: MPIL GPU-Aware NUMA-Aware Dissemination Time: 5.502206e-05
0: CopyToCPU PMPI Allreduce Time: 1.698238e-05
0: MPIL CopyToCPU Recursive Doubling Time: 1.870623e-05
0: MPIL CopyToCPU Node-Aware Dissemination Time: 2.285919e-05
0: MPIL CopyToCPU NUMA-Aware Dissemination Time: 1.836176e-05
0: MPIL CopyToCPU RADIX-3 Dissemination Time: 2.077980e-05
0: MPIL CopyToCPU RADIX-4 Dissemination Time: 1.667357e-05
0: MPIL CopyToCPU RADIX-5 Dissemination Time: 2.058953e-05
0: MPIL CopyToCPU RADIX-6 Dissemination Time: 2.012769e-05
0: MPIL CopyToCPU RADIX-7 Dissemination Time: 2.185763e-05
0: MPIL CopyToCPU RADIX-8 Dissemination Time: 1.900103e-05
0: MPIL CopyToCPU RADIX-9 Dissemination Time: 1.986324e-05
0: MPIL CopyToCPU RADIX-10 Dissemination Time: 2.331433e-05
0: MPIL CopyToCPU RADIX-11 Dissemination Time: 2.365451e-05
0: MPIL CopyToCPU RADIX-12 Dissemination Time: 2.437406e-05
0: MPIL CopyToCPU RADIX-13 Dissemination Time: 2.471659e-05
0: MPIL CopyToCPU RADIX-14 Dissemination Time: 2.532039e-05
0: Testing Size 8
0: PMPI Allreduce Time: 1.711972e-05
0: MPIL GPU-Aware Recursive Doubling Time: 1.710105e-05
0: MPIL GPU-Aware Node-Aware Dissemination Time: 4.031704e-05
0: MPIL GPU-Aware NUMA-Aware Dissemination Time: 5.483095e-05
0: CopyToCPU PMPI Allreduce Time: 1.687410e-05
0: MPIL CopyToCPU Recursive Doubling Time: 1.889858e-05
0: MPIL CopyToCPU Node-Aware Dissemination Time: 2.289790e-05
0: MPIL CopyToCPU NUMA-Aware Dissemination Time: 1.841213e-05
0: MPIL CopyToCPU RADIX-3 Dissemination Time: 2.102846e-05
0: MPIL CopyToCPU RADIX-4 Dissemination Time: 1.700376e-05
0: MPIL CopyToCPU RADIX-5 Dissemination Time: 2.091951e-05
0: MPIL CopyToCPU RADIX-6 Dissemination Time: 2.043510e-05
0: MPIL CopyToCPU RADIX-7 Dissemination Time: 2.216454e-05
0: MPIL CopyToCPU RADIX-8 Dissemination Time: 1.949189e-05
0: MPIL CopyToCPU RADIX-9 Dissemination Time: 2.020640e-05
0: MPIL CopyToCPU RADIX-10 Dissemination Time: 2.361136e-05
0: MPIL CopyToCPU RADIX-11 Dissemination Time: 2.416869e-05
0: MPIL CopyToCPU RADIX-12 Dissemination Time: 2.469690e-05
0: MPIL CopyToCPU RADIX-13 Dissemination Time: 2.523718e-05
0: MPIL CopyToCPU RADIX-14 Dissemination Time: 2.607414e-05
0: Testing Size 16
0: PMPI Allreduce Time: 1.842106e-05
0: MPIL GPU-Aware Recursive Doubling Time: 1.840501e-05
0: MPIL GPU-Aware Node-Aware Dissemination Time: 4.218226e-05
0: MPIL GPU-Aware NUMA-Aware Dissemination Time: 5.716176e-05
0: CopyToCPU PMPI Allreduce Time: 1.810005e-05
0: MPIL CopyToCPU Recursive Doubling Time: 2.562523e-05
0: MPIL CopyToCPU Node-Aware Dissemination Time: 2.454900e-05
0: MPIL CopyToCPU NUMA-Aware Dissemination Time: 2.207977e-05
0: MPIL CopyToCPU RADIX-3 Dissemination Time: 2.441709e-05
0: MPIL CopyToCPU RADIX-4 Dissemination Time: 1.965085e-05
0: MPIL CopyToCPU RADIX-5 Dissemination Time: 2.371978e-05
0: MPIL CopyToCPU RADIX-6 Dissemination Time: 2.278489e-05
0: MPIL CopyToCPU RADIX-7 Dissemination Time: 2.443045e-05
0: MPIL CopyToCPU RADIX-8 Dissemination Time: 2.183919e-05
0: MPIL CopyToCPU RADIX-9 Dissemination Time: 2.292684e-05
0: MPIL CopyToCPU RADIX-10 Dissemination Time: 2.593275e-05
0: MPIL CopyToCPU RADIX-11 Dissemination Time: 2.640489e-05
0: MPIL CopyToCPU RADIX-12 Dissemination Time: 2.685267e-05
0: MPIL CopyToCPU RADIX-13 Dissemination Time: 2.781108e-05
0: MPIL CopyToCPU RADIX-14 Dissemination Time: 2.791743e-05
0: Testing Size 32
0: PMPI Allreduce Time: 2.706304e-05
0: MPIL GPU-Aware Recursive Doubling Time: 2.710152e-05
0: MPIL GPU-Aware Node-Aware Dissemination Time: 5.243218e-05
0: MPIL GPU-Aware NUMA-Aware Dissemination Time: 6.237384e-05
0: CopyToCPU PMPI Allreduce Time: 2.243427e-05
0: MPIL CopyToCPU Recursive Doubling Time: 2.944009e-05
0: MPIL CopyToCPU Node-Aware Dissemination Time: 2.986866e-05
0: MPIL CopyToCPU NUMA-Aware Dissemination Time: 2.733943e-05
0: MPIL CopyToCPU RADIX-3 Dissemination Time: 3.084080e-05
0: MPIL CopyToCPU RADIX-4 Dissemination Time: 2.393182e-05
0: MPIL CopyToCPU RADIX-5 Dissemination Time: 2.899499e-05
0: MPIL CopyToCPU RADIX-6 Dissemination Time: 2.686989e-05
0: MPIL CopyToCPU RADIX-7 Dissemination Time: 2.871781e-05
0: MPIL CopyToCPU RADIX-8 Dissemination Time: 2.444552e-05
0: MPIL CopyToCPU RADIX-9 Dissemination Time: 2.762981e-05
0: MPIL CopyToCPU RADIX-10 Dissemination Time: 3.010499e-05
0: MPIL CopyToCPU RADIX-11 Dissemination Time: 3.085887e-05
0: MPIL CopyToCPU RADIX-12 Dissemination Time: 3.155705e-05
0: MPIL CopyToCPU RADIX-13 Dissemination Time: 3.221493e-05
0: MPIL CopyToCPU RADIX-14 Dissemination Time: 3.237727e-05
0: Testing Size 64
0: PMPI Allreduce Time: 2.883193e-05
0: MPIL GPU-Aware Recursive Doubling Time: 2.885843e-05
0: MPIL GPU-Aware Node-Aware Dissemination Time: 6.591062e-05
0: MPIL GPU-Aware NUMA-Aware Dissemination Time: 6.335542e-05
0: CopyToCPU PMPI Allreduce Time: 2.875589e-05
0: MPIL CopyToCPU Recursive Doubling Time: 3.151286e-05
0: MPIL CopyToCPU Node-Aware Dissemination Time: 4.653449e-05
0: MPIL CopyToCPU NUMA-Aware Dissemination Time: 2.870715e-05
0: MPIL CopyToCPU RADIX-3 Dissemination Time: 3.195082e-05
0: MPIL CopyToCPU RADIX-4 Dissemination Time: 2.463101e-05
0: MPIL CopyToCPU RADIX-5 Dissemination Time: 2.989121e-05
0: MPIL CopyToCPU RADIX-6 Dissemination Time: 2.819887e-05
0: MPIL CopyToCPU RADIX-7 Dissemination Time: 2.958411e-05
0: MPIL CopyToCPU RADIX-8 Dissemination Time: 2.560501e-05
0: MPIL CopyToCPU RADIX-9 Dissemination Time: 2.914392e-05
0: MPIL CopyToCPU RADIX-10 Dissemination Time: 3.157504e-05
0: MPIL CopyToCPU RADIX-11 Dissemination Time: 3.145081e-05
0: MPIL CopyToCPU RADIX-12 Dissemination Time: 3.263737e-05
0: MPIL CopyToCPU RADIX-13 Dissemination Time: 3.308558e-05
0: MPIL CopyToCPU RADIX-14 Dissemination Time: 3.376773e-05
0: Testing Size 128
0: PMPI Allreduce Time: 3.258822e-05
0: MPIL GPU-Aware Recursive Doubling Time: 3.257489e-05
0: MPIL GPU-Aware Node-Aware Dissemination Time: 8.184142e-05
0: MPIL GPU-Aware NUMA-Aware Dissemination Time: 7.611395e-05
0: CopyToCPU PMPI Allreduce Time: 3.287396e-05
0: MPIL CopyToCPU Recursive Doubling Time: 3.879371e-05
0: MPIL CopyToCPU Node-Aware Dissemination Time: 6.064458e-05
0: MPIL CopyToCPU NUMA-Aware Dissemination Time: 3.477875e-05
0: MPIL CopyToCPU RADIX-3 Dissemination Time: 3.655318e-05
0: MPIL CopyToCPU RADIX-4 Dissemination Time: 2.956118e-05
0: MPIL CopyToCPU RADIX-5 Dissemination Time: 3.549572e-05
0: MPIL CopyToCPU RADIX-6 Dissemination Time: 3.278719e-05
0: MPIL CopyToCPU RADIX-7 Dissemination Time: 3.488228e-05
0: MPIL CopyToCPU RADIX-8 Dissemination Time: 3.079226e-05
0: MPIL CopyToCPU RADIX-9 Dissemination Time: 3.395741e-05
0: MPIL CopyToCPU RADIX-10 Dissemination Time: 3.642345e-05
0: MPIL CopyToCPU RADIX-11 Dissemination Time: 3.779016e-05
0: MPIL CopyToCPU RADIX-12 Dissemination Time: 3.796404e-05
0: MPIL CopyToCPU RADIX-13 Dissemination Time: 3.929208e-05
0: MPIL CopyToCPU RADIX-14 Dissemination Time: 4.032694e-05
0: Testing Size 256
0: PMPI Allreduce Time: 3.758039e-05
0: MPIL GPU-Aware Recursive Doubling Time: 3.755480e-05
0: MPIL GPU-Aware Node-Aware Dissemination Time: 9.363746e-05
0: MPIL GPU-Aware NUMA-Aware Dissemination Time: 8.458282e-05
0: CopyToCPU PMPI Allreduce Time: 3.809205e-05
0: MPIL CopyToCPU Recursive Doubling Time: 4.447413e-05
0: MPIL CopyToCPU Node-Aware Dissemination Time: 7.277834e-05
0: MPIL CopyToCPU NUMA-Aware Dissemination Time: 4.056772e-05
0: MPIL CopyToCPU RADIX-3 Dissemination Time: 4.137688e-05
0: MPIL CopyToCPU RADIX-4 Dissemination Time: 3.293571e-05
0: MPIL CopyToCPU RADIX-5 Dissemination Time: 3.856328e-05
0: MPIL CopyToCPU RADIX-6 Dissemination Time: 3.617245e-05
0: MPIL CopyToCPU RADIX-7 Dissemination Time: 3.832618e-05
0: MPIL CopyToCPU RADIX-8 Dissemination Time: 3.410211e-05
0: MPIL CopyToCPU RADIX-9 Dissemination Time: 3.620396e-05
0: MPIL CopyToCPU RADIX-10 Dissemination Time: 3.991421e-05
0: MPIL CopyToCPU RADIX-11 Dissemination Time: 4.140940e-05
0: MPIL CopyToCPU RADIX-12 Dissemination Time: 4.161392e-05
0: MPIL CopyToCPU RADIX-13 Dissemination Time: 4.275095e-05
0: MPIL CopyToCPU RADIX-14 Dissemination Time: 4.356362e-05
0: Testing Size 512
0: PMPI Allreduce Time: 4.547465e-05
0: MPIL GPU-Aware Recursive Doubling Time: 4.550283e-05
0: MPIL GPU-Aware Node-Aware Dissemination Time: 1.110540e-04
0: MPIL GPU-Aware NUMA-Aware Dissemination Time: 9.346072e-05
0: CopyToCPU PMPI Allreduce Time: 4.575990e-05
0: MPIL CopyToCPU Recursive Doubling Time: 5.058152e-05
0: MPIL CopyToCPU Node-Aware Dissemination Time: 9.113761e-05
0: MPIL CopyToCPU NUMA-Aware Dissemination Time: 5.011534e-05
0: MPIL CopyToCPU RADIX-3 Dissemination Time: 4.939376e-05
0: MPIL CopyToCPU RADIX-4 Dissemination Time: 3.794075e-05
0: MPIL CopyToCPU RADIX-5 Dissemination Time: 4.388741e-05
0: MPIL CopyToCPU RADIX-6 Dissemination Time: 4.207987e-05
0: MPIL CopyToCPU RADIX-7 Dissemination Time: 4.391058e-05
0: MPIL CopyToCPU RADIX-8 Dissemination Time: 3.953391e-05
0: MPIL CopyToCPU RADIX-9 Dissemination Time: 4.209880e-05
0: MPIL CopyToCPU RADIX-10 Dissemination Time: 4.618839e-05
0: MPIL CopyToCPU RADIX-11 Dissemination Time: 4.764813e-05
0: MPIL CopyToCPU RADIX-12 Dissemination Time: 4.860450e-05
0: MPIL CopyToCPU RADIX-13 Dissemination Time: 4.977607e-05
0: MPIL CopyToCPU RADIX-14 Dissemination Time: 5.139008e-05
0: Testing Size 1024
0: PMPI Allreduce Time: 8.586651e-05
0: MPIL GPU-Aware Recursive Doubling Time: 8.579621e-05
0: MPIL GPU-Aware Node-Aware Dissemination Time: 1.017885e-03
0: MPIL GPU-Aware NUMA-Aware Dissemination Time: 1.665377e-03
0: CopyToCPU PMPI Allreduce Time: 6.276599e-05
0: MPIL CopyToCPU Recursive Doubling Time: 6.825647e-05
0: MPIL CopyToCPU Node-Aware Dissemination Time: 1.338933e-04
0: MPIL CopyToCPU NUMA-Aware Dissemination Time: 7.001633e-05
0: MPIL CopyToCPU RADIX-3 Dissemination Time: 6.843991e-05
0: MPIL CopyToCPU RADIX-4 Dissemination Time: 4.791086e-05
0: MPIL CopyToCPU RADIX-5 Dissemination Time: 5.622364e-05
0: MPIL CopyToCPU RADIX-6 Dissemination Time: 5.502929e-05
0: MPIL CopyToCPU RADIX-7 Dissemination Time: 5.722565e-05
0: MPIL CopyToCPU RADIX-8 Dissemination Time: 5.201732e-05
0: MPIL CopyToCPU RADIX-9 Dissemination Time: 5.522375e-05
0: MPIL CopyToCPU RADIX-10 Dissemination Time: 5.906641e-05
0: MPIL CopyToCPU RADIX-11 Dissemination Time: 6.146253e-05
0: MPIL CopyToCPU RADIX-12 Dissemination Time: 6.217215e-05
0: MPIL CopyToCPU RADIX-13 Dissemination Time: 6.369722e-05
0: MPIL CopyToCPU RADIX-14 Dissemination Time: 6.467060e-05
0: Testing Size 2048
0: PMPI Allreduce Time: 1.801505e-04
0: MPIL GPU-Aware Recursive Doubling Time: 1.798227e-04
0: MPIL GPU-Aware Node-Aware Dissemination Time: 8.684134e-04
0: MPIL GPU-Aware NUMA-Aware Dissemination Time: 1.880683e-03
0: CopyToCPU PMPI Allreduce Time: 1.145123e-04
0: MPIL CopyToCPU Recursive Doubling Time: 1.019003e-04
0: MPIL CopyToCPU Node-Aware Dissemination Time: 2.281045e-04
0: MPIL CopyToCPU NUMA-Aware Dissemination Time: 1.063693e-04
0: MPIL CopyToCPU RADIX-3 Dissemination Time: 1.033481e-04
0: MPIL CopyToCPU RADIX-4 Dissemination Time: 7.206752e-05
0: MPIL CopyToCPU RADIX-5 Dissemination Time: 8.280024e-05
0: MPIL CopyToCPU RADIX-6 Dissemination Time: 8.305520e-05
0: MPIL CopyToCPU RADIX-7 Dissemination Time: 8.722586e-05
0: MPIL CopyToCPU RADIX-8 Dissemination Time: 8.046760e-05
0: MPIL CopyToCPU RADIX-9 Dissemination Time: 8.654956e-05
0: MPIL CopyToCPU RADIX-10 Dissemination Time: 8.784455e-05
0: MPIL CopyToCPU RADIX-11 Dissemination Time: 9.072469e-05
0: MPIL CopyToCPU RADIX-12 Dissemination Time: 8.954205e-05
0: MPIL CopyToCPU RADIX-13 Dissemination Time: 9.542915e-05
0: MPIL CopyToCPU RADIX-14 Dissemination Time: 9.811122e-05
0: Testing Size 4096
0: PMPI Allreduce Time: 1.752136e-04
0: MPIL GPU-Aware Recursive Doubling Time: 1.752902e-04
0: MPIL GPU-Aware Node-Aware Dissemination Time: 9.834883e-04
0: MPIL GPU-Aware NUMA-Aware Dissemination Time: 1.908405e-03
0: CopyToCPU PMPI Allreduce Time: 1.665001e-04
0: MPIL CopyToCPU Recursive Doubling Time: 1.776453e-04
0: MPIL CopyToCPU Node-Aware Dissemination Time: 3.696023e-04
0: MPIL CopyToCPU NUMA-Aware Dissemination Time: 1.857215e-04
0: MPIL CopyToCPU RADIX-3 Dissemination Time: 1.879433e-04
0: MPIL CopyToCPU RADIX-4 Dissemination Time: 1.302952e-04
0: MPIL CopyToCPU RADIX-5 Dissemination Time: 1.477116e-04
0: MPIL CopyToCPU RADIX-6 Dissemination Time: 1.470322e-04
0: MPIL CopyToCPU RADIX-7 Dissemination Time: 1.561357e-04
0: MPIL CopyToCPU RADIX-8 Dissemination Time: 1.479811e-04
0: MPIL CopyToCPU RADIX-9 Dissemination Time: 1.575392e-04
0: MPIL CopyToCPU RADIX-10 Dissemination Time: 1.646528e-04
0: MPIL CopyToCPU RADIX-11 Dissemination Time: 1.644610e-04
0: MPIL CopyToCPU RADIX-12 Dissemination Time: 1.650588e-04
0: MPIL CopyToCPU RADIX-13 Dissemination Time: 1.732121e-04
0: MPIL CopyToCPU RADIX-14 Dissemination Time: 1.782439e-04
0: Testing Size 8192
0: PMPI Allreduce Time: 1.792150e-04
0: MPIL GPU-Aware Recursive Doubling Time: 1.795028e-04
0: MPIL GPU-Aware Node-Aware Dissemination Time: 1.153216e-03
0: MPIL GPU-Aware NUMA-Aware Dissemination Time: 2.048130e-03
0: CopyToCPU PMPI Allreduce Time: 2.764571e-04
0: MPIL CopyToCPU Recursive Doubling Time: 3.049935e-04
0: MPIL CopyToCPU Node-Aware Dissemination Time: 6.341088e-04
0: MPIL CopyToCPU NUMA-Aware Dissemination Time: 3.197101e-04
0: MPIL CopyToCPU RADIX-3 Dissemination Time: 3.272023e-04
0: MPIL CopyToCPU RADIX-4 Dissemination Time: 2.301530e-04
0: MPIL CopyToCPU RADIX-5 Dissemination Time: 2.510822e-04
0: MPIL CopyToCPU RADIX-6 Dissemination Time: 2.530796e-04
0: MPIL CopyToCPU RADIX-7 Dissemination Time: 2.693078e-04
0: MPIL CopyToCPU RADIX-8 Dissemination Time: 2.632534e-04
0: MPIL CopyToCPU RADIX-9 Dissemination Time: 2.749508e-04
0: MPIL CopyToCPU RADIX-10 Dissemination Time: 2.877527e-04
0: MPIL CopyToCPU RADIX-11 Dissemination Time: 2.851022e-04
0: MPIL CopyToCPU RADIX-12 Dissemination Time: 2.684833e-04
0: MPIL CopyToCPU RADIX-13 Dissemination Time: 2.845366e-04
0: MPIL CopyToCPU RADIX-14 Dissemination Time: 2.963152e-04
0: Testing Size 16384
0: PMPI Allreduce Time: 1.860492e-04
0: MPIL GPU-Aware Recursive Doubling Time: 1.864316e-04
0: MPIL GPU-Aware Node-Aware Dissemination Time: 1.527764e-03
0: MPIL GPU-Aware NUMA-Aware Dissemination Time: 2.285712e-03
0: CopyToCPU PMPI Allreduce Time: 4.645117e-04
0: MPIL CopyToCPU Recursive Doubling Time: 5.508355e-04
0: MPIL CopyToCPU Node-Aware Dissemination Time: 1.141325e-03
0: MPIL CopyToCPU NUMA-Aware Dissemination Time: 5.883416e-04
0: MPIL CopyToCPU RADIX-3 Dissemination Time: 5.996813e-04
0: MPIL CopyToCPU RADIX-4 Dissemination Time: 4.168613e-04
0: MPIL CopyToCPU RADIX-5 Dissemination Time: 4.430301e-04
0: MPIL CopyToCPU RADIX-6 Dissemination Time: 4.509287e-04
0: MPIL CopyToCPU RADIX-7 Dissemination Time: 4.831530e-04
0: MPIL CopyToCPU RADIX-8 Dissemination Time: 4.838884e-04
0: MPIL CopyToCPU RADIX-9 Dissemination Time: 5.003395e-04
0: MPIL CopyToCPU RADIX-10 Dissemination Time: 5.229753e-04
0: MPIL CopyToCPU RADIX-11 Dissemination Time: 5.150364e-04
0: MPIL CopyToCPU RADIX-12 Dissemination Time: 4.939932e-04
0: MPIL CopyToCPU RADIX-13 Dissemination Time: 5.217658e-04
0: MPIL CopyToCPU RADIX-14 Dissemination Time: 5.456412e-04
0: Testing Size 32768
0: PMPI Allreduce Time: 2.011673e-04
0: MPIL GPU-Aware Recursive Doubling Time: 2.009027e-04
0: MPIL GPU-Aware Node-Aware Dissemination Time: 3.872423e-03
0: MPIL GPU-Aware NUMA-Aware Dissemination Time: 3.053794e-03
0: CopyToCPU PMPI Allreduce Time: 8.516488e-04
0: MPIL CopyToCPU Recursive Doubling Time: 1.033370e-03
0: MPIL CopyToCPU Node-Aware Dissemination Time: 2.139108e-03
0: MPIL CopyToCPU NUMA-Aware Dissemination Time: 1.097023e-03
0: MPIL CopyToCPU RADIX-3 Dissemination Time: 1.138065e-03
0: MPIL CopyToCPU RADIX-4 Dissemination Time: 7.739248e-04
0: MPIL CopyToCPU RADIX-5 Dissemination Time: 8.354302e-04
0: MPIL CopyToCPU RADIX-6 Dissemination Time: 8.689918e-04
0: MPIL CopyToCPU RADIX-7 Dissemination Time: 9.447555e-04
0: MPIL CopyToCPU RADIX-8 Dissemination Time: 9.164103e-04
0: MPIL CopyToCPU RADIX-9 Dissemination Time: 9.732212e-04
0: MPIL CopyToCPU RADIX-10 Dissemination Time: 9.550422e-04
0: MPIL CopyToCPU RADIX-11 Dissemination Time: 9.307667e-04
0: MPIL CopyToCPU RADIX-12 Dissemination Time: 9.366282e-04
0: MPIL CopyToCPU RADIX-13 Dissemination Time: 9.818308e-04
0: MPIL CopyToCPU RADIX-14 Dissemination Time: 1.023073e-03
0: Testing Size 65536
0: PMPI Allreduce Time: 2.271664e-04
0: MPIL GPU-Aware Recursive Doubling Time: 2.268072e-04
0: MPIL GPU-Aware Node-Aware Dissemination Time: 4.668426e-03
0: MPIL GPU-Aware NUMA-Aware Dissemination Time: 3.824983e-03
0: CopyToCPU PMPI Allreduce Time: 1.672564e-03
0: MPIL CopyToCPU Recursive Doubling Time: 1.960376e-03
0: MPIL CopyToCPU Node-Aware Dissemination Time: 4.148343e-03
0: MPIL CopyToCPU NUMA-Aware Dissemination Time: 2.076229e-03
0: MPIL CopyToCPU RADIX-3 Dissemination Time: 2.146884e-03
0: MPIL CopyToCPU RADIX-4 Dissemination Time: 1.494685e-03
0: MPIL CopyToCPU RADIX-5 Dissemination Time: 1.507798e-03
0: MPIL CopyToCPU RADIX-6 Dissemination Time: 1.528086e-03
0: MPIL CopyToCPU RADIX-7 Dissemination Time: 1.630737e-03
0: MPIL CopyToCPU RADIX-8 Dissemination Time: 1.681407e-03
0: MPIL CopyToCPU RADIX-9 Dissemination Time: 1.698703e-03
0: MPIL CopyToCPU RADIX-10 Dissemination Time: 1.748649e-03
0: MPIL CopyToCPU RADIX-11 Dissemination Time: 1.751113e-03
0: MPIL CopyToCPU RADIX-12 Dissemination Time: 1.789782e-03
0: MPIL CopyToCPU RADIX-13 Dissemination Time: 1.847848e-03
0: MPIL CopyToCPU RADIX-14 Dissemination Time: 1.936838e-03
0: Testing Size 131072
0: PMPI Allreduce Time: 2.734886e-04
0: MPIL GPU-Aware Recursive Doubling Time: 2.728274e-04
0: MPIL GPU-Aware Node-Aware Dissemination Time: 7.235359e-03
0: MPIL GPU-Aware NUMA-Aware Dissemination Time: 7.740802e-03
0: CopyToCPU PMPI Allreduce Time: 3.267869e-03
0: MPIL CopyToCPU Recursive Doubling Time: 3.497683e-03
0: MPIL CopyToCPU Node-Aware Dissemination Time: 8.020275e-03
0: MPIL CopyToCPU NUMA-Aware Dissemination Time: 3.967326e-03
0: MPIL CopyToCPU RADIX-3 Dissemination Time: 4.138200e-03
0: MPIL CopyToCPU RADIX-4 Dissemination Time: 2.631825e-03
0: MPIL CopyToCPU RADIX-5 Dissemination Time: 2.760859e-03
0: MPIL CopyToCPU RADIX-6 Dissemination Time: 2.893312e-03
0: MPIL CopyToCPU RADIX-7 Dissemination Time: 3.070824e-03
0: MPIL CopyToCPU RADIX-8 Dissemination Time: 3.155420e-03
0: MPIL CopyToCPU RADIX-9 Dissemination Time: 3.213496e-03
0: MPIL CopyToCPU RADIX-10 Dissemination Time: 3.255036e-03
0: MPIL CopyToCPU RADIX-11 Dissemination Time: 3.268555e-03
0: MPIL CopyToCPU RADIX-12 Dissemination Time: 3.247034e-03
0: MPIL CopyToCPU RADIX-13 Dissemination Time: 3.421154e-03
0: MPIL CopyToCPU RADIX-14 Dissemination Time: 3.542696e-03
0: Testing Size 262144
0: PMPI Allreduce Time: 3.287466e-04
0: MPIL GPU-Aware Recursive Doubling Time: 3.281161e-04
0: MPIL GPU-Aware Node-Aware Dissemination Time: 1.149967e-02
0: MPIL GPU-Aware NUMA-Aware Dissemination Time: 8.056778e-03
0: CopyToCPU PMPI Allreduce Time: 6.465161e-03
0: MPIL CopyToCPU Recursive Doubling Time: 6.925841e-03
0: MPIL CopyToCPU Node-Aware Dissemination Time: 1.443858e-02
0: MPIL CopyToCPU NUMA-Aware Dissemination Time: 7.585742e-03
0: MPIL CopyToCPU RADIX-3 Dissemination Time: 7.855958e-03
0: MPIL CopyToCPU RADIX-4 Dissemination Time: 5.272462e-03
0: MPIL CopyToCPU RADIX-5 Dissemination Time: 5.470843e-03
0: MPIL CopyToCPU RADIX-6 Dissemination Time: 5.757820e-03
0: MPIL CopyToCPU RADIX-7 Dissemination Time: 6.124735e-03
0: MPIL CopyToCPU RADIX-8 Dissemination Time: 6.367034e-03
0: MPIL CopyToCPU RADIX-9 Dissemination Time: 6.380366e-03
0: MPIL CopyToCPU RADIX-10 Dissemination Time: 6.443983e-03
0: MPIL CopyToCPU RADIX-11 Dissemination Time: 6.513175e-03
0: MPIL CopyToCPU RADIX-12 Dissemination Time: 6.506084e-03
0: MPIL CopyToCPU RADIX-13 Dissemination Time: 6.771908e-03
0: MPIL CopyToCPU RADIX-14 Dissemination Time: 6.999899e-03
0: Testing Size 524288
0: PMPI Allreduce Time: 4.299838e-04
0: MPIL GPU-Aware Recursive Doubling Time: 4.288880e-04
0: MPIL GPU-Aware Node-Aware Dissemination Time: 2.509174e-02
0: MPIL GPU-Aware NUMA-Aware Dissemination Time: 2.693159e-02
0: CopyToCPU PMPI Allreduce Time: 1.331164e-02
0: MPIL CopyToCPU Recursive Doubling Time: 1.378759e-02
0: MPIL CopyToCPU Node-Aware Dissemination Time: 2.904241e-02
0: MPIL CopyToCPU NUMA-Aware Dissemination Time: 1.478069e-02
0: MPIL CopyToCPU RADIX-3 Dissemination Time: 1.549093e-02
0: MPIL CopyToCPU RADIX-4 Dissemination Time: 1.067611e-02
0: MPIL CopyToCPU RADIX-5 Dissemination Time: 1.115049e-02
0: MPIL CopyToCPU RADIX-6 Dissemination Time: 1.182147e-02
0: MPIL CopyToCPU RADIX-7 Dissemination Time: 1.248798e-02
0: MPIL CopyToCPU RADIX-8 Dissemination Time: 1.673059e-02
0: MPIL CopyToCPU RADIX-9 Dissemination Time: 1.746799e-02
0: MPIL CopyToCPU RADIX-10 Dissemination Time: 1.815755e-02
0: MPIL CopyToCPU RADIX-11 Dissemination Time: 1.918363e-02
0: MPIL CopyToCPU RADIX-12 Dissemination Time: 1.939147e-02
0: MPIL CopyToCPU RADIX-13 Dissemination Time: 2.034895e-02
0: MPIL CopyToCPU RADIX-14 Dissemination Time: 2.131330e-02
