0: Testing Size 1
0: PMPI Allreduce Time: 7.627902e-06
0: MPIL GPU-Aware Recursive Doubling Time: 7.618420e-06
0: MPIL GPU-Aware Node-Aware Dissemination Time: 1.625592e-05
0: MPIL GPU-Aware NUMA-Aware Dissemination Time: 2.609048e-05
0: CopyToCPU PMPI Allreduce Time: 7.747005e-06
0: MPIL CopyToCPU Recursive Doubling Time: 7.609574e-06
0: MPIL CopyToCPU Node-Aware Dissemination Time: 1.035302e-05
0: MPIL CopyToCPU NUMA-Aware Dissemination Time: 8.224221e-06
0: MPIL CopyToCPU RADIX-3 Dissemination Time: 1.074919e-05
0: MPIL CopyToCPU RADIX-4 Dissemination Time: 9.698280e-06
0: MPIL CopyToCPU RADIX-5 Dissemination Time: 1.194348e-05
0: MPIL CopyToCPU RADIX-6 Dissemination Time: 1.225221e-05
0: MPIL CopyToCPU RADIX-7 Dissemination Time: 1.257399e-05
0: MPIL CopyToCPU RADIX-8 Dissemination Time: 1.105861e-05
0: MPIL CopyToCPU RADIX-9 Dissemination Time: 1.105292e-05
0: MPIL CopyToCPU RADIX-10 Dissemination Time: 1.105129e-05
0: MPIL CopyToCPU RADIX-11 Dissemination Time: 1.104036e-05
0: MPIL CopyToCPU RADIX-12 Dissemination Time: 1.109794e-05
0: MPIL CopyToCPU RADIX-13 Dissemination Time: 1.112117e-05
0: MPIL CopyToCPU RADIX-14 Dissemination Time: 1.114566e-05
0: Testing Size 2
0: PMPI Allreduce Time: 7.751916e-06
0: MPIL GPU-Aware Recursive Doubling Time: 7.747348e-06
0: MPIL GPU-Aware Node-Aware Dissemination Time: 1.645744e-05
0: MPIL GPU-Aware NUMA-Aware Dissemination Time: 2.622594e-05
0: CopyToCPU PMPI Allreduce Time: 7.623347e-06
0: MPIL CopyToCPU Recursive Doubling Time: 9.077585e-06
0: MPIL CopyToCPU Node-Aware Dissemination Time: 9.893015e-06
0: MPIL CopyToCPU NUMA-Aware Dissemination Time: 8.978884e-06
0: MPIL CopyToCPU RADIX-3 Dissemination Time: 1.130663e-05
0: MPIL CopyToCPU RADIX-4 Dissemination Time: 1.046694e-05
0: MPIL CopyToCPU RADIX-5 Dissemination Time: 1.296130e-05
0: MPIL CopyToCPU RADIX-6 Dissemination Time: 1.294647e-05
0: MPIL CopyToCPU RADIX-7 Dissemination Time: 1.311600e-05
0: MPIL CopyToCPU RADIX-8 Dissemination Time: 1.247443e-05
0: MPIL CopyToCPU RADIX-9 Dissemination Time: 1.251188e-05
0: MPIL CopyToCPU RADIX-10 Dissemination Time: 1.249486e-05
0: MPIL CopyToCPU RADIX-11 Dissemination Time: 1.244185e-05
0: MPIL CopyToCPU RADIX-12 Dissemination Time: 1.252106e-05
0: MPIL CopyToCPU RADIX-13 Dissemination Time: 1.246389e-05
0: MPIL CopyToCPU RADIX-14 Dissemination Time: 1.249699e-05
0: Testing Size 4
0: PMPI Allreduce Time: 7.735322e-06
0: MPIL GPU-Aware Recursive Doubling Time: 7.745631e-06
0: MPIL GPU-Aware Node-Aware Dissemination Time: 1.659615e-05
0: MPIL GPU-Aware NUMA-Aware Dissemination Time: 2.618743e-05
0: CopyToCPU PMPI Allreduce Time: 7.620290e-06
0: MPIL CopyToCPU Recursive Doubling Time: 9.087455e-06
0: MPIL CopyToCPU Node-Aware Dissemination Time: 1.011116e-05
0: MPIL CopyToCPU NUMA-Aware Dissemination Time: 8.822522e-06
0: MPIL CopyToCPU RADIX-3 Dissemination Time: 1.119918e-05
0: MPIL CopyToCPU RADIX-4 Dissemination Time: 1.048600e-05
0: MPIL CopyToCPU RADIX-5 Dissemination Time: 1.256582e-05
0: MPIL CopyToCPU RADIX-6 Dissemination Time: 1.281601e-05
0: MPIL CopyToCPU RADIX-7 Dissemination Time: 1.301077e-05
0: MPIL CopyToCPU RADIX-8 Dissemination Time: 1.231370e-05
0: MPIL CopyToCPU RADIX-9 Dissemination Time: 1.232925e-05
0: MPIL CopyToCPU RADIX-10 Dissemination Time: 1.234541e-05
0: MPIL CopyToCPU RADIX-11 Dissemination Time: 1.233754e-05
0: MPIL CopyToCPU RADIX-12 Dissemination Time: 1.229399e-05
0: MPIL CopyToCPU RADIX-13 Dissemination Time: 1.231989e-05
0: MPIL CopyToCPU RADIX-14 Dissemination Time: 1.229380e-05
0: Testing Size 8
0: PMPI Allreduce Time: 7.844472e-06
0: MPIL GPU-Aware Recursive Doubling Time: 7.840934e-06
0: MPIL GPU-Aware Node-Aware Dissemination Time: 1.662012e-05
0: MPIL GPU-Aware NUMA-Aware Dissemination Time: 2.635392e-05
0: CopyToCPU PMPI Allreduce Time: 7.558399e-06
0: MPIL CopyToCPU Recursive Doubling Time: 9.189011e-06
0: MPIL CopyToCPU Node-Aware Dissemination Time: 1.016825e-05
0: MPIL CopyToCPU NUMA-Aware Dissemination Time: 8.816464e-06
0: MPIL CopyToCPU RADIX-3 Dissemination Time: 1.130867e-05
0: MPIL CopyToCPU RADIX-4 Dissemination Time: 1.050411e-05
0: MPIL CopyToCPU RADIX-5 Dissemination Time: 1.280629e-05
0: MPIL CopyToCPU RADIX-6 Dissemination Time: 1.288671e-05
0: MPIL CopyToCPU RADIX-7 Dissemination Time: 1.312709e-05
0: MPIL CopyToCPU RADIX-8 Dissemination Time: 1.252011e-05
0: MPIL CopyToCPU RADIX-9 Dissemination Time: 1.261501e-05
0: MPIL CopyToCPU RADIX-10 Dissemination Time: 1.262026e-05
0: MPIL CopyToCPU RADIX-11 Dissemination Time: 1.268883e-05
0: MPIL CopyToCPU RADIX-12 Dissemination Time: 1.266297e-05
0: MPIL CopyToCPU RADIX-13 Dissemination Time: 1.264453e-05
0: MPIL CopyToCPU RADIX-14 Dissemination Time: 1.259274e-05
0: Testing Size 16
0: PMPI Allreduce Time: 8.516383e-06
0: MPIL GPU-Aware Recursive Doubling Time: 8.525264e-06
0: MPIL GPU-Aware Node-Aware Dissemination Time: 1.697845e-05
0: MPIL GPU-Aware NUMA-Aware Dissemination Time: 2.813136e-05
0: CopyToCPU PMPI Allreduce Time: 8.368999e-06
0: MPIL CopyToCPU Recursive Doubling Time: 1.482830e-05
0: MPIL CopyToCPU Node-Aware Dissemination Time: 1.084695e-05
0: MPIL CopyToCPU NUMA-Aware Dissemination Time: 1.158186e-05
0: MPIL CopyToCPU RADIX-3 Dissemination Time: 1.440067e-05
0: MPIL CopyToCPU RADIX-4 Dissemination Time: 1.237568e-05
0: MPIL CopyToCPU RADIX-5 Dissemination Time: 1.595611e-05
0: MPIL CopyToCPU RADIX-6 Dissemination Time: 1.615179e-05
0: MPIL CopyToCPU RADIX-7 Dissemination Time: 1.628481e-05
0: MPIL CopyToCPU RADIX-8 Dissemination Time: 1.579721e-05
0: MPIL CopyToCPU RADIX-9 Dissemination Time: 1.581180e-05
0: MPIL CopyToCPU RADIX-10 Dissemination Time: 1.582302e-05
0: MPIL CopyToCPU RADIX-11 Dissemination Time: 1.579937e-05
0: MPIL CopyToCPU RADIX-12 Dissemination Time: 1.578239e-05
0: MPIL CopyToCPU RADIX-13 Dissemination Time: 1.582636e-05
0: MPIL CopyToCPU RADIX-14 Dissemination Time: 1.582230e-05
0: Testing Size 32
0: PMPI Allreduce Time: 1.394088e-05
0: MPIL GPU-Aware Recursive Doubling Time: 1.393539e-05
0: MPIL GPU-Aware Node-Aware Dissemination Time: 2.448820e-05
0: MPIL GPU-Aware NUMA-Aware Dissemination Time: 2.985991e-05
0: CopyToCPU PMPI Allreduce Time: 9.891429e-06
0: MPIL CopyToCPU Recursive Doubling Time: 1.579332e-05
0: MPIL CopyToCPU Node-Aware Dissemination Time: 1.267892e-05
0: MPIL CopyToCPU NUMA-Aware Dissemination Time: 1.443946e-05
0: MPIL CopyToCPU RADIX-3 Dissemination Time: 1.919419e-05
0: MPIL CopyToCPU RADIX-4 Dissemination Time: 1.445471e-05
0: MPIL CopyToCPU RADIX-5 Dissemination Time: 1.930793e-05
0: MPIL CopyToCPU RADIX-6 Dissemination Time: 2.035291e-05
0: MPIL CopyToCPU RADIX-7 Dissemination Time: 2.099311e-05
0: MPIL CopyToCPU RADIX-8 Dissemination Time: 1.680411e-05
0: MPIL CopyToCPU RADIX-9 Dissemination Time: 1.689805e-05
0: MPIL CopyToCPU RADIX-10 Dissemination Time: 1.688383e-05
0: MPIL CopyToCPU RADIX-11 Dissemination Time: 1.689855e-05
0: MPIL CopyToCPU RADIX-12 Dissemination Time: 1.689300e-05
0: MPIL CopyToCPU RADIX-13 Dissemination Time: 1.689596e-05
0: MPIL CopyToCPU RADIX-14 Dissemination Time: 1.688993e-05
0: Testing Size 64
0: PMPI Allreduce Time: 1.546484e-05
0: MPIL GPU-Aware Recursive Doubling Time: 1.545999e-05
0: MPIL GPU-Aware Node-Aware Dissemination Time: 3.137961e-05
0: MPIL GPU-Aware NUMA-Aware Dissemination Time: 3.077370e-05
0: CopyToCPU PMPI Allreduce Time: 1.515408e-05
0: MPIL CopyToCPU Recursive Doubling Time: 1.766461e-05
0: MPIL CopyToCPU Node-Aware Dissemination Time: 2.543350e-05
0: MPIL CopyToCPU NUMA-Aware Dissemination Time: 1.476922e-05
0: MPIL CopyToCPU RADIX-3 Dissemination Time: 2.055194e-05
0: MPIL CopyToCPU RADIX-4 Dissemination Time: 1.611837e-05
0: MPIL CopyToCPU RADIX-5 Dissemination Time: 2.169993e-05
0: MPIL CopyToCPU RADIX-6 Dissemination Time: 2.261560e-05
0: MPIL CopyToCPU RADIX-7 Dissemination Time: 2.348006e-05
0: MPIL CopyToCPU RADIX-8 Dissemination Time: 1.895896e-05
0: MPIL CopyToCPU RADIX-9 Dissemination Time: 1.892828e-05
0: MPIL CopyToCPU RADIX-10 Dissemination Time: 1.895813e-05
0: MPIL CopyToCPU RADIX-11 Dissemination Time: 1.894553e-05
0: MPIL CopyToCPU RADIX-12 Dissemination Time: 1.896739e-05
0: MPIL CopyToCPU RADIX-13 Dissemination Time: 1.895434e-05
0: MPIL CopyToCPU RADIX-14 Dissemination Time: 1.901881e-05
0: Testing Size 128
0: PMPI Allreduce Time: 1.861300e-05
0: MPIL GPU-Aware Recursive Doubling Time: 1.859629e-05
0: MPIL GPU-Aware Node-Aware Dissemination Time: 4.191962e-05
0: MPIL GPU-Aware NUMA-Aware Dissemination Time: 4.463395e-05
0: CopyToCPU PMPI Allreduce Time: 1.830839e-05
0: MPIL CopyToCPU Recursive Doubling Time: 2.155733e-05
0: MPIL CopyToCPU Node-Aware Dissemination Time: 3.499256e-05
0: MPIL CopyToCPU NUMA-Aware Dissemination Time: 1.976195e-05
0: MPIL CopyToCPU RADIX-3 Dissemination Time: 2.516042e-05
0: MPIL CopyToCPU RADIX-4 Dissemination Time: 1.952098e-05
0: MPIL CopyToCPU RADIX-5 Dissemination Time: 2.657821e-05
0: MPIL CopyToCPU RADIX-6 Dissemination Time: 2.801428e-05
0: MPIL CopyToCPU RADIX-7 Dissemination Time: 2.830247e-05
0: MPIL CopyToCPU RADIX-8 Dissemination Time: 2.519357e-05
0: MPIL CopyToCPU RADIX-9 Dissemination Time: 2.518708e-05
0: MPIL CopyToCPU RADIX-10 Dissemination Time: 2.533246e-05
0: MPIL CopyToCPU RADIX-11 Dissemination Time: 2.532316e-05
0: MPIL CopyToCPU RADIX-12 Dissemination Time: 2.627808e-05
0: MPIL CopyToCPU RADIX-13 Dissemination Time: 2.544389e-05
0: MPIL CopyToCPU RADIX-14 Dissemination Time: 2.552436e-05
0: Testing Size 256
0: PMPI Allreduce Time: 2.257358e-05
0: MPIL GPU-Aware Recursive Doubling Time: 2.253839e-05
0: MPIL GPU-Aware Node-Aware Dissemination Time: 4.890739e-05
0: MPIL GPU-Aware NUMA-Aware Dissemination Time: 5.020492e-05
0: CopyToCPU PMPI Allreduce Time: 2.264161e-05
0: MPIL CopyToCPU Recursive Doubling Time: 2.625689e-05
0: MPIL CopyToCPU Node-Aware Dissemination Time: 4.333233e-05
0: MPIL CopyToCPU NUMA-Aware Dissemination Time: 2.394331e-05
0: MPIL CopyToCPU RADIX-3 Dissemination Time: 2.741420e-05
0: MPIL CopyToCPU RADIX-4 Dissemination Time: 2.233850e-05
0: MPIL CopyToCPU RADIX-5 Dissemination Time: 2.963593e-05
0: MPIL CopyToCPU RADIX-6 Dissemination Time: 3.151499e-05
0: MPIL CopyToCPU RADIX-7 Dissemination Time: 3.172917e-05
0: MPIL CopyToCPU RADIX-8 Dissemination Time: 2.819605e-05
0: MPIL CopyToCPU RADIX-9 Dissemination Time: 2.821261e-05
0: MPIL CopyToCPU RADIX-10 Dissemination Time: 2.817433e-05
0: MPIL CopyToCPU RADIX-11 Dissemination Time: 2.828580e-05
0: MPIL CopyToCPU RADIX-12 Dissemination Time: 2.821264e-05
0: MPIL CopyToCPU RADIX-13 Dissemination Time: 2.823129e-05
0: MPIL CopyToCPU RADIX-14 Dissemination Time: 2.828064e-05
0: Testing Size 512
0: PMPI Allreduce Time: 2.868797e-05
0: MPIL GPU-Aware Recursive Doubling Time: 2.867229e-05
0: MPIL GPU-Aware Node-Aware Dissemination Time: 6.054658e-05
0: MPIL GPU-Aware NUMA-Aware Dissemination Time: 5.764465e-05
0: CopyToCPU PMPI Allreduce Time: 2.913743e-05
0: MPIL CopyToCPU Recursive Doubling Time: 3.225901e-05
0: MPIL CopyToCPU Node-Aware Dissemination Time: 5.463038e-05
0: MPIL CopyToCPU NUMA-Aware Dissemination Time: 3.202303e-05
0: MPIL CopyToCPU RADIX-3 Dissemination Time: 3.200492e-05
0: MPIL CopyToCPU RADIX-4 Dissemination Time: 2.564341e-05
0: MPIL CopyToCPU RADIX-5 Dissemination Time: 3.536103e-05
0: MPIL CopyToCPU RADIX-6 Dissemination Time: 3.732378e-05
0: MPIL CopyToCPU RADIX-7 Dissemination Time: 3.766522e-05
0: MPIL CopyToCPU RADIX-8 Dissemination Time: 3.377276e-05
0: MPIL CopyToCPU RADIX-9 Dissemination Time: 3.367302e-05
0: MPIL CopyToCPU RADIX-10 Dissemination Time: 3.395276e-05
0: MPIL CopyToCPU RADIX-11 Dissemination Time: 3.387114e-05
0: MPIL CopyToCPU RADIX-12 Dissemination Time: 3.388728e-05
0: MPIL CopyToCPU RADIX-13 Dissemination Time: 3.383645e-05
0: MPIL CopyToCPU RADIX-14 Dissemination Time: 3.401077e-05
0: Testing Size 1024
0: PMPI Allreduce Time: 6.617611e-05
0: MPIL GPU-Aware Recursive Doubling Time: 6.615921e-05
0: MPIL GPU-Aware Node-Aware Dissemination Time: 4.103478e-04
0: MPIL GPU-Aware NUMA-Aware Dissemination Time: 9.508317e-04
0: CopyToCPU PMPI Allreduce Time: 4.356540e-05
0: MPIL CopyToCPU Recursive Doubling Time: 4.763324e-05
0: MPIL CopyToCPU Node-Aware Dissemination Time: 8.267222e-05
0: MPIL CopyToCPU NUMA-Aware Dissemination Time: 5.179336e-05
0: MPIL CopyToCPU RADIX-3 Dissemination Time: 4.538891e-05
0: MPIL CopyToCPU RADIX-4 Dissemination Time: 3.392276e-05
0: MPIL CopyToCPU RADIX-5 Dissemination Time: 4.668231e-05
0: MPIL CopyToCPU RADIX-6 Dissemination Time: 4.959400e-05
0: MPIL CopyToCPU RADIX-7 Dissemination Time: 4.984538e-05
0: MPIL CopyToCPU RADIX-8 Dissemination Time: 4.854559e-05
0: MPIL CopyToCPU RADIX-9 Dissemination Time: 4.842254e-05
0: MPIL CopyToCPU RADIX-10 Dissemination Time: 4.870919e-05
0: MPIL CopyToCPU RADIX-11 Dissemination Time: 4.838271e-05
0: MPIL CopyToCPU RADIX-12 Dissemination Time: 4.864720e-05
0: MPIL CopyToCPU RADIX-13 Dissemination Time: 4.851635e-05
0: MPIL CopyToCPU RADIX-14 Dissemination Time: 4.832270e-05
0: Testing Size 2048
0: PMPI Allreduce Time: 1.101250e-04
0: MPIL GPU-Aware Recursive Doubling Time: 1.100707e-04
0: MPIL GPU-Aware Node-Aware Dissemination Time: 4.919662e-04
0: MPIL GPU-Aware NUMA-Aware Dissemination Time: 9.731019e-04
0: CopyToCPU PMPI Allreduce Time: 8.528719e-05
0: MPIL CopyToCPU Recursive Doubling Time: 7.931700e-05
0: MPIL CopyToCPU Node-Aware Dissemination Time: 1.412914e-04
0: MPIL CopyToCPU NUMA-Aware Dissemination Time: 8.288345e-05
0: MPIL CopyToCPU RADIX-3 Dissemination Time: 7.678261e-05
0: MPIL CopyToCPU RADIX-4 Dissemination Time: 5.367006e-05
0: MPIL CopyToCPU RADIX-5 Dissemination Time: 7.205193e-05
0: MPIL CopyToCPU RADIX-6 Dissemination Time: 7.504774e-05
0: MPIL CopyToCPU RADIX-7 Dissemination Time: 7.572997e-05
0: MPIL CopyToCPU RADIX-8 Dissemination Time: 7.001262e-05
0: MPIL CopyToCPU RADIX-9 Dissemination Time: 7.055977e-05
0: MPIL CopyToCPU RADIX-10 Dissemination Time: 7.040039e-05
0: MPIL CopyToCPU RADIX-11 Dissemination Time: 7.064811e-05
0: MPIL CopyToCPU RADIX-12 Dissemination Time: 7.075070e-05
0: MPIL CopyToCPU RADIX-13 Dissemination Time: 7.102782e-05
0: MPIL CopyToCPU RADIX-14 Dissemination Time: 7.064271e-05
0: Testing Size 4096
0: PMPI Allreduce Time: 1.045692e-04
0: MPIL GPU-Aware Recursive Doubling Time: 1.048821e-04
0: MPIL GPU-Aware Node-Aware Dissemination Time: 5.312541e-04
0: MPIL GPU-Aware NUMA-Aware Dissemination Time: 9.509575e-04
0: CopyToCPU PMPI Allreduce Time: 1.381758e-04
0: MPIL CopyToCPU Recursive Doubling Time: 1.389987e-04
0: MPIL CopyToCPU Node-Aware Dissemination Time: 2.320934e-04
0: MPIL CopyToCPU NUMA-Aware Dissemination Time: 1.454690e-04
0: MPIL CopyToCPU RADIX-3 Dissemination Time: 1.389822e-04
0: MPIL CopyToCPU RADIX-4 Dissemination Time: 9.552985e-05
0: MPIL CopyToCPU RADIX-5 Dissemination Time: 1.200362e-04
0: MPIL CopyToCPU RADIX-6 Dissemination Time: 1.268004e-04
0: MPIL CopyToCPU RADIX-7 Dissemination Time: 1.307949e-04
0: MPIL CopyToCPU RADIX-8 Dissemination Time: 1.173044e-04
0: MPIL CopyToCPU RADIX-9 Dissemination Time: 1.172430e-04
0: MPIL CopyToCPU RADIX-10 Dissemination Time: 1.171218e-04
0: MPIL CopyToCPU RADIX-11 Dissemination Time: 1.176420e-04
0: MPIL CopyToCPU RADIX-12 Dissemination Time: 1.176152e-04
0: MPIL CopyToCPU RADIX-13 Dissemination Time: 1.178111e-04
0: MPIL CopyToCPU RADIX-14 Dissemination Time: 1.176826e-04
0: Testing Size 8192
0: PMPI Allreduce Time: 1.072345e-04
0: MPIL GPU-Aware Recursive Doubling Time: 1.073310e-04
0: MPIL GPU-Aware Node-Aware Dissemination Time: 5.885495e-04
0: MPIL GPU-Aware NUMA-Aware Dissemination Time: 6.940223e-04
0: CopyToCPU PMPI Allreduce Time: 2.381610e-04
0: MPIL CopyToCPU Recursive Doubling Time: 2.517123e-04
0: MPIL CopyToCPU Node-Aware Dissemination Time: 4.036072e-04
0: MPIL CopyToCPU NUMA-Aware Dissemination Time: 2.653673e-04
0: MPIL CopyToCPU RADIX-3 Dissemination Time: 2.583841e-04
0: MPIL CopyToCPU RADIX-4 Dissemination Time: 1.686424e-04
0: MPIL CopyToCPU RADIX-5 Dissemination Time: 2.034896e-04
0: MPIL CopyToCPU RADIX-6 Dissemination Time: 2.148862e-04
0: MPIL CopyToCPU RADIX-7 Dissemination Time: 2.217748e-04
0: MPIL CopyToCPU RADIX-8 Dissemination Time: 2.044737e-04
0: MPIL CopyToCPU RADIX-9 Dissemination Time: 2.045953e-04
0: MPIL CopyToCPU RADIX-10 Dissemination Time: 2.045693e-04
0: MPIL CopyToCPU RADIX-11 Dissemination Time: 2.045632e-04
0: MPIL CopyToCPU RADIX-12 Dissemination Time: 2.037898e-04
0: MPIL CopyToCPU RADIX-13 Dissemination Time: 2.041346e-04
0: MPIL CopyToCPU RADIX-14 Dissemination Time: 2.039997e-04
0: Testing Size 16384
0: PMPI Allreduce Time: 1.119206e-04
0: MPIL GPU-Aware Recursive Doubling Time: 1.121641e-04
0: MPIL GPU-Aware Node-Aware Dissemination Time: 7.632500e-04
0: MPIL GPU-Aware NUMA-Aware Dissemination Time: 8.252879e-04
0: CopyToCPU PMPI Allreduce Time: 4.252385e-04
0: MPIL CopyToCPU Recursive Doubling Time: 4.725872e-04
0: MPIL CopyToCPU Node-Aware Dissemination Time: 7.297159e-04
0: MPIL CopyToCPU NUMA-Aware Dissemination Time: 5.057904e-04
0: MPIL CopyToCPU RADIX-3 Dissemination Time: 4.993038e-04
0: MPIL CopyToCPU RADIX-4 Dissemination Time: 3.049480e-04
0: MPIL CopyToCPU RADIX-5 Dissemination Time: 3.631029e-04
0: MPIL CopyToCPU RADIX-6 Dissemination Time: 3.776283e-04
0: MPIL CopyToCPU RADIX-7 Dissemination Time: 3.933812e-04
0: MPIL CopyToCPU RADIX-8 Dissemination Time: 3.638181e-04
0: MPIL CopyToCPU RADIX-9 Dissemination Time: 3.631316e-04
0: MPIL CopyToCPU RADIX-10 Dissemination Time: 3.639318e-04
0: MPIL CopyToCPU RADIX-11 Dissemination Time: 3.632834e-04
0: MPIL CopyToCPU RADIX-12 Dissemination Time: 3.633085e-04
0: MPIL CopyToCPU RADIX-13 Dissemination Time: 3.636889e-04
0: MPIL CopyToCPU RADIX-14 Dissemination Time: 3.634740e-04
0: Testing Size 32768
0: PMPI Allreduce Time: 1.239566e-04
0: MPIL GPU-Aware Recursive Doubling Time: 1.240526e-04
0: MPIL GPU-Aware Node-Aware Dissemination Time: 2.667346e-03
0: MPIL GPU-Aware NUMA-Aware Dissemination Time: 1.389427e-03
0: CopyToCPU PMPI Allreduce Time: 8.342762e-04
0: MPIL CopyToCPU Recursive Doubling Time: 9.010270e-04
0: MPIL CopyToCPU Node-Aware Dissemination Time: 1.413608e-03
0: MPIL CopyToCPU NUMA-Aware Dissemination Time: 9.597680e-04
0: MPIL CopyToCPU RADIX-3 Dissemination Time: 9.491638e-04
0: MPIL CopyToCPU RADIX-4 Dissemination Time: 5.924693e-04
0: MPIL CopyToCPU RADIX-5 Dissemination Time: 6.701325e-04
0: MPIL CopyToCPU RADIX-6 Dissemination Time: 6.991193e-04
0: MPIL CopyToCPU RADIX-7 Dissemination Time: 7.256992e-04
0: MPIL CopyToCPU RADIX-8 Dissemination Time: 6.554114e-04
0: MPIL CopyToCPU RADIX-9 Dissemination Time: 6.572522e-04
0: MPIL CopyToCPU RADIX-10 Dissemination Time: 6.567089e-04
0: MPIL CopyToCPU RADIX-11 Dissemination Time: 6.567066e-04
0: MPIL CopyToCPU RADIX-12 Dissemination Time: 6.557575e-04
0: MPIL CopyToCPU RADIX-13 Dissemination Time: 6.560762e-04
0: MPIL CopyToCPU RADIX-14 Dissemination Time: 6.566558e-04
0: Testing Size 65536
0: PMPI Allreduce Time: 1.394357e-04
0: MPIL GPU-Aware Recursive Doubling Time: 1.393935e-04
0: MPIL GPU-Aware Node-Aware Dissemination Time: 2.848434e-03
0: MPIL GPU-Aware NUMA-Aware Dissemination Time: 1.537821e-03
0: CopyToCPU PMPI Allreduce Time: 1.576431e-03
0: MPIL CopyToCPU Recursive Doubling Time: 1.730622e-03
0: MPIL CopyToCPU Node-Aware Dissemination Time: 2.723834e-03
0: MPIL CopyToCPU NUMA-Aware Dissemination Time: 1.857588e-03
0: MPIL CopyToCPU RADIX-3 Dissemination Time: 1.820069e-03
0: MPIL CopyToCPU RADIX-4 Dissemination Time: 1.124310e-03
0: MPIL CopyToCPU RADIX-5 Dissemination Time: 1.250944e-03
0: MPIL CopyToCPU RADIX-6 Dissemination Time: 1.294238e-03
0: MPIL CopyToCPU RADIX-7 Dissemination Time: 1.303765e-03
0: MPIL CopyToCPU RADIX-8 Dissemination Time: 1.252442e-03
0: MPIL CopyToCPU RADIX-9 Dissemination Time: 1.252320e-03
0: MPIL CopyToCPU RADIX-10 Dissemination Time: 1.252918e-03
0: MPIL CopyToCPU RADIX-11 Dissemination Time: 1.252434e-03
0: MPIL CopyToCPU RADIX-12 Dissemination Time: 1.251407e-03
0: MPIL CopyToCPU RADIX-13 Dissemination Time: 1.252545e-03
0: MPIL CopyToCPU RADIX-14 Dissemination Time: 1.252833e-03
0: Testing Size 131072
0: PMPI Allreduce Time: 1.681303e-04
0: MPIL GPU-Aware Recursive Doubling Time: 1.682741e-04
0: MPIL GPU-Aware Node-Aware Dissemination Time: 3.965634e-03
0: MPIL GPU-Aware NUMA-Aware Dissemination Time: 2.460163e-03
0: CopyToCPU PMPI Allreduce Time: 3.133146e-03
0: MPIL CopyToCPU Recursive Doubling Time: 3.153830e-03
0: MPIL CopyToCPU Node-Aware Dissemination Time: 5.581516e-03
0: MPIL CopyToCPU NUMA-Aware Dissemination Time: 3.638981e-03
0: MPIL CopyToCPU RADIX-3 Dissemination Time: 3.390640e-03
0: MPIL CopyToCPU RADIX-4 Dissemination Time: 2.086933e-03
0: MPIL CopyToCPU RADIX-5 Dissemination Time: 2.316472e-03
0: MPIL CopyToCPU RADIX-6 Dissemination Time: 2.438469e-03
0: MPIL CopyToCPU RADIX-7 Dissemination Time: 2.497357e-03
0: MPIL CopyToCPU RADIX-8 Dissemination Time: 2.439459e-03
0: MPIL CopyToCPU RADIX-9 Dissemination Time: 2.442275e-03
0: MPIL CopyToCPU RADIX-10 Dissemination Time: 2.441974e-03
0: MPIL CopyToCPU RADIX-11 Dissemination Time: 2.442614e-03
0: MPIL CopyToCPU RADIX-12 Dissemination Time: 2.439489e-03
0: MPIL CopyToCPU RADIX-13 Dissemination Time: 2.436344e-03
0: MPIL CopyToCPU RADIX-14 Dissemination Time: 2.441571e-03
0: Testing Size 262144
0: PMPI Allreduce Time: 2.078650e-04
0: MPIL GPU-Aware Recursive Doubling Time: 2.080082e-04
0: MPIL GPU-Aware Node-Aware Dissemination Time: 5.490086e-03
0: MPIL GPU-Aware NUMA-Aware Dissemination Time: 3.562840e-03
0: CopyToCPU PMPI Allreduce Time: 6.226351e-03
0: MPIL CopyToCPU Recursive Doubling Time: 6.311199e-03
0: MPIL CopyToCPU Node-Aware Dissemination Time: 1.007245e-02
0: MPIL CopyToCPU NUMA-Aware Dissemination Time: 6.988172e-03
0: MPIL CopyToCPU RADIX-3 Dissemination Time: 6.805965e-03
0: MPIL CopyToCPU RADIX-4 Dissemination Time: 4.157133e-03
0: MPIL CopyToCPU RADIX-5 Dissemination Time: 4.582658e-03
0: MPIL CopyToCPU RADIX-6 Dissemination Time: 4.856989e-03
0: MPIL CopyToCPU RADIX-7 Dissemination Time: 4.919451e-03
0: MPIL CopyToCPU RADIX-8 Dissemination Time: 4.874849e-03
0: MPIL CopyToCPU RADIX-9 Dissemination Time: 4.866471e-03
0: MPIL CopyToCPU RADIX-10 Dissemination Time: 4.872765e-03
0: MPIL CopyToCPU RADIX-11 Dissemination Time: 4.879688e-03
0: MPIL CopyToCPU RADIX-12 Dissemination Time: 4.871013e-03
0: MPIL CopyToCPU RADIX-13 Dissemination Time: 4.881933e-03
0: MPIL CopyToCPU RADIX-14 Dissemination Time: 4.870334e-03
0: Testing Size 524288
0: PMPI Allreduce Time: 2.981520e-04
0: MPIL GPU-Aware Recursive Doubling Time: 2.980834e-04
0: MPIL GPU-Aware Node-Aware Dissemination Time: 1.029607e-02
0: MPIL GPU-Aware NUMA-Aware Dissemination Time: 9.805821e-03
0: CopyToCPU PMPI Allreduce Time: 1.169567e-02
0: MPIL CopyToCPU Recursive Doubling Time: 1.257190e-02
0: MPIL CopyToCPU Node-Aware Dissemination Time: 1.986371e-02
0: MPIL CopyToCPU NUMA-Aware Dissemination Time: 1.346133e-02
0: MPIL CopyToCPU RADIX-3 Dissemination Time: 1.368980e-02
0: MPIL CopyToCPU RADIX-4 Dissemination Time: 8.187356e-03
0: MPIL CopyToCPU RADIX-5 Dissemination Time: 9.723291e-03
0: MPIL CopyToCPU RADIX-6 Dissemination Time: 1.020001e-02
0: MPIL CopyToCPU RADIX-7 Dissemination Time: 1.055576e-02
0: MPIL CopyToCPU RADIX-8 Dissemination Time: 1.369198e-02
0: MPIL CopyToCPU RADIX-9 Dissemination Time: 1.373991e-02
0: MPIL CopyToCPU RADIX-10 Dissemination Time: 1.374913e-02
0: MPIL CopyToCPU RADIX-11 Dissemination Time: 1.370531e-02
0: MPIL CopyToCPU RADIX-12 Dissemination Time: 1.373930e-02
0: MPIL CopyToCPU RADIX-13 Dissemination Time: 1.371147e-02
0: MPIL CopyToCPU RADIX-14 Dissemination Time: 1.371862e-02
