
Currently Loaded Modules:
  1) craype-arm-grace                                9) cudatoolkit/24.3_12.3
  2) libfabric/1.20.1                               10) default
  3) craype-network-ofi                             11) craype-accel-nvidia90
  4) perftools-base/24.07.0                         12) gcc-native/12.3
  5) xpmem/2.9.6-1.1_20240511212657__g087dc11fc19d  13) cray-mpich/8.1.30
  6) craype/2.7.32                                  14) cray-libsci/24.07.0
  7) cray-dsmml/0.3.0                               15) nccl/2.19.1.awsplugin
  8) PrgEnv-gnu/8.5.0

 


Inactive Modules:
  1) cray-libsci     2) cray-mpich


Activating Modules:
  1) cray-libsci/24.07.0     2) cray-mpich/8.1.30

PE 26: Host gh049.hsn.cm.delta.internal.ncsa.edu selected NIC index=2, domain_name=cxi2, numa_node=2, address=[0x7021]
PE 25: Host gh049.hsn.cm.delta.internal.ncsa.edu selected NIC index=1, domain_name=cxi1, numa_node=1, address=[0x7020]
PE 27: Host gh049.hsn.cm.delta.internal.ncsa.edu selected NIC index=3, domain_name=cxi3, numa_node=3, address=[0x70e1]
PE 53: Host gh109.hsn.cm.delta.internal.ncsa.edu selected NIC index=1, domain_name=cxi1, numa_node=1, address=[0xa032]
PE 28: Host gh056.hsn.cm.delta.internal.ncsa.edu selected NIC index=0, domain_name=cxi0, numa_node=0, address=[0x9062]
PE 21: Host gh047.hsn.cm.delta.internal.ncsa.edu selected NIC index=1, domain_name=cxi1, numa_node=1, address=[0x7030]
PE 3: Host gh003.hsn.cm.delta.internal.ncsa.edu selected NIC index=3, domain_name=cxi3, numa_node=3, address=[0x68e3]
PE 47: Host gh085.hsn.cm.delta.internal.ncsa.edu selected NIC index=3, domain_name=cxi3, numa_node=3, address=[0x98e1]
PE 61: Host gh143.hsn.cm.delta.internal.ncsa.edu selected NIC index=1, domain_name=cxi1, numa_node=1, address=[0x7801]
PE 13: Host gh025.hsn.cm.delta.internal.ncsa.edu selected NIC index=1, domain_name=cxi1, numa_node=1, address=[0x8801]
PE 43: Host gh080.hsn.cm.delta.internal.ncsa.edu selected NIC index=3, domain_name=cxi3, numa_node=3, address=[0x9873]
PE 8: Host gh023.hsn.cm.delta.internal.ncsa.edu selected NIC index=0, domain_name=cxi0, numa_node=0, address=[0x88d1]
PE 24: Host gh049.hsn.cm.delta.internal.ncsa.edu selected NIC index=0, domain_name=cxi0, numa_node=0, address=[0x70e0]
PE 18: Host gh045.hsn.cm.delta.internal.ncsa.edu selected NIC index=2, domain_name=cxi2, numa_node=2, address=[0x7023]
PE 51: Host gh092.hsn.cm.delta.internal.ncsa.edu selected NIC index=3, domain_name=cxi3, numa_node=3, address=[0xb871]
PE 59: Host gh118.hsn.cm.delta.internal.ncsa.edu selected NIC index=3, domain_name=cxi3, numa_node=3, address=[0xa050]
PE 37: Host gh073.hsn.cm.delta.internal.ncsa.edu selected NIC index=1, domain_name=cxi1, numa_node=1, address=[0x7822]
PE 7: Host gh004.hsn.cm.delta.internal.ncsa.edu selected NIC index=3, domain_name=cxi3, numa_node=3, address=[0x6863]
PE 52: Host gh109.hsn.cm.delta.internal.ncsa.edu selected NIC index=0, domain_name=cxi0, numa_node=0, address=[0xa0f2]
PE 34: Host gh070.hsn.cm.delta.internal.ncsa.edu selected NIC index=2, domain_name=cxi2, numa_node=2, address=[0xb090]
PE 1: Host gh003.hsn.cm.delta.internal.ncsa.edu selected NIC index=1, domain_name=cxi1, numa_node=1, address=[0x6822]
PE 60: Host gh143.hsn.cm.delta.internal.ncsa.edu selected NIC index=0, domain_name=cxi0, numa_node=0, address=[0x78c1]
PE 30: Host gh056.hsn.cm.delta.internal.ncsa.edu selected NIC index=2, domain_name=cxi2, numa_node=2, address=[0x90a3]
PE 40: Host gh080.hsn.cm.delta.internal.ncsa.edu selected NIC index=0, domain_name=cxi0, numa_node=0, address=[0x9872]
PE 57: Host gh118.hsn.cm.delta.internal.ncsa.edu selected NIC index=1, domain_name=cxi1, numa_node=1, address=[0xa091]
PE 35: Host gh070.hsn.cm.delta.internal.ncsa.edu selected NIC index=3, domain_name=cxi3, numa_node=3, address=[0xb050]
PE 11: Host gh023.hsn.cm.delta.internal.ncsa.edu selected NIC index=3, domain_name=cxi3, numa_node=3, address=[0x88d0]
PE 48: Host gh092.hsn.cm.delta.internal.ncsa.edu selected NIC index=0, domain_name=cxi0, numa_node=0, address=[0xb870]
PE 15: Host gh025.hsn.cm.delta.internal.ncsa.edu selected NIC index=3, domain_name=cxi3, numa_node=3, address=[0x88c0]
PE 6: Host gh004.hsn.cm.delta.internal.ncsa.edu selected NIC index=2, domain_name=cxi2, numa_node=2, address=[0x68a3]
PE 45: Host gh085.hsn.cm.delta.internal.ncsa.edu selected NIC index=1, domain_name=cxi1, numa_node=1, address=[0x9820]
PE 29: Host gh056.hsn.cm.delta.internal.ncsa.edu selected NIC index=1, domain_name=cxi1, numa_node=1, address=[0x90a2]
PE 39: Host gh073.hsn.cm.delta.internal.ncsa.edu selected NIC index=3, domain_name=cxi3, numa_node=3, address=[0x78e3]
PE 55: Host gh109.hsn.cm.delta.internal.ncsa.edu selected NIC index=3, domain_name=cxi3, numa_node=3, address=[0xa0f3]
PE 0: Launcher/PMI did not supply NIC data (node_idx=0, rc=0, num_pmi_nics=0)
PE 0: MPICH_OFI_NIC_POLICY = BLOCK
PE 0: MPICH CH4 OFI detected 4 NICs/node on host gh003.hsn.cm.delta.internal.ncsa.edu
PE 0: ======================== Display NIC Addrs  ========================
PE 0: Hostname: gh003.hsn.cm.delta.internal.ncsa.edu
PE 0:   MPICH_OFI_NIC_POLICY: BLOCK
PE 0:   Number of NICs: 4
PE 0:     nic_index 0: domain_name=cxi0, numa_domain=0, addr=0x68e2
PE 0:     nic_index 1: domain_name=cxi1, numa_domain=1, addr=0x6822
PE 0:     nic_index 2: domain_name=cxi2, numa_domain=2, addr=0x6823
PE 0:     nic_index 3: domain_name=cxi3, numa_domain=3, addr=0x68e3
PE 0:   Number of NUMA domains: 36
PE 0:     numa_domain 0: cpu_list=[0-71]
PE 0:     numa_domain 1: cpu_list=[72-143]
PE 0:     numa_domain 2: cpu_list=[144-215]
PE 0:     numa_domain 3: cpu_list=[216-287]
PE 0:     numa_domain 4: cpu_list=[]
PE 0:     numa_domain 5: cpu_list=[]
PE 0:     numa_domain 6: cpu_list=[]
PE 0:     numa_domain 7: cpu_list=[]
PE 0:     numa_domain 8: cpu_list=[]
PE 0:     numa_domain 9: cpu_list=[]
PE 0:     numa_domain 10: cpu_list=[]
PE 0:     numa_domain 11: cpu_list=[]
PE 0:     numa_domain 12: cpu_list=[]
PE 0:     numa_domain 13: cpu_list=[]
PE 0:     numa_domain 14: cpu_list=[]
PE 0:     numa_domain 15: cpu_list=[]
PE 0:     numa_domain 16: cpu_list=[]
PE 0:     numa_domain 17: cpu_list=[]
PE 0:     numa_domain 18: cpu_list=[]
PE 0:     numa_domain 19: cpu_list=[]
PE 0:     numa_domain 20: cpu_list=[]
PE 0:     numa_domain 21: cpu_list=[]
PE 0:     numa_domain 22: cpu_list=[]
PE 0:     numa_domain 23: cpu_list=[]
PE 0:     numa_domain 24: cpu_list=[]
PE 0:     numa_domain 25: cpu_list=[]
PE 0:     numa_domain 26: cpu_list=[]
PE 0:     numa_domain 27: cpu_list=[]
PE 0:     numa_domain 28: cpu_list=[]
PE 0:     numa_domain 29: cpu_list=[]
PE 0:     numa_domain 30: cpu_list=[]
PE 0:     numa_domain 31: cpu_list=[]
PE 0:     numa_domain 32: cpu_list=[]
PE 0:     numa_domain 33: cpu_list=[]
PE 0:     numa_domain 34: cpu_list=[]
PE 0:     numa_domain 35: cpu_list=[]
PE 0: ====================================================================
PE 0: Host gh003.hsn.cm.delta.internal.ncsa.edu selected NIC index=0, domain_name=cxi0, numa_node=0, address=[0x68e2]
PE 0: MPICH CH4 OFI netmod using cxi provider (domain_name=cxi0, src_addr=0x68e2)
PE 0: Selected traffic class: [TC_BEST_EFFORT, 512]
PE 46: Host gh085.hsn.cm.delta.internal.ncsa.edu selected NIC index=2, domain_name=cxi2, numa_node=2, address=[0x9821]
PE 9: Host gh023.hsn.cm.delta.internal.ncsa.edu selected NIC index=1, domain_name=cxi1, numa_node=1, address=[0x8811]
PE 12: Host gh025.hsn.cm.delta.internal.ncsa.edu selected NIC index=0, domain_name=cxi0, numa_node=0, address=[0x88c1]
PE 22: Host gh047.hsn.cm.delta.internal.ncsa.edu selected NIC index=2, domain_name=cxi2, numa_node=2, address=[0x7031]
PE 42: Host gh080.hsn.cm.delta.internal.ncsa.edu selected NIC index=2, domain_name=cxi2, numa_node=2, address=[0x98b3]
PE 23: Host gh047.hsn.cm.delta.internal.ncsa.edu selected NIC index=3, domain_name=cxi3, numa_node=3, address=[0x70f1]
PE 20: Host gh047.hsn.cm.delta.internal.ncsa.edu selected NIC index=0, domain_name=cxi0, numa_node=0, address=[0x70f0]
PE 54: Host gh109.hsn.cm.delta.internal.ncsa.edu selected NIC index=2, domain_name=cxi2, numa_node=2, address=[0xa033]
PE 36: Host gh073.hsn.cm.delta.internal.ncsa.edu selected NIC index=0, domain_name=cxi0, numa_node=0, address=[0x78e2]
PE 2: Host gh003.hsn.cm.delta.internal.ncsa.edu selected NIC index=2, domain_name=cxi2, numa_node=2, address=[0x6823]
PE 62: Host gh143.hsn.cm.delta.internal.ncsa.edu selected NIC index=2, domain_name=cxi2, numa_node=2, address=[0x7800]
PE 19: Host gh045.hsn.cm.delta.internal.ncsa.edu selected NIC index=3, domain_name=cxi3, numa_node=3, address=[0x70e3]
PE 33: Host gh070.hsn.cm.delta.internal.ncsa.edu selected NIC index=1, domain_name=cxi1, numa_node=1, address=[0xb091]
PE 31: Host gh056.hsn.cm.delta.internal.ncsa.edu selected NIC index=3, domain_name=cxi3, numa_node=3, address=[0x9063]
PE 50: Host gh092.hsn.cm.delta.internal.ncsa.edu selected NIC index=2, domain_name=cxi2, numa_node=2, address=[0xb8b1]
PE 16: Host gh045.hsn.cm.delta.internal.ncsa.edu selected NIC index=0, domain_name=cxi0, numa_node=0, address=[0x70e2]
PE 5: Host gh004.hsn.cm.delta.internal.ncsa.edu selected NIC index=1, domain_name=cxi1, numa_node=1, address=[0x68a2]
PE 44: Host gh085.hsn.cm.delta.internal.ncsa.edu selected NIC index=0, domain_name=cxi0, numa_node=0, address=[0x98e0]
PE 10: Host gh023.hsn.cm.delta.internal.ncsa.edu selected NIC index=2, domain_name=cxi2, numa_node=2, address=[0x8810]
PE 63: Host gh143.hsn.cm.delta.internal.ncsa.edu selected NIC index=3, domain_name=cxi3, numa_node=3, address=[0x78c0]
PE 14: Host gh025.hsn.cm.delta.internal.ncsa.edu selected NIC index=2, domain_name=cxi2, numa_node=2, address=[0x8800]
PE 41: Host gh080.hsn.cm.delta.internal.ncsa.edu selected NIC index=1, domain_name=cxi1, numa_node=1, address=[0x98b2]
PE 17: Host gh045.hsn.cm.delta.internal.ncsa.edu selected NIC index=1, domain_name=cxi1, numa_node=1, address=[0x7022]
PE 49: Host gh092.hsn.cm.delta.internal.ncsa.edu selected NIC index=1, domain_name=cxi1, numa_node=1, address=[0xb8b0]
PE 32: Host gh070.hsn.cm.delta.internal.ncsa.edu selected NIC index=0, domain_name=cxi0, numa_node=0, address=[0xb051]
PE 38: Host gh073.hsn.cm.delta.internal.ncsa.edu selected NIC index=2, domain_name=cxi2, numa_node=2, address=[0x7823]
PE 58: Host gh118.hsn.cm.delta.internal.ncsa.edu selected NIC index=2, domain_name=cxi2, numa_node=2, address=[0xa090]
PE 56: Host gh118.hsn.cm.delta.internal.ncsa.edu selected NIC index=0, domain_name=cxi0, numa_node=0, address=[0xa051]
PE 4: Host gh004.hsn.cm.delta.internal.ncsa.edu selected NIC index=0, domain_name=cxi0, numa_node=0, address=[0x6862]
PE 0: MPICH CH4 OFI CXI counters initialized
