
Currently Loaded Modules:
  1) craype-arm-grace                                9) cudatoolkit/24.3_12.3
  2) libfabric/1.20.1                               10) default
  3) craype-network-ofi                             11) craype-accel-nvidia90
  4) perftools-base/24.07.0                         12) gcc-native/12.3
  5) xpmem/2.9.6-1.1_20240511212657__g087dc11fc19d  13) cray-mpich/8.1.30
  6) craype/2.7.32                                  14) cray-libsci/24.07.0
  7) cray-dsmml/0.3.0                               15) nccl/2.19.1.awsplugin
  8) PrgEnv-gnu/8.5.0

 


Inactive Modules:
  1) cray-libsci     2) cray-mpich


Activating Modules:
  1) cray-libsci/24.07.0     2) cray-mpich/8.1.30

PE 26: Host gh128.hsn.cm.delta.internal.ncsa.edu selected NIC index=2, domain_name=cxi2, numa_node=2, address=[0xc0b1]
PE 14: Host gh077.hsn.cm.delta.internal.ncsa.edu selected NIC index=2, domain_name=cxi2, numa_node=2, address=[0x7821]
PE 1: Host gh028.hsn.cm.delta.internal.ncsa.edu selected NIC index=1, domain_name=cxi1, numa_node=1, address=[0x8893]
PE 5: Host gh048.hsn.cm.delta.internal.ncsa.edu selected NIC index=1, domain_name=cxi1, numa_node=1, address=[0x70b0]
PE 20: Host gh112.hsn.cm.delta.internal.ncsa.edu selected NIC index=0, domain_name=cxi0, numa_node=0, address=[0xa062]
PE 10: Host gh066.hsn.cm.delta.internal.ncsa.edu selected NIC index=2, domain_name=cxi2, numa_node=2, address=[0xb0b1]
PE 18: Host gh099.hsn.cm.delta.internal.ncsa.edu selected NIC index=2, domain_name=cxi2, numa_node=2, address=[0x8031]
PE 28: Host gh137.hsn.cm.delta.internal.ncsa.edu selected NIC index=0, domain_name=cxi0, numa_node=0, address=[0x90d1]
PE 24: Host gh128.hsn.cm.delta.internal.ncsa.edu selected NIC index=0, domain_name=cxi0, numa_node=0, address=[0xc070]
PE 3: Host gh028.hsn.cm.delta.internal.ncsa.edu selected NIC index=3, domain_name=cxi3, numa_node=3, address=[0x8852]
PE 4: Host gh048.hsn.cm.delta.internal.ncsa.edu selected NIC index=0, domain_name=cxi0, numa_node=0, address=[0x7070]
PE 21: Host gh112.hsn.cm.delta.internal.ncsa.edu selected NIC index=1, domain_name=cxi1, numa_node=1, address=[0xa0a2]
PE 16: Host gh099.hsn.cm.delta.internal.ncsa.edu selected NIC index=0, domain_name=cxi0, numa_node=0, address=[0x80f0]
PE 2: Host gh028.hsn.cm.delta.internal.ncsa.edu selected NIC index=2, domain_name=cxi2, numa_node=2, address=[0x8892]
PE 12: Host gh077.hsn.cm.delta.internal.ncsa.edu selected NIC index=0, domain_name=cxi0, numa_node=0, address=[0x78e0]
PE 27: Host gh128.hsn.cm.delta.internal.ncsa.edu selected NIC index=3, domain_name=cxi3, numa_node=3, address=[0xc071]
PE 25: Host gh128.hsn.cm.delta.internal.ncsa.edu selected NIC index=1, domain_name=cxi1, numa_node=1, address=[0xc0b0]
PE 31: Host gh137.hsn.cm.delta.internal.ncsa.edu selected NIC index=3, domain_name=cxi3, numa_node=3, address=[0x90d0]
PE 15: Host gh077.hsn.cm.delta.internal.ncsa.edu selected NIC index=3, domain_name=cxi3, numa_node=3, address=[0x78e1]
PE 8: Host gh066.hsn.cm.delta.internal.ncsa.edu selected NIC index=0, domain_name=cxi0, numa_node=0, address=[0xb070]
PE 7: Host gh048.hsn.cm.delta.internal.ncsa.edu selected NIC index=3, domain_name=cxi3, numa_node=3, address=[0x7071]
PE 22: Host gh112.hsn.cm.delta.internal.ncsa.edu selected NIC index=2, domain_name=cxi2, numa_node=2, address=[0xa0a3]
PE 11: Host gh066.hsn.cm.delta.internal.ncsa.edu selected NIC index=3, domain_name=cxi3, numa_node=3, address=[0xb071]
PE 0: Launcher/PMI did not supply NIC data (node_idx=0, rc=0, num_pmi_nics=0)
PE 0: MPICH_OFI_NIC_POLICY = BLOCK
PE 0: MPICH CH4 OFI detected 4 NICs/node on host gh028.hsn.cm.delta.internal.ncsa.edu
PE 0: ======================== Display NIC Addrs  ========================
PE 0: Hostname: gh028.hsn.cm.delta.internal.ncsa.edu
PE 0:   MPICH_OFI_NIC_POLICY: BLOCK
PE 0:   Number of NICs: 4
PE 0:     nic_index 0: domain_name=cxi0, numa_domain=0, addr=0x8853
PE 0:     nic_index 1: domain_name=cxi1, numa_domain=1, addr=0x8893
PE 0:     nic_index 2: domain_name=cxi2, numa_domain=2, addr=0x8892
PE 0:     nic_index 3: domain_name=cxi3, numa_domain=3, addr=0x8852
PE 0:   Number of NUMA domains: 36
PE 0:     numa_domain 0: cpu_list=[0-71]
PE 0:     numa_domain 1: cpu_list=[72-143]
PE 0:     numa_domain 2: cpu_list=[144-215]
PE 0:     numa_domain 3: cpu_list=[216-287]
PE 0:     numa_domain 4: cpu_list=[]
PE 0:     numa_domain 5: cpu_list=[]
PE 0:     numa_domain 6: cpu_list=[]
PE 0:     numa_domain 7: cpu_list=[]
PE 0:     numa_domain 8: cpu_list=[]
PE 0:     numa_domain 9: cpu_list=[]
PE 0:     numa_domain 10: cpu_list=[]
PE 0:     numa_domain 11: cpu_list=[]
PE 0:     numa_domain 12: cpu_list=[]
PE 0:     numa_domain 13: cpu_list=[]
PE 0:     numa_domain 14: cpu_list=[]
PE 0:     numa_domain 15: cpu_list=[]
PE 0:     numa_domain 16: cpu_list=[]
PE 0:     numa_domain 17: cpu_list=[]
PE 0:     numa_domain 18: cpu_list=[]
PE 0:     numa_domain 19: cpu_list=[]
PE 0:     numa_domain 20: cpu_list=[]
PE 0:     numa_domain 21: cpu_list=[]
PE 0:     numa_domain 22: cpu_list=[]
PE 0:     numa_domain 23: cpu_list=[]
PE 0:     numa_domain 24: cpu_list=[]
PE 0:     numa_domain 25: cpu_list=[]
PE 0:     numa_domain 26: cpu_list=[]
PE 0:     numa_domain 27: cpu_list=[]
PE 0:     numa_domain 28: cpu_list=[]
PE 0:     numa_domain 29: cpu_list=[]
PE 0:     numa_domain 30: cpu_list=[]
PE 0:     numa_domain 31: cpu_list=[]
PE 0:     numa_domain 32: cpu_list=[]
PE 0:     numa_domain 33: cpu_list=[]
PE 0:     numa_domain 34: cpu_list=[]
PE 0:     numa_domain 35: cpu_list=[]
PE 0: ====================================================================
PE 0: Host gh028.hsn.cm.delta.internal.ncsa.edu selected NIC index=0, domain_name=cxi0, numa_node=0, address=[0x8853]
PE 0: MPICH CH4 OFI netmod using cxi provider (domain_name=cxi0, src_addr=0x8853)
PE 0: Selected traffic class: [TC_BEST_EFFORT, 512]
PE 13: Host gh077.hsn.cm.delta.internal.ncsa.edu selected NIC index=1, domain_name=cxi1, numa_node=1, address=[0x7820]
PE 30: Host gh137.hsn.cm.delta.internal.ncsa.edu selected NIC index=2, domain_name=cxi2, numa_node=2, address=[0x9010]
PE 9: Host gh066.hsn.cm.delta.internal.ncsa.edu selected NIC index=1, domain_name=cxi1, numa_node=1, address=[0xb0b0]
PE 6: Host gh048.hsn.cm.delta.internal.ncsa.edu selected NIC index=2, domain_name=cxi2, numa_node=2, address=[0x70b1]
PE 23: Host gh112.hsn.cm.delta.internal.ncsa.edu selected NIC index=3, domain_name=cxi3, numa_node=3, address=[0xa063]
PE 29: Host gh137.hsn.cm.delta.internal.ncsa.edu selected NIC index=1, domain_name=cxi1, numa_node=1, address=[0x9011]
PE 17: Host gh099.hsn.cm.delta.internal.ncsa.edu selected NIC index=1, domain_name=cxi1, numa_node=1, address=[0x8030]
PE 19: Host gh099.hsn.cm.delta.internal.ncsa.edu selected NIC index=3, domain_name=cxi3, numa_node=3, address=[0x80f1]
PE 0: MPICH CH4 OFI CXI counters initialized
