0: Testing Size 1
0: PMPI Allreduce Time: 1.636624e-05
0: MPIL GPU-Aware Recursive Doubling Time: 1.621781e-05
0: MPIL GPU-Aware Node-Aware Dissemination Time: 3.252651e-05
0: MPIL GPU-Aware NUMA-Aware Dissemination Time: 4.812925e-05
0: CopyToCPU PMPI Allreduce Time: 1.616884e-05
0: MPIL CopyToCPU Recursive Doubling Time: 1.660917e-05
0: MPIL CopyToCPU Node-Aware Dissemination Time: 2.066038e-05
0: MPIL CopyToCPU NUMA-Aware Dissemination Time: 1.761008e-05
0: MPIL CopyToCPU RADIX-3 Dissemination Time: 2.051127e-05
0: MPIL CopyToCPU RADIX-4 Dissemination Time: 1.626493e-05
0: MPIL CopyToCPU RADIX-5 Dissemination Time: 2.057801e-05
0: MPIL CopyToCPU RADIX-6 Dissemination Time: 1.831107e-05
0: MPIL CopyToCPU RADIX-7 Dissemination Time: 2.037733e-05
0: MPIL CopyToCPU RADIX-8 Dissemination Time: 1.670654e-05
0: MPIL CopyToCPU RADIX-9 Dissemination Time: 2.194544e-05
0: MPIL CopyToCPU RADIX-10 Dissemination Time: 2.040976e-05
0: MPIL CopyToCPU RADIX-11 Dissemination Time: 2.353361e-05
0: MPIL CopyToCPU RADIX-12 Dissemination Time: 2.414479e-05
0: MPIL CopyToCPU RADIX-13 Dissemination Time: 2.418030e-05
0: MPIL CopyToCPU RADIX-14 Dissemination Time: 2.514152e-05
0: Testing Size 2
0: PMPI Allreduce Time: 1.624800e-05
0: MPIL GPU-Aware Recursive Doubling Time: 1.624597e-05
0: MPIL GPU-Aware Node-Aware Dissemination Time: 3.231257e-05
0: MPIL GPU-Aware NUMA-Aware Dissemination Time: 4.851009e-05
0: CopyToCPU PMPI Allreduce Time: 1.627117e-05
0: MPIL CopyToCPU Recursive Doubling Time: 1.807968e-05
0: MPIL CopyToCPU Node-Aware Dissemination Time: 2.049065e-05
0: MPIL CopyToCPU NUMA-Aware Dissemination Time: 1.826573e-05
0: MPIL CopyToCPU RADIX-3 Dissemination Time: 2.099967e-05
0: MPIL CopyToCPU RADIX-4 Dissemination Time: 1.696968e-05
0: MPIL CopyToCPU RADIX-5 Dissemination Time: 2.104569e-05
0: MPIL CopyToCPU RADIX-6 Dissemination Time: 1.892484e-05
0: MPIL CopyToCPU RADIX-7 Dissemination Time: 2.087757e-05
0: MPIL CopyToCPU RADIX-8 Dissemination Time: 1.750778e-05
0: MPIL CopyToCPU RADIX-9 Dissemination Time: 2.219292e-05
0: MPIL CopyToCPU RADIX-10 Dissemination Time: 2.126604e-05
0: MPIL CopyToCPU RADIX-11 Dissemination Time: 2.387085e-05
0: MPIL CopyToCPU RADIX-12 Dissemination Time: 2.446137e-05
0: MPIL CopyToCPU RADIX-13 Dissemination Time: 2.454371e-05
0: MPIL CopyToCPU RADIX-14 Dissemination Time: 2.528030e-05
0: Testing Size 4
0: PMPI Allreduce Time: 1.622852e-05
0: MPIL GPU-Aware Recursive Doubling Time: 1.621773e-05
0: MPIL GPU-Aware Node-Aware Dissemination Time: 3.247821e-05
0: MPIL GPU-Aware NUMA-Aware Dissemination Time: 4.839875e-05
0: CopyToCPU PMPI Allreduce Time: 1.624796e-05
0: MPIL CopyToCPU Recursive Doubling Time: 1.795881e-05
0: MPIL CopyToCPU Node-Aware Dissemination Time: 2.073436e-05
0: MPIL CopyToCPU NUMA-Aware Dissemination Time: 1.838941e-05
0: MPIL CopyToCPU RADIX-3 Dissemination Time: 2.090024e-05
0: MPIL CopyToCPU RADIX-4 Dissemination Time: 1.705640e-05
0: MPIL CopyToCPU RADIX-5 Dissemination Time: 2.100608e-05
0: MPIL CopyToCPU RADIX-6 Dissemination Time: 1.892189e-05
0: MPIL CopyToCPU RADIX-7 Dissemination Time: 2.088319e-05
0: MPIL CopyToCPU RADIX-8 Dissemination Time: 1.726158e-05
0: MPIL CopyToCPU RADIX-9 Dissemination Time: 2.240324e-05
0: MPIL CopyToCPU RADIX-10 Dissemination Time: 2.116914e-05
0: MPIL CopyToCPU RADIX-11 Dissemination Time: 2.389845e-05
0: MPIL CopyToCPU RADIX-12 Dissemination Time: 2.461640e-05
0: MPIL CopyToCPU RADIX-13 Dissemination Time: 2.490330e-05
0: MPIL CopyToCPU RADIX-14 Dissemination Time: 2.594582e-05
0: Testing Size 8
0: PMPI Allreduce Time: 1.630064e-05
0: MPIL GPU-Aware Recursive Doubling Time: 1.628969e-05
0: MPIL GPU-Aware Node-Aware Dissemination Time: 3.223229e-05
0: MPIL GPU-Aware NUMA-Aware Dissemination Time: 4.826767e-05
0: CopyToCPU PMPI Allreduce Time: 1.631781e-05
0: MPIL CopyToCPU Recursive Doubling Time: 1.811084e-05
0: MPIL CopyToCPU Node-Aware Dissemination Time: 2.071788e-05
0: MPIL CopyToCPU NUMA-Aware Dissemination Time: 1.843098e-05
0: MPIL CopyToCPU RADIX-3 Dissemination Time: 2.105002e-05
0: MPIL CopyToCPU RADIX-4 Dissemination Time: 1.710536e-05
0: MPIL CopyToCPU RADIX-5 Dissemination Time: 2.133678e-05
0: MPIL CopyToCPU RADIX-6 Dissemination Time: 1.920680e-05
0: MPIL CopyToCPU RADIX-7 Dissemination Time: 2.129940e-05
0: MPIL CopyToCPU RADIX-8 Dissemination Time: 1.748486e-05
0: MPIL CopyToCPU RADIX-9 Dissemination Time: 2.251799e-05
0: MPIL CopyToCPU RADIX-10 Dissemination Time: 2.153330e-05
0: MPIL CopyToCPU RADIX-11 Dissemination Time: 2.415386e-05
0: MPIL CopyToCPU RADIX-12 Dissemination Time: 2.526088e-05
0: MPIL CopyToCPU RADIX-13 Dissemination Time: 2.545677e-05
0: MPIL CopyToCPU RADIX-14 Dissemination Time: 2.650119e-05
0: Testing Size 16
0: PMPI Allreduce Time: 1.745564e-05
0: MPIL GPU-Aware Recursive Doubling Time: 1.745572e-05
0: MPIL GPU-Aware Node-Aware Dissemination Time: 3.407188e-05
0: MPIL GPU-Aware NUMA-Aware Dissemination Time: 5.080069e-05
0: CopyToCPU PMPI Allreduce Time: 1.725050e-05
0: MPIL CopyToCPU Recursive Doubling Time: 2.400976e-05
0: MPIL CopyToCPU Node-Aware Dissemination Time: 2.244164e-05
0: MPIL CopyToCPU NUMA-Aware Dissemination Time: 2.152771e-05
0: MPIL CopyToCPU RADIX-3 Dissemination Time: 2.397138e-05
0: MPIL CopyToCPU RADIX-4 Dissemination Time: 1.983433e-05
0: MPIL CopyToCPU RADIX-5 Dissemination Time: 2.283889e-05
0: MPIL CopyToCPU RADIX-6 Dissemination Time: 2.193203e-05
0: MPIL CopyToCPU RADIX-7 Dissemination Time: 2.308211e-05
0: MPIL CopyToCPU RADIX-8 Dissemination Time: 1.999687e-05
0: MPIL CopyToCPU RADIX-9 Dissemination Time: 2.487232e-05
0: MPIL CopyToCPU RADIX-10 Dissemination Time: 2.423525e-05
0: MPIL CopyToCPU RADIX-11 Dissemination Time: 2.687480e-05
0: MPIL CopyToCPU RADIX-12 Dissemination Time: 2.755612e-05
0: MPIL CopyToCPU RADIX-13 Dissemination Time: 2.793893e-05
0: MPIL CopyToCPU RADIX-14 Dissemination Time: 2.831333e-05
0: Testing Size 32
0: PMPI Allreduce Time: 2.799373e-05
0: MPIL GPU-Aware Recursive Doubling Time: 2.801767e-05
0: MPIL GPU-Aware Node-Aware Dissemination Time: 4.325004e-05
0: MPIL GPU-Aware NUMA-Aware Dissemination Time: 5.963888e-05
0: CopyToCPU PMPI Allreduce Time: 2.436557e-05
0: MPIL CopyToCPU Recursive Doubling Time: 2.980119e-05
0: MPIL CopyToCPU Node-Aware Dissemination Time: 2.535023e-05
0: MPIL CopyToCPU NUMA-Aware Dissemination Time: 3.208372e-05
0: MPIL CopyToCPU RADIX-3 Dissemination Time: 3.509773e-05
0: MPIL CopyToCPU RADIX-4 Dissemination Time: 2.690252e-05
0: MPIL CopyToCPU RADIX-5 Dissemination Time: 3.078671e-05
0: MPIL CopyToCPU RADIX-6 Dissemination Time: 2.987781e-05
0: MPIL CopyToCPU RADIX-7 Dissemination Time: 3.174969e-05
0: MPIL CopyToCPU RADIX-8 Dissemination Time: 2.531020e-05
0: MPIL CopyToCPU RADIX-9 Dissemination Time: 3.217631e-05
0: MPIL CopyToCPU RADIX-10 Dissemination Time: 3.207848e-05
0: MPIL CopyToCPU RADIX-11 Dissemination Time: 3.332920e-05
0: MPIL CopyToCPU RADIX-12 Dissemination Time: 3.410162e-05
0: MPIL CopyToCPU RADIX-13 Dissemination Time: 3.496187e-05
0: MPIL CopyToCPU RADIX-14 Dissemination Time: 3.573240e-05
0: Testing Size 64
0: PMPI Allreduce Time: 2.979981e-05
0: MPIL GPU-Aware Recursive Doubling Time: 2.978820e-05
0: MPIL GPU-Aware Node-Aware Dissemination Time: 5.034578e-05
0: MPIL GPU-Aware NUMA-Aware Dissemination Time: 5.939971e-05
0: CopyToCPU PMPI Allreduce Time: 2.960043e-05
0: MPIL CopyToCPU Recursive Doubling Time: 3.174104e-05
0: MPIL CopyToCPU Node-Aware Dissemination Time: 3.738885e-05
0: MPIL CopyToCPU NUMA-Aware Dissemination Time: 3.284417e-05
0: MPIL CopyToCPU RADIX-3 Dissemination Time: 3.574806e-05
0: MPIL CopyToCPU RADIX-4 Dissemination Time: 2.855004e-05
0: MPIL CopyToCPU RADIX-5 Dissemination Time: 3.122846e-05
0: MPIL CopyToCPU RADIX-6 Dissemination Time: 2.952353e-05
0: MPIL CopyToCPU RADIX-7 Dissemination Time: 3.217720e-05
0: MPIL CopyToCPU RADIX-8 Dissemination Time: 2.641464e-05
0: MPIL CopyToCPU RADIX-9 Dissemination Time: 3.325252e-05
0: MPIL CopyToCPU RADIX-10 Dissemination Time: 3.184868e-05
0: MPIL CopyToCPU RADIX-11 Dissemination Time: 3.444051e-05
0: MPIL CopyToCPU RADIX-12 Dissemination Time: 3.522100e-05
0: MPIL CopyToCPU RADIX-13 Dissemination Time: 3.596379e-05
0: MPIL CopyToCPU RADIX-14 Dissemination Time: 3.697053e-05
0: Testing Size 128
0: PMPI Allreduce Time: 3.371743e-05
0: MPIL GPU-Aware Recursive Doubling Time: 3.370077e-05
0: MPIL GPU-Aware Node-Aware Dissemination Time: 6.252206e-05
0: MPIL GPU-Aware NUMA-Aware Dissemination Time: 7.248538e-05
0: CopyToCPU PMPI Allreduce Time: 3.458986e-05
0: MPIL CopyToCPU Recursive Doubling Time: 3.838365e-05
0: MPIL CopyToCPU Node-Aware Dissemination Time: 4.802637e-05
0: MPIL CopyToCPU NUMA-Aware Dissemination Time: 3.615836e-05
0: MPIL CopyToCPU RADIX-3 Dissemination Time: 3.736709e-05
0: MPIL CopyToCPU RADIX-4 Dissemination Time: 3.263229e-05
0: MPIL CopyToCPU RADIX-5 Dissemination Time: 3.618081e-05
0: MPIL CopyToCPU RADIX-6 Dissemination Time: 3.483302e-05
0: MPIL CopyToCPU RADIX-7 Dissemination Time: 3.669929e-05
0: MPIL CopyToCPU RADIX-8 Dissemination Time: 3.187514e-05
0: MPIL CopyToCPU RADIX-9 Dissemination Time: 3.773215e-05
0: MPIL CopyToCPU RADIX-10 Dissemination Time: 3.718495e-05
0: MPIL CopyToCPU RADIX-11 Dissemination Time: 3.916139e-05
0: MPIL CopyToCPU RADIX-12 Dissemination Time: 4.029597e-05
0: MPIL CopyToCPU RADIX-13 Dissemination Time: 4.114975e-05
0: MPIL CopyToCPU RADIX-14 Dissemination Time: 4.212193e-05
0: Testing Size 256
0: PMPI Allreduce Time: 3.777255e-05
0: MPIL GPU-Aware Recursive Doubling Time: 3.775798e-05
0: MPIL GPU-Aware Node-Aware Dissemination Time: 6.966618e-05
0: MPIL GPU-Aware NUMA-Aware Dissemination Time: 7.751521e-05
0: CopyToCPU PMPI Allreduce Time: 3.796215e-05
0: MPIL CopyToCPU Recursive Doubling Time: 4.318635e-05
0: MPIL CopyToCPU Node-Aware Dissemination Time: 5.507871e-05
0: MPIL CopyToCPU NUMA-Aware Dissemination Time: 4.112931e-05
0: MPIL CopyToCPU RADIX-3 Dissemination Time: 4.152084e-05
0: MPIL CopyToCPU RADIX-4 Dissemination Time: 3.668379e-05
0: MPIL CopyToCPU RADIX-5 Dissemination Time: 3.919825e-05
0: MPIL CopyToCPU RADIX-6 Dissemination Time: 3.857967e-05
0: MPIL CopyToCPU RADIX-7 Dissemination Time: 3.989554e-05
0: MPIL CopyToCPU RADIX-8 Dissemination Time: 3.543459e-05
0: MPIL CopyToCPU RADIX-9 Dissemination Time: 4.109484e-05
0: MPIL CopyToCPU RADIX-10 Dissemination Time: 4.128421e-05
0: MPIL CopyToCPU RADIX-11 Dissemination Time: 4.278275e-05
0: MPIL CopyToCPU RADIX-12 Dissemination Time: 4.411590e-05
0: MPIL CopyToCPU RADIX-13 Dissemination Time: 4.573400e-05
0: MPIL CopyToCPU RADIX-14 Dissemination Time: 4.636894e-05
0: Testing Size 512
0: PMPI Allreduce Time: 4.594299e-05
0: MPIL GPU-Aware Recursive Doubling Time: 4.590578e-05
0: MPIL GPU-Aware Node-Aware Dissemination Time: 8.020342e-05
0: MPIL GPU-Aware NUMA-Aware Dissemination Time: 8.702404e-05
0: CopyToCPU PMPI Allreduce Time: 4.689890e-05
0: MPIL CopyToCPU Recursive Doubling Time: 5.150091e-05
0: MPIL CopyToCPU Node-Aware Dissemination Time: 6.843740e-05
0: MPIL CopyToCPU NUMA-Aware Dissemination Time: 5.064469e-05
0: MPIL CopyToCPU RADIX-3 Dissemination Time: 4.973716e-05
0: MPIL CopyToCPU RADIX-4 Dissemination Time: 4.143789e-05
0: MPIL CopyToCPU RADIX-5 Dissemination Time: 4.419328e-05
0: MPIL CopyToCPU RADIX-6 Dissemination Time: 4.491076e-05
0: MPIL CopyToCPU RADIX-7 Dissemination Time: 4.557028e-05
0: MPIL CopyToCPU RADIX-8 Dissemination Time: 4.088235e-05
0: MPIL CopyToCPU RADIX-9 Dissemination Time: 4.855613e-05
0: MPIL CopyToCPU RADIX-10 Dissemination Time: 4.851505e-05
0: MPIL CopyToCPU RADIX-11 Dissemination Time: 5.024584e-05
0: MPIL CopyToCPU RADIX-12 Dissemination Time: 5.243992e-05
0: MPIL CopyToCPU RADIX-13 Dissemination Time: 5.310033e-05
0: MPIL CopyToCPU RADIX-14 Dissemination Time: 5.375461e-05
0: Testing Size 1024
0: PMPI Allreduce Time: 8.413870e-05
0: MPIL GPU-Aware Recursive Doubling Time: 8.402387e-05
0: MPIL GPU-Aware Node-Aware Dissemination Time: 6.898043e-04
0: MPIL GPU-Aware NUMA-Aware Dissemination Time: 1.543004e-03
0: CopyToCPU PMPI Allreduce Time: 6.202508e-05
0: MPIL CopyToCPU Recursive Doubling Time: 6.727024e-05
0: MPIL CopyToCPU Node-Aware Dissemination Time: 9.648075e-05
0: MPIL CopyToCPU NUMA-Aware Dissemination Time: 6.962014e-05
0: MPIL CopyToCPU RADIX-3 Dissemination Time: 6.655288e-05
0: MPIL CopyToCPU RADIX-4 Dissemination Time: 5.106226e-05
0: MPIL CopyToCPU RADIX-5 Dissemination Time: 5.531260e-05
0: MPIL CopyToCPU RADIX-6 Dissemination Time: 5.772274e-05
0: MPIL CopyToCPU RADIX-7 Dissemination Time: 5.732626e-05
0: MPIL CopyToCPU RADIX-8 Dissemination Time: 5.122729e-05
0: MPIL CopyToCPU RADIX-9 Dissemination Time: 6.045177e-05
0: MPIL CopyToCPU RADIX-10 Dissemination Time: 6.226353e-05
0: MPIL CopyToCPU RADIX-11 Dissemination Time: 6.310043e-05
0: MPIL CopyToCPU RADIX-12 Dissemination Time: 6.512592e-05
0: MPIL CopyToCPU RADIX-13 Dissemination Time: 6.649355e-05
0: MPIL CopyToCPU RADIX-14 Dissemination Time: 6.765313e-05
0: Testing Size 2048
0: PMPI Allreduce Time: 1.669636e-04
0: MPIL GPU-Aware Recursive Doubling Time: 1.668070e-04
0: MPIL GPU-Aware Node-Aware Dissemination Time: 7.040739e-04
0: MPIL GPU-Aware NUMA-Aware Dissemination Time: 1.607401e-03
0: CopyToCPU PMPI Allreduce Time: 1.163180e-04
0: MPIL CopyToCPU Recursive Doubling Time: 9.849593e-05
0: MPIL CopyToCPU Node-Aware Dissemination Time: 1.581604e-04
0: MPIL CopyToCPU NUMA-Aware Dissemination Time: 1.034871e-04
0: MPIL CopyToCPU RADIX-3 Dissemination Time: 1.004976e-04
0: MPIL CopyToCPU RADIX-4 Dissemination Time: 7.435983e-05
0: MPIL CopyToCPU RADIX-5 Dissemination Time: 7.754517e-05
0: MPIL CopyToCPU RADIX-6 Dissemination Time: 7.779744e-05
0: MPIL CopyToCPU RADIX-7 Dissemination Time: 8.046419e-05
0: MPIL CopyToCPU RADIX-8 Dissemination Time: 7.548623e-05
0: MPIL CopyToCPU RADIX-9 Dissemination Time: 8.307966e-05
0: MPIL CopyToCPU RADIX-10 Dissemination Time: 8.363793e-05
0: MPIL CopyToCPU RADIX-11 Dissemination Time: 8.786481e-05
0: MPIL CopyToCPU RADIX-12 Dissemination Time: 8.988572e-05
0: MPIL CopyToCPU RADIX-13 Dissemination Time: 9.088277e-05
0: MPIL CopyToCPU RADIX-14 Dissemination Time: 9.533916e-05
0: Testing Size 4096
0: PMPI Allreduce Time: 1.619457e-04
0: MPIL GPU-Aware Recursive Doubling Time: 1.620528e-04
0: MPIL GPU-Aware Node-Aware Dissemination Time: 6.307733e-04
0: MPIL GPU-Aware NUMA-Aware Dissemination Time: 1.594785e-03
0: CopyToCPU PMPI Allreduce Time: 1.716225e-04
0: MPIL CopyToCPU Recursive Doubling Time: 1.769584e-04
0: MPIL CopyToCPU Node-Aware Dissemination Time: 2.624706e-04
0: MPIL CopyToCPU NUMA-Aware Dissemination Time: 1.855694e-04
0: MPIL CopyToCPU RADIX-3 Dissemination Time: 1.933497e-04
0: MPIL CopyToCPU RADIX-4 Dissemination Time: 1.343982e-04
0: MPIL CopyToCPU RADIX-5 Dissemination Time: 1.486837e-04
0: MPIL CopyToCPU RADIX-6 Dissemination Time: 1.507980e-04
0: MPIL CopyToCPU RADIX-7 Dissemination Time: 1.542673e-04
0: MPIL CopyToCPU RADIX-8 Dissemination Time: 1.339019e-04
0: MPIL CopyToCPU RADIX-9 Dissemination Time: 1.592214e-04
0: MPIL CopyToCPU RADIX-10 Dissemination Time: 1.598011e-04
0: MPIL CopyToCPU RADIX-11 Dissemination Time: 1.646593e-04
0: MPIL CopyToCPU RADIX-12 Dissemination Time: 1.683913e-04
0: MPIL CopyToCPU RADIX-13 Dissemination Time: 1.728345e-04
0: MPIL CopyToCPU RADIX-14 Dissemination Time: 1.804158e-04
0: Testing Size 8192
0: PMPI Allreduce Time: 1.653181e-04
0: MPIL GPU-Aware Recursive Doubling Time: 1.653865e-04
0: MPIL GPU-Aware Node-Aware Dissemination Time: 7.475835e-04
0: MPIL GPU-Aware NUMA-Aware Dissemination Time: 1.182857e-03
0: CopyToCPU PMPI Allreduce Time: 2.706118e-04
0: MPIL CopyToCPU Recursive Doubling Time: 2.965091e-04
0: MPIL CopyToCPU Node-Aware Dissemination Time: 4.444335e-04
0: MPIL CopyToCPU NUMA-Aware Dissemination Time: 3.139478e-04
0: MPIL CopyToCPU RADIX-3 Dissemination Time: 3.222707e-04
0: MPIL CopyToCPU RADIX-4 Dissemination Time: 2.139606e-04
0: MPIL CopyToCPU RADIX-5 Dissemination Time: 2.434612e-04
0: MPIL CopyToCPU RADIX-6 Dissemination Time: 2.433594e-04
0: MPIL CopyToCPU RADIX-7 Dissemination Time: 2.547440e-04
0: MPIL CopyToCPU RADIX-8 Dissemination Time: 2.338095e-04
0: MPIL CopyToCPU RADIX-9 Dissemination Time: 2.619009e-04
0: MPIL CopyToCPU RADIX-10 Dissemination Time: 2.628926e-04
0: MPIL CopyToCPU RADIX-11 Dissemination Time: 2.690471e-04
0: MPIL CopyToCPU RADIX-12 Dissemination Time: 2.607493e-04
0: MPIL CopyToCPU RADIX-13 Dissemination Time: 2.798574e-04
0: MPIL CopyToCPU RADIX-14 Dissemination Time: 2.921565e-04
0: Testing Size 16384
0: PMPI Allreduce Time: 1.727300e-04
0: MPIL GPU-Aware Recursive Doubling Time: 1.727939e-04
0: MPIL GPU-Aware Node-Aware Dissemination Time: 1.129319e-03
0: MPIL GPU-Aware NUMA-Aware Dissemination Time: 1.904999e-03
0: CopyToCPU PMPI Allreduce Time: 4.594269e-04
0: MPIL CopyToCPU Recursive Doubling Time: 5.334500e-04
0: MPIL CopyToCPU Node-Aware Dissemination Time: 7.905430e-04
0: MPIL CopyToCPU NUMA-Aware Dissemination Time: 5.701890e-04
0: MPIL CopyToCPU RADIX-3 Dissemination Time: 5.834302e-04
0: MPIL CopyToCPU RADIX-4 Dissemination Time: 3.821601e-04
0: MPIL CopyToCPU RADIX-5 Dissemination Time: 4.244249e-04
0: MPIL CopyToCPU RADIX-6 Dissemination Time: 4.294733e-04
0: MPIL CopyToCPU RADIX-7 Dissemination Time: 4.498186e-04
0: MPIL CopyToCPU RADIX-8 Dissemination Time: 4.049785e-04
0: MPIL CopyToCPU RADIX-9 Dissemination Time: 4.606431e-04
0: MPIL CopyToCPU RADIX-10 Dissemination Time: 4.592081e-04
0: MPIL CopyToCPU RADIX-11 Dissemination Time: 4.858471e-04
0: MPIL CopyToCPU RADIX-12 Dissemination Time: 4.689563e-04
0: MPIL CopyToCPU RADIX-13 Dissemination Time: 4.965833e-04
0: MPIL CopyToCPU RADIX-14 Dissemination Time: 5.254549e-04
0: Testing Size 32768
0: PMPI Allreduce Time: 1.924196e-04
0: MPIL GPU-Aware Recursive Doubling Time: 1.916509e-04
0: MPIL GPU-Aware Node-Aware Dissemination Time: 3.181752e-03
0: MPIL GPU-Aware NUMA-Aware Dissemination Time: 2.222092e-03
0: CopyToCPU PMPI Allreduce Time: 8.510571e-04
0: MPIL CopyToCPU Recursive Doubling Time: 9.973873e-04
0: MPIL CopyToCPU Node-Aware Dissemination Time: 1.431523e-03
0: MPIL CopyToCPU NUMA-Aware Dissemination Time: 1.062989e-03
0: MPIL CopyToCPU RADIX-3 Dissemination Time: 1.100922e-03
0: MPIL CopyToCPU RADIX-4 Dissemination Time: 6.927174e-04
0: MPIL CopyToCPU RADIX-5 Dissemination Time: 7.829333e-04
0: MPIL CopyToCPU RADIX-6 Dissemination Time: 7.767259e-04
0: MPIL CopyToCPU RADIX-7 Dissemination Time: 8.148040e-04
0: MPIL CopyToCPU RADIX-8 Dissemination Time: 7.570849e-04
0: MPIL CopyToCPU RADIX-9 Dissemination Time: 8.294227e-04
0: MPIL CopyToCPU RADIX-10 Dissemination Time: 8.376183e-04
0: MPIL CopyToCPU RADIX-11 Dissemination Time: 8.518672e-04
0: MPIL CopyToCPU RADIX-12 Dissemination Time: 8.594156e-04
0: MPIL CopyToCPU RADIX-13 Dissemination Time: 8.954572e-04
0: MPIL CopyToCPU RADIX-14 Dissemination Time: 9.731939e-04
0: Testing Size 65536
0: PMPI Allreduce Time: 2.251758e-04
0: MPIL GPU-Aware Recursive Doubling Time: 2.260615e-04
0: MPIL GPU-Aware Node-Aware Dissemination Time: 4.008959e-03
0: MPIL GPU-Aware NUMA-Aware Dissemination Time: 3.150668e-03
0: CopyToCPU PMPI Allreduce Time: 1.632433e-03
0: MPIL CopyToCPU Recursive Doubling Time: 1.891527e-03
0: MPIL CopyToCPU Node-Aware Dissemination Time: 2.808174e-03
0: MPIL CopyToCPU NUMA-Aware Dissemination Time: 2.005134e-03
0: MPIL CopyToCPU RADIX-3 Dissemination Time: 2.099213e-03
0: MPIL CopyToCPU RADIX-4 Dissemination Time: 1.335471e-03
0: MPIL CopyToCPU RADIX-5 Dissemination Time: 1.431641e-03
0: MPIL CopyToCPU RADIX-6 Dissemination Time: 1.417639e-03
0: MPIL CopyToCPU RADIX-7 Dissemination Time: 1.445122e-03
0: MPIL CopyToCPU RADIX-8 Dissemination Time: 1.411470e-03
0: MPIL CopyToCPU RADIX-9 Dissemination Time: 1.516400e-03
0: MPIL CopyToCPU RADIX-10 Dissemination Time: 1.546765e-03
0: MPIL CopyToCPU RADIX-11 Dissemination Time: 1.577468e-03
0: MPIL CopyToCPU RADIX-12 Dissemination Time: 1.590498e-03
0: MPIL CopyToCPU RADIX-13 Dissemination Time: 1.675220e-03
0: MPIL CopyToCPU RADIX-14 Dissemination Time: 1.791426e-03
0: Testing Size 131072
0: PMPI Allreduce Time: 2.733086e-04
0: MPIL GPU-Aware Recursive Doubling Time: 2.730713e-04
0: MPIL GPU-Aware Node-Aware Dissemination Time: 6.729659e-03
0: MPIL GPU-Aware NUMA-Aware Dissemination Time: 6.267633e-03
0: CopyToCPU PMPI Allreduce Time: 3.266964e-03
0: MPIL CopyToCPU Recursive Doubling Time: 3.382945e-03
0: MPIL CopyToCPU Node-Aware Dissemination Time: 5.292491e-03
0: MPIL CopyToCPU NUMA-Aware Dissemination Time: 3.866372e-03
0: MPIL CopyToCPU RADIX-3 Dissemination Time: 4.003162e-03
0: MPIL CopyToCPU RADIX-4 Dissemination Time: 2.426158e-03
0: MPIL CopyToCPU RADIX-5 Dissemination Time: 2.620553e-03
0: MPIL CopyToCPU RADIX-6 Dissemination Time: 2.677831e-03
0: MPIL CopyToCPU RADIX-7 Dissemination Time: 2.706502e-03
0: MPIL CopyToCPU RADIX-8 Dissemination Time: 2.679262e-03
0: MPIL CopyToCPU RADIX-9 Dissemination Time: 2.828056e-03
0: MPIL CopyToCPU RADIX-10 Dissemination Time: 2.913035e-03
0: MPIL CopyToCPU RADIX-11 Dissemination Time: 2.903967e-03
0: MPIL CopyToCPU RADIX-12 Dissemination Time: 2.954442e-03
0: MPIL CopyToCPU RADIX-13 Dissemination Time: 3.137556e-03
0: MPIL CopyToCPU RADIX-14 Dissemination Time: 3.316305e-03
0: Testing Size 262144
0: PMPI Allreduce Time: 3.169755e-04
0: MPIL GPU-Aware Recursive Doubling Time: 3.168504e-04
0: MPIL GPU-Aware Node-Aware Dissemination Time: 9.703391e-03
0: MPIL GPU-Aware NUMA-Aware Dissemination Time: 9.047369e-03
0: CopyToCPU PMPI Allreduce Time: 6.462884e-03
0: MPIL CopyToCPU Recursive Doubling Time: 6.766425e-03
0: MPIL CopyToCPU Node-Aware Dissemination Time: 9.743377e-03
0: MPIL CopyToCPU NUMA-Aware Dissemination Time: 7.322582e-03
0: MPIL CopyToCPU RADIX-3 Dissemination Time: 7.575595e-03
0: MPIL CopyToCPU RADIX-4 Dissemination Time: 4.842999e-03
0: MPIL CopyToCPU RADIX-5 Dissemination Time: 5.206423e-03
0: MPIL CopyToCPU RADIX-6 Dissemination Time: 5.285393e-03
0: MPIL CopyToCPU RADIX-7 Dissemination Time: 5.366283e-03
0: MPIL CopyToCPU RADIX-8 Dissemination Time: 5.312136e-03
0: MPIL CopyToCPU RADIX-9 Dissemination Time: 5.611241e-03
0: MPIL CopyToCPU RADIX-10 Dissemination Time: 5.755261e-03
0: MPIL CopyToCPU RADIX-11 Dissemination Time: 5.785479e-03
0: MPIL CopyToCPU RADIX-12 Dissemination Time: 5.898528e-03
0: MPIL CopyToCPU RADIX-13 Dissemination Time: 6.274817e-03
0: MPIL CopyToCPU RADIX-14 Dissemination Time: 6.498764e-03
0: Testing Size 524288
0: PMPI Allreduce Time: 4.145472e-04
0: MPIL GPU-Aware Recursive Doubling Time: 4.145266e-04
0: MPIL GPU-Aware Node-Aware Dissemination Time: 1.685760e-02
0: MPIL GPU-Aware NUMA-Aware Dissemination Time: 2.007796e-02
0: CopyToCPU PMPI Allreduce Time: 1.300625e-02
0: MPIL CopyToCPU Recursive Doubling Time: 1.338334e-02
0: MPIL CopyToCPU Node-Aware Dissemination Time: 1.843262e-02
0: MPIL CopyToCPU NUMA-Aware Dissemination Time: 1.424985e-02
0: MPIL CopyToCPU RADIX-3 Dissemination Time: 1.484454e-02
0: MPIL CopyToCPU RADIX-4 Dissemination Time: 9.849786e-03
0: MPIL CopyToCPU RADIX-5 Dissemination Time: 1.068038e-02
0: MPIL CopyToCPU RADIX-6 Dissemination Time: 1.095623e-02
0: MPIL CopyToCPU RADIX-7 Dissemination Time: 1.108813e-02
0: MPIL CopyToCPU RADIX-8 Dissemination Time: 1.478671e-02
0: MPIL CopyToCPU RADIX-9 Dissemination Time: 1.566884e-02
0: MPIL CopyToCPU RADIX-10 Dissemination Time: 1.682395e-02
0: MPIL CopyToCPU RADIX-11 Dissemination Time: 1.715742e-02
0: MPIL CopyToCPU RADIX-12 Dissemination Time: 1.811237e-02
0: MPIL CopyToCPU RADIX-13 Dissemination Time: 1.926983e-02
0: MPIL CopyToCPU RADIX-14 Dissemination Time: 2.041969e-02
