0: Testing Size 1
0: PMPI Allreduce Time: 7.261051e-06
0: MPIL GPU-Aware Recursive Doubling Time: 7.245273e-06
0: MPIL GPU-Aware Node-Aware Dissemination Time: 1.560681e-05
0: MPIL GPU-Aware NUMA-Aware Dissemination Time: 2.543646e-05
0: CopyToCPU PMPI Allreduce Time: 7.370478e-06
0: MPIL CopyToCPU Recursive Doubling Time: 7.321593e-06
0: MPIL CopyToCPU Node-Aware Dissemination Time: 1.018811e-05
0: MPIL CopyToCPU NUMA-Aware Dissemination Time: 7.858061e-06
0: MPIL CopyToCPU RADIX-3 Dissemination Time: 1.042699e-05
0: MPIL CopyToCPU RADIX-4 Dissemination Time: 9.148795e-06
0: MPIL CopyToCPU RADIX-5 Dissemination Time: 1.164761e-05
0: MPIL CopyToCPU RADIX-6 Dissemination Time: 1.227180e-05
0: MPIL CopyToCPU RADIX-7 Dissemination Time: 1.258216e-05
0: MPIL CopyToCPU RADIX-8 Dissemination Time: 1.111924e-05
0: MPIL CopyToCPU RADIX-9 Dissemination Time: 1.111948e-05
0: MPIL CopyToCPU RADIX-10 Dissemination Time: 1.110299e-05
0: MPIL CopyToCPU RADIX-11 Dissemination Time: 1.113582e-05
0: MPIL CopyToCPU RADIX-12 Dissemination Time: 1.119953e-05
0: MPIL CopyToCPU RADIX-13 Dissemination Time: 1.117343e-05
0: MPIL CopyToCPU RADIX-14 Dissemination Time: 1.122428e-05
0: Testing Size 2
0: PMPI Allreduce Time: 7.483812e-06
0: MPIL GPU-Aware Recursive Doubling Time: 7.535565e-06
0: MPIL GPU-Aware Node-Aware Dissemination Time: 1.622039e-05
0: MPIL GPU-Aware NUMA-Aware Dissemination Time: 2.582006e-05
0: CopyToCPU PMPI Allreduce Time: 7.470269e-06
0: MPIL CopyToCPU Recursive Doubling Time: 8.622191e-06
0: MPIL CopyToCPU Node-Aware Dissemination Time: 1.020260e-05
0: MPIL CopyToCPU NUMA-Aware Dissemination Time: 8.530742e-06
0: MPIL CopyToCPU RADIX-3 Dissemination Time: 1.091349e-05
0: MPIL CopyToCPU RADIX-4 Dissemination Time: 9.919010e-06
0: MPIL CopyToCPU RADIX-5 Dissemination Time: 1.220231e-05
0: MPIL CopyToCPU RADIX-6 Dissemination Time: 1.294800e-05
0: MPIL CopyToCPU RADIX-7 Dissemination Time: 1.312090e-05
0: MPIL CopyToCPU RADIX-8 Dissemination Time: 1.223560e-05
0: MPIL CopyToCPU RADIX-9 Dissemination Time: 1.227969e-05
0: MPIL CopyToCPU RADIX-10 Dissemination Time: 1.225481e-05
0: MPIL CopyToCPU RADIX-11 Dissemination Time: 1.221931e-05
0: MPIL CopyToCPU RADIX-12 Dissemination Time: 1.222757e-05
0: MPIL CopyToCPU RADIX-13 Dissemination Time: 1.217732e-05
0: MPIL CopyToCPU RADIX-14 Dissemination Time: 1.225295e-05
0: Testing Size 4
0: PMPI Allreduce Time: 7.522846e-06
0: MPIL GPU-Aware Recursive Doubling Time: 7.569996e-06
0: MPIL GPU-Aware Node-Aware Dissemination Time: 1.626284e-05
0: MPIL GPU-Aware NUMA-Aware Dissemination Time: 2.556013e-05
0: CopyToCPU PMPI Allreduce Time: 7.343162e-06
0: MPIL CopyToCPU Recursive Doubling Time: 8.544494e-06
0: MPIL CopyToCPU Node-Aware Dissemination Time: 1.015833e-05
0: MPIL CopyToCPU NUMA-Aware Dissemination Time: 8.501733e-06
0: MPIL CopyToCPU RADIX-3 Dissemination Time: 1.101412e-05
0: MPIL CopyToCPU RADIX-4 Dissemination Time: 9.937356e-06
0: MPIL CopyToCPU RADIX-5 Dissemination Time: 1.223745e-05
0: MPIL CopyToCPU RADIX-6 Dissemination Time: 1.294785e-05
0: MPIL CopyToCPU RADIX-7 Dissemination Time: 1.302527e-05
0: MPIL CopyToCPU RADIX-8 Dissemination Time: 1.222194e-05
0: MPIL CopyToCPU RADIX-9 Dissemination Time: 1.221813e-05
0: MPIL CopyToCPU RADIX-10 Dissemination Time: 1.220547e-05
0: MPIL CopyToCPU RADIX-11 Dissemination Time: 1.220805e-05
0: MPIL CopyToCPU RADIX-12 Dissemination Time: 1.221674e-05
0: MPIL CopyToCPU RADIX-13 Dissemination Time: 1.221680e-05
0: MPIL CopyToCPU RADIX-14 Dissemination Time: 1.221164e-05
0: Testing Size 8
0: PMPI Allreduce Time: 7.519824e-06
0: MPIL GPU-Aware Recursive Doubling Time: 7.501730e-06
0: MPIL GPU-Aware Node-Aware Dissemination Time: 1.629243e-05
0: MPIL GPU-Aware NUMA-Aware Dissemination Time: 2.589891e-05
0: CopyToCPU PMPI Allreduce Time: 7.323310e-06
0: MPIL CopyToCPU Recursive Doubling Time: 8.549859e-06
0: MPIL CopyToCPU Node-Aware Dissemination Time: 1.020768e-05
0: MPIL CopyToCPU NUMA-Aware Dissemination Time: 8.548124e-06
0: MPIL CopyToCPU RADIX-3 Dissemination Time: 1.088737e-05
0: MPIL CopyToCPU RADIX-4 Dissemination Time: 1.000330e-05
0: MPIL CopyToCPU RADIX-5 Dissemination Time: 1.218511e-05
0: MPIL CopyToCPU RADIX-6 Dissemination Time: 1.290166e-05
0: MPIL CopyToCPU RADIX-7 Dissemination Time: 1.319305e-05
0: MPIL CopyToCPU RADIX-8 Dissemination Time: 1.237857e-05
0: MPIL CopyToCPU RADIX-9 Dissemination Time: 1.245754e-05
0: MPIL CopyToCPU RADIX-10 Dissemination Time: 1.239912e-05
0: MPIL CopyToCPU RADIX-11 Dissemination Time: 1.248072e-05
0: MPIL CopyToCPU RADIX-12 Dissemination Time: 1.245487e-05
0: MPIL CopyToCPU RADIX-13 Dissemination Time: 1.244943e-05
0: MPIL CopyToCPU RADIX-14 Dissemination Time: 1.245105e-05
0: Testing Size 16
0: PMPI Allreduce Time: 8.116002e-06
0: MPIL GPU-Aware Recursive Doubling Time: 8.134192e-06
0: MPIL GPU-Aware Node-Aware Dissemination Time: 1.642506e-05
0: MPIL GPU-Aware NUMA-Aware Dissemination Time: 2.743794e-05
0: CopyToCPU PMPI Allreduce Time: 7.894900e-06
0: MPIL CopyToCPU Recursive Doubling Time: 1.484457e-05
0: MPIL CopyToCPU Node-Aware Dissemination Time: 1.073211e-05
0: MPIL CopyToCPU NUMA-Aware Dissemination Time: 1.135446e-05
0: MPIL CopyToCPU RADIX-3 Dissemination Time: 1.433782e-05
0: MPIL CopyToCPU RADIX-4 Dissemination Time: 1.198881e-05
0: MPIL CopyToCPU RADIX-5 Dissemination Time: 1.562785e-05
0: MPIL CopyToCPU RADIX-6 Dissemination Time: 1.626568e-05
0: MPIL CopyToCPU RADIX-7 Dissemination Time: 1.642058e-05
0: MPIL CopyToCPU RADIX-8 Dissemination Time: 1.576986e-05
0: MPIL CopyToCPU RADIX-9 Dissemination Time: 1.595888e-05
0: MPIL CopyToCPU RADIX-10 Dissemination Time: 1.594327e-05
0: MPIL CopyToCPU RADIX-11 Dissemination Time: 1.594674e-05
0: MPIL CopyToCPU RADIX-12 Dissemination Time: 1.589052e-05
0: MPIL CopyToCPU RADIX-13 Dissemination Time: 1.590624e-05
0: MPIL CopyToCPU RADIX-14 Dissemination Time: 1.593914e-05
0: Testing Size 32
0: PMPI Allreduce Time: 1.333891e-05
0: MPIL GPU-Aware Recursive Doubling Time: 1.356485e-05
0: MPIL GPU-Aware Node-Aware Dissemination Time: 2.465431e-05
0: MPIL GPU-Aware NUMA-Aware Dissemination Time: 2.878229e-05
0: CopyToCPU PMPI Allreduce Time: 8.973438e-06
0: MPIL CopyToCPU Recursive Doubling Time: 1.539611e-05
0: MPIL CopyToCPU Node-Aware Dissemination Time: 1.227465e-05
0: MPIL CopyToCPU NUMA-Aware Dissemination Time: 1.388926e-05
0: MPIL CopyToCPU RADIX-3 Dissemination Time: 1.876184e-05
0: MPIL CopyToCPU RADIX-4 Dissemination Time: 1.305544e-05
0: MPIL CopyToCPU RADIX-5 Dissemination Time: 1.912595e-05
0: MPIL CopyToCPU RADIX-6 Dissemination Time: 2.034558e-05
0: MPIL CopyToCPU RADIX-7 Dissemination Time: 2.071326e-05
0: MPIL CopyToCPU RADIX-8 Dissemination Time: 1.720648e-05
0: MPIL CopyToCPU RADIX-9 Dissemination Time: 1.717135e-05
0: MPIL CopyToCPU RADIX-10 Dissemination Time: 1.707817e-05
0: MPIL CopyToCPU RADIX-11 Dissemination Time: 1.719277e-05
0: MPIL CopyToCPU RADIX-12 Dissemination Time: 1.714606e-05
0: MPIL CopyToCPU RADIX-13 Dissemination Time: 1.715610e-05
0: MPIL CopyToCPU RADIX-14 Dissemination Time: 1.711407e-05
0: Testing Size 64
0: PMPI Allreduce Time: 1.470708e-05
0: MPIL GPU-Aware Recursive Doubling Time: 1.469094e-05
0: MPIL GPU-Aware Node-Aware Dissemination Time: 3.149102e-05
0: MPIL GPU-Aware NUMA-Aware Dissemination Time: 2.970588e-05
0: CopyToCPU PMPI Allreduce Time: 1.440783e-05
0: MPIL CopyToCPU Recursive Doubling Time: 1.749729e-05
0: MPIL CopyToCPU Node-Aware Dissemination Time: 2.506603e-05
0: MPIL CopyToCPU NUMA-Aware Dissemination Time: 1.422322e-05
0: MPIL CopyToCPU RADIX-3 Dissemination Time: 2.051929e-05
0: MPIL CopyToCPU RADIX-4 Dissemination Time: 1.434708e-05
0: MPIL CopyToCPU RADIX-5 Dissemination Time: 2.170223e-05
0: MPIL CopyToCPU RADIX-6 Dissemination Time: 2.283000e-05
0: MPIL CopyToCPU RADIX-7 Dissemination Time: 2.380321e-05
0: MPIL CopyToCPU RADIX-8 Dissemination Time: 1.912673e-05
0: MPIL CopyToCPU RADIX-9 Dissemination Time: 1.917262e-05
0: MPIL CopyToCPU RADIX-10 Dissemination Time: 1.910929e-05
0: MPIL CopyToCPU RADIX-11 Dissemination Time: 1.920544e-05
0: MPIL CopyToCPU RADIX-12 Dissemination Time: 1.918458e-05
0: MPIL CopyToCPU RADIX-13 Dissemination Time: 1.919606e-05
0: MPIL CopyToCPU RADIX-14 Dissemination Time: 1.917069e-05
0: Testing Size 128
0: PMPI Allreduce Time: 1.808612e-05
0: MPIL GPU-Aware Recursive Doubling Time: 1.821371e-05
0: MPIL GPU-Aware Node-Aware Dissemination Time: 4.077701e-05
0: MPIL GPU-Aware NUMA-Aware Dissemination Time: 4.379477e-05
0: CopyToCPU PMPI Allreduce Time: 1.769852e-05
0: MPIL CopyToCPU Recursive Doubling Time: 2.138165e-05
0: MPIL CopyToCPU Node-Aware Dissemination Time: 3.388013e-05
0: MPIL CopyToCPU NUMA-Aware Dissemination Time: 1.936192e-05
0: MPIL CopyToCPU RADIX-3 Dissemination Time: 2.375509e-05
0: MPIL CopyToCPU RADIX-4 Dissemination Time: 1.857618e-05
0: MPIL CopyToCPU RADIX-5 Dissemination Time: 2.633833e-05
0: MPIL CopyToCPU RADIX-6 Dissemination Time: 2.789087e-05
0: MPIL CopyToCPU RADIX-7 Dissemination Time: 2.837770e-05
0: MPIL CopyToCPU RADIX-8 Dissemination Time: 2.521378e-05
0: MPIL CopyToCPU RADIX-9 Dissemination Time: 2.527759e-05
0: MPIL CopyToCPU RADIX-10 Dissemination Time: 2.571163e-05
0: MPIL CopyToCPU RADIX-11 Dissemination Time: 2.526339e-05
0: MPIL CopyToCPU RADIX-12 Dissemination Time: 2.523795e-05
0: MPIL CopyToCPU RADIX-13 Dissemination Time: 2.552878e-05
0: MPIL CopyToCPU RADIX-14 Dissemination Time: 2.578858e-05
0: Testing Size 256
0: PMPI Allreduce Time: 2.189873e-05
0: MPIL GPU-Aware Recursive Doubling Time: 2.205803e-05
0: MPIL GPU-Aware Node-Aware Dissemination Time: 4.763389e-05
0: MPIL GPU-Aware NUMA-Aware Dissemination Time: 4.839189e-05
0: CopyToCPU PMPI Allreduce Time: 2.172433e-05
0: MPIL CopyToCPU Recursive Doubling Time: 2.518722e-05
0: MPIL CopyToCPU Node-Aware Dissemination Time: 4.162431e-05
0: MPIL CopyToCPU NUMA-Aware Dissemination Time: 2.403741e-05
0: MPIL CopyToCPU RADIX-3 Dissemination Time: 2.706860e-05
0: MPIL CopyToCPU RADIX-4 Dissemination Time: 2.148421e-05
0: MPIL CopyToCPU RADIX-5 Dissemination Time: 2.997450e-05
0: MPIL CopyToCPU RADIX-6 Dissemination Time: 3.177342e-05
0: MPIL CopyToCPU RADIX-7 Dissemination Time: 3.215216e-05
0: MPIL CopyToCPU RADIX-8 Dissemination Time: 2.888648e-05
0: MPIL CopyToCPU RADIX-9 Dissemination Time: 2.880077e-05
0: MPIL CopyToCPU RADIX-10 Dissemination Time: 2.883211e-05
0: MPIL CopyToCPU RADIX-11 Dissemination Time: 2.887641e-05
0: MPIL CopyToCPU RADIX-12 Dissemination Time: 2.878401e-05
0: MPIL CopyToCPU RADIX-13 Dissemination Time: 2.881414e-05
0: MPIL CopyToCPU RADIX-14 Dissemination Time: 2.885462e-05
0: Testing Size 512
0: PMPI Allreduce Time: 2.810852e-05
0: MPIL GPU-Aware Recursive Doubling Time: 2.828904e-05
0: MPIL GPU-Aware Node-Aware Dissemination Time: 6.007582e-05
0: MPIL GPU-Aware NUMA-Aware Dissemination Time: 5.662282e-05
0: CopyToCPU PMPI Allreduce Time: 2.849945e-05
0: MPIL CopyToCPU Recursive Doubling Time: 3.180082e-05
0: MPIL CopyToCPU Node-Aware Dissemination Time: 5.268390e-05
0: MPIL CopyToCPU NUMA-Aware Dissemination Time: 3.211561e-05
0: MPIL CopyToCPU RADIX-3 Dissemination Time: 3.124912e-05
0: MPIL CopyToCPU RADIX-4 Dissemination Time: 2.586760e-05
0: MPIL CopyToCPU RADIX-5 Dissemination Time: 3.501980e-05
0: MPIL CopyToCPU RADIX-6 Dissemination Time: 3.696031e-05
0: MPIL CopyToCPU RADIX-7 Dissemination Time: 3.749876e-05
0: MPIL CopyToCPU RADIX-8 Dissemination Time: 3.383287e-05
0: MPIL CopyToCPU RADIX-9 Dissemination Time: 3.403801e-05
0: MPIL CopyToCPU RADIX-10 Dissemination Time: 3.386265e-05
0: MPIL CopyToCPU RADIX-11 Dissemination Time: 3.391981e-05
0: MPIL CopyToCPU RADIX-12 Dissemination Time: 3.386080e-05
0: MPIL CopyToCPU RADIX-13 Dissemination Time: 3.384087e-05
0: MPIL CopyToCPU RADIX-14 Dissemination Time: 3.388071e-05
0: Testing Size 1024
0: PMPI Allreduce Time: 6.493854e-05
0: MPIL GPU-Aware Recursive Doubling Time: 6.491204e-05
0: MPIL GPU-Aware Node-Aware Dissemination Time: 2.816137e-04
0: MPIL GPU-Aware NUMA-Aware Dissemination Time: 5.700861e-04
0: CopyToCPU PMPI Allreduce Time: 4.321827e-05
0: MPIL CopyToCPU Recursive Doubling Time: 4.753689e-05
0: MPIL CopyToCPU Node-Aware Dissemination Time: 8.170495e-05
0: MPIL CopyToCPU NUMA-Aware Dissemination Time: 5.188107e-05
0: MPIL CopyToCPU RADIX-3 Dissemination Time: 4.591963e-05
0: MPIL CopyToCPU RADIX-4 Dissemination Time: 3.418659e-05
0: MPIL CopyToCPU RADIX-5 Dissemination Time: 4.705063e-05
0: MPIL CopyToCPU RADIX-6 Dissemination Time: 4.976533e-05
0: MPIL CopyToCPU RADIX-7 Dissemination Time: 5.067267e-05
0: MPIL CopyToCPU RADIX-8 Dissemination Time: 4.661897e-05
0: MPIL CopyToCPU RADIX-9 Dissemination Time: 4.674519e-05
0: MPIL CopyToCPU RADIX-10 Dissemination Time: 4.687822e-05
0: MPIL CopyToCPU RADIX-11 Dissemination Time: 4.681455e-05
0: MPIL CopyToCPU RADIX-12 Dissemination Time: 4.687995e-05
0: MPIL CopyToCPU RADIX-13 Dissemination Time: 4.681680e-05
0: MPIL CopyToCPU RADIX-14 Dissemination Time: 4.705092e-05
0: Testing Size 2048
0: PMPI Allreduce Time: 1.087368e-04
0: MPIL GPU-Aware Recursive Doubling Time: 1.084822e-04
0: MPIL GPU-Aware Node-Aware Dissemination Time: 4.654081e-04
0: MPIL GPU-Aware NUMA-Aware Dissemination Time: 9.557599e-04
0: CopyToCPU PMPI Allreduce Time: 8.864507e-05
0: MPIL CopyToCPU Recursive Doubling Time: 7.898756e-05
0: MPIL CopyToCPU Node-Aware Dissemination Time: 1.440615e-04
0: MPIL CopyToCPU NUMA-Aware Dissemination Time: 8.279776e-05
0: MPIL CopyToCPU RADIX-3 Dissemination Time: 7.738202e-05
0: MPIL CopyToCPU RADIX-4 Dissemination Time: 5.303942e-05
0: MPIL CopyToCPU RADIX-5 Dissemination Time: 7.074886e-05
0: MPIL CopyToCPU RADIX-6 Dissemination Time: 7.472159e-05
0: MPIL CopyToCPU RADIX-7 Dissemination Time: 7.417387e-05
0: MPIL CopyToCPU RADIX-8 Dissemination Time: 7.060006e-05
0: MPIL CopyToCPU RADIX-9 Dissemination Time: 7.033313e-05
0: MPIL CopyToCPU RADIX-10 Dissemination Time: 7.012879e-05
0: MPIL CopyToCPU RADIX-11 Dissemination Time: 6.998135e-05
0: MPIL CopyToCPU RADIX-12 Dissemination Time: 6.980426e-05
0: MPIL CopyToCPU RADIX-13 Dissemination Time: 6.986021e-05
0: MPIL CopyToCPU RADIX-14 Dissemination Time: 7.071404e-05
0: Testing Size 4096
0: PMPI Allreduce Time: 1.030785e-04
0: MPIL GPU-Aware Recursive Doubling Time: 1.031685e-04
0: MPIL GPU-Aware Node-Aware Dissemination Time: 5.275427e-04
0: MPIL GPU-Aware NUMA-Aware Dissemination Time: 9.501306e-04
0: CopyToCPU PMPI Allreduce Time: 1.448842e-04
0: MPIL CopyToCPU Recursive Doubling Time: 1.374853e-04
0: MPIL CopyToCPU Node-Aware Dissemination Time: 2.311099e-04
0: MPIL CopyToCPU NUMA-Aware Dissemination Time: 1.462626e-04
0: MPIL CopyToCPU RADIX-3 Dissemination Time: 1.386215e-04
0: MPIL CopyToCPU RADIX-4 Dissemination Time: 9.385610e-05
0: MPIL CopyToCPU RADIX-5 Dissemination Time: 1.184196e-04
0: MPIL CopyToCPU RADIX-6 Dissemination Time: 1.270757e-04
0: MPIL CopyToCPU RADIX-7 Dissemination Time: 1.319330e-04
0: MPIL CopyToCPU RADIX-8 Dissemination Time: 1.180652e-04
0: MPIL CopyToCPU RADIX-9 Dissemination Time: 1.185155e-04
0: MPIL CopyToCPU RADIX-10 Dissemination Time: 1.184005e-04
0: MPIL CopyToCPU RADIX-11 Dissemination Time: 1.182368e-04
0: MPIL CopyToCPU RADIX-12 Dissemination Time: 1.182390e-04
0: MPIL CopyToCPU RADIX-13 Dissemination Time: 1.183467e-04
0: MPIL CopyToCPU RADIX-14 Dissemination Time: 1.184423e-04
0: Testing Size 8192
0: PMPI Allreduce Time: 1.066834e-04
0: MPIL GPU-Aware Recursive Doubling Time: 1.067094e-04
0: MPIL GPU-Aware Node-Aware Dissemination Time: 5.343845e-04
0: MPIL GPU-Aware NUMA-Aware Dissemination Time: 1.034897e-03
0: CopyToCPU PMPI Allreduce Time: 2.956722e-04
0: MPIL CopyToCPU Recursive Doubling Time: 2.522798e-04
0: MPIL CopyToCPU Node-Aware Dissemination Time: 4.081421e-04
0: MPIL CopyToCPU NUMA-Aware Dissemination Time: 2.669325e-04
0: MPIL CopyToCPU RADIX-3 Dissemination Time: 2.576717e-04
0: MPIL CopyToCPU RADIX-4 Dissemination Time: 1.672168e-04
0: MPIL CopyToCPU RADIX-5 Dissemination Time: 2.029322e-04
0: MPIL CopyToCPU RADIX-6 Dissemination Time: 2.152929e-04
0: MPIL CopyToCPU RADIX-7 Dissemination Time: 2.252346e-04
0: MPIL CopyToCPU RADIX-8 Dissemination Time: 2.074085e-04
0: MPIL CopyToCPU RADIX-9 Dissemination Time: 2.069593e-04
0: MPIL CopyToCPU RADIX-10 Dissemination Time: 2.072644e-04
0: MPIL CopyToCPU RADIX-11 Dissemination Time: 2.064227e-04
0: MPIL CopyToCPU RADIX-12 Dissemination Time: 2.063746e-04
0: MPIL CopyToCPU RADIX-13 Dissemination Time: 2.062824e-04
0: MPIL CopyToCPU RADIX-14 Dissemination Time: 2.061536e-04
0: Testing Size 16384
0: PMPI Allreduce Time: 1.111282e-04
0: MPIL GPU-Aware Recursive Doubling Time: 1.112335e-04
0: MPIL GPU-Aware Node-Aware Dissemination Time: 8.589051e-04
0: MPIL GPU-Aware NUMA-Aware Dissemination Time: 1.087083e-03
0: CopyToCPU PMPI Allreduce Time: 4.221164e-04
0: MPIL CopyToCPU Recursive Doubling Time: 4.696697e-04
0: MPIL CopyToCPU Node-Aware Dissemination Time: 7.248255e-04
0: MPIL CopyToCPU NUMA-Aware Dissemination Time: 5.064020e-04
0: MPIL CopyToCPU RADIX-3 Dissemination Time: 4.966759e-04
0: MPIL CopyToCPU RADIX-4 Dissemination Time: 3.051238e-04
0: MPIL CopyToCPU RADIX-5 Dissemination Time: 3.627094e-04
0: MPIL CopyToCPU RADIX-6 Dissemination Time: 3.793000e-04
0: MPIL CopyToCPU RADIX-7 Dissemination Time: 3.919074e-04
0: MPIL CopyToCPU RADIX-8 Dissemination Time: 3.640876e-04
0: MPIL CopyToCPU RADIX-9 Dissemination Time: 3.639519e-04
0: MPIL CopyToCPU RADIX-10 Dissemination Time: 3.641400e-04
0: MPIL CopyToCPU RADIX-11 Dissemination Time: 3.640637e-04
0: MPIL CopyToCPU RADIX-12 Dissemination Time: 3.643395e-04
0: MPIL CopyToCPU RADIX-13 Dissemination Time: 3.638182e-04
0: MPIL CopyToCPU RADIX-14 Dissemination Time: 3.643001e-04
0: Testing Size 32768
0: PMPI Allreduce Time: 1.206097e-04
0: MPIL GPU-Aware Recursive Doubling Time: 1.205458e-04
0: MPIL GPU-Aware Node-Aware Dissemination Time: 2.653880e-03
0: MPIL GPU-Aware NUMA-Aware Dissemination Time: 1.327127e-03
0: CopyToCPU PMPI Allreduce Time: 7.854612e-04
0: MPIL CopyToCPU Recursive Doubling Time: 8.999735e-04
0: MPIL CopyToCPU Node-Aware Dissemination Time: 1.367562e-03
0: MPIL CopyToCPU NUMA-Aware Dissemination Time: 9.681232e-04
0: MPIL CopyToCPU RADIX-3 Dissemination Time: 9.488217e-04
0: MPIL CopyToCPU RADIX-4 Dissemination Time: 5.781553e-04
0: MPIL CopyToCPU RADIX-5 Dissemination Time: 6.730400e-04
0: MPIL CopyToCPU RADIX-6 Dissemination Time: 6.981705e-04
0: MPIL CopyToCPU RADIX-7 Dissemination Time: 6.857469e-04
0: MPIL CopyToCPU RADIX-8 Dissemination Time: 6.547317e-04
0: MPIL CopyToCPU RADIX-9 Dissemination Time: 6.549736e-04
0: MPIL CopyToCPU RADIX-10 Dissemination Time: 6.526512e-04
0: MPIL CopyToCPU RADIX-11 Dissemination Time: 6.536680e-04
0: MPIL CopyToCPU RADIX-12 Dissemination Time: 6.549515e-04
0: MPIL CopyToCPU RADIX-13 Dissemination Time: 6.531995e-04
0: MPIL CopyToCPU RADIX-14 Dissemination Time: 6.572098e-04
0: Testing Size 65536
0: PMPI Allreduce Time: 1.353471e-04
0: MPIL GPU-Aware Recursive Doubling Time: 1.356131e-04
0: MPIL GPU-Aware Node-Aware Dissemination Time: 2.939492e-03
0: MPIL GPU-Aware NUMA-Aware Dissemination Time: 1.704393e-03
0: CopyToCPU PMPI Allreduce Time: 1.535350e-03
0: MPIL CopyToCPU Recursive Doubling Time: 1.734720e-03
0: MPIL CopyToCPU Node-Aware Dissemination Time: 2.653974e-03
0: MPIL CopyToCPU NUMA-Aware Dissemination Time: 1.874447e-03
0: MPIL CopyToCPU RADIX-3 Dissemination Time: 1.815237e-03
0: MPIL CopyToCPU RADIX-4 Dissemination Time: 1.135056e-03
0: MPIL CopyToCPU RADIX-5 Dissemination Time: 1.252080e-03
0: MPIL CopyToCPU RADIX-6 Dissemination Time: 1.278469e-03
0: MPIL CopyToCPU RADIX-7 Dissemination Time: 1.295899e-03
0: MPIL CopyToCPU RADIX-8 Dissemination Time: 1.257459e-03
0: MPIL CopyToCPU RADIX-9 Dissemination Time: 1.255708e-03
0: MPIL CopyToCPU RADIX-10 Dissemination Time: 1.256539e-03
0: MPIL CopyToCPU RADIX-11 Dissemination Time: 1.259437e-03
0: MPIL CopyToCPU RADIX-12 Dissemination Time: 1.255527e-03
0: MPIL CopyToCPU RADIX-13 Dissemination Time: 1.257229e-03
0: MPIL CopyToCPU RADIX-14 Dissemination Time: 1.257889e-03
0: Testing Size 131072
0: PMPI Allreduce Time: 1.649825e-04
0: MPIL GPU-Aware Recursive Doubling Time: 1.651677e-04
0: MPIL GPU-Aware Node-Aware Dissemination Time: 4.099142e-03
0: MPIL GPU-Aware NUMA-Aware Dissemination Time: 2.708021e-03
0: CopyToCPU PMPI Allreduce Time: 3.057660e-03
0: MPIL CopyToCPU Recursive Doubling Time: 3.132366e-03
0: MPIL CopyToCPU Node-Aware Dissemination Time: 5.616911e-03
0: MPIL CopyToCPU NUMA-Aware Dissemination Time: 3.667427e-03
0: MPIL CopyToCPU RADIX-3 Dissemination Time: 3.387374e-03
0: MPIL CopyToCPU RADIX-4 Dissemination Time: 2.086793e-03
0: MPIL CopyToCPU RADIX-5 Dissemination Time: 2.323086e-03
0: MPIL CopyToCPU RADIX-6 Dissemination Time: 2.437713e-03
0: MPIL CopyToCPU RADIX-7 Dissemination Time: 2.501450e-03
0: MPIL CopyToCPU RADIX-8 Dissemination Time: 2.438554e-03
0: MPIL CopyToCPU RADIX-9 Dissemination Time: 2.436851e-03
0: MPIL CopyToCPU RADIX-10 Dissemination Time: 2.435492e-03
0: MPIL CopyToCPU RADIX-11 Dissemination Time: 2.434878e-03
0: MPIL CopyToCPU RADIX-12 Dissemination Time: 2.431213e-03
0: MPIL CopyToCPU RADIX-13 Dissemination Time: 2.429849e-03
0: MPIL CopyToCPU RADIX-14 Dissemination Time: 2.433333e-03
0: Testing Size 262144
0: PMPI Allreduce Time: 2.049845e-04
0: MPIL GPU-Aware Recursive Doubling Time: 2.051008e-04
0: MPIL GPU-Aware Node-Aware Dissemination Time: 6.319260e-03
0: MPIL GPU-Aware NUMA-Aware Dissemination Time: 4.897738e-03
0: CopyToCPU PMPI Allreduce Time: 6.059917e-03
0: MPIL CopyToCPU Recursive Doubling Time: 6.264401e-03
0: MPIL CopyToCPU Node-Aware Dissemination Time: 1.054882e-02
0: MPIL CopyToCPU NUMA-Aware Dissemination Time: 6.920012e-03
0: MPIL CopyToCPU RADIX-3 Dissemination Time: 6.799605e-03
0: MPIL CopyToCPU RADIX-4 Dissemination Time: 4.168857e-03
0: MPIL CopyToCPU RADIX-5 Dissemination Time: 4.625622e-03
0: MPIL CopyToCPU RADIX-6 Dissemination Time: 4.820722e-03
0: MPIL CopyToCPU RADIX-7 Dissemination Time: 4.949814e-03
0: MPIL CopyToCPU RADIX-8 Dissemination Time: 4.808364e-03
0: MPIL CopyToCPU RADIX-9 Dissemination Time: 4.811872e-03
0: MPIL CopyToCPU RADIX-10 Dissemination Time: 4.819454e-03
0: MPIL CopyToCPU RADIX-11 Dissemination Time: 4.811401e-03
0: MPIL CopyToCPU RADIX-12 Dissemination Time: 4.812130e-03
0: MPIL CopyToCPU RADIX-13 Dissemination Time: 4.818348e-03
0: MPIL CopyToCPU RADIX-14 Dissemination Time: 4.822998e-03
0: Testing Size 524288
0: PMPI Allreduce Time: 2.963019e-04
0: MPIL GPU-Aware Recursive Doubling Time: 2.962944e-04
0: MPIL GPU-Aware Node-Aware Dissemination Time: 1.019455e-02
0: MPIL GPU-Aware NUMA-Aware Dissemination Time: 8.269001e-03
0: CopyToCPU PMPI Allreduce Time: 1.151831e-02
0: MPIL CopyToCPU Recursive Doubling Time: 1.251624e-02
0: MPIL CopyToCPU Node-Aware Dissemination Time: 1.981351e-02
0: MPIL CopyToCPU NUMA-Aware Dissemination Time: 1.355036e-02
0: MPIL CopyToCPU RADIX-3 Dissemination Time: 1.352077e-02
0: MPIL CopyToCPU RADIX-4 Dissemination Time: 8.155263e-03
0: MPIL CopyToCPU RADIX-5 Dissemination Time: 9.697176e-03
0: MPIL CopyToCPU RADIX-6 Dissemination Time: 1.005806e-02
0: MPIL CopyToCPU RADIX-7 Dissemination Time: 1.042159e-02
0: MPIL CopyToCPU RADIX-8 Dissemination Time: 1.370804e-02
0: MPIL CopyToCPU RADIX-9 Dissemination Time: 1.365881e-02
0: MPIL CopyToCPU RADIX-10 Dissemination Time: 1.365023e-02
0: MPIL CopyToCPU RADIX-11 Dissemination Time: 1.365022e-02
0: MPIL CopyToCPU RADIX-12 Dissemination Time: 1.364322e-02
0: MPIL CopyToCPU RADIX-13 Dissemination Time: 1.364813e-02
0: MPIL CopyToCPU RADIX-14 Dissemination Time: 1.369208e-02
