0: Testing Size 1
0: PMPI Allreduce Time: 2.361931e-05
0: MPIL GPU-Aware Recursive Doubling Time: 2.368559e-05
0: MPIL GPU-Aware Node-Aware Dissemination Time: 4.953742e-05
0: MPIL GPU-Aware NUMA-Aware Dissemination Time: 6.663852e-05
0: CopyToCPU PMPI Allreduce Time: 2.320274e-05
0: MPIL CopyToCPU Recursive Doubling Time: 2.386550e-05
0: MPIL CopyToCPU Node-Aware Dissemination Time: 2.996403e-05
0: MPIL CopyToCPU NUMA-Aware Dissemination Time: 2.388860e-05
0: MPIL CopyToCPU RADIX-3 Dissemination Time: 2.615929e-05
0: MPIL CopyToCPU RADIX-4 Dissemination Time: 2.128489e-05
0: MPIL CopyToCPU RADIX-5 Dissemination Time: 2.405565e-05
0: MPIL CopyToCPU RADIX-6 Dissemination Time: 2.716828e-05
0: MPIL CopyToCPU RADIX-7 Dissemination Time: 2.772920e-05
0: MPIL CopyToCPU RADIX-8 Dissemination Time: 2.316363e-05
0: MPIL CopyToCPU RADIX-9 Dissemination Time: 2.780025e-05
0: MPIL CopyToCPU RADIX-10 Dissemination Time: 3.007418e-05
0: MPIL CopyToCPU RADIX-11 Dissemination Time: 3.215655e-05
0: MPIL CopyToCPU RADIX-12 Dissemination Time: 3.147110e-05
0: MPIL CopyToCPU RADIX-13 Dissemination Time: 3.202853e-05
0: MPIL CopyToCPU RADIX-14 Dissemination Time: 3.153810e-05
0: Testing Size 2
0: PMPI Allreduce Time: 2.341147e-05
0: MPIL GPU-Aware Recursive Doubling Time: 2.336244e-05
0: MPIL GPU-Aware Node-Aware Dissemination Time: 4.839843e-05
0: MPIL GPU-Aware NUMA-Aware Dissemination Time: 6.665837e-05
0: CopyToCPU PMPI Allreduce Time: 2.331512e-05
0: MPIL CopyToCPU Recursive Doubling Time: 2.553305e-05
0: MPIL CopyToCPU Node-Aware Dissemination Time: 2.992260e-05
0: MPIL CopyToCPU NUMA-Aware Dissemination Time: 2.459127e-05
0: MPIL CopyToCPU RADIX-3 Dissemination Time: 2.714024e-05
0: MPIL CopyToCPU RADIX-4 Dissemination Time: 2.238768e-05
0: MPIL CopyToCPU RADIX-5 Dissemination Time: 2.483180e-05
0: MPIL CopyToCPU RADIX-6 Dissemination Time: 2.783635e-05
0: MPIL CopyToCPU RADIX-7 Dissemination Time: 2.833816e-05
0: MPIL CopyToCPU RADIX-8 Dissemination Time: 2.391607e-05
0: MPIL CopyToCPU RADIX-9 Dissemination Time: 2.807603e-05
0: MPIL CopyToCPU RADIX-10 Dissemination Time: 2.998918e-05
0: MPIL CopyToCPU RADIX-11 Dissemination Time: 3.080159e-05
0: MPIL CopyToCPU RADIX-12 Dissemination Time: 3.114924e-05
0: MPIL CopyToCPU RADIX-13 Dissemination Time: 3.119759e-05
0: MPIL CopyToCPU RADIX-14 Dissemination Time: 2.989324e-05
0: Testing Size 4
0: PMPI Allreduce Time: 2.336258e-05
0: MPIL GPU-Aware Recursive Doubling Time: 2.336892e-05
0: MPIL GPU-Aware Node-Aware Dissemination Time: 4.821779e-05
0: MPIL GPU-Aware NUMA-Aware Dissemination Time: 6.651071e-05
0: CopyToCPU PMPI Allreduce Time: 2.317054e-05
0: MPIL CopyToCPU Recursive Doubling Time: 2.492212e-05
0: MPIL CopyToCPU Node-Aware Dissemination Time: 3.012880e-05
0: MPIL CopyToCPU NUMA-Aware Dissemination Time: 2.454213e-05
0: MPIL CopyToCPU RADIX-3 Dissemination Time: 2.700462e-05
0: MPIL CopyToCPU RADIX-4 Dissemination Time: 2.215907e-05
0: MPIL CopyToCPU RADIX-5 Dissemination Time: 2.457388e-05
0: MPIL CopyToCPU RADIX-6 Dissemination Time: 2.774143e-05
0: MPIL CopyToCPU RADIX-7 Dissemination Time: 2.831234e-05
0: MPIL CopyToCPU RADIX-8 Dissemination Time: 2.397993e-05
0: MPIL CopyToCPU RADIX-9 Dissemination Time: 2.795548e-05
0: MPIL CopyToCPU RADIX-10 Dissemination Time: 3.005086e-05
0: MPIL CopyToCPU RADIX-11 Dissemination Time: 3.088557e-05
0: MPIL CopyToCPU RADIX-12 Dissemination Time: 3.137342e-05
0: MPIL CopyToCPU RADIX-13 Dissemination Time: 3.142587e-05
0: MPIL CopyToCPU RADIX-14 Dissemination Time: 3.008057e-05
0: Testing Size 8
0: PMPI Allreduce Time: 2.337856e-05
0: MPIL GPU-Aware Recursive Doubling Time: 2.338885e-05
0: MPIL GPU-Aware Node-Aware Dissemination Time: 4.829813e-05
0: MPIL GPU-Aware NUMA-Aware Dissemination Time: 6.658095e-05
0: CopyToCPU PMPI Allreduce Time: 2.314732e-05
0: MPIL CopyToCPU Recursive Doubling Time: 2.502509e-05
0: MPIL CopyToCPU Node-Aware Dissemination Time: 3.006736e-05
0: MPIL CopyToCPU NUMA-Aware Dissemination Time: 2.455782e-05
0: MPIL CopyToCPU RADIX-3 Dissemination Time: 2.717406e-05
0: MPIL CopyToCPU RADIX-4 Dissemination Time: 2.246073e-05
0: MPIL CopyToCPU RADIX-5 Dissemination Time: 2.505447e-05
0: MPIL CopyToCPU RADIX-6 Dissemination Time: 2.802937e-05
0: MPIL CopyToCPU RADIX-7 Dissemination Time: 2.875907e-05
0: MPIL CopyToCPU RADIX-8 Dissemination Time: 2.418782e-05
0: MPIL CopyToCPU RADIX-9 Dissemination Time: 2.856594e-05
0: MPIL CopyToCPU RADIX-10 Dissemination Time: 3.048584e-05
0: MPIL CopyToCPU RADIX-11 Dissemination Time: 3.177788e-05
0: MPIL CopyToCPU RADIX-12 Dissemination Time: 3.186046e-05
0: MPIL CopyToCPU RADIX-13 Dissemination Time: 3.189104e-05
0: MPIL CopyToCPU RADIX-14 Dissemination Time: 3.053677e-05
0: Testing Size 16
0: PMPI Allreduce Time: 2.519510e-05
0: MPIL GPU-Aware Recursive Doubling Time: 2.522544e-05
0: MPIL GPU-Aware Node-Aware Dissemination Time: 5.064262e-05
0: MPIL GPU-Aware NUMA-Aware Dissemination Time: 6.927414e-05
0: CopyToCPU PMPI Allreduce Time: 2.505846e-05
0: MPIL CopyToCPU Recursive Doubling Time: 3.222060e-05
0: MPIL CopyToCPU Node-Aware Dissemination Time: 3.229142e-05
0: MPIL CopyToCPU NUMA-Aware Dissemination Time: 2.870628e-05
0: MPIL CopyToCPU RADIX-3 Dissemination Time: 3.031111e-05
0: MPIL CopyToCPU RADIX-4 Dissemination Time: 2.546321e-05
0: MPIL CopyToCPU RADIX-5 Dissemination Time: 2.704096e-05
0: MPIL CopyToCPU RADIX-6 Dissemination Time: 3.039942e-05
0: MPIL CopyToCPU RADIX-7 Dissemination Time: 3.163694e-05
0: MPIL CopyToCPU RADIX-8 Dissemination Time: 2.704835e-05
0: MPIL CopyToCPU RADIX-9 Dissemination Time: 3.142338e-05
0: MPIL CopyToCPU RADIX-10 Dissemination Time: 3.301854e-05
0: MPIL CopyToCPU RADIX-11 Dissemination Time: 3.374952e-05
0: MPIL CopyToCPU RADIX-12 Dissemination Time: 3.423260e-05
0: MPIL CopyToCPU RADIX-13 Dissemination Time: 3.424426e-05
0: MPIL CopyToCPU RADIX-14 Dissemination Time: 3.264880e-05
0: Testing Size 32
0: PMPI Allreduce Time: 3.952391e-05
0: MPIL GPU-Aware Recursive Doubling Time: 3.959309e-05
0: MPIL GPU-Aware Node-Aware Dissemination Time: 6.105178e-05
0: MPIL GPU-Aware NUMA-Aware Dissemination Time: 8.246115e-05
0: CopyToCPU PMPI Allreduce Time: 3.495514e-05
0: MPIL CopyToCPU Recursive Doubling Time: 4.162626e-05
0: MPIL CopyToCPU Node-Aware Dissemination Time: 3.766846e-05
0: MPIL CopyToCPU NUMA-Aware Dissemination Time: 4.536841e-05
0: MPIL CopyToCPU RADIX-3 Dissemination Time: 4.155729e-05
0: MPIL CopyToCPU RADIX-4 Dissemination Time: 3.506767e-05
0: MPIL CopyToCPU RADIX-5 Dissemination Time: 3.972368e-05
0: MPIL CopyToCPU RADIX-6 Dissemination Time: 4.022295e-05
0: MPIL CopyToCPU RADIX-7 Dissemination Time: 4.106526e-05
0: MPIL CopyToCPU RADIX-8 Dissemination Time: 3.472348e-05
0: MPIL CopyToCPU RADIX-9 Dissemination Time: 3.739925e-05
0: MPIL CopyToCPU RADIX-10 Dissemination Time: 3.877361e-05
0: MPIL CopyToCPU RADIX-11 Dissemination Time: 4.069779e-05
0: MPIL CopyToCPU RADIX-12 Dissemination Time: 4.058340e-05
0: MPIL CopyToCPU RADIX-13 Dissemination Time: 4.081372e-05
0: MPIL CopyToCPU RADIX-14 Dissemination Time: 3.855354e-05
0: Testing Size 64
0: PMPI Allreduce Time: 4.179321e-05
0: MPIL GPU-Aware Recursive Doubling Time: 4.179849e-05
0: MPIL GPU-Aware Node-Aware Dissemination Time: 7.363319e-05
0: MPIL GPU-Aware NUMA-Aware Dissemination Time: 8.288011e-05
0: CopyToCPU PMPI Allreduce Time: 4.130682e-05
0: MPIL CopyToCPU Recursive Doubling Time: 4.392651e-05
0: MPIL CopyToCPU Node-Aware Dissemination Time: 5.539234e-05
0: MPIL CopyToCPU NUMA-Aware Dissemination Time: 4.600879e-05
0: MPIL CopyToCPU RADIX-3 Dissemination Time: 4.303880e-05
0: MPIL CopyToCPU RADIX-4 Dissemination Time: 3.634377e-05
0: MPIL CopyToCPU RADIX-5 Dissemination Time: 4.052185e-05
0: MPIL CopyToCPU RADIX-6 Dissemination Time: 4.138296e-05
0: MPIL CopyToCPU RADIX-7 Dissemination Time: 4.185503e-05
0: MPIL CopyToCPU RADIX-8 Dissemination Time: 3.545424e-05
0: MPIL CopyToCPU RADIX-9 Dissemination Time: 3.877291e-05
0: MPIL CopyToCPU RADIX-10 Dissemination Time: 3.999780e-05
0: MPIL CopyToCPU RADIX-11 Dissemination Time: 4.107296e-05
0: MPIL CopyToCPU RADIX-12 Dissemination Time: 4.185827e-05
0: MPIL CopyToCPU RADIX-13 Dissemination Time: 4.170986e-05
0: MPIL CopyToCPU RADIX-14 Dissemination Time: 3.945305e-05
0: Testing Size 128
0: PMPI Allreduce Time: 4.912597e-05
0: MPIL GPU-Aware Recursive Doubling Time: 4.912271e-05
0: MPIL GPU-Aware Node-Aware Dissemination Time: 9.350002e-05
0: MPIL GPU-Aware NUMA-Aware Dissemination Time: 9.887120e-05
0: CopyToCPU PMPI Allreduce Time: 4.919180e-05
0: MPIL CopyToCPU Recursive Doubling Time: 5.224437e-05
0: MPIL CopyToCPU Node-Aware Dissemination Time: 7.326799e-05
0: MPIL CopyToCPU NUMA-Aware Dissemination Time: 5.087042e-05
0: MPIL CopyToCPU RADIX-3 Dissemination Time: 4.680335e-05
0: MPIL CopyToCPU RADIX-4 Dissemination Time: 4.093621e-05
0: MPIL CopyToCPU RADIX-5 Dissemination Time: 4.442610e-05
0: MPIL CopyToCPU RADIX-6 Dissemination Time: 4.668119e-05
0: MPIL CopyToCPU RADIX-7 Dissemination Time: 4.705288e-05
0: MPIL CopyToCPU RADIX-8 Dissemination Time: 4.055056e-05
0: MPIL CopyToCPU RADIX-9 Dissemination Time: 4.313113e-05
0: MPIL CopyToCPU RADIX-10 Dissemination Time: 4.547703e-05
0: MPIL CopyToCPU RADIX-11 Dissemination Time: 4.744983e-05
0: MPIL CopyToCPU RADIX-12 Dissemination Time: 4.779063e-05
0: MPIL CopyToCPU RADIX-13 Dissemination Time: 4.797365e-05
0: MPIL CopyToCPU RADIX-14 Dissemination Time: 4.707256e-05
0: Testing Size 256
0: PMPI Allreduce Time: 5.334399e-05
0: MPIL GPU-Aware Recursive Doubling Time: 5.331555e-05
0: MPIL GPU-Aware Node-Aware Dissemination Time: 1.037718e-04
0: MPIL GPU-Aware NUMA-Aware Dissemination Time: 1.049537e-04
0: CopyToCPU PMPI Allreduce Time: 5.350609e-05
0: MPIL CopyToCPU Recursive Doubling Time: 5.743477e-05
0: MPIL CopyToCPU Node-Aware Dissemination Time: 8.187708e-05
0: MPIL CopyToCPU NUMA-Aware Dissemination Time: 5.529539e-05
0: MPIL CopyToCPU RADIX-3 Dissemination Time: 5.046528e-05
0: MPIL CopyToCPU RADIX-4 Dissemination Time: 4.525800e-05
0: MPIL CopyToCPU RADIX-5 Dissemination Time: 4.830363e-05
0: MPIL CopyToCPU RADIX-6 Dissemination Time: 4.989467e-05
0: MPIL CopyToCPU RADIX-7 Dissemination Time: 5.054618e-05
0: MPIL CopyToCPU RADIX-8 Dissemination Time: 4.434267e-05
0: MPIL CopyToCPU RADIX-9 Dissemination Time: 4.870030e-05
0: MPIL CopyToCPU RADIX-10 Dissemination Time: 4.950377e-05
0: MPIL CopyToCPU RADIX-11 Dissemination Time: 5.109780e-05
0: MPIL CopyToCPU RADIX-12 Dissemination Time: 5.183348e-05
0: MPIL CopyToCPU RADIX-13 Dissemination Time: 5.201616e-05
0: MPIL CopyToCPU RADIX-14 Dissemination Time: 5.082753e-05
0: Testing Size 512
0: PMPI Allreduce Time: 6.035936e-05
0: MPIL GPU-Aware Recursive Doubling Time: 6.032069e-05
0: MPIL GPU-Aware Node-Aware Dissemination Time: 1.212762e-04
0: MPIL GPU-Aware NUMA-Aware Dissemination Time: 1.149547e-04
0: CopyToCPU PMPI Allreduce Time: 6.128827e-05
0: MPIL CopyToCPU Recursive Doubling Time: 6.572722e-05
0: MPIL CopyToCPU Node-Aware Dissemination Time: 1.008616e-04
0: MPIL CopyToCPU NUMA-Aware Dissemination Time: 6.483163e-05
0: MPIL CopyToCPU RADIX-3 Dissemination Time: 5.970846e-05
0: MPIL CopyToCPU RADIX-4 Dissemination Time: 4.996042e-05
0: MPIL CopyToCPU RADIX-5 Dissemination Time: 5.487148e-05
0: MPIL CopyToCPU RADIX-6 Dissemination Time: 5.595993e-05
0: MPIL CopyToCPU RADIX-7 Dissemination Time: 5.679994e-05
0: MPIL CopyToCPU RADIX-8 Dissemination Time: 5.167743e-05
0: MPIL CopyToCPU RADIX-9 Dissemination Time: 5.464916e-05
0: MPIL CopyToCPU RADIX-10 Dissemination Time: 5.679183e-05
0: MPIL CopyToCPU RADIX-11 Dissemination Time: 5.814413e-05
0: MPIL CopyToCPU RADIX-12 Dissemination Time: 5.999552e-05
0: MPIL CopyToCPU RADIX-13 Dissemination Time: 5.988299e-05
0: MPIL CopyToCPU RADIX-14 Dissemination Time: 5.823937e-05
0: Testing Size 1024
0: PMPI Allreduce Time: 9.859103e-05
0: MPIL GPU-Aware Recursive Doubling Time: 9.833106e-05
0: MPIL GPU-Aware Node-Aware Dissemination Time: 7.296143e-04
0: MPIL GPU-Aware NUMA-Aware Dissemination Time: 2.077872e-03
0: CopyToCPU PMPI Allreduce Time: 7.669846e-05
0: MPIL CopyToCPU Recursive Doubling Time: 8.203048e-05
0: MPIL CopyToCPU Node-Aware Dissemination Time: 1.436629e-04
0: MPIL CopyToCPU NUMA-Aware Dissemination Time: 8.443468e-05
0: MPIL CopyToCPU RADIX-3 Dissemination Time: 7.693934e-05
0: MPIL CopyToCPU RADIX-4 Dissemination Time: 6.189544e-05
0: MPIL CopyToCPU RADIX-5 Dissemination Time: 6.566680e-05
0: MPIL CopyToCPU RADIX-6 Dissemination Time: 6.784818e-05
0: MPIL CopyToCPU RADIX-7 Dissemination Time: 6.908844e-05
0: MPIL CopyToCPU RADIX-8 Dissemination Time: 6.335366e-05
0: MPIL CopyToCPU RADIX-9 Dissemination Time: 6.886855e-05
0: MPIL CopyToCPU RADIX-10 Dissemination Time: 7.088749e-05
0: MPIL CopyToCPU RADIX-11 Dissemination Time: 7.298308e-05
0: MPIL CopyToCPU RADIX-12 Dissemination Time: 7.357196e-05
0: MPIL CopyToCPU RADIX-13 Dissemination Time: 7.513124e-05
0: MPIL CopyToCPU RADIX-14 Dissemination Time: 7.263147e-05
0: Testing Size 2048
0: PMPI Allreduce Time: 2.156892e-04
0: MPIL GPU-Aware Recursive Doubling Time: 2.149131e-04
0: MPIL GPU-Aware Node-Aware Dissemination Time: 1.159778e-03
0: MPIL GPU-Aware NUMA-Aware Dissemination Time: 2.214196e-03
0: CopyToCPU PMPI Allreduce Time: 1.362647e-04
0: MPIL CopyToCPU Recursive Doubling Time: 1.158494e-04
0: MPIL CopyToCPU Node-Aware Dissemination Time: 2.375277e-04
0: MPIL CopyToCPU NUMA-Aware Dissemination Time: 1.203883e-04
0: MPIL CopyToCPU RADIX-3 Dissemination Time: 1.148567e-04
0: MPIL CopyToCPU RADIX-4 Dissemination Time: 8.639734e-05
0: MPIL CopyToCPU RADIX-5 Dissemination Time: 9.126563e-05
0: MPIL CopyToCPU RADIX-6 Dissemination Time: 9.645500e-05
0: MPIL CopyToCPU RADIX-7 Dissemination Time: 9.866203e-05
0: MPIL CopyToCPU RADIX-8 Dissemination Time: 9.147419e-05
0: MPIL CopyToCPU RADIX-9 Dissemination Time: 1.019987e-04
0: MPIL CopyToCPU RADIX-10 Dissemination Time: 1.056327e-04
0: MPIL CopyToCPU RADIX-11 Dissemination Time: 1.074828e-04
0: MPIL CopyToCPU RADIX-12 Dissemination Time: 1.063474e-04
0: MPIL CopyToCPU RADIX-13 Dissemination Time: 1.076924e-04
0: MPIL CopyToCPU RADIX-14 Dissemination Time: 1.078646e-04
0: Testing Size 4096
0: PMPI Allreduce Time: 2.125244e-04
0: MPIL GPU-Aware Recursive Doubling Time: 2.124086e-04
0: MPIL GPU-Aware Node-Aware Dissemination Time: 1.546967e-03
0: MPIL GPU-Aware NUMA-Aware Dissemination Time: 2.287490e-03
0: CopyToCPU PMPI Allreduce Time: 1.892959e-04
0: MPIL CopyToCPU Recursive Doubling Time: 2.079704e-04
0: MPIL CopyToCPU Node-Aware Dissemination Time: 3.850817e-04
0: MPIL CopyToCPU NUMA-Aware Dissemination Time: 2.203175e-04
0: MPIL CopyToCPU RADIX-3 Dissemination Time: 2.160117e-04
0: MPIL CopyToCPU RADIX-4 Dissemination Time: 1.617876e-04
0: MPIL CopyToCPU RADIX-5 Dissemination Time: 1.765638e-04
0: MPIL CopyToCPU RADIX-6 Dissemination Time: 1.796025e-04
0: MPIL CopyToCPU RADIX-7 Dissemination Time: 1.845911e-04
0: MPIL CopyToCPU RADIX-8 Dissemination Time: 1.683217e-04
0: MPIL CopyToCPU RADIX-9 Dissemination Time: 1.871404e-04
0: MPIL CopyToCPU RADIX-10 Dissemination Time: 1.961625e-04
0: MPIL CopyToCPU RADIX-11 Dissemination Time: 2.020795e-04
0: MPIL CopyToCPU RADIX-12 Dissemination Time: 2.008811e-04
0: MPIL CopyToCPU RADIX-13 Dissemination Time: 2.008250e-04
0: MPIL CopyToCPU RADIX-14 Dissemination Time: 2.040999e-04
0: Testing Size 8192
0: PMPI Allreduce Time: 2.165434e-04
0: MPIL GPU-Aware Recursive Doubling Time: 2.166408e-04
0: MPIL GPU-Aware Node-Aware Dissemination Time: 1.375258e-03
0: MPIL GPU-Aware NUMA-Aware Dissemination Time: 2.349819e-03
0: CopyToCPU PMPI Allreduce Time: 3.038731e-04
0: MPIL CopyToCPU Recursive Doubling Time: 3.365124e-04
0: MPIL CopyToCPU Node-Aware Dissemination Time: 6.558895e-04
0: MPIL CopyToCPU NUMA-Aware Dissemination Time: 3.595513e-04
0: MPIL CopyToCPU RADIX-3 Dissemination Time: 3.593862e-04
0: MPIL CopyToCPU RADIX-4 Dissemination Time: 2.559218e-04
0: MPIL CopyToCPU RADIX-5 Dissemination Time: 2.842288e-04
0: MPIL CopyToCPU RADIX-6 Dissemination Time: 2.881587e-04
0: MPIL CopyToCPU RADIX-7 Dissemination Time: 3.021447e-04
0: MPIL CopyToCPU RADIX-8 Dissemination Time: 2.876931e-04
0: MPIL CopyToCPU RADIX-9 Dissemination Time: 3.151320e-04
0: MPIL CopyToCPU RADIX-10 Dissemination Time: 3.298558e-04
0: MPIL CopyToCPU RADIX-11 Dissemination Time: 3.431964e-04
0: MPIL CopyToCPU RADIX-12 Dissemination Time: 3.419306e-04
0: MPIL CopyToCPU RADIX-13 Dissemination Time: 3.445082e-04
0: MPIL CopyToCPU RADIX-14 Dissemination Time: 3.430544e-04
0: Testing Size 16384
0: PMPI Allreduce Time: 2.244749e-04
0: MPIL GPU-Aware Recursive Doubling Time: 2.241088e-04
0: MPIL GPU-Aware Node-Aware Dissemination Time: 1.847922e-03
0: MPIL GPU-Aware NUMA-Aware Dissemination Time: 2.723734e-03
0: CopyToCPU PMPI Allreduce Time: 4.984216e-04
0: MPIL CopyToCPU Recursive Doubling Time: 6.629949e-04
0: MPIL CopyToCPU Node-Aware Dissemination Time: 1.147640e-03
0: MPIL CopyToCPU NUMA-Aware Dissemination Time: 6.342946e-04
0: MPIL CopyToCPU RADIX-3 Dissemination Time: 6.469108e-04
0: MPIL CopyToCPU RADIX-4 Dissemination Time: 4.484673e-04
0: MPIL CopyToCPU RADIX-5 Dissemination Time: 4.999687e-04
0: MPIL CopyToCPU RADIX-6 Dissemination Time: 5.036752e-04
0: MPIL CopyToCPU RADIX-7 Dissemination Time: 5.285726e-04
0: MPIL CopyToCPU RADIX-8 Dissemination Time: 5.272162e-04
0: MPIL CopyToCPU RADIX-9 Dissemination Time: 5.651653e-04
0: MPIL CopyToCPU RADIX-10 Dissemination Time: 5.984904e-04
0: MPIL CopyToCPU RADIX-11 Dissemination Time: 6.249175e-04
0: MPIL CopyToCPU RADIX-12 Dissemination Time: 5.959760e-04
0: MPIL CopyToCPU RADIX-13 Dissemination Time: 6.189964e-04
0: MPIL CopyToCPU RADIX-14 Dissemination Time: 6.117749e-04
0: Testing Size 32768
0: PMPI Allreduce Time: 2.455285e-04
0: MPIL GPU-Aware Recursive Doubling Time: 2.453649e-04
0: MPIL GPU-Aware Node-Aware Dissemination Time: 4.276073e-03
0: MPIL GPU-Aware NUMA-Aware Dissemination Time: 3.480323e-03
0: CopyToCPU PMPI Allreduce Time: 8.944889e-04
0: MPIL CopyToCPU Recursive Doubling Time: 1.084819e-03
0: MPIL CopyToCPU Node-Aware Dissemination Time: 2.140990e-03
0: MPIL CopyToCPU NUMA-Aware Dissemination Time: 1.154008e-03
0: MPIL CopyToCPU RADIX-3 Dissemination Time: 1.211525e-03
0: MPIL CopyToCPU RADIX-4 Dissemination Time: 8.248723e-04
0: MPIL CopyToCPU RADIX-5 Dissemination Time: 9.266784e-04
0: MPIL CopyToCPU RADIX-6 Dissemination Time: 9.386586e-04
0: MPIL CopyToCPU RADIX-7 Dissemination Time: 9.855915e-04
0: MPIL CopyToCPU RADIX-8 Dissemination Time: 9.926255e-04
0: MPIL CopyToCPU RADIX-9 Dissemination Time: 1.070057e-03
0: MPIL CopyToCPU RADIX-10 Dissemination Time: 1.143856e-03
0: MPIL CopyToCPU RADIX-11 Dissemination Time: 1.168186e-03
0: MPIL CopyToCPU RADIX-12 Dissemination Time: 1.118411e-03
0: MPIL CopyToCPU RADIX-13 Dissemination Time: 1.140943e-03
0: MPIL CopyToCPU RADIX-14 Dissemination Time: 1.174362e-03
0: Testing Size 65536
0: PMPI Allreduce Time: 2.779005e-04
0: MPIL GPU-Aware Recursive Doubling Time: 2.774731e-04
0: MPIL GPU-Aware Node-Aware Dissemination Time: 5.556630e-03
0: MPIL GPU-Aware NUMA-Aware Dissemination Time: 5.068469e-03
0: CopyToCPU PMPI Allreduce Time: 1.655726e-03
0: MPIL CopyToCPU Recursive Doubling Time: 2.029258e-03
0: MPIL CopyToCPU Node-Aware Dissemination Time: 4.076843e-03
0: MPIL CopyToCPU NUMA-Aware Dissemination Time: 2.172530e-03
0: MPIL CopyToCPU RADIX-3 Dissemination Time: 2.264163e-03
0: MPIL CopyToCPU RADIX-4 Dissemination Time: 1.621195e-03
0: MPIL CopyToCPU RADIX-5 Dissemination Time: 1.743865e-03
0: MPIL CopyToCPU RADIX-6 Dissemination Time: 1.708191e-03
0: MPIL CopyToCPU RADIX-7 Dissemination Time: 1.719510e-03
0: MPIL CopyToCPU RADIX-8 Dissemination Time: 1.786112e-03
0: MPIL CopyToCPU RADIX-9 Dissemination Time: 1.906964e-03
0: MPIL CopyToCPU RADIX-10 Dissemination Time: 2.016274e-03
0: MPIL CopyToCPU RADIX-11 Dissemination Time: 2.134694e-03
0: MPIL CopyToCPU RADIX-12 Dissemination Time: 2.120167e-03
0: MPIL CopyToCPU RADIX-13 Dissemination Time: 2.148024e-03
0: MPIL CopyToCPU RADIX-14 Dissemination Time: 2.200670e-03
0: Testing Size 131072
0: PMPI Allreduce Time: 3.348397e-04
0: MPIL GPU-Aware Recursive Doubling Time: 3.341460e-04
0: MPIL GPU-Aware Node-Aware Dissemination Time: 9.038859e-03
0: MPIL GPU-Aware NUMA-Aware Dissemination Time: 9.314478e-03
0: CopyToCPU PMPI Allreduce Time: 3.396614e-03
0: MPIL CopyToCPU Recursive Doubling Time: 3.610641e-03
0: MPIL CopyToCPU Node-Aware Dissemination Time: 7.660427e-03
0: MPIL CopyToCPU NUMA-Aware Dissemination Time: 4.084782e-03
0: MPIL CopyToCPU RADIX-3 Dissemination Time: 4.444981e-03
0: MPIL CopyToCPU RADIX-4 Dissemination Time: 2.776936e-03
0: MPIL CopyToCPU RADIX-5 Dissemination Time: 3.024295e-03
0: MPIL CopyToCPU RADIX-6 Dissemination Time: 3.073486e-03
0: MPIL CopyToCPU RADIX-7 Dissemination Time: 3.204446e-03
0: MPIL CopyToCPU RADIX-8 Dissemination Time: 3.342240e-03
0: MPIL CopyToCPU RADIX-9 Dissemination Time: 3.549658e-03
0: MPIL CopyToCPU RADIX-10 Dissemination Time: 3.738044e-03
0: MPIL CopyToCPU RADIX-11 Dissemination Time: 4.026896e-03
0: MPIL CopyToCPU RADIX-12 Dissemination Time: 3.962331e-03
0: MPIL CopyToCPU RADIX-13 Dissemination Time: 3.984797e-03
0: MPIL CopyToCPU RADIX-14 Dissemination Time: 4.112634e-03
0: Testing Size 262144
0: PMPI Allreduce Time: 3.876116e-04
0: MPIL GPU-Aware Recursive Doubling Time: 3.876409e-04
0: MPIL GPU-Aware Node-Aware Dissemination Time: 1.315094e-02
0: MPIL GPU-Aware NUMA-Aware Dissemination Time: 9.441814e-03
0: CopyToCPU PMPI Allreduce Time: 6.595949e-03
0: MPIL CopyToCPU Recursive Doubling Time: 7.138628e-03
0: MPIL CopyToCPU Node-Aware Dissemination Time: 1.415053e-02
0: MPIL CopyToCPU NUMA-Aware Dissemination Time: 7.739747e-03
0: MPIL CopyToCPU RADIX-3 Dissemination Time: 8.190058e-03
0: MPIL CopyToCPU RADIX-4 Dissemination Time: 5.546568e-03
0: MPIL CopyToCPU RADIX-5 Dissemination Time: 6.013995e-03
0: MPIL CopyToCPU RADIX-6 Dissemination Time: 6.094270e-03
0: MPIL CopyToCPU RADIX-7 Dissemination Time: 6.364291e-03
0: MPIL CopyToCPU RADIX-8 Dissemination Time: 6.719349e-03
0: MPIL CopyToCPU RADIX-9 Dissemination Time: 7.101104e-03
0: MPIL CopyToCPU RADIX-10 Dissemination Time: 7.470176e-03
0: MPIL CopyToCPU RADIX-11 Dissemination Time: 8.138830e-03
0: MPIL CopyToCPU RADIX-12 Dissemination Time: 8.078934e-03
0: MPIL CopyToCPU RADIX-13 Dissemination Time: 7.980386e-03
0: MPIL CopyToCPU RADIX-14 Dissemination Time: 8.242352e-03
0: Testing Size 524288
0: PMPI Allreduce Time: 4.995099e-04
0: MPIL GPU-Aware Recursive Doubling Time: 4.994851e-04
0: MPIL GPU-Aware Node-Aware Dissemination Time: 2.498078e-02
0: MPIL GPU-Aware NUMA-Aware Dissemination Time: 2.861960e-02
0: CopyToCPU PMPI Allreduce Time: 1.392016e-02
0: MPIL CopyToCPU Recursive Doubling Time: 1.427682e-02
0: MPIL CopyToCPU Node-Aware Dissemination Time: 2.769586e-02
0: MPIL CopyToCPU NUMA-Aware Dissemination Time: 1.521077e-02
0: MPIL CopyToCPU RADIX-3 Dissemination Time: 1.621506e-02
0: MPIL CopyToCPU RADIX-4 Dissemination Time: 1.119263e-02
0: MPIL CopyToCPU RADIX-5 Dissemination Time: 1.227782e-02
0: MPIL CopyToCPU RADIX-6 Dissemination Time: 1.252231e-02
0: MPIL CopyToCPU RADIX-7 Dissemination Time: 1.304178e-02
0: MPIL CopyToCPU RADIX-8 Dissemination Time: 1.743134e-02
0: MPIL CopyToCPU RADIX-9 Dissemination Time: 1.852269e-02
0: MPIL CopyToCPU RADIX-10 Dissemination Time: 2.002514e-02
0: MPIL CopyToCPU RADIX-11 Dissemination Time: 2.230695e-02
0: MPIL CopyToCPU RADIX-12 Dissemination Time: 2.314100e-02
0: MPIL CopyToCPU RADIX-13 Dissemination Time: 2.282925e-02
0: MPIL CopyToCPU RADIX-14 Dissemination Time: 2.423967e-02
