0: Testing Size 1
0: PMPI Allreduce Time: 2.042954e-05
0: MPIL GPU-Aware Recursive Doubling Time: 2.015780e-05
0: MPIL GPU-Aware Node-Aware Dissemination Time: 4.332437e-05
0: MPIL GPU-Aware NUMA-Aware Dissemination Time: 5.748576e-05
0: CopyToCPU PMPI Allreduce Time: 2.049366e-05
0: MPIL CopyToCPU Recursive Doubling Time: 2.081162e-05
0: MPIL CopyToCPU Node-Aware Dissemination Time: 2.528790e-05
0: MPIL CopyToCPU NUMA-Aware Dissemination Time: 2.102871e-05
0: MPIL CopyToCPU RADIX-3 Dissemination Time: 2.372683e-05
0: MPIL CopyToCPU RADIX-4 Dissemination Time: 1.788521e-05
0: MPIL CopyToCPU RADIX-5 Dissemination Time: 2.341920e-05
0: MPIL CopyToCPU RADIX-6 Dissemination Time: 2.290388e-05
0: MPIL CopyToCPU RADIX-7 Dissemination Time: 2.390106e-05
0: MPIL CopyToCPU RADIX-8 Dissemination Time: 1.944876e-05
0: MPIL CopyToCPU RADIX-9 Dissemination Time: 2.171771e-05
0: MPIL CopyToCPU RADIX-10 Dissemination Time: 2.459749e-05
0: MPIL CopyToCPU RADIX-11 Dissemination Time: 2.724116e-05
0: MPIL CopyToCPU RADIX-12 Dissemination Time: 2.592927e-05
0: MPIL CopyToCPU RADIX-13 Dissemination Time: 2.765974e-05
0: MPIL CopyToCPU RADIX-14 Dissemination Time: 2.773545e-05
0: Testing Size 2
0: PMPI Allreduce Time: 2.017215e-05
0: MPIL GPU-Aware Recursive Doubling Time: 2.022009e-05
0: MPIL GPU-Aware Node-Aware Dissemination Time: 4.143775e-05
0: MPIL GPU-Aware NUMA-Aware Dissemination Time: 5.734728e-05
0: CopyToCPU PMPI Allreduce Time: 2.009901e-05
0: MPIL CopyToCPU Recursive Doubling Time: 2.232742e-05
0: MPIL CopyToCPU Node-Aware Dissemination Time: 2.529648e-05
0: MPIL CopyToCPU NUMA-Aware Dissemination Time: 2.190649e-05
0: MPIL CopyToCPU RADIX-3 Dissemination Time: 2.470697e-05
0: MPIL CopyToCPU RADIX-4 Dissemination Time: 1.884948e-05
0: MPIL CopyToCPU RADIX-5 Dissemination Time: 2.389490e-05
0: MPIL CopyToCPU RADIX-6 Dissemination Time: 2.337299e-05
0: MPIL CopyToCPU RADIX-7 Dissemination Time: 2.448598e-05
0: MPIL CopyToCPU RADIX-8 Dissemination Time: 2.014438e-05
0: MPIL CopyToCPU RADIX-9 Dissemination Time: 2.170404e-05
0: MPIL CopyToCPU RADIX-10 Dissemination Time: 2.491571e-05
0: MPIL CopyToCPU RADIX-11 Dissemination Time: 2.617803e-05
0: MPIL CopyToCPU RADIX-12 Dissemination Time: 2.592402e-05
0: MPIL CopyToCPU RADIX-13 Dissemination Time: 2.751498e-05
0: MPIL CopyToCPU RADIX-14 Dissemination Time: 2.790134e-05
0: Testing Size 4
0: PMPI Allreduce Time: 2.032816e-05
0: MPIL GPU-Aware Recursive Doubling Time: 2.026499e-05
0: MPIL GPU-Aware Node-Aware Dissemination Time: 4.107816e-05
0: MPIL GPU-Aware NUMA-Aware Dissemination Time: 5.706413e-05
0: CopyToCPU PMPI Allreduce Time: 2.022445e-05
0: MPIL CopyToCPU Recursive Doubling Time: 2.209505e-05
0: MPIL CopyToCPU Node-Aware Dissemination Time: 2.529690e-05
0: MPIL CopyToCPU NUMA-Aware Dissemination Time: 2.190806e-05
0: MPIL CopyToCPU RADIX-3 Dissemination Time: 2.438561e-05
0: MPIL CopyToCPU RADIX-4 Dissemination Time: 1.866305e-05
0: MPIL CopyToCPU RADIX-5 Dissemination Time: 2.387834e-05
0: MPIL CopyToCPU RADIX-6 Dissemination Time: 2.342479e-05
0: MPIL CopyToCPU RADIX-7 Dissemination Time: 2.433801e-05
0: MPIL CopyToCPU RADIX-8 Dissemination Time: 2.021971e-05
0: MPIL CopyToCPU RADIX-9 Dissemination Time: 2.184575e-05
0: MPIL CopyToCPU RADIX-10 Dissemination Time: 2.507374e-05
0: MPIL CopyToCPU RADIX-11 Dissemination Time: 2.633454e-05
0: MPIL CopyToCPU RADIX-12 Dissemination Time: 2.614850e-05
0: MPIL CopyToCPU RADIX-13 Dissemination Time: 2.771121e-05
0: MPIL CopyToCPU RADIX-14 Dissemination Time: 2.794892e-05
0: Testing Size 8
0: PMPI Allreduce Time: 2.026379e-05
0: MPIL GPU-Aware Recursive Doubling Time: 2.024567e-05
0: MPIL GPU-Aware Node-Aware Dissemination Time: 4.172285e-05
0: MPIL GPU-Aware NUMA-Aware Dissemination Time: 5.726166e-05
0: CopyToCPU PMPI Allreduce Time: 2.026598e-05
0: MPIL CopyToCPU Recursive Doubling Time: 2.221221e-05
0: MPIL CopyToCPU Node-Aware Dissemination Time: 2.516910e-05
0: MPIL CopyToCPU NUMA-Aware Dissemination Time: 2.194965e-05
0: MPIL CopyToCPU RADIX-3 Dissemination Time: 2.446392e-05
0: MPIL CopyToCPU RADIX-4 Dissemination Time: 1.906546e-05
0: MPIL CopyToCPU RADIX-5 Dissemination Time: 2.412502e-05
0: MPIL CopyToCPU RADIX-6 Dissemination Time: 2.371648e-05
0: MPIL CopyToCPU RADIX-7 Dissemination Time: 2.474575e-05
0: MPIL CopyToCPU RADIX-8 Dissemination Time: 2.048266e-05
0: MPIL CopyToCPU RADIX-9 Dissemination Time: 2.206314e-05
0: MPIL CopyToCPU RADIX-10 Dissemination Time: 2.565555e-05
0: MPIL CopyToCPU RADIX-11 Dissemination Time: 2.668389e-05
0: MPIL CopyToCPU RADIX-12 Dissemination Time: 2.682905e-05
0: MPIL CopyToCPU RADIX-13 Dissemination Time: 2.821310e-05
0: MPIL CopyToCPU RADIX-14 Dissemination Time: 2.843177e-05
0: Testing Size 16
0: PMPI Allreduce Time: 2.203769e-05
0: MPIL GPU-Aware Recursive Doubling Time: 2.207022e-05
0: MPIL GPU-Aware Node-Aware Dissemination Time: 4.359738e-05
0: MPIL GPU-Aware NUMA-Aware Dissemination Time: 5.996549e-05
0: CopyToCPU PMPI Allreduce Time: 2.213194e-05
0: MPIL CopyToCPU Recursive Doubling Time: 2.872943e-05
0: MPIL CopyToCPU Node-Aware Dissemination Time: 2.685135e-05
0: MPIL CopyToCPU NUMA-Aware Dissemination Time: 2.561586e-05
0: MPIL CopyToCPU RADIX-3 Dissemination Time: 2.812559e-05
0: MPIL CopyToCPU RADIX-4 Dissemination Time: 2.154336e-05
0: MPIL CopyToCPU RADIX-5 Dissemination Time: 2.713975e-05
0: MPIL CopyToCPU RADIX-6 Dissemination Time: 2.603997e-05
0: MPIL CopyToCPU RADIX-7 Dissemination Time: 2.705787e-05
0: MPIL CopyToCPU RADIX-8 Dissemination Time: 2.296273e-05
0: MPIL CopyToCPU RADIX-9 Dissemination Time: 2.518536e-05
0: MPIL CopyToCPU RADIX-10 Dissemination Time: 2.813620e-05
0: MPIL CopyToCPU RADIX-11 Dissemination Time: 2.928309e-05
0: MPIL CopyToCPU RADIX-12 Dissemination Time: 2.937385e-05
0: MPIL CopyToCPU RADIX-13 Dissemination Time: 3.055051e-05
0: MPIL CopyToCPU RADIX-14 Dissemination Time: 3.088151e-05
0: Testing Size 32
0: PMPI Allreduce Time: 3.507456e-05
0: MPIL GPU-Aware Recursive Doubling Time: 3.506093e-05
0: MPIL GPU-Aware Node-Aware Dissemination Time: 5.858637e-05
0: MPIL GPU-Aware NUMA-Aware Dissemination Time: 6.952640e-05
0: CopyToCPU PMPI Allreduce Time: 3.046678e-05
0: MPIL CopyToCPU Recursive Doubling Time: 3.675450e-05
0: MPIL CopyToCPU Node-Aware Dissemination Time: 3.613286e-05
0: MPIL CopyToCPU NUMA-Aware Dissemination Time: 3.830131e-05
0: MPIL CopyToCPU RADIX-3 Dissemination Time: 3.962574e-05
0: MPIL CopyToCPU RADIX-4 Dissemination Time: 2.923499e-05
0: MPIL CopyToCPU RADIX-5 Dissemination Time: 3.765790e-05
0: MPIL CopyToCPU RADIX-6 Dissemination Time: 3.248960e-05
0: MPIL CopyToCPU RADIX-7 Dissemination Time: 3.358501e-05
0: MPIL CopyToCPU RADIX-8 Dissemination Time: 2.814561e-05
0: MPIL CopyToCPU RADIX-9 Dissemination Time: 3.099904e-05
0: MPIL CopyToCPU RADIX-10 Dissemination Time: 3.531194e-05
0: MPIL CopyToCPU RADIX-11 Dissemination Time: 3.602681e-05
0: MPIL CopyToCPU RADIX-12 Dissemination Time: 3.682851e-05
0: MPIL CopyToCPU RADIX-13 Dissemination Time: 3.705057e-05
0: MPIL CopyToCPU RADIX-14 Dissemination Time: 3.787850e-05
0: Testing Size 64
0: PMPI Allreduce Time: 3.690267e-05
0: MPIL GPU-Aware Recursive Doubling Time: 3.690535e-05
0: MPIL GPU-Aware Node-Aware Dissemination Time: 7.102210e-05
0: MPIL GPU-Aware NUMA-Aware Dissemination Time: 7.034704e-05
0: CopyToCPU PMPI Allreduce Time: 3.658186e-05
0: MPIL CopyToCPU Recursive Doubling Time: 3.904233e-05
0: MPIL CopyToCPU Node-Aware Dissemination Time: 5.278017e-05
0: MPIL CopyToCPU NUMA-Aware Dissemination Time: 3.898662e-05
0: MPIL CopyToCPU RADIX-3 Dissemination Time: 4.108201e-05
0: MPIL CopyToCPU RADIX-4 Dissemination Time: 3.084085e-05
0: MPIL CopyToCPU RADIX-5 Dissemination Time: 3.790233e-05
0: MPIL CopyToCPU RADIX-6 Dissemination Time: 3.381827e-05
0: MPIL CopyToCPU RADIX-7 Dissemination Time: 3.485699e-05
0: MPIL CopyToCPU RADIX-8 Dissemination Time: 2.943100e-05
0: MPIL CopyToCPU RADIX-9 Dissemination Time: 3.162280e-05
0: MPIL CopyToCPU RADIX-10 Dissemination Time: 3.682610e-05
0: MPIL CopyToCPU RADIX-11 Dissemination Time: 3.714312e-05
0: MPIL CopyToCPU RADIX-12 Dissemination Time: 3.747983e-05
0: MPIL CopyToCPU RADIX-13 Dissemination Time: 3.814423e-05
0: MPIL CopyToCPU RADIX-14 Dissemination Time: 3.923914e-05
0: Testing Size 128
0: PMPI Allreduce Time: 4.314890e-05
0: MPIL GPU-Aware Recursive Doubling Time: 4.301709e-05
0: MPIL GPU-Aware Node-Aware Dissemination Time: 8.593196e-05
0: MPIL GPU-Aware NUMA-Aware Dissemination Time: 8.385942e-05
0: CopyToCPU PMPI Allreduce Time: 4.345489e-05
0: MPIL CopyToCPU Recursive Doubling Time: 4.698776e-05
0: MPIL CopyToCPU Node-Aware Dissemination Time: 6.829882e-05
0: MPIL CopyToCPU NUMA-Aware Dissemination Time: 4.366844e-05
0: MPIL CopyToCPU RADIX-3 Dissemination Time: 4.453305e-05
0: MPIL CopyToCPU RADIX-4 Dissemination Time: 3.492619e-05
0: MPIL CopyToCPU RADIX-5 Dissemination Time: 4.228129e-05
0: MPIL CopyToCPU RADIX-6 Dissemination Time: 3.863269e-05
0: MPIL CopyToCPU RADIX-7 Dissemination Time: 3.972064e-05
0: MPIL CopyToCPU RADIX-8 Dissemination Time: 3.391821e-05
0: MPIL CopyToCPU RADIX-9 Dissemination Time: 3.806611e-05
0: MPIL CopyToCPU RADIX-10 Dissemination Time: 4.129849e-05
0: MPIL CopyToCPU RADIX-11 Dissemination Time: 4.321251e-05
0: MPIL CopyToCPU RADIX-12 Dissemination Time: 4.378321e-05
0: MPIL CopyToCPU RADIX-13 Dissemination Time: 4.420162e-05
0: MPIL CopyToCPU RADIX-14 Dissemination Time: 4.584883e-05
0: Testing Size 256
0: PMPI Allreduce Time: 4.763419e-05
0: MPIL GPU-Aware Recursive Doubling Time: 4.757041e-05
0: MPIL GPU-Aware Node-Aware Dissemination Time: 9.694573e-05
0: MPIL GPU-Aware NUMA-Aware Dissemination Time: 8.806092e-05
0: CopyToCPU PMPI Allreduce Time: 4.769077e-05
0: MPIL CopyToCPU Recursive Doubling Time: 5.187894e-05
0: MPIL CopyToCPU Node-Aware Dissemination Time: 7.735551e-05
0: MPIL CopyToCPU NUMA-Aware Dissemination Time: 4.833194e-05
0: MPIL CopyToCPU RADIX-3 Dissemination Time: 4.871392e-05
0: MPIL CopyToCPU RADIX-4 Dissemination Time: 3.862205e-05
0: MPIL CopyToCPU RADIX-5 Dissemination Time: 4.565032e-05
0: MPIL CopyToCPU RADIX-6 Dissemination Time: 4.194382e-05
0: MPIL CopyToCPU RADIX-7 Dissemination Time: 4.291243e-05
0: MPIL CopyToCPU RADIX-8 Dissemination Time: 3.747508e-05
0: MPIL CopyToCPU RADIX-9 Dissemination Time: 4.089964e-05
0: MPIL CopyToCPU RADIX-10 Dissemination Time: 4.454562e-05
0: MPIL CopyToCPU RADIX-11 Dissemination Time: 4.668289e-05
0: MPIL CopyToCPU RADIX-12 Dissemination Time: 4.765865e-05
0: MPIL CopyToCPU RADIX-13 Dissemination Time: 4.840901e-05
0: MPIL CopyToCPU RADIX-14 Dissemination Time: 4.852923e-05
0: Testing Size 512
0: PMPI Allreduce Time: 5.449051e-05
0: MPIL GPU-Aware Recursive Doubling Time: 5.448628e-05
0: MPIL GPU-Aware Node-Aware Dissemination Time: 1.151570e-04
0: MPIL GPU-Aware NUMA-Aware Dissemination Time: 9.677165e-05
0: CopyToCPU PMPI Allreduce Time: 5.533667e-05
0: MPIL CopyToCPU Recursive Doubling Time: 5.937136e-05
0: MPIL CopyToCPU Node-Aware Dissemination Time: 9.560753e-05
0: MPIL CopyToCPU NUMA-Aware Dissemination Time: 5.736693e-05
0: MPIL CopyToCPU RADIX-3 Dissemination Time: 5.673982e-05
0: MPIL CopyToCPU RADIX-4 Dissemination Time: 4.330554e-05
0: MPIL CopyToCPU RADIX-5 Dissemination Time: 5.113402e-05
0: MPIL CopyToCPU RADIX-6 Dissemination Time: 4.804187e-05
0: MPIL CopyToCPU RADIX-7 Dissemination Time: 4.900968e-05
0: MPIL CopyToCPU RADIX-8 Dissemination Time: 4.366045e-05
0: MPIL CopyToCPU RADIX-9 Dissemination Time: 4.566239e-05
0: MPIL CopyToCPU RADIX-10 Dissemination Time: 5.236590e-05
0: MPIL CopyToCPU RADIX-11 Dissemination Time: 5.325865e-05
0: MPIL CopyToCPU RADIX-12 Dissemination Time: 5.411367e-05
0: MPIL CopyToCPU RADIX-13 Dissemination Time: 5.523129e-05
0: MPIL CopyToCPU RADIX-14 Dissemination Time: 5.600081e-05
0: Testing Size 1024
0: PMPI Allreduce Time: 9.187392e-05
0: MPIL GPU-Aware Recursive Doubling Time: 9.176213e-05
0: MPIL GPU-Aware Node-Aware Dissemination Time: 7.367363e-04
0: MPIL GPU-Aware NUMA-Aware Dissemination Time: 1.779156e-03
0: CopyToCPU PMPI Allreduce Time: 7.093088e-05
0: MPIL CopyToCPU Recursive Doubling Time: 7.535483e-05
0: MPIL CopyToCPU Node-Aware Dissemination Time: 1.402769e-04
0: MPIL CopyToCPU NUMA-Aware Dissemination Time: 7.738378e-05
0: MPIL CopyToCPU RADIX-3 Dissemination Time: 7.413092e-05
0: MPIL CopyToCPU RADIX-4 Dissemination Time: 5.467093e-05
0: MPIL CopyToCPU RADIX-5 Dissemination Time: 6.327839e-05
0: MPIL CopyToCPU RADIX-6 Dissemination Time: 6.013024e-05
0: MPIL CopyToCPU RADIX-7 Dissemination Time: 6.223882e-05
0: MPIL CopyToCPU RADIX-8 Dissemination Time: 5.595472e-05
0: MPIL CopyToCPU RADIX-9 Dissemination Time: 5.798138e-05
0: MPIL CopyToCPU RADIX-10 Dissemination Time: 6.568955e-05
0: MPIL CopyToCPU RADIX-11 Dissemination Time: 6.646236e-05
0: MPIL CopyToCPU RADIX-12 Dissemination Time: 6.930050e-05
0: MPIL CopyToCPU RADIX-13 Dissemination Time: 6.971210e-05
0: MPIL CopyToCPU RADIX-14 Dissemination Time: 7.171218e-05
0: Testing Size 2048
0: PMPI Allreduce Time: 1.948297e-04
0: MPIL GPU-Aware Recursive Doubling Time: 1.944664e-04
0: MPIL GPU-Aware Node-Aware Dissemination Time: 1.031045e-03
0: MPIL GPU-Aware NUMA-Aware Dissemination Time: 1.880440e-03
0: CopyToCPU PMPI Allreduce Time: 1.290786e-04
0: MPIL CopyToCPU Recursive Doubling Time: 1.088694e-04
0: MPIL CopyToCPU Node-Aware Dissemination Time: 2.301531e-04
0: MPIL CopyToCPU NUMA-Aware Dissemination Time: 1.123819e-04
0: MPIL CopyToCPU RADIX-3 Dissemination Time: 1.094535e-04
0: MPIL CopyToCPU RADIX-4 Dissemination Time: 7.704021e-05
0: MPIL CopyToCPU RADIX-5 Dissemination Time: 8.764267e-05
0: MPIL CopyToCPU RADIX-6 Dissemination Time: 8.760823e-05
0: MPIL CopyToCPU RADIX-7 Dissemination Time: 9.157943e-05
0: MPIL CopyToCPU RADIX-8 Dissemination Time: 8.337111e-05
0: MPIL CopyToCPU RADIX-9 Dissemination Time: 8.861576e-05
0: MPIL CopyToCPU RADIX-10 Dissemination Time: 9.122802e-05
0: MPIL CopyToCPU RADIX-11 Dissemination Time: 9.487707e-05
0: MPIL CopyToCPU RADIX-12 Dissemination Time: 9.523559e-05
0: MPIL CopyToCPU RADIX-13 Dissemination Time: 9.953848e-05
0: MPIL CopyToCPU RADIX-14 Dissemination Time: 1.018496e-04
0: Testing Size 4096
0: PMPI Allreduce Time: 1.902069e-04
0: MPIL GPU-Aware Recursive Doubling Time: 1.904759e-04
0: MPIL GPU-Aware Node-Aware Dissemination Time: 9.978235e-04
0: MPIL GPU-Aware NUMA-Aware Dissemination Time: 1.984027e-03
0: CopyToCPU PMPI Allreduce Time: 1.803429e-04
0: MPIL CopyToCPU Recursive Doubling Time: 1.954858e-04
0: MPIL CopyToCPU Node-Aware Dissemination Time: 3.759720e-04
0: MPIL CopyToCPU NUMA-Aware Dissemination Time: 2.049560e-04
0: MPIL CopyToCPU RADIX-3 Dissemination Time: 2.074563e-04
0: MPIL CopyToCPU RADIX-4 Dissemination Time: 1.438455e-04
0: MPIL CopyToCPU RADIX-5 Dissemination Time: 1.664681e-04
0: MPIL CopyToCPU RADIX-6 Dissemination Time: 1.600134e-04
0: MPIL CopyToCPU RADIX-7 Dissemination Time: 1.697241e-04
0: MPIL CopyToCPU RADIX-8 Dissemination Time: 1.533534e-04
0: MPIL CopyToCPU RADIX-9 Dissemination Time: 1.646851e-04
0: MPIL CopyToCPU RADIX-10 Dissemination Time: 1.756502e-04
0: MPIL CopyToCPU RADIX-11 Dissemination Time: 1.756700e-04
0: MPIL CopyToCPU RADIX-12 Dissemination Time: 1.808182e-04
0: MPIL CopyToCPU RADIX-13 Dissemination Time: 1.861351e-04
0: MPIL CopyToCPU RADIX-14 Dissemination Time: 1.913054e-04
0: Testing Size 8192
0: PMPI Allreduce Time: 1.945860e-04
0: MPIL GPU-Aware Recursive Doubling Time: 1.945582e-04
0: MPIL GPU-Aware Node-Aware Dissemination Time: 1.465505e-03
0: MPIL GPU-Aware NUMA-Aware Dissemination Time: 2.054084e-03
0: CopyToCPU PMPI Allreduce Time: 2.835080e-04
0: MPIL CopyToCPU Recursive Doubling Time: 3.179781e-04
0: MPIL CopyToCPU Node-Aware Dissemination Time: 6.534493e-04
0: MPIL CopyToCPU NUMA-Aware Dissemination Time: 3.389760e-04
0: MPIL CopyToCPU RADIX-3 Dissemination Time: 3.438462e-04
0: MPIL CopyToCPU RADIX-4 Dissemination Time: 2.357478e-04
0: MPIL CopyToCPU RADIX-5 Dissemination Time: 2.666927e-04
0: MPIL CopyToCPU RADIX-6 Dissemination Time: 2.651926e-04
0: MPIL CopyToCPU RADIX-7 Dissemination Time: 2.786463e-04
0: MPIL CopyToCPU RADIX-8 Dissemination Time: 2.698821e-04
0: MPIL CopyToCPU RADIX-9 Dissemination Time: 2.798426e-04
0: MPIL CopyToCPU RADIX-10 Dissemination Time: 2.943446e-04
0: MPIL CopyToCPU RADIX-11 Dissemination Time: 2.988992e-04
0: MPIL CopyToCPU RADIX-12 Dissemination Time: 3.038883e-04
0: MPIL CopyToCPU RADIX-13 Dissemination Time: 2.996012e-04
0: MPIL CopyToCPU RADIX-14 Dissemination Time: 3.086801e-04
0: Testing Size 16384
0: PMPI Allreduce Time: 2.016226e-04
0: MPIL GPU-Aware Recursive Doubling Time: 2.016996e-04
0: MPIL GPU-Aware Node-Aware Dissemination Time: 1.820426e-03
0: MPIL GPU-Aware NUMA-Aware Dissemination Time: 2.815429e-03
0: CopyToCPU PMPI Allreduce Time: 4.805961e-04
0: MPIL CopyToCPU Recursive Doubling Time: 5.656171e-04
0: MPIL CopyToCPU Node-Aware Dissemination Time: 1.150082e-03
0: MPIL CopyToCPU NUMA-Aware Dissemination Time: 6.058686e-04
0: MPIL CopyToCPU RADIX-3 Dissemination Time: 6.226473e-04
0: MPIL CopyToCPU RADIX-4 Dissemination Time: 4.192943e-04
0: MPIL CopyToCPU RADIX-5 Dissemination Time: 4.599819e-04
0: MPIL CopyToCPU RADIX-6 Dissemination Time: 4.635817e-04
0: MPIL CopyToCPU RADIX-7 Dissemination Time: 4.958962e-04
0: MPIL CopyToCPU RADIX-8 Dissemination Time: 4.859460e-04
0: MPIL CopyToCPU RADIX-9 Dissemination Time: 5.066354e-04
0: MPIL CopyToCPU RADIX-10 Dissemination Time: 5.321327e-04
0: MPIL CopyToCPU RADIX-11 Dissemination Time: 5.224919e-04
0: MPIL CopyToCPU RADIX-12 Dissemination Time: 5.088974e-04
0: MPIL CopyToCPU RADIX-13 Dissemination Time: 5.317870e-04
0: MPIL CopyToCPU RADIX-14 Dissemination Time: 5.666298e-04
0: Testing Size 32768
0: PMPI Allreduce Time: 2.245947e-04
0: MPIL GPU-Aware Recursive Doubling Time: 2.236913e-04
0: MPIL GPU-Aware Node-Aware Dissemination Time: 4.032745e-03
0: MPIL GPU-Aware NUMA-Aware Dissemination Time: 3.303619e-03
0: CopyToCPU PMPI Allreduce Time: 8.825047e-04
0: MPIL CopyToCPU Recursive Doubling Time: 1.054094e-03
0: MPIL CopyToCPU Node-Aware Dissemination Time: 2.129476e-03
0: MPIL CopyToCPU NUMA-Aware Dissemination Time: 1.108351e-03
0: MPIL CopyToCPU RADIX-3 Dissemination Time: 1.155892e-03
0: MPIL CopyToCPU RADIX-4 Dissemination Time: 7.772488e-04
0: MPIL CopyToCPU RADIX-5 Dissemination Time: 8.476127e-04
0: MPIL CopyToCPU RADIX-6 Dissemination Time: 8.817115e-04
0: MPIL CopyToCPU RADIX-7 Dissemination Time: 9.423638e-04
0: MPIL CopyToCPU RADIX-8 Dissemination Time: 9.243788e-04
0: MPIL CopyToCPU RADIX-9 Dissemination Time: 9.847773e-04
0: MPIL CopyToCPU RADIX-10 Dissemination Time: 9.767324e-04
0: MPIL CopyToCPU RADIX-11 Dissemination Time: 9.604549e-04
0: MPIL CopyToCPU RADIX-12 Dissemination Time: 9.523385e-04
0: MPIL CopyToCPU RADIX-13 Dissemination Time: 9.914983e-04
0: MPIL CopyToCPU RADIX-14 Dissemination Time: 1.045587e-03
0: Testing Size 65536
0: PMPI Allreduce Time: 2.605366e-04
0: MPIL GPU-Aware Recursive Doubling Time: 2.581571e-04
0: MPIL GPU-Aware Node-Aware Dissemination Time: 5.990818e-03
0: MPIL GPU-Aware NUMA-Aware Dissemination Time: 4.086391e-03
0: CopyToCPU PMPI Allreduce Time: 1.642579e-03
0: MPIL CopyToCPU Recursive Doubling Time: 1.958235e-03
0: MPIL CopyToCPU Node-Aware Dissemination Time: 4.149312e-03
0: MPIL CopyToCPU NUMA-Aware Dissemination Time: 2.083688e-03
0: MPIL CopyToCPU RADIX-3 Dissemination Time: 2.156541e-03
0: MPIL CopyToCPU RADIX-4 Dissemination Time: 1.490283e-03
0: MPIL CopyToCPU RADIX-5 Dissemination Time: 1.547795e-03
0: MPIL CopyToCPU RADIX-6 Dissemination Time: 1.558958e-03
0: MPIL CopyToCPU RADIX-7 Dissemination Time: 1.651950e-03
0: MPIL CopyToCPU RADIX-8 Dissemination Time: 1.701549e-03
0: MPIL CopyToCPU RADIX-9 Dissemination Time: 1.715750e-03
0: MPIL CopyToCPU RADIX-10 Dissemination Time: 1.767165e-03
0: MPIL CopyToCPU RADIX-11 Dissemination Time: 1.765189e-03
0: MPIL CopyToCPU RADIX-12 Dissemination Time: 1.794907e-03
0: MPIL CopyToCPU RADIX-13 Dissemination Time: 1.854255e-03
0: MPIL CopyToCPU RADIX-14 Dissemination Time: 1.943569e-03
0: Testing Size 131072
0: PMPI Allreduce Time: 3.149928e-04
0: MPIL GPU-Aware Recursive Doubling Time: 3.145342e-04
0: MPIL GPU-Aware Node-Aware Dissemination Time: 8.365477e-03
0: MPIL GPU-Aware NUMA-Aware Dissemination Time: 6.345384e-03
0: CopyToCPU PMPI Allreduce Time: 3.317022e-03
0: MPIL CopyToCPU Recursive Doubling Time: 3.505870e-03
0: MPIL CopyToCPU Node-Aware Dissemination Time: 8.185386e-03
0: MPIL CopyToCPU NUMA-Aware Dissemination Time: 3.979033e-03
0: MPIL CopyToCPU RADIX-3 Dissemination Time: 4.168918e-03
0: MPIL CopyToCPU RADIX-4 Dissemination Time: 2.639153e-03
0: MPIL CopyToCPU RADIX-5 Dissemination Time: 2.772743e-03
0: MPIL CopyToCPU RADIX-6 Dissemination Time: 2.925148e-03
0: MPIL CopyToCPU RADIX-7 Dissemination Time: 3.086882e-03
0: MPIL CopyToCPU RADIX-8 Dissemination Time: 3.218890e-03
0: MPIL CopyToCPU RADIX-9 Dissemination Time: 3.236858e-03
0: MPIL CopyToCPU RADIX-10 Dissemination Time: 3.251189e-03
0: MPIL CopyToCPU RADIX-11 Dissemination Time: 3.276996e-03
0: MPIL CopyToCPU RADIX-12 Dissemination Time: 3.288328e-03
0: MPIL CopyToCPU RADIX-13 Dissemination Time: 3.428969e-03
0: MPIL CopyToCPU RADIX-14 Dissemination Time: 3.544013e-03
0: Testing Size 262144
0: PMPI Allreduce Time: 3.671873e-04
0: MPIL GPU-Aware Recursive Doubling Time: 3.667906e-04
0: MPIL GPU-Aware Node-Aware Dissemination Time: 1.216289e-02
0: MPIL GPU-Aware NUMA-Aware Dissemination Time: 8.674227e-03
0: CopyToCPU PMPI Allreduce Time: 6.767565e-03
0: MPIL CopyToCPU Recursive Doubling Time: 6.942496e-03
0: MPIL CopyToCPU Node-Aware Dissemination Time: 1.445158e-02
0: MPIL CopyToCPU NUMA-Aware Dissemination Time: 7.525168e-03
0: MPIL CopyToCPU RADIX-3 Dissemination Time: 7.864493e-03
0: MPIL CopyToCPU RADIX-4 Dissemination Time: 5.281910e-03
0: MPIL CopyToCPU RADIX-5 Dissemination Time: 5.459730e-03
0: MPIL CopyToCPU RADIX-6 Dissemination Time: 5.781495e-03
0: MPIL CopyToCPU RADIX-7 Dissemination Time: 6.151083e-03
0: MPIL CopyToCPU RADIX-8 Dissemination Time: 6.521473e-03
0: MPIL CopyToCPU RADIX-9 Dissemination Time: 6.439175e-03
0: MPIL CopyToCPU RADIX-10 Dissemination Time: 6.433599e-03
0: MPIL CopyToCPU RADIX-11 Dissemination Time: 6.493431e-03
0: MPIL CopyToCPU RADIX-12 Dissemination Time: 6.550549e-03
0: MPIL CopyToCPU RADIX-13 Dissemination Time: 6.752322e-03
0: MPIL CopyToCPU RADIX-14 Dissemination Time: 7.019346e-03
0: Testing Size 524288
0: PMPI Allreduce Time: 4.678392e-04
0: MPIL GPU-Aware Recursive Doubling Time: 4.681032e-04
0: MPIL GPU-Aware Node-Aware Dissemination Time: 2.183415e-02
0: MPIL GPU-Aware NUMA-Aware Dissemination Time: 2.263119e-02
0: CopyToCPU PMPI Allreduce Time: 1.354149e-02
0: MPIL CopyToCPU Recursive Doubling Time: 1.380943e-02
0: MPIL CopyToCPU Node-Aware Dissemination Time: 3.032951e-02
0: MPIL CopyToCPU NUMA-Aware Dissemination Time: 1.481149e-02
0: MPIL CopyToCPU RADIX-3 Dissemination Time: 1.550434e-02
0: MPIL CopyToCPU RADIX-4 Dissemination Time: 1.064186e-02
0: MPIL CopyToCPU RADIX-5 Dissemination Time: 1.103786e-02
0: MPIL CopyToCPU RADIX-6 Dissemination Time: 1.177704e-02
0: MPIL CopyToCPU RADIX-7 Dissemination Time: 1.264384e-02
0: MPIL CopyToCPU RADIX-8 Dissemination Time: 1.709889e-02
0: MPIL CopyToCPU RADIX-9 Dissemination Time: 1.744072e-02
0: MPIL CopyToCPU RADIX-10 Dissemination Time: 1.809383e-02
0: MPIL CopyToCPU RADIX-11 Dissemination Time: 1.913015e-02
0: MPIL CopyToCPU RADIX-12 Dissemination Time: 1.947444e-02
0: MPIL CopyToCPU RADIX-13 Dissemination Time: 2.028658e-02
0: MPIL CopyToCPU RADIX-14 Dissemination Time: 2.144540e-02
