0: Testing Size 1
0: PMPI Allreduce Time: 1.295831e-05
0: MPIL GPU-Aware Recursive Doubling Time: 1.286603e-05
0: MPIL GPU-Aware Node-Aware Dissemination Time: 1.971758e-05
0: MPIL GPU-Aware NUMA-Aware Dissemination Time: 3.747584e-05
0: CopyToCPU PMPI Allreduce Time: 1.286495e-05
0: MPIL CopyToCPU Recursive Doubling Time: 1.318243e-05
0: MPIL CopyToCPU Node-Aware Dissemination Time: 1.348081e-05
0: MPIL CopyToCPU NUMA-Aware Dissemination Time: 1.387739e-05
0: MPIL CopyToCPU RADIX-3 Dissemination Time: 1.737095e-05
0: MPIL CopyToCPU RADIX-4 Dissemination Time: 1.242959e-05
0: MPIL CopyToCPU RADIX-5 Dissemination Time: 1.522005e-05
0: MPIL CopyToCPU RADIX-6 Dissemination Time: 1.812934e-05
0: MPIL CopyToCPU RADIX-7 Dissemination Time: 1.690578e-05
0: MPIL CopyToCPU RADIX-8 Dissemination Time: 1.478171e-05
0: MPIL CopyToCPU RADIX-9 Dissemination Time: 1.813624e-05
0: MPIL CopyToCPU RADIX-10 Dissemination Time: 1.899109e-05
0: MPIL CopyToCPU RADIX-11 Dissemination Time: 2.001841e-05
0: MPIL CopyToCPU RADIX-12 Dissemination Time: 2.083575e-05
0: MPIL CopyToCPU RADIX-13 Dissemination Time: 2.104839e-05
0: MPIL CopyToCPU RADIX-14 Dissemination Time: 2.151970e-05
0: Testing Size 2
0: PMPI Allreduce Time: 1.289631e-05
0: MPIL GPU-Aware Recursive Doubling Time: 1.295801e-05
0: MPIL GPU-Aware Node-Aware Dissemination Time: 1.968851e-05
0: MPIL GPU-Aware NUMA-Aware Dissemination Time: 3.755795e-05
0: CopyToCPU PMPI Allreduce Time: 1.304215e-05
0: MPIL CopyToCPU Recursive Doubling Time: 1.448472e-05
0: MPIL CopyToCPU Node-Aware Dissemination Time: 1.337929e-05
0: MPIL CopyToCPU NUMA-Aware Dissemination Time: 1.452908e-05
0: MPIL CopyToCPU RADIX-3 Dissemination Time: 1.781187e-05
0: MPIL CopyToCPU RADIX-4 Dissemination Time: 1.312936e-05
0: MPIL CopyToCPU RADIX-5 Dissemination Time: 1.571192e-05
0: MPIL CopyToCPU RADIX-6 Dissemination Time: 1.863540e-05
0: MPIL CopyToCPU RADIX-7 Dissemination Time: 1.752617e-05
0: MPIL CopyToCPU RADIX-8 Dissemination Time: 1.557082e-05
0: MPIL CopyToCPU RADIX-9 Dissemination Time: 1.887892e-05
0: MPIL CopyToCPU RADIX-10 Dissemination Time: 1.975613e-05
0: MPIL CopyToCPU RADIX-11 Dissemination Time: 2.074258e-05
0: MPIL CopyToCPU RADIX-12 Dissemination Time: 2.161842e-05
0: MPIL CopyToCPU RADIX-13 Dissemination Time: 2.180503e-05
0: MPIL CopyToCPU RADIX-14 Dissemination Time: 2.165422e-05
0: Testing Size 4
0: PMPI Allreduce Time: 1.288720e-05
0: MPIL GPU-Aware Recursive Doubling Time: 1.288944e-05
0: MPIL GPU-Aware Node-Aware Dissemination Time: 2.011074e-05
0: MPIL GPU-Aware NUMA-Aware Dissemination Time: 3.787453e-05
0: CopyToCPU PMPI Allreduce Time: 1.285266e-05
0: MPIL CopyToCPU Recursive Doubling Time: 1.443109e-05
0: MPIL CopyToCPU Node-Aware Dissemination Time: 1.355202e-05
0: MPIL CopyToCPU NUMA-Aware Dissemination Time: 1.454033e-05
0: MPIL CopyToCPU RADIX-3 Dissemination Time: 1.777594e-05
0: MPIL CopyToCPU RADIX-4 Dissemination Time: 1.337842e-05
0: MPIL CopyToCPU RADIX-5 Dissemination Time: 1.592994e-05
0: MPIL CopyToCPU RADIX-6 Dissemination Time: 1.839479e-05
0: MPIL CopyToCPU RADIX-7 Dissemination Time: 1.770819e-05
0: MPIL CopyToCPU RADIX-8 Dissemination Time: 1.557168e-05
0: MPIL CopyToCPU RADIX-9 Dissemination Time: 1.899389e-05
0: MPIL CopyToCPU RADIX-10 Dissemination Time: 1.990757e-05
0: MPIL CopyToCPU RADIX-11 Dissemination Time: 2.069903e-05
0: MPIL CopyToCPU RADIX-12 Dissemination Time: 2.171370e-05
0: MPIL CopyToCPU RADIX-13 Dissemination Time: 2.223125e-05
0: MPIL CopyToCPU RADIX-14 Dissemination Time: 2.174812e-05
0: Testing Size 8
0: PMPI Allreduce Time: 1.314027e-05
0: MPIL GPU-Aware Recursive Doubling Time: 1.310624e-05
0: MPIL GPU-Aware Node-Aware Dissemination Time: 1.985521e-05
0: MPIL GPU-Aware NUMA-Aware Dissemination Time: 3.790666e-05
0: CopyToCPU PMPI Allreduce Time: 1.284938e-05
0: MPIL CopyToCPU Recursive Doubling Time: 1.454020e-05
0: MPIL CopyToCPU Node-Aware Dissemination Time: 1.365716e-05
0: MPIL CopyToCPU NUMA-Aware Dissemination Time: 1.454712e-05
0: MPIL CopyToCPU RADIX-3 Dissemination Time: 1.780360e-05
0: MPIL CopyToCPU RADIX-4 Dissemination Time: 1.340040e-05
0: MPIL CopyToCPU RADIX-5 Dissemination Time: 1.615705e-05
0: MPIL CopyToCPU RADIX-6 Dissemination Time: 1.860929e-05
0: MPIL CopyToCPU RADIX-7 Dissemination Time: 1.765784e-05
0: MPIL CopyToCPU RADIX-8 Dissemination Time: 1.555631e-05
0: MPIL CopyToCPU RADIX-9 Dissemination Time: 1.930391e-05
0: MPIL CopyToCPU RADIX-10 Dissemination Time: 2.016351e-05
0: MPIL CopyToCPU RADIX-11 Dissemination Time: 2.110949e-05
0: MPIL CopyToCPU RADIX-12 Dissemination Time: 2.212389e-05
0: MPIL CopyToCPU RADIX-13 Dissemination Time: 2.268696e-05
0: MPIL CopyToCPU RADIX-14 Dissemination Time: 2.220026e-05
0: Testing Size 16
0: PMPI Allreduce Time: 1.377624e-05
0: MPIL GPU-Aware Recursive Doubling Time: 1.376963e-05
0: MPIL GPU-Aware Node-Aware Dissemination Time: 2.055177e-05
0: MPIL GPU-Aware NUMA-Aware Dissemination Time: 4.000797e-05
0: CopyToCPU PMPI Allreduce Time: 1.363474e-05
0: MPIL CopyToCPU Recursive Doubling Time: 2.031035e-05
0: MPIL CopyToCPU Node-Aware Dissemination Time: 1.442402e-05
0: MPIL CopyToCPU NUMA-Aware Dissemination Time: 1.737344e-05
0: MPIL CopyToCPU RADIX-3 Dissemination Time: 2.076845e-05
0: MPIL CopyToCPU RADIX-4 Dissemination Time: 1.581836e-05
0: MPIL CopyToCPU RADIX-5 Dissemination Time: 1.895730e-05
0: MPIL CopyToCPU RADIX-6 Dissemination Time: 2.132676e-05
0: MPIL CopyToCPU RADIX-7 Dissemination Time: 2.098054e-05
0: MPIL CopyToCPU RADIX-8 Dissemination Time: 1.779087e-05
0: MPIL CopyToCPU RADIX-9 Dissemination Time: 2.288349e-05
0: MPIL CopyToCPU RADIX-10 Dissemination Time: 2.442342e-05
0: MPIL CopyToCPU RADIX-11 Dissemination Time: 2.567724e-05
0: MPIL CopyToCPU RADIX-12 Dissemination Time: 2.616626e-05
0: MPIL CopyToCPU RADIX-13 Dissemination Time: 2.593313e-05
0: MPIL CopyToCPU RADIX-14 Dissemination Time: 2.595173e-05
0: Testing Size 32
0: PMPI Allreduce Time: 2.234122e-05
0: MPIL GPU-Aware Recursive Doubling Time: 2.234090e-05
0: MPIL GPU-Aware Node-Aware Dissemination Time: 2.788443e-05
0: MPIL GPU-Aware NUMA-Aware Dissemination Time: 4.647203e-05
0: CopyToCPU PMPI Allreduce Time: 1.825586e-05
0: MPIL CopyToCPU Recursive Doubling Time: 2.427892e-05
0: MPIL CopyToCPU Node-Aware Dissemination Time: 1.682395e-05
0: MPIL CopyToCPU NUMA-Aware Dissemination Time: 2.576400e-05
0: MPIL CopyToCPU RADIX-3 Dissemination Time: 2.666430e-05
0: MPIL CopyToCPU RADIX-4 Dissemination Time: 2.095343e-05
0: MPIL CopyToCPU RADIX-5 Dissemination Time: 2.624806e-05
0: MPIL CopyToCPU RADIX-6 Dissemination Time: 2.826094e-05
0: MPIL CopyToCPU RADIX-7 Dissemination Time: 2.791982e-05
0: MPIL CopyToCPU RADIX-8 Dissemination Time: 2.323242e-05
0: MPIL CopyToCPU RADIX-9 Dissemination Time: 2.769044e-05
0: MPIL CopyToCPU RADIX-10 Dissemination Time: 2.892621e-05
0: MPIL CopyToCPU RADIX-11 Dissemination Time: 2.997959e-05
0: MPIL CopyToCPU RADIX-12 Dissemination Time: 3.072700e-05
0: MPIL CopyToCPU RADIX-13 Dissemination Time: 2.934127e-05
0: MPIL CopyToCPU RADIX-14 Dissemination Time: 2.905539e-05
0: Testing Size 64
0: PMPI Allreduce Time: 2.416866e-05
0: MPIL GPU-Aware Recursive Doubling Time: 2.416371e-05
0: MPIL GPU-Aware Node-Aware Dissemination Time: 3.548617e-05
0: MPIL GPU-Aware NUMA-Aware Dissemination Time: 4.718171e-05
0: CopyToCPU PMPI Allreduce Time: 2.389080e-05
0: MPIL CopyToCPU Recursive Doubling Time: 2.624646e-05
0: MPIL CopyToCPU Node-Aware Dissemination Time: 2.872797e-05
0: MPIL CopyToCPU NUMA-Aware Dissemination Time: 2.599564e-05
0: MPIL CopyToCPU RADIX-3 Dissemination Time: 2.731187e-05
0: MPIL CopyToCPU RADIX-4 Dissemination Time: 2.216305e-05
0: MPIL CopyToCPU RADIX-5 Dissemination Time: 2.622473e-05
0: MPIL CopyToCPU RADIX-6 Dissemination Time: 2.965684e-05
0: MPIL CopyToCPU RADIX-7 Dissemination Time: 2.794510e-05
0: MPIL CopyToCPU RADIX-8 Dissemination Time: 2.446650e-05
0: MPIL CopyToCPU RADIX-9 Dissemination Time: 2.932311e-05
0: MPIL CopyToCPU RADIX-10 Dissemination Time: 3.056170e-05
0: MPIL CopyToCPU RADIX-11 Dissemination Time: 3.152680e-05
0: MPIL CopyToCPU RADIX-12 Dissemination Time: 3.257298e-05
0: MPIL CopyToCPU RADIX-13 Dissemination Time: 3.132001e-05
0: MPIL CopyToCPU RADIX-14 Dissemination Time: 3.133158e-05
0: Testing Size 128
0: PMPI Allreduce Time: 2.773164e-05
0: MPIL GPU-Aware Recursive Doubling Time: 2.776683e-05
0: MPIL GPU-Aware Node-Aware Dissemination Time: 4.355965e-05
0: MPIL GPU-Aware NUMA-Aware Dissemination Time: 5.892711e-05
0: CopyToCPU PMPI Allreduce Time: 2.780350e-05
0: MPIL CopyToCPU Recursive Doubling Time: 3.213057e-05
0: MPIL CopyToCPU Node-Aware Dissemination Time: 3.650298e-05
0: MPIL CopyToCPU NUMA-Aware Dissemination Time: 2.908553e-05
0: MPIL CopyToCPU RADIX-3 Dissemination Time: 3.080679e-05
0: MPIL CopyToCPU RADIX-4 Dissemination Time: 2.647074e-05
0: MPIL CopyToCPU RADIX-5 Dissemination Time: 3.159756e-05
0: MPIL CopyToCPU RADIX-6 Dissemination Time: 3.402703e-05
0: MPIL CopyToCPU RADIX-7 Dissemination Time: 3.317128e-05
0: MPIL CopyToCPU RADIX-8 Dissemination Time: 2.862801e-05
0: MPIL CopyToCPU RADIX-9 Dissemination Time: 3.506979e-05
0: MPIL CopyToCPU RADIX-10 Dissemination Time: 3.605875e-05
0: MPIL CopyToCPU RADIX-11 Dissemination Time: 3.702087e-05
0: MPIL CopyToCPU RADIX-12 Dissemination Time: 3.801893e-05
0: MPIL CopyToCPU RADIX-13 Dissemination Time: 3.807565e-05
0: MPIL CopyToCPU RADIX-14 Dissemination Time: 3.793723e-05
0: Testing Size 256
0: PMPI Allreduce Time: 3.186739e-05
0: MPIL GPU-Aware Recursive Doubling Time: 3.185805e-05
0: MPIL GPU-Aware Node-Aware Dissemination Time: 5.060972e-05
0: MPIL GPU-Aware NUMA-Aware Dissemination Time: 6.400378e-05
0: CopyToCPU PMPI Allreduce Time: 3.161105e-05
0: MPIL CopyToCPU Recursive Doubling Time: 3.576392e-05
0: MPIL CopyToCPU Node-Aware Dissemination Time: 4.452238e-05
0: MPIL CopyToCPU NUMA-Aware Dissemination Time: 3.357938e-05
0: MPIL CopyToCPU RADIX-3 Dissemination Time: 3.454928e-05
0: MPIL CopyToCPU RADIX-4 Dissemination Time: 2.908903e-05
0: MPIL CopyToCPU RADIX-5 Dissemination Time: 3.461952e-05
0: MPIL CopyToCPU RADIX-6 Dissemination Time: 3.690401e-05
0: MPIL CopyToCPU RADIX-7 Dissemination Time: 3.731178e-05
0: MPIL CopyToCPU RADIX-8 Dissemination Time: 3.270290e-05
0: MPIL CopyToCPU RADIX-9 Dissemination Time: 3.868208e-05
0: MPIL CopyToCPU RADIX-10 Dissemination Time: 3.979457e-05
0: MPIL CopyToCPU RADIX-11 Dissemination Time: 4.251067e-05
0: MPIL CopyToCPU RADIX-12 Dissemination Time: 4.248096e-05
0: MPIL CopyToCPU RADIX-13 Dissemination Time: 4.285508e-05
0: MPIL CopyToCPU RADIX-14 Dissemination Time: 4.255800e-05
0: Testing Size 512
0: PMPI Allreduce Time: 3.850663e-05
0: MPIL GPU-Aware Recursive Doubling Time: 3.846975e-05
0: MPIL GPU-Aware Node-Aware Dissemination Time: 6.290018e-05
0: MPIL GPU-Aware NUMA-Aware Dissemination Time: 7.329765e-05
0: CopyToCPU PMPI Allreduce Time: 3.857080e-05
0: MPIL CopyToCPU Recursive Doubling Time: 4.355053e-05
0: MPIL CopyToCPU Node-Aware Dissemination Time: 5.692263e-05
0: MPIL CopyToCPU NUMA-Aware Dissemination Time: 4.154697e-05
0: MPIL CopyToCPU RADIX-3 Dissemination Time: 4.201779e-05
0: MPIL CopyToCPU RADIX-4 Dissemination Time: 3.426478e-05
0: MPIL CopyToCPU RADIX-5 Dissemination Time: 3.795817e-05
0: MPIL CopyToCPU RADIX-6 Dissemination Time: 4.226672e-05
0: MPIL CopyToCPU RADIX-7 Dissemination Time: 4.141763e-05
0: MPIL CopyToCPU RADIX-8 Dissemination Time: 3.703917e-05
0: MPIL CopyToCPU RADIX-9 Dissemination Time: 4.506163e-05
0: MPIL CopyToCPU RADIX-10 Dissemination Time: 4.650313e-05
0: MPIL CopyToCPU RADIX-11 Dissemination Time: 4.795301e-05
0: MPIL CopyToCPU RADIX-12 Dissemination Time: 4.931175e-05
0: MPIL CopyToCPU RADIX-13 Dissemination Time: 4.935637e-05
0: MPIL CopyToCPU RADIX-14 Dissemination Time: 4.938908e-05
0: Testing Size 1024
0: PMPI Allreduce Time: 7.685213e-05
0: MPIL GPU-Aware Recursive Doubling Time: 7.681987e-05
0: MPIL GPU-Aware Node-Aware Dissemination Time: 4.005677e-04
0: MPIL GPU-Aware NUMA-Aware Dissemination Time: 9.863481e-04
0: CopyToCPU PMPI Allreduce Time: 5.454613e-05
0: MPIL CopyToCPU Recursive Doubling Time: 5.974973e-05
0: MPIL CopyToCPU Node-Aware Dissemination Time: 8.538107e-05
0: MPIL CopyToCPU NUMA-Aware Dissemination Time: 6.054652e-05
0: MPIL CopyToCPU RADIX-3 Dissemination Time: 5.845773e-05
0: MPIL CopyToCPU RADIX-4 Dissemination Time: 4.371383e-05
0: MPIL CopyToCPU RADIX-5 Dissemination Time: 4.458746e-05
0: MPIL CopyToCPU RADIX-6 Dissemination Time: 5.342585e-05
0: MPIL CopyToCPU RADIX-7 Dissemination Time: 5.278183e-05
0: MPIL CopyToCPU RADIX-8 Dissemination Time: 4.742668e-05
0: MPIL CopyToCPU RADIX-9 Dissemination Time: 5.747409e-05
0: MPIL CopyToCPU RADIX-10 Dissemination Time: 6.008358e-05
0: MPIL CopyToCPU RADIX-11 Dissemination Time: 6.201374e-05
0: MPIL CopyToCPU RADIX-12 Dissemination Time: 6.417233e-05
0: MPIL CopyToCPU RADIX-13 Dissemination Time: 6.505463e-05
0: MPIL CopyToCPU RADIX-14 Dissemination Time: 6.426694e-05
0: Testing Size 2048
0: PMPI Allreduce Time: 1.415653e-04
0: MPIL GPU-Aware Recursive Doubling Time: 1.415432e-04
0: MPIL GPU-Aware Node-Aware Dissemination Time: 4.948102e-04
0: MPIL GPU-Aware NUMA-Aware Dissemination Time: 1.244440e-03
0: CopyToCPU PMPI Allreduce Time: 1.028621e-04
0: MPIL CopyToCPU Recursive Doubling Time: 9.146443e-05
0: MPIL CopyToCPU Node-Aware Dissemination Time: 1.466164e-04
0: MPIL CopyToCPU NUMA-Aware Dissemination Time: 9.310084e-05
0: MPIL CopyToCPU RADIX-3 Dissemination Time: 9.124042e-05
0: MPIL CopyToCPU RADIX-4 Dissemination Time: 6.138130e-05
0: MPIL CopyToCPU RADIX-5 Dissemination Time: 6.727544e-05
0: MPIL CopyToCPU RADIX-6 Dissemination Time: 7.482710e-05
0: MPIL CopyToCPU RADIX-7 Dissemination Time: 7.641762e-05
0: MPIL CopyToCPU RADIX-8 Dissemination Time: 6.868285e-05
0: MPIL CopyToCPU RADIX-9 Dissemination Time: 8.583514e-05
0: MPIL CopyToCPU RADIX-10 Dissemination Time: 8.667000e-05
0: MPIL CopyToCPU RADIX-11 Dissemination Time: 8.877665e-05
0: MPIL CopyToCPU RADIX-12 Dissemination Time: 9.170532e-05
0: MPIL CopyToCPU RADIX-13 Dissemination Time: 9.325506e-05
0: MPIL CopyToCPU RADIX-14 Dissemination Time: 9.467517e-05
0: Testing Size 4096
0: PMPI Allreduce Time: 1.372219e-04
0: MPIL GPU-Aware Recursive Doubling Time: 1.375205e-04
0: MPIL GPU-Aware Node-Aware Dissemination Time: 5.217757e-04
0: MPIL GPU-Aware NUMA-Aware Dissemination Time: 1.284002e-03
0: CopyToCPU PMPI Allreduce Time: 1.547904e-04
0: MPIL CopyToCPU Recursive Doubling Time: 1.624368e-04
0: MPIL CopyToCPU Node-Aware Dissemination Time: 2.368760e-04
0: MPIL CopyToCPU NUMA-Aware Dissemination Time: 1.679415e-04
0: MPIL CopyToCPU RADIX-3 Dissemination Time: 1.714858e-04
0: MPIL CopyToCPU RADIX-4 Dissemination Time: 1.145640e-04
0: MPIL CopyToCPU RADIX-5 Dissemination Time: 1.281061e-04
0: MPIL CopyToCPU RADIX-6 Dissemination Time: 1.438895e-04
0: MPIL CopyToCPU RADIX-7 Dissemination Time: 1.385629e-04
0: MPIL CopyToCPU RADIX-8 Dissemination Time: 1.296744e-04
0: MPIL CopyToCPU RADIX-9 Dissemination Time: 1.488715e-04
0: MPIL CopyToCPU RADIX-10 Dissemination Time: 1.563149e-04
0: MPIL CopyToCPU RADIX-11 Dissemination Time: 1.569231e-04
0: MPIL CopyToCPU RADIX-12 Dissemination Time: 1.614834e-04
0: MPIL CopyToCPU RADIX-13 Dissemination Time: 1.665434e-04
0: MPIL CopyToCPU RADIX-14 Dissemination Time: 1.692237e-04
0: Testing Size 8192
0: PMPI Allreduce Time: 1.404712e-04
0: MPIL GPU-Aware Recursive Doubling Time: 1.407880e-04
0: MPIL GPU-Aware Node-Aware Dissemination Time: 6.320326e-04
0: MPIL GPU-Aware NUMA-Aware Dissemination Time: 1.315680e-03
0: CopyToCPU PMPI Allreduce Time: 2.543371e-04
0: MPIL CopyToCPU Recursive Doubling Time: 2.796151e-04
0: MPIL CopyToCPU Node-Aware Dissemination Time: 4.098956e-04
0: MPIL CopyToCPU NUMA-Aware Dissemination Time: 2.926399e-04
0: MPIL CopyToCPU RADIX-3 Dissemination Time: 2.985080e-04
0: MPIL CopyToCPU RADIX-4 Dissemination Time: 1.929516e-04
0: MPIL CopyToCPU RADIX-5 Dissemination Time: 2.042202e-04
0: MPIL CopyToCPU RADIX-6 Dissemination Time: 2.372193e-04
0: MPIL CopyToCPU RADIX-7 Dissemination Time: 2.202698e-04
0: MPIL CopyToCPU RADIX-8 Dissemination Time: 2.100741e-04
0: MPIL CopyToCPU RADIX-9 Dissemination Time: 2.447753e-04
0: MPIL CopyToCPU RADIX-10 Dissemination Time: 2.554204e-04
0: MPIL CopyToCPU RADIX-11 Dissemination Time: 2.586864e-04
0: MPIL CopyToCPU RADIX-12 Dissemination Time: 2.644133e-04
0: MPIL CopyToCPU RADIX-13 Dissemination Time: 2.742369e-04
0: MPIL CopyToCPU RADIX-14 Dissemination Time: 2.690275e-04
0: Testing Size 16384
0: PMPI Allreduce Time: 1.467451e-04
0: MPIL GPU-Aware Recursive Doubling Time: 1.468648e-04
0: MPIL GPU-Aware Node-Aware Dissemination Time: 9.274665e-04
0: MPIL GPU-Aware NUMA-Aware Dissemination Time: 1.927774e-03
0: CopyToCPU PMPI Allreduce Time: 4.473023e-04
0: MPIL CopyToCPU Recursive Doubling Time: 5.143047e-04
0: MPIL CopyToCPU Node-Aware Dissemination Time: 7.317261e-04
0: MPIL CopyToCPU NUMA-Aware Dissemination Time: 5.425219e-04
0: MPIL CopyToCPU RADIX-3 Dissemination Time: 5.528423e-04
0: MPIL CopyToCPU RADIX-4 Dissemination Time: 3.467209e-04
0: MPIL CopyToCPU RADIX-5 Dissemination Time: 3.693616e-04
0: MPIL CopyToCPU RADIX-6 Dissemination Time: 3.988720e-04
0: MPIL CopyToCPU RADIX-7 Dissemination Time: 3.795120e-04
0: MPIL CopyToCPU RADIX-8 Dissemination Time: 3.653840e-04
0: MPIL CopyToCPU RADIX-9 Dissemination Time: 4.227532e-04
0: MPIL CopyToCPU RADIX-10 Dissemination Time: 4.403154e-04
0: MPIL CopyToCPU RADIX-11 Dissemination Time: 4.636921e-04
0: MPIL CopyToCPU RADIX-12 Dissemination Time: 4.586558e-04
0: MPIL CopyToCPU RADIX-13 Dissemination Time: 4.730382e-04
0: MPIL CopyToCPU RADIX-14 Dissemination Time: 4.890980e-04
0: Testing Size 32768
0: PMPI Allreduce Time: 1.660040e-04
0: MPIL GPU-Aware Recursive Doubling Time: 1.662842e-04
0: MPIL GPU-Aware Node-Aware Dissemination Time: 2.490873e-03
0: MPIL GPU-Aware NUMA-Aware Dissemination Time: 1.636660e-03
0: CopyToCPU PMPI Allreduce Time: 8.478232e-04
0: MPIL CopyToCPU Recursive Doubling Time: 9.542033e-04
0: MPIL CopyToCPU Node-Aware Dissemination Time: 1.398617e-03
0: MPIL CopyToCPU NUMA-Aware Dissemination Time: 1.012364e-03
0: MPIL CopyToCPU RADIX-3 Dissemination Time: 1.042926e-03
0: MPIL CopyToCPU RADIX-4 Dissemination Time: 6.562982e-04
0: MPIL CopyToCPU RADIX-5 Dissemination Time: 6.792445e-04
0: MPIL CopyToCPU RADIX-6 Dissemination Time: 6.978462e-04
0: MPIL CopyToCPU RADIX-7 Dissemination Time: 6.864223e-04
0: MPIL CopyToCPU RADIX-8 Dissemination Time: 6.756164e-04
0: MPIL CopyToCPU RADIX-9 Dissemination Time: 7.661045e-04
0: MPIL CopyToCPU RADIX-10 Dissemination Time: 7.909654e-04
0: MPIL CopyToCPU RADIX-11 Dissemination Time: 8.401475e-04
0: MPIL CopyToCPU RADIX-12 Dissemination Time: 8.533298e-04
0: MPIL CopyToCPU RADIX-13 Dissemination Time: 8.788770e-04
0: MPIL CopyToCPU RADIX-14 Dissemination Time: 9.122574e-04
0: Testing Size 65536
0: PMPI Allreduce Time: 1.934977e-04
0: MPIL GPU-Aware Recursive Doubling Time: 1.935245e-04
0: MPIL GPU-Aware Node-Aware Dissemination Time: 3.200532e-03
0: MPIL GPU-Aware NUMA-Aware Dissemination Time: 2.424030e-03
0: CopyToCPU PMPI Allreduce Time: 1.628641e-03
0: MPIL CopyToCPU Recursive Doubling Time: 1.826669e-03
0: MPIL CopyToCPU Node-Aware Dissemination Time: 2.706512e-03
0: MPIL CopyToCPU NUMA-Aware Dissemination Time: 1.931633e-03
0: MPIL CopyToCPU RADIX-3 Dissemination Time: 1.976617e-03
0: MPIL CopyToCPU RADIX-4 Dissemination Time: 1.222457e-03
0: MPIL CopyToCPU RADIX-5 Dissemination Time: 1.267529e-03
0: MPIL CopyToCPU RADIX-6 Dissemination Time: 1.264940e-03
0: MPIL CopyToCPU RADIX-7 Dissemination Time: 1.267048e-03
0: MPIL CopyToCPU RADIX-8 Dissemination Time: 1.266939e-03
0: MPIL CopyToCPU RADIX-9 Dissemination Time: 1.449881e-03
0: MPIL CopyToCPU RADIX-10 Dissemination Time: 1.497870e-03
0: MPIL CopyToCPU RADIX-11 Dissemination Time: 1.585936e-03
0: MPIL CopyToCPU RADIX-12 Dissemination Time: 1.621868e-03
0: MPIL CopyToCPU RADIX-13 Dissemination Time: 1.654126e-03
0: MPIL CopyToCPU RADIX-14 Dissemination Time: 1.735178e-03
0: Testing Size 131072
0: PMPI Allreduce Time: 2.347604e-04
0: MPIL GPU-Aware Recursive Doubling Time: 2.349663e-04
0: MPIL GPU-Aware Node-Aware Dissemination Time: 4.013280e-03
0: MPIL GPU-Aware NUMA-Aware Dissemination Time: 3.999849e-03
0: CopyToCPU PMPI Allreduce Time: 3.235160e-03
0: MPIL CopyToCPU Recursive Doubling Time: 3.264404e-03
0: MPIL CopyToCPU Node-Aware Dissemination Time: 5.572392e-03
0: MPIL CopyToCPU NUMA-Aware Dissemination Time: 3.758373e-03
0: MPIL CopyToCPU RADIX-3 Dissemination Time: 3.631747e-03
0: MPIL CopyToCPU RADIX-4 Dissemination Time: 2.293654e-03
0: MPIL CopyToCPU RADIX-5 Dissemination Time: 2.283090e-03
0: MPIL CopyToCPU RADIX-6 Dissemination Time: 2.476068e-03
0: MPIL CopyToCPU RADIX-7 Dissemination Time: 2.399429e-03
0: MPIL CopyToCPU RADIX-8 Dissemination Time: 2.474629e-03
0: MPIL CopyToCPU RADIX-9 Dissemination Time: 2.733643e-03
0: MPIL CopyToCPU RADIX-10 Dissemination Time: 2.813991e-03
0: MPIL CopyToCPU RADIX-11 Dissemination Time: 2.975008e-03
0: MPIL CopyToCPU RADIX-12 Dissemination Time: 2.984065e-03
0: MPIL CopyToCPU RADIX-13 Dissemination Time: 3.024819e-03
0: MPIL CopyToCPU RADIX-14 Dissemination Time: 3.153856e-03
0: Testing Size 262144
0: PMPI Allreduce Time: 2.776517e-04
0: MPIL GPU-Aware Recursive Doubling Time: 2.776832e-04
0: MPIL GPU-Aware Node-Aware Dissemination Time: 5.507762e-03
0: MPIL GPU-Aware NUMA-Aware Dissemination Time: 6.844024e-03
0: CopyToCPU PMPI Allreduce Time: 6.397632e-03
0: MPIL CopyToCPU Recursive Doubling Time: 6.533124e-03
0: MPIL CopyToCPU Node-Aware Dissemination Time: 1.024309e-02
0: MPIL CopyToCPU NUMA-Aware Dissemination Time: 7.236480e-03
0: MPIL CopyToCPU RADIX-3 Dissemination Time: 7.254240e-03
0: MPIL CopyToCPU RADIX-4 Dissemination Time: 4.539634e-03
0: MPIL CopyToCPU RADIX-5 Dissemination Time: 4.638183e-03
0: MPIL CopyToCPU RADIX-6 Dissemination Time: 4.926034e-03
0: MPIL CopyToCPU RADIX-7 Dissemination Time: 4.780789e-03
0: MPIL CopyToCPU RADIX-8 Dissemination Time: 4.849892e-03
0: MPIL CopyToCPU RADIX-9 Dissemination Time: 5.477324e-03
0: MPIL CopyToCPU RADIX-10 Dissemination Time: 5.662911e-03
0: MPIL CopyToCPU RADIX-11 Dissemination Time: 5.987117e-03
0: MPIL CopyToCPU RADIX-12 Dissemination Time: 5.976948e-03
0: MPIL CopyToCPU RADIX-13 Dissemination Time: 6.129816e-03
0: MPIL CopyToCPU RADIX-14 Dissemination Time: 6.454079e-03
0: Testing Size 524288
0: PMPI Allreduce Time: 3.717240e-04
0: MPIL GPU-Aware Recursive Doubling Time: 3.723362e-04
0: MPIL GPU-Aware Node-Aware Dissemination Time: 9.768835e-03
0: MPIL GPU-Aware NUMA-Aware Dissemination Time: 1.290454e-02
0: CopyToCPU PMPI Allreduce Time: 1.284857e-02
0: MPIL CopyToCPU Recursive Doubling Time: 1.306482e-02
0: MPIL CopyToCPU Node-Aware Dissemination Time: 2.051486e-02
0: MPIL CopyToCPU NUMA-Aware Dissemination Time: 1.388443e-02
0: MPIL CopyToCPU RADIX-3 Dissemination Time: 1.457243e-02
0: MPIL CopyToCPU RADIX-4 Dissemination Time: 9.195553e-03
0: MPIL CopyToCPU RADIX-5 Dissemination Time: 9.240454e-03
0: MPIL CopyToCPU RADIX-6 Dissemination Time: 9.985145e-03
0: MPIL CopyToCPU RADIX-7 Dissemination Time: 9.774377e-03
0: MPIL CopyToCPU RADIX-8 Dissemination Time: 1.366862e-02
0: MPIL CopyToCPU RADIX-9 Dissemination Time: 1.594005e-02
0: MPIL CopyToCPU RADIX-10 Dissemination Time: 1.715566e-02
0: MPIL CopyToCPU RADIX-11 Dissemination Time: 1.854639e-02
0: MPIL CopyToCPU RADIX-12 Dissemination Time: 1.914527e-02
0: MPIL CopyToCPU RADIX-13 Dissemination Time: 2.022654e-02
0: MPIL CopyToCPU RADIX-14 Dissemination Time: 2.141244e-02
