[==========] Running 1 test from 1 test suite.
[----------] Global test environment set-up.
[----------] 1 test from RandomCommTest
[ RUN      ] RandomCommTest.TestsInTests
[==========] Running 1 test from 1 test suite.
[----------] Global test environment set-up.
[----------] 1 test from RandomCommTest
[ RUN      ] RandomCommTest.TestsInTests
[==========] Running 1 test from 1 test suite.
[----------] Global test environment set-up.
[----------] 1 test from RandomCommTest
[==========] Running 1 test from 1 test suite.
[----------] Global test environment set-up.
../../../test_data/dwt_162.pm Single Communicate Time: 7.951000e-09
../../../test_data/dwt_162.pm Single Communicate 2 Time: 7.215000e-09
../../../test_data/dwt_162.pm Order comm time (1 order_comm): 7.163200e-08
[       OK ] RandomCommTest.TestsInTests (3 ms)
[----------] 1 test from RandomCommTest (3 ms total)

[----------] Global test environment tear-down
[==========] 1 test from 1 test suite ran. (3 ms total)
[  PASSED  ] 1 test.
[==========] Running 1 test from 1 test suite.
[----------] Global test environment set-up.
[----------] 1 test from RandomCommTest
[ RUN      ] RandomCommTest.TestsInTests
../../../test_data/dwt_162.pm Single Communicate Time: 8.949000e-09
../../../test_data/dwt_162.pm Single Communicate 2 Time: 8.028000e-09
../../../test_data/dwt_162.pm Order comm time (1 order_comm): 7.991400e-08
[       OK ] RandomCommTest.TestsInTests (2 ms)
[----------] 1 test from RandomCommTest (2 ms total)

[----------] Global test environment tear-down
[==========] 1 test from 1 test suite ran. (2 ms total)
[  PASSED  ] 1 test.
[==========] Running 1 test from 1 test suite.
[----------] Global test environment set-up.
[----------] 1 test from RandomCommTest
[ RUN      ] RandomCommTest.TestsInTests
../../../test_data/dwt_162.pm Single Communicate Time: 7.965000e-09
../../../test_data/dwt_162.pm Single Communicate 2 Time: 7.184000e-09
../../../test_data/dwt_162.pm Order comm time (1 order_comm): 7.152700e-08
[       OK ] RandomCommTest.TestsInTests (2 ms)
[----------] 1 test from RandomCommTest (3 ms total)

[----------] Global test environment tear-down
[==========] 1 test from 1 test suite ran. (3 ms total)
[  PASSED  ] 1 test.
[==========] Running 1 test from 1 test suite.
[----------] Global test environment set-up.
[----------] 1 test from RandomCommTest
[ RUN      ] RandomCommTest.TestsInTests
../../../test_data/dwt_162.pm Single Communicate Time: 8.856000e-09
../../../test_data/dwt_162.pm Single Communicate 2 Time: 8.060000e-09
../../../test_data/dwt_162.pm Order comm time (1 order_comm): 7.996600e-08
[       OK ] RandomCommTest.TestsInTests (1 ms)
[----------] 1 test from RandomCommTest (1 ms total)

[----------] Global test environment tear-down
[==========] 1 test from 1 test suite ran. (1 ms total)
[  PASSED  ] 1 test.
[==========] Running 1 test from 1 test suite.
[----------] Global test environment set-up.
[----------] 1 test from RandomCommTest
[ RUN      ] RandomCommTest.TestsInTests
../../../test_data/dwt_162.pm Single Communicate Time: 1.061200e-08
../../../test_data/dwt_162.pm Single Communicate 2 Time: 9.769000e-09
../../../test_data/dwt_162.pm Order comm time (1 order_comm): 9.711500e-08
[       OK ] RandomCommTest.TestsInTests (2 ms)
[----------] 1 test from RandomCommTest (2 ms total)

[----------] Global test environment tear-down
[==========] 1 test from 1 test suite ran. (2 ms total)
[  PASSED  ] 1 test.
../../../test_data/dwt_162.pm Single Communicate Time: 8.107000e-09
../../../test_data/dwt_162.pm Single Communicate 2 Time: 7.194000e-09
../../../test_data/dwt_162.pm Order comm time (1 order_comm): 7.156900e-08
[       OK ] RandomCommTest.TestsInTests (1 ms)
[----------] 1 test from RandomCommTest (1 ms total)

[----------] Global test environment tear-down
[==========] 1 test from 1 test suite ran. (1 ms total)
[  PASSED  ] 1 test.
[----------] 1 test from RandomCommTest
[ RUN      ] RandomCommTest.TestsInTests
[==========] Running 1 test from 1 test suite.
[----------] Global test environment set-up.
[----------] 1 test from RandomCommTest
[ RUN      ] RandomCommTest.TestsInTests
../../../test_data/dwt_162.pm Single Communicate Time: 7.993000e-09
../../../test_data/dwt_162.pm Single Communicate Time: 8.074000e-09
../../../test_data/dwt_162.pm Single Communicate 2 Time: 7.203000e-09
../../../test_data/dwt_162.pm Single Communicate 2 Time: 7.228000e-09
../../../test_data/dwt_162.pm Order comm time (1 order_comm): 7.156600e-08
[       OK ] RandomCommTest.TestsInTests (3 ms)
[----------] 1 test from RandomCommTest (3 ms total)

[----------] Global test environment tear-down
[==========] 1 test from 1 test suite ran. (3 ms total)
[  PASSED  ] 1 test.
../../../test_data/dwt_162.pm Order comm time (1 order_comm): 7.505900e-08
[       OK ] RandomCommTest.TestsInTests (1 ms)
[----------] 1 test from RandomCommTest (1 ms total)

[----------] Global test environment tear-down
[==========] 1 test from 1 test suite ran. (1 ms total)
[  PASSED  ] 1 test.
[==========] Running 1 test from 1 test suite.
[----------] Global test environment set-up.
[----------] 1 test from RandomCommTest
[ RUN      ] RandomCommTest.TestsInTests
[ RUN      ] RandomCommTest.TestsInTests
[==========] Running 1 test from 1 test suite.
[----------] Global test environment set-up.
[----------] 1 test from RandomCommTest
[ RUN      ] RandomCommTest.TestsInTests
../../../test_data/dwt_162.pm Single Communicate Time: 8.852000e-09
../../../test_data/dwt_162.pm Single Communicate 2 Time: 8.039000e-09
../../../test_data/dwt_162.pm Single Communicate Time: 8.773000e-09
../../../test_data/dwt_162.pm Single Communicate 2 Time: 8.036000e-09
../../../test_data/dwt_162.pm Order comm time (1 order_comm): 7.991100e-08
../../../test_data/dwt_162.pm Order comm time (1 order_comm): 7.995700e-08
[       OK ] RandomCommTest.TestsInTests (2 ms)
[       OK ] RandomCommTest.TestsInTests (2 ms)
[----------] 1 test from RandomCommTest (2 ms total)

[----------] 1 test from RandomCommTest (2 ms total)

[----------] Global test environment tear-down
[==========] 1 test from 1 test suite ran. (2 ms total)
[----------] Global test environment tear-down
[==========] 1 test from 1 test suite ran. (2 ms total)
[  PASSED  ] 1 test.
[  PASSED  ] 1 test.
[==========] Running 1 test from 1 test suite.
[----------] Global test environment set-up.
[----------] 1 test from RandomCommTest
[ RUN      ] RandomCommTest.TestsInTests
[==========] Running 1 test from 1 test suite.
[----------] Global test environment set-up.
[----------] 1 test from RandomCommTest
[ RUN      ] RandomCommTest.TestsInTests
../../../test_data/dwt_162.pm Single Communicate Time: 7.943000e-09
../../../test_data/dwt_162.pm Single Communicate 2 Time: 7.227000e-09
../../../test_data/dwt_162.pm Order comm time (1 order_comm): 7.175500e-08
[       OK ] RandomCommTest.TestsInTests (1 ms)
[----------] 1 test from RandomCommTest (1 ms total)

[----------] Global test environment tear-down
[==========] 1 test from 1 test suite ran. (2 ms total)
[  PASSED  ] 1 test.
[==========] Running 1 test from 1 test suite.
[----------] Global test environment set-up.
[----------] 1 test from RandomCommTest
[ RUN      ] RandomCommTest.TestsInTests
../../../test_data/dwt_162.pm Single Communicate Time: 7.920000e-09
../../../test_data/dwt_162.pm Single Communicate 2 Time: 7.196000e-09
../../../test_data/dwt_162.pm Order comm time (1 order_comm): 7.998700e-08
[       OK ] RandomCommTest.TestsInTests (1 ms)
[----------] 1 test from RandomCommTest (1 ms total)

[----------] Global test environment tear-down
[==========] 1 test from 1 test suite ran. (1 ms total)
[  PASSED  ] 1 test.
[==========] Running 1 test from 1 test suite.
[----------] Global test environment set-up.
[----------] 1 test from RandomCommTest
[ RUN      ] RandomCommTest.TestsInTests
[==========] Running 1 test from 1 test suite.
[----------] Global test environment set-up.
[----------] 1 test from RandomCommTest
[ RUN      ] RandomCommTest.TestsInTests
../../../test_data/dwt_162.pm Single Communicate Time: 7.652000e-09
../../../test_data/dwt_162.pm Single Communicate 2 Time: 6.814000e-09
../../../test_data/dwt_162.pm Order comm time (1 order_comm): 6.797400e-08
[       OK ] RandomCommTest.TestsInTests (1 ms)
[----------] 1 test from RandomCommTest (1 ms total)

[----------] Global test environment tear-down
[==========] 1 test from 1 test suite ran. (1 ms total)
[  PASSED  ] 1 test.
../../../test_data/dwt_162.pm Single Communicate Time: 7.488000e-09
../../../test_data/dwt_162.pm Single Communicate 2 Time: 6.833000e-09
../../../test_data/dwt_162.pm Order comm time (1 order_comm): 6.795400e-08
[       OK ] RandomCommTest.TestsInTests (1 ms)
[----------] 1 test from RandomCommTest (1 ms total)

[----------] Global test environment tear-down
[==========] 1 test from 1 test suite ran. (1 ms total)
[  PASSED  ] 1 test.
[==========] Running 1 test from 1 test suite.
[----------] Global test environment set-up.
[----------] 1 test from RandomCommTest
[ RUN      ] RandomCommTest.TestsInTests
../../../test_data/dwt_162.pm Single Communicate Time: 7.923000e-09
../../../test_data/dwt_162.pm Single Communicate 2 Time: 7.171000e-09
../../../test_data/dwt_162.pm Order comm time (1 order_comm): 7.156300e-08
[       OK ] RandomCommTest.TestsInTests (1 ms)
[----------] 1 test from RandomCommTest (1 ms total)

[----------] Global test environment tear-down
[==========] 1 test from 1 test suite ran. (1 ms total)
[  PASSED  ] 1 test.
../../../test_data/dwt_162.pm Single Communicate Time: 2.216300e-08
../../../test_data/dwt_162.pm Single Communicate 2 Time: 7.201000e-09
../../../test_data/dwt_162.pm Order comm time (1 order_comm): 7.169800e-08
[       OK ] RandomCommTest.TestsInTests (1 ms)
[----------] 1 test from RandomCommTest (1 ms total)

[----------] Global test environment tear-down
[==========] 1 test from 1 test suite ran. (2 ms total)
[  PASSED  ] 1 test.
[==========] Running 1 test from 1 test suite.
[----------] Global test environment set-up.
[----------] 1 test from RandomCommTest
[ RUN      ] RandomCommTest.TestsInTests
../../../test_data/dwt_162.pm Single Communicate Time: 9.519000e-09
../../../test_data/dwt_162.pm Single Communicate 2 Time: 8.580000e-09
../../../test_data/dwt_162.pm Order comm time (1 order_comm): 8.509400e-08
[       OK ] RandomCommTest.TestsInTests (2 ms)
[----------] 1 test from RandomCommTest (2 ms total)

[----------] Global test environment tear-down
[==========] 1 test from 1 test suite ran. (2 ms total)
[  PASSED  ] 1 test.
../../../test_data/dwt_162.pm Single Communicate Time: 8.343000e-09
../../../test_data/dwt_162.pm Single Communicate 2 Time: 7.585000e-09
../../../test_data/dwt_162.pm Order comm time (1 order_comm): 8.175000e-08
[       OK ] RandomCommTest.TestsInTests (1 ms)
[----------] 1 test from RandomCommTest (1 ms total)

[----------] Global test environment tear-down
[==========] 1 test from 1 test suite ran. (1 ms total)
[  PASSED  ] 1 test.
[==========] Running 1 test from 1 test suite.
[----------] Global test environment set-up.
[----------] 1 test from RandomCommTest
[ RUN      ] RandomCommTest.TestsInTests
../../../test_data/dwt_162.pm Single Communicate Time: 8.430000e-09
../../../test_data/dwt_162.pm Single Communicate 2 Time: 7.588000e-09
../../../test_data/dwt_162.pm Order comm time (1 order_comm): 7.553000e-08
[       OK ] RandomCommTest.TestsInTests (2 ms)
[----------] 1 test from RandomCommTest (2 ms total)

[----------] Global test environment tear-down
[==========] 1 test from 1 test suite ran. (2 ms total)
[  PASSED  ] 1 test.
[==========] Running 1 test from 1 test suite.
[----------] Global test environment set-up.
[----------] 1 test from RandomCommTest
[ RUN      ] RandomCommTest.TestsInTests
../../../test_data/dwt_162.pm Single Communicate Time: 8.359000e-09
../../../test_data/dwt_162.pm Single Communicate 2 Time: 7.595000e-09
../../../test_data/dwt_162.pm Order comm time (1 order_comm): 7.547900e-08
[       OK ] RandomCommTest.TestsInTests (2 ms)
[----------] 1 test from RandomCommTest (2 ms total)

[----------] Global test environment tear-down
[==========] 1 test from 1 test suite ran. (2 ms total)
[  PASSED  ] 1 test.
[==========] Running 1 test from 1 test suite.
[----------] Global test environment set-up.
[----------] 1 test from RandomCommTest
[ RUN      ] RandomCommTest.TestsInTests
../../../test_data/dwt_162.pm Single Communicate Time: 8.057000e-09
../../../test_data/dwt_162.pm Single Communicate 2 Time: 7.186000e-09
../../../test_data/dwt_162.pm Order comm time (1 order_comm): 7.157900e-08
[       OK ] RandomCommTest.TestsInTests (1 ms)
[----------] 1 test from RandomCommTest (1 ms total)

[----------] Global test environment tear-down
[==========] 1 test from 1 test suite ran. (2 ms total)
[  PASSED  ] 1 test.
[==========] Running 1 test from 1 test suite.
[----------] Global test environment set-up.
[----------] 1 test from RandomCommTest
[ RUN      ] RandomCommTest.TestsInTests
../../../test_data/dwt_162.pm Single Communicate Time: 7.943000e-09
../../../test_data/dwt_162.pm Single Communicate 2 Time: 7.199000e-09
../../../test_data/dwt_162.pm Order comm time (1 order_comm): 7.331800e-08
[       OK ] RandomCommTest.TestsInTests (1 ms)
[----------] 1 test from RandomCommTest (1 ms total)

[----------] Global test environment tear-down
[==========] 1 test from 1 test suite ran. (1 ms total)
[  PASSED  ] 1 test.
[==========] Running 1 test from 1 test suite.
[----------] Global test environment set-up.
[----------] 1 test from RandomCommTest
[ RUN      ] RandomCommTest.TestsInTests
../../../test_data/dwt_162.pm Single Communicate Time: 8.278000e-09
../../../test_data/dwt_162.pm Single Communicate 2 Time: 7.593000e-09
../../../test_data/dwt_162.pm Order comm time (1 order_comm): 7.552800e-08
[==========] Running 1 test from 1 test suite.
[----------] Global test environment set-up.
[----------] 1 test from RandomCommTest
[ RUN      ] RandomCommTest.TestsInTests
[       OK ] RandomCommTest.TestsInTests (1 ms)
[----------] 1 test from RandomCommTest (1 ms total)

[----------] Global test environment tear-down
[==========] Running 1 test from 1 test suite.
[----------] Global test environment set-up.
[----------] 1 test from RandomCommTest
[ RUN      ] RandomCommTest.TestsInTests
[==========] 1 test from 1 test suite ran. (1 ms total)
[  PASSED  ] 1 test.
../../../test_data/dwt_162.pm Single Communicate Time: 2.495900e-08
../../../test_data/dwt_162.pm Single Communicate 2 Time: 6.843000e-09
../../../test_data/dwt_162.pm Order comm time (1 order_comm): 7.418300e-08
[       OK ] RandomCommTest.TestsInTests (1 ms)
[----------] 1 test from RandomCommTest (1 ms total)

[----------] Global test environment tear-down
[==========] 1 test from 1 test suite ran. (1 ms total)
[  PASSED  ] 1 test.
../../../test_data/dwt_162.pm Single Communicate Time: 7.443000e-09
../../../test_data/dwt_162.pm Single Communicate 2 Time: 6.817000e-09
../../../test_data/dwt_162.pm Order comm time (1 order_comm): 6.794800e-08
[       OK ] RandomCommTest.TestsInTests (1 ms)
[----------] 1 test from RandomCommTest (1 ms total)

[----------] Global test environment tear-down
[==========] 1 test from 1 test suite ran. (1 ms total)
[  PASSED  ] 1 test.
[==========] Running 1 test from 1 test suite.
[----------] Global test environment set-up.
[----------] 1 test from RandomCommTest
[ RUN      ] RandomCommTest.TestsInTests
[==========] Running 1 test from 1 test suite.
[----------] Global test environment set-up.
[----------] 1 test from RandomCommTest
[ RUN      ] RandomCommTest.TestsInTests
[==========] Running 1 test from 1 test suite.
[----------] Global test environment set-up.
[----------] 1 test from RandomCommTest
[ RUN      ] RandomCommTest.TestsInTests
../../../test_data/dwt_162.pm Single Communicate Time: 8.795000e-09
../../../test_data/dwt_162.pm Single Communicate 2 Time: 8.042000e-09
../../../test_data/dwt_162.pm Order comm time (1 order_comm): 8.267400e-08
[       OK ] RandomCommTest.TestsInTests (1 ms)
[----------] 1 test from RandomCommTest (1 ms total)

[----------] Global test environment tear-down
[==========] 1 test from 1 test suite ran. (2 ms total)
[  PASSED  ] 1 test.
../../../test_data/dwt_162.pm Single Communicate Time: 8.758000e-09
../../../test_data/dwt_162.pm Single Communicate 2 Time: 8.046000e-09
../../../test_data/dwt_162.pm Order comm time (1 order_comm): 7.997800e-08
[       OK ] RandomCommTest.TestsInTests (1 ms)
[----------] 1 test from RandomCommTest (1 ms total)

[----------] Global test environment tear-down
[==========] 1 test from 1 test suite ran. (1 ms total)
[  PASSED  ] 1 test.
[==========] Running 1 test from 1 test suite.
[----------] Global test environment set-up.
[----------] 1 test from RandomCommTest
[ RUN      ] RandomCommTest.TestsInTests
../../../test_data/dwt_162.pm Single Communicate Time: 7.622000e-09
../../../test_data/dwt_162.pm Single Communicate 2 Time: 6.880000e-09
../../../test_data/dwt_162.pm Order comm time (1 order_comm): 6.806400e-08
[       OK ] RandomCommTest.TestsInTests (1 ms)
[----------] 1 test from RandomCommTest (1 ms total)

[----------] Global test environment tear-down
[==========] 1 test from 1 test suite ran. (1 ms total)
[  PASSED  ] 1 test.
[==========] Running 1 test from 1 test suite.
[----------] Global test environment set-up.
[----------] 1 test from RandomCommTest
[ RUN      ] RandomCommTest.TestsInTests
../../../test_data/dwt_162.pm Single Communicate Time: 7.818000e-09
../../../test_data/dwt_162.pm Single Communicate 2 Time: 7.194000e-09
../../../test_data/dwt_162.pm Order comm time (1 order_comm): 7.152600e-08
[       OK ] RandomCommTest.TestsInTests (1 ms)
[----------] 1 test from RandomCommTest (1 ms total)

[----------] Global test environment tear-down
[==========] 1 test from 1 test suite ran. (1 ms total)
[  PASSED  ] 1 test.
[==========] Running 1 test from 1 test suite.
[----------] Global test environment set-up.
[----------] 1 test from RandomCommTest
[ RUN      ] RandomCommTest.TestsInTests
[==========] Running 1 test from 1 test suite.
[----------] Global test environment set-up.
[----------] 1 test from RandomCommTest
[ RUN      ] RandomCommTest.TestsInTests
../../../test_data/dwt_162.pm Single Communicate Time: 8.823000e-09
../../../test_data/dwt_162.pm Single Communicate 2 Time: 8.029000e-09
../../../test_data/dwt_162.pm Order comm time (1 order_comm): 7.993500e-08
[       OK ] RandomCommTest.TestsInTests (1 ms)
[----------] 1 test from RandomCommTest (1 ms total)

[----------] Global test environment tear-down
[==========] 1 test from 1 test suite ran. (1 ms total)
[  PASSED  ] 1 test.
../../../test_data/dwt_162.pm Single Communicate Time: 8.750000e-09
../../../test_data/dwt_162.pm Single Communicate 2 Time: 8.035000e-09
../../../test_data/dwt_162.pm Order comm time (1 order_comm): 7.999400e-08
[       OK ] RandomCommTest.TestsInTests (1 ms)
[----------] 1 test from RandomCommTest (1 ms total)

[----------] Global test environment tear-down
[==========] 1 test from 1 test suite ran. (1 ms total)
[  PASSED  ] 1 test.
../../../test_data/dwt_162.pm Single Communicate Time: 8.896000e-09
../../../test_data/dwt_162.pm Single Communicate 2 Time: 1.150600e-08
../../../test_data/dwt_162.pm Order comm time (1 order_comm): 8.007400e-08
[       OK ] RandomCommTest.TestsInTests (1 ms)
[----------] 1 test from RandomCommTest (1 ms total)

[----------] Global test environment tear-down
[==========] 1 test from 1 test suite ran. (1 ms total)
[  PASSED  ] 1 test.
[==========] Running 1 test from 1 test suite.
[----------] Global test environment set-up.
[----------] 1 test from RandomCommTest
[ RUN      ] RandomCommTest.TestsInTests
[==========] Running 1 test from 1 test suite.
[----------] Global test environment set-up.
[----------] 1 test from RandomCommTest
[ RUN      ] RandomCommTest.TestsInTests
[==========] Running 1 test from 1 test suite.
[----------] Global test environment set-up.
[----------] 1 test from RandomCommTest
[ RUN      ] RandomCommTest.TestsInTests
[==========] Running 1 test from 1 test suite.
[----------] Global test environment set-up.
[----------] 1 test from RandomCommTest
[ RUN      ] RandomCommTest.TestsInTests
[==========] Running 1 test from 1 test suite.
[----------] Global test environment set-up.
[----------] 1 test from RandomCommTest
[ RUN      ] RandomCommTest.TestsInTests
../../../test_data/dwt_162.pm Single Communicate Time: 1.245000e-08
../../../test_data/dwt_162.pm Single Communicate 2 Time: 1.140000e-08
../../../test_data/dwt_162.pm Single Communicate Time: 1.254000e-08
../../../test_data/dwt_162.pm Single Communicate 2 Time: 1.141800e-08
../../../test_data/dwt_162.pm Single Communicate Time: 1.234900e-08
../../../test_data/dwt_162.pm Single Communicate 2 Time: 1.137700e-08
../../../test_data/dwt_162.pm Order comm time (1 order_comm): 1.172840e-07
../../../test_data/dwt_162.pm Order comm time (1 order_comm): 1.133030e-07
../../../test_data/dwt_162.pm Order comm time (1 order_comm): 1.132340e-07
[       OK ] RandomCommTest.TestsInTests (5 ms)
[       OK ] RandomCommTest.TestsInTests (7 ms)
[----------] 1 test from RandomCommTest (7 ms total)

[----------] Global test environment tear-down
[       OK ] RandomCommTest.TestsInTests (3 ms)
[----------] 1 test from RandomCommTest (3 ms total)

[----------] Global test environment tear-down
[==========] 1 test from 1 test suite ran. (3 ms total)
[----------] 1 test from RandomCommTest (5 ms total)

[----------] Global test environment tear-down
[==========] 1 test from 1 test suite ran. (6 ms total)
[==========] 1 test from 1 test suite ran. (7 ms total)
[  PASSED  ] 1 test.
[  PASSED  ] 1 test.
[  PASSED  ] 1 test.
[==========] Running 1 test from 1 test suite.
[----------] Global test environment set-up.
[----------] 1 test from RandomCommTest
[ RUN      ] RandomCommTest.TestsInTests
../../../test_data/dwt_162.pm Single Communicate Time: 1.253000e-08
../../../test_data/dwt_162.pm Single Communicate 2 Time: 1.138800e-08
../../../test_data/dwt_162.pm Single Communicate Time: 1.241200e-08
../../../test_data/dwt_162.pm Single Communicate 2 Time: 1.138500e-08
../../../test_data/dwt_162.pm Order comm time (1 order_comm): 1.133060e-07
[       OK ] RandomCommTest.TestsInTests (2 ms)
[----------] 1 test from RandomCommTest (2 ms total)

[----------] Global test environment tear-down
[==========] 1 test from 1 test suite ran. (2 ms total)
[  PASSED  ] 1 test.
../../../test_data/dwt_162.pm Order comm time (1 order_comm): 1.133610e-07
[       OK ] RandomCommTest.TestsInTests (4 ms)
[----------] 1 test from RandomCommTest (4 ms total)

[----------] Global test environment tear-down
[==========] 1 test from 1 test suite ran. (4 ms total)
[  PASSED  ] 1 test.
[==========] Running 1 test from 1 test suite.
[----------] Global test environment set-up.
[----------] 1 test from RandomCommTest
[ RUN      ] RandomCommTest.TestsInTests
[==========] Running 1 test from 1 test suite.
[----------] Global test environment set-up.
../../../test_data/dwt_162.pm Single Communicate Time: 1.247400e-08
[----------] 1 test from RandomCommTest
[ RUN      ] RandomCommTest.TestsInTests
../../../test_data/dwt_162.pm Single Communicate 2 Time: 1.137900e-08
../../../test_data/dwt_162.pm Order comm time (1 order_comm): 1.132470e-07
[       OK ] RandomCommTest.TestsInTests (2 ms)
[----------] 1 test from RandomCommTest (2 ms total)

[----------] Global test environment tear-down
[==========] 1 test from 1 test suite ran. (2 ms total)
[  PASSED  ] 1 test.
../../../test_data/dwt_162.pm Single Communicate Time: 1.241200e-08
../../../test_data/dwt_162.pm Single Communicate 2 Time: 1.137200e-08
../../../test_data/dwt_162.pm Order comm time (1 order_comm): 1.132670e-07
[       OK ] RandomCommTest.TestsInTests (2 ms)
[----------] 1 test from RandomCommTest (2 ms total)

[----------] Global test environment tear-down
[==========] 1 test from 1 test suite ran. (2 ms total)
[  PASSED  ] 1 test.
../../../test_data/dwt_162.pm Single Communicate Time: 1.236400e-08
../../../test_data/dwt_162.pm Single Communicate 2 Time: 1.137700e-08
../../../test_data/dwt_162.pm Order comm time (1 order_comm): 1.182730e-07
[       OK ] RandomCommTest.TestsInTests (2 ms)
[----------] 1 test from RandomCommTest (2 ms total)

[----------] Global test environment tear-down
[==========] 1 test from 1 test suite ran. (2 ms total)
[  PASSED  ] 1 test.
[==========] Running 1 test from 1 test suite.
[----------] Global test environment set-up.
[----------] 1 test from RandomCommTest
[ RUN      ] RandomCommTest.TestsInTests
../../../test_data/dwt_162.pm Single Communicate Time: 1.258400e-08
../../../test_data/dwt_162.pm Single Communicate 2 Time: 1.136400e-08
../../../test_data/dwt_162.pm Order comm time (1 order_comm): 1.240380e-07
[       OK ] RandomCommTest.TestsInTests (5 ms)
[----------] 1 test from RandomCommTest (5 ms total)

[----------] Global test environment tear-down
[==========] 1 test from 1 test suite ran. (5 ms total)
[  PASSED  ] 1 test.
[==========] Running 1 test from 1 test suite.
[----------] Global test environment set-up.
[----------] 1 test from RandomCommTest
[ RUN      ] RandomCommTest.TestsInTests
../../../test_data/dwt_162.pm Single Communicate Time: 1.247200e-08
../../../test_data/dwt_162.pm Single Communicate 2 Time: 1.137700e-08
../../../test_data/dwt_162.pm Order comm time (1 order_comm): 1.183950e-07
[       OK ] RandomCommTest.TestsInTests (1 ms)
[----------] 1 test from RandomCommTest (1 ms total)

[----------] Global test environment tear-down
[==========] 1 test from 1 test suite ran. (1 ms total)
[  PASSED  ] 1 test.
[==========] Running 1 test from 1 test suite.
[----------] Global test environment set-up.
[----------] 1 test from RandomCommTest
[ RUN      ] RandomCommTest.TestsInTests
../../../test_data/dwt_162.pm Single Communicate Time: 1.239400e-08
../../../test_data/dwt_162.pm Single Communicate 2 Time: 1.140000e-08
../../../test_data/dwt_162.pm Order comm time (1 order_comm): 1.233350e-07
[       OK ] RandomCommTest.TestsInTests (1 ms)
[----------] 1 test from RandomCommTest (1 ms total)

[----------] Global test environment tear-down
[==========] 1 test from 1 test suite ran. (1 ms total)
[  PASSED  ] 1 test.
[==========] Running 1 test from 1 test suite.
[----------] Global test environment set-up.
[----------] 1 test from RandomCommTest
[ RUN      ] RandomCommTest.TestsInTests
[==========] Running 1 test from 1 test suite.
[==========] Running 1 test from 1 test suite.
[----------] Global test environment set-up.
[----------] 1 test from RandomCommTest
[ RUN      ] RandomCommTest.TestsInTests
[----------] Global test environment set-up.
[----------] 1 test from RandomCommTest
[ RUN      ] RandomCommTest.TestsInTests
[==========] Running 1 test from 1 test suite.
[----------] Global test environment set-up.
[----------] 1 test from RandomCommTest
[ RUN      ] RandomCommTest.TestsInTests
../../../test_data/dwt_162.pm Single Communicate Time: 1.241500e-08
../../../test_data/dwt_162.pm Single Communicate 2 Time: 1.139400e-08
../../../test_data/dwt_162.pm Single Communicate Time: 1.242700e-08
../../../test_data/dwt_162.pm Single Communicate 2 Time: 1.136400e-08
../../../test_data/dwt_162.pm Order comm time (1 order_comm): 1.208180e-07
[       OK ] RandomCommTest.TestsInTests (1 ms)
[----------] 1 test from RandomCommTest (1 ms total)

[----------] Global test environment tear-down
[==========] 1 test from 1 test suite ran. (2 ms total)
[  PASSED  ] 1 test.
../../../test_data/dwt_162.pm Single Communicate Time: 1.235000e-08
../../../test_data/dwt_162.pm Order comm time (1 order_comm): 1.132980e-07
../../../test_data/dwt_162.pm Single Communicate 2 Time: 1.137700e-08
[       OK ] RandomCommTest.TestsInTests (1 ms)
[----------] 1 test from RandomCommTest (1 ms total)

[----------] Global test environment tear-down
[==========] 1 test from 1 test suite ran. (1 ms total)
../../../test_data/dwt_162.pm Single Communicate Time: 1.237700e-08
../../../test_data/dwt_162.pm Single Communicate 2 Time: 1.136600e-08
[  PASSED  ] 1 test.
../../../test_data/dwt_162.pm Order comm time (1 order_comm): 1.235300e-07
[       OK ] RandomCommTest.TestsInTests (1 ms)
[----------] 1 test from RandomCommTest (1 ms total)

[----------] Global test environment tear-down
../../../test_data/dwt_162.pm Order comm time (1 order_comm): 1.249770e-07
[==========] 1 test from 1 test suite ran. (2 ms total)
[  PASSED  ] 1 test.
[       OK ] RandomCommTest.TestsInTests (1 ms)
[----------] 1 test from RandomCommTest (1 ms total)

[----------] Global test environment tear-down
[==========] 1 test from 1 test suite ran. (1 ms total)
[  PASSED  ] 1 test.
[==========] Running 1 test from 1 test suite.
[----------] Global test environment set-up.
[----------] 1 test from RandomCommTest
[ RUN      ] RandomCommTest.TestsInTests
../../../test_data/dwt_162.pm Single Communicate Time: 1.234500e-08
../../../test_data/dwt_162.pm Single Communicate 2 Time: 1.136400e-08
../../../test_data/dwt_162.pm Order comm time (1 order_comm): 1.233070e-07
[       OK ] RandomCommTest.TestsInTests (2 ms)
[----------] 1 test from RandomCommTest (2 ms total)

[----------] Global test environment tear-down
[==========] 1 test from 1 test suite ran. (2 ms total)
[  PASSED  ] 1 test.
[==========] Running 1 test from 1 test suite.
[----------] Global test environment set-up.
[----------] 1 test from RandomCommTest
[ RUN      ] RandomCommTest.TestsInTests
[==========] Running 1 test from 1 test suite.
[----------] Global test environment set-up.
[----------] 1 test from RandomCommTest
[ RUN      ] RandomCommTest.TestsInTests
[==========] Running 1 test from 1 test suite.
[----------] Global test environment set-up.
[----------] 1 test from RandomCommTest
[ RUN      ] RandomCommTest.TestsInTests
[==========] Running 1 test from 1 test suite.
[----------] Global test environment set-up.
[----------] 1 test from RandomCommTest
[ RUN      ] RandomCommTest.TestsInTests
../../../test_data/dwt_162.pm Single Communicate Time: 1.261600e-08
../../../test_data/dwt_162.pm Single Communicate 2 Time: 1.137900e-08
../../../test_data/dwt_162.pm Order comm time (1 order_comm): 1.132400e-07
[       OK ] RandomCommTest.TestsInTests (8 ms)
[----------] 1 test from RandomCommTest (9 ms total)

[----------] Global test environment tear-down
[==========] 1 test from 1 test suite ran. (9 ms total)
[  PASSED  ] 1 test.
../../../test_data/dwt_162.pm Single Communicate Time: 1.247700e-08
../../../test_data/dwt_162.pm Single Communicate 2 Time: 1.139000e-08
../../../test_data/dwt_162.pm Single Communicate Time: 1.239200e-08
../../../test_data/dwt_162.pm Single Communicate 2 Time: 1.136700e-08
../../../test_data/dwt_162.pm Order comm time (1 order_comm): 1.777260e-07
../../../test_data/dwt_162.pm Order comm time (1 order_comm): 1.225380e-07
[       OK ] RandomCommTest.TestsInTests (5 ms)
[----------] 1 test from RandomCommTest (6 ms total)

[----------] Global test environment tear-down
[       OK ] RandomCommTest.TestsInTests (7 ms)
[----------] 1 test from RandomCommTest (7 ms total)

[----------] Global test environment tear-down
[==========] 1 test from 1 test suite ran. (6 ms total)
[  PASSED  ] 1 test.
[==========] 1 test from 1 test suite ran. (8 ms total)
[  PASSED  ] 1 test.
[==========] Running 1 test from 1 test suite.
[----------] Global test environment set-up.
[----------] 1 test from RandomCommTest
[ RUN      ] RandomCommTest.TestsInTests
../../../test_data/dwt_162.pm Single Communicate Time: 1.241000e-08
../../../test_data/dwt_162.pm Single Communicate 2 Time: 1.141300e-08
[==========] Running 1 test from 1 test suite.
../../../test_data/dwt_162.pm Order comm time (1 order_comm): 1.133530e-07
[----------] Global test environment set-up.
[----------] 1 test from RandomCommTest
[ RUN      ] RandomCommTest.TestsInTests
[       OK ] RandomCommTest.TestsInTests (2 ms)
[----------] 1 test from RandomCommTest (2 ms total)

[----------] Global test environment tear-down
[==========] 1 test from 1 test suite ran. (2 ms total)
[  PASSED  ] 1 test.
../../../test_data/dwt_162.pm Single Communicate Time: 1.242500e-08
../../../test_data/dwt_162.pm Single Communicate 2 Time: 1.137500e-08
[==========] Running 1 test from 1 test suite.
[----------] Global test environment set-up.
../../../test_data/dwt_162.pm Order comm time (1 order_comm): 1.132300e-07
[----------] 1 test from RandomCommTest
[ RUN      ] RandomCommTest.TestsInTests
[       OK ] RandomCommTest.TestsInTests (6 ms)
[----------] 1 test from RandomCommTest (7 ms total)

[----------] Global test environment tear-down
[==========] 1 test from 1 test suite ran. (7 ms total)
[  PASSED  ] 1 test.
../../../test_data/dwt_162.pm Single Communicate Time: 1.237400e-08
../../../test_data/dwt_162.pm Single Communicate 2 Time: 1.141000e-08
../../../test_data/dwt_162.pm Order comm time (1 order_comm): 1.133700e-07
[       OK ] RandomCommTest.TestsInTests (1 ms)
[----------] 1 test from RandomCommTest (1 ms total)

[----------] Global test environment tear-down
[==========] 1 test from 1 test suite ran. (1 ms total)
[  PASSED  ] 1 test.
[==========] Running 1 test from 1 test suite.
[----------] Global test environment set-up.
[----------] 1 test from RandomCommTest
[ RUN      ] RandomCommTest.TestsInTests
../../../test_data/dwt_162.pm Single Communicate Time: 1.243400e-08
../../../test_data/dwt_162.pm Single Communicate 2 Time: 1.137200e-08
../../../test_data/dwt_162.pm Order comm time (1 order_comm): 1.182600e-07
[       OK ] RandomCommTest.TestsInTests (1 ms)
[----------] 1 test from RandomCommTest (1 ms total)

[----------] Global test environment tear-down
[==========] 1 test from 1 test suite ran. (1 ms total)
[  PASSED  ] 1 test.
[==========] Running 1 test from 1 test suite.
[----------] Global test environment set-up.
[----------] 1 test from RandomCommTest
[ RUN      ] RandomCommTest.TestsInTests
[==========] Running 1 test from 1 test suite.
[----------] Global test environment set-up.
[----------] 1 test from RandomCommTest
[ RUN      ] RandomCommTest.TestsInTests
../../../test_data/dwt_162.pm Single Communicate Time: 1.261400e-08
../../../test_data/dwt_162.pm Single Communicate 2 Time: 1.145200e-08
../../../test_data/dwt_162.pm Order comm time (1 order_comm): 1.134100e-07
[       OK ] RandomCommTest.TestsInTests (6 ms)
[----------] 1 test from RandomCommTest (6 ms total)

[----------] Global test environment tear-down
[==========] 1 test from 1 test suite ran. (6 ms total)
[  PASSED  ] 1 test.
[==========] Running 1 test from 1 test suite.
[----------] Global test environment set-up.
[----------] 1 test from RandomCommTest
[ RUN      ] RandomCommTest.TestsInTests
[==========] Running 1 test from 1 test suite.
[----------] Global test environment set-up.
[----------] 1 test from RandomCommTest
[ RUN      ] RandomCommTest.TestsInTests
../../../test_data/dwt_162.pm Single Communicate Time: 1.227900e-08
../../../test_data/dwt_162.pm Single Communicate 2 Time: 1.139500e-08
../../../test_data/dwt_162.pm Order comm time (1 order_comm): 1.190650e-07
[       OK ] RandomCommTest.TestsInTests (1 ms)
[----------] 1 test from RandomCommTest (1 ms total)

[----------] Global test environment tear-down
[==========] 1 test from 1 test suite ran. (1 ms total)
[  PASSED  ] 1 test.
../../../test_data/dwt_162.pm Single Communicate Time: 1.248200e-08
../../../test_data/dwt_162.pm Single Communicate 2 Time: 1.139800e-08
../../../test_data/dwt_162.pm Order comm time (1 order_comm): 1.133830e-07
[       OK ] RandomCommTest.TestsInTests (8 ms)
[----------] 1 test from RandomCommTest (8 ms total)

[----------] Global test environment tear-down
[==========] 1 test from 1 test suite ran. (8 ms total)
[  PASSED  ] 1 test.
../../../test_data/dwt_162.pm Single Communicate Time: 1.244500e-08
../../../test_data/dwt_162.pm Single Communicate 2 Time: 1.142000e-08
../../../test_data/dwt_162.pm Order comm time (1 order_comm): 1.135860e-07
[       OK ] RandomCommTest.TestsInTests (2 ms)
[----------] 1 test from RandomCommTest (2 ms total)

[----------] Global test environment tear-down
[==========] 1 test from 1 test suite ran. (2 ms total)
[  PASSED  ] 1 test.
[==========] Running 1 test from 1 test suite.
[----------] Global test environment set-up.
[----------] 1 test from RandomCommTest
[ RUN      ] RandomCommTest.TestsInTests
[==========] Running 1 test from 1 test suite.
[----------] Global test environment set-up.
[----------] 1 test from RandomCommTest
[ RUN      ] RandomCommTest.TestsInTests
[==========] Running 1 test from 1 test suite.
[----------] Global test environment set-up.
[----------] 1 test from RandomCommTest
[ RUN      ] RandomCommTest.TestsInTests
../../../test_data/dwt_162.pm Single Communicate Time: 1.233500e-08
../../../test_data/dwt_162.pm Single Communicate 2 Time: 1.137500e-08
../../../test_data/dwt_162.pm Single Communicate Time: 1.241900e-08
../../../test_data/dwt_162.pm Single Communicate 2 Time: 1.139400e-08
../../../test_data/dwt_162.pm Order comm time (1 order_comm): 1.132660e-07
[       OK ] RandomCommTest.TestsInTests (1 ms)
[----------] 1 test from RandomCommTest (1 ms total)

[----------] Global test environment tear-down
[==========] 1 test from 1 test suite ran. (1 ms total)
[  PASSED  ] 1 test.
../../../test_data/dwt_162.pm Order comm time (1 order_comm): 1.201100e-07
[       OK ] RandomCommTest.TestsInTests (1 ms)
[----------] 1 test from RandomCommTest (2 ms total)

[----------] Global test environment tear-down
[==========] 1 test from 1 test suite ran. (2 ms total)
[  PASSED  ] 1 test.
../../../test_data/dwt_162.pm Single Communicate Time: 1.239400e-08
../../../test_data/dwt_162.pm Single Communicate 2 Time: 1.137500e-08
../../../test_data/dwt_162.pm Order comm time (1 order_comm): 1.132860e-07
[       OK ] RandomCommTest.TestsInTests (1 ms)
[----------] 1 test from RandomCommTest (1 ms total)

[----------] Global test environment tear-down
[==========] 1 test from 1 test suite ran. (1 ms total)
[  PASSED  ] 1 test.
../../../test_data/dwt_162.pm Single Communicate Time: 1.230500e-08
../../../test_data/dwt_162.pm Single Communicate 2 Time: 1.139200e-08
../../../test_data/dwt_162.pm Order comm time (1 order_comm): 1.132740e-07
[       OK ] RandomCommTest.TestsInTests (1 ms)
[----------] 1 test from RandomCommTest (1 ms total)

[----------] Global test environment tear-down
[==========] 1 test from 1 test suite ran. (1 ms total)
[  PASSED  ] 1 test.
[==========] Running 1 test from 1 test suite.
[----------] Global test environment set-up.
[----------] 1 test from RandomCommTest
[ RUN      ] RandomCommTest.TestsInTests
../../../test_data/dwt_162.pm Single Communicate Time: 1.232200e-08
../../../test_data/dwt_162.pm Single Communicate 2 Time: 1.140000e-08
../../../test_data/dwt_162.pm Order comm time (1 order_comm): 1.132660e-07
[       OK ] RandomCommTest.TestsInTests (1 ms)
[----------] 1 test from RandomCommTest (1 ms total)

[----------] Global test environment tear-down
[==========] 1 test from 1 test suite ran. (1 ms total)
[  PASSED  ] 1 test.
