[==========] Running 1 test from 1 test suite.
[----------] Global test environment set-up.
[----------] 1 test from RandomCommTest
[ RUN      ] RandomCommTest.TestsInTests
[==========] Running 1 test from 1 test suite.
[----------] Global test environment set-up.
[----------] 1 test from RandomCommTest
[ RUN      ] RandomCommTest.TestsInTests
[==========] Running 1 test from 1 test suite.
[----------] Global test environment set-up.
[----------] 1 test from RandomCommTest
[ RUN      ] RandomCommTest.TestsInTests
[==========] Running 1 test from 1 test suite.
[----------] Global test environment set-up.
[----------] 1 test from RandomCommTest
[ RUN      ] RandomCommTest.TestsInTests
[==========] Running 1 test from 1 test suite.
[----------] Global test environment set-up.
[----------] 1 test from RandomCommTest
[ RUN      ] RandomCommTest.TestsInTests
[==========] Running 1 test from 1 test suite.
[----------] Global test environment set-up.
[----------] 1 test from RandomCommTest
[ RUN      ] RandomCommTest.TestsInTests
[==========] Running 1 test from 1 test suite.
[----------] Global test environment set-up.
[----------] 1 test from RandomCommTest
[ RUN      ] RandomCommTest.TestsInTests
[==========] Running 1 test from 1 test suite.
[----------] Global test environment set-up.
[----------] 1 test from RandomCommTest
[ RUN      ] RandomCommTest.TestsInTests
../../../test_data/dwt_162.pm Single Communicate Time: 1.242000e-08
../../../test_data/dwt_162.pm Single Communicate 2 Time: 1.141500e-08
../../../test_data/dwt_162.pm Single Communicate Time: 1.156600e-08
../../../test_data/dwt_162.pm Single Communicate 2 Time: 1.050400e-08
../../../test_data/dwt_162.pm Single Communicate Time: 1.237000e-08
../../../test_data/dwt_162.pm Single Communicate 2 Time: 1.137200e-08
../../../test_data/dwt_162.pm Single Communicate Time: 1.258200e-08
../../../test_data/dwt_162.pm Single Communicate 2 Time: 1.143000e-08
../../../test_data/dwt_162.pm Order comm time (1 order_comm): 1.424920e-07
../../../test_data/dwt_162.pm Order comm time (1 order_comm): 1.325890e-07
../../../test_data/dwt_162.pm Single Communicate Time: 1.227700e-08
../../../test_data/dwt_162.pm Single Communicate 2 Time: 1.139600e-08
[       OK ] RandomCommTest.TestsInTests (28 ms)
[----------] 1 test from RandomCommTest (28 ms total)

[----------] Global test environment tear-down
[==========] 1 test from 1 test suite ran. (28 ms total)
[       OK ] RandomCommTest.TestsInTests (26 ms)
[----------] 1 test from RandomCommTest (26 ms total)

[----------] Global test environment tear-down
[==========] 1 test from 1 test suite ran. (26 ms total)
../../../test_data/dwt_162.pm Order comm time (1 order_comm): 1.414080e-07
[       OK ] RandomCommTest.TestsInTests (28 ms)
[  PASSED  ] 1 test.
../../../test_data/dwt_162.pm Single Communicate Time: 1.136200e-08
../../../test_data/dwt_162.pm Single Communicate 2 Time: 1.048600e-08
../../../test_data/dwt_162.pm Single Communicate Time: 1.145500e-08
../../../test_data/dwt_162.pm Single Communicate 2 Time: 1.049700e-08
[  PASSED  ] 1 test.
[----------] 1 test from RandomCommTest (28 ms total)

[----------] Global test environment tear-down
[==========] 1 test from 1 test suite ran. (28 ms total)
[  PASSED  ] 1 test.
../../../test_data/dwt_162.pm Order comm time (1 order_comm): 1.234230e-07
[       OK ] RandomCommTest.TestsInTests (29 ms)
../../../test_data/dwt_162.pm Order comm time (1 order_comm): 1.045690e-07
[----------] 1 test from RandomCommTest (29 ms total)

[----------] Global test environment tear-down
[       OK ] RandomCommTest.TestsInTests (25 ms)
[----------] 1 test from RandomCommTest (25 ms total)

[----------] Global test environment tear-down
../../../test_data/dwt_162.pm Order comm time (1 order_comm): 1.045850e-07
[==========] 1 test from 1 test suite ran. (29 ms total)
[  PASSED  ] 1 test.
[==========] 1 test from 1 test suite ran. (25 ms total)
[  PASSED  ] 1 test.
[       OK ] RandomCommTest.TestsInTests (22 ms)
[----------] 1 test from RandomCommTest (22 ms total)

[----------] Global test environment tear-down
[==========] 1 test from 1 test suite ran. (22 ms total)
[  PASSED  ] 1 test.
../../../test_data/dwt_162.pm Single Communicate Time: 3.366900e-08
../../../test_data/dwt_162.pm Single Communicate 2 Time: 1.056200e-08
../../../test_data/dwt_162.pm Order comm time (1 order_comm): 7.093930e-07
[       OK ] RandomCommTest.TestsInTests (31 ms)
[----------] 1 test from RandomCommTest (31 ms total)

[----------] Global test environment tear-down
[==========] 1 test from 1 test suite ran. (32 ms total)
[  PASSED  ] 1 test.
../../../test_data/dwt_162.pm Order comm time (1 order_comm): 1.560600e-07
[       OK ] RandomCommTest.TestsInTests (12 ms)
[----------] 1 test from RandomCommTest (13 ms total)

[----------] Global test environment tear-down
[==========] 1 test from 1 test suite ran. (13 ms total)
[  PASSED  ] 1 test.
[==========] Running 1 test from 1 test suite.
[----------] Global test environment set-up.
[----------] 1 test from RandomCommTest
[ RUN      ] RandomCommTest.TestsInTests
[==========] Running 1 test from 1 test suite.
[----------] Global test environment set-up.
[----------] 1 test from RandomCommTest
[ RUN      ] RandomCommTest.TestsInTests
[==========] Running 1 test from 1 test suite.
[----------] Global test environment set-up.
[----------] 1 test from RandomCommTest
[ RUN      ] RandomCommTest.TestsInTests
[==========] Running 1 test from 1 test suite.
[----------] Global test environment set-up.
[----------] 1 test from RandomCommTest
[ RUN      ] RandomCommTest.TestsInTests
[==========] Running 1 test from 1 test suite.
[----------] Global test environment set-up.
[----------] 1 test from RandomCommTest
[ RUN      ] RandomCommTest.TestsInTests
[==========] Running 1 test from 1 test suite.
[----------] Global test environment set-up.
[----------] 1 test from RandomCommTest
[ RUN      ] RandomCommTest.TestsInTests
[==========] Running 1 test from 1 test suite.
[----------] Global test environment set-up.
[----------] 1 test from RandomCommTest
[ RUN      ] RandomCommTest.TestsInTests
[==========] Running 1 test from 1 test suite.
[----------] Global test environment set-up.
[----------] 1 test from RandomCommTest
[ RUN      ] RandomCommTest.TestsInTests
../../../test_data/dwt_162.pm Single Communicate Time: 1.259000e-08
../../../test_data/dwt_162.pm Single Communicate Time: 1.234600e-08
../../../test_data/dwt_162.pm Single Communicate 2 Time: 1.139700e-08
../../../test_data/dwt_162.pm Single Communicate 2 Time: 1.138000e-08
../../../test_data/dwt_162.pm Single Communicate Time: 1.149700e-08
../../../test_data/dwt_162.pm Single Communicate 2 Time: 1.050100e-08
../../../test_data/dwt_162.pm Single Communicate Time: 1.140400e-08
../../../test_data/dwt_162.pm Single Communicate 2 Time: 1.050800e-08
../../../test_data/dwt_162.pm Single Communicate Time: 1.139100e-08
../../../test_data/dwt_162.pm Single Communicate 2 Time: 1.052300e-08
../../../test_data/dwt_162.pm Order comm time (1 order_comm): 1.132250e-07
../../../test_data/dwt_162.pm Order comm time (1 order_comm): 1.132050e-07
[       OK ] RandomCommTest.TestsInTests (16 ms)
../../../test_data/dwt_162.pm Single Communicate Time: 1.234000e-08
../../../test_data/dwt_162.pm Single Communicate 2 Time: 1.140200e-08
[       OK ] RandomCommTest.TestsInTests (16 ms)
[----------] 1 test from RandomCommTest (16 ms total)

../../../test_data/dwt_162.pm Order comm time (1 order_comm): 1.044920e-07
[       OK ] RandomCommTest.TestsInTests (6 ms)
[----------] 1 test from RandomCommTest (6 ms total)

[----------] 1 test from RandomCommTest (16 ms total)

[----------] Global test environment tear-down
[==========] 1 test from 1 test suite ran. (16 ms total)
[  PASSED  ] 1 test.
../../../test_data/dwt_162.pm Order comm time (1 order_comm): 1.045430e-07
[       OK ] RandomCommTest.TestsInTests (6 ms)
[----------] 1 test from RandomCommTest (6 ms total)

[----------] Global test environment tear-down
[----------] Global test environment tear-down
[==========] 1 test from 1 test suite ran. (16 ms total)
[  PASSED  ] 1 test.
../../../test_data/dwt_162.pm Order comm time (1 order_comm): 1.044940e-07
[       OK ] RandomCommTest.TestsInTests (9 ms)
[----------] Global test environment tear-down
[==========] 1 test from 1 test suite ran. (6 ms total)
[  PASSED  ] 1 test.
[==========] 1 test from 1 test suite ran. (6 ms total)
[  PASSED  ] 1 test.
[----------] 1 test from RandomCommTest (9 ms total)

[----------] Global test environment tear-down
[==========] 1 test from 1 test suite ran. (10 ms total)
[  PASSED  ] 1 test.
../../../test_data/dwt_162.pm Order comm time (1 order_comm): 1.246520e-07
[       OK ] RandomCommTest.TestsInTests (3 ms)
[----------] 1 test from RandomCommTest (3 ms total)

[----------] Global test environment tear-down
[==========] 1 test from 1 test suite ran. (3 ms total)
[  PASSED  ] 1 test.
../../../test_data/dwt_162.pm Single Communicate Time: 1.150200e-08
../../../test_data/dwt_162.pm Single Communicate 2 Time: 1.055700e-08
../../../test_data/dwt_162.pm Order comm time (1 order_comm): 1.050990e-07
[       OK ] RandomCommTest.TestsInTests (14 ms)
[----------] 1 test from RandomCommTest (14 ms total)

[----------] Global test environment tear-down
[==========] 1 test from 1 test suite ran. (14 ms total)
[  PASSED  ] 1 test.
../../../test_data/dwt_162.pm Single Communicate Time: 1.235000e-08
../../../test_data/dwt_162.pm Single Communicate 2 Time: 1.139800e-08
../../../test_data/dwt_162.pm Order comm time (1 order_comm): 1.133000e-07
[       OK ] RandomCommTest.TestsInTests (4 ms)
[----------] 1 test from RandomCommTest (4 ms total)

[----------] Global test environment tear-down
[==========] 1 test from 1 test suite ran. (4 ms total)
[  PASSED  ] 1 test.
