[==========] Running 1 test from 1 test suite.
[----------] Global test environment set-up.
[==========] Running 1 test from 1 test suite.
[----------] Global test environment set-up.
[----------] 1 test from RandomCommTest
[ RUN      ] RandomCommTest.TestsInTests
../../../test_data/dwt_162.pm Single Communicate Time: 8.108000e-09
../../../test_data/dwt_162.pm Single Communicate 2 Time: 7.212000e-09
../../../test_data/dwt_162.pm Order comm time (1 order_comm): 7.154100e-08
[       OK ] RandomCommTest.TestsInTests (1 ms)
[----------] 1 test from RandomCommTest (1 ms total)

[----------] Global test environment tear-down
[==========] 1 test from 1 test suite ran. (1 ms total)
[  PASSED  ] 1 test.
[==========] Running 1 test from 1 test suite.
[----------] Global test environment set-up.
[----------] 1 test from RandomCommTest
[ RUN      ] RandomCommTest.TestsInTests
../../../test_data/dwt_162.pm Single Communicate Time: 7.581000e-09
../../../test_data/dwt_162.pm Single Communicate 2 Time: 6.857000e-09
../../../test_data/dwt_162.pm Order comm time (1 order_comm): 6.802200e-08
[       OK ] RandomCommTest.TestsInTests (1 ms)
[----------] 1 test from RandomCommTest (1 ms total)

[----------] Global test environment tear-down
[==========] 1 test from 1 test suite ran. (1 ms total)
[  PASSED  ] 1 test.
[==========] Running 1 test from 1 test suite.
[----------] Global test environment set-up.
[----------] 1 test from RandomCommTest
[ RUN      ] RandomCommTest.TestsInTests
[----------] 1 test from RandomCommTest
[ RUN      ] RandomCommTest.TestsInTests
../../../test_data/dwt_162.pm Single Communicate Time: 8.403000e-09
../../../test_data/dwt_162.pm Single Communicate 2 Time: 7.579000e-09
../../../test_data/dwt_162.pm Order comm time (1 order_comm): 7.552800e-08
[       OK ] RandomCommTest.TestsInTests (2 ms)
[----------] 1 test from RandomCommTest (2 ms total)

[----------] Global test environment tear-down
[==========] 1 test from 1 test suite ran. (2 ms total)
[  PASSED  ] 1 test.
[==========] Running 1 test from 1 test suite.
[----------] Global test environment set-up.
[----------] 1 test from RandomCommTest
[ RUN      ] RandomCommTest.TestsInTests
../../../test_data/dwt_162.pm Single Communicate Time: 6.570000e-09
../../../test_data/dwt_162.pm Single Communicate 2 Time: 5.941000e-09
../../../test_data/dwt_162.pm Order comm time (1 order_comm): 6.774900e-08
[       OK ] RandomCommTest.TestsInTests (2 ms)
[----------] 1 test from RandomCommTest (2 ms total)

[----------] Global test environment tear-down
[==========] 1 test from 1 test suite ran. (2 ms total)
[  PASSED  ] 1 test.
[==========] Running 1 test from 1 test suite.
[----------] Global test environment set-up.
[----------] 1 test from RandomCommTest
[ RUN      ] RandomCommTest.TestsInTests
[==========] Running 1 test from 1 test suite.
[----------] Global test environment set-up.
[----------] 1 test from RandomCommTest
[ RUN      ] RandomCommTest.TestsInTests
[==========] Running 1 test from 1 test suite.
[----------] Global test environment set-up.
../../../test_data/dwt_162.pm Single Communicate Time: 6.810000e-09
../../../test_data/dwt_162.pm Single Communicate Time: 6.985000e-09
[----------] 1 test from RandomCommTest
[ RUN      ] RandomCommTest.TestsInTests
../../../test_data/dwt_162.pm Single Communicate 2 Time: 6.206000e-09
../../../test_data/dwt_162.pm Order comm time (1 order_comm): 6.180700e-08
../../../test_data/dwt_162.pm Single Communicate 2 Time: 6.226000e-09
[       OK ] RandomCommTest.TestsInTests (2 ms)
[----------] 1 test from RandomCommTest (2 ms total)

[----------] Global test environment tear-down
[==========] 1 test from 1 test suite ran. (3 ms total)
[  PASSED  ] 1 test.
../../../test_data/dwt_162.pm Order comm time (1 order_comm): 6.220500e-08
[       OK ] RandomCommTest.TestsInTests (2 ms)
[----------] 1 test from RandomCommTest (2 ms total)

[----------] Global test environment tear-down
[==========] 1 test from 1 test suite ran. (2 ms total)
[  PASSED  ] 1 test.
../../../test_data/dwt_162.pm Single Communicate Time: 6.748000e-09
../../../test_data/dwt_162.pm Single Communicate 2 Time: 6.204000e-09
../../../test_data/dwt_162.pm Order comm time (1 order_comm): 6.185800e-08
[       OK ] RandomCommTest.TestsInTests (2 ms)
[----------] 1 test from RandomCommTest (2 ms total)

[----------] Global test environment tear-down
[==========] 1 test from 1 test suite ran. (2 ms total)
[  PASSED  ] 1 test.
[==========] Running 1 test from 1 test suite.
[----------] Global test environment set-up.
[----------] 1 test from RandomCommTest
[ RUN      ] RandomCommTest.TestsInTests
[==========] Running 1 test from 1 test suite.
[----------] Global test environment set-up.
[----------] 1 test from RandomCommTest
[ RUN      ] RandomCommTest.TestsInTests
../../../test_data/dwt_162.pm Single Communicate Time: 8.768000e-09
../../../test_data/dwt_162.pm Single Communicate 2 Time: 8.029000e-09
../../../test_data/dwt_162.pm Order comm time (1 order_comm): 7.998700e-08
[       OK ] RandomCommTest.TestsInTests (3 ms)
[----------] 1 test from RandomCommTest (3 ms total)

[----------] Global test environment tear-down
[==========] 1 test from 1 test suite ran. (3 ms total)
[  PASSED  ] 1 test.
../../../test_data/dwt_162.pm Single Communicate Time: 6.854000e-09
../../../test_data/dwt_162.pm Single Communicate 2 Time: 6.203000e-09
../../../test_data/dwt_162.pm Order comm time (1 order_comm): 6.413400e-08
[       OK ] RandomCommTest.TestsInTests (3 ms)
[----------] 1 test from RandomCommTest (3 ms total)

[----------] Global test environment tear-down
[==========] 1 test from 1 test suite ran. (3 ms total)
[  PASSED  ] 1 test.
[==========] Running 1 test from 1 test suite.
[----------] Global test environment set-up.
[----------] 1 test from RandomCommTest
[ RUN      ] RandomCommTest.TestsInTests
../../../test_data/dwt_162.pm Single Communicate Time: 7.520000e-09
../../../test_data/dwt_162.pm Single Communicate 2 Time: 6.861000e-09
../../../test_data/dwt_162.pm Order comm time (1 order_comm): 7.406800e-08
[       OK ] RandomCommTest.TestsInTests (1 ms)
[----------] 1 test from RandomCommTest (1 ms total)

[----------] Global test environment tear-down
[==========] 1 test from 1 test suite ran. (1 ms total)
[  PASSED  ] 1 test.
../../../test_data/dwt_162.pm Single Communicate Time: 7.403000e-09
../../../test_data/dwt_162.pm Single Communicate 2 Time: 6.829000e-09
../../../test_data/dwt_162.pm Order comm time (1 order_comm): 6.803500e-08
[       OK ] RandomCommTest.TestsInTests (1 ms)
[----------] 1 test from RandomCommTest (1 ms total)

[----------] Global test environment tear-down
[==========] 1 test from 1 test suite ran. (1 ms total)
[  PASSED  ] 1 test.
[==========] Running 1 test from 1 test suite.
[----------] Global test environment set-up.
[----------] 1 test from RandomCommTest
[ RUN      ] RandomCommTest.TestsInTests
../../../test_data/dwt_162.pm Single Communicate Time: 8.406000e-09
../../../test_data/dwt_162.pm Single Communicate 2 Time: 7.582000e-09
../../../test_data/dwt_162.pm Order comm time (1 order_comm): 7.547100e-08
[       OK ] RandomCommTest.TestsInTests (1 ms)
[----------] 1 test from RandomCommTest (1 ms total)

[----------] Global test environment tear-down
[==========] 1 test from 1 test suite ran. (1 ms total)
[  PASSED  ] 1 test.
[==========] Running 1 test from 1 test suite.
[----------] Global test environment set-up.
[----------] 1 test from RandomCommTest
[ RUN      ] RandomCommTest.TestsInTests
[==========] Running 1 test from 1 test suite.
[----------] Global test environment set-up.
[----------] 1 test from RandomCommTest
[ RUN      ] RandomCommTest.TestsInTests
../../../test_data/dwt_162.pm Single Communicate Time: 7.611000e-09
../../../test_data/dwt_162.pm Single Communicate 2 Time: 6.860000e-09
../../../test_data/dwt_162.pm Order comm time (1 order_comm): 6.804200e-08
[       OK ] RandomCommTest.TestsInTests (1 ms)
[----------] 1 test from RandomCommTest (1 ms total)

[----------] Global test environment tear-down
[==========] 1 test from 1 test suite ran. (1 ms total)
[  PASSED  ] 1 test.
[==========] Running 1 test from 1 test suite.
[----------] Global test environment set-up.
[----------] 1 test from RandomCommTest
[ RUN      ] RandomCommTest.TestsInTests
[==========] Running 1 test from 1 test suite.
[----------] Global test environment set-up.
[----------] 1 test from RandomCommTest
[ RUN      ] RandomCommTest.TestsInTests
../../../test_data/dwt_162.pm Single Communicate Time: 7.554000e-09
../../../test_data/dwt_162.pm Single Communicate 2 Time: 6.864000e-09
../../../test_data/dwt_162.pm Order comm time (1 order_comm): 6.798800e-08
[       OK ] RandomCommTest.TestsInTests (1 ms)
[----------] 1 test from RandomCommTest (1 ms total)

[----------] Global test environment tear-down
[==========] 1 test from 1 test suite ran. (1 ms total)
[  PASSED  ] 1 test.
../../../test_data/dwt_162.pm Single Communicate Time: 6.502000e-09
../../../test_data/dwt_162.pm Single Communicate 2 Time: 5.950000e-09
../../../test_data/dwt_162.pm Order comm time (1 order_comm): 5.911500e-08
[       OK ] RandomCommTest.TestsInTests (3 ms)
[----------] 1 test from RandomCommTest (3 ms total)

[----------] Global test environment tear-down
[==========] 1 test from 1 test suite ran. (3 ms total)
[  PASSED  ] 1 test.
../../../test_data/dwt_162.pm Single Communicate Time: 7.548000e-09
../../../test_data/dwt_162.pm Single Communicate 2 Time: 6.854000e-09
../../../test_data/dwt_162.pm Order comm time (1 order_comm): 6.798300e-08
[       OK ] RandomCommTest.TestsInTests (1 ms)
[----------] 1 test from RandomCommTest (1 ms total)

[----------] Global test environment tear-down
[==========] 1 test from 1 test suite ran. (1 ms total)
[  PASSED  ] 1 test.
[==========] Running 1 test from 1 test suite.
[----------] Global test environment set-up.
[----------] 1 test from RandomCommTest
[ RUN      ] RandomCommTest.TestsInTests
[==========] Running 1 test from 1 test suite.
[----------] Global test environment set-up.
[----------] 1 test from RandomCommTest
[ RUN      ] RandomCommTest.TestsInTests
[==========] Running 1 test from 1 test suite.
[----------] Global test environment set-up.
[----------] 1 test from RandomCommTest
[ RUN      ] RandomCommTest.TestsInTests
[==========] Running 1 test from 1 test suite.
[----------] Global test environment set-up.
[----------] 1 test from RandomCommTest
[ RUN      ] RandomCommTest.TestsInTests
[==========] Running 1 test from 1 test suite.
[----------] Global test environment set-up.
[----------] 1 test from RandomCommTest
[ RUN      ] RandomCommTest.TestsInTests
../../../test_data/dwt_162.pm Single Communicate Time: 1.162000e-08
../../../test_data/dwt_162.pm Single Communicate 2 Time: 1.054600e-08
../../../test_data/dwt_162.pm Single Communicate Time: 1.141200e-08
../../../test_data/dwt_162.pm Single Communicate 2 Time: 1.054500e-08
../../../test_data/dwt_162.pm Single Communicate Time: 1.249500e-08
../../../test_data/dwt_162.pm Single Communicate 2 Time: 1.141100e-08
../../../test_data/dwt_162.pm Single Communicate Time: 1.145700e-08
../../../test_data/dwt_162.pm Single Communicate 2 Time: 1.049200e-08
../../../test_data/dwt_162.pm Order comm time (1 order_comm): 1.047230e-07
../../../test_data/dwt_162.pm Order comm time (1 order_comm): 1.047800e-07
[       OK ] RandomCommTest.TestsInTests (8 ms)
[       OK ] RandomCommTest.TestsInTests (5 ms)
[----------] 1 test from RandomCommTest (5 ms total)

../../../test_data/dwt_162.pm Order comm time (1 order_comm): 1.128620e-07
[       OK ] RandomCommTest.TestsInTests (10 ms)
[----------] 1 test from RandomCommTest (8 ms total)

[----------] Global test environment tear-down
[==========] 1 test from 1 test suite ran. (8 ms total)
[----------] Global test environment tear-down
[==========] 1 test from 1 test suite ran. (5 ms total)
[  PASSED  ] 1 test.
[----------] 1 test from RandomCommTest (10 ms total)

[----------] Global test environment tear-down
[==========] 1 test from 1 test suite ran. (10 ms total)
../../../test_data/dwt_162.pm Order comm time (1 order_comm): 1.045470e-07
[       OK ] RandomCommTest.TestsInTests (2 ms)
[----------] 1 test from RandomCommTest (2 ms total)

[  PASSED  ] 1 test.
[  PASSED  ] 1 test.
[----------] Global test environment tear-down
[==========] 1 test from 1 test suite ran. (2 ms total)
[  PASSED  ] 1 test.
[==========] Running 1 test from 1 test suite.
[----------] Global test environment set-up.
[----------] 1 test from RandomCommTest
[ RUN      ] RandomCommTest.TestsInTests
[==========] Running 1 test from 1 test suite.
[----------] Global test environment set-up.
[----------] 1 test from RandomCommTest
[ RUN      ] RandomCommTest.TestsInTests
../../../test_data/dwt_162.pm Single Communicate Time: 1.134800e-08
[==========] Running 1 test from 1 test suite.
../../../test_data/dwt_162.pm Single Communicate 2 Time: 1.047500e-08
[----------] Global test environment set-up.
[----------] 1 test from RandomCommTest
[ RUN      ] RandomCommTest.TestsInTests
../../../test_data/dwt_162.pm Order comm time (1 order_comm): 1.044910e-07
[       OK ] RandomCommTest.TestsInTests (3 ms)
[----------] 1 test from RandomCommTest (3 ms total)

[----------] Global test environment tear-down
[==========] 1 test from 1 test suite ran. (3 ms total)
[  PASSED  ] 1 test.
../../../test_data/dwt_162.pm Single Communicate Time: 1.146700e-08
../../../test_data/dwt_162.pm Single Communicate 2 Time: 1.049700e-08
../../../test_data/dwt_162.pm Order comm time (1 order_comm): 1.045600e-07
[       OK ] RandomCommTest.TestsInTests (2 ms)
[----------] 1 test from RandomCommTest (2 ms total)

[----------] Global test environment tear-down
[==========] 1 test from 1 test suite ran. (2 ms total)
[  PASSED  ] 1 test.
../../../test_data/dwt_162.pm Single Communicate Time: 1.239700e-08
../../../test_data/dwt_162.pm Single Communicate 2 Time: 1.139600e-08
../../../test_data/dwt_162.pm Order comm time (1 order_comm): 1.133100e-07
[       OK ] RandomCommTest.TestsInTests (2 ms)
[----------] 1 test from RandomCommTest (2 ms total)

[----------] Global test environment tear-down
[==========] 1 test from 1 test suite ran. (2 ms total)
[  PASSED  ] 1 test.
../../../test_data/dwt_162.pm Single Communicate Time: 1.142100e-08
../../../test_data/dwt_162.pm Single Communicate 2 Time: 1.055700e-08
../../../test_data/dwt_162.pm Order comm time (1 order_comm): 1.092960e-07
[       OK ] RandomCommTest.TestsInTests (2 ms)
[----------] 1 test from RandomCommTest (2 ms total)

[----------] Global test environment tear-down
[==========] 1 test from 1 test suite ran. (2 ms total)
[  PASSED  ] 1 test.
[==========] Running 1 test from 1 test suite.
[----------] Global test environment set-up.
[----------] 1 test from RandomCommTest
[ RUN      ] RandomCommTest.TestsInTests
[==========] Running 1 test from 1 test suite.
[----------] Global test environment set-up.
[----------] 1 test from RandomCommTest
[ RUN      ] RandomCommTest.TestsInTests
[==========] Running 1 test from 1 test suite.
[----------] Global test environment set-up.
[----------] 1 test from RandomCommTest
[ RUN      ] RandomCommTest.TestsInTests
../../../test_data/dwt_162.pm Single Communicate Time: 1.252200e-08
../../../test_data/dwt_162.pm Single Communicate 2 Time: 1.139000e-08
../../../test_data/dwt_162.pm Order comm time (1 order_comm): 1.134470e-07
[       OK ] RandomCommTest.TestsInTests (4 ms)
[----------] 1 test from RandomCommTest (4 ms total)

[----------] Global test environment tear-down
[==========] Running 1 test from 1 test suite.
[----------] Global test environment set-up.
[==========] 1 test from 1 test suite ran. (5 ms total)
[  PASSED  ] 1 test.
[----------] 1 test from RandomCommTest
[ RUN      ] RandomCommTest.TestsInTests
../../../test_data/dwt_162.pm Single Communicate Time: 1.240500e-08
../../../test_data/dwt_162.pm Single Communicate 2 Time: 1.139700e-08
../../../test_data/dwt_162.pm Single Communicate Time: 1.239000e-08
../../../test_data/dwt_162.pm Order comm time (1 order_comm): 1.134040e-07
[       OK ] RandomCommTest.TestsInTests (4 ms)
[----------] 1 test from RandomCommTest (4 ms total)

[----------] Global test environment tear-down
[==========] 1 test from 1 test suite ran. (4 ms total)
[  PASSED  ] 1 test.
[==========] Running 1 test from 1 test suite.
[----------] Global test environment set-up.
[----------] 1 test from RandomCommTest
[ RUN      ] RandomCommTest.TestsInTests
../../../test_data/dwt_162.pm Single Communicate 2 Time: 1.144800e-08
../../../test_data/dwt_162.pm Order comm time (1 order_comm): 1.139270e-07
../../../test_data/dwt_162.pm Single Communicate Time: 1.233700e-08
../../../test_data/dwt_162.pm Single Communicate 2 Time: 1.143900e-08
[==========] Running 1 test from 1 test suite.
[----------] Global test environment set-up.
[----------] 1 test from RandomCommTest
[ RUN      ] RandomCommTest.TestsInTests
../../../test_data/dwt_162.pm Order comm time (1 order_comm): 1.134290e-07
[       OK ] RandomCommTest.TestsInTests (3 ms)
[----------] 1 test from RandomCommTest (3 ms total)

[----------] Global test environment tear-down
[==========] 1 test from 1 test suite ran. (3 ms total)
[  PASSED  ] 1 test.
[       OK ] RandomCommTest.TestsInTests (1 ms)
[----------] 1 test from RandomCommTest (1 ms total)

[----------] Global test environment tear-down
[==========] 1 test from 1 test suite ran. (1 ms total)
[  PASSED  ] 1 test.
[==========] Running 1 test from 1 test suite.
[----------] Global test environment set-up.
[----------] 1 test from RandomCommTest
[ RUN      ] RandomCommTest.TestsInTests
../../../test_data/dwt_162.pm Single Communicate Time: 1.243900e-08
../../../test_data/dwt_162.pm Single Communicate 2 Time: 1.138500e-08
../../../test_data/dwt_162.pm Order comm time (1 order_comm): 1.133610e-07
[       OK ] RandomCommTest.TestsInTests (1 ms)
[----------] 1 test from RandomCommTest (1 ms total)

[----------] Global test environment tear-down
[==========] 1 test from 1 test suite ran. (1 ms total)
[  PASSED  ] 1 test.
[==========] Running 1 test from 1 test suite.
[----------] Global test environment set-up.
../../../test_data/dwt_162.pm Single Communicate Time: 1.230400e-08
../../../test_data/dwt_162.pm Single Communicate 2 Time: 1.138500e-08
[----------] 1 test from RandomCommTest
[ RUN      ] RandomCommTest.TestsInTests
../../../test_data/dwt_162.pm Order comm time (1 order_comm): 1.181950e-07
[       OK ] RandomCommTest.TestsInTests (1 ms)
[----------] 1 test from RandomCommTest (1 ms total)

[----------] Global test environment tear-down
[==========] 1 test from 1 test suite ran. (1 ms total)
[  PASSED  ] 1 test.
../../../test_data/dwt_162.pm Single Communicate Time: 1.236000e-08
../../../test_data/dwt_162.pm Single Communicate 2 Time: 1.140400e-08
../../../test_data/dwt_162.pm Order comm time (1 order_comm): 1.134090e-07
[       OK ] RandomCommTest.TestsInTests (1 ms)
[----------] 1 test from RandomCommTest (1 ms total)

[----------] Global test environment tear-down
[==========] 1 test from 1 test suite ran. (1 ms total)
[  PASSED  ] 1 test.
../../../test_data/dwt_162.pm Single Communicate Time: 1.231400e-08
../../../test_data/dwt_162.pm Single Communicate 2 Time: 1.138300e-08
../../../test_data/dwt_162.pm Order comm time (1 order_comm): 1.132650e-07
[       OK ] RandomCommTest.TestsInTests (1 ms)
[----------] 1 test from RandomCommTest (1 ms total)

[----------] Global test environment tear-down
[==========] 1 test from 1 test suite ran. (1 ms total)
[  PASSED  ] 1 test.
